Log file open, 04/28/17 17:54:53
LogInit:Display: Running engine for game: LastBullet
LogPlatformFile: Not using cached read wrapper
LogInit:Display: RandInit(-274856168) SRandInit(-274856161).
LogTaskGraph: Started task graph with 5 named threads and 8 total threads with 1 sets of task threads.
LogStats: Stats thread started at 0.087607
LogInit: Using libcurl 7.47.1
LogInit:  - built for x86_64-pc-win32
LogInit:  - supports SSL with OpenSSL/1.0.2g
LogInit:  - supports HTTP deflate (compression) using libz 1.2.8
LogInit:  - other features:
LogInit:      CURL_VERSION_SSL
LogInit:      CURL_VERSION_LIBZ
LogInit:      CURL_VERSION_IPV6
LogInit:      CURL_VERSION_ASYNCHDNS
LogInit:      CURL_VERSION_LARGEFILE
LogInit:      CURL_VERSION_IDN
LogInit:  CurlRequestOptions (configurable via config and command line):
LogInit:  - bVerifyPeer = false  - Libcurl will NOT verify peer certificate
LogInit:  - bUseHttpProxy = false  - Libcurl will NOT use HTTP proxy
LogInit:  - bDontReuseConnections = false  - Libcurl will reuse connections
LogInit:  - CertBundlePath = nullptr  - Libcurl will use whatever was configured at build time.
LogInit: Build: ++UE4+Release-4.15-CL-3348071
LogInit: Engine Version: 4.15.1-3348071+++UE4+Release-4.15
LogInit: Compatible Engine Version: 4.15.0-3299760+++UE4+Release-4.15
LogInit: Net CL: 3299760
LogDevObjectVersion: Number of dev versions registered: 14
LogDevObjectVersion:   Dev-Blueprints (B0D832E4-1F89-4F0D-ACCF-7EB736FD4AA2): 8
LogDevObjectVersion:   Dev-Build (E1C64328-A22C-4D53-A36C-8E866417BD8C): 0
LogDevObjectVersion:   Dev-Core (375EC13C-06E4-48FB-B500-84F0262A717E): 2
LogDevObjectVersion:   Dev-Editor (E4B068ED-F494-42E9-A231-DA0B2E46BB41): 14
LogDevObjectVersion:   Dev-Framework (CFFC743F-43B0-4480-9391-14DF171D2073): 22
LogDevObjectVersion:   Dev-Mobile (B02B49B5-BB20-44E9-A304-32B752E40360): 0
LogDevObjectVersion:   Dev-Networking (A4E4105C-59A1-49B5-A7C5-40C4547EDFEE): 0
LogDevObjectVersion:   Dev-Online (39C831C9-5AE6-47DC-9A44-9C173E1C8E7C): 0
LogDevObjectVersion:   Dev-Physics (78F01B33-EBEA-4F98-B9B4-84EACCB95AA2): 0
LogDevObjectVersion:   Dev-Platform (6631380F-2D4D-43E0-8009-CF276956A95A): 0
LogDevObjectVersion:   Dev-Rendering (12F88B9F-8875-4AFC-A67C-D90C383ABD29): 12
LogDevObjectVersion:   Dev-Sequencer (7B5AE74C-D270-4C10-A958-57980B212A5A): 3
LogDevObjectVersion:   Dev-VR (D7296918-1DD6-4BDD-9DE2-64A83CC13884): 0
LogDevObjectVersion:   Dev-LoadTimes (C2A15278-BFE7-4AFE-6C17-90FF531DF755): 1
LogInit: Compiled (64-bit): Mar 15 2017 16:52:47
LogInit: Compiled with Visual C++: 19.00.23026.00
LogInit: Build Configuration: Development
LogInit: Branch Name: ++UE4+Release-4.15
LogInit: Command line: -EpicPortal 
LogInit: Base directory: D:/EpicGames/UE_4.15/Engine/Binaries/Win64/
LogInit: Installed Engine Build: 1
LogInit: Presizing for max 8388607 objects, including 0 objects not considered by GC, pre-allocating 0 bytes for permanent pool.
LogInit: Object subsystem initialized
[2017.04.28-15.54.55:159][  0]LogInit: Selected Device Profile: [Windows]
[2017.04.28-15.54.55:159][  0]LogInit: Applying CVar settings loaded from the selected device profile: [Windows]
[2017.04.28-15.54.55:190][  0]LogInit: Computer: DESKTOP-1OLBMPA
[2017.04.28-15.54.55:190][  0]LogInit: User: julio
[2017.04.28-15.54.55:190][  0]LogInit: CPU Page size=65536, Cores=4
[2017.04.28-15.54.55:190][  0]LogInit: High frequency timer resolution =14.318180 MHz
[2017.04.28-15.54.55:190][  0]LogMemory: Memory total: Physical=8.0GB (8GB approx)
[2017.04.28-15.54.55:190][  0]LogMemory: Platform Memory Stats for Windows
[2017.04.28-15.54.55:190][  0]LogMemory: Process Physical Memory: 263.62 MB used, 263.62 MB peak
[2017.04.28-15.54.55:190][  0]LogMemory: Process Virtual Memory: 262.71 MB used, 262.71 MB peak
[2017.04.28-15.54.55:190][  0]LogMemory: Physical Memory: 4818.25 MB used,  3330.48 MB free, 8148.73 MB total
[2017.04.28-15.54.55:190][  0]LogMemory: Virtual Memory: 645.23 MB used,  3330.48 MB free, 134217728.00 MB total
[2017.04.28-15.54.55:290][  0]LogInit: Overriding culture en with editor configuration.
[2017.04.28-15.54.56:145][  0]LogD3D11RHI: D3D11 adapters:
[2017.04.28-15.54.56:164][  0]LogD3D11RHI:    0. 'AMD Radeon R9 200 Series' (Feature Level 11_0)
[2017.04.28-15.54.56:164][  0]LogD3D11RHI:       3053/0/4074 MB DedicatedVideo/DedicatedSystem/SharedSystem, Outputs:2, VendorId:0x1002
[2017.04.28-15.54.56:166][  0]LogD3D11RHI:    1. 'Microsoft Basic Render Driver' (Feature Level 11_0)
[2017.04.28-15.54.56:166][  0]LogD3D11RHI:       0/0/4074 MB DedicatedVideo/DedicatedSystem/SharedSystem, Outputs:0, VendorId:0x1414
[2017.04.28-15.54.56:166][  0]LogD3D11RHI: Chosen D3D11 Adapter: 0
[2017.04.28-15.54.56:174][  0]LogD3D11RHI: Creating new Direct3DDevice
[2017.04.28-15.54.56:174][  0]LogD3D11RHI:     GPU DeviceId: 0x679a (for the marketing name, search the web for "GPU Device Id")
[2017.04.28-15.54.56:174][  0]LogWindows: EnumDisplayDevices:
[2017.04.28-15.54.56:174][  0]LogWindows:    0. 'AMD Radeon R9 200 Series' (P:0 D:1)
[2017.04.28-15.54.56:174][  0]LogWindows:    1. 'AMD Radeon R9 200 Series' (P:1 D:1)
[2017.04.28-15.54.56:175][  0]LogWindows:    2. 'AMD Radeon R9 200 Series' (P:0 D:0)
[2017.04.28-15.54.56:175][  0]LogWindows:    3. 'AMD Radeon R9 200 Series' (P:0 D:0)
[2017.04.28-15.54.56:176][  0]LogWindows:    4. 'AMD Radeon R9 200 Series' (P:0 D:0)
[2017.04.28-15.54.56:176][  0]LogWindows:    5. 'AMD Radeon R9 200 Series' (P:0 D:0)
[2017.04.28-15.54.56:176][  0]LogWindows: DebugString: FoundDriverCount:6 
[2017.04.28-15.54.56:176][  0]LogD3D11RHI:     Adapter Name: AMD Radeon R9 200 Series
[2017.04.28-15.54.56:176][  0]LogD3D11RHI:   Driver Version: Crimson 16.6 (internal:21.19.137.514, unified:21.19.137.514)
[2017.04.28-15.54.56:176][  0]LogD3D11RHI:      Driver Date: 11-21-2016
[2017.04.28-15.54.56:176][  0]LogRHI: Texture pool is 1361 MB (70% of 1945 MB)
[2017.04.28-15.54.56:239][  0]LogD3D11RHI: Async texture creation enabled
[2017.04.28-15.54.56:256][  0]LogD3D11RHI: GPU Timing Frequency: 27.000000 (Debug: 2 1)
[2017.04.28-15.54.56:257][  0]LogShaderCompilers: Guid format shader working directory is -13 characters bigger than the processId version (../../../../../4ºcurso/Repositorios/LastBulletVR/LastBullet/Intermediate/Shaders/WorkingDirectory/5020/).
[2017.04.28-15.54.56:257][  0]LogShaderCompilers: Cleaned the shader compiler working directory 'C:/Users/julio/AppData/Local/Temp/UnrealShaderWorkingDir/EB4DCB9D4AFCBF871122CF977DE9DF5E/'.
[2017.04.28-15.54.56:257][  0]LogShaderCompilers:Display: Using Local Shader Compiler.
[2017.04.28-15.54.57:950][  0]LogTemp:Display: Loaded TP AllDesktopTargetPlatform
[2017.04.28-15.54.58:030][  0]LogTemp:Display: Loaded TP MacClientTargetPlatform
[2017.04.28-15.54.58:107][  0]LogTemp:Display: Loaded TP MacNoEditorTargetPlatform
[2017.04.28-15.54.58:201][  0]LogTemp:Display: Loaded TP MacServerTargetPlatform
[2017.04.28-15.54.58:286][  0]LogTemp:Display: Loaded TP MacTargetPlatform
[2017.04.28-15.54.58:377][  0]LogTemp:Display: Loaded TP WindowsClientTargetPlatform
[2017.04.28-15.54.58:472][  0]LogTemp:Display: Loaded TP WindowsNoEditorTargetPlatform
[2017.04.28-15.54.58:554][  0]LogTemp:Display: Loaded TP WindowsServerTargetPlatform
[2017.04.28-15.54.58:616][  0]LogTemp:Display: Loaded TP WindowsTargetPlatform
[2017.04.28-15.54.58:699][  0]LogTemp:Display: Loaded TP AndroidTargetPlatform
[2017.04.28-15.54.58:774][  0]LogTemp:Display: Loaded TP Android_ASTCTargetPlatform
[2017.04.28-15.54.58:849][  0]LogTemp:Display: Loaded TP Android_ATCTargetPlatform
[2017.04.28-15.54.58:922][  0]LogTemp:Display: Loaded TP Android_DXTTargetPlatform
[2017.04.28-15.54.58:997][  0]LogTemp:Display: Loaded TP Android_ETC1TargetPlatform
[2017.04.28-15.54.59:072][  0]LogTemp:Display: Loaded TP Android_ETC2TargetPlatform
[2017.04.28-15.54.59:221][  0]LogTemp:Display: Loaded TP Android_MultiTargetPlatform
[2017.04.28-15.54.59:221][  0]LogTemp:Display: Loaded TP Android_PVRTCTargetPlatform
[2017.04.28-15.54.59:271][  0]LogTemp:Display: Loaded TP HTML5TargetPlatform
[2017.04.28-15.54.59:397][  0]LogTemp:Display: Loaded TP IOSTargetPlatform
[2017.04.28-15.54.59:447][  0]LogTemp:Display: Loaded TP TVOSTargetPlatform
[2017.04.28-15.54.59:521][  0]LogTemp:Display: Loaded TP LinuxClientTargetPlatform
[2017.04.28-15.54.59:593][  0]LogTemp:Display: Loaded TP LinuxNoEditorTargetPlatform
[2017.04.28-15.54.59:669][  0]LogTemp:Display: Loaded TP LinuxServerTargetPlatform
[2017.04.28-15.54.59:742][  0]LogTemp:Display: Loaded TP LinuxTargetPlatform
[2017.04.28-15.54.59:742][  0]LogTargetPlatformManager:Display: Building Assets For Windows
[2017.04.28-15.55.00:334][  0]LogDerivedDataCache:Display: Max Cache Size: 512 MB
[2017.04.28-15.55.00:447][  0]LogDerivedDataCache: Loaded boot cache 0.11s 61MB C:/Users/julio/AppData/Local/UnrealEngine/4.15/DerivedDataCache/Boot.ddc.
[2017.04.28-15.55.00:447][  0]LogDerivedDataCache:Display: Loaded Boot cache: C:/Users/julio/AppData/Local/UnrealEngine/4.15/DerivedDataCache/Boot.ddc
[2017.04.28-15.55.00:447][  0]LogDerivedDataCache: FDerivedDataBackendGraph:  Pak pak cache file ../../../../../4ºcurso/Repositorios/LastBulletVR/LastBullet/DerivedDataCache/DDC.ddp not found, will not use a pak cache.
[2017.04.28-15.55.00:447][  0]LogDerivedDataCache: Unable to find inner node Pak for hierarchical cache Hierarchy.
[2017.04.28-15.55.00:447][  0]LogDerivedDataCache: FDerivedDataBackendGraph:  CompressedPak pak cache file ../../../../../4ºcurso/Repositorios/LastBulletVR/LastBullet/DerivedDataCache/Compressed.ddp not found, will not use a pak cache.
[2017.04.28-15.55.00:447][  0]LogDerivedDataCache: Unable to find inner node CompressedPak for hierarchical cache Hierarchy.
[2017.04.28-15.55.00:471][  0]LogDerivedDataCache:Display: Pak cache opened for reading ../../../Engine/DerivedDataCache/Compressed.ddp.
[2017.04.28-15.55.00:484][  0]LogDerivedDataCache: Using Local data cache path C:/Users/julio/AppData/Local/UnrealEngine/Common/DerivedDataCache: Writable
[2017.04.28-15.55.00:499][  0]LogSlate: Using Freetype 2.6.0
[2017.04.28-15.55.00:500][  0]LogSlate: SlateFontCache - WITH_FREETYPE: 1, WITH_HARFBUZZ: 1
[2017.04.28-15.55.00:500][  0]LogSlate: SlateFontCache - WITH_FREETYPE: 1, WITH_HARFBUZZ: 1
[2017.04.28-15.55.00:880][  0]LogInit: Selected Device Profile: [Windows]
[2017.04.28-15.55.00:883][  0]LogContentStreaming: Texture pool size is 0.00 MB
[2017.04.28-15.55.01:142][  0]LogMeshUtilities: Using QuadricMeshReduction for automatic static mesh reduction
[2017.04.28-15.55.01:195][  0]LogSimplygon: Simplygon DLL not present - disabling.
[2017.04.28-15.55.01:251][  0]LogMeshUtilities: Using SimplygonSwarm for distributed automatic mesh merging
[2017.04.28-15.55.01:251][  0]LogMeshUtilities: No automatic skeletal mesh reduction module available
[2017.04.28-15.55.01:251][  0]LogMeshUtilities: No automatic mesh merging module available
[2017.04.28-15.55.02:046][  0]LogNetVersion: GetLocalNetworkVersion: CL: 3299760, ProjectName: lastbullet, ProjectVersion: , EngineNetworkVersion: 2, GameNetworkVersion: 0, NetworkChecksum: 1522868599
[2017.04.28-15.55.02:097][  0]LogAssetRegistry: FAssetRegistry took 0.0212 seconds to start up
[2017.04.28-15.55.02:149][  0]LogPackageLocalizationCache: Processed 3 localized package path(s) for 1 prioritized culture(s) in 0.021330 seconds
[2017.04.28-15.55.02:156][  0]LogUObjectArray: 32493 objects as part of root set at end of initial load.
[2017.04.28-15.55.02:156][  0]LogUObjectAllocator: 7077032 out of 0 bytes used by permanent object pool.
[2017.04.28-15.55.02:156][  0]LogUObjectArray: CloseDisregardForGC: 0/0 objects in disregard for GC pool
[2017.04.28-15.55.02:237][  0]LogInit: WinSock: version 1.1 (2.2), MaxSocks=32767, MaxUdp=65467
[2017.04.28-15.55.04:371][  0]LogTcpMessaging: Initializing TcpMessaging bridge
[2017.04.28-15.55.04:421][  0]LogUdpMessaging: Initializing bridge on interface 0.0.0.0:0 to multicast group 230.0.0.1:6666.
[2017.04.28-15.55.05:021][  0]LogMaterial: Uniform references updated for custom material expression Custom.
[2017.04.28-15.55.05:510][  0]SourceControl: Info Source control is disabled
[2017.04.28-15.55.07:789][  0]LogEngine: Initializing Engine...
[2017.04.28-15.55.07:791][  0]LogHMD: Failed to initialize OpenVR with code 100
[2017.04.28-15.55.08:115][  0]LogAIModule: Creating AISystem for world Untitled
[2017.04.28-15.55.08:131][  0]LogInit: XAudio2 using '1 - BenQ GL2250H (AMD High Definition Audio Device)' : 2 channels at 48 kHz using 16 bits per sample (channel mask 0x3)
[2017.04.28-15.55.08:147][  0]LogInit: FAudioDevice initialized.
[2017.04.28-15.55.08:208][  0]LogDerivedDataCache: Saved boot cache 0.06s 61MB C:/Users/julio/AppData/Local/UnrealEngine/4.15/DerivedDataCache/Boot.ddc.
[2017.04.28-15.55.08:227][  0]LogInit: Texture streaming: Enabled
[2017.04.28-15.55.08:353][  0]LogEngineSessionManager: EngineSessionManager initialized
[2017.04.28-15.55.08:488][  0]LogInit: Transaction tracking system initialized
[2017.04.28-15.55.08:927][  0]BlueprintLog: New page: Editor Load
[2017.04.28-15.55.10:077][  0]LocalizationService: Info Localization service is disabled
[2017.04.28-15.55.10:930][  0]LogConsoleResponse:Display: 
[2017.04.28-15.55.11:153][  0]LogCook:Display: Max memory allowance for cook 16384mb min free memory 0mb
[2017.04.28-15.55.11:154][  0]LogCook:Display: Mobile HDR setting 1
[2017.04.28-15.55.11:896][  0]LogFileCache: Scanning file cache for directory 'D:/4ºcurso/Repositorios/LastBulletVR/LastBullet/Content/' took 0.05s
[2017.04.28-15.55.12:643][  0]Cmd: MAP LOAD FILE="../../../../../4ºcurso/Repositorios/LastBulletVR/LastBullet/Content/StarterContent/Maps/Minimal_Default.umap" TEMPLATE=0 SHOWPROGRESS=1 FEATURELEVEL=3
[2017.04.28-15.55.12:644][  0]LightingResults: New page: Lighting Build
[2017.04.28-15.55.12:696][  0]MapCheck: New page: Map Check
[2017.04.28-15.55.12:696][  0]LightingResults: New page: Lighting Build
[2017.04.28-15.55.12:717][  0]LogLinker:Warning: Asset '../../../../../4ºcurso/Repositorios/LastBulletVR/LastBullet/Content/Blueprints/modul_transporttransport_16_Blueprint.uasset' has been saved with empty engine version. The asset will be loaded but may be incompatible.
[2017.04.28-15.55.12:841][  0]LogBlueprint:Warning: Node '/Game/Blueprints/modul_transporttransport_16_Blueprint.modul_transporttransport_16_Blueprint:EdGraph_0.K2Node_FunctionEntry_359' missing NodeGuid because of upgrade from old package version, this can cause deterministic cooking issues please resave package.
[2017.04.28-15.55.12:845][  0]LogBlueprint:Warning: Node '/Game/Blueprints/modul_transporttransport_16_Blueprint.modul_transporttransport_16_Blueprint:EdGraph_1.K2Node_FunctionEntry_359' missing NodeGuid because of upgrade from old package version, this can cause deterministic cooking issues please resave package.
[2017.04.28-15.55.12:849][  0]LogBlueprint:Warning: Node '/Game/Blueprints/modul_transporttransport_16_Blueprint.modul_transporttransport_16_Blueprint:EdGraph_2.K2Node_FunctionEntry_359' missing NodeGuid because of upgrade from old package version, this can cause deterministic cooking issues please resave package.
[2017.04.28-15.55.13:715][  0]LogBlueprint:Warning: [Compiler FirstPersonCharacter] Warning InputAction Event references unknown Action 'ResetVR' for  InputAction ResetVR
[2017.04.28-15.55.13:740][  0]LogBlueprint:Warning: [Compiler FirstPersonCharacter] Warning [0021.60] Compile of FirstPersonCharacter successful, but with 1 Warning(s) [in 46 ms] (/Game/FirstPersonBP/Blueprints/FirstPersonCharacter.FirstPersonCharacter)
[2017.04.28-15.55.13:741][  0]LogBlueprint:Warning: [Compiler FirstPersonCharacter] Warning [0021.60] Compile of FirstPersonCharacter successful, but with 2 Warning(s) [in 0 ms] (/Game/FirstPersonBP/Blueprints/FirstPersonCharacter.FirstPersonCharacter)
[2017.04.28-15.55.13:741][  0]LogBlueprint:Warning: [Compiler FirstPersonCharacter] Warning [0021.60] Compile of FirstPersonCharacter successful, but with 3 Warning(s) [in 0 ms] (/Game/FirstPersonBP/Blueprints/FirstPersonCharacter.FirstPersonCharacter)
[2017.04.28-15.55.13:778][  0]LogBlueprint:Warning: [Compiler FirstPersonCharacter] Warning InputAction Event references unknown Action 'ResetVR' for  InputAction ResetVR
[2017.04.28-15.55.13:801][  0]LogBlueprint:Warning: [Compiler FirstPersonCharacter] Warning [0021.66] Compile of FirstPersonCharacter successful, but with 1 Warning(s) [in 43 ms] (/Game/FirstPersonBP/Blueprints/FirstPersonCharacter.FirstPersonCharacter)
[2017.04.28-15.55.13:801][  0]LogBlueprint:Warning: [Compiler FirstPersonCharacter] Warning [0021.66] Compile of FirstPersonCharacter successful, but with 2 Warning(s) [in 0 ms] (/Game/FirstPersonBP/Blueprints/FirstPersonCharacter.FirstPersonCharacter)
[2017.04.28-15.55.13:802][  0]LogBlueprint:Warning: [Compiler FirstPersonCharacter] Warning [0021.66] Compile of FirstPersonCharacter successful, but with 3 Warning(s) [in 0 ms] (/Game/FirstPersonBP/Blueprints/FirstPersonCharacter.FirstPersonCharacter)
[2017.04.28-15.55.14:876][  0]LogLinker:Warning: Asset '../../../../../4ºcurso/Repositorios/LastBulletVR/LastBullet/Content/Meshes/Space/StarMap_Nebula_1_Mat.uasset' has been saved with empty engine version. The asset will be loaded but may be incompatible.
[2017.04.28-15.55.14:879][  0]LogLinker:Warning: Asset '../../../../../4ºcurso/Repositorios/LastBulletVR/LastBullet/Content/Meshes/Space/StarMap_Nebula_1.uasset' has been saved with empty engine version. The asset will be loaded but may be incompatible.
[2017.04.28-15.55.14:937][  0]LogLinker:Warning: Asset '../../../../../4ºcurso/Repositorios/LastBulletVR/LastBullet/Content/Meshes/Space/FX_Map_7.uasset' has been saved with empty engine version. The asset will be loaded but may be incompatible.
[2017.04.28-15.55.14:976][  0]LogLinker:Warning: Asset '../../../../../4ºcurso/Repositorios/LastBulletVR/LastBullet/Content/Meshes/Space/StarMap_1.uasset' has been saved with empty engine version. The asset will be loaded but may be incompatible.
[2017.04.28-15.55.16:613][  0]LogBlueprint:Warning: Node '/Game/Blueprints/modul_transporttransport_16_Blueprint.modul_transporttransport_16_Blueprint:UserConstructionScript.K2Node_FunctionEntry_359' missing NodeGuid because of upgrade from old package version, this can cause deterministic cooking issues please resave package.
[2017.04.28-15.55.17:230][  0]LogAIModule: Creating AISystem for world Minimal_Default
[2017.04.28-15.55.17:293][  0]LogEditorServer: Finished looking for orphan Actors (0.000 secs)
[2017.04.28-15.55.17:315][  0]Cmd: MAP CHECKDEP NOCLEARLOG
[2017.04.28-15.55.17:406][  0]MapCheck: Info Map check complete: 0 Error(s), 0 Warning(s), took 90.566ms to complete.
[2017.04.28-15.55.17:406][  0]LogFileHelpers: Loading map 'Minimal_Default' took 4.763
[2017.04.28-15.55.18:047][  0]LogCollectionManager: Loaded 0 collections in 0.003129 seconds
[2017.04.28-15.55.18:190][  0]LogFileCache: Scanning file cache for directory 'D:/4ºcurso/Repositorios/LastBulletVR/LastBullet/Saved/Collections/' took 0.01s
[2017.04.28-15.55.18:190][  0]LogFileCache: Scanning file cache for directory 'D:/4ºcurso/Repositorios/LastBulletVR/LastBullet/Content/Developers/julio/Collections/' took 0.01s
[2017.04.28-15.55.18:190][  0]LogFileCache: Scanning file cache for directory 'D:/4ºcurso/Repositorios/LastBulletVR/LastBullet/Content/Collections/' took 0.01s
[2017.04.28-15.55.18:190][  0]LogCollectionManager: Rebuilt the GUID cache for 0 collections in 0.000004 seconds
[2017.04.28-15.55.18:209][  0]LogContentBrowser: Native class hierarchy populated in 0.0188 seconds. Added 2245 classes and 453 folders.
[2017.04.28-15.55.18:241][  0]LogStats: UGameplayTagsManager::ConstructGameplayTagTree: Construct from data asset -  0.000 s
[2017.04.28-15.55.18:258][  0]LogStats: UGameplayTagsManager::ConstructGameplayTagTree: GameplayTagTreeChangedEvent.Broadcast -  0.016 s
[2017.04.28-15.55.18:362][  0]LogContentBrowser: Native class hierarchy updated for 'WidgetCarousel' in 0.0011 seconds. Added 0 classes and 0 folders.
[2017.04.28-15.55.19:305][  0]LogContentBrowser: Native class hierarchy updated for 'AddContentDialog' in 0.0007 seconds. Added 0 classes and 0 folders.
[2017.04.28-15.55.19:389][  0]LogContentBrowser: Native class hierarchy updated for 'SceneOutliner' in 0.0009 seconds. Added 1 classes and 2 folders.
[2017.04.28-15.55.19:879][  0]LogCrashTracker: Crashtracker disabled due to settings.
[2017.04.28-15.55.19:909][  0]LogUObjectGlobals:Warning: Failed to find object 'Class None.'
[2017.04.28-15.55.20:016][  0]LogContentBrowser: Native class hierarchy updated for 'HierarchicalLODOutliner' in 0.0007 seconds. Added 1 classes and 2 folders.
[2017.04.28-15.55.20:016][  0]LogLoad: (Engine Initialization) Total time: 27.88 seconds
[2017.04.28-15.55.20:016][  0]LogLoad: (Engine Initialization) Total Blueprint compile time: 0.39 seconds
[2017.04.28-15.55.20:016][  0]LogExternalProfiler: Found external profiler: VSPerf
[2017.04.28-15.55.20:016][  0]LogExternalProfiler: Using external profiler: VSPerf
[2017.04.28-15.55.20:356][  0]LogOcInput: OculusInput pre-init called
[2017.04.28-15.55.20:446][  0]LogContentStreaming: Texture pool size now 1000 MB
[2017.04.28-15.55.20:448][  0]LogSlate: Took 0.000386 seconds to synchronously load lazily loaded font '../../../Engine/Content/Slate/Fonts/Roboto-Regular.ttf' (155K)
[2017.04.28-15.55.20:454][  0]LogSlate: Took 0.000353 seconds to synchronously load lazily loaded font '../../../Engine/Content/Slate/Fonts/Roboto-Bold.ttf' (160K)
[2017.04.28-15.55.20:479][  0]LogSlate: Took 0.017091 seconds to synchronously load lazily loaded font '../../../Engine/Content/Editor/Slate/Fonts/FontAwesome.ttf' (139K)
[2017.04.28-15.55.20:813][  0]LogSlate: Took 0.018613 seconds to synchronously load lazily loaded font '../../../Engine/Content/Slate/Fonts/Roboto-Light.ttf' (159K)
[2017.04.28-15.55.20:873][  0]LogRenderer: Reallocating scene render targets to support 1264x632 NumSamples 1 (Frame:2).
[2017.04.28-15.55.21:035][  1]LogFileCache: Retrieving MD5 hashes for directory 'D:/4ºcurso/Repositorios/LastBulletVR/LastBullet/Content/' took 0.67s
[2017.04.28-15.55.21:388][  2]LogSlate: Took 0.000445 seconds to synchronously load lazily loaded font '../../../Engine/Content/Slate/Fonts/Roboto-Light.ttf' (159K)
[2017.04.28-15.55.22:036][  4]LogAssetRegistry: Asset discovery search completed in 19.9609 seconds
[2017.04.28-15.55.22:036][  4]LogCollectionManager: Rebuilt the object cache for 0 collections in 0.000019 seconds (found 0 objects)
[2017.04.28-15.55.22:037][  4]LogCollectionManager: Fixed up redirectors for 0 collections in 0.000041 seconds (updated 0 objects)
[2017.04.28-15.55.26:369][ 17]SourceControl: Info On branch FirstGameplayTry
[2017.04.28-15.55.26:369][ 17]SourceControl: Info Your branch is up-to-date with 'origin/FirstGameplayTry'.
[2017.04.28-15.55.26:369][ 17]SourceControl: Info You have unmerged paths.
[2017.04.28-15.55.26:369][ 17]SourceControl: Info   (fix conflicts and run "git commit")
[2017.04.28-15.55.26:369][ 17]SourceControl: Info   (use "git merge --abort" to abort the merge)
[2017.04.28-15.55.26:369][ 17]SourceControl: Info Changes to be committed:
[2017.04.28-15.55.26:369][ 17]SourceControl: Info 	modified:   LastBullet/Config/DefaultEngine.ini
[2017.04.28-15.55.26:369][ 17]SourceControl: Info 	modified:   LastBullet/Config/DefaultGame.ini
[2017.04.28-15.55.26:369][ 17]SourceControl: Info 	modified:   LastBullet/Config/DefaultInput.ini
[2017.04.28-15.55.26:369][ 17]SourceControl: Info 	modified:   LastBullet/Content/Blueprints/SniperWeaponDrop_Blueprint.uasset
[2017.04.28-15.55.26:369][ 17]SourceControl: Info 	new file:   LastBullet/Content/Blueprints/WeaponBP/Assault/AssaultActor_Blueprint.uasset
[2017.04.28-15.55.26:369][ 17]SourceControl: Info 	new file:   LastBullet/Content/Blueprints/WeaponBP/Pistol/PistolActor_Blueprint.uasset
[2017.04.28-15.55.26:369][ 17]SourceControl: Info 	new file:   LastBullet/Content/Blueprints/WeaponBP/Pistol/PistolActor_Blueprint_2.uasset
[2017.04.28-15.55.26:369][ 17]SourceControl: Info 	new file:   LastBullet/Content/Blueprints/WeaponBP/RocketLauncher/RocketLauncherActor_Blueprint.uasset
[2017.04.28-15.55.26:369][ 17]SourceControl: Info 	new file:   LastBullet/Content/Blueprints/WeaponBP/Sniper/PistolActor_Blueprint.uasset
[2017.04.28-15.55.26:369][ 17]SourceControl: Info 	new file:   LastBullet/Content/Blueprints/WeaponBP/Sniper/Sniper_Blueprint.uasset
[2017.04.28-15.55.26:370][ 17]SourceControl: Info 	modified:   LastBullet/Content/FirstPerson/Animations/FirstPersonFire_Montage.uasset
[2017.04.28-15.55.26:370][ 17]SourceControl: Info 	modified:   LastBullet/Content/FirstPerson/Animations/FirstPerson_AnimBP.uasset
[2017.04.28-15.55.26:370][ 17]SourceControl: Info 	modified:   LastBullet/Content/FirstPerson/Animations/FirstPerson_Fire.uasset
[2017.04.28-15.55.26:370][ 17]SourceControl: Info 	modified:   LastBullet/Content/FirstPerson/Animations/FirstPerson_Idle.uasset
[2017.04.28-15.55.26:370][ 17]SourceControl: Info 	new file:   LastBullet/Content/FirstPersonBP/Maps/NewBlueprint.uasset
[2017.04.28-15.55.26:370][ 17]SourceControl: Info 	modified:   LastBullet/Content/FirstPersonBP/Maps/Pepelu.umap
[2017.04.28-15.55.26:370][ 17]SourceControl: Info 	new file:   LastBullet/Content/FirstPersonBP/Maps/WeaponComponent.uasset
[2017.04.28-15.55.26:370][ 17]SourceControl: Info 	new file:   LastBullet/Content/FirstPersonBP/WeaponComponents/AsaltoComponent.uasset
[2017.04.28-15.55.26:370][ 17]SourceControl: Info 	new file:   LastBullet/Content/FirstPersonBP/WeaponComponents/PistolaComponent.uasset
[2017.04.28-15.55.26:370][ 17]SourceControl: Info 	new file:   LastBullet/Content/FirstPersonBP/WeaponComponents/RocketLauncherComponent.uasset
[2017.04.28-15.55.26:370][ 17]SourceControl: Info 	new file:   LastBullet/Content/FirstPersonBP/WeaponComponents/SniperComponent.uasset
[2017.04.28-15.55.26:370][ 17]SourceControl: Info 	new file:   LastBullet/Content/FirstPersonBP/WeaponComponents/WeaponComponent.uasset
[2017.04.28-15.55.26:370][ 17]SourceControl: Info 	modified:   LastBullet/Content/Meshes/Weapons/Assault/Arriba_EMI.uasset
[2017.04.28-15.55.26:370][ 17]SourceControl: Info 	new file:   LastBullet/Content/Meshes/Weapons/Assault/FBX/Abajo.uasset
[2017.04.28-15.55.26:370][ 17]SourceControl: Info 	new file:   LastBullet/Content/Meshes/Weapons/Assault/FBX/Abajo_SPEC.uasset
[2017.04.28-15.55.26:370][ 17]SourceControl: Info 	new file:   LastBullet/Content/Meshes/Weapons/Assault/FBX/Arriba.uasset
[2017.04.28-15.55.26:370][ 17]SourceControl: Info 	new file:   LastBullet/Content/Meshes/Weapons/Assault/FBX/Arriba_SPEC.uasset
[2017.04.28-15.55.26:370][ 17]SourceControl: Info 	new file:   LastBullet/Content/Meshes/Weapons/Assault/FBX/Fusil6.uasset
[2017.04.28-15.55.26:370][ 17]SourceControl: Info 	new file:   LastBullet/Content/Meshes/Weapons/Assault/FBX/Fusil6_PhysicsAsset.uasset
[2017.04.28-15.55.26:370][ 17]SourceControl: Info 	new file:   LastBullet/Content/Meshes/Weapons/Assault/FBX/Fusil6_Skeleton.uasset
[2017.04.28-15.55.26:370][ 17]SourceControl: Info 	new file:   LastBullet/Content/Meshes/Weapons/Assault/FBX/Rifle_Arribla.uasset
[2017.04.28-15.55.26:370][ 17]SourceControl: Info 	new file:   LastBullet/Content/Meshes/Weapons/Assault/FBX/Rifle_abajo.uasset
[2017.04.28-15.55.26:370][ 17]SourceControl: Info 	new file:   LastBullet/Content/Meshes/Weapons/Pistol/01_-_Default.uasset
[2017.04.28-15.55.26:370][ 17]SourceControl: Info 	new file:   LastBullet/Content/Meshes/Weapons/Pistol/01_-_Default_ncl1_1.uasset
[2017.04.28-15.55.26:370][ 17]SourceControl: Info 	new file:   LastBullet/Content/Meshes/Weapons/Pistol/02_-_Default.uasset
[2017.04.28-15.55.26:370][ 17]SourceControl: Info 	new file:   LastBullet/Content/Meshes/Weapons/Pistol/07_-_Default.uasset
[2017.04.28-15.55.26:370][ 17]SourceControl: Info 	new file:   LastBullet/Content/Meshes/Weapons/Pistol/09_-_Default.uasset
[2017.04.28-15.55.26:370][ 17]SourceControl: Info 	new file:   LastBullet/Content/Meshes/Weapons/Pistol/PistolaExport.uasset
[2017.04.28-15.55.26:370][ 17]SourceControl: Info 	new file:   LastBullet/Content/Meshes/Weapons/Pistol/PistolaExport_PhysicsAsset.uasset
[2017.04.28-15.55.26:370][ 17]SourceControl: Info 	new file:   LastBullet/Content/Meshes/Weapons/Pistol/PistolaExport_Skeleton.uasset
[2017.04.28-15.55.26:370][ 17]SourceControl: Info 	new file:   LastBullet/Content/Meshes/Weapons/Pistol/pistola1.uasset
[2017.04.28-15.55.26:370][ 17]SourceControl: Info 	new file:   LastBullet/Content/Meshes/Weapons/Pistol/pistola1_NRM.uasset
[2017.04.28-15.55.26:370][ 17]SourceControl: Info 	new file:   LastBullet/Content/Meshes/Weapons/Pistol/pistola1spec.uasset
[2017.04.28-15.55.26:370][ 17]SourceControl: Info 	new file:   LastBullet/Content/Meshes/Weapons/Pistol/pistola2.uasset
[2017.04.28-15.55.26:370][ 17]SourceControl: Info 	new file:   LastBullet/Content/Meshes/Weapons/Pistol/pistola2_NRM.uasset
[2017.04.28-15.55.26:370][ 17]SourceControl: Info 	new file:   LastBullet/Content/Meshes/Weapons/Pistol/pistola2spec.uasset
[2017.04.28-15.55.26:370][ 17]SourceControl: Info 	new file:   LastBullet/Content/Meshes/Weapons/Pistol/pistola9.uasset
[2017.04.28-15.55.26:370][ 17]SourceControl: Info 	new file:   LastBullet/Content/Meshes/Weapons/Pistol/pistola9_NRM.uasset
[2017.04.28-15.55.26:370][ 17]SourceControl: Info 	new file:   LastBullet/Content/Meshes/Weapons/Pistol/pistola9spec.uasset
[2017.04.28-15.55.26:370][ 17]SourceControl: Info 	new file:   LastBullet/Content/Meshes/Weapons/RocketLauncher/SkeletalMesh/Abajo.uasset
[2017.04.28-15.55.26:370][ 17]SourceControl: Info 	new file:   LastBullet/Content/Meshes/Weapons/RocketLauncher/SkeletalMesh/Abajo2.uasset
[2017.04.28-15.55.26:370][ 17]SourceControl: Info 	new file:   LastBullet/Content/Meshes/Weapons/RocketLauncher/SkeletalMesh/Abajo_SPEC.uasset
[2017.04.28-15.55.26:370][ 17]SourceControl: Info 	new file:   LastBullet/Content/Meshes/Weapons/RocketLauncher/SkeletalMesh/CentroMira.uasset
[2017.04.28-15.55.26:370][ 17]SourceControl: Info 	new file:   LastBullet/Content/Meshes/Weapons/RocketLauncher/SkeletalMesh/CentroMira2.uasset
[2017.04.28-15.55.26:370][ 17]SourceControl: Info 	new file:   LastBullet/Content/Meshes/Weapons/RocketLauncher/SkeletalMesh/CentroMira_SPEC.uasset
[2017.04.28-15.55.26:370][ 17]SourceControl: Info 	new file:   LastBullet/Content/Meshes/Weapons/RocketLauncher/SkeletalMesh/Cilindros.uasset
[2017.04.28-15.55.26:370][ 17]SourceControl: Info 	new file:   LastBullet/Content/Meshes/Weapons/RocketLauncher/SkeletalMesh/Cilindros2.uasset
[2017.04.28-15.55.26:370][ 17]SourceControl: Info 	new file:   LastBullet/Content/Meshes/Weapons/RocketLauncher/SkeletalMesh/Cilindros_SPEC.uasset
[2017.04.28-15.55.26:370][ 17]SourceControl: Info 	new file:   LastBullet/Content/Meshes/Weapons/RocketLauncher/SkeletalMesh/RocketSkeletalMesh.uasset
[2017.04.28-15.55.26:370][ 17]SourceControl: Info 	new file:   LastBullet/Content/Meshes/Weapons/RocketLauncher/SkeletalMesh/RocketSkeletalMesh_PhysicsAsset.uasset
[2017.04.28-15.55.26:371][ 17]SourceControl: Info 	new file:   LastBullet/Content/Meshes/Weapons/RocketLauncher/SkeletalMesh/RocketSkeletalMesh_Skeleton.uasset
[2017.04.28-15.55.26:371][ 17]SourceControl: Info 	new file:   LastBullet/Content/Meshes/Weapons/Sniper/SkeletalMesh/BackSniper.uasset
[2017.04.28-15.55.26:371][ 17]SourceControl: Info 	new file:   LastBullet/Content/Meshes/Weapons/Sniper/SkeletalMesh/Channel_BackSniper_Diffuse.uasset
[2017.04.28-15.55.26:371][ 17]SourceControl: Info 	new file:   LastBullet/Content/Meshes/Weapons/Sniper/SkeletalMesh/Channel_MiddleSniper_Diffuse.uasset
[2017.04.28-15.55.26:371][ 17]SourceControl: Info 	new file:   LastBullet/Content/Meshes/Weapons/Sniper/SkeletalMesh/Channel_ScopeAndBarrel_Diffuse.uasset
[2017.04.28-15.55.26:371][ 17]SourceControl: Info 	new file:   LastBullet/Content/Meshes/Weapons/Sniper/SkeletalMesh/Channel_Trigger_Diffuse.uasset
[2017.04.28-15.55.26:371][ 17]SourceControl: Info 	new file:   LastBullet/Content/Meshes/Weapons/Sniper/SkeletalMesh/MiddleSniper.uasset
[2017.04.28-15.55.26:371][ 17]SourceControl: Info 	new file:   LastBullet/Content/Meshes/Weapons/Sniper/SkeletalMesh/ScopeAndBarrel.uasset
[2017.04.28-15.55.26:371][ 17]SourceControl: Info 	new file:   LastBullet/Content/Meshes/Weapons/Sniper/SkeletalMesh/Sniper.uasset
[2017.04.28-15.55.26:371][ 17]SourceControl: Info 	new file:   LastBullet/Content/Meshes/Weapons/Sniper/SkeletalMesh/Sniper_PhysicsAsset.uasset
[2017.04.28-15.55.26:371][ 17]SourceControl: Info 	new file:   LastBullet/Content/Meshes/Weapons/Sniper/SkeletalMesh/Sniper_Skeleton.uasset
[2017.04.28-15.55.26:371][ 17]SourceControl: Info 	new file:   LastBullet/Content/Meshes/Weapons/Sniper/SkeletalMesh/Trigger.uasset
[2017.04.28-15.55.26:371][ 17]SourceControl: Info 	modified:   LastBullet/Content/Meshes/Weapons/Sniper/sniperDrop.uasset
[2017.04.28-15.55.26:371][ 17]SourceControl: Info 	modified:   LastBullet/Intermediate/Config/CoalescedSourceConfigs/Engine.ini
[2017.04.28-15.55.26:371][ 17]SourceControl: Info 	modified:   LastBullet/Intermediate/Config/CoalescedSourceConfigs/Game.ini
[2017.04.28-15.55.26:371][ 17]SourceControl: Info 	new file:   LastBullet/Saved/Autosaves/Game/Blueprints/SniperWeaponDrop_Blueprint_Auto6.uasset
[2017.04.28-15.55.26:371][ 17]SourceControl: Info 	new file:   LastBullet/Saved/Autosaves/Game/Blueprints/WeaponBP/Pistol/PistolActor_Blueprint_2_Auto6.uasset
[2017.04.28-15.55.26:371][ 17]SourceControl: Info 	new file:   LastBullet/Saved/Autosaves/Game/Blueprints/WeaponBP/Pistol/PistolActor_Blueprint_Auto5.uasset
[2017.04.28-15.55.26:371][ 17]SourceControl: Info 	new file:   LastBullet/Saved/Autosaves/Game/Blueprints/WeaponBP/Sniper/PistolActor_Blueprint_Auto6.uasset
[2017.04.28-15.55.26:371][ 17]SourceControl: Info 	deleted:    LastBullet/Saved/Autosaves/Game/FirstPersonBP/Assets/Jackal_rigged_Auto2.uasset
[2017.04.28-15.55.26:371][ 17]SourceControl: Info 	deleted:    LastBullet/Saved/Autosaves/Game/FirstPersonBP/Assets/jackal_Auto1.uasset
[2017.04.28-15.55.26:371][ 17]SourceControl: Info 	deleted:    LastBullet/Saved/Autosaves/Game/FirstPersonBP/Blueprints/FirstPersonCharacter_Auto0.uasset
[2017.04.28-15.55.26:371][ 17]SourceControl: Info 	modified:   LastBullet/Saved/Autosaves/Game/FirstPersonBP/Blueprints/FirstPersonCharacter_Auto2.uasset
[2017.04.28-15.55.26:371][ 17]SourceControl: Info 	modified:   LastBullet/Saved/Autosaves/Game/FirstPersonBP/Blueprints/FirstPersonCharacter_Auto3.uasset
[2017.04.28-15.55.26:371][ 17]SourceControl: Info 	deleted:    LastBullet/Saved/Autosaves/Game/FirstPersonBP/Blueprints/FirstPersonGameMode_Auto6.uasset
[2017.04.28-15.55.26:371][ 17]SourceControl: Info 	deleted:    LastBullet/Saved/Autosaves/Game/FirstPersonBP/Maps/3d_Menu_Auto2.uasset
[2017.04.28-15.55.26:371][ 17]SourceControl: Info 	deleted:    LastBullet/Saved/Autosaves/Game/FirstPersonBP/Maps/3d_Menu_Auto4.uasset
[2017.04.28-15.55.26:371][ 17]SourceControl: Info 	deleted:    LastBullet/Saved/Autosaves/Game/FirstPersonBP/Maps/BeginLevel_Auto4.umap
[2017.04.28-15.55.26:371][ 17]SourceControl: Info 	deleted:    LastBullet/Saved/Autosaves/Game/FirstPersonBP/Maps/HUD_Auto3.uasset
[2017.04.28-15.55.26:371][ 17]SourceControl: Info 	deleted:    LastBullet/Saved/Autosaves/Game/FirstPersonBP/Maps/Julio_Auto0.umap
[2017.04.28-15.55.26:371][ 17]SourceControl: Info 	deleted:    LastBullet/Saved/Autosaves/Game/FirstPersonBP/Maps/Julio_Auto1.umap
[2017.04.28-15.55.26:371][ 17]SourceControl: Info 	deleted:    LastBullet/Saved/Autosaves/Game/FirstPersonBP/Maps/Julio_Auto2.umap
[2017.04.28-15.55.26:371][ 17]SourceControl: Info 	deleted:    LastBullet/Saved/Autosaves/Game/FirstPersonBP/Maps/Julio_Auto3.umap
[2017.04.28-15.55.26:371][ 17]SourceControl: Info 	deleted:    LastBullet/Saved/Autosaves/Game/FirstPersonBP/Maps/Julio_Auto4.umap
[2017.04.28-15.55.26:371][ 17]SourceControl: Info 	deleted:    LastBullet/Saved/Autosaves/Game/FirstPersonBP/Maps/Julio_Auto5.umap
[2017.04.28-15.55.26:371][ 17]SourceControl: Info 	deleted:    LastBullet/Saved/Autosaves/Game/FirstPersonBP/Maps/Julio_Auto6.umap
[2017.04.28-15.55.26:371][ 17]SourceControl: Info 	deleted:    LastBullet/Saved/Autosaves/Game/FirstPersonBP/Maps/Julio_Auto7.umap
[2017.04.28-15.55.26:371][ 17]SourceControl: Info 	deleted:    LastBullet/Saved/Autosaves/Game/FirstPersonBP/Maps/Julio_Auto8.umap
[2017.04.28-15.55.26:371][ 17]SourceControl: Info 	deleted:    LastBullet/Saved/Autosaves/Game/FirstPersonBP/Maps/Julio_Auto9.umap
[2017.04.28-15.55.26:371][ 17]SourceControl: Info 	deleted:    LastBullet/Saved/Autosaves/Game/FirstPersonBP/Maps/MAinMenuVR_Auto4.uasset
[2017.04.28-15.55.26:371][ 17]SourceControl: Info 	modified:   LastBullet/Saved/Autosaves/Game/FirstPersonBP/Maps/Pepelu_Auto1.umap
[2017.04.28-15.55.26:371][ 17]SourceControl: Info 	modified:   LastBullet/Saved/Autosaves/Game/FirstPersonBP/Maps/Pepelu_Auto2.umap
[2017.04.28-15.55.26:371][ 17]SourceControl: Info 	modified:   LastBullet/Saved/Autosaves/Game/FirstPersonBP/Maps/Pepelu_Auto3.umap
[2017.04.28-15.55.26:371][ 17]SourceControl: Info 	modified:   LastBullet/Saved/Autosaves/Game/FirstPersonBP/Maps/Pepelu_Auto4.umap
[2017.04.28-15.55.26:371][ 17]SourceControl: Info 	deleted:    LastBullet/Saved/Autosaves/Game/FirstPersonBP/Movement/CameraActor_Blueprint_Auto1.uasset
[2017.04.28-15.55.26:371][ 17]SourceControl: Info 	deleted:    LastBullet/Saved/Autosaves/Game/FirstPersonBP/Movement/NewBlueprint_Auto1.uasset
[2017.04.28-15.55.26:371][ 17]SourceControl: Info 	deleted:    LastBullet/Saved/Autosaves/Game/FirstPersonBP/Movement/SplineBP_Auto4.uasset
[2017.04.28-15.55.26:371][ 17]SourceControl: Info 	deleted:    LastBullet/Saved/Autosaves/Game/FirstPersonBP/Movement/SplineBP_Auto5.uasset
[2017.04.28-15.55.26:371][ 17]SourceControl: Info 	deleted:    LastBullet/Saved/Autosaves/Game/FirstPersonBP/Movement/SplineBP_Auto6.uasset
[2017.04.28-15.55.26:371][ 17]SourceControl: Info 	deleted:    LastBullet/Saved/Autosaves/Game/FirstPersonBP/Movement/SplinePauseEvent_Auto7.uasset
[2017.04.28-15.55.26:371][ 17]SourceControl: Info 	new file:   LastBullet/Saved/Autosaves/Game/Meshes/Weapons/Assault/FBX/Abajo_Auto4.uasset
[2017.04.28-15.55.26:371][ 17]SourceControl: Info 	new file:   LastBullet/Saved/Autosaves/Game/Meshes/Weapons/Assault/FBX/Abajo_SPEC_Auto4.uasset
[2017.04.28-15.55.26:371][ 17]SourceControl: Info 	new file:   LastBullet/Saved/Autosaves/Game/Meshes/Weapons/Assault/FBX/Arriba_Auto4.uasset
[2017.04.28-15.55.26:371][ 17]SourceControl: Info 	new file:   LastBullet/Saved/Autosaves/Game/Meshes/Weapons/Assault/FBX/Arriba_SPEC_Auto4.uasset
[2017.04.28-15.55.26:372][ 17]SourceControl: Info 	new file:   LastBullet/Saved/Autosaves/Game/Meshes/Weapons/Assault/FBX/Fusil6_PhysicsAsset_Auto4.uasset
[2017.04.28-15.55.26:372][ 17]SourceControl: Info 	new file:   LastBullet/Saved/Autosaves/Game/Meshes/Weapons/Assault/FBX/Fusil6_Skeleton_Auto3.uasset
[2017.04.28-15.55.26:372][ 17]SourceControl: Info 	new file:   LastBullet/Saved/Autosaves/Game/Meshes/Weapons/Assault/FBX/Fusil6_Skeleton_Auto4.uasset
[2017.04.28-15.55.26:372][ 17]SourceControl: Info 	new file:   LastBullet/Saved/Autosaves/Game/Meshes/Weapons/Assault/FBX/Rifle_Arribla_Auto4.uasset
[2017.04.28-15.55.26:372][ 17]SourceControl: Info 	new file:   LastBullet/Saved/Autosaves/Game/Meshes/Weapons/Assault/FBX/prueba2/Abajo_Auto1.uasset
[2017.04.28-15.55.26:372][ 17]SourceControl: Info 	new file:   LastBullet/Saved/Autosaves/Game/Meshes/Weapons/Assault/FBX/prueba2/Abajo_SPEC_Auto1.uasset
[2017.04.28-15.55.26:372][ 17]SourceControl: Info 	new file:   LastBullet/Saved/Autosaves/Game/Meshes/Weapons/Assault/FBX/prueba2/Arriba_Auto1.uasset
[2017.04.28-15.55.26:372][ 17]SourceControl: Info 	new file:   LastBullet/Saved/Autosaves/Game/Meshes/Weapons/Assault/FBX/prueba2/Arriba_SPEC_Auto1.uasset
[2017.04.28-15.55.26:372][ 17]SourceControl: Info 	new file:   LastBullet/Saved/Autosaves/Game/Meshes/Weapons/Assault/FBX/prueba2/Fusil4_Auto1.uasset
[2017.04.28-15.55.26:372][ 17]SourceControl: Info 	new file:   LastBullet/Saved/Autosaves/Game/Meshes/Weapons/Assault/FBX/prueba2/Fusil4_PhysicsAsset_Auto1.uasset
[2017.04.28-15.55.26:372][ 17]SourceControl: Info 	new file:   LastBullet/Saved/Autosaves/Game/Meshes/Weapons/Assault/FBX/prueba2/Fusil4_Skeleton_Auto1.uasset
[2017.04.28-15.55.26:372][ 17]SourceControl: Info 	new file:   LastBullet/Saved/Autosaves/Game/Meshes/Weapons/Assault/FBX/prueba2/Rifle_Arribla_Auto1.uasset
[2017.04.28-15.55.26:372][ 17]SourceControl: Info 	new file:   LastBullet/Saved/Autosaves/Game/Meshes/Weapons/Assault/FBX/prueba2/Rifle_abajo_Auto1.uasset
[2017.04.28-15.55.26:372][ 17]SourceControl: Info 	new file:   LastBullet/Saved/Autosaves/Game/Meshes/Weapons/Pistol/01_-_Default_Auto2.uasset
[2017.04.28-15.55.26:372][ 17]SourceControl: Info 	new file:   LastBullet/Saved/Autosaves/Game/Meshes/Weapons/Pistol/01_-_Default_ncl1_1_Auto2.uasset
[2017.04.28-15.55.26:372][ 17]SourceControl: Info 	new file:   LastBullet/Saved/Autosaves/Game/Meshes/Weapons/Pistol/02_-_Default_Auto2.uasset
[2017.04.28-15.55.26:372][ 17]SourceControl: Info 	new file:   LastBullet/Saved/Autosaves/Game/Meshes/Weapons/Pistol/07_-_Default_Auto2.uasset
[2017.04.28-15.55.26:372][ 17]SourceControl: Info 	new file:   LastBullet/Saved/Autosaves/Game/Meshes/Weapons/Pistol/09_-_Default_Auto2.uasset
[2017.04.28-15.55.26:372][ 17]SourceControl: Info 	new file:   LastBullet/Saved/Autosaves/Game/Meshes/Weapons/Pistol/PistolaExport_Auto2.uasset
[2017.04.28-15.55.26:372][ 17]SourceControl: Info 	new file:   LastBullet/Saved/Autosaves/Game/Meshes/Weapons/Pistol/PistolaExport_PhysicsAsset_Auto2.uasset
[2017.04.28-15.55.26:372][ 17]SourceControl: Info 	new file:   LastBullet/Saved/Autosaves/Game/Meshes/Weapons/Pistol/PistolaExport_Skeleton_Auto2.uasset
[2017.04.28-15.55.26:372][ 17]SourceControl: Info 	new file:   LastBullet/Saved/Autosaves/Game/Meshes/Weapons/Pistol/PistolaExport_Skeleton_Auto3.uasset
[2017.04.28-15.55.26:372][ 17]SourceControl: Info 	new file:   LastBullet/Saved/Autosaves/Game/Meshes/Weapons/Pistol/pistola1_Auto4.uasset
[2017.04.28-15.55.26:372][ 17]SourceControl: Info 	new file:   LastBullet/Saved/Autosaves/Game/Meshes/Weapons/Pistol/pistola1_NRM_Auto4.uasset
[2017.04.28-15.55.26:372][ 17]SourceControl: Info 	new file:   LastBullet/Saved/Autosaves/Game/Meshes/Weapons/Pistol/pistola1spec_Auto4.uasset
[2017.04.28-15.55.26:372][ 17]SourceControl: Info 	new file:   LastBullet/Saved/Autosaves/Game/Meshes/Weapons/Pistol/pistola2_Auto4.uasset
[2017.04.28-15.55.26:372][ 17]SourceControl: Info 	new file:   LastBullet/Saved/Autosaves/Game/Meshes/Weapons/Pistol/pistola2_NRM_Auto4.uasset
[2017.04.28-15.55.26:372][ 17]SourceControl: Info 	new file:   LastBullet/Saved/Autosaves/Game/Meshes/Weapons/Pistol/pistola2spec_Auto4.uasset
[2017.04.28-15.55.26:372][ 17]SourceControl: Info 	new file:   LastBullet/Saved/Autosaves/Game/Meshes/Weapons/Pistol/pistola9_Auto4.uasset
[2017.04.28-15.55.26:372][ 17]SourceControl: Info 	new file:   LastBullet/Saved/Autosaves/Game/Meshes/Weapons/Pistol/pistola9_NRM_Auto4.uasset
[2017.04.28-15.55.26:372][ 17]SourceControl: Info 	new file:   LastBullet/Saved/Autosaves/Game/Meshes/Weapons/Pistol/pistola9spec_Auto4.uasset
[2017.04.28-15.55.26:372][ 17]SourceControl: Info 	new file:   LastBullet/Saved/Autosaves/Game/Meshes/Weapons/Sniper/SkeletalMesh/BackSniper_Auto7.uasset
[2017.04.28-15.55.26:372][ 17]SourceControl: Info 	new file:   LastBullet/Saved/Autosaves/Game/Meshes/Weapons/Sniper/SkeletalMesh/Channel_BackSniper_Diffuse_Auto7.uasset
[2017.04.28-15.55.26:372][ 17]SourceControl: Info 	new file:   LastBullet/Saved/Autosaves/Game/Meshes/Weapons/Sniper/SkeletalMesh/Channel_MiddleSniper_Diffuse_Auto7.uasset
[2017.04.28-15.55.26:372][ 17]SourceControl: Info 	new file:   LastBullet/Saved/Autosaves/Game/Meshes/Weapons/Sniper/SkeletalMesh/Channel_ScopeAndBarrel_Diffuse_Auto7.uasset
[2017.04.28-15.55.26:372][ 17]SourceControl: Info 	new file:   LastBullet/Saved/Autosaves/Game/Meshes/Weapons/Sniper/SkeletalMesh/Channel_Trigger_Diffuse_Auto7.uasset
[2017.04.28-15.55.26:372][ 17]SourceControl: Info 	new file:   LastBullet/Saved/Autosaves/Game/Meshes/Weapons/Sniper/SkeletalMesh/MiddleSniper_Auto7.uasset
[2017.04.28-15.55.26:372][ 17]SourceControl: Info 	new file:   LastBullet/Saved/Autosaves/Game/Meshes/Weapons/Sniper/SkeletalMesh/ScopeAndBarrel_Auto7.uasset
[2017.04.28-15.55.26:372][ 17]SourceControl: Info 	new file:   LastBullet/Saved/Autosaves/Game/Meshes/Weapons/Sniper/SkeletalMesh/Sniper_Auto7.uasset
[2017.04.28-15.55.26:372][ 17]SourceControl: Info 	new file:   LastBullet/Saved/Autosaves/Game/Meshes/Weapons/Sniper/SkeletalMesh/Sniper_PhysicsAsset_Auto7.uasset
[2017.04.28-15.55.26:372][ 17]SourceControl: Info 	new file:   LastBullet/Saved/Autosaves/Game/Meshes/Weapons/Sniper/SkeletalMesh/Sniper_Skeleton_Auto7.uasset
[2017.04.28-15.55.26:372][ 17]SourceControl: Info 	new file:   LastBullet/Saved/Autosaves/Game/Meshes/Weapons/Sniper/SkeletalMesh/Trigger_Auto7.uasset
[2017.04.28-15.55.26:372][ 17]SourceControl: Info 	new file:   LastBullet/Saved/Autosaves/Game/Meshes/Weapons/Sniper/sniperDrop_Auto6.uasset
[2017.04.28-15.55.26:372][ 17]SourceControl: Info 	modified:   LastBullet/Saved/Autosaves/Game/StarterContent/Maps/Minimal_Default_Auto3.umap
[2017.04.28-15.55.26:372][ 17]SourceControl: Info 	modified:   LastBullet/Saved/Autosaves/Game/StarterContent/Maps/Minimal_Default_Auto4.umap
[2017.04.28-15.55.26:372][ 17]SourceControl: Info 	modified:   LastBullet/Saved/Autosaves/Game/StarterContent/Maps/Minimal_Default_Auto6.umap
[2017.04.28-15.55.26:372][ 17]SourceControl: Info 	modified:   LastBullet/Saved/Autosaves/Game/StarterContent/Maps/Minimal_Default_BuiltData_Auto3.uasset
[2017.04.28-15.55.26:372][ 17]SourceControl: Info 	new file:   LastBullet/Saved/Autosaves/Game/StarterContent/Maps/UEDPCMinimal_Default.umap
[2017.04.28-15.55.26:372][ 17]SourceControl: Info 	new file:   LastBullet/Saved/Backup/01_-_Default_2017-04-27-14-49-28.uasset
[2017.04.28-15.55.26:372][ 17]SourceControl: Info 	copied:     LastBullet/Content/Meshes/Weapons/Assault/Arriba_EMI.uasset -> LastBullet/Saved/Backup/Arriba_EMI_2017-04-26-18-16-03.uasset
[2017.04.28-15.55.26:372][ 17]SourceControl: Info 	new file:   LastBullet/Saved/Backup/AssaultActor_Blueprint_2017-04-27-16-25-18.uasset
[2017.04.28-15.55.26:372][ 17]SourceControl: Info 	new file:   LastBullet/Saved/Backup/FirstPersonCharacter_2017-04-26-17-46-38.uasset
[2017.04.28-15.55.26:372][ 17]SourceControl: Info 	new file:   LastBullet/Saved/Backup/FirstPersonCharacter_2017-04-26-17-57-06.uasset
[2017.04.28-15.55.26:372][ 17]SourceControl: Info 	copied:     LastBullet/Saved/Autosaves/Game/FirstPersonBP/Blueprints/FirstPersonCharacter_Auto3.uasset -> LastBullet/Saved/Backup/FirstPersonCharacter_2017-04-26-18-22-39.uasset
[2017.04.28-15.55.26:372][ 17]SourceControl: Info 	new file:   LastBullet/Saved/Backup/FirstPersonCharacter_2017-04-26-18-28-05.uasset
[2017.04.28-15.55.26:373][ 17]SourceControl: Info 	new file:   LastBullet/Saved/Backup/FirstPersonCharacter_2017-04-26-18-33-55.uasset
[2017.04.28-15.55.26:373][ 17]SourceControl: Info 	new file:   LastBullet/Saved/Backup/FirstPersonCharacter_2017-04-26-18-48-31.uasset
[2017.04.28-15.55.26:373][ 17]SourceControl: Info 	new file:   LastBullet/Saved/Backup/FirstPersonCharacter_2017-04-26-20-54-10.uasset
[2017.04.28-15.55.26:373][ 17]SourceControl: Info 	new file:   LastBullet/Saved/Backup/FirstPersonCharacter_2017-04-26-21-00-01.uasset
[2017.04.28-15.55.26:373][ 17]SourceControl: Info 	new file:   LastBullet/Saved/Backup/FirstPersonCharacter_2017-04-26-21-12-36.uasset
[2017.04.28-15.55.26:373][ 17]SourceControl: Info 	new file:   LastBullet/Saved/Backup/FirstPersonCharacter_2017-04-26-21-19-37.uasset
[2017.04.28-15.55.26:373][ 17]SourceControl: Info 	new file:   LastBullet/Saved/Backup/FirstPersonCharacter_2017-04-27-13-21-51.uasset
[2017.04.28-15.55.26:373][ 17]SourceControl: Info 	new file:   LastBullet/Saved/Backup/FirstPersonCharacter_2017-04-27-15-08-50.uasset
[2017.04.28-15.55.26:373][ 17]SourceControl: Info 	new file:   LastBullet/Saved/Backup/FirstPersonCharacter_2017-04-27-15-37-33.uasset
[2017.04.28-15.55.26:373][ 17]SourceControl: Info 	new file:   LastBullet/Saved/Backup/FirstPersonCharacter_2017-04-27-15-42-36.uasset
[2017.04.28-15.55.26:373][ 17]SourceControl: Info 	new file:   LastBullet/Saved/Backup/FirstPersonCharacter_2017-04-27-16-24-52.uasset
[2017.04.28-15.55.26:373][ 17]SourceControl: Info 	new file:   LastBullet/Saved/Backup/FirstPersonCharacter_2017-04-27-16-50-21.uasset
[2017.04.28-15.55.26:373][ 17]SourceControl: Info 	new file:   LastBullet/Saved/Backup/FirstPersonCharacter_2017-04-27-17-05-20.uasset
[2017.04.28-15.55.26:373][ 17]SourceControl: Info 	copied:     LastBullet/Content/FirstPerson/Animations/FirstPersonFire_Montage.uasset -> LastBullet/Saved/Backup/FirstPersonFire_Montage_2017-04-26-18-48-30.uasset
[2017.04.28-15.55.26:373][ 17]SourceControl: Info 	copied:     LastBullet/Content/FirstPerson/Animations/FirstPerson_AnimBP.uasset -> LastBullet/Saved/Backup/FirstPerson_AnimBP_2017-04-26-18-33-18.uasset
[2017.04.28-15.55.26:373][ 17]SourceControl: Info 	copied:     LastBullet/Content/FirstPerson/Animations/FirstPerson_Fire.uasset -> LastBullet/Saved/Backup/FirstPerson_Fire_2017-04-26-18-33-41.uasset
[2017.04.28-15.55.26:373][ 17]SourceControl: Info 	copied:     LastBullet/Content/FirstPerson/Animations/FirstPerson_Idle.uasset -> LastBullet/Saved/Backup/FirstPerson_Idle_2017-04-26-18-30-58.uasset
[2017.04.28-15.55.26:373][ 17]SourceControl: Info 	new file:   LastBullet/Saved/Backup/Fusil6_2017-04-26-18-16-15.uasset
[2017.04.28-15.55.26:373][ 17]SourceControl: Info 	new file:   LastBullet/Saved/Backup/Fusil6_Skeleton_2017-04-26-18-08-53.uasset
[2017.04.28-15.55.26:373][ 17]SourceControl: Info 	new file:   LastBullet/Saved/Backup/MiddleSniper_2017-04-27-16-47-13.uasset
[2017.04.28-15.55.26:373][ 17]SourceControl: Info 	new file:   LastBullet/Saved/Backup/Minimal_Default_2017-04-26-17-58-57.umap
[2017.04.28-15.55.26:373][ 17]SourceControl: Info 	new file:   LastBullet/Saved/Backup/Minimal_Default_2017-04-26-18-08-52.umap
[2017.04.28-15.55.26:373][ 17]SourceControl: Info 	new file:   LastBullet/Saved/Backup/Minimal_Default_2017-04-26-18-22-39.umap
[2017.04.28-15.55.26:373][ 17]SourceControl: Info 	new file:   LastBullet/Saved/Backup/Minimal_Default_2017-04-26-18-34-04.umap
[2017.04.28-15.55.26:373][ 17]SourceControl: Info 	new file:   LastBullet/Saved/Backup/Minimal_Default_2017-04-26-21-05-04.umap
[2017.04.28-15.55.26:373][ 17]SourceControl: Info 	new file:   LastBullet/Saved/Backup/Minimal_Default_2017-04-27-16-31-50.umap
[2017.04.28-15.55.26:373][ 17]SourceControl: Info 	new file:   LastBullet/Saved/Backup/Minimal_Default_2017-04-27-16-51-57.umap
[2017.04.28-15.55.26:373][ 17]SourceControl: Info 	new file:   LastBullet/Saved/Backup/Minimal_Default_2017-04-27-17-06-11.umap
[2017.04.28-15.55.26:373][ 17]SourceControl: Info 	new file:   LastBullet/Saved/Backup/Minimal_Default_BuiltData_2017-04-26-18-08-53.uasset
[2017.04.28-15.55.26:373][ 17]SourceControl: Info 	new file:   LastBullet/Saved/Backup/Minimal_Default_BuiltData_2017-04-26-18-34-05.uasset
[2017.04.28-15.55.26:373][ 17]SourceControl: Info 	new file:   LastBullet/Saved/Backup/Minimal_Default_BuiltData_2017-04-26-21-05-04.uasset
[2017.04.28-15.55.26:373][ 17]SourceControl: Info 	new file:   LastBullet/Saved/Backup/Rifle_Arribla_2017-04-26-17-59-28.uasset
[2017.04.28-15.55.26:373][ 17]SourceControl: Info 	new file:   LastBullet/Saved/Backup/Rifle_abajo_2017-04-26-18-02-31.uasset
[2017.04.28-15.55.26:373][ 17]SourceControl: Info 	new file:   LastBullet/Saved/Backup/Rifle_abajo_2017-04-26-18-15-35.uasset
[2017.04.28-15.55.26:373][ 17]SourceControl: Info 	new file:   LastBullet/Saved/Backup/RocketLauncherActor_Blueprint_2017-04-27-16-57-10.uasset
[2017.04.28-15.55.26:373][ 17]SourceControl: Info 	new file:   LastBullet/Saved/Backup/RocketLauncherActor_Blueprint_2017-04-27-17-04-55.uasset
[2017.04.28-15.55.26:373][ 17]SourceControl: Info 	new file:   LastBullet/Saved/Backup/SniperWeaponDrop_Blueprint_2017-04-27-16-31-50.uasset
[2017.04.28-15.55.26:373][ 17]SourceControl: Info 	new file:   LastBullet/Saved/Backup/SniperWeaponDrop_Blueprint_2017-04-27-16-43-08.uasset
[2017.04.28-15.55.26:373][ 17]SourceControl: Info 	new file:   LastBullet/Saved/Backup/Sniper_2017-04-27-16-49-18.uasset
[2017.04.28-15.55.26:373][ 17]SourceControl: Info 	new file:   LastBullet/Saved/Backup/Sniper_Blueprint_2017-04-27-16-29-02.uasset
[2017.04.28-15.55.26:373][ 17]SourceControl: Info 	new file:   LastBullet/Saved/Backup/Sniper_Blueprint_2017-04-27-16-48-55.uasset
[2017.04.28-15.55.26:373][ 17]SourceControl: Info 	new file:   LastBullet/Saved/Backup/sniperDrop_2017-04-27-16-31-50.uasset
[2017.04.28-15.55.26:373][ 17]SourceControl: Info 	modified:   LastBullet/Saved/Config/Windows/Editor.ini
[2017.04.28-15.55.26:373][ 17]SourceControl: Info 	modified:   LastBullet/Saved/Config/Windows/Input.ini
[2017.04.28-15.55.26:373][ 17]SourceControl: Info 	modified:   LastBullet/Saved/Config/Windows/SourceControlSettings.ini
[2017.04.28-15.55.26:373][ 17]SourceControl: Info 	new file:   LastBullet/Saved/Diff/temp-2b7e3cd6868bbb2bc9ab3cc230c2f7bcf8ecc104-FirstPersonCharacter.uasset
[2017.04.28-15.55.26:373][ 17]SourceControl: Info 	new file:   LastBullet/Saved/Logs/LastBullet-backup-2017.04.26-21.15.20.log
[2017.04.28-15.55.26:373][ 17]SourceControl: Info 	new file:   LastBullet/Saved/Logs/LastBullet-backup-2017.04.27-12.26.53.log
[2017.04.28-15.55.26:373][ 17]SourceControl: Info 	new file:   LastBullet/Saved/Logs/LastBullet-backup-2017.04.27-12.53.18.log
[2017.04.28-15.55.26:373][ 17]SourceControl: Info 	new file:   LastBullet/Saved/Logs/LastBullet-backup-2017.04.27-14.49.32.log
[2017.04.28-15.55.26:374][ 17]SourceControl: Info 	new file:   LastBullet/Saved/Logs/LastBullet-backup-2017.04.27-20.31.01.log
[2017.04.28-15.55.26:374][ 17]SourceControl: Info 	modified:   LastBullet/Saved/Logs/LastBullet_2.log
[2017.04.28-15.55.26:374][ 17]SourceControl: Info 	renamed:    LastBullet/Saved/Logs/UE4CC-Windows-11F535E24D0383D5F6DC30875E43561E/CrashReportClient.ini -> LastBullet/Saved/Logs/UE4CC-Windows-319F6D984FC7B9FFD01053BD9D8AD11D/CrashReportClient.ini
[2017.04.28-15.55.26:374][ 17]SourceControl: Info 	renamed:    LastBullet/Saved/Logs/UE4CC-Windows-24C07740469A6BE05F9211B515C6C817/CrashReportClient.ini -> LastBullet/Saved/Logs/UE4CC-Windows-3F8F71214C286B47AE46D5B04E5B3FE7/CrashReportClient.ini
[2017.04.28-15.55.26:374][ 17]SourceControl: Info 	new file:   LastBullet/Saved/Logs/UE4CC-Windows-3F8F71214C286B47AE46D5B04E5B3FE7_0000/LastBullet.log
[2017.04.28-15.55.26:374][ 17]SourceControl: Info 	new file:   LastBullet/Saved/Logs/UE4CC-Windows-3F8F71214C286B47AE46D5B04E5B3FE7_0000/UE4Minidump.dmp
[2017.04.28-15.55.26:374][ 17]SourceControl: Info 	renamed:    LastBullet/Saved/Logs/UE4CC-Windows-24C07740469A6BE05F9211B515C6C817_0000/CrashReportClient.ini -> LastBullet/Saved/Logs/UE4CC-Windows-6B5467D4414FCFE7983C2CBD68DA398D/CrashReportClient.ini
[2017.04.28-15.55.26:374][ 17]SourceControl: Info 	deleted:    LastBullet/Saved/Logs/UE4CC-Windows-83902A194258866AB41924A83DDAE768/CrashReportClient.ini
[2017.04.28-15.55.26:374][ 17]SourceControl: Info 	deleted:    LastBullet/Saved/Logs/UE4CC-Windows-83902A194258866AB41924A83DDAE768_0000/CrashReportClient.ini
[2017.04.28-15.55.26:374][ 17]SourceControl: Info 	deleted:    LastBullet/Saved/Logs/UE4CC-Windows-83902A194258866AB41924A83DDAE768_0001/CrashReportClient.ini
[2017.04.28-15.55.26:374][ 17]SourceControl: Info 	deleted:    LastBullet/Saved/Logs/UE4CC-Windows-83902A194258866AB41924A83DDAE768_0002/CrashReportClient.ini
[2017.04.28-15.55.26:374][ 17]SourceControl: Info 	renamed:    LastBullet/Saved/Logs/UE4CC-Windows-3168E32C4C09626B69F8839E67751F8E/CrashReportClient.ini -> LastBullet/Saved/Logs/UE4CC-Windows-996C667F408517864D67848F0E078D05/CrashReportClient.ini
[2017.04.28-15.55.26:374][ 17]SourceControl: Info 	deleted:    LastBullet/Saved/Logs/UE4CC-Windows-9B9727944297802F4D71559F4550E942/CrashReportClient.ini
[2017.04.28-15.55.26:374][ 17]SourceControl: Info 	renamed:    LastBullet/Saved/Logs/UE4CC-Windows-499F8C69452A5CF1F8193EA7CE6EA9D4/CrashReportClient.ini -> LastBullet/Saved/Logs/UE4CC-Windows-AEFB3AC248FD24576CEDEDB6AA4764B6/CrashReportClient.ini
[2017.04.28-15.55.26:374][ 17]SourceControl: Info 	renamed:    LastBullet/Saved/Logs/UE4CC-Windows-24C07740469A6BE05F9211B515C6C817_0000/CrashContext.runtime-xml -> LastBullet/Saved/Logs/UE4CC-Windows-AEFB3AC248FD24576CEDEDB6AA4764B6_0000/CrashContext.runtime-xml
[2017.04.28-15.55.26:374][ 17]SourceControl: Info 	renamed:    LastBullet/Saved/Logs/UE4CC-Windows-5099A2B24BAA38E708B468AFA783F116/CrashReportClient.ini -> LastBullet/Saved/Logs/UE4CC-Windows-AEFB3AC248FD24576CEDEDB6AA4764B6_0000/CrashReportClient.ini
[2017.04.28-15.55.26:374][ 17]SourceControl: Info 	new file:   LastBullet/Saved/Logs/UE4CC-Windows-AEFB3AC248FD24576CEDEDB6AA4764B6_0000/LastBullet.log
[2017.04.28-15.55.26:374][ 17]SourceControl: Info 	new file:   LastBullet/Saved/Logs/UE4CC-Windows-AEFB3AC248FD24576CEDEDB6AA4764B6_0000/UE4Minidump.dmp
[2017.04.28-15.55.26:374][ 17]SourceControl: Info 	renamed:    LastBullet/Saved/Logs/UE4CC-Windows-56F6574649130ED9199C60966BCE02B6/CrashReportClient.ini -> LastBullet/Saved/Logs/UE4CC-Windows-AFA632EA4C5E77C4613E44B47EBD607F/CrashReportClient.ini
[2017.04.28-15.55.26:374][ 17]SourceControl: Info 	renamed:    LastBullet/Saved/Logs/UE4CC-Windows-6BED961F4D583C4EA28A4E8A1A3A27B7/CrashReportClient.ini -> LastBullet/Saved/Logs/UE4CC-Windows-BB6FB04F4BAFB425277351A7C3B93662/CrashReportClient.ini
[2017.04.28-15.55.26:374][ 17]SourceControl: Info 	deleted:    LastBullet/Saved/Logs/UE4CC-Windows-BD45F40F407C075209463CB4BEDAC1F5_0000/CrashContext.runtime-xml
[2017.04.28-15.55.26:374][ 17]SourceControl: Info 	deleted:    LastBullet/Saved/Logs/UE4CC-Windows-BD45F40F407C075209463CB4BEDAC1F5_0000/CrashReportClient.ini
[2017.04.28-15.55.26:374][ 17]SourceControl: Info 	deleted:    LastBullet/Saved/Logs/UE4CC-Windows-BD45F40F407C075209463CB4BEDAC1F5_0001/CrashContext.runtime-xml
[2017.04.28-15.55.26:374][ 17]SourceControl: Info 	deleted:    LastBullet/Saved/Logs/UE4CC-Windows-BDAAC6924A8A44FDDB8DF98C4F0C1A07/CrashReportClient.ini
[2017.04.28-15.55.26:374][ 17]SourceControl: Info 	renamed:    LastBullet/Saved/Logs/UE4CC-Windows-6E38A12446326605750C4C85DEC3261A/CrashReportClient.ini -> LastBullet/Saved/Logs/UE4CC-Windows-CB6FEF14483142BED36C16861BB5386C/CrashReportClient.ini
[2017.04.28-15.55.26:374][ 17]SourceControl: Info 	deleted:    LastBullet/Saved/Logs/UE4CC-Windows-E0BB79AA446FE4CF7DE8048E2ADDA835/CrashReportClient.ini
[2017.04.28-15.55.26:374][ 17]SourceControl: Info 	renamed:    LastBullet/Saved/Logs/UE4CC-Windows-73BC45E740CB7E9A1A5A8EB47FE5DF2F/CrashReportClient.ini -> LastBullet/Saved/Logs/UE4CC-Windows-FB2E31D54EA33838B96EF181DA0054D2/CrashReportClient.ini
[2017.04.28-15.55.26:374][ 17]SourceControl: Info Unmerged paths:
[2017.04.28-15.55.26:374][ 17]SourceControl: Info   (use "git add/rm <file>..." as appropriate to mark resolution)
[2017.04.28-15.55.26:374][ 17]SourceControl: Info 	both modified:   LastBullet/Content/FirstPersonBP/Blueprints/FirstPersonCharacter.uasset
[2017.04.28-15.55.26:374][ 17]SourceControl: Info 	both modified:   LastBullet/Content/FirstPersonBP/Maps/HUD.uasset
[2017.04.28-15.55.26:374][ 17]SourceControl: Info 	both modified:   LastBullet/Content/StarterContent/Maps/Minimal_Default.umap
[2017.04.28-15.55.26:374][ 17]SourceControl: Info 	both modified:   LastBullet/Intermediate/CachedAssetRegistry.bin
[2017.04.28-15.55.26:374][ 17]SourceControl: Info 	both modified:   LastBullet/Saved/AutoScreenshot.png
[2017.04.28-15.55.26:374][ 17]SourceControl: Info 	both modified:   LastBullet/Saved/Autosaves/Game/FirstPersonBP/Blueprints/FirstPersonCharacter_Auto1.uasset
[2017.04.28-15.55.26:374][ 17]SourceControl: Info 	both modified:   LastBullet/Saved/Autosaves/Game/FirstPersonBP/Blueprints/FirstPersonCharacter_Auto4.uasset
[2017.04.28-15.55.26:374][ 17]SourceControl: Info 	both modified:   LastBullet/Saved/Autosaves/Game/FirstPersonBP/Blueprints/FirstPersonCharacter_Auto5.uasset
[2017.04.28-15.55.26:374][ 17]SourceControl: Info 	deleted by them: LastBullet/Saved/Autosaves/Game/FirstPersonBP/Blueprints/FirstPersonCharacter_Auto6.uasset
[2017.04.28-15.55.26:374][ 17]SourceControl: Info 	deleted by them: LastBullet/Saved/Autosaves/Game/FirstPersonBP/Blueprints/FirstPersonCharacter_Auto7.uasset
[2017.04.28-15.55.26:374][ 17]SourceControl: Info 	deleted by them: LastBullet/Saved/Autosaves/Game/FirstPersonBP/Maps/HUD_Auto2.uasset
[2017.04.28-15.55.26:374][ 17]SourceControl: Info 	added by us:     LastBullet/Saved/Autosaves/Game/FirstPersonBP/Maps/Ruben_Auto2.umap
[2017.04.28-15.55.26:374][ 17]SourceControl: Info 	added by us:     LastBullet/Saved/Autosaves/Game/FirstPersonBP/Maps/Ruben_Auto5.umap
[2017.04.28-15.55.26:374][ 17]SourceControl: Info 	added by us:     LastBullet/Saved/Autosaves/Game/FirstPersonBP/Maps/Ruben_Auto6.umap
[2017.04.28-15.55.26:374][ 17]SourceControl: Info 	both modified:   LastBullet/Saved/Autosaves/Game/StarterContent/Maps/Minimal_Default_Auto8.umap
[2017.04.28-15.55.26:374][ 17]SourceControl: Info 	added by us:     LastBullet/Saved/Backup/Ruben_2017-04-26-13-29-13.umap
[2017.04.28-15.55.26:374][ 17]SourceControl: Info 	added by us:     LastBullet/Saved/Backup/Ruben_2017-04-26-13-36-06.umap
[2017.04.28-15.55.26:374][ 17]SourceControl: Info 	added by us:     LastBullet/Saved/Backup/Ruben_2017-04-26-17-04-23.umap
[2017.04.28-15.55.26:374][ 17]SourceControl: Info 	added by us:     LastBullet/Saved/Backup/Ruben_2017-04-26-17-15-14.umap
[2017.04.28-15.55.26:374][ 17]SourceControl: Info 	added by us:     LastBullet/Saved/Backup/Ruben_2017-04-26-17-25-14.umap
[2017.04.28-15.55.26:374][ 17]SourceControl: Info 	added by us:     LastBullet/Saved/Backup/Ruben_2017-04-26-18-21-01.umap
[2017.04.28-15.55.26:374][ 17]SourceControl: Info 	added by us:     LastBullet/Saved/Backup/Ruben_2017-04-26-19-14-19.umap
[2017.04.28-15.55.26:374][ 17]SourceControl: Info 	added by us:     LastBullet/Saved/Backup/Ruben_2017-04-26-19-52-51.umap
[2017.04.28-15.55.26:374][ 17]SourceControl: Info 	added by us:     LastBullet/Saved/Backup/Ruben_2017-04-27-13-15-53.umap
[2017.04.28-15.55.26:375][ 17]SourceControl: Info 	both modified:   LastBullet/Saved/Config/Windows/EditorPerProjectUserSettings.ini
[2017.04.28-15.55.26:375][ 17]SourceControl: Info 	both modified:   LastBullet/Saved/Logs/LastBullet.log
[2017.04.28-15.55.26:375][ 17]SourceControl: Info 	added by us:     LastBullet/Saved/Logs/UE4CC-Windows-1E3CA1D049DD46B4963B849C365ECC77/CrashReportClient.ini
[2017.04.28-15.55.26:375][ 17]SourceControl: Info 	added by us:     LastBullet/Saved/Logs/UE4CC-Windows-278C2420453901F6113E76ADA6192A5A/CrashReportClient.ini
[2017.04.28-15.55.26:375][ 17]SourceControl: Info 	both deleted:    LastBullet/Saved/Logs/UE4CC-Windows-2E2CDDB64863DCD52875C28AC4F060B5/CrashReportClient.ini
[2017.04.28-15.55.26:375][ 17]SourceControl: Info 	both deleted:    LastBullet/Saved/Logs/UE4CC-Windows-758ACD4741F5757105E8F3A1C02D2DD8/CrashReportClient.ini
[2017.04.28-15.55.26:375][ 17]SourceControl: Info 	added by them:   LastBullet/Saved/Logs/UE4CC-Windows-7F4EFD354D4C8970FDBEEBA28ED680EA/CrashReportClient.ini
[2017.04.28-15.55.26:375][ 17]SourceControl: Info 	added by them:   LastBullet/Saved/Logs/UE4CC-Windows-FFC0AB1140F16C703A9CD1A3AF58FC3F/CrashReportClient.ini
[2017.04.28-15.55.26:375][ 17]SourceControl: Info Changes not staged for commit:
[2017.04.28-15.55.26:375][ 17]SourceControl: Info   (use "git add/rm <file>..." to update what will be committed)
[2017.04.28-15.55.26:375][ 17]SourceControl: Info   (use "git checkout -- <file>..." to discard changes in working directory)
[2017.04.28-15.55.26:375][ 17]SourceControl: Info 	modified:   LastBullet/Saved/Autosaves/PackageRestoreData.json
[2017.04.28-15.55.26:375][ 17]SourceControl: Info 	modified:   LastBullet/Saved/Config/Windows/Editor.ini
[2017.04.28-15.55.26:375][ 17]SourceControl: Info 	modified:   LastBullet/Saved/Config/Windows/Engine.ini
[2017.04.28-15.55.26:375][ 17]SourceControl: Info 	modified:   LastBullet/Saved/Config/Windows/SourceControlSettings.ini
[2017.04.28-15.55.26:375][ 17]SourceControl: Info 	deleted:    LastBullet/Saved/Logs/LastBullet-backup-2017.04.26-18.09.09.log
[2017.04.28-15.55.26:375][ 17]SourceControl: Info 	deleted:    LastBullet/Saved/Logs/LastBullet-backup-2017.04.26-18.21.06.log
[2017.04.28-15.55.26:375][ 17]SourceControl: Info 	deleted:    LastBullet/Saved/Logs/LastBullet-backup-2017.04.26-18.41.12.log
[2017.04.28-15.55.26:375][ 17]SourceControl: Info 	deleted:    LastBullet/Saved/Logs/LastBullet-backup-2017.04.26-21.15.20.log
[2017.04.28-15.55.26:375][ 17]SourceControl: Info 	deleted:    LastBullet/Saved/Logs/LastBullet-backup-2017.04.27-16.21.55.log
[2017.04.28-15.55.26:375][ 17]SourceControl: Info 	deleted:    LastBullet/Saved/Logs/LastBullet-backup-2017.04.27-20.12.48.log
[2017.04.28-15.55.26:375][ 17]SourceControl: Info 	deleted:    LastBullet/Saved/Logs/LastBullet-backup-2017.04.27-20.46.36.log
[2017.04.28-15.55.26:375][ 17]SourceControl: Info 	deleted:    LastBullet/Saved/Logs/LastBullet-backup-2017.04.27-23.54.57.log
[2017.04.28-15.55.26:375][ 17]SourceControl: Info 	deleted:    LastBullet/Saved/Logs/LastBullet-backup-2017.04.28-14.35.28.log
[2017.04.28-15.55.26:375][ 17]SourceControl: Info Untracked files:
[2017.04.28-15.55.26:375][ 17]SourceControl: Info   (use "git add <file>..." to include in what will be committed)
[2017.04.28-15.55.26:375][ 17]SourceControl: Info 	LastBullet/Saved/Logs/LastBullet-backup-2017.04.28-15.25.11.log
[2017.04.28-15.55.26:375][ 17]SourceControl: Info 	LastBullet/Saved/Logs/LastBullet-backup-2017.04.28-16.38.37.log
[2017.04.28-15.55.26:375][ 17]SourceControl: Info 	LastBullet/Saved/Logs/LastBullet-backup-2017.04.28-16.41.08.log
[2017.04.28-15.55.26:375][ 17]SourceControl: Info 	LastBullet/Saved/Logs/LastBullet-backup-2017.04.28-17.54.53.log
[2017.04.28-15.55.26:375][ 17]SourceControl: Info 	LastBullet/Saved/Logs/UE4CC-Windows-45FFD7AE476D81EA23F274AFB1283AFF/
[2017.04.28-15.55.26:375][ 17]SourceControl: Info 	LastBullet/Saved/Logs/UE4CC-Windows-45FFD7AE476D81EA23F274AFB1283AFF_0000/
[2017.04.28-15.55.26:375][ 17]SourceControl: Info 	LastBullet/Saved/Logs/UE4CC-Windows-524AE0A9449EC2D872CA64B41B8CD538/
[2017.04.28-15.55.26:375][ 17]SourceControl: Info 	LastBullet/Saved/Logs/UE4CC-Windows-B7F265234C60EA157539EEB07F7EBA76/
[2017.04.28-15.55.26:375][ 17]SourceControl: Info 	LastBullet/Saved/Logs/UE4CC-Windows-B7F265234C60EA157539EEB07F7EBA76_0000/
[2017.04.28-15.55.26:375][ 17]SourceControl: Info 	LastBullet/Saved/Logs/UE4CC-Windows-BC70EAAD42BD697582B47CA34D06731C/
[2017.04.28-15.55.26:375][ 17]SourceControl: Info 	LastBullet/Saved/Logs/UE4CC-Windows-BC70EAAD42BD697582B47CA34D06731C_0000/
[2017.04.28-16.03.07:749][944]LogEditorViewport: Clicking on Actor (LMB): StaticMeshActor (scene_TanqueGas_5)
[2017.04.28-16.03.13:696][361]LogSlate: Took 0.000255 seconds to synchronously load lazily loaded font '../../../Engine/Content/Slate/Fonts/Roboto-Light.ttf' (159K)
[2017.04.28-16.03.14:242][361]LogSlate: Took 0.000320 seconds to synchronously load lazily loaded font '../../../Engine/Content/Slate/Fonts/Roboto-Regular.ttf' (155K)
[2017.04.28-16.03.14:394][361]LogContentBrowser: Native class hierarchy updated for 'BlueprintGraph' in 0.0013 seconds. Added 112 classes and 0 folders.
[2017.04.28-16.03.15:617][361]LogSlate: Took 0.018707 seconds to synchronously load lazily loaded font '../../../Engine/Content/Editor/Slate/Fonts/Roboto-BoldCondensed.ttf' (158K)
[2017.04.28-16.03.16:318][362]LogSlate: Took 0.007558 seconds to synchronously load lazily loaded font '../../../Engine/Content/Editor/Slate/Fonts/Roboto-Italic.ttf' (157K)
[2017.04.28-16.03.18:590][463]BlueprintLog: New page: Compile FirstPersonCharacter
[2017.04.28-16.03.18:738][463]LogBlueprint:Warning: [Compiler FirstPersonCharacter] Warning InputAction Event references unknown Action 'ResetVR' for  InputAction ResetVR
[2017.04.28-16.03.19:055][463]BlueprintEditorCompileResults:Warning: Warning InputAction Event references unknown Action 'ResetVR' for  InputAction ResetVR
[2017.04.28-16.03.19:055][463]LogBlueprint:Warning: [Compiler FirstPersonCharacter] Warning [0506.92] Compile of FirstPersonCharacter successful, but with 1 Warning(s) [in 465 ms] (/Game/FirstPersonBP/Blueprints/FirstPersonCharacter.FirstPersonCharacter)
[2017.04.28-16.03.23:050][601]BlueprintLog: New page: Compile FirstPersonCharacter
[2017.04.28-16.03.23:188][601]LogBlueprint:Warning: [Compiler FirstPersonCharacter] Warning InputAction Event references unknown Action 'ResetVR' for  InputAction ResetVR
[2017.04.28-16.03.23:446][601]BlueprintEditorCompileResults:Warning: Warning InputAction Event references unknown Action 'ResetVR' for  InputAction ResetVR
[2017.04.28-16.03.23:447][601]LogBlueprint:Warning: [Compiler FirstPersonCharacter] Warning [0511.31] Compile of FirstPersonCharacter successful, but with 1 Warning(s) [in 396 ms] (/Game/FirstPersonBP/Blueprints/FirstPersonCharacter.FirstPersonCharacter)
[2017.04.28-16.03.49:589][586]LogSourceControl: Writed 'D:/4ºcurso/Repositorios/LastBulletVR/LastBullet/Saved/Diff/temp-0545b5c64492284af676c57abfd076efe9e6ffcb-HUD.uasset' (153662o)
[2017.04.28-16.04.22:166][257]LogTemp: Repeting last play command: Selected Viewport
[2017.04.28-16.04.22:213][257]LogBlueprintUserMessages: Early PlayInEditor Detection: Level '/Game/StarterContent/Maps/Minimal_Default.Minimal_Default:PersistentLevel' has LevelScriptBlueprint '/Game/StarterContent/Maps/Minimal_Default.Minimal_Default:PersistentLevel.Minimal_Default' with GeneratedClass '/Game/StarterContent/Maps/Minimal_Default.Minimal_Default_C' with ClassGeneratedBy '/Game/StarterContent/Maps/Minimal_Default.Minimal_Default:PersistentLevel.Minimal_Default'
[2017.04.28-16.04.22:213][257]LogPlayLevel: PlayLevel: No blueprints needed recompiling
[2017.04.28-16.04.22:247][257]PIE: New page: PIE session: Minimal_Default (Apr 28, 2017, 8:04:22 PM)
[2017.04.28-16.04.22:258][257]LogPlayLevel: Creating play world package: /Game/StarterContent/Maps/UEDPIE_0_Minimal_Default
[2017.04.28-16.04.22:297][257]LogPlayLevel: PIE: StaticDuplicateObject took: (0.038643s)
[2017.04.28-16.04.22:297][257]LogAIModule: Creating AISystem for world Minimal_Default
[2017.04.28-16.04.22:298][257]LogPlayLevel: PIE: World Init took: (0.000846s)
[2017.04.28-16.04.22:298][257]LogPlayLevel: PIE: Created PIE world by copying editor world from /Game/StarterContent/Maps/Minimal_Default.Minimal_Default to /Game/StarterContent/Maps/UEDPIE_0_Minimal_Default.Minimal_Default (0.051173s)
[2017.04.28-16.04.22:344][257]LogInit: XAudio2 using '1 - BenQ GL2250H (AMD High Definition Audio Device)' : 2 channels at 48 kHz using 16 bits per sample (channel mask 0x3)
[2017.04.28-16.04.22:355][257]LogInit: FAudioDevice initialized.
[2017.04.28-16.04.22:512][257]LogLoad: Game class is 'FirstPersonGameMode_C'
[2017.04.28-16.04.22:520][257]LogWorld: Bringing World /Game/StarterContent/Maps/UEDPIE_0_Minimal_Default.Minimal_Default up for play (max tick rate 0) at 2017.04.28-18.04.22
[2017.04.28-16.04.22:532][257]LogWorld: Bringing up level for play took: 0.016870
[2017.04.28-16.04.22:662][257]LogContentBrowser: Native class hierarchy updated for 'MovieSceneCapture' in 0.0007 seconds. Added 11 classes and 0 folders.
[2017.04.28-16.04.22:810][257]PIE: Info Play in editor start time for /Game/StarterContent/Maps/UEDPIE_0_Minimal_Default 0.14
[2017.04.28-16.04.22:810][257]LogBlueprintUserMessages: Late PlayInEditor Detection: Level '/Game/StarterContent/Maps/Minimal_Default.Minimal_Default:PersistentLevel' has LevelScriptBlueprint '/Game/StarterContent/Maps/Minimal_Default.Minimal_Default:PersistentLevel.Minimal_Default' with GeneratedClass '/Game/StarterContent/Maps/Minimal_Default.Minimal_Default_C' with ClassGeneratedBy '/Game/StarterContent/Maps/Minimal_Default.Minimal_Default:PersistentLevel.Minimal_Default'
[2017.04.28-16.04.27:691][610]LogBlueprintUserMessages: [FirstPersonCharacter_C_0] Asalto
[2017.04.28-16.04.28:162][656]LogBlueprintUserMessages: [FirstPersonCharacter_C_0] Sniper
[2017.04.28-16.04.29:323][778]LogBlueprintUserMessages: [FirstPersonCharacter_C_0] Sniper
[2017.04.28-16.04.30:108][854]LogBlueprintUserMessages: [FirstPersonCharacter_C_0] Asalto
[2017.04.28-16.04.30:724][906]LogBlueprintUserMessages: [FirstPersonCharacter_C_0] Sniper
[2017.04.28-16.04.31:911][  8]LogBlueprintUserMessages: [FirstPersonCharacter_C_0] Sniper
[2017.04.28-16.04.32:134][ 29]LogBlueprintUserMessages: [FirstPersonCharacter_C_0] Sniper
[2017.04.28-16.04.37:768][509]LogBlueprintUserMessages: [FirstPersonCharacter_C_0] Sniper
[2017.04.28-16.04.38:523][580]LogBlueprintUserMessages: [FirstPersonCharacter_C_0] Sniper
[2017.04.28-16.04.48:788][459]LogBlueprintUserMessages: [FirstPersonCharacter_C_0] RocketLauncher
[2017.04.28-16.04.51:969][744]LogBlueprintUserMessages: [FirstPersonCharacter_C_0] Pistola
[2017.04.28-16.04.53:828][917]LogBlueprintUserMessages: [FirstPersonCharacter_C_0] Asalto
[2017.04.28-16.04.55:219][ 31]LogBlueprintUserMessages: [FirstPersonCharacter_C_0] Sniper
[2017.04.28-16.04.57:283][189]LogBlueprintUserMessages: [FirstPersonCharacter_C_0] RocketLauncher
[2017.04.28-16.04.57:585][213]LogSpawn:Warning: SpawnActor failed because of collision at the spawn location [X=274.778 Y=1067.908 Z=-258.558] for [FirstPersonProjectile_C]
[2017.04.28-16.04.57:922][240]LogSpawn:Warning: SpawnActor failed because of collision at the spawn location [X=291.635 Y=1346.051 Z=-239.713] for [FirstPersonProjectile_C]
[2017.04.28-16.04.58:764][310]LogBlueprintUserMessages: [FirstPersonCharacter_C_0] Sniper
[2017.04.28-16.05.22:919][400]LogBlueprintUserMessages: [FirstPersonCharacter_C_0] Asalto
[2017.04.28-16.05.24:096][524]LogBlueprintUserMessages: [FirstPersonCharacter_C_0] Sniper
[2017.04.28-16.05.37:401][761]LogBlueprintUserMessages: Early EndPlayMap Detection: Level '/Game/StarterContent/Maps/Minimal_Default.Minimal_Default:PersistentLevel' has LevelScriptBlueprint '/Game/StarterContent/Maps/Minimal_Default.Minimal_Default:PersistentLevel.Minimal_Default' with GeneratedClass '/Game/StarterContent/Maps/Minimal_Default.Minimal_Default_C' with ClassGeneratedBy '/Game/StarterContent/Maps/Minimal_Default.Minimal_Default:PersistentLevel.Minimal_Default'
[2017.04.28-16.05.37:568][761]LogBlueprintUserMessages: Late EndPlayMap Detection: Level '/Game/StarterContent/Maps/Minimal_Default.Minimal_Default:PersistentLevel' has LevelScriptBlueprint '/Game/StarterContent/Maps/Minimal_Default.Minimal_Default:PersistentLevel.Minimal_Default' with GeneratedClass '/Game/StarterContent/Maps/Minimal_Default.Minimal_Default_C' with ClassGeneratedBy '/Game/StarterContent/Maps/Minimal_Default.Minimal_Default:PersistentLevel.Minimal_Default'
[2017.04.28-16.06.55:745][353]LogBlueprint:Warning: [WeaponComponent] 'GunOffset' variable not found. Base class was probably changed.
[2017.04.28-16.06.55:746][353]LogBlueprint:Warning: [WeaponComponent] 'Mesh2P' variable not found. Base class was probably changed.
[2017.04.28-16.06.55:746][353]LogBlueprint:Warning: [WeaponComponent] 'Sphere' variable not found. Base class was probably changed.
[2017.04.28-16.06.55:746][353]LogBlueprint:Warning: [WeaponComponent] 'FirstPersonCamera' variable not found. Base class was probably changed.
[2017.04.28-16.06.55:748][353]LogBlueprint:Warning: [WeaponComponent] 'UsingMotionControllers?' variable not found. Base class was probably changed.
[2017.04.28-16.06.55:748][353]LogBlueprint:Warning: [WeaponComponent] 'VR_Marker' variable not found. Base class was probably changed.
[2017.04.28-16.06.55:749][353]LogBlueprint:Warning: [WeaponComponent] 'AmmoBar' variable not found. Base class was probably changed.
[2017.04.28-16.06.55:749][353]LogBlueprint:Warning: [WeaponComponent] 'AmmoBar' variable not found. Base class was probably changed.
[2017.04.28-16.06.55:749][353]LogBlueprint:Warning: [WeaponComponent] 'AmmoBar' variable not found. Base class was probably changed.
[2017.04.28-16.06.55:749][353]LogBlueprint:Warning: [WeaponComponent] 'AmmoBar' variable not found. Base class was probably changed.
[2017.04.28-16.06.55:750][353]LogBlueprint:Warning: [WeaponComponent] 'WeaponComponent' variable not found. Base class was probably changed.
[2017.04.28-16.06.55:750][353]LogBlueprint:Warning: [WeaponComponent] 'WeaponComponent' variable not found. Base class was probably changed.
[2017.04.28-16.06.55:750][353]LogBlueprint:Warning: [WeaponComponent] 'WeaponComponent' variable not found. Base class was probably changed.
[2017.04.28-16.06.55:750][353]LogBlueprint:Warning: [WeaponComponent] 'WeaponComponent' variable not found. Base class was probably changed.
[2017.04.28-16.06.55:750][353]LogBlueprint:Warning: [WeaponComponent] 'WeaponComponent' variable not found. Base class was probably changed.
[2017.04.28-16.06.55:750][353]LogBlueprint:Warning: [WeaponComponent] 'WeaponComponent' variable not found. Base class was probably changed.
[2017.04.28-16.06.55:750][353]LogBlueprint:Warning: [WeaponComponent] 'WeaponComponent' variable not found. Base class was probably changed.
[2017.04.28-16.06.55:750][353]LogBlueprint:Warning: [WeaponComponent] 'WeaponComponent' variable not found. Base class was probably changed.
[2017.04.28-16.06.55:750][353]LogBlueprint:Warning: [WeaponComponent] 'WeaponComponent' variable not found. Base class was probably changed.
[2017.04.28-16.06.55:750][353]LogBlueprint:Warning: [WeaponComponent] 'WeaponComponent' variable not found. Base class was probably changed.
[2017.04.28-16.06.55:750][353]LogBlueprint:Warning: [WeaponComponent] 'WeaponComponent' variable not found. Base class was probably changed.
[2017.04.28-16.06.55:750][353]LogBlueprint:Warning: [WeaponComponent] 'WeaponComponent' variable not found. Base class was probably changed.
[2017.04.28-16.06.55:750][353]LogBlueprint:Warning: [WeaponComponent] 'WeaponComponent' variable not found. Base class was probably changed.
[2017.04.28-16.07.09:887][186]BlueprintLog: New page: Compile WeaponComponent
[2017.04.28-16.07.10:805][186]LogSavePackage: Save=68.04ms
[2017.04.28-16.07.10:805][186]LogSavePackage: Moving '../../../../../4ºcurso/Repositorios/LastBulletVR/LastBullet/Saved/WeaponComponent31434FB440AF15C4514A8C8F666AE6A7.tmp' to '../../../../../4ºcurso/Repositorios/LastBulletVR/LastBullet/Content/FirstPersonBP/WeaponComponents/WeaponComponent.uasset'
[2017.04.28-16.07.10:821][186]LogSavePackage:Display: Finished SavePackage ../../../../../4ºcurso/Repositorios/LastBulletVR/LastBullet/Content/FirstPersonBP/WeaponComponents/WeaponComponent.uasset
[2017.04.28-16.07.35:451][312]BlueprintLog: New page: Compile FirstPersonCharacter
[2017.04.28-16.07.35:541][312]LogBlueprint:Warning: [Compiler FirstPersonCharacter] Warning InputAction Event references unknown Action 'ResetVR' for  InputAction ResetVR
[2017.04.28-16.07.35:567][312]LogBlueprint:Warning: [HUD] 'WeaponComponent1' variable not found. Base class was probably changed.
[2017.04.28-16.07.35:567][312]LogBlueprint:Warning: [HUD] 'WeaponComponent1' variable not found. Base class was probably changed.
[2017.04.28-16.07.35:567][312]LogBlueprint:Warning: [HUD] 'WeaponComponent1' variable not found. Base class was probably changed.
[2017.04.28-16.07.35:567][312]LogBlueprint:Warning: [HUD] 'WeaponComponent1' variable not found. Base class was probably changed.
[2017.04.28-16.07.35:587][312]LogBlueprint:Warning: [Compiler HUD] Warning Could not find a variable named "WeaponComponent1" in 'FirstPersonCharacter_C'.
Make sure 'FirstPersonCharacter_C' has been compiled for  Get WeaponComponent1
[2017.04.28-16.07.35:587][312]LogBlueprint:Warning: [Compiler HUD] Warning Could not find a variable named "WeaponComponent1" in 'FirstPersonCharacter_C'.
Make sure 'FirstPersonCharacter_C' has been compiled for  Get WeaponComponent1
[2017.04.28-16.07.35:588][312]LogBlueprint:Warning: [Compiler HUD] Warning Could not find a variable named "WeaponComponent1" in 'FirstPersonCharacter_C'.
Make sure 'FirstPersonCharacter_C' has been compiled for  Get WeaponComponent1
[2017.04.28-16.07.35:588][312]LogBlueprint:Warning: [Compiler HUD] Warning Could not find a variable named "WeaponComponent1" in 'FirstPersonCharacter_C'.
Make sure 'FirstPersonCharacter_C' has been compiled for  Get WeaponComponent1
[2017.04.28-16.07.35:589][312]LogBlueprint:Error: [Compiler HUD] Error The property associated with  Weapon Component 1  could not be found
[2017.04.28-16.07.35:589][312]LogBlueprint:Error: [Compiler HUD] Error The property associated with  Weapon Component 1  could not be found
[2017.04.28-16.07.35:590][312]LogBlueprint:Error: [Compiler HUD] Error The property associated with  Weapon Component 1  could not be found
[2017.04.28-16.07.35:590][312]LogBlueprint:Error: [Compiler HUD] Error The property associated with  Weapon Component 1  could not be found
[2017.04.28-16.07.35:903][312]BlueprintEditorCompileResults:Warning: Warning InputAction Event references unknown Action 'ResetVR' for  InputAction ResetVR
[2017.04.28-16.07.35:904][312]LogBlueprint:Warning: [Compiler FirstPersonCharacter] Warning [0763.76] Compile of FirstPersonCharacter successful, but with 1 Warning(s) [in 452 ms] (/Game/FirstPersonBP/Blueprints/FirstPersonCharacter.FirstPersonCharacter)
[2017.04.28-16.07.41:113][512]LogTemp: Repeting last play command: Selected Viewport
[2017.04.28-16.07.41:143][512]LogBlueprintUserMessages: Early PlayInEditor Detection: Level '/Game/StarterContent/Maps/Minimal_Default.Minimal_Default:PersistentLevel' has LevelScriptBlueprint '/Game/StarterContent/Maps/Minimal_Default.Minimal_Default:PersistentLevel.Minimal_Default' with GeneratedClass '/Game/StarterContent/Maps/Minimal_Default.Minimal_Default_C' with ClassGeneratedBy '/Game/StarterContent/Maps/Minimal_Default.Minimal_Default:PersistentLevel.Minimal_Default'
[2017.04.28-16.07.41:143][512]LogPlayLevel: PlayLevel: No blueprints needed recompiling
[2017.04.28-16.07.43:684][512]PIE: New page: PIE session: Minimal_Default (Apr 28, 2017, 8:07:43 PM)
[2017.04.28-16.07.43:684][512]LogPlayLevel: Creating play world package: /Game/StarterContent/Maps/UEDPIE_0_Minimal_Default
[2017.04.28-16.07.43:703][512]LogPlayLevel: PIE: StaticDuplicateObject took: (0.019225s)
[2017.04.28-16.07.43:704][512]LogAIModule: Creating AISystem for world Minimal_Default
[2017.04.28-16.07.43:704][512]LogPlayLevel: PIE: World Init took: (0.000869s)
[2017.04.28-16.07.43:704][512]LogPlayLevel: PIE: Created PIE world by copying editor world from /Game/StarterContent/Maps/Minimal_Default.Minimal_Default to /Game/StarterContent/Maps/UEDPIE_0_Minimal_Default.Minimal_Default (0.020372s)
[2017.04.28-16.07.43:740][512]LogInit: XAudio2 using '1 - BenQ GL2250H (AMD High Definition Audio Device)' : 2 channels at 48 kHz using 16 bits per sample (channel mask 0x3)
[2017.04.28-16.07.43:750][512]LogInit: FAudioDevice initialized.
[2017.04.28-16.07.43:780][512]LogLoad: Game class is 'FirstPersonGameMode_C'
[2017.04.28-16.07.43:789][512]LogWorld: Bringing World /Game/StarterContent/Maps/UEDPIE_0_Minimal_Default.Minimal_Default up for play (max tick rate 0) at 2017.04.28-18.07.43
[2017.04.28-16.07.43:789][512]LogWorld: Bringing up level for play took: 0.006604
[2017.04.28-16.07.43:793][512]PIE: Info Play in editor start time for /Game/StarterContent/Maps/UEDPIE_0_Minimal_Default 3.124
[2017.04.28-16.07.43:793][512]LogBlueprintUserMessages: Late PlayInEditor Detection: Level '/Game/StarterContent/Maps/Minimal_Default.Minimal_Default:PersistentLevel' has LevelScriptBlueprint '/Game/StarterContent/Maps/Minimal_Default.Minimal_Default:PersistentLevel.Minimal_Default' with GeneratedClass '/Game/StarterContent/Maps/Minimal_Default.Minimal_Default_C' with ClassGeneratedBy '/Game/StarterContent/Maps/Minimal_Default.Minimal_Default:PersistentLevel.Minimal_Default'
[2017.04.28-16.07.50:126][ 60]LogBlueprintUserMessages: [FirstPersonCharacter_C_0] Pistola
[2017.04.28-16.07.50:945][144]LogBlueprintUserMessages: [FirstPersonCharacter_C_0] Asalto
[2017.04.28-16.07.51:650][199]LogBlueprintUserMessages: [FirstPersonCharacter_C_0] Sniper
[2017.04.28-16.07.51:903][216]LogBlueprintUserMessages: [FirstPersonCharacter_C_0] Sniper
[2017.04.28-16.07.52:487][260]LogBlueprintUserMessages: [FirstPersonCharacter_C_0] RocketLauncher
[2017.04.28-16.07.52:703][275]LogBlueprintUserMessages: [FirstPersonCharacter_C_0] RocketLauncher
[2017.04.28-16.07.52:943][293]LogBlueprintUserMessages: [FirstPersonCharacter_C_0] Sniper
[2017.04.28-16.07.52:943][293]LogBlueprintUserMessages: [FirstPersonCharacter_C_0] Asalto
[2017.04.28-16.07.53:438][335]LogBlueprintUserMessages: [FirstPersonCharacter_C_0] Sniper
[2017.04.28-16.07.54:087][387]LogBlueprintUserMessages: [FirstPersonCharacter_C_0] Asalto
[2017.04.28-16.07.54:477][417]LogBlueprintUserMessages: [FirstPersonCharacter_C_0] Pistola
[2017.04.28-16.07.55:132][468]LogBlueprintUserMessages: Early EndPlayMap Detection: Level '/Game/StarterContent/Maps/Minimal_Default.Minimal_Default:PersistentLevel' has LevelScriptBlueprint '/Game/StarterContent/Maps/Minimal_Default.Minimal_Default:PersistentLevel.Minimal_Default' with GeneratedClass '/Game/StarterContent/Maps/Minimal_Default.Minimal_Default_C' with ClassGeneratedBy '/Game/StarterContent/Maps/Minimal_Default.Minimal_Default:PersistentLevel.Minimal_Default'
[2017.04.28-16.07.55:215][468]LogBlueprintUserMessages: Late EndPlayMap Detection: Level '/Game/StarterContent/Maps/Minimal_Default.Minimal_Default:PersistentLevel' has LevelScriptBlueprint '/Game/StarterContent/Maps/Minimal_Default.Minimal_Default:PersistentLevel.Minimal_Default' with GeneratedClass '/Game/StarterContent/Maps/Minimal_Default.Minimal_Default_C' with ClassGeneratedBy '/Game/StarterContent/Maps/Minimal_Default.Minimal_Default:PersistentLevel.Minimal_Default'
[2017.04.28-16.07.59:155][590]LogSavePackage: Save=405.03ms
[2017.04.28-16.07.59:155][590]LogSavePackage: Moving '../../../../../4ºcurso/Repositorios/LastBulletVR/LastBullet/Saved/Minimal_DefaultDDB53A264098454E57A9D596A262177C.tmp' to '../../../../../4ºcurso/Repositorios/LastBulletVR/LastBullet/Content/StarterContent/Maps/Minimal_Default.umap'
[2017.04.28-16.07.59:158][590]LogSavePackage:Display: Finished SavePackage ../../../../../4ºcurso/Repositorios/LastBulletVR/LastBullet/Content/StarterContent/Maps/Minimal_Default.umap
[2017.04.28-16.08.00:033][590]LogSavePackage: Save=398.46ms
[2017.04.28-16.08.00:033][590]LogSavePackage: Moving '../../../../../4ºcurso/Repositorios/LastBulletVR/LastBullet/Saved/Minimal_Default_BuiltDataFEA11BCA46730B6F038675B7CD1F7333.tmp' to '../../../../../4ºcurso/Repositorios/LastBulletVR/LastBullet/Content/StarterContent/Maps/Minimal_Default_BuiltData.uasset'
[2017.04.28-16.08.00:070][590]LogSavePackage:Display: Finished SavePackage ../../../../../4ºcurso/Repositorios/LastBulletVR/LastBullet/Content/StarterContent/Maps/Minimal_Default_BuiltData.uasset
[2017.04.28-16.08.01:637][667]BlueprintLog: New page: Compile HUD
[2017.04.28-16.08.02:819][714]BlueprintLog: New page: Compile HUD
[2017.04.28-16.08.05:081][830]BlueprintLog: New page: Compile WeaponComponent
[2017.04.28-16.08.06:737][877]LogSavePackage: Save=56.49ms
[2017.04.28-16.08.06:737][877]LogSavePackage: Moving '../../../../../4ºcurso/Repositorios/LastBulletVR/LastBullet/Saved/WeaponComponent85AD3CE94DFACE1722F5308DB5EEDA76.tmp' to '../../../../../4ºcurso/Repositorios/LastBulletVR/LastBullet/Content/FirstPersonBP/WeaponComponents/WeaponComponent.uasset'
[2017.04.28-16.08.06:739][877]LogSavePackage:Display: Finished SavePackage ../../../../../4ºcurso/Repositorios/LastBulletVR/LastBullet/Content/FirstPersonBP/WeaponComponents/WeaponComponent.uasset
[2017.04.28-16.08.08:691][944]LogSavePackage: Save=186.36ms
[2017.04.28-16.08.08:691][944]LogSavePackage: Moving '../../../../../4ºcurso/Repositorios/LastBulletVR/LastBullet/Saved/FirstPersonCharacter9D72130D40D0BBEAE4FC31887E568FDE.tmp' to '../../../../../4ºcurso/Repositorios/LastBulletVR/LastBullet/Content/FirstPersonBP/Blueprints/FirstPersonCharacter.uasset'
[2017.04.28-16.08.08:696][944]LogSavePackage:Display: Finished SavePackage ../../../../../4ºcurso/Repositorios/LastBulletVR/LastBullet/Content/FirstPersonBP/Blueprints/FirstPersonCharacter.uasset
[2017.04.28-16.08.09:076][960]BlueprintLog: New page: Compile FirstPersonCharacter
[2017.04.28-16.08.09:162][960]LogBlueprint:Warning: [Compiler FirstPersonCharacter] Warning InputAction Event references unknown Action 'ResetVR' for  InputAction ResetVR
[2017.04.28-16.08.09:186][960]LogBlueprint:Warning: [HUD] 'WeaponComponent1' variable not found. Base class was probably changed.
[2017.04.28-16.08.09:186][960]LogBlueprint:Warning: [HUD] 'WeaponComponent1' variable not found. Base class was probably changed.
[2017.04.28-16.08.09:186][960]LogBlueprint:Warning: [HUD] 'WeaponComponent1' variable not found. Base class was probably changed.
[2017.04.28-16.08.09:186][960]LogBlueprint:Warning: [HUD] 'WeaponComponent1' variable not found. Base class was probably changed.
[2017.04.28-16.08.09:204][960]LogBlueprint:Warning: [Compiler HUD] Warning Could not find a variable named "WeaponComponent1" in 'FirstPersonCharacter_C'.
Make sure 'FirstPersonCharacter_C' has been compiled for  Get WeaponComponent1
[2017.04.28-16.08.09:204][960]LogBlueprint:Warning: [Compiler HUD] Warning Could not find a variable named "WeaponComponent1" in 'FirstPersonCharacter_C'.
Make sure 'FirstPersonCharacter_C' has been compiled for  Get WeaponComponent1
[2017.04.28-16.08.09:205][960]LogBlueprint:Warning: [Compiler HUD] Warning Could not find a variable named "WeaponComponent1" in 'FirstPersonCharacter_C'.
Make sure 'FirstPersonCharacter_C' has been compiled for  Get WeaponComponent1
[2017.04.28-16.08.09:206][960]LogBlueprint:Warning: [Compiler HUD] Warning Could not find a variable named "WeaponComponent1" in 'FirstPersonCharacter_C'.
Make sure 'FirstPersonCharacter_C' has been compiled for  Get WeaponComponent1
[2017.04.28-16.08.09:206][960]LogBlueprint:Error: [Compiler HUD] Error The property associated with  Weapon Component 1  could not be found
[2017.04.28-16.08.09:206][960]LogBlueprint:Error: [Compiler HUD] Error The property associated with  Weapon Component 1  could not be found
[2017.04.28-16.08.09:207][960]LogBlueprint:Error: [Compiler HUD] Error The property associated with  Weapon Component 1  could not be found
[2017.04.28-16.08.09:207][960]LogBlueprint:Error: [Compiler HUD] Error The property associated with  Weapon Component 1  could not be found
[2017.04.28-16.08.09:523][960]BlueprintEditorCompileResults:Warning: Warning InputAction Event references unknown Action 'ResetVR' for  InputAction ResetVR
[2017.04.28-16.08.09:523][960]LogBlueprint:Warning: [Compiler FirstPersonCharacter] Warning [0797.38] Compile of FirstPersonCharacter successful, but with 1 Warning(s) [in 446 ms] (/Game/FirstPersonBP/Blueprints/FirstPersonCharacter.FirstPersonCharacter)
[2017.04.28-16.08.11:351][ 38]BlueprintLog: New page: Compile HUD
[2017.04.28-16.08.58:674][240]LogStats: FPlatformStackWalk::StackWalkAndDump -  0.315 s
[2017.04.28-16.08.58:674][240]LogOutputDevice:Error: === Handled ensure: ===
[2017.04.28-16.08.58:674][240]LogOutputDevice:Error: 
[2017.04.28-16.08.58:674][240]LogOutputDevice:Error: Ensure condition failed: ToPin->LinkedTo.Contains(this) [File:D:\Build\++UE4+Release-4.15+Compile\Sync\Engine\Source\Runtime\Engine\Private\EdGraph\EdGraphPin.cpp] [Line: 333]
[2017.04.28-16.08.58:674][240]LogOutputDevice:Error: UEdGraphPin::BreakLinkTo Pin 'execute' on node 'Branch' not reciprocally linked with pin 'Pressed' on node 'InputAction Fire'
[2017.04.28-16.08.58:674][240]LogOutputDevice:Error: Stack: 
[2017.04.28-16.08.58:674][240]LogOutputDevice:Error: UE4Editor-Core.dll!0x0000000016DA95E6
[2017.04.28-16.08.58:674][240]LogOutputDevice:Error: UE4Editor-Core.dll!0x0000000016B59B82
[2017.04.28-16.08.58:674][240]LogOutputDevice:Error: UE4Editor-Core.dll!0x0000000016B6B666
[2017.04.28-16.08.58:674][240]LogOutputDevice:Error: UE4Editor-Engine.dll!0x00000000115B8783
[2017.04.28-16.08.58:674][240]LogOutputDevice:Error: UE4Editor-Engine.dll!0x00000000115B85C6
[2017.04.28-16.08.58:674][240]LogOutputDevice:Error: UE4Editor-Engine.dll!0x00000000115B8157
[2017.04.28-16.08.58:674][240]LogOutputDevice:Error: UE4Editor-UnrealEd.dll!0x0000000014A677CF
[2017.04.28-16.08.58:675][240]LogOutputDevice:Error: UE4Editor-UnrealEd.dll!0x0000000014C36D8A
[2017.04.28-16.08.58:675][240]LogOutputDevice:Error: UE4Editor-UnrealEd.dll!0x0000000014A501A3
[2017.04.28-16.08.58:675][240]LogOutputDevice:Error: UE4Editor-Kismet.dll!0x000000000A982E0C
[2017.04.28-16.08.58:675][240]LogOutputDevice:Error: UE4Editor-Kismet.dll!0x000000000A982BEF
[2017.04.28-16.08.58:675][240]LogOutputDevice:Error: UE4Editor-Kismet.dll!0x000000000A911941
[2017.04.28-16.08.58:675][240]LogOutputDevice:Error: UE4Editor-Kismet.dll!0x000000000A9163E6
[2017.04.28-16.08.58:675][240]LogOutputDevice:Error: UE4Editor-Slate.dll!0x0000000015F88894
[2017.04.28-16.08.58:675][240]LogOutputDevice:Error: UE4Editor-Slate.dll!0x0000000015FCDBC2
[2017.04.28-16.08.58:675][240]LogOutputDevice:Error: UE4Editor-GraphEditor.dll!0x0000000009D05F7D
[2017.04.28-16.08.58:675][240]LogOutputDevice:Error: UE4Editor-Slate.dll!0x0000000015F731D4
[2017.04.28-16.08.58:675][240]LogOutputDevice:Error: UE4Editor-Slate.dll!0x0000000015F4376E
[2017.04.28-16.08.58:675][240]LogOutputDevice:Error: UE4Editor-Slate.dll!0x0000000015F45366
[2017.04.28-16.08.58:675][240]LogOutputDevice:Error: UE4Editor-Slate.dll!0x0000000015FCF449
[2017.04.28-16.08.58:675][240]LogOutputDevice:Error: UE4Editor-Slate.dll!0x0000000015FBE3C8
[2017.04.28-16.08.58:675][240]LogOutputDevice:Error: UE4Editor-Core.dll!0x0000000016D9CB3C
[2017.04.28-16.08.58:675][240]LogOutputDevice:Error: UE4Editor-Core.dll!0x0000000016D867C1
[2017.04.28-16.08.58:675][240]LogOutputDevice:Error: UE4Editor-Core.dll!0x0000000016D9EA1C
[2017.04.28-16.08.58:675][240]LogOutputDevice:Error: UE4Editor-Core.dll!0x0000000016D826E9
[2017.04.28-16.08.58:675][240]LogOutputDevice:Error: USER32.dll!0x0000000041921C24
[2017.04.28-16.08.58:675][240]LogOutputDevice:Error: USER32.dll!0x000000004192156C
[2017.04.28-16.08.58:675][240]LogOutputDevice:Error: UE4Editor-Core.dll!0x0000000016D9F326
[2017.04.28-16.08.58:675][240]LogOutputDevice:Error: UE4Editor.exe!0x000000006499D790
[2017.04.28-16.08.58:675][240]LogOutputDevice:Error: UE4Editor.exe!0x000000006498EB40
[2017.04.28-16.08.58:675][240]LogOutputDevice:Error: UE4Editor.exe!0x000000006498EBBA
[2017.04.28-16.08.58:675][240]LogOutputDevice:Error: UE4Editor.exe!0x00000000649A0A29
[2017.04.28-16.08.58:675][240]LogOutputDevice:Error: UE4Editor.exe!0x00000000649A22B6
[2017.04.28-16.08.58:675][240]LogOutputDevice:Error: KERNEL32.DLL!0x0000000043DC8364
[2017.04.28-16.08.58:675][240]LogOutputDevice:Error: ntdll.dll!0x00000000441770D1
[2017.04.28-16.08.58:675][240]LogOutputDevice:Error: 
[2017.04.28-16.08.58:681][240]LogStats:                SubmitErrorReport -  0.000 s
