Log file open, 04/01/17 22:26:23
LogInit:Display: Running engine for game: LastBullet
LogPlatformFile: Not using cached read wrapper
LogInit:Display: RandInit(1851117689) SRandInit(1851117696).
LogTaskGraph: Started task graph with 5 named threads and 8 total threads with 1 sets of task threads.
LogStats: Stats thread started at 0.086877
LogInit: Using libcurl 7.47.1
LogInit:  - built for x86_64-pc-win32
LogInit:  - supports SSL with OpenSSL/1.0.2g
LogInit:  - supports HTTP deflate (compression) using libz 1.2.8
LogInit:  - other features:
LogInit:      CURL_VERSION_SSL
LogInit:      CURL_VERSION_LIBZ
LogInit:      CURL_VERSION_IPV6
LogInit:      CURL_VERSION_ASYNCHDNS
LogInit:      CURL_VERSION_LARGEFILE
LogInit:      CURL_VERSION_IDN
LogInit:  CurlRequestOptions (configurable via config and command line):
LogInit:  - bVerifyPeer = false  - Libcurl will NOT verify peer certificate
LogInit:  - bUseHttpProxy = false  - Libcurl will NOT use HTTP proxy
LogInit:  - bDontReuseConnections = false  - Libcurl will reuse connections
LogInit:  - CertBundlePath = nullptr  - Libcurl will use whatever was configured at build time.
LogInit: Build: ++UE4+Release-4.15-CL-3348071
LogInit: Engine Version: 4.15.1-3348071+++UE4+Release-4.15
LogInit: Compatible Engine Version: 4.15.0-3299760+++UE4+Release-4.15
LogInit: Net CL: 3299760
LogDevObjectVersion: Number of dev versions registered: 14
LogDevObjectVersion:   Dev-Blueprints (B0D832E4-1F89-4F0D-ACCF-7EB736FD4AA2): 8
LogDevObjectVersion:   Dev-Build (E1C64328-A22C-4D53-A36C-8E866417BD8C): 0
LogDevObjectVersion:   Dev-Core (375EC13C-06E4-48FB-B500-84F0262A717E): 2
LogDevObjectVersion:   Dev-Editor (E4B068ED-F494-42E9-A231-DA0B2E46BB41): 14
LogDevObjectVersion:   Dev-Framework (CFFC743F-43B0-4480-9391-14DF171D2073): 22
LogDevObjectVersion:   Dev-Mobile (B02B49B5-BB20-44E9-A304-32B752E40360): 0
LogDevObjectVersion:   Dev-Networking (A4E4105C-59A1-49B5-A7C5-40C4547EDFEE): 0
LogDevObjectVersion:   Dev-Online (39C831C9-5AE6-47DC-9A44-9C173E1C8E7C): 0
LogDevObjectVersion:   Dev-Physics (78F01B33-EBEA-4F98-B9B4-84EACCB95AA2): 0
LogDevObjectVersion:   Dev-Platform (6631380F-2D4D-43E0-8009-CF276956A95A): 0
LogDevObjectVersion:   Dev-Rendering (12F88B9F-8875-4AFC-A67C-D90C383ABD29): 12
LogDevObjectVersion:   Dev-Sequencer (7B5AE74C-D270-4C10-A958-57980B212A5A): 3
LogDevObjectVersion:   Dev-VR (D7296918-1DD6-4BDD-9DE2-64A83CC13884): 0
LogDevObjectVersion:   Dev-LoadTimes (C2A15278-BFE7-4AFE-6C17-90FF531DF755): 1
LogInit: Compiled (64-bit): Mar 15 2017 16:52:47
LogInit: Compiled with Visual C++: 19.00.23026.00
LogInit: Build Configuration: Development
LogInit: Branch Name: ++UE4+Release-4.15
LogInit: Command line: -EpicPortal 
LogInit: Base directory: D:/EpicGames/UE_4.15/Engine/Binaries/Win64/
LogInit: Installed Engine Build: 1
LogInit: Presizing for max 8388607 objects, including 0 objects not considered by GC, pre-allocating 0 bytes for permanent pool.
LogInit: Object subsystem initialized
[2017.04.01-20.26.25:243][  0]LogInit: Selected Device Profile: [Windows]
[2017.04.01-20.26.25:243][  0]LogInit: Applying CVar settings loaded from the selected device profile: [Windows]
[2017.04.01-20.26.25:372][  0]LogInit: Computer: DESKTOP-1OLBMPA
[2017.04.01-20.26.25:372][  0]LogInit: User: julio
[2017.04.01-20.26.25:372][  0]LogInit: CPU Page size=65536, Cores=4
[2017.04.01-20.26.25:372][  0]LogInit: High frequency timer resolution =14.318180 MHz
[2017.04.01-20.26.25:373][  0]LogMemory: Memory total: Physical=8.0GB (8GB approx)
[2017.04.01-20.26.25:373][  0]LogMemory: Platform Memory Stats for Windows
[2017.04.01-20.26.25:373][  0]LogMemory: Process Physical Memory: 262.84 MB used, 262.84 MB peak
[2017.04.01-20.26.25:373][  0]LogMemory: Process Virtual Memory: 262.88 MB used, 262.88 MB peak
[2017.04.01-20.26.25:373][  0]LogMemory: Physical Memory: 7478.79 MB used,  669.95 MB free, 8148.73 MB total
[2017.04.01-20.26.25:373][  0]LogMemory: Virtual Memory: 645.23 MB used,  669.95 MB free, 134217728.00 MB total
[2017.04.01-20.26.25:666][  0]LogInit: Overriding culture en with editor configuration.
[2017.04.01-20.26.29:628][  0]LogD3D11RHI: D3D11 adapters:
[2017.04.01-20.26.29:645][  0]LogD3D11RHI:    0. 'AMD Radeon R9 200 Series' (Feature Level 11_0)
[2017.04.01-20.26.29:645][  0]LogD3D11RHI:       3053/0/4074 MB DedicatedVideo/DedicatedSystem/SharedSystem, Outputs:2, VendorId:0x1002
[2017.04.01-20.26.29:647][  0]LogD3D11RHI:    1. 'Microsoft Basic Render Driver' (Feature Level 11_0)
[2017.04.01-20.26.29:647][  0]LogD3D11RHI:       0/0/4074 MB DedicatedVideo/DedicatedSystem/SharedSystem, Outputs:0, VendorId:0x1414
[2017.04.01-20.26.29:647][  0]LogD3D11RHI: Chosen D3D11 Adapter: 0
[2017.04.01-20.26.29:655][  0]LogD3D11RHI: Creating new Direct3DDevice
[2017.04.01-20.26.29:655][  0]LogD3D11RHI:     GPU DeviceId: 0x679a (for the marketing name, search the web for "GPU Device Id")
[2017.04.01-20.26.29:655][  0]LogWindows: EnumDisplayDevices:
[2017.04.01-20.26.29:655][  0]LogWindows:    0. 'AMD Radeon R9 200 Series' (P:1 D:1)
[2017.04.01-20.26.29:655][  0]LogWindows:    1. 'AMD Radeon R9 200 Series' (P:0 D:1)
[2017.04.01-20.26.29:656][  0]LogWindows:    2. 'AMD Radeon R9 200 Series' (P:0 D:0)
[2017.04.01-20.26.29:656][  0]LogWindows:    3. 'AMD Radeon R9 200 Series' (P:0 D:0)
[2017.04.01-20.26.29:656][  0]LogWindows:    4. 'AMD Radeon R9 200 Series' (P:0 D:0)
[2017.04.01-20.26.29:657][  0]LogWindows:    5. 'AMD Radeon R9 200 Series' (P:0 D:0)
[2017.04.01-20.26.29:657][  0]LogWindows: DebugString: FoundDriverCount:6 
[2017.04.01-20.26.29:657][  0]LogD3D11RHI:     Adapter Name: AMD Radeon R9 200 Series
[2017.04.01-20.26.29:657][  0]LogD3D11RHI:   Driver Version: Crimson 16.6 (internal:21.19.137.514, unified:21.19.137.514)
[2017.04.01-20.26.29:657][  0]LogD3D11RHI:      Driver Date: 11-21-2016
[2017.04.01-20.26.29:657][  0]LogRHI: Texture pool is 1361 MB (70% of 1945 MB)
[2017.04.01-20.26.29:716][  0]LogD3D11RHI: Async texture creation enabled
[2017.04.01-20.26.29:731][  0]LogD3D11RHI: GPU Timing Frequency: 27.000000 (Debug: 2 1)
[2017.04.01-20.26.29:733][  0]LogShaderCompilers: Guid format shader working directory is 16 characters bigger than the processId version (../../../../Projects/LastBullet/Intermediate/Shaders/WorkingDirectory/360/).
[2017.04.01-20.26.29:733][  0]LogShaderCompilers: Cleaned the shader compiler working directory 'C:/Users/julio/AppData/Local/Temp/UnrealShaderWorkingDir/7ABFB76E444E0F57DC501D92E6454997/'.
[2017.04.01-20.26.29:733][  0]LogShaderCompilers:Display: Using Local Shader Compiler.
[2017.04.01-20.26.34:080][  0]LogTemp:Display: Loaded TP AllDesktopTargetPlatform
[2017.04.01-20.26.34:150][  0]LogTemp:Display: Loaded TP MacClientTargetPlatform
[2017.04.01-20.26.34:220][  0]LogTemp:Display: Loaded TP MacNoEditorTargetPlatform
[2017.04.01-20.26.34:294][  0]LogTemp:Display: Loaded TP MacServerTargetPlatform
[2017.04.01-20.26.34:385][  0]LogTemp:Display: Loaded TP MacTargetPlatform
[2017.04.01-20.26.34:456][  0]LogTemp:Display: Loaded TP WindowsClientTargetPlatform
[2017.04.01-20.26.34:530][  0]LogTemp:Display: Loaded TP WindowsNoEditorTargetPlatform
[2017.04.01-20.26.34:610][  0]LogTemp:Display: Loaded TP WindowsServerTargetPlatform
[2017.04.01-20.26.34:712][  0]LogTemp:Display: Loaded TP WindowsTargetPlatform
[2017.04.01-20.26.34:843][  0]LogTemp:Display: Loaded TP AndroidTargetPlatform
[2017.04.01-20.26.34:949][  0]LogTemp:Display: Loaded TP Android_ASTCTargetPlatform
[2017.04.01-20.26.35:047][  0]LogTemp:Display: Loaded TP Android_ATCTargetPlatform
[2017.04.01-20.26.35:163][  0]LogTemp:Display: Loaded TP Android_DXTTargetPlatform
[2017.04.01-20.26.35:270][  0]LogTemp:Display: Loaded TP Android_ETC1TargetPlatform
[2017.04.01-20.26.35:380][  0]LogTemp:Display: Loaded TP Android_ETC2TargetPlatform
[2017.04.01-20.26.35:620][  0]LogTemp:Display: Loaded TP Android_MultiTargetPlatform
[2017.04.01-20.26.35:620][  0]LogTemp:Display: Loaded TP Android_PVRTCTargetPlatform
[2017.04.01-20.26.35:670][  0]LogTemp:Display: Loaded TP HTML5TargetPlatform
[2017.04.01-20.26.35:889][  0]LogTemp:Display: Loaded TP IOSTargetPlatform
[2017.04.01-20.26.35:935][  0]LogTemp:Display: Loaded TP TVOSTargetPlatform
[2017.04.01-20.26.36:235][  0]LogTemp:Display: Loaded TP LinuxClientTargetPlatform
[2017.04.01-20.26.36:443][  0]LogTemp:Display: Loaded TP LinuxNoEditorTargetPlatform
[2017.04.01-20.26.36:559][  0]LogTemp:Display: Loaded TP LinuxServerTargetPlatform
[2017.04.01-20.26.36:706][  0]LogTemp:Display: Loaded TP LinuxTargetPlatform
[2017.04.01-20.26.36:706][  0]LogTargetPlatformManager:Display: Building Assets For Windows
[2017.04.01-20.26.37:687][  0]LogDerivedDataCache:Display: Max Cache Size: 512 MB
[2017.04.01-20.26.37:778][  0]LogDerivedDataCache: Loaded boot cache 0.09s 50MB C:/Users/julio/AppData/Local/UnrealEngine/4.15/DerivedDataCache/Boot.ddc.
[2017.04.01-20.26.37:778][  0]LogDerivedDataCache:Display: Loaded Boot cache: C:/Users/julio/AppData/Local/UnrealEngine/4.15/DerivedDataCache/Boot.ddc
[2017.04.01-20.26.37:778][  0]LogDerivedDataCache: FDerivedDataBackendGraph:  Pak pak cache file ../../../../Projects/LastBullet/DerivedDataCache/DDC.ddp not found, will not use a pak cache.
[2017.04.01-20.26.37:778][  0]LogDerivedDataCache: Unable to find inner node Pak for hierarchical cache Hierarchy.
[2017.04.01-20.26.37:778][  0]LogDerivedDataCache: FDerivedDataBackendGraph:  CompressedPak pak cache file ../../../../Projects/LastBullet/DerivedDataCache/Compressed.ddp not found, will not use a pak cache.
[2017.04.01-20.26.37:778][  0]LogDerivedDataCache: Unable to find inner node CompressedPak for hierarchical cache Hierarchy.
[2017.04.01-20.26.37:816][  0]LogDerivedDataCache:Display: Pak cache opened for reading ../../../Engine/DerivedDataCache/Compressed.ddp.
[2017.04.01-20.26.37:829][  0]LogDerivedDataCache: Using Local data cache path C:/Users/julio/AppData/Local/UnrealEngine/Common/DerivedDataCache: Writable
[2017.04.01-20.26.37:843][  0]LogSlate: Using Freetype 2.6.0
[2017.04.01-20.26.37:857][  0]LogSlate: SlateFontCache - WITH_FREETYPE: 1, WITH_HARFBUZZ: 1
[2017.04.01-20.26.37:857][  0]LogSlate: SlateFontCache - WITH_FREETYPE: 1, WITH_HARFBUZZ: 1
[2017.04.01-20.26.39:454][  0]LogInit: Selected Device Profile: [Windows]
[2017.04.01-20.26.39:458][  0]LogContentStreaming: Texture pool size is 0.00 MB
[2017.04.01-20.26.39:709][  0]LogMeshUtilities: Using QuadricMeshReduction for automatic static mesh reduction
[2017.04.01-20.26.39:761][  0]LogSimplygon: Simplygon DLL not present - disabling.
[2017.04.01-20.26.39:816][  0]LogMeshUtilities: Using SimplygonSwarm for distributed automatic mesh merging
[2017.04.01-20.26.39:816][  0]LogMeshUtilities: No automatic skeletal mesh reduction module available
[2017.04.01-20.26.39:816][  0]LogMeshUtilities: No automatic mesh merging module available
[2017.04.01-20.26.40:604][  0]LogNetVersion: GetLocalNetworkVersion: CL: 3299760, ProjectName: lastbullet, ProjectVersion: , EngineNetworkVersion: 2, GameNetworkVersion: 0, NetworkChecksum: 1522868599
[2017.04.01-20.26.40:654][  0]LogAssetRegistry: FAssetRegistry took 0.0215 seconds to start up
[2017.04.01-20.26.40:884][  0]LogPackageLocalizationCache: Processed 3 localized package path(s) for 1 prioritized culture(s) in 0.202302 seconds
[2017.04.01-20.26.40:891][  0]LogUObjectArray: 32493 objects as part of root set at end of initial load.
[2017.04.01-20.26.40:891][  0]LogUObjectAllocator: 7077024 out of 0 bytes used by permanent object pool.
[2017.04.01-20.26.40:891][  0]LogUObjectArray: CloseDisregardForGC: 0/0 objects in disregard for GC pool
[2017.04.01-20.26.40:965][  0]LogInit: WinSock: version 1.1 (2.2), MaxSocks=32767, MaxUdp=65467
[2017.04.01-20.26.56:966][  0]LogTcpMessaging: Initializing TcpMessaging bridge
[2017.04.01-20.26.57:011][  0]LogUdpMessaging: Initializing bridge on interface 0.0.0.0:0 to multicast group 230.0.0.1:6666.
[2017.04.01-20.26.57:597][  0]LogMaterial: Uniform references updated for custom material expression Custom.
[2017.04.01-20.26.58:048][  0]SourceControl: Info Source control is disabled
[2017.04.01-20.26.58:050][  0]SourceControl: Info Source control is disabled
[2017.04.01-20.26.58:102][  0]SourceControl: Info Source control is disabled
[2017.04.01-20.26.58:154][  0]SourceControl: Info Source control is disabled
[2017.04.01-20.26.58:521][  0]LogLinker:Warning: Can't find file '/Game/FirstPersonBP/FirstPersonOverview'
[2017.04.01-20.26.58:521][  0]LogLinker:Warning: Can't find file '/Game/FirstPersonBP/FirstPersonOverview'
[2017.04.01-20.26.58:521][  0]LogUObjectGlobals:Warning: Failed to find object 'Class /Game/FirstPersonBP/FirstPersonOverview.FirstPersonOverview_C'
[2017.04.01-20.26.59:671][  0]LogEngine: Initializing Engine...
[2017.04.01-20.26.59:672][  0]LogHMD: Failed to initialize OpenVR with code 110
[2017.04.01-20.26.59:948][  0]LogAIModule: Creating AISystem for world Untitled
[2017.04.01-20.26.59:963][  0]LogInit: XAudio2 using '1 - BenQ GL2250H (AMD High Definition Audio Device)' : 2 channels at 48 kHz using 16 bits per sample (channel mask 0x3)
[2017.04.01-20.26.59:977][  0]LogInit: FAudioDevice initialized.
[2017.04.01-20.27.00:025][  0]LogDerivedDataCache: Saved boot cache 0.05s 50MB C:/Users/julio/AppData/Local/UnrealEngine/4.15/DerivedDataCache/Boot.ddc.
[2017.04.01-20.27.00:040][  0]LogInit: Texture streaming: Enabled
[2017.04.01-20.27.00:151][  0]LogEngineSessionManager: EngineSessionManager initialized
[2017.04.01-20.27.00:293][  0]LogInit: Transaction tracking system initialized
[2017.04.01-20.27.00:754][  0]BlueprintLog: New page: Editor Load
[2017.04.01-20.27.01:786][  0]LocalizationService: Info Localization service is disabled
[2017.04.01-20.27.02:639][  0]LogConsoleResponse:Display: 
[2017.04.01-20.27.02:889][  0]LogCook:Display: Max memory allowance for cook 16384mb min free memory 0mb
[2017.04.01-20.27.02:889][  0]LogCook:Display: Mobile HDR setting 1
[2017.04.01-20.27.03:588][  0]LogFileCache: Scanning file cache for directory 'D:/EpicGames/Projects/LastBullet/Content/' took 0.03s
[2017.04.01-20.27.04:249][  0]SourceControl: Info Source control is disabled
[2017.04.01-20.27.04:249][  0]Cmd: MAP LOAD FILE="../../../../Projects/LastBullet/Content/StarterContent/Maps/Minimal_Default.umap" TEMPLATE=0 SHOWPROGRESS=1 FEATURELEVEL=3
[2017.04.01-20.27.04:250][  0]LightingResults: New page: Lighting Build
[2017.04.01-20.27.04:297][  0]MapCheck: New page: Map Check
[2017.04.01-20.27.04:297][  0]LightingResults: New page: Lighting Build
[2017.04.01-20.27.04:368][  0]LogLinker:Warning: Asset '../../../../Projects/LastBullet/Content/Blueprints/modul_transporttransport_16_Blueprint.uasset' has been saved with empty engine version. The asset will be loaded but may be incompatible.
[2017.04.01-20.27.04:909][  0]LogBlueprint:Warning: Node '/Game/Blueprints/modul_transporttransport_16_Blueprint.modul_transporttransport_16_Blueprint:EdGraph_0.K2Node_FunctionEntry_359' missing NodeGuid because of upgrade from old package version, this can cause deterministic cooking issues please resave package.
[2017.04.01-20.27.04:937][  0]LogBlueprint:Warning: Node '/Game/Blueprints/modul_transporttransport_16_Blueprint.modul_transporttransport_16_Blueprint:EdGraph_1.K2Node_FunctionEntry_359' missing NodeGuid because of upgrade from old package version, this can cause deterministic cooking issues please resave package.
[2017.04.01-20.27.04:941][  0]LogBlueprint:Warning: Node '/Game/Blueprints/modul_transporttransport_16_Blueprint.modul_transporttransport_16_Blueprint:EdGraph_2.K2Node_FunctionEntry_359' missing NodeGuid because of upgrade from old package version, this can cause deterministic cooking issues please resave package.
[2017.04.01-20.27.07:468][  0]LogLinker:Warning: Asset '../../../../Projects/LastBullet/Content/Meshes/Space/StarMap_Nebula_1_Mat.uasset' has been saved with empty engine version. The asset will be loaded but may be incompatible.
[2017.04.01-20.27.07:490][  0]LogLinker:Warning: Asset '../../../../Projects/LastBullet/Content/Meshes/Space/StarMap_Nebula_1.uasset' has been saved with empty engine version. The asset will be loaded but may be incompatible.
[2017.04.01-20.27.07:636][  0]LogLinker:Warning: Asset '../../../../Projects/LastBullet/Content/Meshes/Space/FX_Map_7.uasset' has been saved with empty engine version. The asset will be loaded but may be incompatible.
[2017.04.01-20.27.07:665][  0]LogLinker:Warning: Asset '../../../../Projects/LastBullet/Content/Meshes/Space/StarMap_1.uasset' has been saved with empty engine version. The asset will be loaded but may be incompatible.
[2017.04.01-20.27.13:627][  0]LogBlueprint:Warning: Node '/Game/Blueprints/modul_transporttransport_16_Blueprint.modul_transporttransport_16_Blueprint:UserConstructionScript.K2Node_FunctionEntry_359' missing NodeGuid because of upgrade from old package version, this can cause deterministic cooking issues please resave package.
[2017.04.01-20.27.14:343][  0]LogAIModule: Creating AISystem for world Minimal_Default
[2017.04.01-20.27.14:597][  0]LogEditorServer: Finished looking for orphan Actors (0.000 secs)
[2017.04.01-20.27.14:638][  0]Cmd: MAP CHECKDEP NOCLEARLOG
[2017.04.01-20.27.14:710][  0]MapCheck: Info Map check complete: 0 Error(s), 0 Warning(s), took 72.317ms to complete.
[2017.04.01-20.27.14:710][  0]LogFileHelpers: Loading map 'Minimal_Default' took 10.461
[2017.04.01-20.27.15:632][  0]LogCollectionManager: Loaded 0 collections in 0.011317 seconds
[2017.04.01-20.27.15:783][  0]LogFileCache: Scanning file cache for directory 'D:/EpicGames/Projects/LastBullet/Saved/Collections/' took 0.01s
[2017.04.01-20.27.15:783][  0]LogFileCache: Scanning file cache for directory 'D:/EpicGames/Projects/LastBullet/Content/Developers/julio/Collections/' took 0.01s
[2017.04.01-20.27.15:783][  0]LogFileCache: Scanning file cache for directory 'D:/EpicGames/Projects/LastBullet/Content/Collections/' took 0.01s
[2017.04.01-20.27.15:783][  0]LogCollectionManager: Rebuilt the GUID cache for 0 collections in 0.000005 seconds
[2017.04.01-20.27.15:799][  0]LogContentBrowser: Native class hierarchy populated in 0.0141 seconds. Added 2245 classes and 453 folders.
[2017.04.01-20.27.15:881][  0]LogStats: UGameplayTagsManager::ConstructGameplayTagTree: Construct from data asset -  0.000 s
[2017.04.01-20.27.15:897][  0]LogStats: UGameplayTagsManager::ConstructGameplayTagTree: GameplayTagTreeChangedEvent.Broadcast -  0.000 s
[2017.04.01-20.27.15:996][  0]LogContentBrowser: Native class hierarchy updated for 'WidgetCarousel' in 0.0006 seconds. Added 0 classes and 0 folders.
[2017.04.01-20.27.17:028][  0]LogContentBrowser: Native class hierarchy updated for 'AddContentDialog' in 0.0007 seconds. Added 0 classes and 0 folders.
[2017.04.01-20.27.17:237][  0]LogContentBrowser: Native class hierarchy updated for 'SceneOutliner' in 0.0007 seconds. Added 1 classes and 2 folders.
[2017.04.01-20.27.18:000][  0]LogCrashTracker: Crashtracker disabled due to settings.
[2017.04.01-20.27.18:189][  0]LogUObjectGlobals:Warning: Failed to find object 'Class None.'
[2017.04.01-20.27.18:292][  0]LogContentBrowser: Native class hierarchy updated for 'HierarchicalLODOutliner' in 0.0007 seconds. Added 1 classes and 2 folders.
[2017.04.01-20.27.18:292][  0]LogLoad: (Engine Initialization) Total time: 56.44 seconds
[2017.04.01-20.27.18:292][  0]LogLoad: (Engine Initialization) Total Blueprint compile time: 0.09 seconds
[2017.04.01-20.27.18:292][  0]LogExternalProfiler: Found external profiler: VSPerf
[2017.04.01-20.27.18:292][  0]LogExternalProfiler: Using external profiler: VSPerf
[2017.04.01-20.27.18:302][  0]LogOcInput: OculusInput pre-init called
[2017.04.01-20.27.18:547][  0]LogContentStreaming: Texture pool size now 1000 MB
[2017.04.01-20.27.18:568][  0]LogSlate: Took 0.020098 seconds to synchronously load lazily loaded font '../../../Engine/Content/Slate/Fonts/Roboto-Regular.ttf' (155K)
[2017.04.01-20.27.18:584][  0]LogSlate: Took 0.010129 seconds to synchronously load lazily loaded font '../../../Engine/Content/Slate/Fonts/Roboto-Bold.ttf' (160K)
[2017.04.01-20.27.18:663][  0]LogSlate: Took 0.021413 seconds to synchronously load lazily loaded font '../../../Engine/Content/Editor/Slate/Fonts/FontAwesome.ttf' (139K)
[2017.04.01-20.27.19:644][  0]LogRenderer: Reallocating scene render targets to support 1264x632 NumSamples 1 (Frame:2).
[2017.04.01-20.27.20:061][  1]LogSlate: Took 0.026070 seconds to synchronously load lazily loaded font '../../../Engine/Content/Slate/Fonts/Roboto-Light.ttf' (159K)
[2017.04.01-20.27.20:286][  3]LogAssetRegistry: Asset discovery search completed in 39.6534 seconds
[2017.04.01-20.27.20:286][  3]LogCollectionManager: Rebuilt the object cache for 0 collections in 0.000008 seconds (found 0 objects)
[2017.04.01-20.27.20:287][  3]LogCollectionManager: Fixed up redirectors for 0 collections in 0.000029 seconds (updated 0 objects)
[2017.04.01-20.27.31:894][939]LogEditorViewport: Clicking on Actor (LMB): PostProcessVolume (PostProcessVolume)
[2017.04.01-20.27.32:417][945]Cmd: CAMERA ALIGN ACTIVEVIEWPORTONLY
[2017.04.01-20.28.38:931][786]LogSlate: Took 0.000244 seconds to synchronously load lazily loaded font '../../../Engine/Content/Slate/Fonts/Roboto-Light.ttf' (159K)
[2017.04.01-20.29.06:954][737]LogSlate: Took 0.026639 seconds to synchronously load lazily loaded font '../../../Engine/Content/Editor/Slate/Fonts/Roboto-BoldCondensed.ttf' (158K)
[2017.04.01-20.29.37:614][393]Cmd: TRANSACTION UNDO
[2017.04.01-20.29.37:614][393]LogEditorTransaction: Undo Animatable Property Changed
[2017.04.01-20.29.37:677][393]LogSlate: Took 0.000432 seconds to synchronously load lazily loaded font '../../../Engine/Content/Slate/Fonts/Roboto-Light.ttf' (159K)
[2017.04.01-20.30.22:450][573]Cmd: TRANSACTION UNDO
[2017.04.01-20.30.22:450][573]LogEditorTransaction: Undo Animatable Property Changed
[2017.04.01-20.30.23:981][651]Cmd: TRANSACTION UNDO
[2017.04.01-20.30.23:981][651]LogEditorTransaction: Undo Add Keys at Current Time
[2017.04.01-20.30.31:670][147]Cmd: TRANSACTION UNDO
[2017.04.01-20.30.31:670][147]LogEditorTransaction: Undo Select Actors/Components
[2017.04.01-20.31.23:409][943]LogSlate: Took 0.022206 seconds to synchronously load lazily loaded font '../../../Engine/Content/Editor/Slate/Fonts/Roboto-Italic.ttf' (157K)
[2017.04.01-20.32.45:528][842]Cmd: TRANSACTION UNDO
[2017.04.01-20.32.45:528][842]LogEditorTransaction: Undo Select Actors/Components
[2017.04.01-20.33.32:477][ 67]Cmd: TRANSACTION UNDO
[2017.04.01-20.33.32:477][ 67]LogEditorTransaction: Undo Delete Keys
[2017.04.01-20.35.00:272][ 21]Cmd: TRANSACTION UNDO
[2017.04.01-20.35.00:272][ 21]LogEditorTransaction: Undo Move Keys
[2017.04.01-20.37.03:253][858]Cmd: TRANSACTION UNDO
[2017.04.01-20.37.03:253][858]LogEditorTransaction: Undo Add Keys at Current Time
[2017.04.01-20.37.21:539][ 81]Cmd: TRANSACTION UNDO
[2017.04.01-20.37.21:539][ 81]LogEditorTransaction: Undo Add Keys at Current Time
[2017.04.01-20.37.56:037][135]Cmd: TRANSACTION UNDO
[2017.04.01-20.37.56:037][135]LogEditorTransaction: Undo Animatable Property Changed
[2017.04.01-20.38.32:411][246]Cmd: TRANSACTION UNDO
[2017.04.01-20.38.32:411][246]LogEditorTransaction: Undo Delete Keys
[2017.04.01-20.40.47:101][602]Cmd: TRANSACTION UNDO
[2017.04.01-20.40.47:101][602]LogEditorTransaction: Undo Move Keys
[2017.04.01-20.40.52:898][954]Cmd: TRANSACTION UNDO
[2017.04.01-20.40.52:898][954]LogEditorTransaction: Undo Move Keys
[2017.04.01-20.40.57:266][175]Cmd: TRANSACTION REDO
[2017.04.01-20.40.57:266][175]LogEditorTransaction: Redo Move Keys
[2017.04.01-20.40.57:875][193]Cmd: TRANSACTION REDO
[2017.04.01-20.40.57:875][193]LogEditorTransaction: Redo Move Keys
[2017.04.01-20.41.52:517][930]Cmd: TRANSACTION UNDO
[2017.04.01-20.41.52:517][930]LogEditorTransaction: Undo Select Actors/Components
[2017.04.01-20.41.52:724][932]Cmd: TRANSACTION UNDO
[2017.04.01-20.41.52:724][932]LogEditorTransaction: Undo Delete Keys
[2017.04.01-20.44.50:123][876]LogEditorViewport: Clicking on Actor (LMB): StaticMeshActor (ventilation)
[2017.04.01-20.45.35:869][159]Cmd: TRANSACTION UNDO
[2017.04.01-20.45.35:869][159]LogEditorTransaction: Undo Set Interpolation and Tangent Mode
[2017.04.01-20.45.45:276][792]Cmd: TRANSACTION UNDO
[2017.04.01-20.45.45:276][792]LogEditorTransaction: Undo Set Interpolation and Tangent Mode
[2017.04.01-20.45.46:742][863]Cmd: TRANSACTION UNDO
[2017.04.01-20.45.46:742][863]LogEditorTransaction: Undo Select Actors/Components
[2017.04.01-20.45.48:146][938]Cmd: TRANSACTION UNDO
[2017.04.01-20.45.48:146][938]LogEditorTransaction: Undo Select Actors/Components
[2017.04.01-20.45.49:328][  0]Cmd: TRANSACTION UNDO
[2017.04.01-20.45.49:328][  0]LogEditorTransaction: Undo Set Interpolation and Tangent Mode
[2017.04.01-20.46.21:219][160]LogEditorTransaction: Undo Mouse Drag
[2017.04.01-20.46.37:011][197]LogEditorTransaction: Undo Mouse Drag
[2017.04.01-20.46.37:698][229]LogEditorTransaction: Undo Mouse Drag
[2017.04.01-20.46.38:722][294]LogEditorTransaction: Undo Select Interpolation Mode
[2017.04.01-20.46.53:467][281]LogEditorTransaction: Undo Mouse Drag
[2017.04.01-20.46.59:427][664]LogEditorTransaction: Undo Mouse Drag
[2017.04.01-20.47.28:874][584]LogEditorViewport: Clicking on Actor (LMB): CineCameraActor (CineCameraActor)
[2017.04.01-20.50.34:289][719]LogEditorViewport: Clicking on Actor (LMB): modul_transporttransport_16_Blueprint_C (modul_transporttransport_16_Blueprint)
[2017.04.01-20.50.37:545][898]Cmd: TRANSACTION UNDO
[2017.04.01-20.50.37:545][898]LogEditorTransaction: Undo Animatable Property Changed
[2017.04.01-20.50.46:402][590]Cmd: TRANSACTION UNDO
[2017.04.01-20.50.46:402][590]LogEditorTransaction: Undo Animatable Property Changed
[2017.04.01-20.50.54:278][247]LogEditorViewport: Clicking on Actor (LMB): CineCameraActor (CineCameraActor)
[2017.04.01-20.52.45:052][274]Cmd: TRANSACTION UNDO
[2017.04.01-20.52.45:052][274]LogEditorTransaction: Undo Rotate Actors
[2017.04.01-20.52.47:267][398]LogEditorViewport: Clicking on Actor (LMB): StaticMeshActor (scene_PtoA_9_1)
[2017.04.01-20.52.49:475][556]LogEditorViewport: Clicking on Actor (LMB): CineCameraActor (CineCameraActor)
[2017.04.01-20.53.03:576][516]LogEditorViewport: Clicking on Actor (LMB): StaticMeshActor (scene_PtoA_9_1)
[2017.04.01-20.53.05:055][621]LogEditorViewport: Clicking on Actor (LMB): CineCameraActor (CineCameraActor)
[2017.04.01-20.53.09:491][890]LogEditorViewport: Clicking on Actor (LMB): CineCameraActor (CineCameraActor)
[2017.04.01-20.53.10:707][970]LogEditorViewport: Clicking on Actor (LMB): CineCameraActor (CineCameraActor)
[2017.04.01-20.53.11:815][ 43]LogEditorViewport: Clicking on Actor (LMB): CineCameraActor (CineCameraActor)
[2017.04.01-20.53.12:982][120]LogEditorViewport: Clicking on Actor (LMB): CineCameraActor (CineCameraActor)
[2017.04.01-20.53.13:624][162]LogEditorViewport: Clicking on Actor (LMB): CineCameraActor (CineCameraActor)
[2017.04.01-20.53.14:067][190]LogEditorViewport: Clicking on Actor (LMB): CineCameraActor (CineCameraActor)
[2017.04.01-20.54.15:843][283]Cmd: TRANSACTION UNDO
[2017.04.01-20.54.15:843][283]LogEditorTransaction: Undo Mouse Drag
[2017.04.01-20.54.16:370][300]Cmd: TRANSACTION UNDO
[2017.04.01-20.54.16:370][300]LogEditorTransaction: Undo Select Interpolation Mode
[2017.04.01-20.54.16:747][321]Cmd: TRANSACTION UNDO
[2017.04.01-20.54.16:747][321]LogEditorTransaction: Undo Select Interpolation Mode
[2017.04.01-20.54.17:130][343]Cmd: TRANSACTION UNDO
[2017.04.01-20.54.17:131][343]LogEditorTransaction: Undo Mouse Drag
[2017.04.01-20.54.17:478][363]Cmd: TRANSACTION UNDO
[2017.04.01-20.54.17:478][363]LogEditorTransaction: Undo Select Interpolation Mode
[2017.04.01-20.54.17:746][378]Cmd: TRANSACTION UNDO
[2017.04.01-20.54.17:746][378]LogEditorTransaction: Undo Mouse Drag
[2017.04.01-20.54.18:112][399]Cmd: TRANSACTION UNDO
[2017.04.01-20.54.18:112][399]LogEditorTransaction: Undo Mouse Drag
[2017.04.01-20.54.18:429][417]Cmd: TRANSACTION UNDO
[2017.04.01-20.54.18:429][417]LogEditorTransaction: Undo Mouse Drag
[2017.04.01-20.54.24:933][749]Cmd: TRANSACTION UNDO
[2017.04.01-20.54.24:933][749]LogEditorTransaction: Undo Add Key(s)
[2017.04.01-20.54.25:349][762]Cmd: TRANSACTION UNDO
[2017.04.01-20.54.25:349][762]LogEditorTransaction: Undo Mouse Drag
[2017.04.01-20.54.25:827][781]Cmd: TRANSACTION UNDO
[2017.04.01-20.54.25:828][781]LogEditorTransaction: Undo Mouse Drag
[2017.04.01-20.54.26:352][803]Cmd: TRANSACTION UNDO
[2017.04.01-20.54.26:352][803]LogEditorTransaction: Undo Mouse Drag
[2017.04.01-20.54.26:761][820]Cmd: TRANSACTION UNDO
[2017.04.01-20.54.26:761][820]LogEditorTransaction: Undo Mouse Drag
[2017.04.01-20.54.27:079][833]Cmd: TRANSACTION UNDO
[2017.04.01-20.54.27:079][833]LogEditorTransaction: Undo Mouse Drag
[2017.04.01-20.54.27:470][849]Cmd: TRANSACTION UNDO
[2017.04.01-20.54.27:470][849]LogEditorTransaction: Undo Mouse Drag
[2017.04.01-20.54.27:884][866]Cmd: TRANSACTION UNDO
[2017.04.01-20.54.27:884][866]LogEditorTransaction: Undo Mouse Drag
[2017.04.01-20.54.28:298][883]Cmd: TRANSACTION UNDO
[2017.04.01-20.54.28:298][883]LogEditorTransaction: Undo Clicking on Actors
[2017.04.01-20.54.28:562][893]Cmd: TRANSACTION UNDO
[2017.04.01-20.54.28:562][893]LogEditorTransaction: Undo Clicking on Actors
[2017.04.01-20.54.28:828][904]Cmd: TRANSACTION UNDO
[2017.04.01-20.54.28:828][904]LogEditorTransaction: Undo Clicking on Actors
[2017.04.01-20.54.29:052][913]Cmd: TRANSACTION UNDO
[2017.04.01-20.54.29:052][913]LogEditorTransaction: Undo Clicking on Actors
[2017.04.01-20.54.29:272][922]Cmd: TRANSACTION UNDO
[2017.04.01-20.54.29:272][922]LogEditorTransaction: Undo Clicking on Actors
[2017.04.01-20.54.29:518][932]Cmd: TRANSACTION UNDO
[2017.04.01-20.54.29:518][932]LogEditorTransaction: Undo Clicking on Actors
[2017.04.01-20.54.29:740][941]Cmd: TRANSACTION UNDO
[2017.04.01-20.54.29:740][941]LogEditorTransaction: Undo Clicking on Actors
[2017.04.01-20.54.29:950][945]Cmd: TRANSACTION UNDO
[2017.04.01-20.54.29:950][945]LogEditorTransaction: Undo Clicking on Actors
[2017.04.01-20.54.30:176][946]Cmd: TRANSACTION UNDO
[2017.04.01-20.54.30:176][946]LogEditorTransaction: Undo Clicking on Actors
[2017.04.01-20.54.30:774][979]Cmd: TRANSACTION UNDO
[2017.04.01-20.54.30:774][979]LogEditorTransaction: Undo Clicking on Actors
[2017.04.01-20.54.31:469][  1]Cmd: TRANSACTION UNDO
[2017.04.01-20.54.31:469][  1]LogEditorTransaction: Undo Select Actors/Components
[2017.04.01-20.54.31:898][ 19]Cmd: TRANSACTION UNDO
[2017.04.01-20.54.31:898][ 19]LogEditorTransaction: Undo Select Actors/Components
[2017.04.01-20.54.32:255][ 34]Cmd: TRANSACTION UNDO
[2017.04.01-20.54.32:255][ 34]LogEditorTransaction: Undo Select Actors/Components
[2017.04.01-20.54.32:634][ 50]Cmd: TRANSACTION UNDO
[2017.04.01-20.54.32:634][ 50]LogEditorTransaction: Undo Select Actors/Components
[2017.04.01-20.54.32:943][ 63]Cmd: TRANSACTION UNDO
[2017.04.01-20.54.32:944][ 63]LogEditorTransaction: Undo Mouse Drag
[2017.04.01-20.54.33:207][ 74]Cmd: TRANSACTION UNDO
[2017.04.01-20.54.33:207][ 74]LogEditorTransaction: Undo Mouse Drag
[2017.04.01-20.54.33:587][ 90]Cmd: TRANSACTION UNDO
[2017.04.01-20.54.33:587][ 90]LogEditorTransaction: Undo Mouse Drag
[2017.04.01-20.54.33:990][107]Cmd: TRANSACTION UNDO
[2017.04.01-20.54.33:990][107]LogEditorTransaction: Undo Mouse Drag
[2017.04.01-20.54.34:417][125]Cmd: TRANSACTION UNDO
[2017.04.01-20.54.34:417][125]LogEditorTransaction: Undo Mouse Drag
[2017.04.01-20.54.35:464][170]Cmd: TRANSACTION UNDO
[2017.04.01-20.54.35:464][170]LogEditorTransaction: Undo Add Key(s)
[2017.04.01-20.56.04:513][753]LogFileHelpers: Editor autosave (incl. sublevels) for '/Game/StarterContent/Maps/Minimal_Default' took 0.053
[2017.04.01-20.56.04:562][753]OBJ SavePackage: Generating thumbnails for [0] asset(s) in package [/Game/StarterContent/Maps/MatineeActorLevelSequence] ([1] browsable assets)...
[2017.04.01-20.56.04:562][753]OBJ SavePackage: Finished generating thumbnails for package [/Game/StarterContent/Maps/MatineeActorLevelSequence]
[2017.04.01-20.56.05:083][753]LogSavePackage: Save=120.70ms
[2017.04.01-20.56.05:083][753]LogSavePackage: Moving '../../../../Projects/LastBullet/Saved/MatineeActorLevelSequence_Auto18CCF72874E30F92C4F45E582C3206757.tmp' to '../../../../Projects/LastBullet/Saved/Autosaves/Game/StarterContent/Maps/MatineeActorLevelSequence_Auto1.uasset'
[2017.04.01-20.56.05:098][753]LogSavePackage:Display: Finished SavePackage ../../../../Projects/LastBullet/Saved/Autosaves/Game/StarterContent/Maps/MatineeActorLevelSequence_Auto1.uasset
[2017.04.01-20.56.05:098][753]LogFileHelpers: Auto-saving content packages took 0.584
[2017.04.01-20.58.03:724][473]Cmd: TRANSACTION UNDO
[2017.04.01-20.58.03:724][473]LogEditorTransaction: Undo Add Keys at Current Time
[2017.04.01-20.58.06:829][676]Cmd: TRANSACTION UNDO
[2017.04.01-20.58.06:829][676]LogEditorTransaction: Undo Animatable Property Changed
[2017.04.01-20.58.07:911][732]Cmd: TRANSACTION UNDO
[2017.04.01-20.58.07:911][732]LogEditorTransaction: Undo Animatable Property Changed
[2017.04.01-20.58.08:551][764]Cmd: TRANSACTION UNDO
[2017.04.01-20.58.08:551][764]LogEditorTransaction: Undo Add Keys at Current Time
[2017.04.01-20.58.24:494][712]Cmd: TRANSACTION UNDO
[2017.04.01-20.58.24:494][712]LogEditorTransaction: Undo Add Keys at Current Time
[2017.04.01-20.59.47:082][101]Cmd: TRANSACTION UNDO
[2017.04.01-20.59.47:082][101]LogEditorTransaction: Undo Mouse Drag
[2017.04.01-21.02.38:361][702]LogContentBrowser: Native class hierarchy updated for 'MovieSceneCapture' in 0.0018 seconds. Added 11 classes and 0 folders.
[2017.04.01-21.02.38:381][702]LogLinker: Can't find file '/Engine/Transient'
[2017.04.01-21.03.15:599][295]Cmd: OBJ SAVEPACKAGE PACKAGE="/Game/StarterContent/Maps/MatineeActorLevelSequence" FILE="../../../../Projects/LastBullet/Content/StarterContent/Maps/MatineeActorLevelSequence.uasset" SILENT=true
[2017.04.01-21.03.15:627][295]LogSavePackage: Save=17.36ms
[2017.04.01-21.03.15:627][295]LogSavePackage: Moving '../../../../Projects/LastBullet/Saved/MatineeActorLevelSequenceF5BC99DE404FC283956097866AC296B5.tmp' to '../../../../Projects/LastBullet/Content/StarterContent/Maps/MatineeActorLevelSequence.uasset'
[2017.04.01-21.03.15:643][295]LogSavePackage:Display: Finished SavePackage ../../../../Projects/LastBullet/Content/StarterContent/Maps/MatineeActorLevelSequence.uasset
[2017.04.01-21.03.15:702][295]LogBlueprintUserMessages: Early PlayInEditor Detection: Level '/Game/StarterContent/Maps/Minimal_Default.Minimal_Default:PersistentLevel' has LevelScriptBlueprint '/Game/StarterContent/Maps/Minimal_Default.Minimal_Default:PersistentLevel.Minimal_Default' with GeneratedClass '/Game/StarterContent/Maps/Minimal_Default.Minimal_Default_C' with ClassGeneratedBy '/Game/StarterContent/Maps/Minimal_Default.Minimal_Default:PersistentLevel.Minimal_Default'
[2017.04.01-21.03.15:725][295]LogPlayLevel: PlayLevel: No blueprints needed recompiling
[2017.04.01-21.03.15:770][295]PIE: New page: PIE session: Minimal_Default (Apr 2, 2017, 1:03:15 AM)
[2017.04.01-21.03.15:770][295]LogPlayLevel: Creating play world package: /Game/StarterContent/Maps/UEDPIE_0_Minimal_Default
[2017.04.01-21.03.15:861][295]LogPlayLevel: PIE: StaticDuplicateObject took: (0.090146s)
[2017.04.01-21.03.15:862][295]LogAIModule: Creating AISystem for world Minimal_Default
[2017.04.01-21.03.15:862][295]LogPlayLevel: PIE: World Init took: (0.001368s)
[2017.04.01-21.03.15:881][295]LogPlayLevel: PIE: Created PIE world by copying editor world from /Game/StarterContent/Maps/Minimal_Default.Minimal_Default to /Game/StarterContent/Maps/UEDPIE_0_Minimal_Default.Minimal_Default (0.110749s)
[2017.04.01-21.03.15:906][295]LogInit: XAudio2 using '1 - BenQ GL2250H (AMD High Definition Audio Device)' : 2 channels at 48 kHz using 16 bits per sample (channel mask 0x3)
[2017.04.01-21.03.15:918][295]LogInit: FAudioDevice initialized.
[2017.04.01-21.03.16:103][295]LogLoad: Game class is 'GameModeBase'
[2017.04.01-21.03.16:272][295]LogWorld: Bringing World /Game/StarterContent/Maps/UEDPIE_0_Minimal_Default.Minimal_Default up for play (max tick rate 0) at 2017.04.01-23.03.16
[2017.04.01-21.03.16:286][295]LogWorld: Bringing up level for play took: 0.022186
[2017.04.01-21.03.16:307][295]LogGameMode: FindPlayerStart: PATHS NOT DEFINED or NO PLAYERSTART with positive rating
[2017.04.01-21.03.16:453][295]PIE: Info Play in editor start time for /Game/StarterContent/Maps/UEDPIE_0_Minimal_Default 1.195
[2017.04.01-21.03.16:454][295]LogBlueprintUserMessages: Late PlayInEditor Detection: Level '/Game/StarterContent/Maps/Minimal_Default.Minimal_Default:PersistentLevel' has LevelScriptBlueprint '/Game/StarterContent/Maps/Minimal_Default.Minimal_Default:PersistentLevel.Minimal_Default' with GeneratedClass '/Game/StarterContent/Maps/Minimal_Default.Minimal_Default_C' with ClassGeneratedBy '/Game/StarterContent/Maps/Minimal_Default.Minimal_Default:PersistentLevel.Minimal_Default'
[2017.04.01-21.03.16:484][295]LogConsoleManager:Warning: Setting the console variable 'r.Streaming.PoolSize' with 'SetByScalability' was ignored as it is lower priority than the previous 'SetByConsole'. Value remains '-1'
[2017.04.01-21.03.16:519][295]LogRenderer: Reallocating scene render targets to support 1920x1080 NumSamples 1 (Frame:163210).
[2017.04.01-21.03.16:584][296]LogRenderer: Reallocating scene render targets to support 1920x1080 NumSamples 1 (Frame:163211).
[2017.04.01-21.03.17:022][299]LogContentStreaming: Texture pool size now 752 MB
[2017.04.01-21.04.00:960][901]LogContentStreaming: Texture pool size now 748 MB
[2017.04.01-21.04.25:916][218]LogEditorViewport: Clicking on Actor (LMB): StaticMeshActor (ventilation)
[2017.04.01-21.04.34:742][328]LogEditorViewport: Clicking on Actor (LMB): SphereReflectionCapture (SphereReflectionCapture)
[2017.04.01-21.04.41:192][407]Cmd: TRANSACTION UNDO
[2017.04.01-21.04.41:193][407]LogEditorTransaction: Undo Move Actors
[2017.04.01-21.04.44:096][437]LogConsoleManager:Warning: Setting the console variable 'r.Streaming.PoolSize' with 'SetByScalability' was ignored as it is lower priority than the previous 'SetByConsole'. Value remains '-1'
[2017.04.01-21.04.44:136][437]LogConsoleManager:Warning: Setting the console variable 'r.Streaming.PoolSize' with 'SetByScalability' was ignored as it is lower priority than the previous 'SetByConsole'. Value remains '1000'
[2017.04.01-21.04.44:156][437]LogBlueprintUserMessages: Early EndPlayMap Detection: Level '/Game/StarterContent/Maps/Minimal_Default.Minimal_Default:PersistentLevel' has LevelScriptBlueprint '/Game/StarterContent/Maps/Minimal_Default.Minimal_Default:PersistentLevel.Minimal_Default' with GeneratedClass '/Game/StarterContent/Maps/Minimal_Default.Minimal_Default_C' with ClassGeneratedBy '/Game/StarterContent/Maps/Minimal_Default.Minimal_Default:PersistentLevel.Minimal_Default'
[2017.04.01-21.04.44:289][437]LogBlueprintUserMessages: Late EndPlayMap Detection: Level '/Game/StarterContent/Maps/Minimal_Default.Minimal_Default:PersistentLevel' has LevelScriptBlueprint '/Game/StarterContent/Maps/Minimal_Default.Minimal_Default:PersistentLevel.Minimal_Default' with GeneratedClass '/Game/StarterContent/Maps/Minimal_Default.Minimal_Default_C' with ClassGeneratedBy '/Game/StarterContent/Maps/Minimal_Default.Minimal_Default:PersistentLevel.Minimal_Default'
[2017.04.01-21.04.44:604][438]LogRenderer: Reallocating scene render targets to support 1920x1080 NumSamples 1 (Frame:164577).
[2017.04.01-21.04.45:018][440]LogContentStreaming: Texture pool size now 1000 MB
[2017.04.01-21.04.56:010][191]LogEditorViewport: Clicking on Actor (LMB): SphereReflectionCapture (SphereReflectionCapture2)
[2017.04.01-21.05.18:940][215]LogSavePackage: Save=633.99ms
[2017.04.01-21.05.18:940][215]LogSavePackage: Moving '../../../../Projects/LastBullet/Saved/Minimal_Default274272794F220E64CD3B3A8343267AAA.tmp' to '../../../../Projects/LastBullet/Content/StarterContent/Maps/Minimal_Default.umap'
[2017.04.01-21.05.18:944][215]LogSavePackage:Display: Finished SavePackage ../../../../Projects/LastBullet/Content/StarterContent/Maps/Minimal_Default.umap
[2017.04.01-21.05.18:995][215]LogFileHelpers: Saving map 'Minimal_Default' took 1.067
[2017.04.01-21.05.19:018][215]LogBlueprintUserMessages: Early PlayInEditor Detection: Level '/Game/StarterContent/Maps/Minimal_Default.Minimal_Default:PersistentLevel' has LevelScriptBlueprint '/Game/StarterContent/Maps/Minimal_Default.Minimal_Default:PersistentLevel.Minimal_Default' with GeneratedClass '/Game/StarterContent/Maps/Minimal_Default.Minimal_Default_C' with ClassGeneratedBy '/Game/StarterContent/Maps/Minimal_Default.Minimal_Default:PersistentLevel.Minimal_Default'
[2017.04.01-21.05.19:018][215]LogPlayLevel: PlayLevel: No blueprints needed recompiling
[2017.04.01-21.05.19:018][215]PIE: New page: PIE session: Minimal_Default (Apr 2, 2017, 1:05:19 AM)
[2017.04.01-21.05.19:018][215]LogPlayLevel: Creating play world package: /Game/StarterContent/Maps/UEDPIE_0_Minimal_Default
[2017.04.01-21.05.19:057][215]LogPlayLevel: PIE: StaticDuplicateObject took: (0.039202s)
[2017.04.01-21.05.19:058][215]LogAIModule: Creating AISystem for world Minimal_Default
[2017.04.01-21.05.19:059][215]LogPlayLevel: PIE: World Init took: (0.001358s)
[2017.04.01-21.05.19:059][215]LogPlayLevel: PIE: Created PIE world by copying editor world from /Game/StarterContent/Maps/Minimal_Default.Minimal_Default to /Game/StarterContent/Maps/UEDPIE_0_Minimal_Default.Minimal_Default (0.040960s)
[2017.04.01-21.05.19:164][215]LogInit: XAudio2 using '1 - BenQ GL2250H (AMD High Definition Audio Device)' : 2 channels at 48 kHz using 16 bits per sample (channel mask 0x3)
[2017.04.01-21.05.19:175][215]LogInit: FAudioDevice initialized.
[2017.04.01-21.05.19:320][215]LogLoad: Game class is 'GameModeBase'
[2017.04.01-21.05.19:328][215]LogWorld: Bringing World /Game/StarterContent/Maps/UEDPIE_0_Minimal_Default.Minimal_Default up for play (max tick rate 0) at 2017.04.01-23.05.19
[2017.04.01-21.05.19:329][215]LogWorld: Bringing up level for play took: 0.007084
[2017.04.01-21.05.19:329][215]LogGameMode: FindPlayerStart: PATHS NOT DEFINED or NO PLAYERSTART with positive rating
[2017.04.01-21.05.19:339][215]PIE: Info Play in editor start time for /Game/StarterContent/Maps/UEDPIE_0_Minimal_Default 0.082
[2017.04.01-21.05.19:340][215]LogBlueprintUserMessages: Late PlayInEditor Detection: Level '/Game/StarterContent/Maps/Minimal_Default.Minimal_Default:PersistentLevel' has LevelScriptBlueprint '/Game/StarterContent/Maps/Minimal_Default.Minimal_Default:PersistentLevel.Minimal_Default' with GeneratedClass '/Game/StarterContent/Maps/Minimal_Default.Minimal_Default_C' with ClassGeneratedBy '/Game/StarterContent/Maps/Minimal_Default.Minimal_Default:PersistentLevel.Minimal_Default'
[2017.04.01-21.05.19:343][215]LogConsoleManager:Warning: Setting the console variable 'r.Streaming.PoolSize' with 'SetByScalability' was ignored as it is lower priority than the previous 'SetByConsole'. Value remains '-1'
[2017.04.01-21.05.19:452][216]LogRenderer: Reallocating scene render targets to support 1920x1080 NumSamples 1 (Frame:166405).
[2017.04.01-21.05.19:647][218]LogContentStreaming: Texture pool size now 786 MB
[2017.04.01-21.06.01:359][820]LogContentStreaming: Texture pool size now 730 MB
