Log file open, 04/26/17 16:41:35
LogInit:Display: Running engine for game: LastBullet
LogPlatformFile: Not using cached read wrapper
LogInit:Display: RandInit(862968947) SRandInit(862968961).
LogTaskGraph: Started task graph with 5 named threads and 8 total threads with 1 sets of task threads.
LogStats: Stats thread started at 0.086705
LogInit: Using libcurl 7.47.1
LogInit:  - built for x86_64-pc-win32
LogInit:  - supports SSL with OpenSSL/1.0.2g
LogInit:  - supports HTTP deflate (compression) using libz 1.2.8
LogInit:  - other features:
LogInit:      CURL_VERSION_SSL
LogInit:      CURL_VERSION_LIBZ
LogInit:      CURL_VERSION_IPV6
LogInit:      CURL_VERSION_ASYNCHDNS
LogInit:      CURL_VERSION_LARGEFILE
LogInit:      CURL_VERSION_IDN
LogInit:  CurlRequestOptions (configurable via config and command line):
LogInit:  - bVerifyPeer = false  - Libcurl will NOT verify peer certificate
LogInit:  - bUseHttpProxy = false  - Libcurl will NOT use HTTP proxy
LogInit:  - bDontReuseConnections = false  - Libcurl will reuse connections
LogInit:  - CertBundlePath = nullptr  - Libcurl will use whatever was configured at build time.
LogInit: Build: ++UE4+Release-4.15-CL-3348071
LogInit: Engine Version: 4.15.1-3348071+++UE4+Release-4.15
LogInit: Compatible Engine Version: 4.15.0-3299760+++UE4+Release-4.15
LogInit: Net CL: 3299760
LogDevObjectVersion: Number of dev versions registered: 14
LogDevObjectVersion:   Dev-Blueprints (B0D832E4-1F89-4F0D-ACCF-7EB736FD4AA2): 8
LogDevObjectVersion:   Dev-Build (E1C64328-A22C-4D53-A36C-8E866417BD8C): 0
LogDevObjectVersion:   Dev-Core (375EC13C-06E4-48FB-B500-84F0262A717E): 2
LogDevObjectVersion:   Dev-Editor (E4B068ED-F494-42E9-A231-DA0B2E46BB41): 14
LogDevObjectVersion:   Dev-Framework (CFFC743F-43B0-4480-9391-14DF171D2073): 22
LogDevObjectVersion:   Dev-Mobile (B02B49B5-BB20-44E9-A304-32B752E40360): 0
LogDevObjectVersion:   Dev-Networking (A4E4105C-59A1-49B5-A7C5-40C4547EDFEE): 0
LogDevObjectVersion:   Dev-Online (39C831C9-5AE6-47DC-9A44-9C173E1C8E7C): 0
LogDevObjectVersion:   Dev-Physics (78F01B33-EBEA-4F98-B9B4-84EACCB95AA2): 0
LogDevObjectVersion:   Dev-Platform (6631380F-2D4D-43E0-8009-CF276956A95A): 0
LogDevObjectVersion:   Dev-Rendering (12F88B9F-8875-4AFC-A67C-D90C383ABD29): 12
LogDevObjectVersion:   Dev-Sequencer (7B5AE74C-D270-4C10-A958-57980B212A5A): 3
LogDevObjectVersion:   Dev-VR (D7296918-1DD6-4BDD-9DE2-64A83CC13884): 0
LogDevObjectVersion:   Dev-LoadTimes (C2A15278-BFE7-4AFE-6C17-90FF531DF755): 1
LogInit: Compiled (64-bit): Mar 15 2017 16:52:47
LogInit: Compiled with Visual C++: 19.00.23026.00
LogInit: Build Configuration: Development
LogInit: Branch Name: ++UE4+Release-4.15
LogInit: Command line:  
LogInit: Base directory: D:/EpicGames/UE_4.15/Engine/Binaries/Win64/
LogInit: Installed Engine Build: 1
LogInit: Presizing for max 8388607 objects, including 0 objects not considered by GC, pre-allocating 0 bytes for permanent pool.
LogInit: Object subsystem initialized
[2017.04.26-14.41.36:852][  0]LogInit: Selected Device Profile: [Windows]
[2017.04.26-14.41.36:852][  0]LogInit: Applying CVar settings loaded from the selected device profile: [Windows]
[2017.04.26-14.41.36:863][  0]LogInit: Computer: DESKTOP-1OLBMPA
[2017.04.26-14.41.36:863][  0]LogInit: User: julio
[2017.04.26-14.41.36:863][  0]LogInit: CPU Page size=65536, Cores=4
[2017.04.26-14.41.36:863][  0]LogInit: High frequency timer resolution =14.318180 MHz
[2017.04.26-14.41.36:863][  0]LogMemory: Memory total: Physical=8.0GB (8GB approx)
[2017.04.26-14.41.36:863][  0]LogMemory: Platform Memory Stats for Windows
[2017.04.26-14.41.36:863][  0]LogMemory: Process Physical Memory: 263.61 MB used, 263.61 MB peak
[2017.04.26-14.41.36:863][  0]LogMemory: Process Virtual Memory: 262.66 MB used, 262.66 MB peak
[2017.04.26-14.41.36:863][  0]LogMemory: Physical Memory: 3437.77 MB used,  4710.96 MB free, 8148.73 MB total
[2017.04.26-14.41.36:863][  0]LogMemory: Virtual Memory: 645.23 MB used,  4710.96 MB free, 134217728.00 MB total
[2017.04.26-14.41.36:955][  0]LogInit: Overriding culture en with editor configuration.
[2017.04.26-14.41.37:691][  0]LogD3D11RHI: D3D11 adapters:
[2017.04.26-14.41.37:710][  0]LogD3D11RHI:    0. 'AMD Radeon R9 200 Series' (Feature Level 11_0)
[2017.04.26-14.41.37:710][  0]LogD3D11RHI:       3053/0/4074 MB DedicatedVideo/DedicatedSystem/SharedSystem, Outputs:1, VendorId:0x1002
[2017.04.26-14.41.37:711][  0]LogD3D11RHI:    1. 'Microsoft Basic Render Driver' (Feature Level 11_0)
[2017.04.26-14.41.37:711][  0]LogD3D11RHI:       0/0/4074 MB DedicatedVideo/DedicatedSystem/SharedSystem, Outputs:0, VendorId:0x1414
[2017.04.26-14.41.37:711][  0]LogD3D11RHI: Chosen D3D11 Adapter: 0
[2017.04.26-14.41.37:718][  0]LogD3D11RHI: Creating new Direct3DDevice
[2017.04.26-14.41.37:718][  0]LogD3D11RHI:     GPU DeviceId: 0x679a (for the marketing name, search the web for "GPU Device Id")
[2017.04.26-14.41.37:718][  0]LogWindows: EnumDisplayDevices:
[2017.04.26-14.41.37:718][  0]LogWindows:    0. 'AMD Radeon R9 200 Series' (P:1 D:1)
[2017.04.26-14.41.37:719][  0]LogWindows:    1. 'AMD Radeon R9 200 Series' (P:0 D:0)
[2017.04.26-14.41.37:719][  0]LogWindows:    2. 'AMD Radeon R9 200 Series' (P:0 D:0)
[2017.04.26-14.41.37:720][  0]LogWindows:    3. 'AMD Radeon R9 200 Series' (P:0 D:0)
[2017.04.26-14.41.37:720][  0]LogWindows:    4. 'AMD Radeon R9 200 Series' (P:0 D:0)
[2017.04.26-14.41.37:721][  0]LogWindows:    5. 'AMD Radeon R9 200 Series' (P:0 D:0)
[2017.04.26-14.41.37:721][  0]LogWindows: DebugString: FoundDriverCount:6 
[2017.04.26-14.41.37:721][  0]LogD3D11RHI:     Adapter Name: AMD Radeon R9 200 Series
[2017.04.26-14.41.37:721][  0]LogD3D11RHI:   Driver Version: Crimson 16.6 (internal:21.19.137.514, unified:21.19.137.514)
[2017.04.26-14.41.37:721][  0]LogD3D11RHI:      Driver Date: 11-21-2016
[2017.04.26-14.41.37:721][  0]LogRHI: Texture pool is 1361 MB (70% of 1945 MB)
[2017.04.26-14.41.37:778][  0]LogD3D11RHI: Async texture creation enabled
[2017.04.26-14.41.37:794][  0]LogD3D11RHI: GPU Timing Frequency: 27.000000 (Debug: 2 1)
[2017.04.26-14.41.37:795][  0]LogShaderCompilers: Guid format shader working directory is -13 characters bigger than the processId version (../../../../../4ºcurso/Repositorios/LastBulletVR/LastBullet/Intermediate/Shaders/WorkingDirectory/6912/).
[2017.04.26-14.41.37:796][  0]LogShaderCompilers: Cleaned the shader compiler working directory 'C:/Users/julio/AppData/Local/Temp/UnrealShaderWorkingDir/992D97BD4D8A952799B2D6BE238A9846/'.
[2017.04.26-14.41.37:796][  0]LogShaderCompilers:Display: Using Local Shader Compiler.
[2017.04.26-14.41.39:367][  0]LogTemp:Display: Loaded TP AllDesktopTargetPlatform
[2017.04.26-14.41.39:436][  0]LogTemp:Display: Loaded TP MacClientTargetPlatform
[2017.04.26-14.41.39:507][  0]LogTemp:Display: Loaded TP MacNoEditorTargetPlatform
[2017.04.26-14.41.39:584][  0]LogTemp:Display: Loaded TP MacServerTargetPlatform
[2017.04.26-14.41.39:654][  0]LogTemp:Display: Loaded TP MacTargetPlatform
[2017.04.26-14.41.39:723][  0]LogTemp:Display: Loaded TP WindowsClientTargetPlatform
[2017.04.26-14.41.39:792][  0]LogTemp:Display: Loaded TP WindowsNoEditorTargetPlatform
[2017.04.26-14.41.39:863][  0]LogTemp:Display: Loaded TP WindowsServerTargetPlatform
[2017.04.26-14.41.39:917][  0]LogTemp:Display: Loaded TP WindowsTargetPlatform
[2017.04.26-14.41.39:984][  0]LogTemp:Display: Loaded TP AndroidTargetPlatform
[2017.04.26-14.41.40:050][  0]LogTemp:Display: Loaded TP Android_ASTCTargetPlatform
[2017.04.26-14.41.40:118][  0]LogTemp:Display: Loaded TP Android_ATCTargetPlatform
[2017.04.26-14.41.40:185][  0]LogTemp:Display: Loaded TP Android_DXTTargetPlatform
[2017.04.26-14.41.40:254][  0]LogTemp:Display: Loaded TP Android_ETC1TargetPlatform
[2017.04.26-14.41.40:322][  0]LogTemp:Display: Loaded TP Android_ETC2TargetPlatform
[2017.04.26-14.41.40:458][  0]LogTemp:Display: Loaded TP Android_MultiTargetPlatform
[2017.04.26-14.41.40:458][  0]LogTemp:Display: Loaded TP Android_PVRTCTargetPlatform
[2017.04.26-14.41.40:504][  0]LogTemp:Display: Loaded TP HTML5TargetPlatform
[2017.04.26-14.41.40:622][  0]LogTemp:Display: Loaded TP IOSTargetPlatform
[2017.04.26-14.41.40:668][  0]LogTemp:Display: Loaded TP TVOSTargetPlatform
[2017.04.26-14.41.40:736][  0]LogTemp:Display: Loaded TP LinuxClientTargetPlatform
[2017.04.26-14.41.40:803][  0]LogTemp:Display: Loaded TP LinuxNoEditorTargetPlatform
[2017.04.26-14.41.40:870][  0]LogTemp:Display: Loaded TP LinuxServerTargetPlatform
[2017.04.26-14.41.40:938][  0]LogTemp:Display: Loaded TP LinuxTargetPlatform
[2017.04.26-14.41.40:938][  0]LogTargetPlatformManager:Display: Building Assets For Windows
[2017.04.26-14.41.41:467][  0]LogDerivedDataCache:Display: Max Cache Size: 512 MB
[2017.04.26-14.41.41:555][  0]LogDerivedDataCache: Loaded boot cache 0.09s 50MB C:/Users/julio/AppData/Local/UnrealEngine/4.15/DerivedDataCache/Boot.ddc.
[2017.04.26-14.41.41:555][  0]LogDerivedDataCache:Display: Loaded Boot cache: C:/Users/julio/AppData/Local/UnrealEngine/4.15/DerivedDataCache/Boot.ddc
[2017.04.26-14.41.41:555][  0]LogDerivedDataCache: FDerivedDataBackendGraph:  Pak pak cache file ../../../../../4ºcurso/Repositorios/LastBulletVR/LastBullet/DerivedDataCache/DDC.ddp not found, will not use a pak cache.
[2017.04.26-14.41.41:555][  0]LogDerivedDataCache: Unable to find inner node Pak for hierarchical cache Hierarchy.
[2017.04.26-14.41.41:555][  0]LogDerivedDataCache: FDerivedDataBackendGraph:  CompressedPak pak cache file ../../../../../4ºcurso/Repositorios/LastBulletVR/LastBullet/DerivedDataCache/Compressed.ddp not found, will not use a pak cache.
[2017.04.26-14.41.41:555][  0]LogDerivedDataCache: Unable to find inner node CompressedPak for hierarchical cache Hierarchy.
[2017.04.26-14.41.41:579][  0]LogDerivedDataCache:Display: Pak cache opened for reading ../../../Engine/DerivedDataCache/Compressed.ddp.
[2017.04.26-14.41.41:592][  0]LogDerivedDataCache: Using Local data cache path C:/Users/julio/AppData/Local/UnrealEngine/Common/DerivedDataCache: Writable
[2017.04.26-14.41.41:608][  0]LogSlate: Using Freetype 2.6.0
[2017.04.26-14.41.41:609][  0]LogSlate: SlateFontCache - WITH_FREETYPE: 1, WITH_HARFBUZZ: 1
[2017.04.26-14.41.41:609][  0]LogSlate: SlateFontCache - WITH_FREETYPE: 1, WITH_HARFBUZZ: 1
[2017.04.26-14.41.41:981][  0]LogInit: Selected Device Profile: [Windows]
[2017.04.26-14.41.41:985][  0]LogContentStreaming: Texture pool size is 0.00 MB
[2017.04.26-14.41.42:235][  0]LogMeshUtilities: Using QuadricMeshReduction for automatic static mesh reduction
[2017.04.26-14.41.42:285][  0]LogSimplygon: Simplygon DLL not present - disabling.
[2017.04.26-14.41.42:340][  0]LogMeshUtilities: Using SimplygonSwarm for distributed automatic mesh merging
[2017.04.26-14.41.42:340][  0]LogMeshUtilities: No automatic skeletal mesh reduction module available
[2017.04.26-14.41.42:340][  0]LogMeshUtilities: No automatic mesh merging module available
[2017.04.26-14.41.43:077][  0]LogNetVersion: GetLocalNetworkVersion: CL: 3299760, ProjectName: lastbullet, ProjectVersion: , EngineNetworkVersion: 2, GameNetworkVersion: 0, NetworkChecksum: 1522868599
[2017.04.26-14.41.43:127][  0]LogAssetRegistry: FAssetRegistry took 0.0211 seconds to start up
[2017.04.26-14.41.43:171][  0]LogPackageLocalizationCache: Processed 3 localized package path(s) for 1 prioritized culture(s) in 0.016580 seconds
[2017.04.26-14.41.43:179][  0]LogUObjectArray: 32493 objects as part of root set at end of initial load.
[2017.04.26-14.41.43:179][  0]LogUObjectAllocator: 7077032 out of 0 bytes used by permanent object pool.
[2017.04.26-14.41.43:179][  0]LogUObjectArray: CloseDisregardForGC: 0/0 objects in disregard for GC pool
[2017.04.26-14.41.43:255][  0]LogInit: WinSock: version 1.1 (2.2), MaxSocks=32767, MaxUdp=65467
[2017.04.26-14.41.45:146][  0]LogTcpMessaging: Initializing TcpMessaging bridge
[2017.04.26-14.41.45:191][  0]LogUdpMessaging: Initializing bridge on interface 0.0.0.0:0 to multicast group 230.0.0.1:6666.
[2017.04.26-14.41.45:725][  0]LogMaterial: Uniform references updated for custom material expression Custom.
[2017.04.26-14.41.46:169][  0]SourceControl: Info Source control is disabled
[2017.04.26-14.41.46:213][  0]SourceControl: Info Source control is disabled
[2017.04.26-14.41.46:269][  0]SourceControl: Info Source control is disabled
[2017.04.26-14.41.46:324][  0]SourceControl: Info Source control is disabled
[2017.04.26-14.41.47:785][  0]LogEngine: Initializing Engine...
[2017.04.26-14.41.47:786][  0]LogHMD: Failed to initialize OpenVR with code 110
[2017.04.26-14.41.48:061][  0]LogAIModule: Creating AISystem for world Untitled
[2017.04.26-14.41.48:077][  0]LogInit: XAudio2 using '1 - BenQ GL2250H (AMD High Definition Audio Device)' : 2 channels at 48 kHz using 16 bits per sample (channel mask 0x3)
[2017.04.26-14.41.48:092][  0]LogInit: FAudioDevice initialized.
[2017.04.26-14.41.48:139][  0]LogDerivedDataCache: Saved boot cache 0.05s 50MB C:/Users/julio/AppData/Local/UnrealEngine/4.15/DerivedDataCache/Boot.ddc.
[2017.04.26-14.41.48:150][  0]LogInit: Texture streaming: Enabled
[2017.04.26-14.41.48:265][  0]LogEngineSessionManager: EngineSessionManager initialized
[2017.04.26-14.41.48:384][  0]LogInit: Transaction tracking system initialized
[2017.04.26-14.41.48:788][  0]BlueprintLog: New page: Editor Load
[2017.04.26-14.41.49:827][  0]LocalizationService: Info Localization service is disabled
[2017.04.26-14.41.50:613][  0]LogConsoleResponse:Display: 
[2017.04.26-14.41.50:761][  0]LogCook:Display: Max memory allowance for cook 16384mb min free memory 0mb
[2017.04.26-14.41.50:761][  0]LogCook:Display: Mobile HDR setting 1
[2017.04.26-14.41.50:933][  0]LogFileCache: Scanning file cache for directory 'D:/4ºcurso/Repositorios/LastBulletVR/LastBullet/Content/' took 0.02s
[2017.04.26-14.41.51:993][  0]SourceControl: Info Source control is disabled
[2017.04.26-14.41.51:993][  0]Cmd: MAP LOAD FILE="../../../../../4ºcurso/Repositorios/LastBulletVR/LastBullet/Content/StarterContent/Maps/Minimal_Default.umap" TEMPLATE=0 SHOWPROGRESS=1 FEATURELEVEL=3
[2017.04.26-14.41.51:994][  0]LightingResults: New page: Lighting Build
[2017.04.26-14.41.52:041][  0]MapCheck: New page: Map Check
[2017.04.26-14.41.52:041][  0]LightingResults: New page: Lighting Build
[2017.04.26-14.41.52:304][  0]LogBlueprint:Warning: [Compiler FirstPersonCharacter] Warning InputAction Event references unknown Action 'ResetVR' for  InputAction ResetVR
[2017.04.26-14.41.52:312][  0]LogBlueprint:Warning: [Compiler FirstPersonCharacter] Warning [0017.79] Compile of FirstPersonCharacter successful, but with 1 Warning(s) [in 15 ms] (/Game/FirstPersonBP/Blueprints/FirstPersonCharacter.FirstPersonCharacter)
[2017.04.26-14.41.52:313][  0]LogBlueprint:Warning: [Compiler FirstPersonCharacter] Warning [0017.79] Compile of FirstPersonCharacter successful, but with 2 Warning(s) [in 0 ms] (/Game/FirstPersonBP/Blueprints/FirstPersonCharacter.FirstPersonCharacter)
[2017.04.26-14.41.52:313][  0]LogBlueprint:Warning: [Compiler FirstPersonCharacter] Warning [0017.79] Compile of FirstPersonCharacter successful, but with 3 Warning(s) [in 0 ms] (/Game/FirstPersonBP/Blueprints/FirstPersonCharacter.FirstPersonCharacter)
[2017.04.26-14.41.52:324][  0]LogBlueprint:Warning: [Compiler FirstPersonCharacter] Warning InputAction Event references unknown Action 'ResetVR' for  InputAction ResetVR
[2017.04.26-14.41.52:333][  0]LogBlueprint:Warning: [Compiler FirstPersonCharacter] Warning [0017.81] Compile of FirstPersonCharacter successful, but with 1 Warning(s) [in 15 ms] (/Game/FirstPersonBP/Blueprints/FirstPersonCharacter.FirstPersonCharacter)
[2017.04.26-14.41.52:333][  0]LogBlueprint:Warning: [Compiler FirstPersonCharacter] Warning [0017.81] Compile of FirstPersonCharacter successful, but with 2 Warning(s) [in 0 ms] (/Game/FirstPersonBP/Blueprints/FirstPersonCharacter.FirstPersonCharacter)
[2017.04.26-14.41.52:333][  0]LogBlueprint:Warning: [Compiler FirstPersonCharacter] Warning [0017.81] Compile of FirstPersonCharacter successful, but with 3 Warning(s) [in 0 ms] (/Game/FirstPersonBP/Blueprints/FirstPersonCharacter.FirstPersonCharacter)
[2017.04.26-14.41.52:367][  0]LogLinker:Warning: Asset '../../../../../4ºcurso/Repositorios/LastBulletVR/LastBullet/Content/Blueprints/modul_transporttransport_16_Blueprint.uasset' has been saved with empty engine version. The asset will be loaded but may be incompatible.
[2017.04.26-14.41.52:398][  0]LogBlueprint:Warning: Node '/Game/Blueprints/modul_transporttransport_16_Blueprint.modul_transporttransport_16_Blueprint:EdGraph_0.K2Node_FunctionEntry_359' missing NodeGuid because of upgrade from old package version, this can cause deterministic cooking issues please resave package.
[2017.04.26-14.41.52:401][  0]LogBlueprint:Warning: Node '/Game/Blueprints/modul_transporttransport_16_Blueprint.modul_transporttransport_16_Blueprint:EdGraph_1.K2Node_FunctionEntry_359' missing NodeGuid because of upgrade from old package version, this can cause deterministic cooking issues please resave package.
[2017.04.26-14.41.52:404][  0]LogBlueprint:Warning: Node '/Game/Blueprints/modul_transporttransport_16_Blueprint.modul_transporttransport_16_Blueprint:EdGraph_2.K2Node_FunctionEntry_359' missing NodeGuid because of upgrade from old package version, this can cause deterministic cooking issues please resave package.
[2017.04.26-14.41.52:563][  0]LogLinker:Warning: Asset '../../../../../4ºcurso/Repositorios/LastBulletVR/LastBullet/Content/Meshes/Space/StarMap_Nebula_1_Mat.uasset' has been saved with empty engine version. The asset will be loaded but may be incompatible.
[2017.04.26-14.41.52:564][  0]LogLinker:Warning: Asset '../../../../../4ºcurso/Repositorios/LastBulletVR/LastBullet/Content/Meshes/Space/StarMap_Nebula_1.uasset' has been saved with empty engine version. The asset will be loaded but may be incompatible.
[2017.04.26-14.41.52:572][  0]LogLinker:Warning: Asset '../../../../../4ºcurso/Repositorios/LastBulletVR/LastBullet/Content/Meshes/Space/FX_Map_7.uasset' has been saved with empty engine version. The asset will be loaded but may be incompatible.
[2017.04.26-14.41.52:573][  0]LogLinker:Warning: Asset '../../../../../4ºcurso/Repositorios/LastBulletVR/LastBullet/Content/Meshes/Space/StarMap_1.uasset' has been saved with empty engine version. The asset will be loaded but may be incompatible.
[2017.04.26-14.41.53:208][  0]LogBlueprint:Warning: Node '/Game/Blueprints/modul_transporttransport_16_Blueprint.modul_transporttransport_16_Blueprint:UserConstructionScript.K2Node_FunctionEntry_359' missing NodeGuid because of upgrade from old package version, this can cause deterministic cooking issues please resave package.
[2017.04.26-14.41.53:501][  0]LogAIModule: Creating AISystem for world Minimal_Default
[2017.04.26-14.41.53:602][  0]LogEditorServer: Finished looking for orphan Actors (0.000 secs)
[2017.04.26-14.41.53:603][  0]Cmd: MAP CHECKDEP NOCLEARLOG
[2017.04.26-14.41.53:696][  0]MapCheck: Info Map check complete: 0 Error(s), 0 Warning(s), took 93.278ms to complete.
[2017.04.26-14.41.53:696][  0]LogFileHelpers: Loading map 'Minimal_Default' took 1.703
[2017.04.26-14.41.53:761][  0]LogWindowsTextInputMethodSystem:Display: IME system now deactivated.
[2017.04.26-14.41.53:902][  0]LogCollectionManager: Loaded 0 collections in 0.001798 seconds
[2017.04.26-14.41.53:991][  0]LogFileCache: Scanning file cache for directory 'D:/4ºcurso/Repositorios/LastBulletVR/LastBullet/Saved/Collections/' took 0.01s
[2017.04.26-14.41.53:991][  0]LogFileCache: Scanning file cache for directory 'D:/4ºcurso/Repositorios/LastBulletVR/LastBullet/Content/Developers/julio/Collections/' took 0.01s
[2017.04.26-14.41.53:991][  0]LogFileCache: Scanning file cache for directory 'D:/4ºcurso/Repositorios/LastBulletVR/LastBullet/Content/Collections/' took 0.01s
[2017.04.26-14.41.53:991][  0]LogCollectionManager: Rebuilt the GUID cache for 0 collections in 0.000003 seconds
[2017.04.26-14.41.54:005][  0]LogContentBrowser: Native class hierarchy populated in 0.0134 seconds. Added 2245 classes and 453 folders.
[2017.04.26-14.41.54:009][  0]LogStats: UGameplayTagsManager::ConstructGameplayTagTree: Construct from data asset -  0.000 s
[2017.04.26-14.41.54:009][  0]LogStats: UGameplayTagsManager::ConstructGameplayTagTree: GameplayTagTreeChangedEvent.Broadcast -  0.000 s
[2017.04.26-14.41.54:083][  0]LogContentBrowser: Native class hierarchy updated for 'WidgetCarousel' in 0.0006 seconds. Added 0 classes and 0 folders.
[2017.04.26-14.41.54:131][  0]LogContentBrowser: Native class hierarchy updated for 'AddContentDialog' in 0.0007 seconds. Added 0 classes and 0 folders.
[2017.04.26-14.41.54:183][  0]LogContentBrowser: Native class hierarchy updated for 'SceneOutliner' in 0.0006 seconds. Added 1 classes and 2 folders.
[2017.04.26-14.41.54:313][  0]LogCrashTracker: Crashtracker disabled due to settings.
[2017.04.26-14.41.54:320][  0]LogUObjectGlobals:Warning: Failed to find object 'Class None.'
[2017.04.26-14.41.54:396][  0]LogContentBrowser: Native class hierarchy updated for 'HierarchicalLODOutliner' in 0.0007 seconds. Added 1 classes and 2 folders.
[2017.04.26-14.41.54:397][  0]LogLoad: (Engine Initialization) Total time: 19.88 seconds
[2017.04.26-14.41.54:397][  0]LogLoad: (Engine Initialization) Total Blueprint compile time: 0.21 seconds
[2017.04.26-14.41.54:397][  0]LogExternalProfiler: Found external profiler: VSPerf
[2017.04.26-14.41.54:397][  0]LogExternalProfiler: Using external profiler: VSPerf
[2017.04.26-14.41.54:406][  0]LogOcInput: OculusInput pre-init called
[2017.04.26-14.41.54:446][  0]LogContentStreaming: Texture pool size now 1000 MB
[2017.04.26-14.41.54:447][  0]LogSlate: Took 0.000261 seconds to synchronously load lazily loaded font '../../../Engine/Content/Slate/Fonts/Roboto-Regular.ttf' (155K)
[2017.04.26-14.41.54:453][  0]LogSlate: Took 0.000331 seconds to synchronously load lazily loaded font '../../../Engine/Content/Slate/Fonts/Roboto-Bold.ttf' (160K)
[2017.04.26-14.41.54:459][  0]LogSlate: Took 0.000338 seconds to synchronously load lazily loaded font '../../../Engine/Content/Editor/Slate/Fonts/FontAwesome.ttf' (139K)
[2017.04.26-14.41.54:599][  0]LogSlate: Took 0.000329 seconds to synchronously load lazily loaded font '../../../Engine/Content/Slate/Fonts/Roboto-Light.ttf' (159K)
[2017.04.26-14.41.54:677][  0]LogRenderer: Reallocating scene render targets to support 1264x632 NumSamples 1 (Frame:2).
[2017.04.26-14.41.54:805][  1]LogFileCache: Retrieving MD5 hashes for directory 'D:/4ºcurso/Repositorios/LastBulletVR/LastBullet/Content/' took 0.39s
[2017.04.26-14.42.01:261][589]LogAssetRegistry: Asset discovery search completed in 18.1542 seconds
[2017.04.26-14.42.01:261][589]LogCollectionManager: Rebuilt the object cache for 0 collections in 0.000009 seconds (found 0 objects)
[2017.04.26-14.42.01:261][589]LogCollectionManager: Fixed up redirectors for 0 collections in 0.000029 seconds (updated 0 objects)
[2017.04.26-14.43.06:893][394]LogSlate: Took 0.000287 seconds to synchronously load lazily loaded font '../../../Engine/Content/Slate/Fonts/Roboto-Light.ttf' (159K)
[2017.04.26-14.44.07:929][100]LogSlate: Took 0.000227 seconds to synchronously load lazily loaded font '../../../Engine/Content/Slate/Fonts/Roboto-Regular.ttf' (155K)
[2017.04.26-14.44.08:048][100]LogContentBrowser: Native class hierarchy updated for 'BlueprintGraph' in 0.0012 seconds. Added 112 classes and 0 folders.
[2017.04.26-14.44.09:035][100]LogSlate: Took 0.000316 seconds to synchronously load lazily loaded font '../../../Engine/Content/Editor/Slate/Fonts/Roboto-BoldCondensed.ttf' (158K)
[2017.04.26-14.44.09:158][101]LogSlate: Took 0.000319 seconds to synchronously load lazily loaded font '../../../Engine/Content/Editor/Slate/Fonts/Roboto-Italic.ttf' (157K)
[2017.04.26-14.45.49:731][ 48]SourceControl: Info On branch FirstGameplayTry
[2017.04.26-14.45.49:731][ 48]SourceControl: Info You have unmerged paths.
[2017.04.26-14.45.49:731][ 48]SourceControl: Info   (fix conflicts and run "git commit")
[2017.04.26-14.45.49:731][ 48]SourceControl: Info   (use "git merge --abort" to abort the merge)
[2017.04.26-14.45.49:731][ 48]SourceControl: Info Changes to be committed:
[2017.04.26-14.45.49:731][ 48]SourceControl: Info 	new file:   LastBullet/Content/FirstPersonBP/Assets/MixamoAnimPack/MixamoCharacter_Master.uasset
[2017.04.26-14.45.49:731][ 48]SourceControl: Info 	new file:   LastBullet/Content/FirstPersonBP/Assets/MixamoAnimPack/Mixamo_Alpha/Anims/MixamoAnimBP_Alpha.uasset
[2017.04.26-14.45.49:731][ 48]SourceControl: Info 	new file:   LastBullet/Content/FirstPersonBP/Assets/MixamoAnimPack/Mixamo_Alpha/Anims/MixamoBlend_Alpha_1D.uasset
[2017.04.26-14.45.49:731][ 48]SourceControl: Info 	new file:   LastBullet/Content/FirstPersonBP/Assets/MixamoAnimPack/Mixamo_Alpha/Anims/Mixamo_Alpha_Skeleton.uasset
[2017.04.26-14.45.49:731][ 48]SourceControl: Info 	new file:   LastBullet/Content/FirstPersonBP/Assets/MixamoAnimPack/Mixamo_Alpha/Anims/mixamo_Shooting.uasset
[2017.04.26-14.45.49:731][ 48]SourceControl: Info 	new file:   LastBullet/Content/FirstPersonBP/Assets/MixamoAnimPack/Mixamo_Alpha/Anims/mixamo_idle.uasset
[2017.04.26-14.45.49:731][ 48]SourceControl: Info 	new file:   LastBullet/Content/FirstPersonBP/Assets/MixamoAnimPack/Mixamo_Alpha/Anims/mixamo_jump.uasset
[2017.04.26-14.45.49:731][ 48]SourceControl: Info 	new file:   LastBullet/Content/FirstPersonBP/Assets/MixamoAnimPack/Mixamo_Alpha/Anims/mixamo_run.uasset
[2017.04.26-14.45.49:731][ 48]SourceControl: Info 	new file:   LastBullet/Content/FirstPersonBP/Assets/MixamoAnimPack/Mixamo_Alpha/Anims/mixamo_runningJump.uasset
[2017.04.26-14.45.49:731][ 48]SourceControl: Info 	new file:   LastBullet/Content/FirstPersonBP/Assets/MixamoAnimPack/Mixamo_Alpha/Anims/mixamo_walk.uasset
[2017.04.26-14.45.49:731][ 48]SourceControl: Info 	new file:   LastBullet/Content/FirstPersonBP/Assets/MixamoAnimPack/Mixamo_Alpha/Materials/Alpha_Body_MAT.uasset
[2017.04.26-14.45.49:731][ 48]SourceControl: Info 	new file:   LastBullet/Content/FirstPersonBP/Assets/MixamoAnimPack/Mixamo_Alpha/Materials/Alpha_Joints_MAT.uasset
[2017.04.26-14.45.49:731][ 48]SourceControl: Info 	new file:   LastBullet/Content/FirstPersonBP/Assets/MixamoAnimPack/Mixamo_Alpha/Mesh/Maximo_Alpha.uasset
[2017.04.26-14.45.49:731][ 48]SourceControl: Info 	new file:   LastBullet/Content/FirstPersonBP/Assets/MixamoAnimPack/Mixamo_Alpha/Mesh/Maximo_Alpha_Physics.uasset
[2017.04.26-14.45.49:731][ 48]SourceControl: Info 	new file:   LastBullet/Content/FirstPersonBP/Assets/MixamoAnimPack/Mixamo_Alpha/Mixamo_Alpha.uasset
[2017.04.26-14.45.49:731][ 48]SourceControl: Info 	modified:   LastBullet/Content/FirstPersonBP/Maps/Julio.umap
[2017.04.26-14.45.49:731][ 48]SourceControl: Info 	new file:   LastBullet/Content/FirstPersonBP/Movement/CameraActor_Blueprint.uasset
[2017.04.26-14.45.49:731][ 48]SourceControl: Info 	new file:   LastBullet/Content/FirstPersonBP/Movement/NewBlueprint.uasset
[2017.04.26-14.45.49:731][ 48]SourceControl: Info 	new file:   LastBullet/Content/FirstPersonBP/Movement/SplineBP.uasset
[2017.04.26-14.45.49:731][ 48]SourceControl: Info 	new file:   LastBullet/Content/FirstPersonBP/Movement/SplinePauseEvent.uasset
[2017.04.26-14.45.49:731][ 48]SourceControl: Info 	new file:   LastBullet/Saved/Autosaves/Game/FirstPersonBP/Assets/Jackal_rigged_Auto2.uasset
[2017.04.26-14.45.49:731][ 48]SourceControl: Info 	new file:   LastBullet/Saved/Autosaves/Game/FirstPersonBP/Assets/jackal_Auto1.uasset
[2017.04.26-14.45.49:731][ 48]SourceControl: Info 	new file:   LastBullet/Saved/Autosaves/Game/FirstPersonBP/Blueprints/FirstPersonCharacter_Auto0.uasset
[2017.04.26-14.45.49:731][ 48]SourceControl: Info 	modified:   LastBullet/Saved/Autosaves/Game/FirstPersonBP/Blueprints/FirstPersonCharacter_Auto1.uasset
[2017.04.26-14.45.49:731][ 48]SourceControl: Info 	modified:   LastBullet/Saved/Autosaves/Game/FirstPersonBP/Blueprints/FirstPersonCharacter_Auto2.uasset
[2017.04.26-14.45.49:731][ 48]SourceControl: Info 	new file:   LastBullet/Saved/Autosaves/Game/FirstPersonBP/Blueprints/FirstPersonCharacter_Auto6.uasset
[2017.04.26-14.45.49:731][ 48]SourceControl: Info 	new file:   LastBullet/Saved/Autosaves/Game/FirstPersonBP/Blueprints/FirstPersonCharacter_Auto7.uasset
[2017.04.26-14.45.49:731][ 48]SourceControl: Info 	renamed:    LastBullet/Saved/Backup/FirstPersonGameMode_2017-04-23-20-57-59.uasset -> LastBullet/Saved/Autosaves/Game/FirstPersonBP/Blueprints/FirstPersonGameMode_Auto6.uasset
[2017.04.26-14.45.49:731][ 48]SourceControl: Info 	new file:   LastBullet/Saved/Autosaves/Game/FirstPersonBP/Maps/Julio_Auto0.umap
[2017.04.26-14.45.49:731][ 48]SourceControl: Info 	new file:   LastBullet/Saved/Autosaves/Game/FirstPersonBP/Maps/Julio_Auto1.umap
[2017.04.26-14.45.49:731][ 48]SourceControl: Info 	renamed:    LastBullet/Saved/Backup/Pepelu_2017-04-22-17-18-33.umap -> LastBullet/Saved/Autosaves/Game/FirstPersonBP/Maps/Julio_Auto2.umap
[2017.04.26-14.45.49:731][ 48]SourceControl: Info 	renamed:    LastBullet/Saved/Backup/Pepelu_2017-04-22-17-32-16.umap -> LastBullet/Saved/Autosaves/Game/FirstPersonBP/Maps/Julio_Auto3.umap
[2017.04.26-14.45.49:731][ 48]SourceControl: Info 	new file:   LastBullet/Saved/Autosaves/Game/FirstPersonBP/Maps/Julio_Auto4.umap
[2017.04.26-14.45.49:731][ 48]SourceControl: Info 	new file:   LastBullet/Saved/Autosaves/Game/FirstPersonBP/Maps/Julio_Auto5.umap
[2017.04.26-14.45.49:731][ 48]SourceControl: Info 	new file:   LastBullet/Saved/Autosaves/Game/FirstPersonBP/Maps/Julio_Auto6.umap
[2017.04.26-14.45.49:731][ 48]SourceControl: Info 	new file:   LastBullet/Saved/Autosaves/Game/FirstPersonBP/Maps/Julio_Auto7.umap
[2017.04.26-14.45.49:731][ 48]SourceControl: Info 	new file:   LastBullet/Saved/Autosaves/Game/FirstPersonBP/Maps/Julio_Auto8.umap
[2017.04.26-14.45.49:731][ 48]SourceControl: Info 	new file:   LastBullet/Saved/Autosaves/Game/FirstPersonBP/Maps/Julio_Auto9.umap
[2017.04.26-14.45.49:731][ 48]SourceControl: Info 	new file:   LastBullet/Saved/Autosaves/Game/FirstPersonBP/Movement/CameraActor_Blueprint_Auto1.uasset
[2017.04.26-14.45.49:731][ 48]SourceControl: Info 	new file:   LastBullet/Saved/Autosaves/Game/FirstPersonBP/Movement/NewBlueprint_Auto1.uasset
[2017.04.26-14.45.49:732][ 48]SourceControl: Info 	new file:   LastBullet/Saved/Autosaves/Game/FirstPersonBP/Movement/SplineBP_Auto4.uasset
[2017.04.26-14.45.49:732][ 48]SourceControl: Info 	new file:   LastBullet/Saved/Autosaves/Game/FirstPersonBP/Movement/SplineBP_Auto5.uasset
[2017.04.26-14.45.49:732][ 48]SourceControl: Info 	new file:   LastBullet/Saved/Autosaves/Game/FirstPersonBP/Movement/SplineBP_Auto6.uasset
[2017.04.26-14.45.49:732][ 48]SourceControl: Info 	new file:   LastBullet/Saved/Autosaves/Game/FirstPersonBP/Movement/SplinePauseEvent_Auto7.uasset
[2017.04.26-14.45.49:732][ 48]SourceControl: Info 	modified:   LastBullet/Saved/Autosaves/Game/StarterContent/Maps/Minimal_Default_Auto3.umap
[2017.04.26-14.45.49:732][ 48]SourceControl: Info 	deleted:    LastBullet/Saved/Backup/AICharacter_2017-04-24-11-56-16.uasset
[2017.04.26-14.45.49:732][ 48]SourceControl: Info 	deleted:    LastBullet/Saved/Backup/AICharacter_2017-04-24-12-01-52.uasset
[2017.04.26-14.45.49:732][ 48]SourceControl: Info 	deleted:    LastBullet/Saved/Backup/AICharacter_2017-04-24-12-17-18.uasset
[2017.04.26-14.45.49:732][ 48]SourceControl: Info 	deleted:    LastBullet/Saved/Backup/AICharacter_2017-04-24-12-40-53.uasset
[2017.04.26-14.45.49:732][ 48]SourceControl: Info 	deleted:    LastBullet/Saved/Backup/AICharacter_2017-04-24-12-57-47.uasset
[2017.04.26-14.45.49:732][ 48]SourceControl: Info 	deleted:    LastBullet/Saved/Backup/AICharacter_2017-04-24-13-09-51.uasset
[2017.04.26-14.45.49:732][ 48]SourceControl: Info 	deleted:    LastBullet/Saved/Backup/AIControllerVR_2017-04-24-12-03-13.uasset
[2017.04.26-14.45.49:732][ 48]SourceControl: Info 	deleted:    LastBullet/Saved/Backup/AIControllerVR_2017-04-24-12-41-47.uasset
[2017.04.26-14.45.49:732][ 48]SourceControl: Info 	deleted:    LastBullet/Saved/Backup/FirstPersonCharacter_2017-04-22-16-56-42.uasset
[2017.04.26-14.45.49:732][ 48]SourceControl: Info 	deleted:    LastBullet/Saved/Backup/FirstPersonCharacter_2017-04-22-17-07-08.uasset
[2017.04.26-14.45.49:732][ 48]SourceControl: Info 	deleted:    LastBullet/Saved/Backup/FirstPersonCharacter_2017-04-22-17-18-33.uasset
[2017.04.26-14.45.49:732][ 48]SourceControl: Info 	deleted:    LastBullet/Saved/Backup/FirstPersonCharacter_2017-04-22-17-32-16.uasset
[2017.04.26-14.45.49:732][ 48]SourceControl: Info 	deleted:    LastBullet/Saved/Backup/FirstPersonCharacter_2017-04-22-17-38-47.uasset
[2017.04.26-14.45.49:732][ 48]SourceControl: Info 	deleted:    LastBullet/Saved/Backup/FirstPersonCharacter_2017-04-22-17-55-20.uasset
[2017.04.26-14.45.49:732][ 48]SourceControl: Info 	deleted:    LastBullet/Saved/Backup/FirstPersonCharacter_2017-04-23-12-04-55.uasset
[2017.04.26-14.45.49:732][ 48]SourceControl: Info 	deleted:    LastBullet/Saved/Backup/FirstPersonCharacter_2017-04-23-19-57-55.uasset
[2017.04.26-14.45.49:732][ 48]SourceControl: Info 	deleted:    LastBullet/Saved/Backup/FirstPersonCharacter_2017-04-23-20-10-06.uasset
[2017.04.26-14.45.49:732][ 48]SourceControl: Info 	deleted:    LastBullet/Saved/Backup/FirstPersonCharacter_2017-04-23-20-24-39.uasset
[2017.04.26-14.45.49:732][ 48]SourceControl: Info 	deleted:    LastBullet/Saved/Backup/FirstPersonCharacter_2017-04-23-20-57-59.uasset
[2017.04.26-14.45.49:732][ 48]SourceControl: Info 	deleted:    LastBullet/Saved/Backup/FirstPersonCharacter_2017-04-24-13-20-08.uasset
[2017.04.26-14.45.49:732][ 48]SourceControl: Info 	deleted:    LastBullet/Saved/Backup/FirstPersonCharacter_2017-04-24-13-37-10.uasset
[2017.04.26-14.45.49:732][ 48]SourceControl: Info 	renamed:    LastBullet/Saved/Backup/FirstPersonCharacter_2017-04-24-13-45-31.uasset -> LastBullet/Saved/Backup/FirstPersonCharacter_2017-04-24-17-51-04.uasset
[2017.04.26-14.45.49:732][ 48]SourceControl: Info 	copied:     LastBullet/Saved/Autosaves/Game/FirstPersonBP/Blueprints/FirstPersonCharacter_Auto1.uasset -> LastBullet/Saved/Backup/FirstPersonCharacter_2017-04-24-18-01-14.uasset
[2017.04.26-14.45.49:732][ 48]SourceControl: Info 	new file:   LastBullet/Saved/Backup/FirstPersonCharacter_2017-04-24-18-12-20.uasset
[2017.04.26-14.45.49:732][ 48]SourceControl: Info 	new file:   LastBullet/Saved/Backup/FirstPersonCharacter_2017-04-24-18-18-03.uasset
[2017.04.26-14.45.49:732][ 48]SourceControl: Info 	new file:   LastBullet/Saved/Backup/FirstPersonCharacter_2017-04-24-18-27-06.uasset
[2017.04.26-14.45.49:732][ 48]SourceControl: Info 	new file:   LastBullet/Saved/Backup/FirstPersonCharacter_2017-04-24-18-32-30.uasset
[2017.04.26-14.45.49:732][ 48]SourceControl: Info 	new file:   LastBullet/Saved/Backup/FirstPersonCharacter_2017-04-24-18-40-04.uasset
[2017.04.26-14.45.49:732][ 48]SourceControl: Info 	new file:   LastBullet/Saved/Backup/FirstPersonCharacter_2017-04-24-18-49-08.uasset
[2017.04.26-14.45.49:732][ 48]SourceControl: Info 	new file:   LastBullet/Saved/Backup/FirstPersonCharacter_2017-04-24-18-58-21.uasset
[2017.04.26-14.45.49:732][ 48]SourceControl: Info 	new file:   LastBullet/Saved/Backup/FirstPersonCharacter_2017-04-24-19-05-41.uasset
[2017.04.26-14.45.49:732][ 48]SourceControl: Info 	new file:   LastBullet/Saved/Backup/FirstPersonCharacter_2017-04-24-19-32-25.uasset
[2017.04.26-14.45.49:732][ 48]SourceControl: Info 	new file:   LastBullet/Saved/Backup/FirstPersonCharacter_2017-04-24-21-32-18.uasset
[2017.04.26-14.45.49:732][ 48]SourceControl: Info 	new file:   LastBullet/Saved/Backup/FirstPersonCharacter_2017-04-25-11-42-07.uasset
[2017.04.26-14.45.49:732][ 48]SourceControl: Info 	new file:   LastBullet/Saved/Backup/FirstPersonCharacter_2017-04-25-12-04-04.uasset
[2017.04.26-14.45.49:732][ 48]SourceControl: Info 	new file:   LastBullet/Saved/Backup/FirstPersonCharacter_2017-04-25-12-18-56.uasset
[2017.04.26-14.45.49:732][ 48]SourceControl: Info 	new file:   LastBullet/Saved/Backup/FirstPersonCharacter_2017-04-25-12-41-03.uasset
[2017.04.26-14.45.49:732][ 48]SourceControl: Info 	new file:   LastBullet/Saved/Backup/FirstPersonCharacter_2017-04-25-12-49-22.uasset
[2017.04.26-14.45.49:732][ 48]SourceControl: Info 	deleted:    LastBullet/Saved/Backup/FirstPersonGameMode_2017-04-23-20-46-05.uasset
[2017.04.26-14.45.49:732][ 48]SourceControl: Info 	new file:   LastBullet/Saved/Backup/FirstPersonGameMode_2017-04-24-19-05-41.uasset
[2017.04.26-14.45.49:732][ 48]SourceControl: Info 	deleted:    LastBullet/Saved/Backup/FirstPersonHUD_2017-04-23-20-10-06.uasset
[2017.04.26-14.45.49:732][ 48]SourceControl: Info 	deleted:    LastBullet/Saved/Backup/HUD_2017-04-22-17-42-19.uasset
[2017.04.26-14.45.49:732][ 48]SourceControl: Info 	deleted:    LastBullet/Saved/Backup/HUD_2017-04-23-12-04-55.uasset
[2017.04.26-14.45.49:732][ 48]SourceControl: Info 	deleted:    LastBullet/Saved/Backup/HUD_2017-04-23-19-52-05.uasset
[2017.04.26-14.45.49:732][ 48]SourceControl: Info 	deleted:    LastBullet/Saved/Backup/HUD_2017-04-23-19-57-55.uasset
[2017.04.26-14.45.49:732][ 48]SourceControl: Info 	deleted:    LastBullet/Saved/Backup/HUD_2017-04-23-20-06-21.uasset
[2017.04.26-14.45.49:732][ 48]SourceControl: Info 	deleted:    LastBullet/Saved/Backup/HUD_2017-04-23-20-20-14.uasset
[2017.04.26-14.45.49:732][ 48]SourceControl: Info 	deleted:    LastBullet/Saved/Backup/HUD_2017-04-24-13-42-26.uasset
[2017.04.26-14.45.49:733][ 48]SourceControl: Info 	renamed:    LastBullet/Saved/Backup/Pepelu_2017-04-22-13-50-29.umap -> LastBullet/Saved/Backup/Julio_2017-04-24-18-12-20.umap
[2017.04.26-14.45.49:733][ 48]SourceControl: Info 	renamed:    LastBullet/Saved/Backup/Pepelu_2017-04-22-17-07-07.umap -> LastBullet/Saved/Backup/Julio_2017-04-24-18-28-08.umap
[2017.04.26-14.45.49:733][ 48]SourceControl: Info 	new file:   LastBullet/Saved/Backup/Julio_2017-04-24-18-44-02.umap
[2017.04.26-14.45.49:733][ 48]SourceControl: Info 	new file:   LastBullet/Saved/Backup/Julio_2017-04-24-19-05-40.umap
[2017.04.26-14.45.49:733][ 48]SourceControl: Info 	new file:   LastBullet/Saved/Backup/Julio_2017-04-24-19-18-01.umap
[2017.04.26-14.45.49:733][ 48]SourceControl: Info 	renamed:    LastBullet/Saved/Backup/Pepelu_2017-04-24-13-37-10.umap -> LastBullet/Saved/Backup/Julio_2017-04-24-19-32-24.umap
[2017.04.26-14.45.49:733][ 48]SourceControl: Info 	renamed:    LastBullet/Saved/Backup/Pepelu_2017-04-24-13-45-36.umap -> LastBullet/Saved/Backup/Julio_2017-04-24-19-42-26.umap
[2017.04.26-14.45.49:733][ 48]SourceControl: Info 	new file:   LastBullet/Saved/Backup/Julio_2017-04-24-21-18-55.umap
[2017.04.26-14.45.49:733][ 48]SourceControl: Info 	new file:   LastBullet/Saved/Backup/Julio_2017-04-24-21-32-18.umap
[2017.04.26-14.45.49:733][ 48]SourceControl: Info 	new file:   LastBullet/Saved/Backup/Julio_2017-04-24-21-50-10.umap
[2017.04.26-14.45.49:733][ 48]SourceControl: Info 	new file:   LastBullet/Saved/Backup/Julio_2017-04-24-22-03-26.umap
[2017.04.26-14.45.49:733][ 48]SourceControl: Info 	new file:   LastBullet/Saved/Backup/Julio_2017-04-25-11-53-41.umap
[2017.04.26-14.45.49:733][ 48]SourceControl: Info 	new file:   LastBullet/Saved/Backup/Julio_2017-04-25-12-29-12.umap
[2017.04.26-14.45.49:733][ 48]SourceControl: Info 	new file:   LastBullet/Saved/Backup/Julio_2017-04-25-12-49-21.umap
[2017.04.26-14.45.49:733][ 48]SourceControl: Info 	new file:   LastBullet/Saved/Backup/Julio_2017-04-25-12-59-45.umap
[2017.04.26-14.45.49:733][ 48]SourceControl: Info 	deleted:    LastBullet/Saved/Backup/MainMenu_2017-04-23-20-30-07.uasset
[2017.04.26-14.45.49:733][ 48]SourceControl: Info 	deleted:    LastBullet/Saved/Backup/MainMenu_2017-04-23-20-50-42.uasset
[2017.04.26-14.45.49:733][ 48]SourceControl: Info 	deleted:    LastBullet/Saved/Backup/MainMenu_2017-04-23-20-56-58.uasset
[2017.04.26-14.45.49:733][ 48]SourceControl: Info 	new file:   LastBullet/Saved/Backup/Minimal_Default_2017-04-25-11-42-06.umap
[2017.04.26-14.45.49:733][ 48]SourceControl: Info 	new file:   LastBullet/Saved/Backup/Mixamo_Alpha_2017-04-25-13-02-34.uasset
[2017.04.26-14.45.49:733][ 48]SourceControl: Info 	deleted:    LastBullet/Saved/Backup/MoveToLocation_2017-04-24-12-14-18.uasset
[2017.04.26-14.45.49:733][ 48]SourceControl: Info 	deleted:    LastBullet/Saved/Backup/MoveToLocation_2017-04-24-12-49-17.uasset
[2017.04.26-14.45.49:733][ 48]SourceControl: Info 	deleted:    LastBullet/Saved/Backup/MoveToLocation_2017-04-24-13-09-51.uasset
[2017.04.26-14.45.49:733][ 48]SourceControl: Info 	deleted:    LastBullet/Saved/Backup/Pepelu_2017-04-22-17-42-14.umap
[2017.04.26-14.45.49:733][ 48]SourceControl: Info 	deleted:    LastBullet/Saved/Backup/Pepelu_2017-04-22-17-55-20.umap
[2017.04.26-14.45.49:733][ 48]SourceControl: Info 	deleted:    LastBullet/Saved/Backup/Pepelu_2017-04-23-19-57-55.umap
[2017.04.26-14.45.49:733][ 48]SourceControl: Info 	deleted:    LastBullet/Saved/Backup/Pepelu_2017-04-23-20-20-11.umap
[2017.04.26-14.45.49:733][ 48]SourceControl: Info 	deleted:    LastBullet/Saved/Backup/Pepelu_2017-04-23-20-46-04.umap
[2017.04.26-14.45.49:733][ 48]SourceControl: Info 	deleted:    LastBullet/Saved/Backup/Ruben_2017-04-24-12-20-12.umap
[2017.04.26-14.45.49:733][ 48]SourceControl: Info 	new file:   LastBullet/Saved/Backup/SplineBP_2017-04-24-17-46-03.uasset
[2017.04.26-14.45.49:733][ 48]SourceControl: Info 	new file:   LastBullet/Saved/Backup/SplineBP_2017-04-24-18-22-49.uasset
[2017.04.26-14.45.49:733][ 48]SourceControl: Info 	new file:   LastBullet/Saved/Backup/SplineBP_2017-04-24-18-29-16.uasset
[2017.04.26-14.45.49:733][ 48]SourceControl: Info 	new file:   LastBullet/Saved/Backup/SplineBP_2017-04-24-18-57-24.uasset
[2017.04.26-14.45.49:733][ 48]SourceControl: Info 	new file:   LastBullet/Saved/Backup/SplineBP_2017-04-25-12-18-56.uasset
[2017.04.26-14.45.49:733][ 48]SourceControl: Info 	new file:   LastBullet/Saved/Backup/SplineBP_2017-04-25-12-29-12.uasset
[2017.04.26-14.45.49:733][ 48]SourceControl: Info 	new file:   LastBullet/Saved/Backup/SplineBP_2017-04-25-12-43-09.uasset
[2017.04.26-14.45.49:733][ 48]SourceControl: Info 	new file:   LastBullet/Saved/Backup/SplinePauseEvent_2017-04-25-12-41-40.uasset
[2017.04.26-14.45.49:733][ 48]SourceControl: Info 	new file:   LastBullet/Saved/Backup/SplinePauseEvent_2017-04-25-12-49-22.uasset
[2017.04.26-14.45.49:733][ 48]SourceControl: Info 	new file:   LastBullet/Saved/Backup/SplinePauseEvent_2017-04-25-12-57-06.uasset
[2017.04.26-14.45.49:733][ 48]SourceControl: Info 	modified:   LastBullet/Saved/Config/Windows/Input.ini
[2017.04.26-14.45.49:733][ 48]SourceControl: Info 	modified:   LastBullet/Saved/Config/Windows/SourceControlSettings.ini
[2017.04.26-14.45.49:733][ 48]SourceControl: Info 	modified:   LastBullet/Saved/Config/WorldState/3888219165.json
[2017.04.26-14.45.49:733][ 48]SourceControl: Info 	new file:   LastBullet/Saved/Logs/LastBullet-backup-2017.04.24-17.38.31.log
[2017.04.26-14.45.49:733][ 48]SourceControl: Info 	new file:   LastBullet/Saved/Logs/LastBullet-backup-2017.04.25-11.07.24.log
[2017.04.26-14.45.49:733][ 48]SourceControl: Info 	new file:   LastBullet/Saved/Logs/UE4CC-Windows-83902A194258866AB41924A83DDAE768/CrashReportClient.ini
[2017.04.26-14.45.49:733][ 48]SourceControl: Info 	new file:   LastBullet/Saved/Logs/UE4CC-Windows-83902A194258866AB41924A83DDAE768_0000/CrashContext.runtime-xml
[2017.04.26-14.45.49:733][ 48]SourceControl: Info 	new file:   LastBullet/Saved/Logs/UE4CC-Windows-83902A194258866AB41924A83DDAE768_0000/CrashReportClient.ini
[2017.04.26-14.45.49:733][ 48]SourceControl: Info 	new file:   LastBullet/Saved/Logs/UE4CC-Windows-83902A194258866AB41924A83DDAE768_0000/LastBullet.log
[2017.04.26-14.45.49:733][ 48]SourceControl: Info 	new file:   LastBullet/Saved/Logs/UE4CC-Windows-83902A194258866AB41924A83DDAE768_0000/UE4Minidump.dmp
[2017.04.26-14.45.49:733][ 48]SourceControl: Info 	new file:   LastBullet/Saved/Logs/UE4CC-Windows-83902A194258866AB41924A83DDAE768_0001/CrashContext.runtime-xml
[2017.04.26-14.45.49:733][ 48]SourceControl: Info 	new file:   LastBullet/Saved/Logs/UE4CC-Windows-83902A194258866AB41924A83DDAE768_0001/CrashReportClient.ini
[2017.04.26-14.45.49:733][ 48]SourceControl: Info 	new file:   LastBullet/Saved/Logs/UE4CC-Windows-83902A194258866AB41924A83DDAE768_0001/LastBullet.log
[2017.04.26-14.45.49:733][ 48]SourceControl: Info 	new file:   LastBullet/Saved/Logs/UE4CC-Windows-83902A194258866AB41924A83DDAE768_0001/UE4Minidump.dmp
[2017.04.26-14.45.49:733][ 48]SourceControl: Info 	new file:   LastBullet/Saved/Logs/UE4CC-Windows-83902A194258866AB41924A83DDAE768_0002/CrashContext.runtime-xml
[2017.04.26-14.45.49:734][ 48]SourceControl: Info 	new file:   LastBullet/Saved/Logs/UE4CC-Windows-83902A194258866AB41924A83DDAE768_0002/CrashReportClient.ini
[2017.04.26-14.45.49:734][ 48]SourceControl: Info 	new file:   LastBullet/Saved/Logs/UE4CC-Windows-83902A194258866AB41924A83DDAE768_0002/LastBullet.log
[2017.04.26-14.45.49:734][ 48]SourceControl: Info 	new file:   LastBullet/Saved/Logs/UE4CC-Windows-83902A194258866AB41924A83DDAE768_0002/UE4Minidump.dmp
[2017.04.26-14.45.49:734][ 48]SourceControl: Info 	new file:   LastBullet/Saved/Logs/UE4CC-Windows-9B9727944297802F4D71559F4550E942/CrashReportClient.ini
[2017.04.26-14.45.49:734][ 48]SourceControl: Info Unmerged paths:
[2017.04.26-14.45.49:734][ 48]SourceControl: Info   (use "git add <file>..." to mark resolution)
[2017.04.26-14.45.49:734][ 48]SourceControl: Info 	both modified:   LastBullet/Content/FirstPersonBP/Blueprints/FirstPersonCharacter.uasset
[2017.04.26-14.45.49:734][ 48]SourceControl: Info 	both modified:   LastBullet/Content/FirstPersonBP/Blueprints/FirstPersonGameMode.uasset
[2017.04.26-14.45.49:734][ 48]SourceControl: Info 	both modified:   LastBullet/Intermediate/CachedAssetRegistry.bin
[2017.04.26-14.45.49:734][ 48]SourceControl: Info 	both modified:   LastBullet/Saved/AutoScreenshot.png
[2017.04.26-14.45.49:734][ 48]SourceControl: Info 	both modified:   LastBullet/Saved/Autosaves/Game/FirstPersonBP/Blueprints/FirstPersonCharacter_Auto3.uasset
[2017.04.26-14.45.49:734][ 48]SourceControl: Info 	both modified:   LastBullet/Saved/Autosaves/Game/FirstPersonBP/Blueprints/FirstPersonCharacter_Auto4.uasset
[2017.04.26-14.45.49:734][ 48]SourceControl: Info 	both modified:   LastBullet/Saved/Autosaves/Game/FirstPersonBP/Blueprints/FirstPersonCharacter_Auto5.uasset
[2017.04.26-14.45.49:734][ 48]SourceControl: Info 	added by them:   LastBullet/Saved/Backup/Julio_2017-04-24-17-51-04.umap
[2017.04.26-14.45.49:734][ 48]SourceControl: Info 	added by them:   LastBullet/Saved/Backup/Julio_2017-04-24-18-01-14.umap
[2017.04.26-14.45.49:734][ 48]SourceControl: Info 	added by them:   LastBullet/Saved/Backup/Julio_2017-04-24-18-22-49.umap
[2017.04.26-14.45.49:734][ 48]SourceControl: Info 	added by them:   LastBullet/Saved/Backup/Julio_2017-04-25-12-04-04.umap
[2017.04.26-14.45.49:734][ 48]SourceControl: Info 	added by them:   LastBullet/Saved/Backup/Julio_2017-04-25-12-18-56.umap
[2017.04.26-14.45.49:734][ 48]SourceControl: Info 	added by us:     LastBullet/Saved/Backup/Minimal_Default_BuiltData_2017-04-24-18-32-29.uasset
[2017.04.26-14.45.49:734][ 48]SourceControl: Info 	added by us:     LastBullet/Saved/Backup/Minimal_Default_BuiltData_2017-04-24-18-51-49.uasset
[2017.04.26-14.45.49:734][ 48]SourceControl: Info 	added by us:     LastBullet/Saved/Backup/Minimal_Default_BuiltData_2017-04-24-19-27-55.uasset
[2017.04.26-14.45.49:734][ 48]SourceControl: Info 	added by us:     LastBullet/Saved/Backup/Minimal_Default_BuiltData_2017-04-24-19-36-04.uasset
[2017.04.26-14.45.49:734][ 48]SourceControl: Info 	both modified:   LastBullet/Saved/Config/Windows/EditorPerProjectUserSettings.ini
[2017.04.26-14.45.49:734][ 48]SourceControl: Info 	both modified:   LastBullet/Saved/Logs/LastBullet.log
[2017.04.26-14.45.49:734][ 48]SourceControl: Info Changes not staged for commit:
[2017.04.26-14.45.49:734][ 48]SourceControl: Info   (use "git add/rm <file>..." to update what will be committed)
[2017.04.26-14.45.49:734][ 48]SourceControl: Info   (use "git checkout -- <file>..." to discard changes in working directory)
[2017.04.26-14.45.49:734][ 48]SourceControl: Info 	modified:   LastBullet/Saved/Config/Windows/Editor.ini
[2017.04.26-14.45.49:734][ 48]SourceControl: Info 	modified:   LastBullet/Saved/Config/Windows/Engine.ini
[2017.04.26-14.45.49:734][ 48]SourceControl: Info 	deleted:    LastBullet/Saved/Logs/LastBullet-backup-2017.04.23-11.41.13.log
[2017.04.26-14.45.49:734][ 48]SourceControl: Info 	deleted:    LastBullet/Saved/Logs/LastBullet-backup-2017.04.23-11.46.49.log
[2017.04.26-14.45.49:734][ 48]SourceControl: Info 	deleted:    LastBullet/Saved/Logs/LastBullet-backup-2017.04.23-12.30.46.log
[2017.04.26-14.45.49:734][ 48]SourceControl: Info Untracked files:
[2017.04.26-14.45.49:734][ 48]SourceControl: Info   (use "git add <file>..." to include in what will be committed)
[2017.04.26-14.45.49:734][ 48]SourceControl: Info 	LastBullet/Saved/Logs/LastBullet-backup-2017.04.26-16.41.35.log
[2017.04.26-14.45.49:734][ 48]SourceControl: Info 	LastBullet/Saved/Logs/UE4CC-Windows-24C07740469A6BE05F9211B515C6C817/
[2017.04.26-14.46.18:375][ 40]LogSourceControl: Writed 'D:/4ºcurso/Repositorios/LastBulletVR/LastBullet/Saved/Diff/temp-14a71ca84be282cc8474bafd43b063b57c040205-FirstPersonCharacter.uasset' (511878o)
[2017.04.26-14.47.03:170][991]LogBlueprint:Warning: [FirstPersonCharacter] 'SplineBP' variable not found. Base class was probably changed.
[2017.04.26-14.47.03:198][991]LogBlueprint:Warning: [FirstPersonCharacter] 'SplineDistance' variable not found. Base class was probably changed.
[2017.04.26-14.47.03:199][991]LogBlueprint:Warning: [FirstPersonCharacter] 'SplineBP' variable not found. Base class was probably changed.
[2017.04.26-14.47.03:199][991]LogBlueprint:Warning: [FirstPersonCharacter] 'SplineDistance' variable not found. Base class was probably changed.
[2017.04.26-14.47.03:199][991]LogBlueprint:Warning: [FirstPersonCharacter] 'SplineDistance' variable not found. Base class was probably changed.
[2017.04.26-14.47.03:199][991]LogBlueprint:Warning: [FirstPersonCharacter] 'SplineDistance' variable not found. Base class was probably changed.
[2017.04.26-14.47.03:199][991]LogBlueprint:Warning: [FirstPersonCharacter] 'SplineDistance' variable not found. Base class was probably changed.
[2017.04.26-14.47.03:199][991]LogBlueprint:Warning: [FirstPersonCharacter] 'SplineBP' variable not found. Base class was probably changed.
[2017.04.26-14.47.03:199][991]LogBlueprint:Warning: [FirstPersonCharacter] 'isFighting' variable not found. Base class was probably changed.
[2017.04.26-14.47.12:783][343]LogSavePackage: Save=179.18ms
[2017.04.26-14.47.12:783][343]LogSavePackage: Moving '../../../../../4ºcurso/Repositorios/LastBulletVR/LastBullet/Saved/FirstPersonCharacter78C9F26644638A39E92C0AB6CEFA1B42.tmp' to '../../../../../4ºcurso/Repositorios/LastBulletVR/LastBullet/Content/FirstPersonBP/Blueprints/FirstPersonCharacter.uasset'
[2017.04.26-14.47.12:788][343]LogSavePackage:Display: Finished SavePackage ../../../../../4ºcurso/Repositorios/LastBulletVR/LastBullet/Content/FirstPersonBP/Blueprints/FirstPersonCharacter.uasset
[2017.04.26-14.47.44:364][779]BlueprintLog: New page: Compile FirstPersonCharacter
[2017.04.26-14.47.44:417][779]LogBlueprint:Warning: [Compiler FirstPersonCharacter] Warning InputAction Event references unknown Action 'ResetVR' for  InputAction ResetVR
[2017.04.26-14.47.44:519][779]LogBlueprint:Warning: [HUD] 'AmmoActual' variable not found. Base class was probably changed.
[2017.04.26-14.47.44:519][779]LogBlueprint:Warning: [HUD] 'AmmoTotal' variable not found. Base class was probably changed.
[2017.04.26-14.47.44:519][779]LogBlueprint:Warning: [HUD] 'Puntuacion' variable not found. Base class was probably changed.
[2017.04.26-14.47.44:757][779]LogBlueprint:Warning: [Compiler HUD] Warning Could not find a variable named "AmmoActual" in 'FirstPersonCharacter_C'.
Make sure 'FirstPersonCharacter_C' has been compiled for  Get AmmoActual
[2017.04.26-14.47.44:757][779]LogBlueprint:Warning: [Compiler HUD] Warning Could not find a variable named "AmmoTotal" in 'FirstPersonCharacter_C'.
Make sure 'FirstPersonCharacter_C' has been compiled for  Get AmmoTotal
[2017.04.26-14.47.44:757][779]LogBlueprint:Warning: [Compiler HUD] Warning Could not find a variable named "Puntuacion" in 'FirstPersonCharacter_C'.
Make sure 'FirstPersonCharacter_C' has been compiled for  Get Puntuacion
[2017.04.26-14.47.44:758][779]LogBlueprint:Error: [Compiler HUD] Error The property associated with  Ammo Actual  could not be found
[2017.04.26-14.47.44:758][779]LogBlueprint:Error: [Compiler HUD] Error The property associated with  Ammo Total  could not be found
[2017.04.26-14.47.44:758][779]LogBlueprint:Error: [Compiler HUD] Error The property associated with  Puntuacion  could not be found
[2017.04.26-14.47.44:788][779]LogBlueprint:Error: [Compiler HUD] Error Binding: Property ' PercentDelegate ' on Widget ' ProgressBar_1 ': Binding: 'My character.Vida' : 'Vida' was not found on 'First Person Character'.
[2017.04.26-14.47.44:862][779]LogBlueprint:Warning: [Compiler FirstPersonCharacter] Warning InputAction Event references unknown Action 'ResetVR' for  InputAction ResetVR
[2017.04.26-14.47.44:880][779]LogBlueprint:Warning: [HUD] 'AmmoActual' variable not found. Base class was probably changed.
[2017.04.26-14.47.44:880][779]LogBlueprint:Warning: [HUD] 'AmmoTotal' variable not found. Base class was probably changed.
[2017.04.26-14.47.44:880][779]LogBlueprint:Warning: [HUD] 'Puntuacion' variable not found. Base class was probably changed.
[2017.04.26-14.47.45:650][779]BlueprintEditorCompileResults:Warning: Warning InputAction Event references unknown Action 'ResetVR' for  InputAction ResetVR
[2017.04.26-14.47.45:650][779]LogBlueprint:Warning: [Compiler FirstPersonCharacter] Warning [0371.13] Compile of FirstPersonCharacter successful, but with 1 Warning(s) [in 1,286 ms] (/Game/FirstPersonBP/Blueprints/FirstPersonCharacter.FirstPersonCharacter)
[2017.04.26-14.47.50:923][958]LogSavePackage: Save=129.17ms
[2017.04.26-14.47.50:923][958]LogSavePackage: Moving '../../../../../4ºcurso/Repositorios/LastBulletVR/LastBullet/Saved/FirstPersonCharacter2092EABB4B7C2548A019D3BA07F8EA5E.tmp' to '../../../../../4ºcurso/Repositorios/LastBulletVR/LastBullet/Content/FirstPersonBP/Blueprints/FirstPersonCharacter.uasset'
[2017.04.26-14.47.50:927][958]LogSavePackage:Display: Finished SavePackage ../../../../../4ºcurso/Repositorios/LastBulletVR/LastBullet/Content/FirstPersonBP/Blueprints/FirstPersonCharacter.uasset
