Log file open, 05/02/17 11:24:31
LogInit:Display: Running engine for game: LastBullet
LogPlatformFile: Not using cached read wrapper
LogInit:Display: RandInit(49141119) SRandInit(49141335).
LogTaskGraph: Started task graph with 5 named threads and 8 total threads with 1 sets of task threads.
LogStats: Stats thread started at 2.282702
LogInit: Using libcurl 7.47.1
LogInit:  - built for x86_64-pc-win32
LogInit:  - supports SSL with OpenSSL/1.0.2g
LogInit:  - supports HTTP deflate (compression) using libz 1.2.8
LogInit:  - other features:
LogInit:      CURL_VERSION_SSL
LogInit:      CURL_VERSION_LIBZ
LogInit:      CURL_VERSION_IPV6
LogInit:      CURL_VERSION_ASYNCHDNS
LogInit:      CURL_VERSION_LARGEFILE
LogInit:      CURL_VERSION_IDN
LogInit:  CurlRequestOptions (configurable via config and command line):
LogInit:  - bVerifyPeer = false  - Libcurl will NOT verify peer certificate
LogInit:  - bUseHttpProxy = false  - Libcurl will NOT use HTTP proxy
LogInit:  - bDontReuseConnections = false  - Libcurl will reuse connections
LogInit:  - CertBundlePath = nullptr  - Libcurl will use whatever was configured at build time.
OCULUS: Info: [CAPI] LibOVR module is located at C:\Program Files\Oculus\Support\oculus-runtime\LibOVRRT64_1.dll
OCULUS: Debug: Connected to the server running version (prod = 1).1.14.0(build = 378771) feature version = 0. Client runs version (prod = 1).1.14.0(build = 378771) feature version = 0
LogHMD: GearVR: Emulating GearVR using Oculus Rift!
LogInit: Build: ++UE4+Release-4.15-CL-3348071
LogInit: Engine Version: 4.15.1-3348071+++UE4+Release-4.15
LogInit: Compatible Engine Version: 4.15.0-3299760+++UE4+Release-4.15
LogInit: Net CL: 3299760
LogDevObjectVersion: Number of dev versions registered: 14
LogDevObjectVersion:   Dev-Blueprints (B0D832E4-1F89-4F0D-ACCF-7EB736FD4AA2): 8
LogDevObjectVersion:   Dev-Build (E1C64328-A22C-4D53-A36C-8E866417BD8C): 0
LogDevObjectVersion:   Dev-Core (375EC13C-06E4-48FB-B500-84F0262A717E): 2
LogDevObjectVersion:   Dev-Editor (E4B068ED-F494-42E9-A231-DA0B2E46BB41): 14
LogDevObjectVersion:   Dev-Framework (CFFC743F-43B0-4480-9391-14DF171D2073): 22
LogDevObjectVersion:   Dev-Mobile (B02B49B5-BB20-44E9-A304-32B752E40360): 0
LogDevObjectVersion:   Dev-Networking (A4E4105C-59A1-49B5-A7C5-40C4547EDFEE): 0
LogDevObjectVersion:   Dev-Online (39C831C9-5AE6-47DC-9A44-9C173E1C8E7C): 0
LogDevObjectVersion:   Dev-Physics (78F01B33-EBEA-4F98-B9B4-84EACCB95AA2): 0
LogDevObjectVersion:   Dev-Platform (6631380F-2D4D-43E0-8009-CF276956A95A): 0
LogDevObjectVersion:   Dev-Rendering (12F88B9F-8875-4AFC-A67C-D90C383ABD29): 12
LogDevObjectVersion:   Dev-Sequencer (7B5AE74C-D270-4C10-A958-57980B212A5A): 3
LogDevObjectVersion:   Dev-VR (D7296918-1DD6-4BDD-9DE2-64A83CC13884): 0
LogDevObjectVersion:   Dev-LoadTimes (C2A15278-BFE7-4AFE-6C17-90FF531DF755): 1
LogInit: Compiled (64-bit): Mar 15 2017 16:52:47
LogInit: Compiled with Visual C++: 19.00.23026.00
LogInit: Build Configuration: Development
LogInit: Branch Name: ++UE4+Release-4.15
LogInit: Command line:  
LogInit: Base directory: D:/Program Files/Epic Games/UE_4.15/Engine/Binaries/Win64/
LogInit: Installed Engine Build: 1
LogInit: Presizing for max 8388607 objects, including 0 objects not considered by GC, pre-allocating 0 bytes for permanent pool.
LogInit: Object subsystem initialized
[2017.05.02-09.24.33:829][  0]LogInit: Selected Device Profile: [Windows]
[2017.05.02-09.24.33:829][  0]LogInit: Applying CVar settings loaded from the selected device profile: [Windows]
[2017.05.02-09.24.33:911][  0]LogInit: Computer: TONIMASTERRACE
[2017.05.02-09.24.33:911][  0]LogInit: User: Toni
[2017.05.02-09.24.33:911][  0]LogInit: CPU Page size=65536, Cores=4
[2017.05.02-09.24.33:911][  0]LogInit: High frequency timer resolution =24.000000 MHz
[2017.05.02-09.24.33:911][  0]LogMemory: Memory total: Physical=8.0GB (8GB approx)
[2017.05.02-09.24.33:911][  0]LogMemory: Platform Memory Stats for Windows
[2017.05.02-09.24.33:911][  0]LogMemory: Process Physical Memory: 268.29 MB used, 268.29 MB peak
[2017.05.02-09.24.33:911][  0]LogMemory: Process Virtual Memory: 265.65 MB used, 265.65 MB peak
[2017.05.02-09.24.33:911][  0]LogMemory: Physical Memory: 4388.45 MB used,  3756.99 MB free, 8145.44 MB total
[2017.05.02-09.24.33:911][  0]LogMemory: Virtual Memory: 685.21 MB used,  3756.99 MB free, 134217728.00 MB total
[2017.05.02-09.24.34:497][  0]LogInit: Overriding culture en with editor configuration.
[2017.05.02-09.24.37:544][  0]LogD3D11RHI: D3D11 adapters:
[2017.05.02-09.24.38:118][  0]LogD3D11RHI:    0. 'NVIDIA GeForce GTX 1070' (Feature Level 11_0)
[2017.05.02-09.24.38:118][  0]LogD3D11RHI:       8119/0/4072 MB DedicatedVideo/DedicatedSystem/SharedSystem, Outputs:1, VendorId:0x10de
[2017.05.02-09.24.38:122][  0]LogD3D11RHI:    1. 'Microsoft Basic Render Driver' (Feature Level 11_0)
[2017.05.02-09.24.38:122][  0]LogD3D11RHI:       0/0/4072 MB DedicatedVideo/DedicatedSystem/SharedSystem, Outputs:0, VendorId:0x1414
[2017.05.02-09.24.38:122][  0]LogD3D11RHI: Chosen D3D11 Adapter: 0
[2017.05.02-09.24.38:157][  0]LogD3D11RHI: Creating new Direct3DDevice
[2017.05.02-09.24.38:157][  0]LogD3D11RHI:     GPU DeviceId: 0x1b81 (for the marketing name, search the web for "GPU Device Id")
[2017.05.02-09.24.38:157][  0]LogWindows: EnumDisplayDevices:
[2017.05.02-09.24.38:158][  0]LogWindows:    0. 'NVIDIA GeForce GTX 1070' (P:1 D:1)
[2017.05.02-09.24.38:158][  0]LogWindows:    1. 'NVIDIA GeForce GTX 1070' (P:0 D:0)
[2017.05.02-09.24.38:159][  0]LogWindows:    2. 'NVIDIA GeForce GTX 1070' (P:0 D:0)
[2017.05.02-09.24.38:160][  0]LogWindows:    3. 'NVIDIA GeForce GTX 1070' (P:0 D:0)
[2017.05.02-09.24.38:160][  0]LogWindows: DebugString: FoundDriverCount:4 
[2017.05.02-09.24.38:160][  0]LogD3D11RHI:     Adapter Name: NVIDIA GeForce GTX 1070
[2017.05.02-09.24.38:161][  0]LogD3D11RHI:   Driver Version: 381.89 (internal:22.21.13.8189, unified:381.89)
[2017.05.02-09.24.38:161][  0]LogD3D11RHI:      Driver Date: 4-19-2017
[2017.05.02-09.24.38:170][  0]LogRHI: Texture pool is 1361 MB (70% of 1945 MB)
[2017.05.02-09.24.38:848][  0]LogD3D11RHI: Async texture creation enabled
[2017.05.02-09.24.39:245][  0]LogD3D11RHI: GPU Timing Frequency: 1000.000000 (Debug: 2 2)
[2017.05.02-09.24.39:364][  0]LogShaderCompilers: Guid format shader working directory is 3 characters bigger than the processId version (../../../../../../LastBulletVR/LastBullet/Intermediate/Shaders/WorkingDirectory/11272/).
[2017.05.02-09.24.39:365][  0]LogShaderCompilers: Cleaned the shader compiler working directory 'C:/Users/Toni/AppData/Local/Temp/UnrealShaderWorkingDir/86E6628F435CDD495CE762A3209738CA/'.
[2017.05.02-09.24.39:371][  0]LogShaderCompilers:Display: Using Local Shader Compiler.
[2017.05.02-09.24.44:025][  0]LogTemp:Display: Loaded TP AllDesktopTargetPlatform
[2017.05.02-09.24.44:096][  0]LogTemp:Display: Loaded TP MacClientTargetPlatform
[2017.05.02-09.24.44:193][  0]LogTemp:Display: Loaded TP MacNoEditorTargetPlatform
[2017.05.02-09.24.44:251][  0]LogTemp:Display: Loaded TP MacServerTargetPlatform
[2017.05.02-09.24.44:323][  0]LogTemp:Display: Loaded TP MacTargetPlatform
[2017.05.02-09.24.44:369][  0]LogTemp:Display: Loaded TP WindowsClientTargetPlatform
[2017.05.02-09.24.44:406][  0]LogTemp:Display: Loaded TP WindowsNoEditorTargetPlatform
[2017.05.02-09.24.44:443][  0]LogTemp:Display: Loaded TP WindowsServerTargetPlatform
[2017.05.02-09.24.44:474][  0]LogTemp:Display: Loaded TP WindowsTargetPlatform
[2017.05.02-09.24.44:516][  0]LogTemp:Display: Loaded TP AndroidTargetPlatform
[2017.05.02-09.24.44:558][  0]LogTemp:Display: Loaded TP Android_ASTCTargetPlatform
[2017.05.02-09.24.44:595][  0]LogTemp:Display: Loaded TP Android_ATCTargetPlatform
[2017.05.02-09.24.44:633][  0]LogTemp:Display: Loaded TP Android_DXTTargetPlatform
[2017.05.02-09.24.44:670][  0]LogTemp:Display: Loaded TP Android_ETC1TargetPlatform
[2017.05.02-09.24.44:718][  0]LogTemp:Display: Loaded TP Android_ETC2TargetPlatform
[2017.05.02-09.24.44:798][  0]LogTemp:Display: Loaded TP Android_MultiTargetPlatform
[2017.05.02-09.24.44:798][  0]LogTemp:Display: Loaded TP Android_PVRTCTargetPlatform
[2017.05.02-09.24.44:823][  0]LogTemp:Display: Loaded TP HTML5TargetPlatform
[2017.05.02-09.24.45:051][  0]LogTemp:Display: Loaded TP IOSTargetPlatform
[2017.05.02-09.24.45:079][  0]LogTemp:Display: Loaded TP TVOSTargetPlatform
[2017.05.02-09.24.45:160][  0]LogTemp:Display: Loaded TP LinuxClientTargetPlatform
[2017.05.02-09.24.45:312][  0]LogTemp:Display: Loaded TP LinuxNoEditorTargetPlatform
[2017.05.02-09.24.45:377][  0]LogTemp:Display: Loaded TP LinuxServerTargetPlatform
[2017.05.02-09.24.45:506][  0]LogTemp:Display: Loaded TP LinuxTargetPlatform
[2017.05.02-09.24.45:506][  0]LogTargetPlatformManager:Display: Building Assets For Windows
[2017.05.02-09.24.46:669][  0]LogDerivedDataCache:Display: Max Cache Size: 512 MB
[2017.05.02-09.24.46:961][  0]LogDerivedDataCache: Loaded boot cache 0.29s 51MB C:/Users/Toni/AppData/Local/UnrealEngine/4.15/DerivedDataCache/Boot.ddc.
[2017.05.02-09.24.46:961][  0]LogDerivedDataCache:Display: Loaded Boot cache: C:/Users/Toni/AppData/Local/UnrealEngine/4.15/DerivedDataCache/Boot.ddc
[2017.05.02-09.24.46:961][  0]LogDerivedDataCache: FDerivedDataBackendGraph:  Pak pak cache file ../../../../../../LastBulletVR/LastBullet/DerivedDataCache/DDC.ddp not found, will not use a pak cache.
[2017.05.02-09.24.46:961][  0]LogDerivedDataCache: Unable to find inner node Pak for hierarchical cache Hierarchy.
[2017.05.02-09.24.46:961][  0]LogDerivedDataCache: FDerivedDataBackendGraph:  CompressedPak pak cache file ../../../../../../LastBulletVR/LastBullet/DerivedDataCache/Compressed.ddp not found, will not use a pak cache.
[2017.05.02-09.24.46:961][  0]LogDerivedDataCache: Unable to find inner node CompressedPak for hierarchical cache Hierarchy.
[2017.05.02-09.24.47:023][  0]LogDerivedDataCache:Display: Pak cache opened for reading ../../../Engine/DerivedDataCache/Compressed.ddp.
[2017.05.02-09.24.47:037][  0]LogDerivedDataCache: Using Local data cache path C:/Users/Toni/AppData/Local/UnrealEngine/Common/DerivedDataCache: Writable
[2017.05.02-09.24.47:403][  0]LogSlate: Using Freetype 2.6.0
[2017.05.02-09.24.47:612][  0]LogSlate: SlateFontCache - WITH_FREETYPE: 1, WITH_HARFBUZZ: 1
[2017.05.02-09.24.47:612][  0]LogSlate: SlateFontCache - WITH_FREETYPE: 1, WITH_HARFBUZZ: 1
[2017.05.02-09.24.56:707][  0]LogInit: Selected Device Profile: [Windows]
[2017.05.02-09.24.56:796][  0]LogContentStreaming: Texture pool size is 0.00 MB
[2017.05.02-09.24.57:467][  0]LogMeshUtilities: Using QuadricMeshReduction for automatic static mesh reduction
[2017.05.02-09.24.57:503][  0]LogSimplygon: Simplygon DLL not present - disabling.
[2017.05.02-09.24.57:565][  0]LogMeshUtilities: Using SimplygonSwarm for distributed automatic mesh merging
[2017.05.02-09.24.57:565][  0]LogMeshUtilities: No automatic skeletal mesh reduction module available
[2017.05.02-09.24.57:565][  0]LogMeshUtilities: No automatic mesh merging module available
[2017.05.02-09.25.02:767][  0]LogNetVersion: GetLocalNetworkVersion: CL: 3299760, ProjectName: lastbullet, ProjectVersion: , EngineNetworkVersion: 2, GameNetworkVersion: 0, NetworkChecksum: 1522868599
[2017.05.02-09.25.02:924][  0]LogAssetRegistry: FAssetRegistry took 0.0242 seconds to start up
[2017.05.02-09.25.03:128][  0]LogPackageLocalizationCache: Processed 3 localized package path(s) for 1 prioritized culture(s) in 0.148126 seconds
[2017.05.02-09.25.03:194][  0]LogUObjectArray: 32493 objects as part of root set at end of initial load.
[2017.05.02-09.25.03:194][  0]LogUObjectAllocator: 7077032 out of 0 bytes used by permanent object pool.
[2017.05.02-09.25.03:194][  0]LogUObjectArray: CloseDisregardForGC: 0/0 objects in disregard for GC pool
[2017.05.02-09.25.03:271][  0]LogInit: WinSock: version 1.1 (2.2), MaxSocks=32767, MaxUdp=65467
[2017.05.02-09.25.11:709][  0]LogTcpMessaging: Initializing TcpMessaging bridge
[2017.05.02-09.25.11:759][  0]LogUdpMessaging: Initializing bridge on interface 0.0.0.0:0 to multicast group 230.0.0.1:6666.
[2017.05.02-09.25.12:905][  0]LogMaterial: Uniform references updated for custom material expression Custom.
[2017.05.02-09.25.13:581][  0]SourceControl: Info Source control is disabled
[2017.05.02-09.25.16:453][  0]LogEngine: Initializing Engine...
[2017.05.02-09.25.16:483][  0]LogHMD: Oculus plugin initialized. Version: 4.15.1-3348071+++UE4+Release-4.15, LibOVR: 1.14.0, SDK: 1.10.0, built Mar 15 2017, 16:59:09
[2017.05.02-09.25.17:336][  0]LogAIModule: Creating AISystem for world Untitled
[2017.05.02-09.25.17:544][  0]LogInit: XAudio2 using 'Altavoces (Realtek High Definition Audio)' : 2 channels at 48 kHz using 32 bits per sample (channel mask 0x3)
[2017.05.02-09.25.17:580][  0]LogInit: FAudioDevice initialized.
[2017.05.02-09.25.17:604][  0]LogDerivedDataCache: Saved boot cache 0.02s 51MB C:/Users/Toni/AppData/Local/UnrealEngine/4.15/DerivedDataCache/Boot.ddc.
[2017.05.02-09.25.17:623][  0]LogInit: Texture streaming: Enabled
[2017.05.02-09.25.17:765][  0]LogEngineSessionManager: EngineSessionManager initialized
[2017.05.02-09.25.18:007][  0]LogInit: Transaction tracking system initialized
[2017.05.02-09.25.18:439][  0]BlueprintLog: New page: Editor Load
[2017.05.02-09.25.19:790][  0]LocalizationService: Info Localization service is disabled
[2017.05.02-09.25.20:687][  0]LogConsoleResponse:Display: 
[2017.05.02-09.25.22:417][  0]LogFileCache: Scanning file cache for directory 'D:/LastBulletVR/LastBullet/Content/' took 0.07s
[2017.05.02-09.25.22:417][  0]LogCook:Display: Max memory allowance for cook 16384mb min free memory 0mb
[2017.05.02-09.25.22:418][  0]LogCook:Display: Mobile HDR setting 1
[2017.05.02-09.25.24:413][  0]Cmd: MAP LOAD FILE="../../../../../../LastBulletVR/LastBullet/Content/StarterContent/Maps/Minimal_Default.umap" TEMPLATE=0 SHOWPROGRESS=1 FEATURELEVEL=3
[2017.05.02-09.25.24:470][  0]LightingResults: New page: Lighting Build
[2017.05.02-09.25.24:768][  0]MapCheck: New page: Map Check
[2017.05.02-09.25.24:768][  0]LightingResults: New page: Lighting Build
[2017.05.02-09.25.25:969][  0]LogLinker:Warning: Asset '../../../../../../LastBulletVR/LastBullet/Content/Blueprints/modul_transporttransport_16_Blueprint.uasset' has been saved with empty engine version. The asset will be loaded but may be incompatible.
[2017.05.02-09.25.26:506][  0]LogBlueprint:Warning: Node '/Game/Blueprints/modul_transporttransport_16_Blueprint.modul_transporttransport_16_Blueprint:EdGraph_0.K2Node_FunctionEntry_359' missing NodeGuid because of upgrade from old package version, this can cause deterministic cooking issues please resave package.
[2017.05.02-09.25.26:586][  0]LogBlueprint:Warning: Node '/Game/Blueprints/modul_transporttransport_16_Blueprint.modul_transporttransport_16_Blueprint:EdGraph_1.K2Node_FunctionEntry_359' missing NodeGuid because of upgrade from old package version, this can cause deterministic cooking issues please resave package.
[2017.05.02-09.25.26:632][  0]LogBlueprint:Warning: Node '/Game/Blueprints/modul_transporttransport_16_Blueprint.modul_transporttransport_16_Blueprint:EdGraph_2.K2Node_FunctionEntry_359' missing NodeGuid because of upgrade from old package version, this can cause deterministic cooking issues please resave package.
[2017.05.02-09.25.27:819][  0]LogBlueprint:Warning: [WeaponComponent] 'GunOffset' variable not found. Base class was probably changed.
[2017.05.02-09.25.27:847][  0]LogBlueprint:Warning: [WeaponComponent] 'AmmoBar' variable not found. Base class was probably changed.
[2017.05.02-09.25.27:847][  0]LogBlueprint:Warning: [WeaponComponent] 'AmmoBar' variable not found. Base class was probably changed.
[2017.05.02-09.25.27:848][  0]LogBlueprint:Warning: [WeaponComponent] 'Mesh2P' variable not found. Base class was probably changed.
[2017.05.02-09.25.27:848][  0]LogBlueprint:Warning: [WeaponComponent] 'Sphere' variable not found. Base class was probably changed.
[2017.05.02-09.25.27:848][  0]LogBlueprint:Warning: [WeaponComponent] 'FirstPersonCamera' variable not found. Base class was probably changed.
[2017.05.02-09.25.27:848][  0]LogBlueprint:Warning: [WeaponComponent] 'UsingMotionControllers?' variable not found. Base class was probably changed.
[2017.05.02-09.25.27:848][  0]LogBlueprint:Warning: [WeaponComponent] 'VR_Marker' variable not found. Base class was probably changed.
[2017.05.02-09.25.27:848][  0]LogBlueprint:Warning: [WeaponComponent] 'WeaponComponent' variable not found. Base class was probably changed.
[2017.05.02-09.25.27:848][  0]LogBlueprint:Warning: [WeaponComponent] 'WeaponComponent' variable not found. Base class was probably changed.
[2017.05.02-09.25.27:848][  0]LogBlueprint:Warning: [WeaponComponent] 'WeaponComponent' variable not found. Base class was probably changed.
[2017.05.02-09.25.27:849][  0]LogBlueprint:Warning: [WeaponComponent] 'AmmoBar' variable not found. Base class was probably changed.
[2017.05.02-09.25.27:849][  0]LogBlueprint:Warning: [WeaponComponent] 'AmmoBar' variable not found. Base class was probably changed.
[2017.05.02-09.25.27:849][  0]LogBlueprint:Warning: [WeaponComponent] 'WeaponComponent' variable not found. Base class was probably changed.
[2017.05.02-09.25.27:849][  0]LogBlueprint:Warning: [WeaponComponent] 'WeaponComponent' variable not found. Base class was probably changed.
[2017.05.02-09.25.27:849][  0]LogBlueprint:Warning: [WeaponComponent] 'WeaponComponent' variable not found. Base class was probably changed.
[2017.05.02-09.25.27:849][  0]LogBlueprint:Warning: [WeaponComponent] 'WeaponComponent' variable not found. Base class was probably changed.
[2017.05.02-09.25.27:849][  0]LogBlueprint:Warning: [WeaponComponent] 'WeaponComponent' variable not found. Base class was probably changed.
[2017.05.02-09.25.27:849][  0]LogBlueprint:Warning: [WeaponComponent] 'WeaponComponent' variable not found. Base class was probably changed.
[2017.05.02-09.25.27:849][  0]LogBlueprint:Warning: [WeaponComponent] 'WeaponComponent' variable not found. Base class was probably changed.
[2017.05.02-09.25.27:849][  0]LogBlueprint:Warning: [WeaponComponent] 'WeaponComponent' variable not found. Base class was probably changed.
[2017.05.02-09.25.27:849][  0]LogBlueprint:Warning: [WeaponComponent] 'WeaponComponent' variable not found. Base class was probably changed.
[2017.05.02-09.25.27:849][  0]LogBlueprint:Warning: [WeaponComponent] 'WeaponComponent' variable not found. Base class was probably changed.
[2017.05.02-09.25.30:200][  0]LogBlueprint:Warning: [HUD] 'AmmoTotal' variable not found. Base class was probably changed.
[2017.05.02-09.25.30:234][  0]LogBlueprint:Error: [Compiler HUD] Error Failed to resolve term passed into  Value
[2017.05.02-09.25.30:240][  0]LogBlueprint:Warning: [Compiler HUD] Warning [0066.49] Compile of HUD failed. 1 Fatal Issue(s) 0 Warning(s) [in 24 ms] (/Game/FirstPersonBP/Maps/HUD.HUD)
[2017.05.02-09.25.30:240][  0]LogBlueprint:Warning: [Compiler HUD] Warning [0066.49] Compile of HUD failed. 1 Fatal Issue(s) 1 Warning(s) [in 0 ms] (/Game/FirstPersonBP/Maps/HUD.HUD)
[2017.05.02-09.25.30:240][  0]LogBlueprint:Warning: [Compiler HUD] Warning [0066.49] Compile of HUD failed. 1 Fatal Issue(s) 2 Warning(s) [in 0 ms] (/Game/FirstPersonBP/Maps/HUD.HUD)
[2017.05.02-09.25.30:360][  0]LogBlueprint:Warning: [PistolActor_Blueprint] 'VR_Marker' variable not found. Base class was probably changed.
[2017.05.02-09.25.31:521][  0]LogBlueprint:Warning: [HUD] 'AmmoTotal' variable not found. Base class was probably changed.
[2017.05.02-09.25.34:165][  0]LogLinker:Warning: Asset '../../../../../../LastBulletVR/LastBullet/Content/Meshes/Space/StarMap_Nebula_1_Mat.uasset' has been saved with empty engine version. The asset will be loaded but may be incompatible.
[2017.05.02-09.25.34:181][  0]LogLinker:Warning: Asset '../../../../../../LastBulletVR/LastBullet/Content/Meshes/Space/StarMap_Nebula_1.uasset' has been saved with empty engine version. The asset will be loaded but may be incompatible.
[2017.05.02-09.25.34:253][  0]LogLinker:Warning: Asset '../../../../../../LastBulletVR/LastBullet/Content/Meshes/Space/FX_Map_7.uasset' has been saved with empty engine version. The asset will be loaded but may be incompatible.
[2017.05.02-09.25.34:274][  0]LogLinker:Warning: Asset '../../../../../../LastBulletVR/LastBullet/Content/Meshes/Space/StarMap_1.uasset' has been saved with empty engine version. The asset will be loaded but may be incompatible.
[2017.05.02-09.25.38:550][  0]LogBlueprint:Warning: Node '/Game/Blueprints/modul_transporttransport_16_Blueprint.modul_transporttransport_16_Blueprint:UserConstructionScript.K2Node_FunctionEntry_359' missing NodeGuid because of upgrade from old package version, this can cause deterministic cooking issues please resave package.
[2017.05.02-09.25.40:961][  0]LogAIModule: Creating AISystem for world Minimal_Default
[2017.05.02-09.25.41:595][  0]LogEditorServer: Finished looking for orphan Actors (0.000 secs)
[2017.05.02-09.25.41:667][  0]Cmd: MAP CHECKDEP NOCLEARLOG
[2017.05.02-09.25.41:765][  0]MapCheck: Info Map check complete: 0 Error(s), 0 Warning(s), took 98.26ms to complete.
[2017.05.02-09.25.41:766][  0]LogFileHelpers: Loading map 'Minimal_Default' took 17.377
[2017.05.02-09.25.44:456][  0]LogCollectionManager: Loaded 0 collections in 0.000987 seconds
[2017.05.02-09.25.44:829][  0]LogFileCache: Scanning file cache for directory 'D:/LastBulletVR/LastBullet/Saved/Collections/' took 0.01s
[2017.05.02-09.25.44:829][  0]LogFileCache: Scanning file cache for directory 'D:/LastBulletVR/LastBullet/Content/Developers/Toni/Collections/' took 0.01s
[2017.05.02-09.25.44:829][  0]LogFileCache: Scanning file cache for directory 'D:/LastBulletVR/LastBullet/Content/Collections/' took 0.01s
[2017.05.02-09.25.44:829][  0]LogCollectionManager: Rebuilt the GUID cache for 0 collections in 0.000005 seconds
[2017.05.02-09.25.44:841][  0]LogContentBrowser: Native class hierarchy populated in 0.0078 seconds. Added 2245 classes and 453 folders.
[2017.05.02-09.25.44:950][  0]LogStats: UGameplayTagsManager::ConstructGameplayTagTree: Construct from data asset -  0.009 s
[2017.05.02-09.25.44:950][  0]LogStats: UGameplayTagsManager::ConstructGameplayTagTree: GameplayTagTreeChangedEvent.Broadcast -  0.000 s
[2017.05.02-09.25.45:007][  0]LogContentBrowser: Native class hierarchy updated for 'WidgetCarousel' in 0.0005 seconds. Added 0 classes and 0 folders.
[2017.05.02-09.25.45:906][  0]LogContentBrowser: Native class hierarchy updated for 'AddContentDialog' in 0.0005 seconds. Added 0 classes and 0 folders.
[2017.05.02-09.25.45:986][  0]LogContentBrowser: Native class hierarchy updated for 'SceneOutliner' in 0.0006 seconds. Added 1 classes and 2 folders.
[2017.05.02-09.25.46:357][  0]LogCrashTracker: Crashtracker disabled due to settings.
[2017.05.02-09.25.46:521][  0]LogUObjectGlobals:Warning: Failed to find object 'Class None.'
[2017.05.02-09.25.46:696][  0]LogContentBrowser: Native class hierarchy updated for 'HierarchicalLODOutliner' in 0.0005 seconds. Added 1 classes and 2 folders.
[2017.05.02-09.25.46:697][  0]LogLoad: (Engine Initialization) Total time: 82.95 seconds
[2017.05.02-09.25.46:697][  0]LogLoad: (Engine Initialization) Total Blueprint compile time: 1.47 seconds
[2017.05.02-09.25.46:697][  0]LogExternalProfiler: Found external profiler: VSPerf
[2017.05.02-09.25.46:697][  0]LogExternalProfiler: Using external profiler: VSPerf
[2017.05.02-09.25.47:113][  0]LogOcInput: OculusInput pre-init called
[2017.05.02-09.25.47:149][  0]LogOcInput: OculusInput is initialized. Init status 0. Runtime version: 1.14.0
[2017.05.02-09.25.47:557][  0]SourceControl: Info On branch FixingGunsOffset
[2017.05.02-09.25.47:557][  0]SourceControl: Info Your branch is up-to-date with 'origin/FixingGunsOffset'.
[2017.05.02-09.25.47:557][  0]SourceControl: Info Changes to be committed:
[2017.05.02-09.25.47:557][  0]SourceControl: Info   (use "git reset HEAD <file>..." to unstage)
[2017.05.02-09.25.47:557][  0]SourceControl: Info 	new file:   LastBullet/Content/FirstPerson/Animations/SK_Mannequin_Arms_Skeleton_Sequence_Assault_Pose.uasset
[2017.05.02-09.25.47:557][  0]SourceControl: Info 	new file:   LastBullet/Content/FirstPerson/Animations/SK_Mannequin_Arms_Skeleton_Sequence_Sniper_pose.uasset
[2017.05.02-09.25.47:557][  0]SourceControl: Info Changes not staged for commit:
[2017.05.02-09.25.47:557][  0]SourceControl: Info   (use "git add/rm <file>..." to update what will be committed)
[2017.05.02-09.25.47:558][  0]SourceControl: Info   (use "git checkout -- <file>..." to discard changes in working directory)
[2017.05.02-09.25.47:558][  0]SourceControl: Info 	modified:   LastBullet/Content/FirstPerson/Animations/SK_Mannequin_Arms_Skeleton_Sequence_Assault_Pose.uasset
[2017.05.02-09.25.47:558][  0]SourceControl: Info 	modified:   LastBullet/Content/FirstPerson/Animations/SK_Mannequin_Arms_Skeleton_Sequence_Sniper_pose.uasset
[2017.05.02-09.25.47:558][  0]SourceControl: Info 	modified:   LastBullet/Content/FirstPerson/Character/Mesh/SK_Mannequin_Arms.uasset
[2017.05.02-09.25.47:558][  0]SourceControl: Info 	modified:   LastBullet/Content/FirstPerson/Character/Mesh/SK_Mannequin_Arms_Skeleton.uasset
[2017.05.02-09.25.47:558][  0]SourceControl: Info 	modified:   LastBullet/Content/FirstPersonBP/Blueprints/FirstPersonCharacter.uasset
[2017.05.02-09.25.47:558][  0]SourceControl: Info 	modified:   LastBullet/Content/FirstPersonBP/Blueprints/WeaponENUM.uasset
[2017.05.02-09.25.47:558][  0]SourceControl: Info 	modified:   LastBullet/Content/FirstPersonBP/WeaponBP/Assault/AssaultActor_Blueprint.uasset
[2017.05.02-09.25.47:558][  0]SourceControl: Info 	modified:   LastBullet/Content/FirstPersonBP/WeaponBP/Sniper/Sniper_Blueprint.uasset
[2017.05.02-09.25.47:558][  0]SourceControl: Info 	modified:   LastBullet/Content/StarterContent/Maps/Minimal_Default.umap
[2017.05.02-09.25.47:558][  0]SourceControl: Info 	modified:   LastBullet/Intermediate/CachedAssetRegistry.bin
[2017.05.02-09.25.47:558][  0]SourceControl: Info 	modified:   LastBullet/Saved/AutoScreenshot.png
[2017.05.02-09.25.47:558][  0]SourceControl: Info 	modified:   LastBullet/Saved/Autosaves/Game/FirstPersonBP/Blueprints/FirstPersonCharacter_Auto3.uasset
[2017.05.02-09.25.47:558][  0]SourceControl: Info 	modified:   LastBullet/Saved/Autosaves/Game/StarterContent/Maps/Minimal_Default_Auto1.umap
[2017.05.02-09.25.47:558][  0]SourceControl: Info 	modified:   LastBullet/Saved/Autosaves/Game/StarterContent/Maps/Minimal_Default_Auto2.umap
[2017.05.02-09.25.47:558][  0]SourceControl: Info 	modified:   LastBullet/Saved/Autosaves/Game/StarterContent/Maps/Minimal_Default_Auto3.umap
[2017.05.02-09.25.47:558][  0]SourceControl: Info 	deleted:    LastBullet/Saved/Backup/Ruben_2017-04-28-13-14-42.umap
[2017.05.02-09.25.47:558][  0]SourceControl: Info 	deleted:    LastBullet/Saved/Backup/Ruben_2017-04-28-18-37-51.umap
[2017.05.02-09.25.47:558][  0]SourceControl: Info 	deleted:    LastBullet/Saved/Backup/Ruben_2017-04-28-18-58-04.umap
[2017.05.02-09.25.47:558][  0]SourceControl: Info 	deleted:    LastBullet/Saved/Backup/Ruben_2017-04-28-19-17-40.umap
[2017.05.02-09.25.47:558][  0]SourceControl: Info 	deleted:    LastBullet/Saved/Backup/Ruben_2017-04-28-19-25-30.umap
[2017.05.02-09.25.47:558][  0]SourceControl: Info 	deleted:    LastBullet/Saved/Backup/Ruben_2017-04-28-19-39-27.umap
[2017.05.02-09.25.47:558][  0]SourceControl: Info 	deleted:    LastBullet/Saved/Backup/Ruben_2017-04-28-19-46-40.umap
[2017.05.02-09.25.47:558][  0]SourceControl: Info 	deleted:    LastBullet/Saved/Backup/Ruben_BuiltData_2017-04-26-13-36-06.uasset
[2017.05.02-09.25.47:558][  0]SourceControl: Info 	modified:   LastBullet/Saved/Config/Windows/Editor.ini
[2017.05.02-09.25.47:558][  0]SourceControl: Info 	modified:   LastBullet/Saved/Config/Windows/EditorPerProjectUserSettings.ini
[2017.05.02-09.25.47:558][  0]SourceControl: Info 	modified:   LastBullet/Saved/Config/Windows/Engine.ini
[2017.05.02-09.25.47:558][  0]SourceControl: Info 	deleted:    LastBullet/Saved/Logs/LastBullet-backup-2017.04.28-17.54.53.log
[2017.05.02-09.25.47:559][  0]SourceControl: Info 	deleted:    LastBullet/Saved/Logs/LastBullet-backup-2017.04.28-18.17.07.log
[2017.05.02-09.25.47:559][  0]SourceControl: Info 	deleted:    LastBullet/Saved/Logs/LastBullet-backup-2017.04.28-20.11.07.log
[2017.05.02-09.25.47:559][  0]SourceControl: Info 	deleted:    LastBullet/Saved/Logs/LastBullet-backup-2017.04.28-20.36.44.log
[2017.05.02-09.25.47:559][  0]SourceControl: Info 	deleted:    LastBullet/Saved/Logs/LastBullet-backup-2017.04.28-20.46.30.log
[2017.05.02-09.25.47:559][  0]SourceControl: Info 	deleted:    LastBullet/Saved/Logs/LastBullet-backup-2017.04.29-00.05.45.log
[2017.05.02-09.25.47:559][  0]SourceControl: Info 	deleted:    LastBullet/Saved/Logs/LastBullet-backup-2017.04.29-23.16.26.log
[2017.05.02-09.25.47:559][  0]SourceControl: Info 	deleted:    LastBullet/Saved/Logs/LastBullet-backup-2017.04.30-12.23.02.log
[2017.05.02-09.25.47:559][  0]SourceControl: Info 	modified:   LastBullet/Saved/Logs/LastBullet.log
[2017.05.02-09.25.47:559][  0]SourceControl: Info Untracked files:
[2017.05.02-09.25.47:559][  0]SourceControl: Info   (use "git add <file>..." to include in what will be committed)
[2017.05.02-09.25.47:559][  0]SourceControl: Info 	LastBullet/Saved/Logs/LastBullet-backup-2017.05.01-22.14.35.log
[2017.05.02-09.25.47:559][  0]SourceControl: Info 	LastBullet/Saved/Logs/LastBullet-backup-2017.05.01-22.22.13.log
[2017.05.02-09.25.47:559][  0]SourceControl: Info 	LastBullet/Saved/Logs/LastBullet-backup-2017.05.01-22.25.04.log
[2017.05.02-09.25.47:559][  0]SourceControl: Info 	LastBullet/Saved/Logs/LastBullet-backup-2017.05.01-22.26.31.log
[2017.05.02-09.25.47:559][  0]SourceControl: Info 	LastBullet/Saved/Logs/LastBullet-backup-2017.05.01-22.28.33.log
[2017.05.02-09.25.47:559][  0]SourceControl: Info 	LastBullet/Saved/Logs/LastBullet-backup-2017.05.01-22.29.07.log
[2017.05.02-09.25.47:559][  0]SourceControl: Info 	LastBullet/Saved/Logs/LastBullet-backup-2017.05.01-22.30.14.log
[2017.05.02-09.25.47:559][  0]SourceControl: Info 	LastBullet/Saved/Logs/LastBullet-backup-2017.05.02-11.24.31.log
[2017.05.02-09.25.47:559][  0]SourceControl: Info 	LastBullet/Saved/Logs/UE4CC-Windows-0C7D591F4D1AAEF27FDAAEBA8E1FAF27/
[2017.05.02-09.25.47:559][  0]SourceControl: Info 	LastBullet/Saved/Logs/UE4CC-Windows-0C7D591F4D1AAEF27FDAAEBA8E1FAF27_0000/
[2017.05.02-09.25.47:559][  0]SourceControl: Info 	LastBullet/Saved/Logs/UE4CC-Windows-1EFBD4C640C996D55A94499728AD7385/
[2017.05.02-09.25.47:559][  0]SourceControl: Info 	LastBullet/Saved/Logs/UE4CC-Windows-33FA0D3E498B780EA9BC5393C928EF53/
[2017.05.02-09.25.47:559][  0]SourceControl: Info 	LastBullet/Saved/Logs/UE4CC-Windows-33FA0D3E498B780EA9BC5393C928EF53_0000/
[2017.05.02-09.25.47:559][  0]SourceControl: Info 	LastBullet/Saved/Logs/UE4CC-Windows-57F6990141C49B7CC2A40B900BDEBB6D/
[2017.05.02-09.25.47:559][  0]SourceControl: Info 	LastBullet/Saved/Logs/UE4CC-Windows-57F6990141C49B7CC2A40B900BDEBB6D_0000/
[2017.05.02-09.25.47:559][  0]SourceControl: Info 	LastBullet/Saved/Logs/UE4CC-Windows-7752A65B4A03C6E18280B3872C7E87EF/
[2017.05.02-09.25.47:559][  0]SourceControl: Info 	LastBullet/Saved/Logs/UE4CC-Windows-AAC0669A4C421525858E448551508FAB/
[2017.05.02-09.25.47:559][  0]SourceControl: Info 	LastBullet/Saved/Logs/UE4CC-Windows-B09ACFBD4BFEF2AEE392FAB1F22FBE00/
[2017.05.02-09.25.47:559][  0]SourceControl: Info 	LastBullet/Saved/Logs/UE4CC-Windows-B09ACFBD4BFEF2AEE392FAB1F22FBE00_0000/
[2017.05.02-09.25.47:559][  0]SourceControl: Info 	LastBullet/Saved/Logs/UE4CC-Windows-B63A9E1B4959E7E427067A88629C291A/
[2017.05.02-09.25.47:559][  0]SourceControl: Info 	LastBullet/Saved/Logs/UE4CC-Windows-B63A9E1B4959E7E427067A88629C291A_0000/
[2017.05.02-09.25.47:560][  0]SourceControl: Info 	LastBullet/Saved/Logs/UE4CC-Windows-CE004D6447BE8D99D47FF4BF61951258/
[2017.05.02-09.25.47:560][  0]SourceControl: Info 	LastBullet/Saved/Logs/UE4CC-Windows-CE004D6447BE8D99D47FF4BF61951258_0000/
[2017.05.02-09.25.47:560][  0]SourceControl: Info 	LastBullet/Saved/Logs/UE4CC-Windows-DD21B0DD49EE5BAF0184EBA74209DB96/
[2017.05.02-09.25.47:560][  0]SourceControl: Info 	LastBullet/Saved/Logs/UE4CC-Windows-DD21B0DD49EE5BAF0184EBA74209DB96_0000/
[2017.05.02-09.25.47:560][  0]SourceControl: Info 	LastBullet/Saved/Logs/UE4CC-Windows-EC205FC545300E06B9435EA419C6A72E/
[2017.05.02-09.25.47:560][  0]SourceControl: Info 	LastBullet/Saved/Logs/UE4CC-Windows-FCE4EB614E8BC452F0F61E889B2A432F/
[2017.05.02-09.25.47:578][  0]LogContentStreaming: Texture pool size now 1000 MB
[2017.05.02-09.25.47:715][  0]LogSlate: Took 0.013219 seconds to synchronously load lazily loaded font '../../../Engine/Content/Slate/Fonts/Roboto-Regular.ttf' (155K)
[2017.05.02-09.25.47:735][  0]LogSlate: Took 0.004737 seconds to synchronously load lazily loaded font '../../../Engine/Content/Slate/Fonts/Roboto-Bold.ttf' (160K)
[2017.05.02-09.25.47:784][  0]LogSlate: Took 0.017591 seconds to synchronously load lazily loaded font '../../../Engine/Content/Editor/Slate/Fonts/FontAwesome.ttf' (139K)
[2017.05.02-09.25.48:551][  0]LogRenderer: Reallocating scene render targets to support 1208x660 NumSamples 1 (Frame:2).
[2017.05.02-09.25.48:958][  1]LogFileCache: Retrieving MD5 hashes for directory 'D:/LastBulletVR/LastBullet/Content/' took 1.73s
[2017.05.02-09.25.49:197][  1]LogSlate: Took 0.016323 seconds to synchronously load lazily loaded font '../../../Engine/Content/Slate/Fonts/Roboto-Light.ttf' (159K)
[2017.05.02-09.25.50:367][  5]LogAssetRegistry: Asset discovery search completed in 47.4664 seconds
[2017.05.02-09.25.50:368][  5]LogCollectionManager: Rebuilt the object cache for 0 collections in 0.000395 seconds (found 0 objects)
[2017.05.02-09.25.50:368][  5]LogCollectionManager: Fixed up redirectors for 0 collections in 0.000758 seconds (updated 0 objects)
[2017.05.02-09.32.50:714][454]LogTemp: Repeting last play command: Selected Viewport
[2017.05.02-09.32.50:737][454]LogBlueprintUserMessages: Early PlayInEditor Detection: Level '/Game/StarterContent/Maps/Minimal_Default.Minimal_Default:PersistentLevel' has LevelScriptBlueprint '/Game/StarterContent/Maps/Minimal_Default.Minimal_Default:PersistentLevel.Minimal_Default' with GeneratedClass '/Game/StarterContent/Maps/Minimal_Default.Minimal_Default_C' with ClassGeneratedBy '/Game/StarterContent/Maps/Minimal_Default.Minimal_Default:PersistentLevel.Minimal_Default'
[2017.05.02-09.32.50:744][454]LogPlayLevel: PlayLevel: No blueprints needed recompiling
[2017.05.02-09.32.51:906][454]PIE: New page: PIE session: Minimal_Default (May 2, 2017, 1:32:51 PM)
[2017.05.02-09.32.51:924][454]LogPlayLevel: Creating play world package: /Game/StarterContent/Maps/UEDPIE_0_Minimal_Default
[2017.05.02-09.32.52:020][454]LogPlayLevel: PIE: StaticDuplicateObject took: (0.095964s)
[2017.05.02-09.32.52:020][454]LogAIModule: Creating AISystem for world Minimal_Default
[2017.05.02-09.32.52:038][454]LogPlayLevel: PIE: World Init took: (0.017908s)
[2017.05.02-09.32.52:038][454]LogPlayLevel: PIE: Created PIE world by copying editor world from /Game/StarterContent/Maps/Minimal_Default.Minimal_Default to /Game/StarterContent/Maps/UEDPIE_0_Minimal_Default.Minimal_Default (0.119296s)
[2017.05.02-09.32.52:264][454]LogInit: XAudio2 using 'Altavoces (Realtek High Definition Audio)' : 2 channels at 48 kHz using 32 bits per sample (channel mask 0x3)
[2017.05.02-09.32.52:279][454]LogInit: FAudioDevice initialized.
[2017.05.02-09.32.52:494][454]LogLoad: Game class is 'FirstPersonGameMode_C'
[2017.05.02-09.32.52:619][454]LogWorld: Bringing World /Game/StarterContent/Maps/UEDPIE_0_Minimal_Default.Minimal_Default up for play (max tick rate 0) at 2017.05.02-11.32.52
[2017.05.02-09.32.52:679][454]LogWorld: Bringing up level for play took: 0.075652
[2017.05.02-09.32.52:804][454]LogContentBrowser: Native class hierarchy updated for 'MovieSceneCapture' in 0.0005 seconds. Added 11 classes and 0 folders.
[2017.05.02-09.32.53:189][454]PIE: Info Play in editor start time for /Game/StarterContent/Maps/UEDPIE_0_Minimal_Default 2.958
[2017.05.02-09.32.53:190][454]LogBlueprintUserMessages: Late PlayInEditor Detection: Level '/Game/StarterContent/Maps/Minimal_Default.Minimal_Default:PersistentLevel' has LevelScriptBlueprint '/Game/StarterContent/Maps/Minimal_Default.Minimal_Default:PersistentLevel.Minimal_Default' with GeneratedClass '/Game/StarterContent/Maps/Minimal_Default.Minimal_Default_C' with ClassGeneratedBy '/Game/StarterContent/Maps/Minimal_Default.Minimal_Default:PersistentLevel.Minimal_Default'
[2017.05.02-09.32.55:399][613]LogBlueprintUserMessages: Early EndPlayMap Detection: Level '/Game/StarterContent/Maps/Minimal_Default.Minimal_Default:PersistentLevel' has LevelScriptBlueprint '/Game/StarterContent/Maps/Minimal_Default.Minimal_Default:PersistentLevel.Minimal_Default' with GeneratedClass '/Game/StarterContent/Maps/Minimal_Default.Minimal_Default_C' with ClassGeneratedBy '/Game/StarterContent/Maps/Minimal_Default.Minimal_Default:PersistentLevel.Minimal_Default'
[2017.05.02-09.32.55:610][613]LogBlueprintUserMessages: Late EndPlayMap Detection: Level '/Game/StarterContent/Maps/Minimal_Default.Minimal_Default:PersistentLevel' has LevelScriptBlueprint '/Game/StarterContent/Maps/Minimal_Default.Minimal_Default:PersistentLevel.Minimal_Default' with GeneratedClass '/Game/StarterContent/Maps/Minimal_Default.Minimal_Default_C' with ClassGeneratedBy '/Game/StarterContent/Maps/Minimal_Default.Minimal_Default:PersistentLevel.Minimal_Default'
[2017.05.02-09.38.08:184][285]LogSlate: Took 0.000340 seconds to synchronously load lazily loaded font '../../../Engine/Content/Slate/Fonts/Roboto-Light.ttf' (159K)
[2017.05.02-09.39.07:593][395]LogWindowsTextInputMethodSystem:Display: IME system now deactivated.
[2017.05.02-09.39.08:085][396]Cmd: QUIT_EDITOR
[2017.05.02-09.39.09:418][396]LogExit: Preparing to exit.
[2017.05.02-09.39.10:478][396]LogDirectoryWatcher: A directory notification for 'D:/LastBulletVR/LastBullet/Content/' was aborted.
[2017.05.02-09.39.10:632][396]LogExit: Editor shut down
[2017.05.02-09.39.10:654][396]LogExit: Transaction tracking system shut down
[2017.05.02-09.39.11:621][396]LogObj: Freed 0b from 0 cluster array pools.
[2017.05.02-09.39.11:621][396]LogExit: Object subsystem successfully closed.
[2017.05.02-09.39.11:746][396]LogD3D11RHI: Shutdown
[2017.05.02-09.39.11:746][396]LogD3D11RHI: CleanupD3DDevice
[2017.05.02-09.39.12:215][396]LogD3D11RHI: ~FD3D11DynamicRHI
[2017.05.02-09.39.12:847][396]LogModuleManager: Shutting down and abandoning module MovieSceneCapture (500)
[2017.05.02-09.39.12:847][396]LogModuleManager: Shutting down and abandoning module HierarchicalLODOutliner (498)
[2017.05.02-09.39.12:855][396]LogModuleManager: Shutting down and abandoning module CrashTracker (496)
[2017.05.02-09.39.12:855][396]LogModuleManager: Shutting down and abandoning module SceneOutliner (494)
[2017.05.02-09.39.12:855][396]LogModuleManager: Shutting down and abandoning module AddContentDialog (492)
[2017.05.02-09.39.12:874][396]LogDirectoryWatcher: A directory notification for 'D:/Program Files/Epic Games/UE_4.15/FeaturePacks/' was aborted.
[2017.05.02-09.39.12:875][396]LogModuleManager: Shutting down and abandoning module WidgetCarousel (491)
[2017.05.02-09.39.12:875][396]LogModuleManager: Shutting down and abandoning module EditorWidgets (488)
[2017.05.02-09.39.12:876][396]LogModuleManager: Shutting down and abandoning module CollectionManager (486)
[2017.05.02-09.39.12:885][396]LogDirectoryWatcher: A directory notification for 'D:/LastBulletVR/LastBullet/Content/Collections/' was aborted.
[2017.05.02-09.39.12:885][396]LogDirectoryWatcher: A directory notification for 'D:/LastBulletVR/LastBullet/Content/Developers/Toni/Collections/' was aborted.
[2017.05.02-09.39.12:885][396]LogDirectoryWatcher: A directory notification for 'D:/LastBulletVR/LastBullet/Saved/Collections/' was aborted.
[2017.05.02-09.39.12:885][396]LogModuleManager: Shutting down and abandoning module StatsViewer (484)
[2017.05.02-09.39.12:895][396]LogModuleManager: Shutting down and abandoning module FoliageEdit (482)
[2017.05.02-09.39.12:903][396]LogModuleManager: Shutting down and abandoning module LandscapeEditor (480)
[2017.05.02-09.39.12:929][396]LogModuleManager: Shutting down and abandoning module SceneDepthPickerMode (478)
[2017.05.02-09.39.12:929][396]LogModuleManager: Shutting down and abandoning module ActorPickerMode (476)
[2017.05.02-09.39.12:929][396]LogModuleManager: Shutting down and abandoning module GeometryMode (474)
[2017.05.02-09.39.12:929][396]LogModuleManager: Shutting down and abandoning module TextureAlignMode (472)
[2017.05.02-09.39.12:929][396]LogModuleManager: Shutting down and abandoning module BspMode (470)
[2017.05.02-09.39.12:939][396]LogModuleManager: Shutting down and abandoning module HardwareSurvey (468)
[2017.05.02-09.39.12:939][396]LogModuleManager: Shutting down and abandoning module SequenceRecorderSections (466)
[2017.05.02-09.39.12:939][396]LogModuleManager: Shutting down and abandoning module AutomationWorker (464)
[2017.05.02-09.39.12:958][396]LogModuleManager: Shutting down and abandoning module MatineeToLevelSequence (462)
[2017.05.02-09.39.12:958][396]LogModuleManager: Shutting down and abandoning module LevelSequenceEditor (460)
[2017.05.02-09.39.12:989][396]LogModuleManager: Shutting down and abandoning module PlacementMode (459)
[2017.05.02-09.39.12:989][396]LogModuleManager: Shutting down and abandoning module WmfMediaFactory (456)
[2017.05.02-09.39.12:989][396]LogModuleManager: Shutting down and abandoning module WmfMediaEditor (454)
[2017.05.02-09.39.12:989][396]LogModuleManager: Shutting down and abandoning module MfMediaFactory (452)
[2017.05.02-09.39.12:989][396]LogModuleManager: Shutting down and abandoning module MfMediaEditor (450)
[2017.05.02-09.39.12:989][396]LogModuleManager: Shutting down and abandoning module AvfMediaFactory (448)
[2017.05.02-09.39.12:989][396]LogModuleManager: Shutting down and abandoning module AvfMediaEditor (446)
[2017.05.02-09.39.12:989][396]LogModuleManager: Shutting down and abandoning module AndroidMediaFactory (444)
[2017.05.02-09.39.12:989][396]LogModuleManager: Shutting down and abandoning module Media (443)
[2017.05.02-09.39.12:989][396]LogModuleManager: Shutting down and abandoning module AndroidMediaEditor (440)
[2017.05.02-09.39.12:989][396]LogModuleManager: Shutting down and abandoning module CharacterAI (438)
[2017.05.02-09.39.12:989][396]LogModuleManager: Shutting down and abandoning module AudioCapture (436)
[2017.05.02-09.39.12:989][396]LogModuleManager: Shutting down and abandoning module SequenceRecorder (435)
[2017.05.02-09.39.13:018][396]LogModuleManager: Shutting down and abandoning module SmartSnapping (432)
[2017.05.02-09.39.13:018][396]LogModuleManager: Shutting down and abandoning module SessionServices (430)
[2017.05.02-09.39.13:018][396]LogModuleManager: Shutting down and abandoning module ViewportSnapping (428)
[2017.05.02-09.39.13:018][396]LogModuleManager: Shutting down and abandoning module ViewportInteraction (426)
[2017.05.02-09.39.13:018][396]LogModuleManager: Shutting down and abandoning module LogVisualizer (424)
[2017.05.02-09.39.13:025][396]LogModuleManager: Shutting down and abandoning module IntroTutorials (422)
[2017.05.02-09.39.13:034][396]LogModuleManager: Shutting down and abandoning module GameProjectGeneration (421)
[2017.05.02-09.39.13:050][396]LogModuleManager: Shutting down and abandoning module EditorLiveStreaming (418)
[2017.05.02-09.39.13:050][396]LogModuleManager: Shutting down and abandoning module IOSPlatformEditor (416)
[2017.05.02-09.39.13:050][396]LogModuleManager: Shutting down and abandoning module HTML5PlatformEditor (414)
[2017.05.02-09.39.13:050][396]LogModuleManager: Shutting down and abandoning module AndroidPlatformEditor (412)
[2017.05.02-09.39.13:054][396]LogModuleManager: Shutting down and abandoning module AndroidDeviceDetection (411)
[2017.05.02-09.39.13:620][396]LogModuleManager: Shutting down and abandoning module IOSRuntimeSettings (408)
[2017.05.02-09.39.13:620][396]LogModuleManager: Shutting down and abandoning module AndroidRuntimeSettings (406)
[2017.05.02-09.39.13:620][396]LogModuleManager: Shutting down and abandoning module InputBindingEditor (404)
[2017.05.02-09.39.13:629][396]LogModuleManager: Shutting down and abandoning module NiagaraEditor (402)
[2017.05.02-09.39.13:652][396]LogModuleManager: Shutting down and abandoning module MergeActors (400)
[2017.05.02-09.39.13:659][396]LogModuleManager: Shutting down and abandoning module SizeMap (398)
[2017.05.02-09.39.13:659][396]LogModuleManager: Shutting down and abandoning module TreeMap (396)
[2017.05.02-09.39.13:669][396]LogModuleManager: Shutting down and abandoning module ReferenceViewer (394)
[2017.05.02-09.39.13:669][396]LogModuleManager: Shutting down and abandoning module LocalizationDashboard (392)
[2017.05.02-09.39.13:675][396]LogModuleManager: Shutting down and abandoning module LocalizationService (391)
[2017.05.02-09.39.13:684][396]LogModuleManager: Shutting down and abandoning module HardwareTargeting (388)
[2017.05.02-09.39.13:691][396]LogModuleManager: Shutting down and abandoning module DeviceProfileEditor (386)
[2017.05.02-09.39.13:697][396]LogModuleManager: Shutting down and abandoning module UndoHistory (384)
[2017.05.02-09.39.13:708][396]LogModuleManager: Shutting down and abandoning module UserFeedback (382)
[2017.05.02-09.39.13:708][396]LogModuleManager: Shutting down and abandoning module XmlParser (380)
[2017.05.02-09.39.13:708][396]LogModuleManager: Shutting down and abandoning module Blutility (378)
[2017.05.02-09.39.13:711][396]LogModuleManager: Shutting down and abandoning module ProjectSettingsViewer (376)
[2017.05.02-09.39.13:711][396]LogModuleManager: Shutting down and abandoning module ProjectTargetPlatformEditor (375)
[2017.05.02-09.39.13:712][396]LogModuleManager: Shutting down and abandoning module EditorSettingsViewer (372)
[2017.05.02-09.39.13:712][396]LogModuleManager: Shutting down and abandoning module SettingsEditor (370)
[2017.05.02-09.39.13:721][396]LogModuleManager: Shutting down and abandoning module ProjectLauncher (368)
[2017.05.02-09.39.13:738][396]LogModuleManager: Shutting down and abandoning module SessionFrontend (366)
[2017.05.02-09.39.13:744][396]LogModuleManager: Shutting down and abandoning module ProfilerClient (364)
[2017.05.02-09.39.13:756][396]LogModuleManager: Shutting down and abandoning module DeviceManager (362)
[2017.05.02-09.39.13:770][396]LogModuleManager: Shutting down and abandoning module TargetDeviceServices (361)
[2017.05.02-09.39.13:822][396]LogModuleManager: Shutting down and abandoning module AutomationController (358)
[2017.05.02-09.39.13:837][396]LogModuleManager: Shutting down and abandoning module AutomationWindow (356)
[2017.05.02-09.39.13:853][396]LogModuleManager: Shutting down and abandoning module Layers (354)
[2017.05.02-09.39.13:870][396]LogModuleManager: Shutting down and abandoning module ComponentVisualizers (352)
[2017.05.02-09.39.13:870][396]LogModuleManager: Shutting down and abandoning module DetailCustomizations (350)
[2017.05.02-09.39.13:885][396]LogModuleManager: Shutting down and abandoning module PackagesDialog (348)
[2017.05.02-09.39.13:896][396]LogModuleManager: Shutting down and abandoning module Persona (346)
[2017.05.02-09.39.13:919][396]LogModuleManager: Shutting down and abandoning module AnimGraph (345)
[2017.05.02-09.39.13:919][396]LogModuleManager: Shutting down and abandoning module Kismet (342)
[2017.05.02-09.39.13:930][396]LogModuleManager: Shutting down and abandoning module GraphEditor (340)
[2017.05.02-09.39.13:962][396]LogModuleManager: Shutting down and abandoning module ClassViewer (338)
[2017.05.02-09.39.13:968][396]LogModuleManager: Shutting down and abandoning module Toolbox (336)
[2017.05.02-09.39.13:968][396]LogModuleManager: Shutting down and abandoning module ModuleUI (334)
[2017.05.02-09.39.13:980][396]LogModuleManager: Shutting down and abandoning module MovieSceneTools (332)
[2017.05.02-09.39.13:990][396]LogModuleManager: Shutting down and abandoning module OutputLog (330)
[2017.05.02-09.39.13:996][396]LogModuleManager: Shutting down and abandoning module GammaUI (328)
[2017.05.02-09.39.14:005][396]LogModuleManager: Shutting down and abandoning module Documentation (326)
[2017.05.02-09.39.14:005][396]LogModuleManager: Shutting down and abandoning module Niagara (324)
[2017.05.02-09.39.14:005][396]LogModuleManager: Shutting down and abandoning module StreamingPauseRendering (322)
[2017.05.02-09.39.14:005][396]LogModuleManager: Shutting down and abandoning module AnalyticsET (320)
[2017.05.02-09.39.14:005][396]LogModuleManager: Shutting down and abandoning module PortalServices (318)
[2017.05.02-09.39.14:005][396]LogModuleManager: Shutting down and abandoning module PortalRpc (316)
[2017.05.02-09.39.14:005][396]LogModuleManager: Shutting down and abandoning module MessagingRpc (314)
[2017.05.02-09.39.14:005][396]LogModuleManager: Shutting down and abandoning module AIModule (312)
[2017.05.02-09.39.14:013][396]LogModuleManager: Shutting down and abandoning module GameplayDebugger (311)
[2017.05.02-09.39.14:018][396]LogModuleManager: Shutting down and abandoning module AITestSuite (309)
[2017.05.02-09.39.14:018][396]LogModuleManager: Shutting down and abandoning module ProfilerService (306)
[2017.05.02-09.39.14:132][396]LogModuleManager: Shutting down and abandoning module TaskGraph (304)
[2017.05.02-09.39.14:150][396]LogModuleManager: Shutting down and abandoning module SteamVRController (302)
[2017.05.02-09.39.14:150][396]LogModuleManager: Shutting down and abandoning module SteamVR (300)
[2017.05.02-09.39.14:150][396]LogModuleManager: Shutting down and abandoning module ProceduralMeshComponentEditor (298)
[2017.05.02-09.39.14:150][396]LogModuleManager: Shutting down and abandoning module ProceduralMeshComponent (296)
[2017.05.02-09.39.14:160][396]LogModuleManager: Shutting down and abandoning module OculusLibrary (294)
[2017.05.02-09.39.14:160][396]LogModuleManager: Shutting down and abandoning module OculusInput (292)
[2017.05.02-09.39.14:160][396]LogModuleManager: Shutting down and abandoning module MobilePatchingUtils (290)
[2017.05.02-09.39.14:160][396]LogModuleManager: Shutting down and abandoning module CustomMeshComponent (288)
[2017.05.02-09.39.14:160][396]LogModuleManager: Shutting down and abandoning module CableComponent (286)
[2017.05.02-09.39.14:160][396]LogModuleManager: Shutting down and abandoning module ArchVisCharacter (284)
[2017.05.02-09.39.14:160][396]LogModuleManager: Shutting down and abandoning module MediaPlayerEditor (280)
[2017.05.02-09.39.14:180][396]LogModuleManager: Shutting down and abandoning module HTML5Networking (278)
[2017.05.02-09.39.14:180][396]LogModuleManager: Shutting down and abandoning module AlembicImporter (276)
[2017.05.02-09.39.14:189][396]LogModuleManager: Shutting down and abandoning module AlembicLibrary (275)
[2017.05.02-09.39.14:189][396]LogModuleManager: Shutting down and abandoning module GeometryCache (274)
[2017.05.02-09.39.14:189][396]LogModuleManager: Shutting down and abandoning module GeometryCacheEd (273)
[2017.05.02-09.39.14:189][396]LogModuleManager: Shutting down and abandoning module SuperSearchEditor (268)
[2017.05.02-09.39.14:189][396]LogModuleManager: Shutting down and abandoning module SuperSearch (267)
[2017.05.02-09.39.14:189][396]LogModuleManager: Shutting down and abandoning module SpeedTreeImporter (264)
[2017.05.02-09.39.14:189][396]LogModuleManager: Shutting down and abandoning module PluginBrowser (262)
[2017.05.02-09.39.14:207][396]LogModuleManager: Shutting down and abandoning module MobileLauncherProfileWizard (260)
[2017.05.02-09.39.14:215][396]LogModuleManager: Shutting down and abandoning module EpicSurvey (258)
[2017.05.02-09.39.14:215][396]LogModuleManager: Shutting down and abandoning module VisualStudioSourceCodeAccess (256)
[2017.05.02-09.39.14:215][396]LogModuleManager: Shutting down and abandoning module DesktopPlatform (255)
[2017.05.02-09.39.14:215][396]LogModuleManager: Shutting down and abandoning module UObjectPlugin (252)
[2017.05.02-09.39.14:215][396]LogModuleManager: Shutting down and abandoning module SubversionSourceControl (250)
[2017.05.02-09.39.14:226][396]LogModuleManager: Shutting down and abandoning module PerforceSourceControl (248)
[2017.05.02-09.39.14:236][396]LogModuleManager: Shutting down and abandoning module GitSourceControl (246)
[2017.05.02-09.39.14:237][396]LogModuleManager: Shutting down and abandoning module SourceControl (245)
[2017.05.02-09.39.14:237][396]LogModuleManager: Shutting down and abandoning module LightPropagationVolumeEditor (242)
[2017.05.02-09.39.14:237][396]LogModuleManager: Shutting down and abandoning module PaperTiledImporter (240)
[2017.05.02-09.39.14:237][396]LogModuleManager: Shutting down and abandoning module PaperSpriteSheetImporter (238)
[2017.05.02-09.39.14:237][396]LogModuleManager: Shutting down and abandoning module Paper2DEditor (236)
[2017.05.02-09.39.14:250][396]LogModuleManager: Shutting down and abandoning module MeshPaint (235)
[2017.05.02-09.39.14:261][396]LogModuleManager: Shutting down and abandoning module LevelEditor (233)
[2017.05.02-09.39.14:275][396]LogModuleManager: Shutting down and abandoning module PixelInspectorModule (232)
[2017.05.02-09.39.14:290][396]LogModuleManager: Shutting down and abandoning module MainFrame (230)
[2017.05.02-09.39.14:290][396]LogModuleManager: Shutting down and abandoning module HotReload (229)
[2017.05.02-09.39.14:295][396]LogModuleManager: Shutting down and abandoning module ContentBrowser (225)
[2017.05.02-09.39.14:296][396]LogModuleManager: Shutting down and abandoning module PhysXVehiclesEditor (222)
[2017.05.02-09.39.14:303][396]LogModuleManager: Shutting down and abandoning module PhysXVehicles (220)
[2017.05.02-09.39.14:303][396]LogModuleManager: Shutting down and abandoning module LocationServicesBPLibrary (218)
[2017.05.02-09.39.14:303][396]LogModuleManager: Shutting down and abandoning module UdpMessaging (216)
[2017.05.02-09.39.14:404][396]LogModuleManager: Shutting down and abandoning module TcpMessaging (214)
[2017.05.02-09.39.14:509][396]LogModuleManager: Shutting down and abandoning module GameplayTagsEditor (212)
[2017.05.02-09.39.14:525][396]LogModuleManager: Shutting down and abandoning module FacialAnimationEditor (210)
[2017.05.02-09.39.14:533][396]LogModuleManager: Shutting down and abandoning module FacialAnimation (208)
[2017.05.02-09.39.14:533][396]LogModuleManager: Shutting down and abandoning module LightPropagationVolumeRuntime (206)
[2017.05.02-09.39.14:533][396]LogModuleManager: Shutting down and abandoning module Paper2D (204)
[2017.05.02-09.39.14:542][396]LogModuleManager: Shutting down and abandoning module WindowsMoviePlayer (202)
[2017.05.02-09.39.14:542][396]LogModuleManager: Shutting down and abandoning module WmfMedia (200)
[2017.05.02-09.39.14:543][396]LogModuleManager: Shutting down and abandoning module MfMedia (198)
[2017.05.02-09.39.14:543][396]LogModuleManager: Shutting down and abandoning module MediaAssets (196)
[2017.05.02-09.39.14:543][396]LogModuleManager: Shutting down and abandoning module GameLiveStreaming (194)
[2017.05.02-09.39.14:551][396]LogModuleManager: Shutting down and abandoning module VREditor (192)
[2017.05.02-09.39.14:551][396]LogModuleManager: Shutting down and abandoning module GameplayTasksEditor (190)
[2017.05.02-09.39.14:551][396]LogModuleManager: Shutting down and abandoning module BehaviorTreeEditor (188)
[2017.05.02-09.39.14:580][396]LogModuleManager: Shutting down and abandoning module FunctionalTesting (186)
[2017.05.02-09.39.14:580][396]LogModuleManager: Shutting down and abandoning module CollisionAnalyzer (184)
[2017.05.02-09.39.14:590][396]LogModuleManager: Shutting down and abandoning module UMG (182)
[2017.05.02-09.39.14:590][396]LogModuleManager: Shutting down and abandoning module UMGEditor (181)
[2017.05.02-09.39.14:607][396]LogModuleManager: Shutting down and abandoning module Sequencer (180)
[2017.05.02-09.39.14:628][396]LogModuleManager: Shutting down and abandoning module AssetTools (178)
[2017.05.02-09.39.14:659][396]LogModuleManager: Shutting down and abandoning module MessageLog (177)
[2017.05.02-09.39.14:659][396]LogModuleManager: Shutting down and abandoning module WorkspaceMenuStructure (176)
[2017.05.02-09.39.14:659][396]LogModuleManager: Shutting down and abandoning module SlateReflector (170)
[2017.05.02-09.39.14:674][396]LogModuleManager: Shutting down and abandoning module Slate (168)
[2017.05.02-09.39.14:674][396]LogModuleManager: Shutting down and abandoning module EditorStyle (166)
[2017.05.02-09.39.14:676][396]LogModuleManager: Shutting down and abandoning module SourceCodeAccess (164)
[2017.05.02-09.39.14:687][396]LogModuleManager: Shutting down and abandoning module HeadMountedDisplay (162)
[2017.05.02-09.39.14:687][396]LogModuleManager: Shutting down and abandoning module XAudio2 (160)
[2017.05.02-09.39.14:687][396]LogModuleManager: Shutting down and abandoning module Networking (158)
[2017.05.02-09.39.14:687][396]LogModuleManager: Shutting down and abandoning module Core (154)
[2017.05.02-09.39.14:687][396]LogModuleManager: Shutting down and abandoning module AssetRegistry (152)
[2017.05.02-09.39.14:809][396]LogDirectoryWatcher: A directory notification for '../../../Engine/Content/' was aborted.
[2017.05.02-09.39.14:809][396]LogDirectoryWatcher: A directory notification for '../../../../../../LastBulletVR/LastBullet/Content/' was aborted.
[2017.05.02-09.39.14:809][396]LogDirectoryWatcher: A directory notification for '../../../Engine/Plugins/2D/Paper2D/Content/' was aborted.
[2017.05.02-09.39.14:818][396]LogModuleManager: Shutting down and abandoning module DirectoryWatcher (151)
[2017.05.02-09.39.14:819][396]LogModuleManager: Shutting down and abandoning module KismetCompiler (148)
[2017.05.02-09.39.14:819][396]LogModuleManager: Shutting down and abandoning module PhysXFormats (146)
[2017.05.02-09.39.14:819][396]LogModuleManager: Shutting down and abandoning module MeshUtilities (144)
[2017.05.02-09.39.14:835][396]LogModuleManager: Shutting down and abandoning module SimplygonSwarm (143)
[2017.05.02-09.39.14:845][396]LogModuleManager: Shutting down and abandoning module SimplygonMeshReduction (141)
[2017.05.02-09.39.14:845][396]LogModuleManager: Shutting down and abandoning module QuadricMeshReduction (139)
[2017.05.02-09.39.14:845][396]LogModuleManager: Shutting down and abandoning module PropertyEditor (137)
[2017.05.02-09.39.14:858][396]LogModuleManager: Shutting down and abandoning module DerivedDataCache (134)
[2017.05.02-09.39.14:929][396]LogDerivedDataCache: Shutdown
[2017.05.02-09.39.14:929][396]LogModuleManager: Shutting down and abandoning module TargetPlatform (132)
[2017.05.02-09.39.14:929][396]LogModuleManager: Shutting down and abandoning module VulkanShaderFormat (131)
[2017.05.02-09.39.14:939][396]LogModuleManager: Shutting down and abandoning module ShaderFormatOpenGL (129)
[2017.05.02-09.39.14:950][396]LogModuleManager: Shutting down and abandoning module ShaderFormatD3D (127)
[2017.05.02-09.39.14:950][396]LogModuleManager: Shutting down and abandoning module MetalShaderFormat (125)
[2017.05.02-09.39.14:958][396]LogModuleManager: Shutting down and abandoning module TextureFormatUncompressed (123)
[2017.05.02-09.39.14:958][396]LogModuleManager: Shutting down and abandoning module TextureFormatPVR (121)
[2017.05.02-09.39.14:958][396]LogModuleManager: Shutting down and abandoning module TextureFormatDXT (119)
[2017.05.02-09.39.14:958][396]LogModuleManager: Shutting down and abandoning module TextureFormatIntelISPCTexComp (117)
[2017.05.02-09.39.14:958][396]LogModuleManager: Shutting down and abandoning module TextureFormatASTC (115)
[2017.05.02-09.39.14:958][396]LogModuleManager: Shutting down and abandoning module ImageWrapper (114)
[2017.05.02-09.39.14:958][396]LogModuleManager: Shutting down and abandoning module TextureFormatAndroid (111)
[2017.05.02-09.39.14:958][396]LogModuleManager: Shutting down and abandoning module AudioFormatOpus (109)
[2017.05.02-09.39.14:965][396]LogModuleManager: Shutting down and abandoning module AudioFormatOgg (107)
[2017.05.02-09.39.14:965][396]LogModuleManager: Shutting down and abandoning module AudioFormatADPCM (105)
[2017.05.02-09.39.14:965][396]LogModuleManager: Shutting down and abandoning module LinuxTargetPlatform (103)
[2017.05.02-09.39.14:965][396]LogModuleManager: Shutting down and abandoning module LinuxServerTargetPlatform (101)
[2017.05.02-09.39.14:965][396]LogModuleManager: Shutting down and abandoning module LinuxNoEditorTargetPlatform (99)
[2017.05.02-09.39.14:965][396]LogModuleManager: Shutting down and abandoning module LinuxClientTargetPlatform (97)
[2017.05.02-09.39.14:965][396]LogModuleManager: Shutting down and abandoning module TVOSTargetPlatform (95)
[2017.05.02-09.39.14:965][396]LogModuleManager: Shutting down and abandoning module Messaging (93)
[2017.05.02-09.39.14:965][396]LogModuleManager: Shutting down and abandoning module IOSTargetPlatform (91)
[2017.05.02-09.39.14:965][396]LogModuleManager: Shutting down and abandoning module HTML5TargetPlatform (89)
[2017.05.02-09.39.14:965][396]LogModuleManager: Shutting down and abandoning module Android_PVRTCTargetPlatform (87)
[2017.05.02-09.39.14:965][396]LogModuleManager: Shutting down and abandoning module Android_MultiTargetPlatform (85)
[2017.05.02-09.39.14:965][396]LogModuleManager: Shutting down and abandoning module Android_ETC2TargetPlatform (83)
[2017.05.02-09.39.14:965][396]LogModuleManager: Shutting down and abandoning module Android_ETC1TargetPlatform (81)
[2017.05.02-09.39.14:965][396]LogModuleManager: Shutting down and abandoning module Android_DXTTargetPlatform (79)
[2017.05.02-09.39.14:965][396]LogModuleManager: Shutting down and abandoning module Android_ATCTargetPlatform (77)
[2017.05.02-09.39.14:965][396]LogModuleManager: Shutting down and abandoning module Android_ASTCTargetPlatform (75)
[2017.05.02-09.39.14:965][396]LogModuleManager: Shutting down and abandoning module AndroidTargetPlatform (73)
[2017.05.02-09.39.14:965][396]LogModuleManager: Shutting down and abandoning module WindowsTargetPlatform (71)
[2017.05.02-09.39.14:965][396]LogModuleManager: Shutting down and abandoning module WindowsServerTargetPlatform (69)
[2017.05.02-09.39.14:965][396]LogModuleManager: Shutting down and abandoning module WindowsNoEditorTargetPlatform (67)
[2017.05.02-09.39.14:965][396]LogModuleManager: Shutting down and abandoning module WindowsClientTargetPlatform (65)
[2017.05.02-09.39.14:965][396]LogModuleManager: Shutting down and abandoning module MacTargetPlatform (63)
[2017.05.02-09.39.14:965][396]LogModuleManager: Shutting down and abandoning module MacServerTargetPlatform (61)
[2017.05.02-09.39.14:965][396]LogModuleManager: Shutting down and abandoning module MacNoEditorTargetPlatform (59)
[2017.05.02-09.39.14:965][396]LogModuleManager: Shutting down and abandoning module MacClientTargetPlatform (57)
[2017.05.02-09.39.14:965][396]LogModuleManager: Shutting down and abandoning module AllDesktopTargetPlatform (55)
[2017.05.02-09.39.14:965][396]LogModuleManager: Shutting down and abandoning module InputCore (52)
[2017.05.02-09.39.14:965][396]LogModuleManager: Shutting down and abandoning module Settings (50)
[2017.05.02-09.39.14:965][396]LogModuleManager: Shutting down and abandoning module OculusRift (48)
[2017.05.02-09.39.14:965][396]LogHMD: Oculus shutdown.
[2017.05.02-09.39.14:965][396]LogModuleManager: Shutting down and abandoning module GearVR (46)
[2017.05.02-09.39.14:966][396]LogModuleManager: Shutting down and abandoning module ExampleDeviceProfileSelector (44)
[2017.05.02-09.39.14:966][396]LogModuleManager: Shutting down and abandoning module OnlineBlueprintSupport (42)
[2017.05.02-09.39.14:966][396]LogModuleManager: Shutting down and abandoning module OnlineSubsystem (38)
[2017.05.02-09.39.14:966][396]LogOnline:Display: Unloading online subsystem: NULL
[2017.05.02-09.39.14:977][396]LogModuleManager: Shutting down and abandoning module XMPP (37)
[2017.05.02-09.39.14:990][396]LogModuleManager: Shutting down and abandoning module HTTP (35)
[2017.05.02-09.39.15:003][396]LogHttp:Display: Http module shutting down, but needs to wait on 1 outstanding Http requests:
[2017.05.02-09.39.15:003][396]LogHttp:Display: 	verb=[POST] url=[https://datarouter.ol.epicgames.com/datarouter/api/v1/public/data?SessionID=%7BB0E87CDE-4479-CBA4-3E76-0F80638C69EF%7D&AppID=UEEditor.Rocket.Release&AppVersion=4.15.1-3348071%2B%2B%2BUE4%2BRelease-4.15&UserID=f39911084e6eee547528b980920f5896%7Cd1dffcc0c00b4945b72a2d714bf43321%7C26cf8f1e-746a-4f9a-9e59-db695ff3efd3&AppEnvironment=datacollector-binary&UploadType=eteventstream] status=Processing
[2017.05.02-09.39.15:035][396]LogModuleManager: Shutting down and abandoning module SSL (34)
[2017.05.02-09.39.15:064][396]LogModuleManager: Shutting down and abandoning module AudioEditor (30)
[2017.05.02-09.39.15:065][396]LogModuleManager: Shutting down and abandoning module TextureCompressor (28)
[2017.05.02-09.39.15:065][396]LogModuleManager: Shutting down and abandoning module ShaderCore (26)
[2017.05.02-09.39.15:065][396]LogModuleManager: Shutting down and abandoning module Landscape (24)
[2017.05.02-09.39.15:065][396]LogModuleManager: Shutting down and abandoning module SlateRHIRenderer (22)
[2017.05.02-09.39.15:072][396]LogModuleManager: Shutting down and abandoning module OpenGLDrv (20)
[2017.05.02-09.39.15:078][396]LogModuleManager: Shutting down and abandoning module D3D11RHI (18)
[2017.05.02-09.39.15:078][396]LogModuleManager: Shutting down and abandoning module AnimGraphRuntime (16)
[2017.05.02-09.39.15:087][396]LogModuleManager: Shutting down and abandoning module Renderer (14)
[2017.05.02-09.39.15:087][396]LogModuleManager: Shutting down and abandoning module Engine (12)
[2017.05.02-09.39.15:087][396]LogModuleManager: Shutting down and abandoning module CoreUObject (10)
[2017.05.02-09.39.15:087][396]LogModuleManager: Shutting down and abandoning module NetworkFile (8)
[2017.05.02-09.39.15:087][396]LogModuleManager: Shutting down and abandoning module StreamingFile (6)
[2017.05.02-09.39.15:088][396]LogModuleManager: Shutting down and abandoning module SandboxFile (4)
[2017.05.02-09.39.15:088][396]LogModuleManager: Shutting down and abandoning module PakFile (2)
[2017.05.02-09.39.15:101][396]LogExit: Exiting.
[2017.05.02-09.39.15:102][396]Log file closed, 05/02/17 11:39:15
