Log file open, 04/24/17 18:26:42
LogInit:Display: Running engine for game: LastBullet
LogPlatformFile: Not using cached read wrapper
LogInit:Display: RandInit(1309290553) SRandInit(1309290661).
LogTaskGraph: Started task graph with 5 named threads and 8 total threads with 1 sets of task threads.
LogStats: Stats thread started at 0.068699
LogInit: Using libcurl 7.47.1
LogInit:  - built for x86_64-pc-win32
LogInit:  - supports SSL with OpenSSL/1.0.2g
LogInit:  - supports HTTP deflate (compression) using libz 1.2.8
LogInit:  - other features:
LogInit:      CURL_VERSION_SSL
LogInit:      CURL_VERSION_LIBZ
LogInit:      CURL_VERSION_IPV6
LogInit:      CURL_VERSION_ASYNCHDNS
LogInit:      CURL_VERSION_LARGEFILE
LogInit:      CURL_VERSION_IDN
LogInit:  CurlRequestOptions (configurable via config and command line):
LogInit:  - bVerifyPeer = false  - Libcurl will NOT verify peer certificate
LogInit:  - bUseHttpProxy = false  - Libcurl will NOT use HTTP proxy
LogInit:  - bDontReuseConnections = false  - Libcurl will reuse connections
LogInit:  - CertBundlePath = nullptr  - Libcurl will use whatever was configured at build time.
OCULUS: Info: [CAPI] LibOVR module is located at C:\Program Files\Oculus\Support\oculus-runtime\LibOVRRT64_1.dll
OCULUS: Debug: Connected to the server running version (prod = 1).1.13.0(build = 361842) feature version = 0. Client runs version (prod = 1).1.13.0(build = 361842) feature version = 0
LogHMD: GearVR: Emulating GearVR using Oculus Rift!
LogInit: Build: ++UE4+Release-4.15-CL-3348071
LogInit: Engine Version: 4.15.1-3348071+++UE4+Release-4.15
LogInit: Compatible Engine Version: 4.15.0-3299760+++UE4+Release-4.15
LogInit: Net CL: 3299760
LogDevObjectVersion: Number of dev versions registered: 14
LogDevObjectVersion:   Dev-Blueprints (B0D832E4-1F89-4F0D-ACCF-7EB736FD4AA2): 8
LogDevObjectVersion:   Dev-Build (E1C64328-A22C-4D53-A36C-8E866417BD8C): 0
LogDevObjectVersion:   Dev-Core (375EC13C-06E4-48FB-B500-84F0262A717E): 2
LogDevObjectVersion:   Dev-Editor (E4B068ED-F494-42E9-A231-DA0B2E46BB41): 14
LogDevObjectVersion:   Dev-Framework (CFFC743F-43B0-4480-9391-14DF171D2073): 22
LogDevObjectVersion:   Dev-Mobile (B02B49B5-BB20-44E9-A304-32B752E40360): 0
LogDevObjectVersion:   Dev-Networking (A4E4105C-59A1-49B5-A7C5-40C4547EDFEE): 0
LogDevObjectVersion:   Dev-Online (39C831C9-5AE6-47DC-9A44-9C173E1C8E7C): 0
LogDevObjectVersion:   Dev-Physics (78F01B33-EBEA-4F98-B9B4-84EACCB95AA2): 0
LogDevObjectVersion:   Dev-Platform (6631380F-2D4D-43E0-8009-CF276956A95A): 0
LogDevObjectVersion:   Dev-Rendering (12F88B9F-8875-4AFC-A67C-D90C383ABD29): 12
LogDevObjectVersion:   Dev-Sequencer (7B5AE74C-D270-4C10-A958-57980B212A5A): 3
LogDevObjectVersion:   Dev-VR (D7296918-1DD6-4BDD-9DE2-64A83CC13884): 0
LogDevObjectVersion:   Dev-LoadTimes (C2A15278-BFE7-4AFE-6C17-90FF531DF755): 1
LogInit: Compiled (64-bit): Mar 15 2017 16:52:47
LogInit: Compiled with Visual C++: 19.00.23026.00
LogInit: Build Configuration: Development
LogInit: Branch Name: ++UE4+Release-4.15
LogInit: Command line:  
LogInit: Base directory: D:/Program Files/Epic Games/UE_4.15/Engine/Binaries/Win64/
LogInit: Installed Engine Build: 1
LogInit: Presizing for max 8388607 objects, including 0 objects not considered by GC, pre-allocating 0 bytes for permanent pool.
LogInit: Object subsystem initialized
[2017.04.24-16.26.44:099][  0]LogInit: Selected Device Profile: [Windows]
[2017.04.24-16.26.44:099][  0]LogInit: Applying CVar settings loaded from the selected device profile: [Windows]
[2017.04.24-16.26.44:108][  0]LogInit: Computer: TONIMASTERRACE
[2017.04.24-16.26.44:108][  0]LogInit: User: Toni
[2017.04.24-16.26.44:108][  0]LogInit: CPU Page size=65536, Cores=4
[2017.04.24-16.26.44:108][  0]LogInit: High frequency timer resolution =24.000000 MHz
[2017.04.24-16.26.44:108][  0]LogMemory: Memory total: Physical=8.0GB (8GB approx)
[2017.04.24-16.26.44:108][  0]LogMemory: Platform Memory Stats for Windows
[2017.04.24-16.26.44:108][  0]LogMemory: Process Physical Memory: 268.15 MB used, 268.15 MB peak
[2017.04.24-16.26.44:108][  0]LogMemory: Process Virtual Memory: 265.66 MB used, 265.66 MB peak
[2017.04.24-16.26.44:108][  0]LogMemory: Physical Memory: 5724.64 MB used,  2420.80 MB free, 8145.45 MB total
[2017.04.24-16.26.44:108][  0]LogMemory: Virtual Memory: 685.17 MB used,  2420.80 MB free, 134217728.00 MB total
[2017.04.24-16.26.44:173][  0]LogInit: Overriding culture en with editor configuration.
[2017.04.24-16.26.44:825][  0]LogD3D11RHI: D3D11 adapters:
[2017.04.24-16.26.45:478][  0]LogD3D11RHI:    0. 'NVIDIA GeForce GTX 1070' (Feature Level 11_0)
[2017.04.24-16.26.45:478][  0]LogD3D11RHI:       8119/0/4072 MB DedicatedVideo/DedicatedSystem/SharedSystem, Outputs:1, VendorId:0x10de
[2017.04.24-16.26.45:480][  0]LogD3D11RHI:    1. 'Microsoft Basic Render Driver' (Feature Level 11_0)
[2017.04.24-16.26.45:480][  0]LogD3D11RHI:       0/0/4072 MB DedicatedVideo/DedicatedSystem/SharedSystem, Outputs:0, VendorId:0x1414
[2017.04.24-16.26.45:480][  0]LogD3D11RHI: Chosen D3D11 Adapter: 0
[2017.04.24-16.26.45:484][  0]LogD3D11RHI: Creating new Direct3DDevice
[2017.04.24-16.26.45:484][  0]LogD3D11RHI:     GPU DeviceId: 0x1b81 (for the marketing name, search the web for "GPU Device Id")
[2017.04.24-16.26.45:484][  0]LogWindows: EnumDisplayDevices:
[2017.04.24-16.26.45:484][  0]LogWindows:    0. 'NVIDIA GeForce GTX 1070' (P:1 D:1)
[2017.04.24-16.26.45:485][  0]LogWindows:    1. 'NVIDIA GeForce GTX 1070' (P:0 D:0)
[2017.04.24-16.26.45:486][  0]LogWindows:    2. 'NVIDIA GeForce GTX 1070' (P:0 D:0)
[2017.04.24-16.26.45:487][  0]LogWindows:    3. 'NVIDIA GeForce GTX 1070' (P:0 D:0)
[2017.04.24-16.26.45:488][  0]LogWindows: DebugString: FoundDriverCount:4 
[2017.04.24-16.26.45:488][  0]LogD3D11RHI:     Adapter Name: NVIDIA GeForce GTX 1070
[2017.04.24-16.26.45:488][  0]LogD3D11RHI:   Driver Version: 381.65 (internal:22.21.13.8165, unified:381.65)
[2017.04.24-16.26.45:488][  0]LogD3D11RHI:      Driver Date: 3-31-2017
[2017.04.24-16.26.45:488][  0]LogRHI: Texture pool is 1361 MB (70% of 1945 MB)
[2017.04.24-16.26.45:919][  0]LogD3D11RHI: Async texture creation enabled
[2017.04.24-16.26.45:984][  0]LogD3D11RHI: GPU Timing Frequency: 1000.000000 (Debug: 2 1)
[2017.04.24-16.26.46:033][  0]LogShaderCompilers: Guid format shader working directory is 3 characters bigger than the processId version (../../../../../../LastBulletVR/LastBullet/Intermediate/Shaders/WorkingDirectory/12948/).
[2017.04.24-16.26.46:033][  0]LogShaderCompilers: Cleaned the shader compiler working directory 'C:/Users/Toni/AppData/Local/Temp/UnrealShaderWorkingDir/7F809DC44930C38C50E50AA39EE5062B/'.
[2017.04.24-16.26.46:033][  0]LogShaderCompilers:Display: Using Local Shader Compiler.
[2017.04.24-16.26.47:728][  0]LogTemp:Display: Loaded TP AllDesktopTargetPlatform
[2017.04.24-16.26.47:761][  0]LogTemp:Display: Loaded TP MacClientTargetPlatform
[2017.04.24-16.26.47:793][  0]LogTemp:Display: Loaded TP MacNoEditorTargetPlatform
[2017.04.24-16.26.47:826][  0]LogTemp:Display: Loaded TP MacServerTargetPlatform
[2017.04.24-16.26.47:859][  0]LogTemp:Display: Loaded TP MacTargetPlatform
[2017.04.24-16.26.47:892][  0]LogTemp:Display: Loaded TP WindowsClientTargetPlatform
[2017.04.24-16.26.47:926][  0]LogTemp:Display: Loaded TP WindowsNoEditorTargetPlatform
[2017.04.24-16.26.47:960][  0]LogTemp:Display: Loaded TP WindowsServerTargetPlatform
[2017.04.24-16.26.47:986][  0]LogTemp:Display: Loaded TP WindowsTargetPlatform
[2017.04.24-16.26.48:032][  0]LogTemp:Display: Loaded TP AndroidTargetPlatform
[2017.04.24-16.26.48:078][  0]LogTemp:Display: Loaded TP Android_ASTCTargetPlatform
[2017.04.24-16.26.48:121][  0]LogTemp:Display: Loaded TP Android_ATCTargetPlatform
[2017.04.24-16.26.48:153][  0]LogTemp:Display: Loaded TP Android_DXTTargetPlatform
[2017.04.24-16.26.48:191][  0]LogTemp:Display: Loaded TP Android_ETC1TargetPlatform
[2017.04.24-16.26.48:225][  0]LogTemp:Display: Loaded TP Android_ETC2TargetPlatform
[2017.04.24-16.26.48:328][  0]LogTemp:Display: Loaded TP Android_MultiTargetPlatform
[2017.04.24-16.26.48:328][  0]LogTemp:Display: Loaded TP Android_PVRTCTargetPlatform
[2017.04.24-16.26.48:360][  0]LogTemp:Display: Loaded TP HTML5TargetPlatform
[2017.04.24-16.26.48:432][  0]LogTemp:Display: Loaded TP IOSTargetPlatform
[2017.04.24-16.26.48:453][  0]LogTemp:Display: Loaded TP TVOSTargetPlatform
[2017.04.24-16.26.48:486][  0]LogTemp:Display: Loaded TP LinuxClientTargetPlatform
[2017.04.24-16.26.48:518][  0]LogTemp:Display: Loaded TP LinuxNoEditorTargetPlatform
[2017.04.24-16.26.48:556][  0]LogTemp:Display: Loaded TP LinuxServerTargetPlatform
[2017.04.24-16.26.48:589][  0]LogTemp:Display: Loaded TP LinuxTargetPlatform
[2017.04.24-16.26.48:589][  0]LogTargetPlatformManager:Display: Building Assets For Windows
[2017.04.24-16.26.48:841][  0]LogDerivedDataCache:Display: Max Cache Size: 512 MB
[2017.04.24-16.26.48:894][  0]LogDerivedDataCache: Loaded boot cache 0.05s 50MB C:/Users/Toni/AppData/Local/UnrealEngine/4.15/DerivedDataCache/Boot.ddc.
[2017.04.24-16.26.48:894][  0]LogDerivedDataCache:Display: Loaded Boot cache: C:/Users/Toni/AppData/Local/UnrealEngine/4.15/DerivedDataCache/Boot.ddc
[2017.04.24-16.26.48:895][  0]LogDerivedDataCache: FDerivedDataBackendGraph:  Pak pak cache file ../../../../../../LastBulletVR/LastBullet/DerivedDataCache/DDC.ddp not found, will not use a pak cache.
[2017.04.24-16.26.48:895][  0]LogDerivedDataCache: Unable to find inner node Pak for hierarchical cache Hierarchy.
[2017.04.24-16.26.48:895][  0]LogDerivedDataCache: FDerivedDataBackendGraph:  CompressedPak pak cache file ../../../../../../LastBulletVR/LastBullet/DerivedDataCache/Compressed.ddp not found, will not use a pak cache.
[2017.04.24-16.26.48:895][  0]LogDerivedDataCache: Unable to find inner node CompressedPak for hierarchical cache Hierarchy.
[2017.04.24-16.26.48:912][  0]LogDerivedDataCache:Display: Pak cache opened for reading ../../../Engine/DerivedDataCache/Compressed.ddp.
[2017.04.24-16.26.48:924][  0]LogDerivedDataCache: Using Local data cache path C:/Users/Toni/AppData/Local/UnrealEngine/Common/DerivedDataCache: Writable
[2017.04.24-16.26.48:930][  0]LogSlate: Using Freetype 2.6.0
[2017.04.24-16.26.48:931][  0]LogSlate: SlateFontCache - WITH_FREETYPE: 1, WITH_HARFBUZZ: 1
[2017.04.24-16.26.48:931][  0]LogSlate: SlateFontCache - WITH_FREETYPE: 1, WITH_HARFBUZZ: 1
[2017.04.24-16.26.49:186][  0]LogInit: Selected Device Profile: [Windows]
[2017.04.24-16.26.49:190][  0]LogContentStreaming: Texture pool size is 0.00 MB
[2017.04.24-16.26.49:380][  0]LogMeshUtilities: Using QuadricMeshReduction for automatic static mesh reduction
[2017.04.24-16.26.49:415][  0]LogSimplygon: Simplygon DLL not present - disabling.
[2017.04.24-16.26.49:457][  0]LogMeshUtilities: Using SimplygonSwarm for distributed automatic mesh merging
[2017.04.24-16.26.49:457][  0]LogMeshUtilities: No automatic skeletal mesh reduction module available
[2017.04.24-16.26.49:457][  0]LogMeshUtilities: No automatic mesh merging module available
[2017.04.24-16.26.50:793][  0]LogNetVersion: GetLocalNetworkVersion: CL: 3299760, ProjectName: lastbullet, ProjectVersion: , EngineNetworkVersion: 2, GameNetworkVersion: 0, NetworkChecksum: 1522868599
[2017.04.24-16.26.50:833][  0]LogAssetRegistry: FAssetRegistry took 0.0216 seconds to start up
[2017.04.24-16.26.50:868][  0]LogPackageLocalizationCache: Processed 3 localized package path(s) for 1 prioritized culture(s) in 0.016567 seconds
[2017.04.24-16.26.50:875][  0]LogUObjectArray: 32493 objects as part of root set at end of initial load.
[2017.04.24-16.26.50:875][  0]LogUObjectAllocator: 7077032 out of 0 bytes used by permanent object pool.
[2017.04.24-16.26.50:875][  0]LogUObjectArray: CloseDisregardForGC: 0/0 objects in disregard for GC pool
[2017.04.24-16.26.50:926][  0]LogInit: WinSock: version 1.1 (2.2), MaxSocks=32767, MaxUdp=65467
[2017.04.24-16.26.52:264][  0]LogTcpMessaging: Initializing TcpMessaging bridge
[2017.04.24-16.26.52:293][  0]LogUdpMessaging: Initializing bridge on interface 0.0.0.0:0 to multicast group 230.0.0.1:6666.
[2017.04.24-16.26.52:678][  0]LogMaterial: Uniform references updated for custom material expression Custom.
[2017.04.24-16.26.52:980][  0]SourceControl: Info Source control is disabled
[2017.04.24-16.26.52:981][  0]SourceControl: Info Source control is disabled
[2017.04.24-16.26.53:009][  0]SourceControl: Info Source control is disabled
[2017.04.24-16.26.53:038][  0]SourceControl: Info Source control is disabled
[2017.04.24-16.26.53:815][  0]LogEngine: Initializing Engine...
[2017.04.24-16.26.53:815][  0]LogHMD: Oculus plugin initialized. Version: 4.15.1-3348071+++UE4+Release-4.15, LibOVR: 1.13.0, SDK: 1.10.0, built Mar 15 2017, 16:59:09
[2017.04.24-16.26.54:009][  0]LogAIModule: Creating AISystem for world Untitled
[2017.04.24-16.26.54:020][  0]LogInit: XAudio2 using 'BenQ GL2250H-4 (NVIDIA High Definition Audio)' : 2 channels at 48 kHz using 16 bits per sample (channel mask 0x3)
[2017.04.24-16.26.54:033][  0]LogInit: FAudioDevice initialized.
[2017.04.24-16.26.54:055][  0]LogDerivedDataCache: Saved boot cache 0.02s 50MB C:/Users/Toni/AppData/Local/UnrealEngine/4.15/DerivedDataCache/Boot.ddc.
[2017.04.24-16.26.54:061][  0]LogInit: Texture streaming: Enabled
[2017.04.24-16.26.54:110][  0]LogEngineSessionManager: EngineSessionManager initialized
[2017.04.24-16.26.54:165][  0]LogInit: Transaction tracking system initialized
[2017.04.24-16.26.54:362][  0]BlueprintLog: New page: Editor Load
[2017.04.24-16.26.54:869][  0]LocalizationService: Info Localization service is disabled
[2017.04.24-16.26.55:275][  0]LogConsoleResponse:Display: 
[2017.04.24-16.26.55:436][  0]LogCook:Display: Max memory allowance for cook 16384mb min free memory 0mb
[2017.04.24-16.26.55:436][  0]LogCook:Display: Mobile HDR setting 1
[2017.04.24-16.26.56:038][  0]LogFileCache: Scanning file cache for directory 'D:/LastBulletVR/LastBullet/Content/' took 0.02s
[2017.04.24-16.26.56:038][  0]SourceControl: Info Source control is disabled
[2017.04.24-16.26.56:038][  0]Cmd: MAP LOAD FILE="../../../../../../LastBulletVR/LastBullet/Content/StarterContent/Maps/Minimal_Default.umap" TEMPLATE=0 SHOWPROGRESS=1 FEATURELEVEL=3
[2017.04.24-16.26.56:038][  0]LightingResults: New page: Lighting Build
[2017.04.24-16.26.56:061][  0]MapCheck: New page: Map Check
[2017.04.24-16.26.56:061][  0]LightingResults: New page: Lighting Build
[2017.04.24-16.26.56:074][  0]LogLinker:Warning: Asset '../../../../../../LastBulletVR/LastBullet/Content/Blueprints/modul_transporttransport_16_Blueprint.uasset' has been saved with empty engine version. The asset will be loaded but may be incompatible.
[2017.04.24-16.26.56:141][  0]LogBlueprint:Warning: Node '/Game/Blueprints/modul_transporttransport_16_Blueprint.modul_transporttransport_16_Blueprint:EdGraph_0.K2Node_FunctionEntry_359' missing NodeGuid because of upgrade from old package version, this can cause deterministic cooking issues please resave package.
[2017.04.24-16.26.56:143][  0]LogBlueprint:Warning: Node '/Game/Blueprints/modul_transporttransport_16_Blueprint.modul_transporttransport_16_Blueprint:EdGraph_1.K2Node_FunctionEntry_359' missing NodeGuid because of upgrade from old package version, this can cause deterministic cooking issues please resave package.
[2017.04.24-16.26.56:146][  0]LogBlueprint:Warning: Node '/Game/Blueprints/modul_transporttransport_16_Blueprint.modul_transporttransport_16_Blueprint:EdGraph_2.K2Node_FunctionEntry_359' missing NodeGuid because of upgrade from old package version, this can cause deterministic cooking issues please resave package.
[2017.04.24-16.26.56:703][  0]LogLinker:Warning: Asset '../../../../../../LastBulletVR/LastBullet/Content/Meshes/Space/StarMap_Nebula_1_Mat.uasset' has been saved with empty engine version. The asset will be loaded but may be incompatible.
[2017.04.24-16.26.56:705][  0]LogLinker:Warning: Asset '../../../../../../LastBulletVR/LastBullet/Content/Meshes/Space/StarMap_Nebula_1.uasset' has been saved with empty engine version. The asset will be loaded but may be incompatible.
[2017.04.24-16.26.56:723][  0]LogLinker:Warning: Asset '../../../../../../LastBulletVR/LastBullet/Content/Meshes/Space/FX_Map_7.uasset' has been saved with empty engine version. The asset will be loaded but may be incompatible.
[2017.04.24-16.26.56:724][  0]LogLinker:Warning: Asset '../../../../../../LastBulletVR/LastBullet/Content/Meshes/Space/StarMap_1.uasset' has been saved with empty engine version. The asset will be loaded but may be incompatible.
[2017.04.24-16.26.57:248][  0]LogBlueprint:Warning: Node '/Game/Blueprints/modul_transporttransport_16_Blueprint.modul_transporttransport_16_Blueprint:UserConstructionScript.K2Node_FunctionEntry_359' missing NodeGuid because of upgrade from old package version, this can cause deterministic cooking issues please resave package.
[2017.04.24-16.26.57:826][  0]LogAIModule: Creating AISystem for world Minimal_Default
[2017.04.24-16.26.57:872][  0]LogEditorServer: Finished looking for orphan Actors (0.000 secs)
[2017.04.24-16.26.57:872][  0]Cmd: MAP CHECKDEP NOCLEARLOG
[2017.04.24-16.26.57:934][  0]MapCheck: Info Map check complete: 0 Error(s), 0 Warning(s), took 62.207ms to complete.
[2017.04.24-16.26.57:934][  0]LogFileHelpers: Loading map 'Minimal_Default' took 1.896
[2017.04.24-16.26.58:084][  0]LogCollectionManager: Loaded 0 collections in 0.000683 seconds
[2017.04.24-16.26.58:145][  0]LogFileCache: Scanning file cache for directory 'D:/LastBulletVR/LastBullet/Saved/Collections/' took 0.01s
[2017.04.24-16.26.58:145][  0]LogFileCache: Scanning file cache for directory 'D:/LastBulletVR/LastBullet/Content/Developers/Toni/Collections/' took 0.01s
[2017.04.24-16.26.58:145][  0]LogFileCache: Scanning file cache for directory 'D:/LastBulletVR/LastBullet/Content/Collections/' took 0.01s
[2017.04.24-16.26.58:145][  0]LogCollectionManager: Rebuilt the GUID cache for 0 collections in 0.000015 seconds
[2017.04.24-16.26.58:151][  0]LogContentBrowser: Native class hierarchy populated in 0.0062 seconds. Added 2245 classes and 453 folders.
[2017.04.24-16.26.58:154][  0]LogStats: UGameplayTagsManager::ConstructGameplayTagTree: Construct from data asset -  0.000 s
[2017.04.24-16.26.58:154][  0]LogStats: UGameplayTagsManager::ConstructGameplayTagTree: GameplayTagTreeChangedEvent.Broadcast -  0.000 s
[2017.04.24-16.26.58:190][  0]LogContentBrowser: Native class hierarchy updated for 'WidgetCarousel' in 0.0004 seconds. Added 0 classes and 0 folders.
[2017.04.24-16.26.58:228][  0]LogContentBrowser: Native class hierarchy updated for 'AddContentDialog' in 0.0007 seconds. Added 0 classes and 0 folders.
[2017.04.24-16.26.58:252][  0]LogContentBrowser: Native class hierarchy updated for 'SceneOutliner' in 0.0006 seconds. Added 1 classes and 2 folders.
[2017.04.24-16.26.58:284][  0]LogCrashTracker: Crashtracker disabled due to settings.
[2017.04.24-16.26.58:294][  0]LogUObjectGlobals:Warning: Failed to find object 'Class None.'
[2017.04.24-16.26.58:348][  0]LogContentBrowser: Native class hierarchy updated for 'HierarchicalLODOutliner' in 0.0005 seconds. Added 1 classes and 2 folders.
[2017.04.24-16.26.58:348][  0]LogLoad: (Engine Initialization) Total time: 16.32 seconds
[2017.04.24-16.26.58:348][  0]LogLoad: (Engine Initialization) Total Blueprint compile time: 0.18 seconds
[2017.04.24-16.26.58:348][  0]LogExternalProfiler: Found external profiler: VSPerf
[2017.04.24-16.26.58:348][  0]LogExternalProfiler: Using external profiler: VSPerf
[2017.04.24-16.26.58:688][  0]LogOcInput: OculusInput pre-init called
[2017.04.24-16.26.58:699][  0]LogOcInput: OculusInput is initialized. Init status 0. Runtime version: 1.13.0
[2017.04.24-16.26.58:746][  0]LogContentStreaming: Texture pool size now 1000 MB
[2017.04.24-16.26.58:747][  0]LogSlate: Took 0.000181 seconds to synchronously load lazily loaded font '../../../Engine/Content/Slate/Fonts/Roboto-Regular.ttf' (155K)
[2017.04.24-16.26.58:750][  0]LogSlate: Took 0.000186 seconds to synchronously load lazily loaded font '../../../Engine/Content/Slate/Fonts/Roboto-Bold.ttf' (160K)
[2017.04.24-16.26.58:754][  0]LogSlate: Took 0.000166 seconds to synchronously load lazily loaded font '../../../Engine/Content/Editor/Slate/Fonts/FontAwesome.ttf' (139K)
[2017.04.24-16.26.58:879][  0]LogSlate: Took 0.000128 seconds to synchronously load lazily loaded font '../../../Engine/Content/Slate/Fonts/Roboto-Light.ttf' (159K)
[2017.04.24-16.26.58:907][  0]LogRenderer: Reallocating scene render targets to support 1208x660 NumSamples 1 (Frame:2).
[2017.04.24-16.26.59:021][  1]LogFileCache: Retrieving MD5 hashes for directory 'D:/LastBulletVR/LastBullet/Content/' took 0.31s
[2017.04.24-16.26.59:696][  3]LogAssetRegistry: Asset discovery search completed in 8.8848 seconds
[2017.04.24-16.26.59:696][  3]LogCollectionManager: Rebuilt the object cache for 0 collections in 0.000008 seconds (found 0 objects)
[2017.04.24-16.26.59:696][  3]LogCollectionManager: Fixed up redirectors for 0 collections in 0.000029 seconds (updated 0 objects)
[2017.04.24-16.28.59:384][571]LogEditorViewport: Clicking on Actor (LMB): SniperWeaponDrop_Blueprint_C (SniperWeaponDrop_Blueprint)
[2017.04.24-16.29.00:585][673]LogSlate: Took 0.000173 seconds to synchronously load lazily loaded font '../../../Engine/Content/Slate/Fonts/Roboto-Light.ttf' (159K)
[2017.04.24-16.29.01:163][673]LogSlate: Took 0.000201 seconds to synchronously load lazily loaded font '../../../Engine/Content/Slate/Fonts/Roboto-Regular.ttf' (155K)
[2017.04.24-16.29.01:236][673]LogContentBrowser: Native class hierarchy updated for 'BlueprintGraph' in 0.0007 seconds. Added 112 classes and 0 folders.
[2017.04.24-16.29.01:759][673]LogSlate: Took 0.000225 seconds to synchronously load lazily loaded font '../../../Engine/Content/Editor/Slate/Fonts/Roboto-BoldCondensed.ttf' (158K)
[2017.04.24-16.29.01:859][674]LogSlate: Took 0.000414 seconds to synchronously load lazily loaded font '../../../Engine/Content/Editor/Slate/Fonts/Roboto-Italic.ttf' (157K)
[2017.04.24-16.29.47:736][478]LogEnum:Warning: In asset 'None', there is an enum property of type 'WeaponENUM' with an invalid value of 'WeaponENUM::NewEnumerator0'
[2017.04.24-16.29.52:866][981]LogEnum:Warning: In asset 'None', there is an enum property of type 'WeaponENUM' with an invalid value of 'WeaponENUM::NewEnumerator1'
[2017.04.24-16.29.58:215][523]LogEnum:Warning: In asset 'None', there is an enum property of type 'WeaponENUM' with an invalid value of 'WeaponENUM::NewEnumerator2'
[2017.04.24-16.30.03:167][994]LogEnum:Warning: In asset 'None', there is an enum property of type 'WeaponENUM' with an invalid value of 'WeaponENUM::NewEnumerator3'
[2017.04.24-16.30.06:625][343]Cmd: OBJ SAVEPACKAGE PACKAGE="/Game/FirstPersonBP/Blueprints/WeaponENUM" FILE="../../../../../../LastBulletVR/LastBullet/Content/FirstPersonBP/Blueprints/WeaponENUM.uasset" SILENT=true
[2017.04.24-16.30.06:664][343]LogSavePackage: Save=37.32ms
[2017.04.24-16.30.06:664][343]LogSavePackage: Moving '../../../../../../LastBulletVR/LastBullet/Saved/WeaponENUM59BDEE70418416A3F15CAF8966C79107.tmp' to '../../../../../../LastBulletVR/LastBullet/Content/FirstPersonBP/Blueprints/WeaponENUM.uasset'
[2017.04.24-16.30.06:666][343]LogSavePackage:Display: Finished SavePackage ../../../../../../LastBulletVR/LastBullet/Content/FirstPersonBP/Blueprints/WeaponENUM.uasset
[2017.04.24-16.30.38:323][639]LogSlate: Took 0.020145 seconds to synchronously load lazily loaded font '../../../Engine/Content/Editor/Slate/Fonts/Roboto-BoldCondensedItalic.ttf' (160K)
[2017.04.24-16.30.56:712][171]BlueprintLog: New page: Compile FirstPersonCharacter
[2017.04.24-16.30.57:095][171]BlueprintEditorCompileResults: Info The execution path doesn't end with a return node.  Cast Failed
[2017.04.24-16.30.57:095][171]BlueprintEditorCompileResults: Info The execution path doesn't end with a return node.  False
[2017.04.24-16.30.57:095][171]BlueprintEditorCompileResults: Info The execution path doesn't end with a return node.  False
[2017.04.24-16.30.59:790][356]BlueprintLog: New page: Compile FirstPersonCharacter
[2017.04.24-16.30.59:937][356]BlueprintEditorCompileResults: Info The execution path doesn't end with a return node.  Cast Failed
[2017.04.24-16.30.59:937][356]BlueprintEditorCompileResults: Info The execution path doesn't end with a return node.  False
[2017.04.24-16.30.59:937][356]BlueprintEditorCompileResults: Info The execution path doesn't end with a return node.  False
[2017.04.24-16.31.32:776][148]LogFactory: FactoryCreateFile: PackFactory with PackFactory (0 0 D:/Program Files/Epic Games/UE_4.15/FeaturePacks/TP_VirtualRealityBP.upack)
[2017.04.24-16.31.32:791][148]LogPackFactory: Finished extracting 8 files (including 0 errors).
[2017.04.24-16.31.32:824][148]LogPackFactory: Copied "../../../Templates/TP_VirtualRealityBP/Content/VirtualReality/Mannequin/Animations/MannequinHand_Right_CanGrab.uasset" to "../../../../../../LastBulletVR/LastBullet/Content/VirtualReality/Mannequin/Animations/MannequinHand_Right_CanGrab.uasset"
[2017.04.24-16.31.32:837][148]LogPackFactory: Copied "../../../Templates/TP_VirtualRealityBP/Content/VirtualReality/Mannequin/Animations/MannequinHand_Right_Grab.uasset" to "../../../../../../LastBulletVR/LastBullet/Content/VirtualReality/Mannequin/Animations/MannequinHand_Right_Grab.uasset"
[2017.04.24-16.31.32:853][148]LogPackFactory: Copied "../../../Templates/TP_VirtualRealityBP/Content/VirtualReality/Mannequin/Animations/MannequinHand_Right_Open.uasset" to "../../../../../../LastBulletVR/LastBullet/Content/VirtualReality/Mannequin/Animations/MannequinHand_Right_Open.uasset"
[2017.04.24-16.31.32:865][148]LogPackFactory: Copied "../../../Templates/TP_VirtualRealityBP/Content/VirtualReality/Mannequin/Animations/RightGrip_BS.uasset" to "../../../../../../LastBulletVR/LastBullet/Content/VirtualReality/Mannequin/Animations/RightGrip_BS.uasset"
[2017.04.24-16.31.32:896][148]LogPackFactory: Copied "../../../Templates/TP_VirtualRealityBP/Content/VirtualReality/Mannequin/Animations/RightHand_AnimBP.uasset" to "../../../../../../LastBulletVR/LastBullet/Content/VirtualReality/Mannequin/Animations/RightHand_AnimBP.uasset"
[2017.04.24-16.31.32:913][148]LogPackFactory: Copied "../../../Templates/TP_VirtualRealityBP/Content/VirtualReality/Mannequin/Character/Materials/M_HandMat.uasset" to "../../../../../../LastBulletVR/LastBullet/Content/VirtualReality/Mannequin/Character/Materials/M_HandMat.uasset"
[2017.04.24-16.31.32:928][148]LogPackFactory: Copied "../../../Templates/TP_VirtualRealityBP/Content/VirtualReality/Mannequin/Character/Mesh/MannequinHand_Right.uasset" to "../../../../../../LastBulletVR/LastBullet/Content/VirtualReality/Mannequin/Character/Mesh/MannequinHand_Right.uasset"
[2017.04.24-16.31.32:941][148]LogPackFactory: Copied "../../../Templates/TP_VirtualRealityBP/Content/VirtualReality/Mannequin/Character/Mesh/MannequinHand_Right_PhysicsAsset.uasset" to "../../../../../../LastBulletVR/LastBullet/Content/VirtualReality/Mannequin/Character/Mesh/MannequinHand_Right_PhysicsAsset.uasset"
[2017.04.24-16.31.32:946][148]LogPackFactory: Copied "../../../Templates/TP_VirtualRealityBP/Content/VirtualReality/Mannequin/Character/Mesh/MannequinHand_Right_Skeleton.uasset" to "../../../../../../LastBulletVR/LastBullet/Content/VirtualReality/Mannequin/Character/Mesh/MannequinHand_Right_Skeleton.uasset"
[2017.04.24-16.31.32:959][148]LogPackFactory: Copied "../../../Templates/TP_VirtualRealityBP/Content/VirtualReality/Mannequin/Character/Textures/UE4_Mannequin_MAT_MASKA.uasset" to "../../../../../../LastBulletVR/LastBullet/Content/VirtualReality/Mannequin/Character/Textures/UE4_Mannequin_MAT_MASKA.uasset"
[2017.04.24-16.31.33:005][148]LogPackFactory: Copied "../../../Templates/TP_VirtualRealityBP/Content/VirtualReality/Mannequin/Character/Textures/UE4_Mannequin__normals.uasset" to "../../../../../../LastBulletVR/LastBullet/Content/VirtualReality/Mannequin/Character/Textures/UE4_Mannequin__normals.uasset"
[2017.04.24-16.31.33:019][148]LogPackFactory: Copied "../../../Templates/TP_VirtualRealityBP/Content/VirtualReality/Materials/GenericHMDMaterial.uasset" to "../../../../../../LastBulletVR/LastBullet/Content/VirtualReality/Materials/GenericHMDMaterial.uasset"
[2017.04.24-16.31.33:035][148]LogPackFactory: Copied "../../../Templates/TP_VirtualRealityBP/Content/VirtualReality/Materials/MF_OccludedPixels.uasset" to "../../../../../../LastBulletVR/LastBullet/Content/VirtualReality/Materials/MF_OccludedPixels.uasset"
[2017.04.24-16.31.33:041][148]LogPackFactory: Copied "../../../Templates/TP_VirtualRealityBP/Content/VirtualReality/Materials/MI_ChaperoneOutline.uasset" to "../../../../../../LastBulletVR/LastBullet/Content/VirtualReality/Materials/MI_ChaperoneOutline.uasset"
[2017.04.24-16.31.33:057][148]LogPackFactory: Copied "../../../Templates/TP_VirtualRealityBP/Content/VirtualReality/Materials/MI_SmallCubes.uasset" to "../../../../../../LastBulletVR/LastBullet/Content/VirtualReality/Materials/MI_SmallCubes.uasset"
[2017.04.24-16.31.33:064][148]LogPackFactory: Copied "../../../Templates/TP_VirtualRealityBP/Content/VirtualReality/Materials/MI_TeleportCylinderPreview.uasset" to "../../../../../../LastBulletVR/LastBullet/Content/VirtualReality/Materials/MI_TeleportCylinderPreview.uasset"
[2017.04.24-16.31.33:083][148]LogPackFactory: Copied "../../../Templates/TP_VirtualRealityBP/Content/VirtualReality/Materials/M_ArcEndpoint.uasset" to "../../../../../../LastBulletVR/LastBullet/Content/VirtualReality/Materials/M_ArcEndpoint.uasset"
[2017.04.24-16.31.33:089][148]LogPackFactory: Copied "../../../Templates/TP_VirtualRealityBP/Content/VirtualReality/Materials/M_BaseMaterial.uasset" to "../../../../../../LastBulletVR/LastBullet/Content/VirtualReality/Materials/M_BaseMaterial.uasset"
[2017.04.24-16.31.33:095][148]LogPackFactory: Copied "../../../Templates/TP_VirtualRealityBP/Content/VirtualReality/Materials/M_SplineArcMat.uasset" to "../../../../../../LastBulletVR/LastBullet/Content/VirtualReality/Materials/M_SplineArcMat.uasset"
[2017.04.24-16.31.33:102][148]LogPackFactory: Copied "../../../Templates/TP_VirtualRealityBP/Content/VirtualReality/Materials/M_TeleportPreviews.uasset" to "../../../../../../LastBulletVR/LastBullet/Content/VirtualReality/Materials/M_TeleportPreviews.uasset"
[2017.04.24-16.31.33:105][148]LogPackFactory: Copied "../../../Templates/TP_VirtualRealityBP/Content/VirtualReality/Materials/TeleportMCP.uasset" to "../../../../../../LastBulletVR/LastBullet/Content/VirtualReality/Materials/TeleportMCP.uasset"
[2017.04.24-16.31.33:112][148]LogPackFactory: Copied "../../../Templates/TP_VirtualRealityBP/Content/VirtualReality/Meshes/1x1_cube.uasset" to "../../../../../../LastBulletVR/LastBullet/Content/VirtualReality/Meshes/1x1_cube.uasset"
[2017.04.24-16.31.33:117][148]LogPackFactory: Copied "../../../Templates/TP_VirtualRealityBP/Content/VirtualReality/Meshes/BeaconDirection.uasset" to "../../../../../../LastBulletVR/LastBullet/Content/VirtualReality/Meshes/BeaconDirection.uasset"
[2017.04.24-16.31.33:124][148]LogPackFactory: Copied "../../../Templates/TP_VirtualRealityBP/Content/VirtualReality/Meshes/BeamMesh.uasset" to "../../../../../../LastBulletVR/LastBullet/Content/VirtualReality/Meshes/BeamMesh.uasset"
[2017.04.24-16.31.33:151][148]LogPackFactory: Copied "../../../Templates/TP_VirtualRealityBP/Content/VirtualReality/Meshes/GenericHMD.uasset" to "../../../../../../LastBulletVR/LastBullet/Content/VirtualReality/Meshes/GenericHMD.uasset"
[2017.04.24-16.31.33:158][148]LogPackFactory: Copied "../../../Templates/TP_VirtualRealityBP/Content/VirtualReality/Meshes/SM_FatCylinder.uasset" to "../../../../../../LastBulletVR/LastBullet/Content/VirtualReality/Meshes/SM_FatCylinder.uasset"
[2017.04.24-16.31.33:168][148]LogPackFactory: Copied "../../../Templates/TP_VirtualRealityBP/Content/VirtualRealityBP/Blueprints/BP_MotionController.uasset" to "../../../../../../LastBulletVR/LastBullet/Content/VirtualRealityBP/Blueprints/BP_MotionController.uasset"
[2017.04.24-16.31.33:174][148]LogPackFactory: Copied "../../../Templates/TP_VirtualRealityBP/Content/VirtualRealityBP/Blueprints/BP_PickupCube.uasset" to "../../../../../../LastBulletVR/LastBullet/Content/VirtualRealityBP/Blueprints/BP_PickupCube.uasset"
[2017.04.24-16.31.33:178][148]LogPackFactory: Copied "../../../Templates/TP_VirtualRealityBP/Content/VirtualRealityBP/Blueprints/GripEnum.uasset" to "../../../../../../LastBulletVR/LastBullet/Content/VirtualRealityBP/Blueprints/GripEnum.uasset"
[2017.04.24-16.31.33:198][148]LogPackFactory: Copied "../../../Templates/TP_VirtualRealityBP/Content/VirtualRealityBP/Blueprints/HMDLocomotionPawn.uasset" to "../../../../../../LastBulletVR/LastBullet/Content/VirtualRealityBP/Blueprints/HMDLocomotionPawn.uasset"
[2017.04.24-16.31.33:210][148]LogPackFactory: Copied "../../../Templates/TP_VirtualRealityBP/Content/VirtualRealityBP/Blueprints/MotionControllerPawn.uasset" to "../../../../../../LastBulletVR/LastBullet/Content/VirtualRealityBP/Blueprints/MotionControllerPawn.uasset"
[2017.04.24-16.31.33:228][148]LogPackFactory: Copied "../../../Templates/TP_VirtualRealityBP/Content/VirtualRealityBP/Blueprints/PickupActorInterface.uasset" to "../../../../../../LastBulletVR/LastBullet/Content/VirtualRealityBP/Blueprints/PickupActorInterface.uasset"
[2017.04.24-16.31.33:231][148]LogPackFactory: Copied "../../../Templates/TP_VirtualRealityBP/Content/VirtualRealityBP/Blueprints/VirtualRealityPawn.uasset" to "../../../../../../LastBulletVR/LastBullet/Content/VirtualRealityBP/Blueprints/VirtualRealityPawn.uasset"
[2017.04.24-16.31.33:243][148]LogPackFactory: Copied "../../../Templates/TP_VirtualRealityBP/Content/VirtualRealityBP/Maps/HMDLocomotionMap.umap" to "../../../../../../LastBulletVR/LastBullet/Content/VirtualRealityBP/Maps/HMDLocomotionMap.umap"
[2017.04.24-16.31.33:280][148]LogPackFactory: Copied "../../../Templates/TP_VirtualRealityBP/Content/VirtualRealityBP/Maps/HMDLocomotionMap_BuiltData.uasset" to "../../../../../../LastBulletVR/LastBullet/Content/VirtualRealityBP/Maps/HMDLocomotionMap_BuiltData.uasset"
[2017.04.24-16.31.33:300][148]LogPackFactory: Copied "../../../Templates/TP_VirtualRealityBP/Content/VirtualRealityBP/Maps/MotionControllerMap.umap" to "../../../../../../LastBulletVR/LastBullet/Content/VirtualRealityBP/Maps/MotionControllerMap.umap"
[2017.04.24-16.31.33:335][148]LogPackFactory: Copied "../../../Templates/TP_VirtualRealityBP/Content/VirtualRealityBP/Maps/MotionControllerMap_BuiltData.uasset" to "../../../../../../LastBulletVR/LastBullet/Content/VirtualRealityBP/Maps/MotionControllerMap_BuiltData.uasset"
[2017.04.24-16.31.33:350][148]LogPackFactory: Copied "../../../Templates/TP_VirtualRealityBP/Content/VirtualRealityBP/Maps/StartupMap.umap" to "../../../../../../LastBulletVR/LastBullet/Content/VirtualRealityBP/Maps/StartupMap.umap"
[2017.04.24-16.31.33:396][148]LogPackFactory: Copied "../../../Templates/TP_VirtualRealityBP/Content/VirtualRealityBP/Maps/StartupMap_BuiltData.uasset" to "../../../../../../LastBulletVR/LastBullet/Content/VirtualRealityBP/Maps/StartupMap_BuiltData.uasset"
[2017.04.24-16.31.33:549][148]LogMaterial: Missing cached shader map for material M_HandMat, compiling. 
[2017.04.24-16.31.33:561][148]LogTemp:Display: Added material ShaderMap 0x000001EEA5F0C100 with Material 0x000001EE3F1D5C00 to ShaderMapsBeingCompiled
[2017.04.24-16.31.33:598][148]LogTemp:Display: Kicking off shader compilation for M_HandMat, GameThreadShaderMap 0x000001EEA5F0C100
[2017.04.24-16.31.33:723][148]LogSavePackage: Save=18.60ms
[2017.04.24-16.31.33:723][148]LogSavePackage: Moving '../../../../../../LastBulletVR/LastBullet/Saved/MannequinHand_Right_CanGrabB9A2A6ED4FDF665C00430DA997B7D45B.tmp' to '../../../../../../LastBulletVR/LastBullet/Content/VirtualReality/Mannequin/Animations/MannequinHand_Right_CanGrab.uasset'
[2017.04.24-16.31.33:725][148]LogSavePackage:Display: Finished SavePackage ../../../../../../LastBulletVR/LastBullet/Content/VirtualReality/Mannequin/Animations/MannequinHand_Right_CanGrab.uasset
[2017.04.24-16.31.33:733][148]LogLinker:Warning: Can't find file '/Game/VirtualRealityBP/VirtualReality'
[2017.04.24-16.31.33:733][148]LogLinker:Warning: Can't find file '/Game/VirtualRealityBP/VirtualReality'
[2017.04.24-16.31.33:733][148]LogUObjectGlobals:Warning: Failed to find object 'Object /Game/VirtualRealityBP/VirtualReality.VirtualReality'
[2017.04.24-16.31.40:094][729]LogFeaturePack:Warning: Failed to copy ../../../Templates/TemplateResources/Standard/FirstPerson/Content/Animations/FirstPersonFire_Montage.uasset to ../../../../../../LastBulletVR/LastBullet/Content/FirstPerson/Animations/FirstPersonFire_Montage.uasset
[2017.04.24-16.31.40:106][729]LogFeaturePack:Warning: Failed to copy ../../../Templates/TemplateResources/Standard/FirstPerson/Content/Animations/FirstPerson_AnimBP.uasset to ../../../../../../LastBulletVR/LastBullet/Content/FirstPerson/Animations/FirstPerson_AnimBP.uasset
[2017.04.24-16.31.40:119][729]LogFeaturePack:Warning: Failed to copy ../../../Templates/TemplateResources/Standard/FirstPerson/Content/Animations/FirstPerson_Fire.uasset to ../../../../../../LastBulletVR/LastBullet/Content/FirstPerson/Animations/FirstPerson_Fire.uasset
[2017.04.24-16.31.40:129][729]LogFeaturePack:Warning: Failed to copy ../../../Templates/TemplateResources/Standard/FirstPerson/Content/Animations/FirstPerson_Idle.uasset to ../../../../../../LastBulletVR/LastBullet/Content/FirstPerson/Animations/FirstPerson_Idle.uasset
[2017.04.24-16.31.40:141][729]LogFeaturePack:Warning: Failed to copy ../../../Templates/TemplateResources/Standard/FirstPerson/Content/Animations/FirstPerson_JumpEnd.uasset to ../../../../../../LastBulletVR/LastBullet/Content/FirstPerson/Animations/FirstPerson_JumpEnd.uasset
[2017.04.24-16.31.40:154][729]LogFeaturePack:Warning: Failed to copy ../../../Templates/TemplateResources/Standard/FirstPerson/Content/Animations/FirstPerson_JumpLoop.uasset to ../../../../../../LastBulletVR/LastBullet/Content/FirstPerson/Animations/FirstPerson_JumpLoop.uasset
[2017.04.24-16.31.40:166][729]LogFeaturePack:Warning: Failed to copy ../../../Templates/TemplateResources/Standard/FirstPerson/Content/Animations/FirstPerson_JumpStart.uasset to ../../../../../../LastBulletVR/LastBullet/Content/FirstPerson/Animations/FirstPerson_JumpStart.uasset
[2017.04.24-16.31.40:178][729]LogFeaturePack:Warning: Failed to copy ../../../Templates/TemplateResources/Standard/FirstPerson/Content/Animations/FirstPerson_Run.uasset to ../../../../../../LastBulletVR/LastBullet/Content/FirstPerson/Animations/FirstPerson_Run.uasset
[2017.04.24-16.31.40:189][729]LogFeaturePack:Warning: Failed to copy ../../../Templates/TemplateResources/Standard/FirstPerson/Content/Audio/FirstPersonTemplateWeaponFire02.uasset to ../../../../../../LastBulletVR/LastBullet/Content/FirstPerson/Audio/FirstPersonTemplateWeaponFire02.uasset
[2017.04.24-16.31.40:204][729]LogFeaturePack:Warning: Failed to copy ../../../Templates/TemplateResources/Standard/FirstPerson/Content/Character/Materials/M_UE4Man_Body.uasset to ../../../../../../LastBulletVR/LastBullet/Content/FirstPerson/Character/Materials/M_UE4Man_Body.uasset
[2017.04.24-16.31.40:212][729]LogFeaturePack:Warning: Failed to copy ../../../Templates/TemplateResources/Standard/FirstPerson/Content/Character/Materials/MaterialLayers/ML_GlossyBlack_Latex_UE4.uasset to ../../../../../../LastBulletVR/LastBullet/Content/FirstPerson/Character/Materials/MaterialLayers/ML_GlossyBlack_Latex_UE4.uasset
[2017.04.24-16.31.40:227][729]LogFeaturePack:Warning: Failed to copy ../../../Templates/TemplateResources/Standard/FirstPerson/Content/Character/Materials/MaterialLayers/ML_Plastic_Shiny_Beige.uasset to ../../../../../../LastBulletVR/LastBullet/Content/FirstPerson/Character/Materials/MaterialLayers/ML_Plastic_Shiny_Beige.uasset
[2017.04.24-16.31.40:234][729]LogFeaturePack:Warning: Failed to copy ../../../Templates/TemplateResources/Standard/FirstPerson/Content/Character/Materials/MaterialLayers/ML_Plastic_Shiny_Beige_LOGO.uasset to ../../../../../../LastBulletVR/LastBullet/Content/FirstPerson/Character/Materials/MaterialLayers/ML_Plastic_Shiny_Beige_LOGO.uasset
[2017.04.24-16.31.40:248][729]LogFeaturePack:Warning: Failed to copy ../../../Templates/TemplateResources/Standard/FirstPerson/Content/Character/Materials/MaterialLayers/ML_SoftMetal_UE4.uasset to ../../../../../../LastBulletVR/LastBullet/Content/FirstPerson/Character/Materials/MaterialLayers/ML_SoftMetal_UE4.uasset
[2017.04.24-16.31.40:272][729]LogFeaturePack:Warning: Failed to copy ../../../Templates/TemplateResources/Standard/FirstPerson/Content/Character/Materials/MaterialLayers/T_ML_Aluminum01.uasset to ../../../../../../LastBulletVR/LastBullet/Content/FirstPerson/Character/Materials/MaterialLayers/T_ML_Aluminum01.uasset
[2017.04.24-16.31.40:292][729]LogFeaturePack:Warning: Failed to copy ../../../Templates/TemplateResources/Standard/FirstPerson/Content/Character/Materials/MaterialLayers/T_ML_Aluminum01_N.uasset to ../../../../../../LastBulletVR/LastBullet/Content/FirstPerson/Character/Materials/MaterialLayers/T_ML_Aluminum01_N.uasset
[2017.04.24-16.31.40:321][729]LogFeaturePack:Warning: Failed to copy ../../../Templates/TemplateResources/Standard/FirstPerson/Content/Character/Materials/MaterialLayers/T_ML_Rubber_Blue_01_D.uasset to ../../../../../../LastBulletVR/LastBullet/Content/FirstPerson/Character/Materials/MaterialLayers/T_ML_Rubber_Blue_01_D.uasset
[2017.04.24-16.31.40:352][729]LogFeaturePack:Warning: Failed to copy ../../../Templates/TemplateResources/Standard/FirstPerson/Content/Character/Materials/MaterialLayers/T_ML_Rubber_Blue_01_N.uasset to ../../../../../../LastBulletVR/LastBullet/Content/FirstPerson/Character/Materials/MaterialLayers/T_ML_Rubber_Blue_01_N.uasset
[2017.04.24-16.31.40:390][729]LogFeaturePack:Warning: Failed to copy ../../../Templates/TemplateResources/Standard/FirstPerson/Content/Character/Mesh/SK_Mannequin_Arms.uasset to ../../../../../../LastBulletVR/LastBullet/Content/FirstPerson/Character/Mesh/SK_Mannequin_Arms.uasset
[2017.04.24-16.31.40:396][729]LogFeaturePack:Warning: Failed to copy ../../../Templates/TemplateResources/Standard/FirstPerson/Content/Character/Mesh/SK_Mannequin_Arms_PhysicsAsset.uasset to ../../../../../../LastBulletVR/LastBullet/Content/FirstPerson/Character/Mesh/SK_Mannequin_Arms_PhysicsAsset.uasset
[2017.04.24-16.31.40:404][729]LogFeaturePack:Warning: Failed to copy ../../../Templates/TemplateResources/Standard/FirstPerson/Content/Character/Mesh/SK_Mannequin_Arms_Skeleton.uasset to ../../../../../../LastBulletVR/LastBullet/Content/FirstPerson/Character/Mesh/SK_Mannequin_Arms_Skeleton.uasset
[2017.04.24-16.31.40:416][729]LogFeaturePack:Warning: Failed to copy ../../../Templates/TemplateResources/Standard/FirstPerson/Content/Character/Textures/UE4_LOGO_CARD.uasset to ../../../../../../LastBulletVR/LastBullet/Content/FirstPerson/Character/Textures/UE4_LOGO_CARD.uasset
[2017.04.24-16.31.40:429][729]LogFeaturePack:Warning: Failed to copy ../../../Templates/TemplateResources/Standard/FirstPerson/Content/Character/Textures/UE4_Mannequin_MAT_MASKA.uasset to ../../../../../../LastBulletVR/LastBullet/Content/FirstPerson/Character/Textures/UE4_Mannequin_MAT_MASKA.uasset
[2017.04.24-16.31.40:449][729]LogFeaturePack:Warning: Failed to copy ../../../Templates/TemplateResources/Standard/FirstPerson/Content/Character/Textures/UE4_Mannequin__normals.uasset to ../../../../../../LastBulletVR/LastBullet/Content/FirstPerson/Character/Textures/UE4_Mannequin__normals.uasset
[2017.04.24-16.31.40:467][729]LogFeaturePack:Warning: Failed to copy ../../../Templates/TemplateResources/Standard/FirstPerson/Content/FPWeapon/Materials/M_FPGun.uasset to ../../../../../../LastBulletVR/LastBullet/Content/FirstPerson/FPWeapon/Materials/M_FPGun.uasset
[2017.04.24-16.31.40:478][729]LogFeaturePack:Warning: Failed to copy ../../../Templates/TemplateResources/Standard/FirstPerson/Content/FPWeapon/Materials/MaterialLayers/ML_GlossyBlack_Latex_UE4.uasset to ../../../../../../LastBulletVR/LastBullet/Content/FirstPerson/FPWeapon/Materials/MaterialLayers/ML_GlossyBlack_Latex_UE4.uasset
[2017.04.24-16.31.40:491][729]LogFeaturePack:Warning: Failed to copy ../../../Templates/TemplateResources/Standard/FirstPerson/Content/FPWeapon/Materials/MaterialLayers/ML_Plastic_Shiny_Beige.uasset to ../../../../../../LastBulletVR/LastBullet/Content/FirstPerson/FPWeapon/Materials/MaterialLayers/ML_Plastic_Shiny_Beige.uasset
[2017.04.24-16.31.40:517][729]LogFeaturePack:Warning: Failed to copy ../../../Templates/TemplateResources/Standard/FirstPerson/Content/FPWeapon/Materials/MaterialLayers/ML_Screen.uasset to ../../../../../../LastBulletVR/LastBullet/Content/FirstPerson/FPWeapon/Materials/MaterialLayers/ML_Screen.uasset
[2017.04.24-16.31.40:531][729]LogFeaturePack:Warning: Failed to copy ../../../Templates/TemplateResources/Standard/FirstPerson/Content/FPWeapon/Materials/MaterialLayers/ML_SoftMetal_UE4.uasset to ../../../../../../LastBulletVR/LastBullet/Content/FirstPerson/FPWeapon/Materials/MaterialLayers/ML_SoftMetal_UE4.uasset
[2017.04.24-16.31.40:547][729]LogFeaturePack:Warning: Failed to copy ../../../Templates/TemplateResources/Standard/FirstPerson/Content/FPWeapon/Materials/MaterialLayers/T_ML_Aluminum01.uasset to ../../../../../../LastBulletVR/LastBullet/Content/FirstPerson/FPWeapon/Materials/MaterialLayers/T_ML_Aluminum01.uasset
[2017.04.24-16.31.40:569][729]LogFeaturePack:Warning: Failed to copy ../../../Templates/TemplateResources/Standard/FirstPerson/Content/FPWeapon/Materials/MaterialLayers/T_ML_Aluminum01_N.uasset to ../../../../../../LastBulletVR/LastBullet/Content/FirstPerson/FPWeapon/Materials/MaterialLayers/T_ML_Aluminum01_N.uasset
[2017.04.24-16.31.40:654][729]LogFeaturePack:Warning: Failed to copy ../../../Templates/TemplateResources/Standard/FirstPerson/Content/FPWeapon/Materials/MaterialLayers/T_ML_Rubber_Blue_01_D.uasset to ../../../../../../LastBulletVR/LastBullet/Content/FirstPerson/FPWeapon/Materials/MaterialLayers/T_ML_Rubber_Blue_01_D.uasset
[2017.04.24-16.31.40:673][729]LogFeaturePack:Warning: Failed to copy ../../../Templates/TemplateResources/Standard/FirstPerson/Content/FPWeapon/Materials/MaterialLayers/T_ML_Rubber_Blue_01_N.uasset to ../../../../../../LastBulletVR/LastBullet/Content/FirstPerson/FPWeapon/Materials/MaterialLayers/T_ML_Rubber_Blue_01_N.uasset
[2017.04.24-16.31.40:690][729]LogFeaturePack:Warning: Failed to copy ../../../Templates/TemplateResources/Standard/FirstPerson/Content/FPWeapon/Mesh/SK_FPGun.uasset to ../../../../../../LastBulletVR/LastBullet/Content/FirstPerson/FPWeapon/Mesh/SK_FPGun.uasset
[2017.04.24-16.31.40:710][729]LogFeaturePack:Warning: Failed to copy ../../../Templates/TemplateResources/Standard/FirstPerson/Content/FPWeapon/Mesh/SK_FPGun_Skeleton.uasset to ../../../../../../LastBulletVR/LastBullet/Content/FirstPerson/FPWeapon/Mesh/SK_FPGun_Skeleton.uasset
[2017.04.24-16.31.40:729][729]LogFeaturePack:Warning: Failed to copy ../../../Templates/TemplateResources/Standard/FirstPerson/Content/FPWeapon/Textures/T_FPGun_M.uasset to ../../../../../../LastBulletVR/LastBullet/Content/FirstPerson/FPWeapon/Textures/T_FPGun_M.uasset
[2017.04.24-16.31.40:744][729]LogFeaturePack:Warning: Failed to copy ../../../Templates/TemplateResources/Standard/FirstPerson/Content/FPWeapon/Textures/T_FPGun_N.uasset to ../../../../../../LastBulletVR/LastBullet/Content/FirstPerson/FPWeapon/Textures/T_FPGun_N.uasset
[2017.04.24-16.31.40:877][729]LogFactory: FactoryCreateFile: PackFactory with PackFactory (0 0 D:/Program Files/Epic Games/UE_4.15/FeaturePacks/FP_FirstPersonBP.upack)
[2017.04.24-16.31.40:883][729]LogPackFactory: Finished extracting 8 files (including 0 errors).
[2017.04.24-16.31.40:915][729]LogPackFactory: Copied "../../../Templates/FP_FirstPersonBP/Content/FirstPersonBP/FirstPersonOverview.uasset" to "../../../../../../LastBulletVR/LastBullet/Content/FirstPersonBP/FirstPersonOverview.uasset"
[2017.04.24-16.31.40:936][729]LogPackFactory: Copied "../../../Templates/FP_FirstPersonBP/Content/FirstPersonBP/Blueprints/FirstPersonCharacter.uasset" to "../../../../../../LastBulletVR/LastBullet/Content/FirstPersonBP/Blueprints/FirstPersonCharacter.uasset"
[2017.04.24-16.31.40:947][729]LogPackFactory: Copied "../../../Templates/FP_FirstPersonBP/Content/FirstPersonBP/Blueprints/FirstPersonGameMode.uasset" to "../../../../../../LastBulletVR/LastBullet/Content/FirstPersonBP/Blueprints/FirstPersonGameMode.uasset"
[2017.04.24-16.31.40:978][729]LogPackFactory: Copied "../../../Templates/FP_FirstPersonBP/Content/FirstPersonBP/Blueprints/FirstPersonHUD.uasset" to "../../../../../../LastBulletVR/LastBullet/Content/FirstPersonBP/Blueprints/FirstPersonHUD.uasset"
[2017.04.24-16.31.41:125][729]LogPackFactory: Copied "../../../Templates/FP_FirstPersonBP/Content/FirstPersonBP/Maps/FirstPersonExampleMap.umap" to "../../../../../../LastBulletVR/LastBullet/Content/FirstPersonBP/Maps/FirstPersonExampleMap.umap"
[2017.04.24-16.31.41:172][729]Cmd: OBJ SAVEPACKAGE PACKAGE="/Game/FirstPersonBP/FirstPersonOverview" FILE="../../../../../../LastBulletVR/LastBullet/Content/FirstPersonBP/FirstPersonOverview.uasset" SILENT=true
[2017.04.24-16.31.41:215][729]LogSavePackage: Save=32.52ms
[2017.04.24-16.31.41:215][729]LogSavePackage: Moving '../../../../../../LastBulletVR/LastBullet/Saved/FirstPersonOverviewFA652CBD4358D7125320A48FCE3E7000.tmp' to '../../../../../../LastBulletVR/LastBullet/Content/FirstPersonBP/FirstPersonOverview.uasset'
[2017.04.24-16.31.41:217][729]LogSavePackage:Display: Finished SavePackage ../../../../../../LastBulletVR/LastBullet/Content/FirstPersonBP/FirstPersonOverview.uasset
[2017.04.24-16.32.14:175][506]LogTemp:Display: Finished compile of shader map 0x000001EEA5F0C100
[2017.04.24-16.32.14:175][506]LogTemp:Display: Shader map M_HandMat complete, GameThreadShaderMap 0x000001EEA5F0C100, marking material M_HandMat as finished
[2017.04.24-16.32.14:175][506]LogTemp:Display: Marking material as finished 0x000001EE3F1D5C00
[2017.04.24-16.32.29:350][998]LogSavePackage: Save=204.46ms
[2017.04.24-16.32.29:350][998]LogSavePackage: Moving '../../../../../../LastBulletVR/LastBullet/Saved/Minimal_Default7C9D1E844827B4BED04415BF1EB50D19.tmp' to '../../../../../../LastBulletVR/LastBullet/Content/StarterContent/Maps/Minimal_Default.umap'
[2017.04.24-16.32.29:352][998]LogSavePackage:Display: Finished SavePackage ../../../../../../LastBulletVR/LastBullet/Content/StarterContent/Maps/Minimal_Default.umap
[2017.04.24-16.32.29:399][998]Cmd: OBJ SAVEPACKAGE PACKAGE="/Game/StarterContent/Maps/Minimal_Default_BuiltData" FILE="../../../../../../LastBulletVR/LastBullet/Content/StarterContent/Maps/Minimal_Default_BuiltData.uasset" SILENT=true
[2017.04.24-16.32.29:924][998]LogSavePackage: Save=335.21ms
[2017.04.24-16.32.29:924][998]LogSavePackage: Moving '../../../../../../LastBulletVR/LastBullet/Saved/Minimal_Default_BuiltData34AAC1394469F553B28A30975A605B14.tmp' to '../../../../../../LastBulletVR/LastBullet/Content/StarterContent/Maps/Minimal_Default_BuiltData.uasset'
[2017.04.24-16.32.29:931][998]LogSavePackage:Display: Finished SavePackage ../../../../../../LastBulletVR/LastBullet/Content/StarterContent/Maps/Minimal_Default_BuiltData.uasset
[2017.04.24-16.32.43:910][105]OCULUS: Info: [HMDState] Requested to SetForegroundWindow(1e0930ll)
[2017.04.24-16.32.53:209][279]Cmd: OBJ SAVEPACKAGE PACKAGE="/Game/FirstPersonBP/Blueprints/FirstPersonCharacter" FILE="../../../../../../LastBulletVR/LastBullet/Content/FirstPersonBP/Blueprints/FirstPersonCharacter.uasset" SILENT=true
[2017.04.24-16.32.53:323][279]LogSavePackage: Save=107.54ms
[2017.04.24-16.32.53:323][279]LogSavePackage: Moving '../../../../../../LastBulletVR/LastBullet/Saved/FirstPersonCharacter59FE3DF342C8B024C272828A2DD8DFC3.tmp' to '../../../../../../LastBulletVR/LastBullet/Content/FirstPersonBP/Blueprints/FirstPersonCharacter.uasset'
[2017.04.24-16.32.53:326][279]LogSavePackage:Display: Finished SavePackage ../../../../../../LastBulletVR/LastBullet/Content/FirstPersonBP/Blueprints/FirstPersonCharacter.uasset
[2017.04.24-16.32.53:655][279]LogWindowsTextInputMethodSystem:Display: IME system now deactivated.
[2017.04.24-16.32.54:013][280]Cmd: QUIT_EDITOR
[2017.04.24-16.32.54:568][280]LogExit: Preparing to exit.
[2017.04.24-16.32.55:889][280]LogDirectoryWatcher: A directory notification for 'D:/LastBulletVR/LastBullet/Content/' was aborted.
[2017.04.24-16.32.56:058][280]LogExit: Editor shut down
[2017.04.24-16.32.56:058][280]LogExit: Transaction tracking system shut down
[2017.04.24-16.32.57:422][280]LogObj: Freed 0b from 0 cluster array pools.
[2017.04.24-16.32.57:424][280]LogExit: Object subsystem successfully closed.
[2017.04.24-16.32.57:650][280]LogD3D11RHI: Shutdown
[2017.04.24-16.32.57:650][280]LogD3D11RHI: CleanupD3DDevice
[2017.04.24-16.32.58:333][280]LogD3D11RHI: ~FD3D11DynamicRHI
[2017.04.24-16.32.59:176][280]LogModuleManager: Shutting down and abandoning module BlueprintGraph (502)
[2017.04.24-16.32.59:176][280]LogModuleManager: Shutting down and abandoning module BlueprintProfiler (500)
[2017.04.24-16.32.59:196][280]LogModuleManager: Shutting down and abandoning module HierarchicalLODOutliner (498)
[2017.04.24-16.32.59:209][280]LogModuleManager: Shutting down and abandoning module CrashTracker (496)
[2017.04.24-16.32.59:209][280]LogModuleManager: Shutting down and abandoning module SceneOutliner (494)
[2017.04.24-16.32.59:209][280]LogModuleManager: Shutting down and abandoning module AddContentDialog (492)
[2017.04.24-16.32.59:209][280]LogDirectoryWatcher: A directory notification for 'D:/Program Files/Epic Games/UE_4.15/FeaturePacks/' was aborted.
[2017.04.24-16.32.59:209][280]LogModuleManager: Shutting down and abandoning module WidgetCarousel (491)
[2017.04.24-16.32.59:209][280]LogModuleManager: Shutting down and abandoning module EditorWidgets (488)
[2017.04.24-16.32.59:209][280]LogModuleManager: Shutting down and abandoning module CollectionManager (486)
[2017.04.24-16.32.59:247][280]LogDirectoryWatcher: A directory notification for 'D:/LastBulletVR/LastBullet/Content/Collections/' was aborted.
[2017.04.24-16.32.59:247][280]LogDirectoryWatcher: A directory notification for 'D:/LastBulletVR/LastBullet/Content/Developers/Toni/Collections/' was aborted.
[2017.04.24-16.32.59:247][280]LogDirectoryWatcher: A directory notification for 'D:/LastBulletVR/LastBullet/Saved/Collections/' was aborted.
[2017.04.24-16.32.59:247][280]LogModuleManager: Shutting down and abandoning module StatsViewer (484)
[2017.04.24-16.32.59:256][280]LogModuleManager: Shutting down and abandoning module FoliageEdit (482)
[2017.04.24-16.32.59:257][280]LogModuleManager: Shutting down and abandoning module LandscapeEditor (480)
[2017.04.24-16.32.59:267][280]LogModuleManager: Shutting down and abandoning module SceneDepthPickerMode (478)
[2017.04.24-16.32.59:267][280]LogModuleManager: Shutting down and abandoning module ActorPickerMode (476)
[2017.04.24-16.32.59:267][280]LogModuleManager: Shutting down and abandoning module GeometryMode (474)
[2017.04.24-16.32.59:267][280]LogModuleManager: Shutting down and abandoning module TextureAlignMode (472)
[2017.04.24-16.32.59:267][280]LogModuleManager: Shutting down and abandoning module BspMode (470)
[2017.04.24-16.32.59:276][280]LogModuleManager: Shutting down and abandoning module HardwareSurvey (468)
[2017.04.24-16.32.59:276][280]LogModuleManager: Shutting down and abandoning module SequenceRecorderSections (466)
[2017.04.24-16.32.59:276][280]LogModuleManager: Shutting down and abandoning module AutomationWorker (464)
[2017.04.24-16.32.59:278][280]LogModuleManager: Shutting down and abandoning module MatineeToLevelSequence (462)
[2017.04.24-16.32.59:279][280]LogModuleManager: Shutting down and abandoning module LevelSequenceEditor (460)
[2017.04.24-16.32.59:359][280]LogModuleManager: Shutting down and abandoning module PlacementMode (459)
[2017.04.24-16.32.59:359][280]LogModuleManager: Shutting down and abandoning module WmfMediaFactory (456)
[2017.04.24-16.32.59:359][280]LogModuleManager: Shutting down and abandoning module WmfMediaEditor (454)
[2017.04.24-16.32.59:359][280]LogModuleManager: Shutting down and abandoning module MfMediaFactory (452)
[2017.04.24-16.32.59:359][280]LogModuleManager: Shutting down and abandoning module MfMediaEditor (450)
[2017.04.24-16.32.59:359][280]LogModuleManager: Shutting down and abandoning module AvfMediaFactory (448)
[2017.04.24-16.32.59:359][280]LogModuleManager: Shutting down and abandoning module AvfMediaEditor (446)
[2017.04.24-16.32.59:359][280]LogModuleManager: Shutting down and abandoning module AndroidMediaFactory (444)
[2017.04.24-16.32.59:359][280]LogModuleManager: Shutting down and abandoning module Media (443)
[2017.04.24-16.32.59:360][280]LogModuleManager: Shutting down and abandoning module AndroidMediaEditor (440)
[2017.04.24-16.32.59:360][280]LogModuleManager: Shutting down and abandoning module CharacterAI (438)
[2017.04.24-16.32.59:360][280]LogModuleManager: Shutting down and abandoning module AudioCapture (436)
[2017.04.24-16.32.59:360][280]LogModuleManager: Shutting down and abandoning module SequenceRecorder (435)
[2017.04.24-16.32.59:388][280]LogModuleManager: Shutting down and abandoning module SmartSnapping (432)
[2017.04.24-16.32.59:388][280]LogModuleManager: Shutting down and abandoning module SessionServices (430)
[2017.04.24-16.32.59:388][280]LogModuleManager: Shutting down and abandoning module ViewportSnapping (428)
[2017.04.24-16.32.59:388][280]LogModuleManager: Shutting down and abandoning module ViewportInteraction (426)
[2017.04.24-16.32.59:388][280]LogModuleManager: Shutting down and abandoning module LogVisualizer (424)
[2017.04.24-16.32.59:399][280]LogModuleManager: Shutting down and abandoning module IntroTutorials (422)
[2017.04.24-16.32.59:405][280]LogModuleManager: Shutting down and abandoning module GameProjectGeneration (421)
[2017.04.24-16.32.59:420][280]LogModuleManager: Shutting down and abandoning module EditorLiveStreaming (418)
[2017.04.24-16.32.59:420][280]LogModuleManager: Shutting down and abandoning module IOSPlatformEditor (416)
[2017.04.24-16.32.59:420][280]LogModuleManager: Shutting down and abandoning module HTML5PlatformEditor (414)
[2017.04.24-16.32.59:420][280]LogModuleManager: Shutting down and abandoning module AndroidPlatformEditor (412)
[2017.04.24-16.32.59:425][280]LogModuleManager: Shutting down and abandoning module AndroidDeviceDetection (411)
[2017.04.24-16.33.00:307][280]LogModuleManager: Shutting down and abandoning module IOSRuntimeSettings (408)
[2017.04.24-16.33.00:307][280]LogModuleManager: Shutting down and abandoning module AndroidRuntimeSettings (406)
[2017.04.24-16.33.00:307][280]LogModuleManager: Shutting down and abandoning module InputBindingEditor (404)
[2017.04.24-16.33.00:324][280]LogModuleManager: Shutting down and abandoning module NiagaraEditor (402)
[2017.04.24-16.33.00:347][280]LogModuleManager: Shutting down and abandoning module MergeActors (400)
[2017.04.24-16.33.00:355][280]LogModuleManager: Shutting down and abandoning module SizeMap (398)
[2017.04.24-16.33.00:355][280]LogModuleManager: Shutting down and abandoning module TreeMap (396)
[2017.04.24-16.33.00:364][280]LogModuleManager: Shutting down and abandoning module ReferenceViewer (394)
[2017.04.24-16.33.00:364][280]LogModuleManager: Shutting down and abandoning module LocalizationDashboard (392)
[2017.04.24-16.33.00:371][280]LogModuleManager: Shutting down and abandoning module LocalizationService (391)
[2017.04.24-16.33.00:379][280]LogModuleManager: Shutting down and abandoning module HardwareTargeting (388)
[2017.04.24-16.33.00:386][280]LogModuleManager: Shutting down and abandoning module DeviceProfileEditor (386)
[2017.04.24-16.33.00:393][280]LogModuleManager: Shutting down and abandoning module UndoHistory (384)
[2017.04.24-16.33.00:403][280]LogModuleManager: Shutting down and abandoning module UserFeedback (382)
[2017.04.24-16.33.00:403][280]LogModuleManager: Shutting down and abandoning module XmlParser (380)
[2017.04.24-16.33.00:403][280]LogModuleManager: Shutting down and abandoning module Blutility (378)
[2017.04.24-16.33.00:404][280]LogModuleManager: Shutting down and abandoning module ProjectSettingsViewer (376)
[2017.04.24-16.33.00:404][280]LogModuleManager: Shutting down and abandoning module ProjectTargetPlatformEditor (375)
[2017.04.24-16.33.00:404][280]LogModuleManager: Shutting down and abandoning module EditorSettingsViewer (372)
[2017.04.24-16.33.00:404][280]LogModuleManager: Shutting down and abandoning module SettingsEditor (370)
[2017.04.24-16.33.00:414][280]LogModuleManager: Shutting down and abandoning module ProjectLauncher (368)
[2017.04.24-16.33.00:425][280]LogModuleManager: Shutting down and abandoning module SessionFrontend (366)
[2017.04.24-16.33.00:435][280]LogModuleManager: Shutting down and abandoning module ProfilerClient (364)
[2017.04.24-16.33.00:457][280]LogModuleManager: Shutting down and abandoning module DeviceManager (362)
[2017.04.24-16.33.00:470][280]LogModuleManager: Shutting down and abandoning module TargetDeviceServices (361)
[2017.04.24-16.33.00:526][280]LogModuleManager: Shutting down and abandoning module AutomationController (358)
[2017.04.24-16.33.00:541][280]LogModuleManager: Shutting down and abandoning module AutomationWindow (356)
[2017.04.24-16.33.00:557][280]LogModuleManager: Shutting down and abandoning module Layers (354)
[2017.04.24-16.33.00:574][280]LogModuleManager: Shutting down and abandoning module ComponentVisualizers (352)
[2017.04.24-16.33.00:574][280]LogModuleManager: Shutting down and abandoning module DetailCustomizations (350)
[2017.04.24-16.33.00:588][280]LogModuleManager: Shutting down and abandoning module PackagesDialog (348)
[2017.04.24-16.33.00:589][280]LogModuleManager: Shutting down and abandoning module Persona (346)
[2017.04.24-16.33.00:614][280]LogModuleManager: Shutting down and abandoning module AnimGraph (345)
[2017.04.24-16.33.00:614][280]LogModuleManager: Shutting down and abandoning module Kismet (342)
[2017.04.24-16.33.00:618][280]LogModuleManager: Shutting down and abandoning module GraphEditor (340)
[2017.04.24-16.33.00:618][280]LogModuleManager: Shutting down and abandoning module ClassViewer (338)
[2017.04.24-16.33.00:630][280]LogModuleManager: Shutting down and abandoning module Toolbox (336)
[2017.04.24-16.33.00:630][280]LogModuleManager: Shutting down and abandoning module ModuleUI (334)
[2017.04.24-16.33.00:642][280]LogModuleManager: Shutting down and abandoning module MovieSceneTools (332)
[2017.04.24-16.33.00:652][280]LogModuleManager: Shutting down and abandoning module OutputLog (330)
[2017.04.24-16.33.00:658][280]LogModuleManager: Shutting down and abandoning module GammaUI (328)
[2017.04.24-16.33.00:667][280]LogModuleManager: Shutting down and abandoning module Documentation (326)
[2017.04.24-16.33.00:667][280]LogModuleManager: Shutting down and abandoning module Niagara (324)
[2017.04.24-16.33.00:667][280]LogModuleManager: Shutting down and abandoning module StreamingPauseRendering (322)
[2017.04.24-16.33.00:667][280]LogModuleManager: Shutting down and abandoning module AnalyticsET (320)
[2017.04.24-16.33.00:667][280]LogModuleManager: Shutting down and abandoning module PortalServices (318)
[2017.04.24-16.33.00:667][280]LogModuleManager: Shutting down and abandoning module PortalRpc (316)
[2017.04.24-16.33.00:667][280]LogModuleManager: Shutting down and abandoning module MessagingRpc (314)
[2017.04.24-16.33.00:667][280]LogModuleManager: Shutting down and abandoning module AIModule (312)
[2017.04.24-16.33.00:668][280]LogModuleManager: Shutting down and abandoning module GameplayDebugger (311)
[2017.04.24-16.33.00:672][280]LogModuleManager: Shutting down and abandoning module AITestSuite (309)
[2017.04.24-16.33.00:673][280]LogModuleManager: Shutting down and abandoning module ProfilerService (306)
[2017.04.24-16.33.00:848][280]LogModuleManager: Shutting down and abandoning module TaskGraph (304)
[2017.04.24-16.33.00:855][280]LogModuleManager: Shutting down and abandoning module SteamVRController (302)
[2017.04.24-16.33.00:855][280]LogModuleManager: Shutting down and abandoning module SteamVR (300)
[2017.04.24-16.33.00:855][280]LogModuleManager: Shutting down and abandoning module ProceduralMeshComponentEditor (298)
[2017.04.24-16.33.00:855][280]LogModuleManager: Shutting down and abandoning module ProceduralMeshComponent (296)
[2017.04.24-16.33.00:864][280]LogModuleManager: Shutting down and abandoning module OculusLibrary (294)
[2017.04.24-16.33.00:864][280]LogModuleManager: Shutting down and abandoning module OculusInput (292)
[2017.04.24-16.33.00:864][280]LogModuleManager: Shutting down and abandoning module MobilePatchingUtils (290)
[2017.04.24-16.33.00:864][280]LogModuleManager: Shutting down and abandoning module CustomMeshComponent (288)
[2017.04.24-16.33.00:864][280]LogModuleManager: Shutting down and abandoning module CableComponent (286)
[2017.04.24-16.33.00:864][280]LogModuleManager: Shutting down and abandoning module ArchVisCharacter (284)
[2017.04.24-16.33.00:864][280]LogModuleManager: Shutting down and abandoning module MediaPlayerEditor (280)
[2017.04.24-16.33.00:884][280]LogModuleManager: Shutting down and abandoning module HTML5Networking (278)
[2017.04.24-16.33.00:884][280]LogModuleManager: Shutting down and abandoning module AlembicImporter (276)
[2017.04.24-16.33.00:892][280]LogModuleManager: Shutting down and abandoning module AlembicLibrary (275)
[2017.04.24-16.33.00:892][280]LogModuleManager: Shutting down and abandoning module GeometryCache (274)
[2017.04.24-16.33.00:892][280]LogModuleManager: Shutting down and abandoning module GeometryCacheEd (273)
[2017.04.24-16.33.00:892][280]LogModuleManager: Shutting down and abandoning module SuperSearchEditor (268)
[2017.04.24-16.33.00:892][280]LogModuleManager: Shutting down and abandoning module SuperSearch (267)
[2017.04.24-16.33.00:892][280]LogModuleManager: Shutting down and abandoning module SpeedTreeImporter (264)
[2017.04.24-16.33.00:892][280]LogModuleManager: Shutting down and abandoning module PluginBrowser (262)
[2017.04.24-16.33.00:912][280]LogModuleManager: Shutting down and abandoning module MobileLauncherProfileWizard (260)
[2017.04.24-16.33.00:919][280]LogModuleManager: Shutting down and abandoning module EpicSurvey (258)
[2017.04.24-16.33.00:919][280]LogModuleManager: Shutting down and abandoning module VisualStudioSourceCodeAccess (256)
[2017.04.24-16.33.00:919][280]LogModuleManager: Shutting down and abandoning module DesktopPlatform (255)
[2017.04.24-16.33.00:919][280]LogModuleManager: Shutting down and abandoning module UObjectPlugin (252)
[2017.04.24-16.33.00:919][280]LogModuleManager: Shutting down and abandoning module SubversionSourceControl (250)
[2017.04.24-16.33.00:930][280]LogModuleManager: Shutting down and abandoning module PerforceSourceControl (248)
[2017.04.24-16.33.00:952][280]LogModuleManager: Shutting down and abandoning module GitSourceControl (246)
[2017.04.24-16.33.00:958][280]LogModuleManager: Shutting down and abandoning module SourceControl (245)
[2017.04.24-16.33.00:959][280]LogModuleManager: Shutting down and abandoning module LightPropagationVolumeEditor (242)
[2017.04.24-16.33.00:959][280]LogModuleManager: Shutting down and abandoning module PaperTiledImporter (240)
[2017.04.24-16.33.00:959][280]LogModuleManager: Shutting down and abandoning module PaperSpriteSheetImporter (238)
[2017.04.24-16.33.00:959][280]LogModuleManager: Shutting down and abandoning module Paper2DEditor (236)
[2017.04.24-16.33.00:980][280]LogModuleManager: Shutting down and abandoning module MeshPaint (235)
[2017.04.24-16.33.01:048][280]LogModuleManager: Shutting down and abandoning module LevelEditor (233)
[2017.04.24-16.33.01:062][280]LogModuleManager: Shutting down and abandoning module PixelInspectorModule (232)
[2017.04.24-16.33.01:088][280]LogModuleManager: Shutting down and abandoning module MainFrame (230)
[2017.04.24-16.33.01:088][280]LogModuleManager: Shutting down and abandoning module HotReload (229)
[2017.04.24-16.33.01:100][280]LogModuleManager: Shutting down and abandoning module ContentBrowser (225)
[2017.04.24-16.33.01:100][280]LogModuleManager: Shutting down and abandoning module PhysXVehiclesEditor (222)
[2017.04.24-16.33.01:107][280]LogModuleManager: Shutting down and abandoning module PhysXVehicles (220)
[2017.04.24-16.33.01:107][280]LogModuleManager: Shutting down and abandoning module LocationServicesBPLibrary (218)
[2017.04.24-16.33.01:107][280]LogModuleManager: Shutting down and abandoning module UdpMessaging (216)
[2017.04.24-16.33.01:208][280]LogModuleManager: Shutting down and abandoning module TcpMessaging (214)
[2017.04.24-16.33.01:322][280]LogModuleManager: Shutting down and abandoning module GameplayTagsEditor (212)
[2017.04.24-16.33.01:346][280]LogModuleManager: Shutting down and abandoning module FacialAnimationEditor (210)
[2017.04.24-16.33.01:354][280]LogModuleManager: Shutting down and abandoning module FacialAnimation (208)
[2017.04.24-16.33.01:354][280]LogModuleManager: Shutting down and abandoning module LightPropagationVolumeRuntime (206)
[2017.04.24-16.33.01:354][280]LogModuleManager: Shutting down and abandoning module Paper2D (204)
[2017.04.24-16.33.01:363][280]LogModuleManager: Shutting down and abandoning module WindowsMoviePlayer (202)
[2017.04.24-16.33.01:363][280]LogModuleManager: Shutting down and abandoning module WmfMedia (200)
[2017.04.24-16.33.01:363][280]LogModuleManager: Shutting down and abandoning module MfMedia (198)
[2017.04.24-16.33.01:363][280]LogModuleManager: Shutting down and abandoning module MediaAssets (196)
[2017.04.24-16.33.01:363][280]LogModuleManager: Shutting down and abandoning module GameLiveStreaming (194)
[2017.04.24-16.33.01:371][280]LogModuleManager: Shutting down and abandoning module VREditor (192)
[2017.04.24-16.33.01:371][280]LogModuleManager: Shutting down and abandoning module GameplayTasksEditor (190)
[2017.04.24-16.33.01:371][280]LogModuleManager: Shutting down and abandoning module BehaviorTreeEditor (188)
[2017.04.24-16.33.01:400][280]LogModuleManager: Shutting down and abandoning module FunctionalTesting (186)
[2017.04.24-16.33.01:400][280]LogModuleManager: Shutting down and abandoning module CollisionAnalyzer (184)
[2017.04.24-16.33.01:412][280]LogModuleManager: Shutting down and abandoning module UMG (182)
[2017.04.24-16.33.01:464][280]LogModuleManager: Shutting down and abandoning module UMGEditor (181)
[2017.04.24-16.33.01:494][280]LogModuleManager: Shutting down and abandoning module Sequencer (180)
[2017.04.24-16.33.01:525][280]LogModuleManager: Shutting down and abandoning module AssetTools (178)
[2017.04.24-16.33.01:556][280]LogModuleManager: Shutting down and abandoning module MessageLog (177)
[2017.04.24-16.33.01:556][280]LogModuleManager: Shutting down and abandoning module WorkspaceMenuStructure (176)
[2017.04.24-16.33.01:556][280]LogModuleManager: Shutting down and abandoning module SlateReflector (170)
[2017.04.24-16.33.01:599][280]LogModuleManager: Shutting down and abandoning module Slate (168)
[2017.04.24-16.33.01:599][280]LogModuleManager: Shutting down and abandoning module EditorStyle (166)
[2017.04.24-16.33.01:601][280]LogModuleManager: Shutting down and abandoning module SourceCodeAccess (164)
[2017.04.24-16.33.01:607][280]LogModuleManager: Shutting down and abandoning module HeadMountedDisplay (162)
[2017.04.24-16.33.01:607][280]LogModuleManager: Shutting down and abandoning module XAudio2 (160)
[2017.04.24-16.33.01:607][280]LogModuleManager: Shutting down and abandoning module Networking (158)
[2017.04.24-16.33.01:607][280]LogModuleManager: Shutting down and abandoning module Core (154)
[2017.04.24-16.33.01:607][280]LogModuleManager: Shutting down and abandoning module AssetRegistry (152)
[2017.04.24-16.33.01:809][280]LogDirectoryWatcher: A directory notification for '../../../Engine/Content/' was aborted.
[2017.04.24-16.33.01:809][280]LogDirectoryWatcher: A directory notification for '../../../../../../LastBulletVR/LastBullet/Content/' was aborted.
[2017.04.24-16.33.01:809][280]LogDirectoryWatcher: A directory notification for '../../../Engine/Plugins/2D/Paper2D/Content/' was aborted.
[2017.04.24-16.33.01:830][280]LogModuleManager: Shutting down and abandoning module DirectoryWatcher (151)
[2017.04.24-16.33.01:831][280]LogModuleManager: Shutting down and abandoning module KismetCompiler (148)
[2017.04.24-16.33.01:831][280]LogModuleManager: Shutting down and abandoning module PhysXFormats (146)
[2017.04.24-16.33.01:831][280]LogModuleManager: Shutting down and abandoning module MeshUtilities (144)
[2017.04.24-16.33.01:856][280]LogModuleManager: Shutting down and abandoning module SimplygonSwarm (143)
[2017.04.24-16.33.01:865][280]LogModuleManager: Shutting down and abandoning module SimplygonMeshReduction (141)
[2017.04.24-16.33.01:865][280]LogModuleManager: Shutting down and abandoning module QuadricMeshReduction (139)
[2017.04.24-16.33.01:865][280]LogModuleManager: Shutting down and abandoning module PropertyEditor (137)
[2017.04.24-16.33.01:865][280]LogModuleManager: Shutting down and abandoning module DerivedDataCache (134)
[2017.04.24-16.33.01:891][280]LogDerivedDataCache: Shutdown
[2017.04.24-16.33.01:891][280]LogModuleManager: Shutting down and abandoning module TargetPlatform (132)
[2017.04.24-16.33.01:891][280]LogModuleManager: Shutting down and abandoning module VulkanShaderFormat (131)
[2017.04.24-16.33.01:910][280]LogModuleManager: Shutting down and abandoning module ShaderFormatOpenGL (129)
[2017.04.24-16.33.01:922][280]LogModuleManager: Shutting down and abandoning module ShaderFormatD3D (127)
[2017.04.24-16.33.01:922][280]LogModuleManager: Shutting down and abandoning module MetalShaderFormat (125)
[2017.04.24-16.33.01:954][280]LogModuleManager: Shutting down and abandoning module TextureFormatUncompressed (123)
[2017.04.24-16.33.01:954][280]LogModuleManager: Shutting down and abandoning module TextureFormatPVR (121)
[2017.04.24-16.33.01:954][280]LogModuleManager: Shutting down and abandoning module TextureFormatDXT (119)
[2017.04.24-16.33.01:954][280]LogModuleManager: Shutting down and abandoning module TextureFormatIntelISPCTexComp (117)
[2017.04.24-16.33.01:954][280]LogModuleManager: Shutting down and abandoning module TextureFormatASTC (115)
[2017.04.24-16.33.01:954][280]LogModuleManager: Shutting down and abandoning module ImageWrapper (114)
[2017.04.24-16.33.01:954][280]LogModuleManager: Shutting down and abandoning module TextureFormatAndroid (111)
[2017.04.24-16.33.01:954][280]LogModuleManager: Shutting down and abandoning module AudioFormatOpus (109)
[2017.04.24-16.33.01:960][280]LogModuleManager: Shutting down and abandoning module AudioFormatOgg (107)
[2017.04.24-16.33.01:960][280]LogModuleManager: Shutting down and abandoning module AudioFormatADPCM (105)
[2017.04.24-16.33.01:960][280]LogModuleManager: Shutting down and abandoning module LinuxTargetPlatform (103)
[2017.04.24-16.33.01:960][280]LogModuleManager: Shutting down and abandoning module LinuxServerTargetPlatform (101)
[2017.04.24-16.33.01:960][280]LogModuleManager: Shutting down and abandoning module LinuxNoEditorTargetPlatform (99)
[2017.04.24-16.33.01:960][280]LogModuleManager: Shutting down and abandoning module LinuxClientTargetPlatform (97)
[2017.04.24-16.33.01:960][280]LogModuleManager: Shutting down and abandoning module TVOSTargetPlatform (95)
[2017.04.24-16.33.01:960][280]LogModuleManager: Shutting down and abandoning module Messaging (93)
[2017.04.24-16.33.01:960][280]LogModuleManager: Shutting down and abandoning module IOSTargetPlatform (91)
[2017.04.24-16.33.01:960][280]LogModuleManager: Shutting down and abandoning module HTML5TargetPlatform (89)
[2017.04.24-16.33.01:960][280]LogModuleManager: Shutting down and abandoning module Android_PVRTCTargetPlatform (87)
[2017.04.24-16.33.01:960][280]LogModuleManager: Shutting down and abandoning module Android_MultiTargetPlatform (85)
[2017.04.24-16.33.01:960][280]LogModuleManager: Shutting down and abandoning module Android_ETC2TargetPlatform (83)
[2017.04.24-16.33.01:960][280]LogModuleManager: Shutting down and abandoning module Android_ETC1TargetPlatform (81)
[2017.04.24-16.33.01:960][280]LogModuleManager: Shutting down and abandoning module Android_DXTTargetPlatform (79)
[2017.04.24-16.33.01:960][280]LogModuleManager: Shutting down and abandoning module Android_ATCTargetPlatform (77)
[2017.04.24-16.33.01:960][280]LogModuleManager: Shutting down and abandoning module Android_ASTCTargetPlatform (75)
[2017.04.24-16.33.01:960][280]LogModuleManager: Shutting down and abandoning module AndroidTargetPlatform (73)
[2017.04.24-16.33.01:960][280]LogModuleManager: Shutting down and abandoning module WindowsTargetPlatform (71)
[2017.04.24-16.33.01:960][280]LogModuleManager: Shutting down and abandoning module WindowsServerTargetPlatform (69)
[2017.04.24-16.33.01:960][280]LogModuleManager: Shutting down and abandoning module WindowsNoEditorTargetPlatform (67)
[2017.04.24-16.33.01:960][280]LogModuleManager: Shutting down and abandoning module WindowsClientTargetPlatform (65)
[2017.04.24-16.33.01:960][280]LogModuleManager: Shutting down and abandoning module MacTargetPlatform (63)
[2017.04.24-16.33.01:960][280]LogModuleManager: Shutting down and abandoning module MacServerTargetPlatform (61)
[2017.04.24-16.33.01:961][280]LogModuleManager: Shutting down and abandoning module MacNoEditorTargetPlatform (59)
[2017.04.24-16.33.01:961][280]LogModuleManager: Shutting down and abandoning module MacClientTargetPlatform (57)
[2017.04.24-16.33.01:961][280]LogModuleManager: Shutting down and abandoning module AllDesktopTargetPlatform (55)
[2017.04.24-16.33.01:961][280]LogModuleManager: Shutting down and abandoning module InputCore (52)
[2017.04.24-16.33.01:961][280]LogModuleManager: Shutting down and abandoning module Settings (50)
[2017.04.24-16.33.01:961][280]LogModuleManager: Shutting down and abandoning module OculusRift (48)
[2017.04.24-16.33.01:964][280]LogHMD: Oculus shutdown.
[2017.04.24-16.33.01:964][280]LogModuleManager: Shutting down and abandoning module GearVR (46)
[2017.04.24-16.33.01:964][280]LogModuleManager: Shutting down and abandoning module ExampleDeviceProfileSelector (44)
[2017.04.24-16.33.01:964][280]LogModuleManager: Shutting down and abandoning module OnlineBlueprintSupport (42)
[2017.04.24-16.33.01:964][280]LogModuleManager: Shutting down and abandoning module OnlineSubsystem (38)
[2017.04.24-16.33.01:964][280]LogOnline:Display: Unloading online subsystem: NULL
[2017.04.24-16.33.01:997][280]LogModuleManager: Shutting down and abandoning module XMPP (37)
[2017.04.24-16.33.02:011][280]LogModuleManager: Shutting down and abandoning module HTTP (35)
[2017.04.24-16.33.02:024][280]LogHttp:Display: Http module shutting down, but needs to wait on 1 outstanding Http requests:
[2017.04.24-16.33.02:024][280]LogHttp:Display: 	verb=[POST] url=[https://datarouter.ol.epicgames.com/datarouter/api/v1/public/data?SessionID=%7B807B6ED8-45E0-4EE0-B626-319CF5919585%7D&AppID=UEEditor.Rocket.Release&AppVersion=4.15.1-3348071%2B%2B%2BUE4%2BRelease-4.15&UserID=f39911084e6eee547528b980920f5896%7Cd1dffcc0c00b4945b72a2d714bf43321%7C26cf8f1e-746a-4f9a-9e59-db695ff3efd3&AppEnvironment=datacollector-binary&UploadType=eteventstream] status=Processing
[2017.04.24-16.33.02:055][280]LogModuleManager: Shutting down and abandoning module SSL (34)
[2017.04.24-16.33.02:060][280]LogModuleManager: Shutting down and abandoning module AudioEditor (30)
[2017.04.24-16.33.02:071][280]LogModuleManager: Shutting down and abandoning module TextureCompressor (28)
[2017.04.24-16.33.02:071][280]LogModuleManager: Shutting down and abandoning module ShaderCore (26)
[2017.04.24-16.33.02:071][280]LogModuleManager: Shutting down and abandoning module Landscape (24)
[2017.04.24-16.33.02:071][280]LogModuleManager: Shutting down and abandoning module SlateRHIRenderer (22)
[2017.04.24-16.33.02:097][280]LogModuleManager: Shutting down and abandoning module OpenGLDrv (20)
[2017.04.24-16.33.02:114][280]LogModuleManager: Shutting down and abandoning module D3D11RHI (18)
[2017.04.24-16.33.02:114][280]LogModuleManager: Shutting down and abandoning module AnimGraphRuntime (16)
[2017.04.24-16.33.02:133][280]LogModuleManager: Shutting down and abandoning module Renderer (14)
[2017.04.24-16.33.02:133][280]LogModuleManager: Shutting down and abandoning module Engine (12)
[2017.04.24-16.33.02:133][280]LogModuleManager: Shutting down and abandoning module CoreUObject (10)
[2017.04.24-16.33.02:133][280]LogModuleManager: Shutting down and abandoning module NetworkFile (8)
[2017.04.24-16.33.02:133][280]LogModuleManager: Shutting down and abandoning module StreamingFile (6)
[2017.04.24-16.33.02:133][280]LogModuleManager: Shutting down and abandoning module SandboxFile (4)
[2017.04.24-16.33.02:133][280]LogModuleManager: Shutting down and abandoning module PakFile (2)
[2017.04.24-16.33.02:177][280]LogExit: Exiting.
[2017.04.24-16.33.02:196][280]Log file closed, 04/24/17 18:33:02
