Log file open, 04/27/17 10:25:50
LogInit:Display: Running engine for game: LastBullet
LogPlatformFile: Not using cached read wrapper
LogInit:Display: RandInit(-1552920221) SRandInit(-1552919896).
LogTaskGraph: Started task graph with 5 named threads and 8 total threads with 1 sets of task threads.
LogStats: Stats thread started at 2.699059
LogInit: Using libcurl 7.47.1
LogInit:  - built for x86_64-pc-win32
LogInit:  - supports SSL with OpenSSL/1.0.2g
LogInit:  - supports HTTP deflate (compression) using libz 1.2.8
LogInit:  - other features:
LogInit:      CURL_VERSION_SSL
LogInit:      CURL_VERSION_LIBZ
LogInit:      CURL_VERSION_IPV6
LogInit:      CURL_VERSION_ASYNCHDNS
LogInit:      CURL_VERSION_LARGEFILE
LogInit:      CURL_VERSION_IDN
LogInit:  CurlRequestOptions (configurable via config and command line):
LogInit:  - bVerifyPeer = false  - Libcurl will NOT verify peer certificate
LogInit:  - bUseHttpProxy = false  - Libcurl will NOT use HTTP proxy
LogInit:  - bDontReuseConnections = false  - Libcurl will reuse connections
LogInit:  - CertBundlePath = nullptr  - Libcurl will use whatever was configured at build time.
OCULUS: Info: [CAPI] LibOVR module is located at C:\Program Files\Oculus\Support\oculus-runtime\LibOVRRT64_1.dll
OCULUS: Debug: Connected to the server running version (prod = 1).1.14.0(build = 378771) feature version = 0. Client runs version (prod = 1).1.14.0(build = 378771) feature version = 0
LogHMD: GearVR: Emulating GearVR using Oculus Rift!
LogInit: Build: ++UE4+Release-4.15-CL-3348071
LogInit: Engine Version: 4.15.1-3348071+++UE4+Release-4.15
LogInit: Compatible Engine Version: 4.15.0-3299760+++UE4+Release-4.15
LogInit: Net CL: 3299760
LogDevObjectVersion: Number of dev versions registered: 14
LogDevObjectVersion:   Dev-Blueprints (B0D832E4-1F89-4F0D-ACCF-7EB736FD4AA2): 8
LogDevObjectVersion:   Dev-Build (E1C64328-A22C-4D53-A36C-8E866417BD8C): 0
LogDevObjectVersion:   Dev-Core (375EC13C-06E4-48FB-B500-84F0262A717E): 2
LogDevObjectVersion:   Dev-Editor (E4B068ED-F494-42E9-A231-DA0B2E46BB41): 14
LogDevObjectVersion:   Dev-Framework (CFFC743F-43B0-4480-9391-14DF171D2073): 22
LogDevObjectVersion:   Dev-Mobile (B02B49B5-BB20-44E9-A304-32B752E40360): 0
LogDevObjectVersion:   Dev-Networking (A4E4105C-59A1-49B5-A7C5-40C4547EDFEE): 0
LogDevObjectVersion:   Dev-Online (39C831C9-5AE6-47DC-9A44-9C173E1C8E7C): 0
LogDevObjectVersion:   Dev-Physics (78F01B33-EBEA-4F98-B9B4-84EACCB95AA2): 0
LogDevObjectVersion:   Dev-Platform (6631380F-2D4D-43E0-8009-CF276956A95A): 0
LogDevObjectVersion:   Dev-Rendering (12F88B9F-8875-4AFC-A67C-D90C383ABD29): 12
LogDevObjectVersion:   Dev-Sequencer (7B5AE74C-D270-4C10-A958-57980B212A5A): 3
LogDevObjectVersion:   Dev-VR (D7296918-1DD6-4BDD-9DE2-64A83CC13884): 0
LogDevObjectVersion:   Dev-LoadTimes (C2A15278-BFE7-4AFE-6C17-90FF531DF755): 1
LogInit: Compiled (64-bit): Mar 15 2017 16:52:47
LogInit: Compiled with Visual C++: 19.00.23026.00
LogInit: Build Configuration: Development
LogInit: Branch Name: ++UE4+Release-4.15
LogInit: Command line:  
LogInit: Base directory: D:/Program Files/Epic Games/UE_4.15/Engine/Binaries/Win64/
LogInit: Installed Engine Build: 1
LogInit: Presizing for max 8388607 objects, including 0 objects not considered by GC, pre-allocating 0 bytes for permanent pool.
LogInit: Object subsystem initialized
[2017.04.27-08.25.52:608][  0]LogInit: Selected Device Profile: [Windows]
[2017.04.27-08.25.52:608][  0]LogInit: Applying CVar settings loaded from the selected device profile: [Windows]
[2017.04.27-08.25.52:722][  0]LogInit: Computer: TONIMASTERRACE
[2017.04.27-08.25.52:722][  0]LogInit: User: Toni
[2017.04.27-08.25.52:722][  0]LogInit: CPU Page size=65536, Cores=4
[2017.04.27-08.25.52:722][  0]LogInit: High frequency timer resolution =24.000000 MHz
[2017.04.27-08.25.52:735][  0]LogMemory: Memory total: Physical=8.0GB (8GB approx)
[2017.04.27-08.25.52:735][  0]LogMemory: Platform Memory Stats for Windows
[2017.04.27-08.25.52:735][  0]LogMemory: Process Physical Memory: 268.03 MB used, 268.03 MB peak
[2017.04.27-08.25.52:735][  0]LogMemory: Process Virtual Memory: 265.72 MB used, 265.72 MB peak
[2017.04.27-08.25.52:735][  0]LogMemory: Physical Memory: 3856.60 MB used,  4288.84 MB free, 8145.45 MB total
[2017.04.27-08.25.52:735][  0]LogMemory: Virtual Memory: 685.21 MB used,  4288.84 MB free, 134217728.00 MB total
[2017.04.27-08.25.53:380][  0]LogInit: Overriding culture en with editor configuration.
[2017.04.27-08.25.56:263][  0]LogD3D11RHI: D3D11 adapters:
[2017.04.27-08.25.56:877][  0]LogD3D11RHI:    0. 'NVIDIA GeForce GTX 1070' (Feature Level 11_0)
[2017.04.27-08.25.56:877][  0]LogD3D11RHI:       8119/0/4072 MB DedicatedVideo/DedicatedSystem/SharedSystem, Outputs:1, VendorId:0x10de
[2017.04.27-08.25.56:886][  0]LogD3D11RHI:    1. 'Microsoft Basic Render Driver' (Feature Level 11_0)
[2017.04.27-08.25.56:886][  0]LogD3D11RHI:       0/0/4072 MB DedicatedVideo/DedicatedSystem/SharedSystem, Outputs:0, VendorId:0x1414
[2017.04.27-08.25.56:886][  0]LogD3D11RHI: Chosen D3D11 Adapter: 0
[2017.04.27-08.25.56:919][  0]LogD3D11RHI: Creating new Direct3DDevice
[2017.04.27-08.25.56:919][  0]LogD3D11RHI:     GPU DeviceId: 0x1b81 (for the marketing name, search the web for "GPU Device Id")
[2017.04.27-08.25.56:919][  0]LogWindows: EnumDisplayDevices:
[2017.04.27-08.25.56:920][  0]LogWindows:    0. 'NVIDIA GeForce GTX 1070' (P:1 D:1)
[2017.04.27-08.25.56:920][  0]LogWindows:    1. 'NVIDIA GeForce GTX 1070' (P:0 D:0)
[2017.04.27-08.25.56:921][  0]LogWindows:    2. 'NVIDIA GeForce GTX 1070' (P:0 D:0)
[2017.04.27-08.25.56:922][  0]LogWindows:    3. 'NVIDIA GeForce GTX 1070' (P:0 D:0)
[2017.04.27-08.25.56:922][  0]LogWindows: DebugString: FoundDriverCount:4 
[2017.04.27-08.25.56:922][  0]LogD3D11RHI:     Adapter Name: NVIDIA GeForce GTX 1070
[2017.04.27-08.25.56:922][  0]LogD3D11RHI:   Driver Version: 381.89 (internal:22.21.13.8189, unified:381.89)
[2017.04.27-08.25.56:922][  0]LogD3D11RHI:      Driver Date: 4-19-2017
[2017.04.27-08.25.56:923][  0]LogRHI: Texture pool is 1361 MB (70% of 1945 MB)
[2017.04.27-08.25.57:543][  0]LogD3D11RHI: Async texture creation enabled
[2017.04.27-08.25.57:943][  0]LogD3D11RHI: GPU Timing Frequency: 1000.000000 (Debug: 2 1)
[2017.04.27-08.25.58:077][  0]LogShaderCompilers: Guid format shader working directory is 3 characters bigger than the processId version (../../../../../../LastBulletVR/LastBullet/Intermediate/Shaders/WorkingDirectory/11460/).
[2017.04.27-08.25.58:077][  0]LogShaderCompilers: Cleaned the shader compiler working directory 'C:/Users/Toni/AppData/Local/Temp/UnrealShaderWorkingDir/AF15F8064752FFEF898887BA86D8CD84/'.
[2017.04.27-08.25.58:083][  0]LogShaderCompilers:Display: Using Local Shader Compiler.
[2017.04.27-08.26.03:694][  0]LogTemp:Display: Loaded TP AllDesktopTargetPlatform
[2017.04.27-08.26.03:736][  0]LogTemp:Display: Loaded TP MacClientTargetPlatform
[2017.04.27-08.26.03:777][  0]LogTemp:Display: Loaded TP MacNoEditorTargetPlatform
[2017.04.27-08.26.03:823][  0]LogTemp:Display: Loaded TP MacServerTargetPlatform
[2017.04.27-08.26.03:884][  0]LogTemp:Display: Loaded TP MacTargetPlatform
[2017.04.27-08.26.03:918][  0]LogTemp:Display: Loaded TP WindowsClientTargetPlatform
[2017.04.27-08.26.03:963][  0]LogTemp:Display: Loaded TP WindowsNoEditorTargetPlatform
[2017.04.27-08.26.04:001][  0]LogTemp:Display: Loaded TP WindowsServerTargetPlatform
[2017.04.27-08.26.04:030][  0]LogTemp:Display: Loaded TP WindowsTargetPlatform
[2017.04.27-08.26.04:073][  0]LogTemp:Display: Loaded TP AndroidTargetPlatform
[2017.04.27-08.26.04:129][  0]LogTemp:Display: Loaded TP Android_ASTCTargetPlatform
[2017.04.27-08.26.04:166][  0]LogTemp:Display: Loaded TP Android_ATCTargetPlatform
[2017.04.27-08.26.04:206][  0]LogTemp:Display: Loaded TP Android_DXTTargetPlatform
[2017.04.27-08.26.04:244][  0]LogTemp:Display: Loaded TP Android_ETC1TargetPlatform
[2017.04.27-08.26.04:286][  0]LogTemp:Display: Loaded TP Android_ETC2TargetPlatform
[2017.04.27-08.26.04:360][  0]LogTemp:Display: Loaded TP Android_MultiTargetPlatform
[2017.04.27-08.26.04:360][  0]LogTemp:Display: Loaded TP Android_PVRTCTargetPlatform
[2017.04.27-08.26.04:382][  0]LogTemp:Display: Loaded TP HTML5TargetPlatform
[2017.04.27-08.26.04:522][  0]LogTemp:Display: Loaded TP IOSTargetPlatform
[2017.04.27-08.26.04:545][  0]LogTemp:Display: Loaded TP TVOSTargetPlatform
[2017.04.27-08.26.04:581][  0]LogTemp:Display: Loaded TP LinuxClientTargetPlatform
[2017.04.27-08.26.04:628][  0]LogTemp:Display: Loaded TP LinuxNoEditorTargetPlatform
[2017.04.27-08.26.04:671][  0]LogTemp:Display: Loaded TP LinuxServerTargetPlatform
[2017.04.27-08.26.04:712][  0]LogTemp:Display: Loaded TP LinuxTargetPlatform
[2017.04.27-08.26.04:712][  0]LogTargetPlatformManager:Display: Building Assets For Windows
[2017.04.27-08.26.05:563][  0]LogDerivedDataCache:Display: Max Cache Size: 512 MB
[2017.04.27-08.26.05:837][  0]LogDerivedDataCache: Loaded boot cache 0.27s 55MB C:/Users/Toni/AppData/Local/UnrealEngine/4.15/DerivedDataCache/Boot.ddc.
[2017.04.27-08.26.05:837][  0]LogDerivedDataCache:Display: Loaded Boot cache: C:/Users/Toni/AppData/Local/UnrealEngine/4.15/DerivedDataCache/Boot.ddc
[2017.04.27-08.26.05:837][  0]LogDerivedDataCache: FDerivedDataBackendGraph:  Pak pak cache file ../../../../../../LastBulletVR/LastBullet/DerivedDataCache/DDC.ddp not found, will not use a pak cache.
[2017.04.27-08.26.05:837][  0]LogDerivedDataCache: Unable to find inner node Pak for hierarchical cache Hierarchy.
[2017.04.27-08.26.05:837][  0]LogDerivedDataCache: FDerivedDataBackendGraph:  CompressedPak pak cache file ../../../../../../LastBulletVR/LastBullet/DerivedDataCache/Compressed.ddp not found, will not use a pak cache.
[2017.04.27-08.26.05:837][  0]LogDerivedDataCache: Unable to find inner node CompressedPak for hierarchical cache Hierarchy.
[2017.04.27-08.26.05:893][  0]LogDerivedDataCache:Display: Pak cache opened for reading ../../../Engine/DerivedDataCache/Compressed.ddp.
[2017.04.27-08.26.05:906][  0]LogDerivedDataCache: Using Local data cache path C:/Users/Toni/AppData/Local/UnrealEngine/Common/DerivedDataCache: Writable
[2017.04.27-08.26.06:306][  0]LogSlate: Using Freetype 2.6.0
[2017.04.27-08.26.06:540][  0]LogSlate: SlateFontCache - WITH_FREETYPE: 1, WITH_HARFBUZZ: 1
[2017.04.27-08.26.06:540][  0]LogSlate: SlateFontCache - WITH_FREETYPE: 1, WITH_HARFBUZZ: 1
[2017.04.27-08.26.15:146][  0]LogInit: Selected Device Profile: [Windows]
[2017.04.27-08.26.15:206][  0]LogContentStreaming: Texture pool size is 0.00 MB
[2017.04.27-08.26.15:939][  0]LogMeshUtilities: Using QuadricMeshReduction for automatic static mesh reduction
[2017.04.27-08.26.16:002][  0]LogSimplygon: Simplygon DLL not present - disabling.
[2017.04.27-08.26.16:060][  0]LogMeshUtilities: Using SimplygonSwarm for distributed automatic mesh merging
[2017.04.27-08.26.16:060][  0]LogMeshUtilities: No automatic skeletal mesh reduction module available
[2017.04.27-08.26.16:060][  0]LogMeshUtilities: No automatic mesh merging module available
[2017.04.27-08.26.21:278][  0]LogNetVersion: GetLocalNetworkVersion: CL: 3299760, ProjectName: lastbullet, ProjectVersion: , EngineNetworkVersion: 2, GameNetworkVersion: 0, NetworkChecksum: 1522868599
[2017.04.27-08.26.21:435][  0]LogAssetRegistry: FAssetRegistry took 0.0240 seconds to start up
[2017.04.27-08.26.21:678][  0]LogPackageLocalizationCache: Processed 3 localized package path(s) for 1 prioritized culture(s) in 0.169556 seconds
[2017.04.27-08.26.21:714][  0]LogUObjectArray: 32493 objects as part of root set at end of initial load.
[2017.04.27-08.26.21:714][  0]LogUObjectAllocator: 7077032 out of 0 bytes used by permanent object pool.
[2017.04.27-08.26.21:714][  0]LogUObjectArray: CloseDisregardForGC: 0/0 objects in disregard for GC pool
[2017.04.27-08.26.21:907][  0]LogInit: WinSock: version 1.1 (2.2), MaxSocks=32767, MaxUdp=65467
[2017.04.27-08.26.29:323][  0]LogTcpMessaging: Initializing TcpMessaging bridge
[2017.04.27-08.26.29:403][  0]LogUdpMessaging: Initializing bridge on interface 0.0.0.0:0 to multicast group 230.0.0.1:6666.
[2017.04.27-08.26.31:476][  0]LogMaterial: Uniform references updated for custom material expression Custom.
[2017.04.27-08.26.32:309][  0]SourceControl: Info Source control is disabled
[2017.04.27-08.26.32:312][  0]SourceControl: Info Source control is disabled
[2017.04.27-08.26.32:372][  0]SourceControl: Info Source control is disabled
[2017.04.27-08.26.32:445][  0]SourceControl: Info Source control is disabled
[2017.04.27-08.26.35:030][  0]LogEngine: Initializing Engine...
[2017.04.27-08.26.35:060][  0]LogHMD: Oculus plugin initialized. Version: 4.15.1-3348071+++UE4+Release-4.15, LibOVR: 1.14.0, SDK: 1.10.0, built Mar 15 2017, 16:59:09
[2017.04.27-08.26.36:404][  0]LogAIModule: Creating AISystem for world Untitled
[2017.04.27-08.26.36:597][  0]LogInit: XAudio2 using 'Altavoces (Realtek High Definition Audio)' : 2 channels at 48 kHz using 32 bits per sample (channel mask 0x3)
[2017.04.27-08.26.36:651][  0]LogInit: FAudioDevice initialized.
[2017.04.27-08.26.36:683][  0]LogDerivedDataCache: Saved boot cache 0.03s 61MB C:/Users/Toni/AppData/Local/UnrealEngine/4.15/DerivedDataCache/Boot.ddc.
[2017.04.27-08.26.36:709][  0]LogInit: Texture streaming: Enabled
[2017.04.27-08.26.36:883][  0]LogEngineSessionManager: EngineSessionManager initialized
[2017.04.27-08.26.37:143][  0]LogInit: Transaction tracking system initialized
[2017.04.27-08.26.37:852][  0]BlueprintLog: New page: Editor Load
[2017.04.27-08.26.39:506][  0]LocalizationService: Info Localization service is disabled
[2017.04.27-08.26.40:951][  0]LogConsoleResponse:Display: 
[2017.04.27-08.26.42:532][  0]LogFileCache: Scanning file cache for directory 'D:/LastBulletVR/LastBullet/Content/' took 0.06s
[2017.04.27-08.26.42:532][  0]LogCook:Display: Max memory allowance for cook 16384mb min free memory 0mb
[2017.04.27-08.26.42:532][  0]LogCook:Display: Mobile HDR setting 1
[2017.04.27-08.26.44:529][  0]SourceControl: Info Source control is disabled
[2017.04.27-08.26.44:583][  0]Cmd: MAP LOAD FILE="../../../../../../LastBulletVR/LastBullet/Content/StarterContent/Maps/Minimal_Default.umap" TEMPLATE=0 SHOWPROGRESS=1 FEATURELEVEL=3
[2017.04.27-08.26.44:665][  0]LightingResults: New page: Lighting Build
[2017.04.27-08.26.44:980][  0]MapCheck: New page: Map Check
[2017.04.27-08.26.44:980][  0]LightingResults: New page: Lighting Build
[2017.04.27-08.26.47:944][  0]LogBlueprint:Warning: [Compiler FirstPersonCharacter] Warning InputAction Event references unknown Action 'ResetVR' for  InputAction ResetVR
[2017.04.27-08.26.47:949][  0]LogBlueprint:Warning: [Compiler FirstPersonCharacter] Warning [0067.13] Compile of FirstPersonCharacter successful, but with 1 Warning(s) [in 25 ms] (/Game/FirstPersonBP/Blueprints/FirstPersonCharacter.FirstPersonCharacter)
[2017.04.27-08.26.47:950][  0]LogBlueprint:Warning: [Compiler FirstPersonCharacter] Warning [0067.13] Compile of FirstPersonCharacter successful, but with 2 Warning(s) [in 0 ms] (/Game/FirstPersonBP/Blueprints/FirstPersonCharacter.FirstPersonCharacter)
[2017.04.27-08.26.47:950][  0]LogBlueprint:Warning: [Compiler FirstPersonCharacter] Warning [0067.13] Compile of FirstPersonCharacter successful, but with 3 Warning(s) [in 0 ms] (/Game/FirstPersonBP/Blueprints/FirstPersonCharacter.FirstPersonCharacter)
[2017.04.27-08.26.47:983][  0]LogBlueprint:Warning: [Compiler FirstPersonCharacter] Warning InputAction Event references unknown Action 'ResetVR' for  InputAction ResetVR
[2017.04.27-08.26.47:989][  0]LogBlueprint:Warning: [Compiler FirstPersonCharacter] Warning [0067.16] Compile of FirstPersonCharacter successful, but with 1 Warning(s) [in 9 ms] (/Game/FirstPersonBP/Blueprints/FirstPersonCharacter.FirstPersonCharacter)
[2017.04.27-08.26.47:989][  0]LogBlueprint:Warning: [Compiler FirstPersonCharacter] Warning [0067.16] Compile of FirstPersonCharacter successful, but with 2 Warning(s) [in 0 ms] (/Game/FirstPersonBP/Blueprints/FirstPersonCharacter.FirstPersonCharacter)
[2017.04.27-08.26.47:989][  0]LogBlueprint:Warning: [Compiler FirstPersonCharacter] Warning [0067.17] Compile of FirstPersonCharacter successful, but with 3 Warning(s) [in 0 ms] (/Game/FirstPersonBP/Blueprints/FirstPersonCharacter.FirstPersonCharacter)
[2017.04.27-08.26.48:315][  0]LogLinker:Warning: Asset '../../../../../../LastBulletVR/LastBullet/Content/Blueprints/modul_transporttransport_16_Blueprint.uasset' has been saved with empty engine version. The asset will be loaded but may be incompatible.
[2017.04.27-08.26.48:704][  0]LogBlueprint:Warning: Node '/Game/Blueprints/modul_transporttransport_16_Blueprint.modul_transporttransport_16_Blueprint:EdGraph_0.K2Node_FunctionEntry_359' missing NodeGuid because of upgrade from old package version, this can cause deterministic cooking issues please resave package.
[2017.04.27-08.26.48:705][  0]LogBlueprint:Warning: Node '/Game/Blueprints/modul_transporttransport_16_Blueprint.modul_transporttransport_16_Blueprint:EdGraph_1.K2Node_FunctionEntry_359' missing NodeGuid because of upgrade from old package version, this can cause deterministic cooking issues please resave package.
[2017.04.27-08.26.48:707][  0]LogBlueprint:Warning: Node '/Game/Blueprints/modul_transporttransport_16_Blueprint.modul_transporttransport_16_Blueprint:EdGraph_2.K2Node_FunctionEntry_359' missing NodeGuid because of upgrade from old package version, this can cause deterministic cooking issues please resave package.
[2017.04.27-08.26.50:830][  0]LogLinker:Warning: Asset '../../../../../../LastBulletVR/LastBullet/Content/Meshes/Space/StarMap_Nebula_1_Mat.uasset' has been saved with empty engine version. The asset will be loaded but may be incompatible.
[2017.04.27-08.26.50:850][  0]LogLinker:Warning: Asset '../../../../../../LastBulletVR/LastBullet/Content/Meshes/Space/StarMap_Nebula_1.uasset' has been saved with empty engine version. The asset will be loaded but may be incompatible.
[2017.04.27-08.26.50:922][  0]LogLinker:Warning: Asset '../../../../../../LastBulletVR/LastBullet/Content/Meshes/Space/FX_Map_7.uasset' has been saved with empty engine version. The asset will be loaded but may be incompatible.
[2017.04.27-08.26.50:942][  0]LogLinker:Warning: Asset '../../../../../../LastBulletVR/LastBullet/Content/Meshes/Space/StarMap_1.uasset' has been saved with empty engine version. The asset will be loaded but may be incompatible.
[2017.04.27-08.26.54:271][  0]LogBlueprint:Warning: Node '/Game/Blueprints/modul_transporttransport_16_Blueprint.modul_transporttransport_16_Blueprint:UserConstructionScript.K2Node_FunctionEntry_359' missing NodeGuid because of upgrade from old package version, this can cause deterministic cooking issues please resave package.
[2017.04.27-08.26.56:855][  0]LogAIModule: Creating AISystem for world Minimal_Default
[2017.04.27-08.26.57:681][  0]LogEditorServer: Finished looking for orphan Actors (0.000 secs)
[2017.04.27-08.26.57:761][  0]Cmd: MAP CHECKDEP NOCLEARLOG
[2017.04.27-08.26.57:862][  0]MapCheck: Info Map check complete: 0 Error(s), 0 Warning(s), took 101.407ms to complete.
[2017.04.27-08.26.57:862][  0]LogFileHelpers: Loading map 'Minimal_Default' took 13.303
[2017.04.27-08.26.59:685][  0]LogCollectionManager: Loaded 0 collections in 0.009893 seconds
[2017.04.27-08.26.59:823][  0]LogFileCache: Scanning file cache for directory 'D:/LastBulletVR/LastBullet/Saved/Collections/' took 0.01s
[2017.04.27-08.26.59:823][  0]LogFileCache: Scanning file cache for directory 'D:/LastBulletVR/LastBullet/Content/Developers/Toni/Collections/' took 0.01s
[2017.04.27-08.26.59:823][  0]LogFileCache: Scanning file cache for directory 'D:/LastBulletVR/LastBullet/Content/Collections/' took 0.01s
[2017.04.27-08.26.59:823][  0]LogCollectionManager: Rebuilt the GUID cache for 0 collections in 0.000009 seconds
[2017.04.27-08.26.59:834][  0]LogContentBrowser: Native class hierarchy populated in 0.0086 seconds. Added 2245 classes and 453 folders.
[2017.04.27-08.26.59:918][  0]LogStats: UGameplayTagsManager::ConstructGameplayTagTree: Construct from data asset -  0.000 s
[2017.04.27-08.26.59:919][  0]LogStats: UGameplayTagsManager::ConstructGameplayTagTree: GameplayTagTreeChangedEvent.Broadcast -  0.000 s
[2017.04.27-08.26.59:997][  0]LogContentBrowser: Native class hierarchy updated for 'WidgetCarousel' in 0.0005 seconds. Added 0 classes and 0 folders.
[2017.04.27-08.27.00:899][  0]LogContentBrowser: Native class hierarchy updated for 'AddContentDialog' in 0.0005 seconds. Added 0 classes and 0 folders.
[2017.04.27-08.27.00:996][  0]LogContentBrowser: Native class hierarchy updated for 'SceneOutliner' in 0.0005 seconds. Added 1 classes and 2 folders.
[2017.04.27-08.27.01:410][  0]LogCrashTracker: Crashtracker disabled due to settings.
[2017.04.27-08.27.01:574][  0]LogUObjectGlobals:Warning: Failed to find object 'Class None.'
[2017.04.27-08.27.01:755][  0]LogContentBrowser: Native class hierarchy updated for 'HierarchicalLODOutliner' in 0.0005 seconds. Added 1 classes and 2 folders.
[2017.04.27-08.27.01:755][  0]LogLoad: (Engine Initialization) Total time: 80.93 seconds
[2017.04.27-08.27.01:755][  0]LogLoad: (Engine Initialization) Total Blueprint compile time: 0.92 seconds
[2017.04.27-08.27.01:755][  0]LogExternalProfiler: Found external profiler: VSPerf
[2017.04.27-08.27.01:755][  0]LogExternalProfiler: Using external profiler: VSPerf
[2017.04.27-08.27.02:190][  0]LogOcInput: OculusInput pre-init called
[2017.04.27-08.27.02:228][  0]LogOcInput: OculusInput is initialized. Init status 0. Runtime version: 1.14.0
[2017.04.27-08.27.03:515][  0]LogContentStreaming: Texture pool size now 1000 MB
[2017.04.27-08.27.03:676][  0]LogSlate: Took 0.013239 seconds to synchronously load lazily loaded font '../../../Engine/Content/Slate/Fonts/Roboto-Regular.ttf' (155K)
[2017.04.27-08.27.03:695][  0]LogSlate: Took 0.004156 seconds to synchronously load lazily loaded font '../../../Engine/Content/Slate/Fonts/Roboto-Bold.ttf' (160K)
[2017.04.27-08.27.03:770][  0]LogSlate: Took 0.013076 seconds to synchronously load lazily loaded font '../../../Engine/Content/Editor/Slate/Fonts/FontAwesome.ttf' (139K)
[2017.04.27-08.27.04:866][  0]LogRenderer: Reallocating scene render targets to support 1208x660 NumSamples 1 (Frame:2).
[2017.04.27-08.27.04:866][  0]LogSlate: Took 0.031988 seconds to synchronously load lazily loaded font '../../../Engine/Content/Slate/Fonts/Roboto-Light.ttf' (159K)
[2017.04.27-08.27.05:498][  1]LogFileCache: Retrieving MD5 hashes for directory 'D:/LastBulletVR/LastBullet/Content/' took 3.14s
[2017.04.27-08.27.06:870][  5]LogAssetRegistry: Asset discovery search completed in 45.4577 seconds
[2017.04.27-08.27.06:883][  5]LogCollectionManager: Rebuilt the object cache for 0 collections in 0.012246 seconds (found 0 objects)
[2017.04.27-08.27.06:883][  5]LogCollectionManager: Fixed up redirectors for 0 collections in 0.012767 seconds (updated 0 objects)
[2017.04.27-08.27.44:748][943]LogSlate: Took 0.000186 seconds to synchronously load lazily loaded font '../../../Engine/Content/Slate/Fonts/Roboto-Light.ttf' (159K)
[2017.04.27-08.27.49:411][389]LogSlate:Warning: Prevented a slow task dialog from being summoned while a context menu was open
[2017.04.27-08.27.50:661][389]LogContentBrowser: Native class hierarchy updated for 'BlueprintGraph' in 0.0010 seconds. Added 112 classes and 0 folders.
[2017.04.27-08.27.51:867][389]LogMaterial: Missing cached shader map for material GridMaterial, compiling. 
[2017.04.27-08.27.51:918][389]LogTemp:Display: Added material ShaderMap 0x000001C2285DAE80 with Material 0x000001C2285D0D00 to ShaderMapsBeingCompiled
[2017.04.27-08.27.51:978][389]LogTemp:Display: Kicking off shader compilation for GridMaterial, GameThreadShaderMap 0x000001C2285DAE80
[2017.04.27-08.27.52:119][389]LogMaterial: Missing cached shader map for material PersonaFloorMat, compiling. 
[2017.04.27-08.27.52:120][389]LogTemp:Display: Added material ShaderMap 0x000001C229236B00 with Material 0x000001C229246200 to ShaderMapsBeingCompiled
[2017.04.27-08.27.52:138][389]LogTemp:Display: Kicking off shader compilation for PersonaFloorMat, GameThreadShaderMap 0x000001C229236B00
[2017.04.27-08.27.52:890][389]LogSlate: Took 0.016688 seconds to synchronously load lazily loaded font '../../../Engine/Content/Editor/Slate/Fonts/Roboto-BoldCondensed.ttf' (158K)
[2017.04.27-08.27.53:797][390]LogSlate: Took 0.014987 seconds to synchronously load lazily loaded font '../../../Engine/Content/Editor/Slate/Fonts/Roboto-Italic.ttf' (157K)
[2017.04.27-08.27.56:457][398]LogTemp:Display: Finished compile of shader map 0x000001C2285DAE80
[2017.04.27-08.27.56:457][398]LogTemp:Display: Shader map GridMaterial complete, GameThreadShaderMap 0x000001C2285DAE80, marking material GridMaterial as finished
[2017.04.27-08.27.56:457][398]LogTemp:Display: Marking material as finished 0x000001C2285D0D00
[2017.04.27-08.27.57:783][402]LogTemp:Display: Finished compile of shader map 0x000001C229236B00
[2017.04.27-08.27.57:783][402]LogTemp:Display: Shader map PersonaFloorMat complete, GameThreadShaderMap 0x000001C229236B00, marking material PersonaFloorMat as finished
[2017.04.27-08.27.57:783][402]LogTemp:Display: Marking material as finished 0x000001C229246200
[2017.04.27-08.30.02:287][ 34]LogTemp: Repeting last play command: Selected Viewport
[2017.04.27-08.30.02:329][ 34]LogBlueprintUserMessages: Early PlayInEditor Detection: Level '/Game/StarterContent/Maps/Minimal_Default.Minimal_Default:PersistentLevel' has LevelScriptBlueprint '/Game/StarterContent/Maps/Minimal_Default.Minimal_Default:PersistentLevel.Minimal_Default' with GeneratedClass '/Game/StarterContent/Maps/Minimal_Default.Minimal_Default_C' with ClassGeneratedBy '/Game/StarterContent/Maps/Minimal_Default.Minimal_Default:PersistentLevel.Minimal_Default'
[2017.04.27-08.30.02:339][ 34]LogPlayLevel: PlayLevel: No blueprints needed recompiling
[2017.04.27-08.30.02:408][ 34]PIE: New page: PIE session: Minimal_Default (Apr 27, 2017, 12:30:02 PM)
[2017.04.27-08.30.02:426][ 34]LogPlayLevel: Creating play world package: /Game/StarterContent/Maps/UEDPIE_0_Minimal_Default
[2017.04.27-08.30.02:522][ 34]LogPlayLevel: PIE: StaticDuplicateObject took: (0.095901s)
[2017.04.27-08.30.02:523][ 34]LogAIModule: Creating AISystem for world Minimal_Default
[2017.04.27-08.30.02:523][ 34]LogPlayLevel: PIE: World Init took: (0.000523s)
[2017.04.27-08.30.02:531][ 34]LogPlayLevel: PIE: Created PIE world by copying editor world from /Game/StarterContent/Maps/Minimal_Default.Minimal_Default to /Game/StarterContent/Maps/UEDPIE_0_Minimal_Default.Minimal_Default (0.107037s)
[2017.04.27-08.30.02:641][ 34]LogInit: XAudio2 using 'Altavoces (Realtek High Definition Audio)' : 2 channels at 48 kHz using 32 bits per sample (channel mask 0x3)
[2017.04.27-08.30.02:657][ 34]LogInit: FAudioDevice initialized.
[2017.04.27-08.30.02:828][ 34]LogLoad: Game class is 'FirstPersonGameMode_C'
[2017.04.27-08.30.02:925][ 34]LogWorld: Bringing World /Game/StarterContent/Maps/UEDPIE_0_Minimal_Default.Minimal_Default up for play (max tick rate 0) at 2017.04.27-10.30.02
[2017.04.27-08.30.03:057][ 34]LogWorld: Bringing up level for play took: 0.135372
[2017.04.27-08.30.03:229][ 34]LogContentBrowser: Native class hierarchy updated for 'MovieSceneCapture' in 0.0005 seconds. Added 11 classes and 0 folders.
[2017.04.27-08.30.03:283][ 34]PIE: Info Play in editor start time for /Game/StarterContent/Maps/UEDPIE_0_Minimal_Default 1.93
[2017.04.27-08.30.03:284][ 34]LogBlueprintUserMessages: Late PlayInEditor Detection: Level '/Game/StarterContent/Maps/Minimal_Default.Minimal_Default:PersistentLevel' has LevelScriptBlueprint '/Game/StarterContent/Maps/Minimal_Default.Minimal_Default:PersistentLevel.Minimal_Default' with GeneratedClass '/Game/StarterContent/Maps/Minimal_Default.Minimal_Default_C' with ClassGeneratedBy '/Game/StarterContent/Maps/Minimal_Default.Minimal_Default:PersistentLevel.Minimal_Default'
[2017.04.27-08.30.06:170][295]LogBlueprintUserMessages: Early EndPlayMap Detection: Level '/Game/StarterContent/Maps/Minimal_Default.Minimal_Default:PersistentLevel' has LevelScriptBlueprint '/Game/StarterContent/Maps/Minimal_Default.Minimal_Default:PersistentLevel.Minimal_Default' with GeneratedClass '/Game/StarterContent/Maps/Minimal_Default.Minimal_Default_C' with ClassGeneratedBy '/Game/StarterContent/Maps/Minimal_Default.Minimal_Default:PersistentLevel.Minimal_Default'
[2017.04.27-08.30.06:338][295]LogBlueprintUserMessages: Late EndPlayMap Detection: Level '/Game/StarterContent/Maps/Minimal_Default.Minimal_Default:PersistentLevel' has LevelScriptBlueprint '/Game/StarterContent/Maps/Minimal_Default.Minimal_Default:PersistentLevel.Minimal_Default' with GeneratedClass '/Game/StarterContent/Maps/Minimal_Default.Minimal_Default_C' with ClassGeneratedBy '/Game/StarterContent/Maps/Minimal_Default.Minimal_Default:PersistentLevel.Minimal_Default'
[2017.04.27-08.30.09:530][638]LogBlueprintUserMessages: Early PlayInEditor Detection: Level '/Game/StarterContent/Maps/Minimal_Default.Minimal_Default:PersistentLevel' has LevelScriptBlueprint '/Game/StarterContent/Maps/Minimal_Default.Minimal_Default:PersistentLevel.Minimal_Default' with GeneratedClass '/Game/StarterContent/Maps/Minimal_Default.Minimal_Default_C' with ClassGeneratedBy '/Game/StarterContent/Maps/Minimal_Default.Minimal_Default:PersistentLevel.Minimal_Default'
[2017.04.27-08.30.09:530][638]LogPlayLevel: PlayLevel: No blueprints needed recompiling
[2017.04.27-08.30.09:530][638]PIE: New page: PIE session: Minimal_Default (Apr 27, 2017, 12:30:09 PM)
[2017.04.27-08.30.09:530][638]LogPlayLevel: Creating play world package: /Game/StarterContent/Maps/UEDPIE_0_Minimal_Default
[2017.04.27-08.30.09:541][638]LogPlayLevel: PIE: StaticDuplicateObject took: (0.010712s)
[2017.04.27-08.30.09:541][638]LogAIModule: Creating AISystem for world Minimal_Default
[2017.04.27-08.30.09:541][638]LogPlayLevel: PIE: World Init took: (0.000533s)
[2017.04.27-08.30.09:542][638]LogPlayLevel: PIE: Created PIE world by copying editor world from /Game/StarterContent/Maps/Minimal_Default.Minimal_Default to /Game/StarterContent/Maps/UEDPIE_0_Minimal_Default.Minimal_Default (0.011458s)
[2017.04.27-08.30.09:558][638]LogInit: XAudio2 using 'Altavoces (Realtek High Definition Audio)' : 2 channels at 48 kHz using 32 bits per sample (channel mask 0x3)
[2017.04.27-08.30.09:571][638]LogInit: FAudioDevice initialized.
[2017.04.27-08.30.09:624][638]LogLoad: Game class is 'FirstPersonGameMode_C'
[2017.04.27-08.30.09:636][638]LogWorld: Bringing World /Game/StarterContent/Maps/UEDPIE_0_Minimal_Default.Minimal_Default up for play (max tick rate 0) at 2017.04.27-10.30.09
[2017.04.27-08.30.09:637][638]LogWorld: Bringing up level for play took: 0.004791
[2017.04.27-08.30.09:643][638]PIE: Info Play in editor start time for /Game/StarterContent/Maps/UEDPIE_0_Minimal_Default 0.29
[2017.04.27-08.30.09:644][638]LogBlueprintUserMessages: Late PlayInEditor Detection: Level '/Game/StarterContent/Maps/Minimal_Default.Minimal_Default:PersistentLevel' has LevelScriptBlueprint '/Game/StarterContent/Maps/Minimal_Default.Minimal_Default:PersistentLevel.Minimal_Default' with GeneratedClass '/Game/StarterContent/Maps/Minimal_Default.Minimal_Default_C' with ClassGeneratedBy '/Game/StarterContent/Maps/Minimal_Default.Minimal_Default:PersistentLevel.Minimal_Default'
[2017.04.27-08.30.09:689][638]LogRenderer: Reallocating scene render targets to support 1292x756 NumSamples 1 (Frame:1714).
[2017.04.27-08.33.33:338][425]LogBlueprintUserMessages: Early EndPlayMap Detection: Level '/Game/StarterContent/Maps/Minimal_Default.Minimal_Default:PersistentLevel' has LevelScriptBlueprint '/Game/StarterContent/Maps/Minimal_Default.Minimal_Default:PersistentLevel.Minimal_Default' with GeneratedClass '/Game/StarterContent/Maps/Minimal_Default.Minimal_Default_C' with ClassGeneratedBy '/Game/StarterContent/Maps/Minimal_Default.Minimal_Default:PersistentLevel.Minimal_Default'
[2017.04.27-08.33.33:422][425]LogBlueprintUserMessages: Late EndPlayMap Detection: Level '/Game/StarterContent/Maps/Minimal_Default.Minimal_Default:PersistentLevel' has LevelScriptBlueprint '/Game/StarterContent/Maps/Minimal_Default.Minimal_Default:PersistentLevel.Minimal_Default' with GeneratedClass '/Game/StarterContent/Maps/Minimal_Default.Minimal_Default_C' with ClassGeneratedBy '/Game/StarterContent/Maps/Minimal_Default.Minimal_Default:PersistentLevel.Minimal_Default'
[2017.04.27-08.33.38:158][790]LogTemp: Repeting last play command: VR Preview
[2017.04.27-08.33.38:171][790]LogBlueprintUserMessages: Early PlayInEditor Detection: Level '/Game/StarterContent/Maps/Minimal_Default.Minimal_Default:PersistentLevel' has LevelScriptBlueprint '/Game/StarterContent/Maps/Minimal_Default.Minimal_Default:PersistentLevel.Minimal_Default' with GeneratedClass '/Game/StarterContent/Maps/Minimal_Default.Minimal_Default_C' with ClassGeneratedBy '/Game/StarterContent/Maps/Minimal_Default.Minimal_Default:PersistentLevel.Minimal_Default'
[2017.04.27-08.33.38:171][790]LogPlayLevel: PlayLevel: No blueprints needed recompiling
[2017.04.27-08.33.38:171][790]PIE: New page: PIE session: Minimal_Default (Apr 27, 2017, 12:33:38 PM)
[2017.04.27-08.33.38:171][790]LogPlayLevel: Creating play world package: /Game/StarterContent/Maps/UEDPIE_0_Minimal_Default
[2017.04.27-08.33.38:183][790]LogPlayLevel: PIE: StaticDuplicateObject took: (0.011600s)
[2017.04.27-08.33.38:183][790]LogAIModule: Creating AISystem for world Minimal_Default
[2017.04.27-08.33.38:183][790]LogPlayLevel: PIE: World Init took: (0.000521s)
[2017.04.27-08.33.38:183][790]LogPlayLevel: PIE: Created PIE world by copying editor world from /Game/StarterContent/Maps/Minimal_Default.Minimal_Default to /Game/StarterContent/Maps/UEDPIE_0_Minimal_Default.Minimal_Default (0.012351s)
[2017.04.27-08.33.38:201][790]LogInit: XAudio2 using 'BenQ GL2250H-4 (NVIDIA High Definition Audio)' : 2 channels at 48 kHz using 16 bits per sample (channel mask 0x3)
[2017.04.27-08.33.38:219][790]LogInit: FAudioDevice initialized.
[2017.04.27-08.33.38:267][790]LogLoad: Game class is 'FirstPersonGameMode_C'
[2017.04.27-08.33.38:277][790]LogWorld: Bringing World /Game/StarterContent/Maps/UEDPIE_0_Minimal_Default.Minimal_Default up for play (max tick rate 0) at 2017.04.27-10.33.38
[2017.04.27-08.33.38:278][790]LogWorld: Bringing up level for play took: 0.004954
[2017.04.27-08.33.38:285][790]PIE: Info Play in editor start time for /Game/StarterContent/Maps/UEDPIE_0_Minimal_Default 0.931
[2017.04.27-08.33.38:285][790]LogBlueprintUserMessages: Late PlayInEditor Detection: Level '/Game/StarterContent/Maps/Minimal_Default.Minimal_Default:PersistentLevel' has LevelScriptBlueprint '/Game/StarterContent/Maps/Minimal_Default.Minimal_Default:PersistentLevel.Minimal_Default' with GeneratedClass '/Game/StarterContent/Maps/Minimal_Default.Minimal_Default_C' with ClassGeneratedBy '/Game/StarterContent/Maps/Minimal_Default.Minimal_Default:PersistentLevel.Minimal_Default'
[2017.04.27-08.33.40:284][967]LogBlueprintUserMessages: Early EndPlayMap Detection: Level '/Game/StarterContent/Maps/Minimal_Default.Minimal_Default:PersistentLevel' has LevelScriptBlueprint '/Game/StarterContent/Maps/Minimal_Default.Minimal_Default:PersistentLevel.Minimal_Default' with GeneratedClass '/Game/StarterContent/Maps/Minimal_Default.Minimal_Default_C' with ClassGeneratedBy '/Game/StarterContent/Maps/Minimal_Default.Minimal_Default:PersistentLevel.Minimal_Default'
[2017.04.27-08.33.40:349][967]LogBlueprintUserMessages: Late EndPlayMap Detection: Level '/Game/StarterContent/Maps/Minimal_Default.Minimal_Default:PersistentLevel' has LevelScriptBlueprint '/Game/StarterContent/Maps/Minimal_Default.Minimal_Default:PersistentLevel.Minimal_Default' with GeneratedClass '/Game/StarterContent/Maps/Minimal_Default.Minimal_Default_C' with ClassGeneratedBy '/Game/StarterContent/Maps/Minimal_Default.Minimal_Default:PersistentLevel.Minimal_Default'
[2017.04.27-08.38.28:058][407]LogTemp: Repeting last play command: VR Preview
[2017.04.27-08.38.28:073][407]LogBlueprintUserMessages: Early PlayInEditor Detection: Level '/Game/StarterContent/Maps/Minimal_Default.Minimal_Default:PersistentLevel' has LevelScriptBlueprint '/Game/StarterContent/Maps/Minimal_Default.Minimal_Default:PersistentLevel.Minimal_Default' with GeneratedClass '/Game/StarterContent/Maps/Minimal_Default.Minimal_Default_C' with ClassGeneratedBy '/Game/StarterContent/Maps/Minimal_Default.Minimal_Default:PersistentLevel.Minimal_Default'
[2017.04.27-08.38.28:073][407]LogPlayLevel: PlayLevel: No blueprints needed recompiling
[2017.04.27-08.38.28:073][407]PIE: New page: PIE session: Minimal_Default (Apr 27, 2017, 12:38:28 PM)
[2017.04.27-08.38.28:073][407]LogPlayLevel: Creating play world package: /Game/StarterContent/Maps/UEDPIE_0_Minimal_Default
[2017.04.27-08.38.28:085][407]LogPlayLevel: PIE: StaticDuplicateObject took: (0.012082s)
[2017.04.27-08.38.28:085][407]LogAIModule: Creating AISystem for world Minimal_Default
[2017.04.27-08.38.28:086][407]LogPlayLevel: PIE: World Init took: (0.000675s)
[2017.04.27-08.38.28:086][407]LogPlayLevel: PIE: Created PIE world by copying editor world from /Game/StarterContent/Maps/Minimal_Default.Minimal_Default to /Game/StarterContent/Maps/UEDPIE_0_Minimal_Default.Minimal_Default (0.012973s)
[2017.04.27-08.38.28:105][407]LogInit: XAudio2 using 'BenQ GL2250H-4 (NVIDIA High Definition Audio)' : 2 channels at 48 kHz using 16 bits per sample (channel mask 0x3)
[2017.04.27-08.38.28:122][407]LogInit: FAudioDevice initialized.
[2017.04.27-08.38.28:169][407]LogLoad: Game class is 'FirstPersonGameMode_C'
[2017.04.27-08.38.28:179][407]LogWorld: Bringing World /Game/StarterContent/Maps/UEDPIE_0_Minimal_Default.Minimal_Default up for play (max tick rate 0) at 2017.04.27-10.38.28
[2017.04.27-08.38.28:180][407]LogWorld: Bringing up level for play took: 0.005156
[2017.04.27-08.38.28:187][407]PIE: Info Play in editor start time for /Game/StarterContent/Maps/UEDPIE_0_Minimal_Default 0.833
[2017.04.27-08.38.28:187][407]LogBlueprintUserMessages: Late PlayInEditor Detection: Level '/Game/StarterContent/Maps/Minimal_Default.Minimal_Default:PersistentLevel' has LevelScriptBlueprint '/Game/StarterContent/Maps/Minimal_Default.Minimal_Default:PersistentLevel.Minimal_Default' with GeneratedClass '/Game/StarterContent/Maps/Minimal_Default.Minimal_Default_C' with ClassGeneratedBy '/Game/StarterContent/Maps/Minimal_Default.Minimal_Default:PersistentLevel.Minimal_Default'
[2017.04.27-08.38.35:820][146]Cmd: Stereo On
[2017.04.27-08.38.42:099][760]Cmd: Stereo Off
[2017.04.27-08.39.10:373][603]Cmd: VREd.WorldMovementFogStartDistance
[2017.04.27-08.39.10:407][603]VREd.WorldMovementFogStartDistance = "300"      LastSetBy: Constructor
[2017.04.27-08.39.17:549][339]Cmd: stereo
[2017.04.27-08.39.19:551][546]Cmd: a
[2017.04.27-08.39.19:582][546]Command not recognized: a
[2017.04.27-08.39.45:217][  4]Cmd: Stereo Show
[2017.04.27-08.39.45:217][  4]stereo ipd=0.0640 hfov=90.000 vfov=90.000
 nearPlane=1.0000 farPlane=0.0000
[2017.04.27-08.40.03:436][159]Cmd: HMD 
[2017.04.27-08.40.03:449][159]Command not recognized: HMD 
[2017.04.27-08.40.06:710][490]Cmd: HMD
[2017.04.27-08.40.06:710][490]Command not recognized: HMD
[2017.04.27-08.40.08:988][721]Cmd: HMD
[2017.04.27-08.40.08:988][721]Command not recognized: HMD
[2017.04.27-08.40.12:294][ 51]Cmd: vr.HMD
[2017.04.27-08.40.12:294][ 51]Command not recognized: vr.HMD
[2017.04.27-09.03.13:616][311]LogWindowsTextInputMethodSystem:Display: IME system now deactivated.
[2017.04.27-09.03.13:957][311]LogBlueprintUserMessages: Early EndPlayMap Detection: Level '/Game/StarterContent/Maps/Minimal_Default.Minimal_Default:PersistentLevel' has LevelScriptBlueprint '/Game/StarterContent/Maps/Minimal_Default.Minimal_Default:PersistentLevel.Minimal_Default' with GeneratedClass '/Game/StarterContent/Maps/Minimal_Default.Minimal_Default_C' with ClassGeneratedBy '/Game/StarterContent/Maps/Minimal_Default.Minimal_Default:PersistentLevel.Minimal_Default'
[2017.04.27-09.03.14:003][311]LogBlueprintUserMessages: Late EndPlayMap Detection: Level '/Game/StarterContent/Maps/Minimal_Default.Minimal_Default:PersistentLevel' has LevelScriptBlueprint '/Game/StarterContent/Maps/Minimal_Default.Minimal_Default:PersistentLevel.Minimal_Default' with GeneratedClass '/Game/StarterContent/Maps/Minimal_Default.Minimal_Default_C' with ClassGeneratedBy '/Game/StarterContent/Maps/Minimal_Default.Minimal_Default:PersistentLevel.Minimal_Default'
[2017.04.27-09.03.14:082][312]Cmd: QUIT_EDITOR
[2017.04.27-09.03.14:620][312]LogExit: Preparing to exit.
[2017.04.27-09.03.15:667][312]LogDirectoryWatcher: A directory notification for 'D:/LastBulletVR/LastBullet/Content/' was aborted.
[2017.04.27-09.03.15:810][312]LogExit: Editor shut down
[2017.04.27-09.03.15:811][312]LogExit: Transaction tracking system shut down
[2017.04.27-09.03.16:786][312]LogObj: Freed 0b from 0 cluster array pools.
[2017.04.27-09.03.16:786][312]LogExit: Object subsystem successfully closed.
[2017.04.27-09.03.16:910][312]LogD3D11RHI: Shutdown
[2017.04.27-09.03.16:910][312]LogD3D11RHI: CleanupD3DDevice
[2017.04.27-09.03.17:685][312]LogD3D11RHI: ~FD3D11DynamicRHI
[2017.04.27-09.03.18:313][312]LogModuleManager: Shutting down and abandoning module MovieSceneCapture (504)
[2017.04.27-09.03.18:313][312]LogModuleManager: Shutting down and abandoning module BlueprintGraph (502)
[2017.04.27-09.03.18:313][312]LogModuleManager: Shutting down and abandoning module BlueprintProfiler (500)
[2017.04.27-09.03.18:332][312]LogModuleManager: Shutting down and abandoning module HierarchicalLODOutliner (498)
[2017.04.27-09.03.18:344][312]LogModuleManager: Shutting down and abandoning module CrashTracker (496)
[2017.04.27-09.03.18:344][312]LogModuleManager: Shutting down and abandoning module SceneOutliner (494)
[2017.04.27-09.03.18:344][312]LogModuleManager: Shutting down and abandoning module AddContentDialog (492)
[2017.04.27-09.03.18:355][312]LogDirectoryWatcher: A directory notification for 'D:/Program Files/Epic Games/UE_4.15/FeaturePacks/' was aborted.
[2017.04.27-09.03.18:357][312]LogModuleManager: Shutting down and abandoning module WidgetCarousel (491)
[2017.04.27-09.03.18:357][312]LogModuleManager: Shutting down and abandoning module EditorWidgets (488)
[2017.04.27-09.03.18:357][312]LogModuleManager: Shutting down and abandoning module CollectionManager (486)
[2017.04.27-09.03.18:366][312]LogDirectoryWatcher: A directory notification for 'D:/LastBulletVR/LastBullet/Content/Collections/' was aborted.
[2017.04.27-09.03.18:366][312]LogDirectoryWatcher: A directory notification for 'D:/LastBulletVR/LastBullet/Content/Developers/Toni/Collections/' was aborted.
[2017.04.27-09.03.18:366][312]LogDirectoryWatcher: A directory notification for 'D:/LastBulletVR/LastBullet/Saved/Collections/' was aborted.
[2017.04.27-09.03.18:366][312]LogModuleManager: Shutting down and abandoning module StatsViewer (484)
[2017.04.27-09.03.18:375][312]LogModuleManager: Shutting down and abandoning module FoliageEdit (482)
[2017.04.27-09.03.18:384][312]LogModuleManager: Shutting down and abandoning module LandscapeEditor (480)
[2017.04.27-09.03.18:395][312]LogModuleManager: Shutting down and abandoning module SceneDepthPickerMode (478)
[2017.04.27-09.03.18:395][312]LogModuleManager: Shutting down and abandoning module ActorPickerMode (476)
[2017.04.27-09.03.18:395][312]LogModuleManager: Shutting down and abandoning module GeometryMode (474)
[2017.04.27-09.03.18:395][312]LogModuleManager: Shutting down and abandoning module TextureAlignMode (472)
[2017.04.27-09.03.18:395][312]LogModuleManager: Shutting down and abandoning module BspMode (470)
[2017.04.27-09.03.18:404][312]LogModuleManager: Shutting down and abandoning module HardwareSurvey (468)
[2017.04.27-09.03.18:412][312]LogModuleManager: Shutting down and abandoning module SequenceRecorderSections (466)
[2017.04.27-09.03.18:417][312]LogModuleManager: Shutting down and abandoning module AutomationWorker (464)
[2017.04.27-09.03.18:423][312]LogModuleManager: Shutting down and abandoning module MatineeToLevelSequence (462)
[2017.04.27-09.03.18:428][312]LogModuleManager: Shutting down and abandoning module LevelSequenceEditor (460)
[2017.04.27-09.03.18:463][312]LogModuleManager: Shutting down and abandoning module PlacementMode (459)
[2017.04.27-09.03.18:463][312]LogModuleManager: Shutting down and abandoning module WmfMediaFactory (456)
[2017.04.27-09.03.18:463][312]LogModuleManager: Shutting down and abandoning module WmfMediaEditor (454)
[2017.04.27-09.03.18:463][312]LogModuleManager: Shutting down and abandoning module MfMediaFactory (452)
[2017.04.27-09.03.18:463][312]LogModuleManager: Shutting down and abandoning module MfMediaEditor (450)
[2017.04.27-09.03.18:463][312]LogModuleManager: Shutting down and abandoning module AvfMediaFactory (448)
[2017.04.27-09.03.18:463][312]LogModuleManager: Shutting down and abandoning module AvfMediaEditor (446)
[2017.04.27-09.03.18:463][312]LogModuleManager: Shutting down and abandoning module AndroidMediaFactory (444)
[2017.04.27-09.03.18:463][312]LogModuleManager: Shutting down and abandoning module Media (443)
[2017.04.27-09.03.18:463][312]LogModuleManager: Shutting down and abandoning module AndroidMediaEditor (440)
[2017.04.27-09.03.18:463][312]LogModuleManager: Shutting down and abandoning module CharacterAI (438)
[2017.04.27-09.03.18:463][312]LogModuleManager: Shutting down and abandoning module AudioCapture (436)
[2017.04.27-09.03.18:467][312]LogModuleManager: Shutting down and abandoning module SequenceRecorder (435)
[2017.04.27-09.03.18:499][312]LogModuleManager: Shutting down and abandoning module SmartSnapping (432)
[2017.04.27-09.03.18:499][312]LogModuleManager: Shutting down and abandoning module SessionServices (430)
[2017.04.27-09.03.18:499][312]LogModuleManager: Shutting down and abandoning module ViewportSnapping (428)
[2017.04.27-09.03.18:499][312]LogModuleManager: Shutting down and abandoning module ViewportInteraction (426)
[2017.04.27-09.03.18:499][312]LogModuleManager: Shutting down and abandoning module LogVisualizer (424)
[2017.04.27-09.03.18:510][312]LogModuleManager: Shutting down and abandoning module IntroTutorials (422)
[2017.04.27-09.03.18:515][312]LogModuleManager: Shutting down and abandoning module GameProjectGeneration (421)
[2017.04.27-09.03.18:531][312]LogModuleManager: Shutting down and abandoning module EditorLiveStreaming (418)
[2017.04.27-09.03.18:531][312]LogModuleManager: Shutting down and abandoning module IOSPlatformEditor (416)
[2017.04.27-09.03.18:531][312]LogModuleManager: Shutting down and abandoning module HTML5PlatformEditor (414)
[2017.04.27-09.03.18:531][312]LogModuleManager: Shutting down and abandoning module AndroidPlatformEditor (412)
[2017.04.27-09.03.18:535][312]LogModuleManager: Shutting down and abandoning module AndroidDeviceDetection (411)
[2017.04.27-09.03.19:369][312]LogModuleManager: Shutting down and abandoning module IOSRuntimeSettings (408)
[2017.04.27-09.03.19:370][312]LogModuleManager: Shutting down and abandoning module AndroidRuntimeSettings (406)
[2017.04.27-09.03.19:370][312]LogModuleManager: Shutting down and abandoning module InputBindingEditor (404)
[2017.04.27-09.03.19:385][312]LogModuleManager: Shutting down and abandoning module NiagaraEditor (402)
[2017.04.27-09.03.19:411][312]LogModuleManager: Shutting down and abandoning module MergeActors (400)
[2017.04.27-09.03.19:434][312]LogModuleManager: Shutting down and abandoning module SizeMap (398)
[2017.04.27-09.03.19:444][312]LogModuleManager: Shutting down and abandoning module TreeMap (396)
[2017.04.27-09.03.19:456][312]LogModuleManager: Shutting down and abandoning module ReferenceViewer (394)
[2017.04.27-09.03.19:456][312]LogModuleManager: Shutting down and abandoning module LocalizationDashboard (392)
[2017.04.27-09.03.19:470][312]LogModuleManager: Shutting down and abandoning module LocalizationService (391)
[2017.04.27-09.03.19:485][312]LogModuleManager: Shutting down and abandoning module HardwareTargeting (388)
[2017.04.27-09.03.19:488][312]LogModuleManager: Shutting down and abandoning module DeviceProfileEditor (386)
[2017.04.27-09.03.19:495][312]LogModuleManager: Shutting down and abandoning module UndoHistory (384)
[2017.04.27-09.03.19:506][312]LogModuleManager: Shutting down and abandoning module UserFeedback (382)
[2017.04.27-09.03.19:506][312]LogModuleManager: Shutting down and abandoning module XmlParser (380)
[2017.04.27-09.03.19:511][312]LogModuleManager: Shutting down and abandoning module Blutility (378)
[2017.04.27-09.03.19:518][312]LogModuleManager: Shutting down and abandoning module ProjectSettingsViewer (376)
[2017.04.27-09.03.19:518][312]LogModuleManager: Shutting down and abandoning module ProjectTargetPlatformEditor (375)
[2017.04.27-09.03.19:518][312]LogModuleManager: Shutting down and abandoning module EditorSettingsViewer (372)
[2017.04.27-09.03.19:518][312]LogModuleManager: Shutting down and abandoning module SettingsEditor (370)
[2017.04.27-09.03.19:529][312]LogModuleManager: Shutting down and abandoning module ProjectLauncher (368)
[2017.04.27-09.03.19:545][312]LogModuleManager: Shutting down and abandoning module SessionFrontend (366)
[2017.04.27-09.03.19:550][312]LogModuleManager: Shutting down and abandoning module ProfilerClient (364)
[2017.04.27-09.03.19:563][312]LogModuleManager: Shutting down and abandoning module DeviceManager (362)
[2017.04.27-09.03.19:579][312]LogModuleManager: Shutting down and abandoning module TargetDeviceServices (361)
[2017.04.27-09.03.19:624][312]LogModuleManager: Shutting down and abandoning module AutomationController (358)
[2017.04.27-09.03.19:642][312]LogModuleManager: Shutting down and abandoning module AutomationWindow (356)
[2017.04.27-09.03.19:671][312]LogModuleManager: Shutting down and abandoning module Layers (354)
[2017.04.27-09.03.19:699][312]LogModuleManager: Shutting down and abandoning module ComponentVisualizers (352)
[2017.04.27-09.03.19:699][312]LogModuleManager: Shutting down and abandoning module DetailCustomizations (350)
[2017.04.27-09.03.19:718][312]LogModuleManager: Shutting down and abandoning module PackagesDialog (348)
[2017.04.27-09.03.19:730][312]LogModuleManager: Shutting down and abandoning module Persona (346)
[2017.04.27-09.03.19:751][312]LogModuleManager: Shutting down and abandoning module AnimGraph (345)
[2017.04.27-09.03.19:751][312]LogModuleManager: Shutting down and abandoning module Kismet (342)
[2017.04.27-09.03.19:768][312]LogModuleManager: Shutting down and abandoning module GraphEditor (340)
[2017.04.27-09.03.19:768][312]LogModuleManager: Shutting down and abandoning module ClassViewer (338)
[2017.04.27-09.03.19:775][312]LogModuleManager: Shutting down and abandoning module Toolbox (336)
[2017.04.27-09.03.19:784][312]LogModuleManager: Shutting down and abandoning module ModuleUI (334)
[2017.04.27-09.03.19:797][312]LogModuleManager: Shutting down and abandoning module MovieSceneTools (332)
[2017.04.27-09.03.19:808][312]LogModuleManager: Shutting down and abandoning module OutputLog (330)
[2017.04.27-09.03.19:819][312]LogModuleManager: Shutting down and abandoning module GammaUI (328)
[2017.04.27-09.03.19:830][312]LogModuleManager: Shutting down and abandoning module Documentation (326)
[2017.04.27-09.03.19:830][312]LogModuleManager: Shutting down and abandoning module Niagara (324)
[2017.04.27-09.03.19:830][312]LogModuleManager: Shutting down and abandoning module StreamingPauseRendering (322)
[2017.04.27-09.03.19:830][312]LogModuleManager: Shutting down and abandoning module AnalyticsET (320)
[2017.04.27-09.03.19:830][312]LogModuleManager: Shutting down and abandoning module PortalServices (318)
[2017.04.27-09.03.19:830][312]LogModuleManager: Shutting down and abandoning module PortalRpc (316)
[2017.04.27-09.03.19:830][312]LogModuleManager: Shutting down and abandoning module MessagingRpc (314)
[2017.04.27-09.03.19:830][312]LogModuleManager: Shutting down and abandoning module AIModule (312)
[2017.04.27-09.03.19:830][312]LogModuleManager: Shutting down and abandoning module GameplayDebugger (311)
[2017.04.27-09.03.19:837][312]LogModuleManager: Shutting down and abandoning module AITestSuite (309)
[2017.04.27-09.03.19:837][312]LogModuleManager: Shutting down and abandoning module ProfilerService (306)
[2017.04.27-09.03.20:089][312]LogModuleManager: Shutting down and abandoning module TaskGraph (304)
[2017.04.27-09.03.20:101][312]LogModuleManager: Shutting down and abandoning module SteamVRController (302)
[2017.04.27-09.03.20:101][312]LogModuleManager: Shutting down and abandoning module SteamVR (300)
[2017.04.27-09.03.20:110][312]LogModuleManager: Shutting down and abandoning module ProceduralMeshComponentEditor (298)
[2017.04.27-09.03.20:110][312]LogModuleManager: Shutting down and abandoning module ProceduralMeshComponent (296)
[2017.04.27-09.03.20:117][312]LogModuleManager: Shutting down and abandoning module OculusLibrary (294)
[2017.04.27-09.03.20:117][312]LogModuleManager: Shutting down and abandoning module OculusInput (292)
[2017.04.27-09.03.20:117][312]LogModuleManager: Shutting down and abandoning module MobilePatchingUtils (290)
[2017.04.27-09.03.20:117][312]LogModuleManager: Shutting down and abandoning module CustomMeshComponent (288)
[2017.04.27-09.03.20:117][312]LogModuleManager: Shutting down and abandoning module CableComponent (286)
[2017.04.27-09.03.20:127][312]LogModuleManager: Shutting down and abandoning module ArchVisCharacter (284)
[2017.04.27-09.03.20:127][312]LogModuleManager: Shutting down and abandoning module MediaPlayerEditor (280)
[2017.04.27-09.03.20:148][312]LogModuleManager: Shutting down and abandoning module HTML5Networking (278)
[2017.04.27-09.03.20:149][312]LogModuleManager: Shutting down and abandoning module AlembicImporter (276)
[2017.04.27-09.03.20:162][312]LogModuleManager: Shutting down and abandoning module AlembicLibrary (275)
[2017.04.27-09.03.20:162][312]LogModuleManager: Shutting down and abandoning module GeometryCache (274)
[2017.04.27-09.03.20:178][312]LogModuleManager: Shutting down and abandoning module GeometryCacheEd (273)
[2017.04.27-09.03.20:178][312]LogModuleManager: Shutting down and abandoning module SuperSearchEditor (268)
[2017.04.27-09.03.20:178][312]LogModuleManager: Shutting down and abandoning module SuperSearch (267)
[2017.04.27-09.03.20:178][312]LogModuleManager: Shutting down and abandoning module SpeedTreeImporter (264)
[2017.04.27-09.03.20:178][312]LogModuleManager: Shutting down and abandoning module PluginBrowser (262)
[2017.04.27-09.03.20:194][312]LogModuleManager: Shutting down and abandoning module MobileLauncherProfileWizard (260)
[2017.04.27-09.03.20:207][312]LogModuleManager: Shutting down and abandoning module EpicSurvey (258)
[2017.04.27-09.03.20:207][312]LogModuleManager: Shutting down and abandoning module VisualStudioSourceCodeAccess (256)
[2017.04.27-09.03.20:208][312]LogModuleManager: Shutting down and abandoning module DesktopPlatform (255)
[2017.04.27-09.03.20:208][312]LogModuleManager: Shutting down and abandoning module UObjectPlugin (252)
[2017.04.27-09.03.20:208][312]LogModuleManager: Shutting down and abandoning module SubversionSourceControl (250)
[2017.04.27-09.03.20:216][312]LogModuleManager: Shutting down and abandoning module PerforceSourceControl (248)
[2017.04.27-09.03.20:229][312]LogModuleManager: Shutting down and abandoning module GitSourceControl (246)
[2017.04.27-09.03.20:245][312]LogModuleManager: Shutting down and abandoning module SourceControl (245)
[2017.04.27-09.03.20:258][312]LogModuleManager: Shutting down and abandoning module LightPropagationVolumeEditor (242)
[2017.04.27-09.03.20:258][312]LogModuleManager: Shutting down and abandoning module PaperTiledImporter (240)
[2017.04.27-09.03.20:258][312]LogModuleManager: Shutting down and abandoning module PaperSpriteSheetImporter (238)
[2017.04.27-09.03.20:258][312]LogModuleManager: Shutting down and abandoning module Paper2DEditor (236)
[2017.04.27-09.03.20:273][312]LogModuleManager: Shutting down and abandoning module MeshPaint (235)
[2017.04.27-09.03.20:287][312]LogModuleManager: Shutting down and abandoning module LevelEditor (233)
[2017.04.27-09.03.20:297][312]LogModuleManager: Shutting down and abandoning module PixelInspectorModule (232)
[2017.04.27-09.03.20:338][312]LogModuleManager: Shutting down and abandoning module MainFrame (230)
[2017.04.27-09.03.20:338][312]LogModuleManager: Shutting down and abandoning module HotReload (229)
[2017.04.27-09.03.20:363][312]LogModuleManager: Shutting down and abandoning module ContentBrowser (225)
[2017.04.27-09.03.20:364][312]LogModuleManager: Shutting down and abandoning module PhysXVehiclesEditor (222)
[2017.04.27-09.03.20:376][312]LogModuleManager: Shutting down and abandoning module PhysXVehicles (220)
[2017.04.27-09.03.20:376][312]LogModuleManager: Shutting down and abandoning module LocationServicesBPLibrary (218)
[2017.04.27-09.03.20:376][312]LogModuleManager: Shutting down and abandoning module UdpMessaging (216)
[2017.04.27-09.03.20:477][312]LogModuleManager: Shutting down and abandoning module TcpMessaging (214)
[2017.04.27-09.03.20:599][312]LogModuleManager: Shutting down and abandoning module GameplayTagsEditor (212)
[2017.04.27-09.03.20:623][312]LogModuleManager: Shutting down and abandoning module FacialAnimationEditor (210)
[2017.04.27-09.03.20:639][312]LogModuleManager: Shutting down and abandoning module FacialAnimation (208)
[2017.04.27-09.03.20:639][312]LogModuleManager: Shutting down and abandoning module LightPropagationVolumeRuntime (206)
[2017.04.27-09.03.20:639][312]LogModuleManager: Shutting down and abandoning module Paper2D (204)
[2017.04.27-09.03.20:649][312]LogModuleManager: Shutting down and abandoning module WindowsMoviePlayer (202)
[2017.04.27-09.03.20:654][312]LogModuleManager: Shutting down and abandoning module WmfMedia (200)
[2017.04.27-09.03.20:659][312]LogModuleManager: Shutting down and abandoning module MfMedia (198)
[2017.04.27-09.03.20:659][312]LogModuleManager: Shutting down and abandoning module MediaAssets (196)
[2017.04.27-09.03.20:659][312]LogModuleManager: Shutting down and abandoning module GameLiveStreaming (194)
[2017.04.27-09.03.20:660][312]LogModuleManager: Shutting down and abandoning module VREditor (192)
[2017.04.27-09.03.20:660][312]LogModuleManager: Shutting down and abandoning module GameplayTasksEditor (190)
[2017.04.27-09.03.20:660][312]LogModuleManager: Shutting down and abandoning module BehaviorTreeEditor (188)
[2017.04.27-09.03.20:687][312]LogModuleManager: Shutting down and abandoning module FunctionalTesting (186)
[2017.04.27-09.03.20:687][312]LogModuleManager: Shutting down and abandoning module CollisionAnalyzer (184)
[2017.04.27-09.03.20:697][312]LogModuleManager: Shutting down and abandoning module UMG (182)
[2017.04.27-09.03.20:717][312]LogModuleManager: Shutting down and abandoning module UMGEditor (181)
[2017.04.27-09.03.20:749][312]LogModuleManager: Shutting down and abandoning module Sequencer (180)
[2017.04.27-09.03.20:773][312]LogModuleManager: Shutting down and abandoning module AssetTools (178)
[2017.04.27-09.03.20:809][312]LogModuleManager: Shutting down and abandoning module MessageLog (177)
[2017.04.27-09.03.20:810][312]LogModuleManager: Shutting down and abandoning module WorkspaceMenuStructure (176)
[2017.04.27-09.03.20:810][312]LogModuleManager: Shutting down and abandoning module SlateReflector (170)
[2017.04.27-09.03.20:825][312]LogModuleManager: Shutting down and abandoning module Slate (168)
[2017.04.27-09.03.20:825][312]LogModuleManager: Shutting down and abandoning module EditorStyle (166)
[2017.04.27-09.03.20:850][312]LogModuleManager: Shutting down and abandoning module SourceCodeAccess (164)
[2017.04.27-09.03.20:860][312]LogModuleManager: Shutting down and abandoning module HeadMountedDisplay (162)
[2017.04.27-09.03.20:860][312]LogModuleManager: Shutting down and abandoning module XAudio2 (160)
[2017.04.27-09.03.20:860][312]LogModuleManager: Shutting down and abandoning module Networking (158)
[2017.04.27-09.03.20:860][312]LogModuleManager: Shutting down and abandoning module Core (154)
[2017.04.27-09.03.20:860][312]LogModuleManager: Shutting down and abandoning module AssetRegistry (152)
[2017.04.27-09.03.21:074][312]LogDirectoryWatcher: A directory notification for '../../../Engine/Content/' was aborted.
[2017.04.27-09.03.21:074][312]LogDirectoryWatcher: A directory notification for '../../../../../../LastBulletVR/LastBullet/Content/' was aborted.
[2017.04.27-09.03.21:074][312]LogDirectoryWatcher: A directory notification for '../../../Engine/Plugins/2D/Paper2D/Content/' was aborted.
[2017.04.27-09.03.21:083][312]LogModuleManager: Shutting down and abandoning module DirectoryWatcher (151)
[2017.04.27-09.03.21:083][312]LogModuleManager: Shutting down and abandoning module KismetCompiler (148)
[2017.04.27-09.03.21:083][312]LogModuleManager: Shutting down and abandoning module PhysXFormats (146)
[2017.04.27-09.03.21:083][312]LogModuleManager: Shutting down and abandoning module MeshUtilities (144)
[2017.04.27-09.03.21:100][312]LogModuleManager: Shutting down and abandoning module SimplygonSwarm (143)
[2017.04.27-09.03.21:110][312]LogModuleManager: Shutting down and abandoning module SimplygonMeshReduction (141)
[2017.04.27-09.03.21:110][312]LogModuleManager: Shutting down and abandoning module QuadricMeshReduction (139)
[2017.04.27-09.03.21:112][312]LogModuleManager: Shutting down and abandoning module PropertyEditor (137)
[2017.04.27-09.03.21:112][312]LogModuleManager: Shutting down and abandoning module DerivedDataCache (134)
[2017.04.27-09.03.21:205][312]LogDerivedDataCache: Shutdown
[2017.04.27-09.03.21:205][312]LogModuleManager: Shutting down and abandoning module TargetPlatform (132)
[2017.04.27-09.03.21:205][312]LogModuleManager: Shutting down and abandoning module VulkanShaderFormat (131)
[2017.04.27-09.03.21:213][312]LogModuleManager: Shutting down and abandoning module ShaderFormatOpenGL (129)
[2017.04.27-09.03.21:223][312]LogModuleManager: Shutting down and abandoning module ShaderFormatD3D (127)
[2017.04.27-09.03.21:227][312]LogModuleManager: Shutting down and abandoning module MetalShaderFormat (125)
[2017.04.27-09.03.21:239][312]LogModuleManager: Shutting down and abandoning module TextureFormatUncompressed (123)
[2017.04.27-09.03.21:239][312]LogModuleManager: Shutting down and abandoning module TextureFormatPVR (121)
[2017.04.27-09.03.21:239][312]LogModuleManager: Shutting down and abandoning module TextureFormatDXT (119)
[2017.04.27-09.03.21:249][312]LogModuleManager: Shutting down and abandoning module TextureFormatIntelISPCTexComp (117)
[2017.04.27-09.03.21:250][312]LogModuleManager: Shutting down and abandoning module TextureFormatASTC (115)
[2017.04.27-09.03.21:250][312]LogModuleManager: Shutting down and abandoning module ImageWrapper (114)
[2017.04.27-09.03.21:250][312]LogModuleManager: Shutting down and abandoning module TextureFormatAndroid (111)
[2017.04.27-09.03.21:250][312]LogModuleManager: Shutting down and abandoning module AudioFormatOpus (109)
[2017.04.27-09.03.21:254][312]LogModuleManager: Shutting down and abandoning module AudioFormatOgg (107)
[2017.04.27-09.03.21:254][312]LogModuleManager: Shutting down and abandoning module AudioFormatADPCM (105)
[2017.04.27-09.03.21:254][312]LogModuleManager: Shutting down and abandoning module LinuxTargetPlatform (103)
[2017.04.27-09.03.21:254][312]LogModuleManager: Shutting down and abandoning module LinuxServerTargetPlatform (101)
[2017.04.27-09.03.21:254][312]LogModuleManager: Shutting down and abandoning module LinuxNoEditorTargetPlatform (99)
[2017.04.27-09.03.21:254][312]LogModuleManager: Shutting down and abandoning module LinuxClientTargetPlatform (97)
[2017.04.27-09.03.21:254][312]LogModuleManager: Shutting down and abandoning module TVOSTargetPlatform (95)
[2017.04.27-09.03.21:254][312]LogModuleManager: Shutting down and abandoning module Messaging (93)
[2017.04.27-09.03.21:254][312]LogModuleManager: Shutting down and abandoning module IOSTargetPlatform (91)
[2017.04.27-09.03.21:255][312]LogModuleManager: Shutting down and abandoning module HTML5TargetPlatform (89)
[2017.04.27-09.03.21:255][312]LogModuleManager: Shutting down and abandoning module Android_PVRTCTargetPlatform (87)
[2017.04.27-09.03.21:255][312]LogModuleManager: Shutting down and abandoning module Android_MultiTargetPlatform (85)
[2017.04.27-09.03.21:255][312]LogModuleManager: Shutting down and abandoning module Android_ETC2TargetPlatform (83)
[2017.04.27-09.03.21:255][312]LogModuleManager: Shutting down and abandoning module Android_ETC1TargetPlatform (81)
[2017.04.27-09.03.21:255][312]LogModuleManager: Shutting down and abandoning module Android_DXTTargetPlatform (79)
[2017.04.27-09.03.21:255][312]LogModuleManager: Shutting down and abandoning module Android_ATCTargetPlatform (77)
[2017.04.27-09.03.21:255][312]LogModuleManager: Shutting down and abandoning module Android_ASTCTargetPlatform (75)
[2017.04.27-09.03.21:255][312]LogModuleManager: Shutting down and abandoning module AndroidTargetPlatform (73)
[2017.04.27-09.03.21:255][312]LogModuleManager: Shutting down and abandoning module WindowsTargetPlatform (71)
[2017.04.27-09.03.21:255][312]LogModuleManager: Shutting down and abandoning module WindowsServerTargetPlatform (69)
[2017.04.27-09.03.21:255][312]LogModuleManager: Shutting down and abandoning module WindowsNoEditorTargetPlatform (67)
[2017.04.27-09.03.21:255][312]LogModuleManager: Shutting down and abandoning module WindowsClientTargetPlatform (65)
[2017.04.27-09.03.21:255][312]LogModuleManager: Shutting down and abandoning module MacTargetPlatform (63)
[2017.04.27-09.03.21:255][312]LogModuleManager: Shutting down and abandoning module MacServerTargetPlatform (61)
[2017.04.27-09.03.21:255][312]LogModuleManager: Shutting down and abandoning module MacNoEditorTargetPlatform (59)
[2017.04.27-09.03.21:255][312]LogModuleManager: Shutting down and abandoning module MacClientTargetPlatform (57)
[2017.04.27-09.03.21:255][312]LogModuleManager: Shutting down and abandoning module AllDesktopTargetPlatform (55)
[2017.04.27-09.03.21:255][312]LogModuleManager: Shutting down and abandoning module InputCore (52)
[2017.04.27-09.03.21:255][312]LogModuleManager: Shutting down and abandoning module Settings (50)
[2017.04.27-09.03.21:255][312]LogModuleManager: Shutting down and abandoning module OculusRift (48)
[2017.04.27-09.03.21:258][312]LogHMD: Oculus shutdown.
[2017.04.27-09.03.21:258][312]LogModuleManager: Shutting down and abandoning module GearVR (46)
[2017.04.27-09.03.21:259][312]LogModuleManager: Shutting down and abandoning module ExampleDeviceProfileSelector (44)
[2017.04.27-09.03.21:259][312]LogModuleManager: Shutting down and abandoning module OnlineBlueprintSupport (42)
[2017.04.27-09.03.21:259][312]LogModuleManager: Shutting down and abandoning module OnlineSubsystem (38)
[2017.04.27-09.03.21:259][312]LogOnline:Display: Unloading online subsystem: NULL
[2017.04.27-09.03.21:275][312]LogModuleManager: Shutting down and abandoning module XMPP (37)
[2017.04.27-09.03.21:289][312]LogModuleManager: Shutting down and abandoning module HTTP (35)
[2017.04.27-09.03.21:301][312]LogHttp:Display: Http module shutting down, but needs to wait on 2 outstanding Http requests:
[2017.04.27-09.03.21:301][312]LogHttp:Display: 	verb=[POST] url=[https://datarouter.ol.epicgames.com/datarouter/api/v1/public/data?SessionID=%7B29128A85-4AA8-541C-4FF2-90A7F7A8C191%7D&AppID=UEEditor.Rocket.Release&AppVersion=4.15.1-3348071%2B%2B%2BUE4%2BRelease-4.15&UserID=f39911084e6eee547528b980920f5896%7Cd1dffcc0c00b4945b72a2d714bf43321%7C26cf8f1e-746a-4f9a-9e59-db695ff3efd3&AppEnvironment=datacollector-binary&UploadType=eteventstream] status=Processing
[2017.04.27-09.03.21:301][312]LogHttp:Display: 	verb=[POST] url=[https://datarouter.ol.epicgames.com/datarouter/api/v1/public/data?SessionID=%7B29128A85-4AA8-541C-4FF2-90A7F7A8C191%7D&AppID=UEEditor.Rocket.Release&AppVersion=4.15.1-3348071%2B%2B%2BUE4%2BRelease-4.15&UserID=f39911084e6eee547528b980920f5896%7Cd1dffcc0c00b4945b72a2d714bf43321%7C26cf8f1e-746a-4f9a-9e59-db695ff3efd3&AppEnvironment=datacollector-binary&UploadType=eteventstream] status=Processing
[2017.04.27-09.03.21:315][312]LogModuleManager: Shutting down and abandoning module SSL (34)
[2017.04.27-09.03.21:321][312]LogModuleManager: Shutting down and abandoning module AudioEditor (30)
[2017.04.27-09.03.21:329][312]LogModuleManager: Shutting down and abandoning module TextureCompressor (28)
[2017.04.27-09.03.21:334][312]LogModuleManager: Shutting down and abandoning module ShaderCore (26)
[2017.04.27-09.03.21:334][312]LogModuleManager: Shutting down and abandoning module Landscape (24)
[2017.04.27-09.03.21:334][312]LogModuleManager: Shutting down and abandoning module SlateRHIRenderer (22)
[2017.04.27-09.03.21:352][312]LogModuleManager: Shutting down and abandoning module OpenGLDrv (20)
[2017.04.27-09.03.21:366][312]LogModuleManager: Shutting down and abandoning module D3D11RHI (18)
[2017.04.27-09.03.21:366][312]LogModuleManager: Shutting down and abandoning module AnimGraphRuntime (16)
[2017.04.27-09.03.21:383][312]LogModuleManager: Shutting down and abandoning module Renderer (14)
[2017.04.27-09.03.21:383][312]LogModuleManager: Shutting down and abandoning module Engine (12)
[2017.04.27-09.03.21:383][312]LogModuleManager: Shutting down and abandoning module CoreUObject (10)
[2017.04.27-09.03.21:383][312]LogModuleManager: Shutting down and abandoning module NetworkFile (8)
[2017.04.27-09.03.21:411][312]LogModuleManager: Shutting down and abandoning module StreamingFile (6)
[2017.04.27-09.03.21:419][312]LogModuleManager: Shutting down and abandoning module SandboxFile (4)
[2017.04.27-09.03.21:419][312]LogModuleManager: Shutting down and abandoning module PakFile (2)
[2017.04.27-09.03.21:449][312]LogExit: Exiting.
[2017.04.27-09.03.21:450][312]Log file closed, 04/27/17 11:03:21
