Log file open, 04/27/17 23:54:57
LogInit:Display: Running engine for game: LastBullet
LogPlatformFile: Not using cached read wrapper
LogInit:Display: RandInit(-360604464) SRandInit(-360604457).
LogTaskGraph: Started task graph with 5 named threads and 8 total threads with 1 sets of task threads.
LogStats: Stats thread started at 0.111196
LogInit: Using libcurl 7.47.1
LogInit:  - built for x86_64-pc-win32
LogInit:  - supports SSL with OpenSSL/1.0.2g
LogInit:  - supports HTTP deflate (compression) using libz 1.2.8
LogInit:  - other features:
LogInit:      CURL_VERSION_SSL
LogInit:      CURL_VERSION_LIBZ
LogInit:      CURL_VERSION_IPV6
LogInit:      CURL_VERSION_ASYNCHDNS
LogInit:      CURL_VERSION_LARGEFILE
LogInit:      CURL_VERSION_IDN
LogInit:  CurlRequestOptions (configurable via config and command line):
LogInit:  - bVerifyPeer = false  - Libcurl will NOT verify peer certificate
LogInit:  - bUseHttpProxy = false  - Libcurl will NOT use HTTP proxy
LogInit:  - bDontReuseConnections = false  - Libcurl will reuse connections
LogInit:  - CertBundlePath = nullptr  - Libcurl will use whatever was configured at build time.
LogInit: Build: ++UE4+Release-4.15-CL-3348071
LogInit: Engine Version: 4.15.1-3348071+++UE4+Release-4.15
LogInit: Compatible Engine Version: 4.15.0-3299760+++UE4+Release-4.15
LogInit: Net CL: 3299760
LogDevObjectVersion: Number of dev versions registered: 14
LogDevObjectVersion:   Dev-Blueprints (B0D832E4-1F89-4F0D-ACCF-7EB736FD4AA2): 8
LogDevObjectVersion:   Dev-Build (E1C64328-A22C-4D53-A36C-8E866417BD8C): 0
LogDevObjectVersion:   Dev-Core (375EC13C-06E4-48FB-B500-84F0262A717E): 2
LogDevObjectVersion:   Dev-Editor (E4B068ED-F494-42E9-A231-DA0B2E46BB41): 14
LogDevObjectVersion:   Dev-Framework (CFFC743F-43B0-4480-9391-14DF171D2073): 22
LogDevObjectVersion:   Dev-Mobile (B02B49B5-BB20-44E9-A304-32B752E40360): 0
LogDevObjectVersion:   Dev-Networking (A4E4105C-59A1-49B5-A7C5-40C4547EDFEE): 0
LogDevObjectVersion:   Dev-Online (39C831C9-5AE6-47DC-9A44-9C173E1C8E7C): 0
LogDevObjectVersion:   Dev-Physics (78F01B33-EBEA-4F98-B9B4-84EACCB95AA2): 0
LogDevObjectVersion:   Dev-Platform (6631380F-2D4D-43E0-8009-CF276956A95A): 0
LogDevObjectVersion:   Dev-Rendering (12F88B9F-8875-4AFC-A67C-D90C383ABD29): 12
LogDevObjectVersion:   Dev-Sequencer (7B5AE74C-D270-4C10-A958-57980B212A5A): 3
LogDevObjectVersion:   Dev-VR (D7296918-1DD6-4BDD-9DE2-64A83CC13884): 0
LogDevObjectVersion:   Dev-LoadTimes (C2A15278-BFE7-4AFE-6C17-90FF531DF755): 1
LogInit: Compiled (64-bit): Mar 15 2017 16:52:47
LogInit: Compiled with Visual C++: 19.00.23026.00
LogInit: Build Configuration: Development
LogInit: Branch Name: ++UE4+Release-4.15
LogInit: Command line:  
LogInit: Base directory: D:/EpicGames/UE_4.15/Engine/Binaries/Win64/
LogInit: Installed Engine Build: 1
LogInit: Presizing for max 8388607 objects, including 0 objects not considered by GC, pre-allocating 0 bytes for permanent pool.
LogInit: Object subsystem initialized
[2017.04.27-21.54.59:687][  0]LogInit: Selected Device Profile: [Windows]
[2017.04.27-21.54.59:687][  0]LogInit: Applying CVar settings loaded from the selected device profile: [Windows]
[2017.04.27-21.54.59:812][  0]LogInit: Computer: DESKTOP-1OLBMPA
[2017.04.27-21.54.59:812][  0]LogInit: User: julio
[2017.04.27-21.54.59:812][  0]LogInit: CPU Page size=65536, Cores=4
[2017.04.27-21.54.59:812][  0]LogInit: High frequency timer resolution =14.318180 MHz
[2017.04.27-21.54.59:821][  0]LogMemory: Memory total: Physical=8.0GB (8GB approx)
[2017.04.27-21.54.59:826][  0]LogMemory: Platform Memory Stats for Windows
[2017.04.27-21.54.59:826][  0]LogMemory: Process Physical Memory: 263.48 MB used, 263.48 MB peak
[2017.04.27-21.54.59:826][  0]LogMemory: Process Virtual Memory: 262.68 MB used, 262.68 MB peak
[2017.04.27-21.54.59:826][  0]LogMemory: Physical Memory: 5078.58 MB used,  3070.15 MB free, 8148.73 MB total
[2017.04.27-21.54.59:826][  0]LogMemory: Virtual Memory: 645.23 MB used,  3070.15 MB free, 134217728.00 MB total
[2017.04.27-21.55.00:354][  0]LogInit: Overriding culture en with editor configuration.
[2017.04.27-21.55.04:716][  0]LogD3D11RHI: D3D11 adapters:
[2017.04.27-21.55.04:738][  0]LogD3D11RHI:    0. 'AMD Radeon R9 200 Series' (Feature Level 11_0)
[2017.04.27-21.55.04:738][  0]LogD3D11RHI:       3053/0/4074 MB DedicatedVideo/DedicatedSystem/SharedSystem, Outputs:1, VendorId:0x1002
[2017.04.27-21.55.04:741][  0]LogD3D11RHI:    1. 'Microsoft Basic Render Driver' (Feature Level 11_0)
[2017.04.27-21.55.04:741][  0]LogD3D11RHI:       0/0/4074 MB DedicatedVideo/DedicatedSystem/SharedSystem, Outputs:0, VendorId:0x1414
[2017.04.27-21.55.04:741][  0]LogD3D11RHI: Chosen D3D11 Adapter: 0
[2017.04.27-21.55.04:749][  0]LogD3D11RHI: Creating new Direct3DDevice
[2017.04.27-21.55.04:749][  0]LogD3D11RHI:     GPU DeviceId: 0x679a (for the marketing name, search the web for "GPU Device Id")
[2017.04.27-21.55.04:749][  0]LogWindows: EnumDisplayDevices:
[2017.04.27-21.55.04:750][  0]LogWindows:    0. 'AMD Radeon R9 200 Series' (P:1 D:1)
[2017.04.27-21.55.04:750][  0]LogWindows:    1. 'AMD Radeon R9 200 Series' (P:0 D:0)
[2017.04.27-21.55.04:750][  0]LogWindows:    2. 'AMD Radeon R9 200 Series' (P:0 D:0)
[2017.04.27-21.55.04:751][  0]LogWindows:    3. 'AMD Radeon R9 200 Series' (P:0 D:0)
[2017.04.27-21.55.04:751][  0]LogWindows:    4. 'AMD Radeon R9 200 Series' (P:0 D:0)
[2017.04.27-21.55.04:752][  0]LogWindows:    5. 'AMD Radeon R9 200 Series' (P:0 D:0)
[2017.04.27-21.55.04:752][  0]LogWindows: DebugString: FoundDriverCount:6 
[2017.04.27-21.55.04:752][  0]LogD3D11RHI:     Adapter Name: AMD Radeon R9 200 Series
[2017.04.27-21.55.04:752][  0]LogD3D11RHI:   Driver Version: Crimson 16.6 (internal:21.19.137.514, unified:21.19.137.514)
[2017.04.27-21.55.04:752][  0]LogD3D11RHI:      Driver Date: 11-21-2016
[2017.04.27-21.55.04:752][  0]LogRHI: Texture pool is 1361 MB (70% of 1945 MB)
[2017.04.27-21.55.04:821][  0]LogD3D11RHI: Async texture creation enabled
[2017.04.27-21.55.05:081][  0]LogD3D11RHI: GPU Timing Frequency: 27.000000 (Debug: 2 1)
[2017.04.27-21.55.05:150][  0]LogShaderCompilers: Guid format shader working directory is -13 characters bigger than the processId version (../../../../../4ºcurso/Repositorios/LastBulletVR/LastBullet/Intermediate/Shaders/WorkingDirectory/4924/).
[2017.04.27-21.55.05:156][  0]LogShaderCompilers: Cleaned the shader compiler working directory 'C:/Users/julio/AppData/Local/Temp/UnrealShaderWorkingDir/E9793EC94625E2564DEEBB87B93A4712/'.
[2017.04.27-21.55.05:156][  0]LogShaderCompilers:Display: Using Local Shader Compiler.
[2017.04.27-21.55.09:077][  0]LogTemp:Display: Loaded TP AllDesktopTargetPlatform
[2017.04.27-21.55.09:152][  0]LogTemp:Display: Loaded TP MacClientTargetPlatform
[2017.04.27-21.55.09:229][  0]LogTemp:Display: Loaded TP MacNoEditorTargetPlatform
[2017.04.27-21.55.09:306][  0]LogTemp:Display: Loaded TP MacServerTargetPlatform
[2017.04.27-21.55.09:427][  0]LogTemp:Display: Loaded TP MacTargetPlatform
[2017.04.27-21.55.09:507][  0]LogTemp:Display: Loaded TP WindowsClientTargetPlatform
[2017.04.27-21.55.09:582][  0]LogTemp:Display: Loaded TP WindowsNoEditorTargetPlatform
[2017.04.27-21.55.09:655][  0]LogTemp:Display: Loaded TP WindowsServerTargetPlatform
[2017.04.27-21.55.09:716][  0]LogTemp:Display: Loaded TP WindowsTargetPlatform
[2017.04.27-21.55.09:804][  0]LogTemp:Display: Loaded TP AndroidTargetPlatform
[2017.04.27-21.55.09:876][  0]LogTemp:Display: Loaded TP Android_ASTCTargetPlatform
[2017.04.27-21.55.09:965][  0]LogTemp:Display: Loaded TP Android_ATCTargetPlatform
[2017.04.27-21.55.10:045][  0]LogTemp:Display: Loaded TP Android_DXTTargetPlatform
[2017.04.27-21.55.10:120][  0]LogTemp:Display: Loaded TP Android_ETC1TargetPlatform
[2017.04.27-21.55.10:205][  0]LogTemp:Display: Loaded TP Android_ETC2TargetPlatform
[2017.04.27-21.55.10:389][  0]LogTemp:Display: Loaded TP Android_MultiTargetPlatform
[2017.04.27-21.55.10:389][  0]LogTemp:Display: Loaded TP Android_PVRTCTargetPlatform
[2017.04.27-21.55.10:452][  0]LogTemp:Display: Loaded TP HTML5TargetPlatform
[2017.04.27-21.55.10:612][  0]LogTemp:Display: Loaded TP IOSTargetPlatform
[2017.04.27-21.55.10:664][  0]LogTemp:Display: Loaded TP TVOSTargetPlatform
[2017.04.27-21.55.10:736][  0]LogTemp:Display: Loaded TP LinuxClientTargetPlatform
[2017.04.27-21.55.10:808][  0]LogTemp:Display: Loaded TP LinuxNoEditorTargetPlatform
[2017.04.27-21.55.10:887][  0]LogTemp:Display: Loaded TP LinuxServerTargetPlatform
[2017.04.27-21.55.10:985][  0]LogTemp:Display: Loaded TP LinuxTargetPlatform
[2017.04.27-21.55.10:985][  0]LogTargetPlatformManager:Display: Building Assets For Windows
[2017.04.27-21.55.12:081][  0]LogDerivedDataCache:Display: Max Cache Size: 512 MB
[2017.04.27-21.55.12:407][  0]LogDerivedDataCache: Loaded boot cache 0.32s 50MB C:/Users/julio/AppData/Local/UnrealEngine/4.15/DerivedDataCache/Boot.ddc.
[2017.04.27-21.55.12:408][  0]LogDerivedDataCache:Display: Loaded Boot cache: C:/Users/julio/AppData/Local/UnrealEngine/4.15/DerivedDataCache/Boot.ddc
[2017.04.27-21.55.12:408][  0]LogDerivedDataCache: FDerivedDataBackendGraph:  Pak pak cache file ../../../../../4ºcurso/Repositorios/LastBulletVR/LastBullet/DerivedDataCache/DDC.ddp not found, will not use a pak cache.
[2017.04.27-21.55.12:408][  0]LogDerivedDataCache: Unable to find inner node Pak for hierarchical cache Hierarchy.
[2017.04.27-21.55.12:408][  0]LogDerivedDataCache: FDerivedDataBackendGraph:  CompressedPak pak cache file ../../../../../4ºcurso/Repositorios/LastBulletVR/LastBullet/DerivedDataCache/Compressed.ddp not found, will not use a pak cache.
[2017.04.27-21.55.12:408][  0]LogDerivedDataCache: Unable to find inner node CompressedPak for hierarchical cache Hierarchy.
[2017.04.27-21.55.12:463][  0]LogDerivedDataCache:Display: Pak cache opened for reading ../../../Engine/DerivedDataCache/Compressed.ddp.
[2017.04.27-21.55.12:479][  0]LogDerivedDataCache: Using Local data cache path C:/Users/julio/AppData/Local/UnrealEngine/Common/DerivedDataCache: Writable
[2017.04.27-21.55.12:619][  0]LogSlate: Using Freetype 2.6.0
[2017.04.27-21.55.12:822][  0]LogSlate: SlateFontCache - WITH_FREETYPE: 1, WITH_HARFBUZZ: 1
[2017.04.27-21.55.12:822][  0]LogSlate: SlateFontCache - WITH_FREETYPE: 1, WITH_HARFBUZZ: 1
[2017.04.27-21.55.20:516][  0]LogInit: Selected Device Profile: [Windows]
[2017.04.27-21.55.20:579][  0]LogContentStreaming: Texture pool size is 0.00 MB
[2017.04.27-21.55.21:257][  0]LogMeshUtilities: Using QuadricMeshReduction for automatic static mesh reduction
[2017.04.27-21.55.21:354][  0]LogSimplygon: Simplygon DLL not present - disabling.
[2017.04.27-21.55.21:454][  0]LogMeshUtilities: Using SimplygonSwarm for distributed automatic mesh merging
[2017.04.27-21.55.21:454][  0]LogMeshUtilities: No automatic skeletal mesh reduction module available
[2017.04.27-21.55.21:454][  0]LogMeshUtilities: No automatic mesh merging module available
[2017.04.27-21.55.24:995][  0]LogNetVersion: GetLocalNetworkVersion: CL: 3299760, ProjectName: lastbullet, ProjectVersion: , EngineNetworkVersion: 2, GameNetworkVersion: 0, NetworkChecksum: 1522868599
[2017.04.27-21.55.25:145][  0]LogAssetRegistry: FAssetRegistry took 0.0232 seconds to start up
[2017.04.27-21.55.25:438][  0]LogPackageLocalizationCache: Processed 3 localized package path(s) for 1 prioritized culture(s) in 0.091071 seconds
[2017.04.27-21.55.25:451][  0]LogUObjectArray: 32493 objects as part of root set at end of initial load.
[2017.04.27-21.55.25:451][  0]LogUObjectAllocator: 7077024 out of 0 bytes used by permanent object pool.
[2017.04.27-21.55.25:451][  0]LogUObjectArray: CloseDisregardForGC: 0/0 objects in disregard for GC pool
[2017.04.27-21.55.25:660][  0]LogInit: WinSock: version 1.1 (2.2), MaxSocks=32767, MaxUdp=65467
[2017.04.27-21.55.46:121][  0]LogTcpMessaging: Initializing TcpMessaging bridge
[2017.04.27-21.55.46:183][  0]LogUdpMessaging: Initializing bridge on interface 0.0.0.0:0 to multicast group 230.0.0.1:6666.
[2017.04.27-21.55.47:297][  0]LogMaterial: Uniform references updated for custom material expression Custom.
[2017.04.27-21.55.47:979][  0]SourceControl: Info Source control is disabled
[2017.04.27-21.55.51:903][  0]LogEngine: Initializing Engine...
[2017.04.27-21.55.51:909][  0]LogHMD: Failed to initialize OpenVR with code 100
[2017.04.27-21.55.52:545][  0]LogAIModule: Creating AISystem for world Untitled
[2017.04.27-21.55.52:618][  0]LogInit: XAudio2 using '1 - BenQ GL2250H (AMD High Definition Audio Device)' : 2 channels at 48 kHz using 16 bits per sample (channel mask 0x3)
[2017.04.27-21.55.52:636][  0]LogInit: FAudioDevice initialized.
[2017.04.27-21.55.52:696][  0]LogDerivedDataCache: Saved boot cache 0.06s 50MB C:/Users/julio/AppData/Local/UnrealEngine/4.15/DerivedDataCache/Boot.ddc.
[2017.04.27-21.55.52:707][  0]LogInit: Texture streaming: Enabled
[2017.04.27-21.55.52:909][  0]LogEngineSessionManager: EngineSessionManager initialized
[2017.04.27-21.55.53:187][  0]LogInit: Transaction tracking system initialized
[2017.04.27-21.55.53:922][  0]BlueprintLog: New page: Editor Load
[2017.04.27-21.55.55:977][  0]LocalizationService: Info Localization service is disabled
[2017.04.27-21.55.57:387][  0]LogConsoleResponse:Display: 
[2017.04.27-21.55.58:949][  0]LogFileCache: Scanning file cache for directory 'D:/4ºcurso/Repositorios/LastBulletVR/LastBullet/Content/' took 0.15s
[2017.04.27-21.55.58:950][  0]LogCook:Display: Max memory allowance for cook 16384mb min free memory 0mb
[2017.04.27-21.55.58:968][  0]LogCook:Display: Mobile HDR setting 1
[2017.04.27-21.56.03:000][  0]Cmd: MAP LOAD FILE="../../../../../4ºcurso/Repositorios/LastBulletVR/LastBullet/Content/StarterContent/Maps/Minimal_Default.umap" TEMPLATE=0 SHOWPROGRESS=1 FEATURELEVEL=3
[2017.04.27-21.56.03:088][  0]LightingResults: New page: Lighting Build
[2017.04.27-21.56.03:254][  0]MapCheck: New page: Map Check
[2017.04.27-21.56.03:254][  0]LightingResults: New page: Lighting Build
[2017.04.27-21.56.03:558][  0]LogLinker:Warning: Asset '../../../../../4ºcurso/Repositorios/LastBulletVR/LastBullet/Content/Blueprints/modul_transporttransport_16_Blueprint.uasset' has been saved with empty engine version. The asset will be loaded but may be incompatible.
[2017.04.27-21.56.03:933][  0]LogBlueprint:Warning: Node '/Game/Blueprints/modul_transporttransport_16_Blueprint.modul_transporttransport_16_Blueprint:EdGraph_0.K2Node_FunctionEntry_359' missing NodeGuid because of upgrade from old package version, this can cause deterministic cooking issues please resave package.
[2017.04.27-21.56.03:956][  0]LogBlueprint:Warning: Node '/Game/Blueprints/modul_transporttransport_16_Blueprint.modul_transporttransport_16_Blueprint:EdGraph_1.K2Node_FunctionEntry_359' missing NodeGuid because of upgrade from old package version, this can cause deterministic cooking issues please resave package.
[2017.04.27-21.56.03:983][  0]LogBlueprint:Warning: Node '/Game/Blueprints/modul_transporttransport_16_Blueprint.modul_transporttransport_16_Blueprint:EdGraph_2.K2Node_FunctionEntry_359' missing NodeGuid because of upgrade from old package version, this can cause deterministic cooking issues please resave package.
[2017.04.27-21.56.05:776][  0]LogBlueprint:Warning: [Compiler FirstPersonCharacter] Warning InputAction Event references unknown Action 'ResetVR' for  InputAction ResetVR
[2017.04.27-21.56.05:811][  0]LogBlueprint:Warning: [Compiler FirstPersonCharacter] Warning [0072.54] Compile of FirstPersonCharacter successful, but with 1 Warning(s) [in 61 ms] (/Game/FirstPersonBP/Blueprints/FirstPersonCharacter.FirstPersonCharacter)
[2017.04.27-21.56.05:816][  0]LogBlueprint:Warning: [Compiler FirstPersonCharacter] Warning [0072.55] Compile of FirstPersonCharacter successful, but with 2 Warning(s) [in 4 ms] (/Game/FirstPersonBP/Blueprints/FirstPersonCharacter.FirstPersonCharacter)
[2017.04.27-21.56.05:816][  0]LogBlueprint:Warning: [Compiler FirstPersonCharacter] Warning [0072.55] Compile of FirstPersonCharacter successful, but with 3 Warning(s) [in 0 ms] (/Game/FirstPersonBP/Blueprints/FirstPersonCharacter.FirstPersonCharacter)
[2017.04.27-21.56.05:874][  0]LogBlueprint:Warning: [Compiler FirstPersonCharacter] Warning InputAction Event references unknown Action 'ResetVR' for  InputAction ResetVR
[2017.04.27-21.56.05:901][  0]LogBlueprint:Warning: [Compiler FirstPersonCharacter] Warning [0072.63] Compile of FirstPersonCharacter successful, but with 1 Warning(s) [in 49 ms] (/Game/FirstPersonBP/Blueprints/FirstPersonCharacter.FirstPersonCharacter)
[2017.04.27-21.56.05:901][  0]LogBlueprint:Warning: [Compiler FirstPersonCharacter] Warning [0072.63] Compile of FirstPersonCharacter successful, but with 2 Warning(s) [in 0 ms] (/Game/FirstPersonBP/Blueprints/FirstPersonCharacter.FirstPersonCharacter)
[2017.04.27-21.56.05:902][  0]LogBlueprint:Warning: [Compiler FirstPersonCharacter] Warning [0072.63] Compile of FirstPersonCharacter successful, but with 3 Warning(s) [in 0 ms] (/Game/FirstPersonBP/Blueprints/FirstPersonCharacter.FirstPersonCharacter)
[2017.04.27-21.56.07:224][  0]LogLinker:Warning: Asset '../../../../../4ºcurso/Repositorios/LastBulletVR/LastBullet/Content/Meshes/Space/StarMap_Nebula_1_Mat.uasset' has been saved with empty engine version. The asset will be loaded but may be incompatible.
[2017.04.27-21.56.07:240][  0]LogLinker:Warning: Asset '../../../../../4ºcurso/Repositorios/LastBulletVR/LastBullet/Content/Meshes/Space/StarMap_Nebula_1.uasset' has been saved with empty engine version. The asset will be loaded but may be incompatible.
[2017.04.27-21.56.07:311][  0]LogLinker:Warning: Asset '../../../../../4ºcurso/Repositorios/LastBulletVR/LastBullet/Content/Meshes/Space/FX_Map_7.uasset' has been saved with empty engine version. The asset will be loaded but may be incompatible.
[2017.04.27-21.56.07:322][  0]LogLinker:Warning: Asset '../../../../../4ºcurso/Repositorios/LastBulletVR/LastBullet/Content/Meshes/Space/StarMap_1.uasset' has been saved with empty engine version. The asset will be loaded but may be incompatible.
[2017.04.27-21.56.10:605][  0]LogBlueprint:Warning: Node '/Game/Blueprints/modul_transporttransport_16_Blueprint.modul_transporttransport_16_Blueprint:UserConstructionScript.K2Node_FunctionEntry_359' missing NodeGuid because of upgrade from old package version, this can cause deterministic cooking issues please resave package.
[2017.04.27-21.56.11:597][  0]LogAIModule: Creating AISystem for world Minimal_Default
[2017.04.27-21.56.11:965][  0]LogEditorServer: Finished looking for orphan Actors (0.000 secs)
[2017.04.27-21.56.12:045][  0]Cmd: MAP CHECKDEP NOCLEARLOG
[2017.04.27-21.56.12:150][  0]MapCheck: Info Map check complete: 0 Error(s), 0 Warning(s), took 104.757ms to complete.
[2017.04.27-21.56.12:150][  0]LogFileHelpers: Loading map 'Minimal_Default' took 9.168
[2017.04.27-21.56.14:316][  0]LogCollectionManager: Loaded 0 collections in 0.002138 seconds
[2017.04.27-21.56.14:496][  0]LogFileCache: Scanning file cache for directory 'D:/4ºcurso/Repositorios/LastBulletVR/LastBullet/Saved/Collections/' took 0.01s
[2017.04.27-21.56.14:496][  0]LogFileCache: Scanning file cache for directory 'D:/4ºcurso/Repositorios/LastBulletVR/LastBullet/Content/Developers/julio/Collections/' took 0.01s
[2017.04.27-21.56.14:496][  0]LogFileCache: Scanning file cache for directory 'D:/4ºcurso/Repositorios/LastBulletVR/LastBullet/Content/Collections/' took 0.01s
[2017.04.27-21.56.14:496][  0]LogCollectionManager: Rebuilt the GUID cache for 0 collections in 0.000008 seconds
[2017.04.27-21.56.14:516][  0]LogContentBrowser: Native class hierarchy populated in 0.0193 seconds. Added 2245 classes and 453 folders.
[2017.04.27-21.56.14:613][  0]LogStats: UGameplayTagsManager::ConstructGameplayTagTree: Construct from data asset -  0.000 s
[2017.04.27-21.56.14:614][  0]LogStats: UGameplayTagsManager::ConstructGameplayTagTree: GameplayTagTreeChangedEvent.Broadcast -  0.000 s
[2017.04.27-21.56.14:722][  0]LogContentBrowser: Native class hierarchy updated for 'WidgetCarousel' in 0.0006 seconds. Added 0 classes and 0 folders.
[2017.04.27-21.56.15:777][  0]LogContentBrowser: Native class hierarchy updated for 'AddContentDialog' in 0.0008 seconds. Added 0 classes and 0 folders.
[2017.04.27-21.56.15:870][  0]LogContentBrowser: Native class hierarchy updated for 'SceneOutliner' in 0.0008 seconds. Added 1 classes and 2 folders.
[2017.04.27-21.56.16:496][  0]LogCrashTracker: Crashtracker disabled due to settings.
[2017.04.27-21.56.16:589][  0]LogUObjectGlobals:Warning: Failed to find object 'Class None.'
[2017.04.27-21.56.16:824][  0]LogContentBrowser: Native class hierarchy updated for 'HierarchicalLODOutliner' in 0.0009 seconds. Added 1 classes and 2 folders.
[2017.04.27-21.56.16:824][  0]LogLoad: (Engine Initialization) Total time: 83.55 seconds
[2017.04.27-21.56.16:824][  0]LogLoad: (Engine Initialization) Total Blueprint compile time: 0.94 seconds
[2017.04.27-21.56.16:824][  0]LogExternalProfiler: Found external profiler: VSPerf
[2017.04.27-21.56.16:824][  0]LogExternalProfiler: Using external profiler: VSPerf
[2017.04.27-21.56.17:178][  0]LogOcInput: OculusInput pre-init called
[2017.04.27-21.56.17:387][  0]SourceControl: Info On branch FirstGameplayTry
[2017.04.27-21.56.17:388][  0]SourceControl: Info Your branch is up-to-date with 'origin/FirstGameplayTry'.
[2017.04.27-21.56.17:388][  0]SourceControl: Info Changes to be committed:
[2017.04.27-21.56.17:388][  0]SourceControl: Info   (use "git reset HEAD <file>..." to unstage)
[2017.04.27-21.56.17:388][  0]SourceControl: Info 	new file:   LastBullet/Content/FirstPersonBP/Particles/NewParticleSystem.uasset
[2017.04.27-21.56.17:388][  0]SourceControl: Info Changes not staged for commit:
[2017.04.27-21.56.17:388][  0]SourceControl: Info   (use "git add/rm <file>..." to update what will be committed)
[2017.04.27-21.56.17:388][  0]SourceControl: Info   (use "git checkout -- <file>..." to discard changes in working directory)
[2017.04.27-21.56.17:388][  0]SourceControl: Info 	modified:   LastBullet/Content/FirstPersonBP/Blueprints/FirstPersonCharacter.uasset
[2017.04.27-21.56.17:388][  0]SourceControl: Info 	modified:   LastBullet/Content/StarterContent/Maps/Minimal_Default.umap
[2017.04.27-21.56.17:388][  0]SourceControl: Info 	modified:   LastBullet/Intermediate/CachedAssetRegistry.bin
[2017.04.27-21.56.17:388][  0]SourceControl: Info 	modified:   LastBullet/Saved/AutoScreenshot.png
[2017.04.27-21.56.17:388][  0]SourceControl: Info 	modified:   LastBullet/Saved/Autosaves/Game/FirstPersonBP/Blueprints/FirstPersonCharacter_Auto1.uasset
[2017.04.27-21.56.17:388][  0]SourceControl: Info 	modified:   LastBullet/Saved/Autosaves/Game/StarterContent/Maps/Minimal_Default_Auto1.umap
[2017.04.27-21.56.17:388][  0]SourceControl: Info 	deleted:    LastBullet/Saved/Backup/Ruben_2017-04-26-19-03-14.umap
[2017.04.27-21.56.17:388][  0]SourceControl: Info 	deleted:    LastBullet/Saved/Backup/Ruben_2017-04-26-19-08-50.umap
[2017.04.27-21.56.17:388][  0]SourceControl: Info 	modified:   LastBullet/Saved/Config/Windows/Editor.ini
[2017.04.27-21.56.17:388][  0]SourceControl: Info 	modified:   LastBullet/Saved/Config/Windows/EditorPerProjectUserSettings.ini
[2017.04.27-21.56.17:388][  0]SourceControl: Info 	modified:   LastBullet/Saved/Config/Windows/Engine.ini
[2017.04.27-21.56.17:388][  0]SourceControl: Info 	deleted:    LastBullet/Saved/Logs/LastBullet-backup-2017.04.26-12.48.02.log
[2017.04.27-21.56.17:388][  0]SourceControl: Info 	deleted:    LastBullet/Saved/Logs/LastBullet-backup-2017.04.26-19.21.57.log
[2017.04.27-21.56.17:388][  0]SourceControl: Info 	deleted:    LastBullet/Saved/Logs/LastBullet-backup-2017.04.27-11.49.05.log
[2017.04.27-21.56.17:388][  0]SourceControl: Info 	modified:   LastBullet/Saved/Logs/LastBullet.log
[2017.04.27-21.56.17:388][  0]SourceControl: Info Untracked files:
[2017.04.27-21.56.17:388][  0]SourceControl: Info   (use "git add <file>..." to include in what will be committed)
[2017.04.27-21.56.17:388][  0]SourceControl: Info 	LastBullet/Content/Effects/
[2017.04.27-21.56.17:388][  0]SourceControl: Info 	LastBullet/Content/Env/
[2017.04.27-21.56.17:388][  0]SourceControl: Info 	LastBullet/Content/Weapons/
[2017.04.27-21.56.17:388][  0]SourceControl: Info 	LastBullet/Saved/Logs/LastBullet-backup-2017.04.27-20.12.48.log
[2017.04.27-21.56.17:388][  0]SourceControl: Info 	LastBullet/Saved/Logs/LastBullet-backup-2017.04.27-20.46.36.log
[2017.04.27-21.56.17:388][  0]SourceControl: Info 	LastBullet/Saved/Logs/LastBullet-backup-2017.04.27-23.54.57.log
[2017.04.27-21.56.17:388][  0]SourceControl: Info 	LastBullet/Saved/Logs/UE4CC-Windows-377DB1DE4A6627FC60BE78A8D7DFABCC/
[2017.04.27-21.56.17:388][  0]SourceControl: Info 	LastBullet/Saved/Logs/UE4CC-Windows-9125D6FC44A437CA61D1158510377656/
[2017.04.27-21.56.17:388][  0]SourceControl: Info 	LastBullet/Saved/Logs/UE4CC-Windows-B88335B04B29533FFD564C8CC9C87876/
[2017.04.27-21.56.17:397][  0]LogContentStreaming: Texture pool size now 1000 MB
[2017.04.27-21.56.17:410][  0]LogSlate: Took 0.010758 seconds to synchronously load lazily loaded font '../../../Engine/Content/Slate/Fonts/Roboto-Regular.ttf' (155K)
[2017.04.27-21.56.17:425][  0]LogSlate: Took 0.008417 seconds to synchronously load lazily loaded font '../../../Engine/Content/Slate/Fonts/Roboto-Bold.ttf' (160K)
[2017.04.27-21.56.17:451][  0]LogSlate: Took 0.009990 seconds to synchronously load lazily loaded font '../../../Engine/Content/Editor/Slate/Fonts/FontAwesome.ttf' (139K)
[2017.04.27-21.56.17:868][  0]LogRenderer: Reallocating scene render targets to support 1264x632 NumSamples 1 (Frame:2).
[2017.04.27-21.56.18:194][  1]LogFileCache: Retrieving MD5 hashes for directory 'D:/4ºcurso/Repositorios/LastBulletVR/LastBullet/Content/' took 1.00s
[2017.04.27-21.56.18:380][  1]LogSlate: Took 0.001210 seconds to synchronously load lazily loaded font '../../../Engine/Content/Slate/Fonts/Roboto-Light.ttf' (159K)
[2017.04.27-21.56.19:577][  5]LogAssetRegistry: Asset discovery search completed in 54.4546 seconds
[2017.04.27-21.56.19:577][  5]LogCollectionManager: Rebuilt the object cache for 0 collections in 0.000008 seconds (found 0 objects)
[2017.04.27-21.56.19:588][  5]LogCollectionManager: Fixed up redirectors for 0 collections in 0.000029 seconds (updated 0 objects)
[2017.04.27-21.57.44:489][132]LogTexture:Display: Building textures: T_SparkSingle (AutoDXT, 128X1024) - 153 MB total VRAM
[2017.04.27-21.57.44:577][132]LogMaterial: Missing cached shader map for material M_Single_Master, compiling. 
[2017.04.27-21.57.44:600][132]LogTemp:Display: Added material ShaderMap 0x000002471A92CF00 with Material 0x000002471A89C400 to ShaderMapsBeingCompiled
[2017.04.27-21.57.44:678][132]LogTemp:Display: Kicking off shader compilation for M_Single_Master, GameThreadShaderMap 0x000002471A92CF00
[2017.04.27-21.57.44:684][132]LogTexture:Display: Building textures: ThumbnailTexture (DXT1, 512X512) - 153 MB total VRAM
[2017.04.27-21.57.48:128][368]LogTemp:Display: Finished compile of shader map 0x000002471A92CF00
[2017.04.27-21.57.48:128][368]LogTemp:Display: Shader map M_Single_Master complete, GameThreadShaderMap 0x000002471A92CF00, marking material M_Single_Master as finished
[2017.04.27-21.57.48:128][368]LogTemp:Display: Marking material as finished 0x000002471A89C400
[2017.04.27-21.58.01:583][491]LogEditorViewport: Clicking on Actor (LMB): Emitter (P_MuzzleTracers)
[2017.04.27-21.58.19:231][983]Cmd: DELETE
[2017.04.27-21.58.19:231][983]Cmd: ACTOR DELETE
[2017.04.27-21.58.19:372][983]LogEditorActor: Deleted Actor: Emitter
[2017.04.27-21.58.19:611][983]LogEditorActor: Deleted 1 Actors (0.241 secs)
[2017.04.27-21.59.38:920][751]LogStaticMesh: Building static mesh S_Tracer_02...
[2017.04.27-21.59.38:933][751]LogSlate: Took 0.008044 seconds to synchronously load lazily loaded font '../../../Engine/Content/Slate/Fonts/Roboto-Light.ttf' (159K)
[2017.04.27-21.59.38:998][751]LogStaticMesh: Built static mesh [0.08s] /Game/Effects/Tracers/S_Tracer_02.S_Tracer_02
[2017.04.27-21.59.39:034][751]LogTexture:Display: Building textures: T_Tracer (AutoDXT, 256X512) - 240 MB total VRAM
[2017.04.27-21.59.39:064][751]LogMaterial: Missing cached shader map for material M_Tracer_2, compiling. 
[2017.04.27-21.59.39:066][751]LogTemp:Display: Added material ShaderMap 0x0000024725175600 with Material 0x000002472057FD00 to ShaderMapsBeingCompiled
[2017.04.27-21.59.39:083][751]LogTemp:Display: Kicking off shader compilation for M_Tracer_2, GameThreadShaderMap 0x0000024725175600
[2017.04.27-21.59.39:087][751]LogTexture:Display: Building textures: ThumbnailTexture (DXT1, 512X512) - 240 MB total VRAM
[2017.04.27-21.59.41:463][930]LogTemp:Display: Finished compile of shader map 0x0000024725175600
[2017.04.27-21.59.41:463][930]LogTemp:Display: Shader map M_Tracer_2 complete, GameThreadShaderMap 0x0000024725175600, marking material M_Tracer_2 as finished
[2017.04.27-21.59.41:463][930]LogTemp:Display: Marking material as finished 0x000002472057FD00
[2017.04.27-21.59.45:073][238]LogEditorViewport: Clicking on Actor (LMB): StaticMeshActor (scene_PtoA_15)
[2017.04.27-21.59.46:229][321]LogEditorViewport: Clicking on Actor (LMB): Emitter (P_Tracer_To_Location)
[2017.04.27-22.00.00:449][538]LogMaterial: Missing cached shader map for material T_Tracer_Mat, compiling. 
[2017.04.27-22.00.00:450][538]LogTemp:Display: Added material ShaderMap 0x00000247318A9980 with Material 0x000002470A7A4E80 to ShaderMapsBeingCompiled
[2017.04.27-22.00.00:492][538]LogTemp:Display: Kicking off shader compilation for T_Tracer_Mat, GameThreadShaderMap 0x00000247318A9980
[2017.04.27-22.00.02:538][687]LogTemp:Display: Finished compile of shader map 0x00000247318A9980
[2017.04.27-22.00.02:538][687]LogTemp:Display: Shader map T_Tracer_Mat complete, GameThreadShaderMap 0x00000247318A9980, marking material T_Tracer_Mat as finished
[2017.04.27-22.00.02:538][687]LogTemp:Display: Marking material as finished 0x000002470A7A4E80
[2017.04.27-22.00.03:697][768]Cmd: TRANSACTION UNDO
[2017.04.27-22.00.03:697][768]LogEditorTransaction: Undo Create Actors
[2017.04.27-22.00.03:813][768]LogSlate: Took 0.000346 seconds to synchronously load lazily loaded font '../../../Engine/Content/Slate/Fonts/Roboto-Light.ttf' (159K)
[2017.04.27-22.00.05:697][874]LogEditorViewport: Clicking on Actor (LMB): Emitter (P_Tracer_To_Location)
[2017.04.27-22.00.07:451][  8]LogEditorViewport: Clicking on Actor (CTRL LMB): Emitter (P_Tracer_To_Location2)
[2017.04.27-22.00.08:843][127]Cmd: DELETE
[2017.04.27-22.00.08:843][127]Cmd: ACTOR DELETE
[2017.04.27-22.00.08:845][127]LogEditorActor: Deleted Actor: Emitter
[2017.04.27-22.00.08:845][127]LogEditorActor: Deleted Actor: Emitter
[2017.04.27-22.00.08:863][127]LogEditorActor: Deleted 2 Actors (0.019 secs)
