Log file open, 04/02/17 16:10:10
LogInit:Display: Running engine for game: LastBullet
LogPlatformFile: Not using cached read wrapper
LogInit:Display: RandInit(936321076) SRandInit(936321090).
LogTaskGraph: Started task graph with 5 named threads and 8 total threads with 1 sets of task threads.
LogStats: Stats thread started at 0.088259
LogInit: Using libcurl 7.47.1
LogInit:  - built for x86_64-pc-win32
LogInit:  - supports SSL with OpenSSL/1.0.2g
LogInit:  - supports HTTP deflate (compression) using libz 1.2.8
LogInit:  - other features:
LogInit:      CURL_VERSION_SSL
LogInit:      CURL_VERSION_LIBZ
LogInit:      CURL_VERSION_IPV6
LogInit:      CURL_VERSION_ASYNCHDNS
LogInit:      CURL_VERSION_LARGEFILE
LogInit:      CURL_VERSION_IDN
LogInit:  CurlRequestOptions (configurable via config and command line):
LogInit:  - bVerifyPeer = false  - Libcurl will NOT verify peer certificate
LogInit:  - bUseHttpProxy = false  - Libcurl will NOT use HTTP proxy
LogInit:  - bDontReuseConnections = false  - Libcurl will reuse connections
LogInit:  - CertBundlePath = nullptr  - Libcurl will use whatever was configured at build time.
LogInit: Build: ++UE4+Release-4.15-CL-3348071
LogInit: Engine Version: 4.15.1-3348071+++UE4+Release-4.15
LogInit: Compatible Engine Version: 4.15.0-3299760+++UE4+Release-4.15
LogInit: Net CL: 3299760
LogDevObjectVersion: Number of dev versions registered: 14
LogDevObjectVersion:   Dev-Blueprints (B0D832E4-1F89-4F0D-ACCF-7EB736FD4AA2): 8
LogDevObjectVersion:   Dev-Build (E1C64328-A22C-4D53-A36C-8E866417BD8C): 0
LogDevObjectVersion:   Dev-Core (375EC13C-06E4-48FB-B500-84F0262A717E): 2
LogDevObjectVersion:   Dev-Editor (E4B068ED-F494-42E9-A231-DA0B2E46BB41): 14
LogDevObjectVersion:   Dev-Framework (CFFC743F-43B0-4480-9391-14DF171D2073): 22
LogDevObjectVersion:   Dev-Mobile (B02B49B5-BB20-44E9-A304-32B752E40360): 0
LogDevObjectVersion:   Dev-Networking (A4E4105C-59A1-49B5-A7C5-40C4547EDFEE): 0
LogDevObjectVersion:   Dev-Online (39C831C9-5AE6-47DC-9A44-9C173E1C8E7C): 0
LogDevObjectVersion:   Dev-Physics (78F01B33-EBEA-4F98-B9B4-84EACCB95AA2): 0
LogDevObjectVersion:   Dev-Platform (6631380F-2D4D-43E0-8009-CF276956A95A): 0
LogDevObjectVersion:   Dev-Rendering (12F88B9F-8875-4AFC-A67C-D90C383ABD29): 12
LogDevObjectVersion:   Dev-Sequencer (7B5AE74C-D270-4C10-A958-57980B212A5A): 3
LogDevObjectVersion:   Dev-VR (D7296918-1DD6-4BDD-9DE2-64A83CC13884): 0
LogDevObjectVersion:   Dev-LoadTimes (C2A15278-BFE7-4AFE-6C17-90FF531DF755): 1
LogInit: Compiled (64-bit): Mar 15 2017 16:52:47
LogInit: Compiled with Visual C++: 19.00.23026.00
LogInit: Build Configuration: Development
LogInit: Branch Name: ++UE4+Release-4.15
LogInit: Command line: -EpicPortal 
LogInit: Base directory: D:/EpicGames/UE_4.15/Engine/Binaries/Win64/
LogInit: Installed Engine Build: 1
LogInit: Presizing for max 8388607 objects, including 0 objects not considered by GC, pre-allocating 0 bytes for permanent pool.
LogInit: Object subsystem initialized
[2017.04.02-14.10.11:630][  0]LogInit: Selected Device Profile: [Windows]
[2017.04.02-14.10.11:630][  0]LogInit: Applying CVar settings loaded from the selected device profile: [Windows]
[2017.04.02-14.10.11:660][  0]LogInit: Computer: DESKTOP-1OLBMPA
[2017.04.02-14.10.11:660][  0]LogInit: User: julio
[2017.04.02-14.10.11:660][  0]LogInit: CPU Page size=65536, Cores=4
[2017.04.02-14.10.11:660][  0]LogInit: High frequency timer resolution =14.318180 MHz
[2017.04.02-14.10.11:661][  0]LogMemory: Memory total: Physical=8.0GB (8GB approx)
[2017.04.02-14.10.11:661][  0]LogMemory: Platform Memory Stats for Windows
[2017.04.02-14.10.11:661][  0]LogMemory: Process Physical Memory: 262.73 MB used, 262.73 MB peak
[2017.04.02-14.10.11:661][  0]LogMemory: Process Virtual Memory: 262.73 MB used, 262.73 MB peak
[2017.04.02-14.10.11:661][  0]LogMemory: Physical Memory: 7132.73 MB used,  1016.00 MB free, 8148.73 MB total
[2017.04.02-14.10.11:661][  0]LogMemory: Virtual Memory: 645.23 MB used,  1016.00 MB free, 134217728.00 MB total
[2017.04.02-14.10.11:752][  0]LogInit: Overriding culture en with editor configuration.
[2017.04.02-14.10.12:486][  0]LogD3D11RHI: D3D11 adapters:
[2017.04.02-14.10.12:505][  0]LogD3D11RHI:    0. 'AMD Radeon R9 200 Series' (Feature Level 11_0)
[2017.04.02-14.10.12:505][  0]LogD3D11RHI:       3053/0/4074 MB DedicatedVideo/DedicatedSystem/SharedSystem, Outputs:2, VendorId:0x1002
[2017.04.02-14.10.12:507][  0]LogD3D11RHI:    1. 'Microsoft Basic Render Driver' (Feature Level 11_0)
[2017.04.02-14.10.12:507][  0]LogD3D11RHI:       0/0/4074 MB DedicatedVideo/DedicatedSystem/SharedSystem, Outputs:0, VendorId:0x1414
[2017.04.02-14.10.12:507][  0]LogD3D11RHI: Chosen D3D11 Adapter: 0
[2017.04.02-14.10.12:513][  0]LogD3D11RHI: Creating new Direct3DDevice
[2017.04.02-14.10.12:513][  0]LogD3D11RHI:     GPU DeviceId: 0x679a (for the marketing name, search the web for "GPU Device Id")
[2017.04.02-14.10.12:513][  0]LogWindows: EnumDisplayDevices:
[2017.04.02-14.10.12:514][  0]LogWindows:    0. 'AMD Radeon R9 200 Series' (P:1 D:1)
[2017.04.02-14.10.12:514][  0]LogWindows:    1. 'AMD Radeon R9 200 Series' (P:0 D:1)
[2017.04.02-14.10.12:514][  0]LogWindows:    2. 'AMD Radeon R9 200 Series' (P:0 D:0)
[2017.04.02-14.10.12:515][  0]LogWindows:    3. 'AMD Radeon R9 200 Series' (P:0 D:0)
[2017.04.02-14.10.12:515][  0]LogWindows:    4. 'AMD Radeon R9 200 Series' (P:0 D:0)
[2017.04.02-14.10.12:516][  0]LogWindows:    5. 'AMD Radeon R9 200 Series' (P:0 D:0)
[2017.04.02-14.10.12:516][  0]LogWindows: DebugString: FoundDriverCount:6 
[2017.04.02-14.10.12:516][  0]LogD3D11RHI:     Adapter Name: AMD Radeon R9 200 Series
[2017.04.02-14.10.12:516][  0]LogD3D11RHI:   Driver Version: Crimson 16.6 (internal:21.19.137.514, unified:21.19.137.514)
[2017.04.02-14.10.12:516][  0]LogD3D11RHI:      Driver Date: 11-21-2016
[2017.04.02-14.10.12:516][  0]LogRHI: Texture pool is 1361 MB (70% of 1945 MB)
[2017.04.02-14.10.12:577][  0]LogD3D11RHI: Async texture creation enabled
[2017.04.02-14.10.12:592][  0]LogD3D11RHI: GPU Timing Frequency: 27.000000 (Debug: 2 1)
[2017.04.02-14.10.12:594][  0]LogShaderCompilers: Guid format shader working directory is 14 characters bigger than the processId version (../../../../Projects/LastBullet/Intermediate/Shaders/WorkingDirectory/13504/).
[2017.04.02-14.10.12:594][  0]LogShaderCompilers: Cleaned the shader compiler working directory 'C:/Users/julio/AppData/Local/Temp/UnrealShaderWorkingDir/7AE8A1214262B4D799168EA1036C40A5/'.
[2017.04.02-14.10.12:594][  0]LogShaderCompilers:Display: Using Local Shader Compiler.
[2017.04.02-14.10.14:268][  0]LogTemp:Display: Loaded TP AllDesktopTargetPlatform
[2017.04.02-14.10.14:338][  0]LogTemp:Display: Loaded TP MacClientTargetPlatform
[2017.04.02-14.10.14:416][  0]LogTemp:Display: Loaded TP MacNoEditorTargetPlatform
[2017.04.02-14.10.14:487][  0]LogTemp:Display: Loaded TP MacServerTargetPlatform
[2017.04.02-14.10.14:560][  0]LogTemp:Display: Loaded TP MacTargetPlatform
[2017.04.02-14.10.14:632][  0]LogTemp:Display: Loaded TP WindowsClientTargetPlatform
[2017.04.02-14.10.14:703][  0]LogTemp:Display: Loaded TP WindowsNoEditorTargetPlatform
[2017.04.02-14.10.14:775][  0]LogTemp:Display: Loaded TP WindowsServerTargetPlatform
[2017.04.02-14.10.14:831][  0]LogTemp:Display: Loaded TP WindowsTargetPlatform
[2017.04.02-14.10.14:908][  0]LogTemp:Display: Loaded TP AndroidTargetPlatform
[2017.04.02-14.10.14:976][  0]LogTemp:Display: Loaded TP Android_ASTCTargetPlatform
[2017.04.02-14.10.15:045][  0]LogTemp:Display: Loaded TP Android_ATCTargetPlatform
[2017.04.02-14.10.15:114][  0]LogTemp:Display: Loaded TP Android_DXTTargetPlatform
[2017.04.02-14.10.15:190][  0]LogTemp:Display: Loaded TP Android_ETC1TargetPlatform
[2017.04.02-14.10.15:258][  0]LogTemp:Display: Loaded TP Android_ETC2TargetPlatform
[2017.04.02-14.10.15:395][  0]LogTemp:Display: Loaded TP Android_MultiTargetPlatform
[2017.04.02-14.10.15:395][  0]LogTemp:Display: Loaded TP Android_PVRTCTargetPlatform
[2017.04.02-14.10.15:450][  0]LogTemp:Display: Loaded TP HTML5TargetPlatform
[2017.04.02-14.10.15:568][  0]LogTemp:Display: Loaded TP IOSTargetPlatform
[2017.04.02-14.10.15:615][  0]LogTemp:Display: Loaded TP TVOSTargetPlatform
[2017.04.02-14.10.15:683][  0]LogTemp:Display: Loaded TP LinuxClientTargetPlatform
[2017.04.02-14.10.15:755][  0]LogTemp:Display: Loaded TP LinuxNoEditorTargetPlatform
[2017.04.02-14.10.15:824][  0]LogTemp:Display: Loaded TP LinuxServerTargetPlatform
[2017.04.02-14.10.15:893][  0]LogTemp:Display: Loaded TP LinuxTargetPlatform
[2017.04.02-14.10.15:893][  0]LogTargetPlatformManager:Display: Building Assets For Windows
[2017.04.02-14.10.16:433][  0]LogDerivedDataCache:Display: Max Cache Size: 512 MB
[2017.04.02-14.10.16:534][  0]LogDerivedDataCache: Loaded boot cache 0.10s 50MB C:/Users/julio/AppData/Local/UnrealEngine/4.15/DerivedDataCache/Boot.ddc.
[2017.04.02-14.10.16:534][  0]LogDerivedDataCache:Display: Loaded Boot cache: C:/Users/julio/AppData/Local/UnrealEngine/4.15/DerivedDataCache/Boot.ddc
[2017.04.02-14.10.16:534][  0]LogDerivedDataCache: FDerivedDataBackendGraph:  Pak pak cache file ../../../../Projects/LastBullet/DerivedDataCache/DDC.ddp not found, will not use a pak cache.
[2017.04.02-14.10.16:534][  0]LogDerivedDataCache: Unable to find inner node Pak for hierarchical cache Hierarchy.
[2017.04.02-14.10.16:534][  0]LogDerivedDataCache: FDerivedDataBackendGraph:  CompressedPak pak cache file ../../../../Projects/LastBullet/DerivedDataCache/Compressed.ddp not found, will not use a pak cache.
[2017.04.02-14.10.16:534][  0]LogDerivedDataCache: Unable to find inner node CompressedPak for hierarchical cache Hierarchy.
[2017.04.02-14.10.16:558][  0]LogDerivedDataCache:Display: Pak cache opened for reading ../../../Engine/DerivedDataCache/Compressed.ddp.
[2017.04.02-14.10.16:571][  0]LogDerivedDataCache: Using Local data cache path C:/Users/julio/AppData/Local/UnrealEngine/Common/DerivedDataCache: Writable
[2017.04.02-14.10.16:585][  0]LogSlate: Using Freetype 2.6.0
[2017.04.02-14.10.16:586][  0]LogSlate: SlateFontCache - WITH_FREETYPE: 1, WITH_HARFBUZZ: 1
[2017.04.02-14.10.16:586][  0]LogSlate: SlateFontCache - WITH_FREETYPE: 1, WITH_HARFBUZZ: 1
[2017.04.02-14.10.16:978][  0]LogInit: Selected Device Profile: [Windows]
[2017.04.02-14.10.16:982][  0]LogContentStreaming: Texture pool size is 0.00 MB
[2017.04.02-14.10.17:241][  0]LogMeshUtilities: Using QuadricMeshReduction for automatic static mesh reduction
[2017.04.02-14.10.17:293][  0]LogSimplygon: Simplygon DLL not present - disabling.
[2017.04.02-14.10.17:348][  0]LogMeshUtilities: Using SimplygonSwarm for distributed automatic mesh merging
[2017.04.02-14.10.17:348][  0]LogMeshUtilities: No automatic skeletal mesh reduction module available
[2017.04.02-14.10.17:348][  0]LogMeshUtilities: No automatic mesh merging module available
[2017.04.02-14.10.18:228][  0]LogNetVersion: GetLocalNetworkVersion: CL: 3299760, ProjectName: lastbullet, ProjectVersion: , EngineNetworkVersion: 2, GameNetworkVersion: 0, NetworkChecksum: 1522868599
[2017.04.02-14.10.18:280][  0]LogAssetRegistry: FAssetRegistry took 0.0221 seconds to start up
[2017.04.02-14.10.18:582][  0]LogPackageLocalizationCache: Processed 3 localized package path(s) for 1 prioritized culture(s) in 0.274498 seconds
[2017.04.02-14.10.18:589][  0]LogUObjectArray: 32493 objects as part of root set at end of initial load.
[2017.04.02-14.10.18:589][  0]LogUObjectAllocator: 7077024 out of 0 bytes used by permanent object pool.
[2017.04.02-14.10.18:589][  0]LogUObjectArray: CloseDisregardForGC: 0/0 objects in disregard for GC pool
[2017.04.02-14.10.18:663][  0]LogInit: WinSock: version 1.1 (2.2), MaxSocks=32767, MaxUdp=65467
[2017.04.02-14.10.21:949][  0]LogTcpMessaging: Initializing TcpMessaging bridge
[2017.04.02-14.10.21:995][  0]LogUdpMessaging: Initializing bridge on interface 0.0.0.0:0 to multicast group 230.0.0.1:6666.
[2017.04.02-14.10.22:563][  0]LogMaterial: Uniform references updated for custom material expression Custom.
[2017.04.02-14.10.23:023][  0]SourceControl: Info Source control is disabled
[2017.04.02-14.10.23:024][  0]SourceControl: Info Source control is disabled
[2017.04.02-14.10.23:080][  0]SourceControl: Info Source control is disabled
[2017.04.02-14.10.23:135][  0]SourceControl: Info Source control is disabled
[2017.04.02-14.10.23:485][  0]LogLinker:Warning: Can't find file '/Game/FirstPersonBP/FirstPersonOverview'
[2017.04.02-14.10.23:485][  0]LogLinker:Warning: Can't find file '/Game/FirstPersonBP/FirstPersonOverview'
[2017.04.02-14.10.23:485][  0]LogUObjectGlobals:Warning: Failed to find object 'Class /Game/FirstPersonBP/FirstPersonOverview.FirstPersonOverview_C'
[2017.04.02-14.10.24:633][  0]LogEngine: Initializing Engine...
[2017.04.02-14.10.24:634][  0]LogHMD: Failed to initialize OpenVR with code 110
[2017.04.02-14.10.24:923][  0]LogAIModule: Creating AISystem for world Untitled
[2017.04.02-14.10.24:939][  0]LogInit: XAudio2 using '1 - BenQ GL2250H (AMD High Definition Audio Device)' : 2 channels at 48 kHz using 16 bits per sample (channel mask 0x3)
[2017.04.02-14.10.24:954][  0]LogInit: FAudioDevice initialized.
[2017.04.02-14.10.25:000][  0]LogDerivedDataCache: Saved boot cache 0.05s 50MB C:/Users/julio/AppData/Local/UnrealEngine/4.15/DerivedDataCache/Boot.ddc.
[2017.04.02-14.10.25:015][  0]LogInit: Texture streaming: Enabled
[2017.04.02-14.10.25:130][  0]LogEngineSessionManager: EngineSessionManager initialized
[2017.04.02-14.10.25:265][  0]LogInit: Transaction tracking system initialized
[2017.04.02-14.10.25:673][  0]BlueprintLog: New page: Editor Load
[2017.04.02-14.10.26:725][  0]LocalizationService: Info Localization service is disabled
[2017.04.02-14.10.27:503][  0]LogConsoleResponse:Display: 
[2017.04.02-14.10.27:724][  0]LogCook:Display: Max memory allowance for cook 16384mb min free memory 0mb
[2017.04.02-14.10.27:724][  0]LogCook:Display: Mobile HDR setting 1
[2017.04.02-14.10.27:885][  0]LogFileCache: Scanning file cache for directory 'D:/EpicGames/Projects/LastBullet/Content/' took 0.03s
[2017.04.02-14.10.28:924][  0]SourceControl: Info Source control is disabled
[2017.04.02-14.10.29:068][  0]LogSlate: Took 0.000337 seconds to synchronously load lazily loaded font '../../../Engine/Content/Slate/Fonts/Roboto-Regular.ttf' (155K)
[2017.04.02-14.17.50:304][  0]Cmd: MAP LOAD FILE="../../../../Projects/LastBullet/Content/StarterContent/Maps/Minimal_Default.umap" TEMPLATE=0 SHOWPROGRESS=1 FEATURELEVEL=3
[2017.04.02-14.17.50:347][  0]LightingResults: New page: Lighting Build
[2017.04.02-14.17.53:311][  0]MapCheck: New page: Map Check
[2017.04.02-14.17.53:311][  0]LightingResults: New page: Lighting Build
[2017.04.02-14.17.53:405][  0]LogLinker:Warning: Asset '../../../../Projects/LastBullet/Content/Blueprints/modul_transporttransport_16_Blueprint.uasset' has been saved with empty engine version. The asset will be loaded but may be incompatible.
[2017.04.02-14.17.54:027][  0]LogBlueprint:Warning: Node '/Game/Blueprints/modul_transporttransport_16_Blueprint.modul_transporttransport_16_Blueprint:EdGraph_0.K2Node_FunctionEntry_359' missing NodeGuid because of upgrade from old package version, this can cause deterministic cooking issues please resave package.
[2017.04.02-14.17.54:051][  0]LogBlueprint:Warning: Node '/Game/Blueprints/modul_transporttransport_16_Blueprint.modul_transporttransport_16_Blueprint:EdGraph_1.K2Node_FunctionEntry_359' missing NodeGuid because of upgrade from old package version, this can cause deterministic cooking issues please resave package.
[2017.04.02-14.17.54:056][  0]LogBlueprint:Warning: Node '/Game/Blueprints/modul_transporttransport_16_Blueprint.modul_transporttransport_16_Blueprint:EdGraph_2.K2Node_FunctionEntry_359' missing NodeGuid because of upgrade from old package version, this can cause deterministic cooking issues please resave package.
[2017.04.02-14.17.59:047][  0]LogLinker:Warning: Asset '../../../../Projects/LastBullet/Content/Meshes/Space/StarMap_Nebula_1_Mat.uasset' has been saved with empty engine version. The asset will be loaded but may be incompatible.
[2017.04.02-14.17.59:094][  0]LogLinker:Warning: Asset '../../../../Projects/LastBullet/Content/Meshes/Space/StarMap_Nebula_1.uasset' has been saved with empty engine version. The asset will be loaded but may be incompatible.
[2017.04.02-14.17.59:331][  0]LogLinker:Warning: Asset '../../../../Projects/LastBullet/Content/Meshes/Space/FX_Map_7.uasset' has been saved with empty engine version. The asset will be loaded but may be incompatible.
[2017.04.02-14.17.59:386][  0]LogLinker:Warning: Asset '../../../../Projects/LastBullet/Content/Meshes/Space/StarMap_1.uasset' has been saved with empty engine version. The asset will be loaded but may be incompatible.
[2017.04.02-14.18.11:846][  0]LogBlueprint:Warning: Node '/Game/Blueprints/modul_transporttransport_16_Blueprint.modul_transporttransport_16_Blueprint:UserConstructionScript.K2Node_FunctionEntry_359' missing NodeGuid because of upgrade from old package version, this can cause deterministic cooking issues please resave package.
[2017.04.02-14.18.12:426][  0]LogAIModule: Creating AISystem for world Minimal_Default
[2017.04.02-14.18.12:731][  0]LogEditorServer: Finished looking for orphan Actors (0.000 secs)
[2017.04.02-14.18.12:757][  0]Cmd: MAP CHECKDEP NOCLEARLOG
[2017.04.02-14.18.12:854][  0]MapCheck: Info Map check complete: 0 Error(s), 0 Warning(s), took 96.965ms to complete.
[2017.04.02-14.18.12:854][  0]LogFileHelpers: Loading map 'Minimal_Default' took 22.550
[2017.04.02-14.18.14:912][  0]LogStats:Warning: MetaData mismatch. Did you assign a stat to two groups? New //STATGROUP_Threads//SplashScreenThread///Thread_3b7c_0///####STATCAT_Advanced#### old //STATGROUP_Threads//SplashScreenThread///Thread_3c7c_0///####STATCAT_Advanced####
[2017.04.02-14.18.14:912][  0]LogCollectionManager: Loaded 0 collections in 0.025749 seconds
[2017.04.02-14.18.15:272][  0]LogFileCache: Scanning file cache for directory 'D:/EpicGames/Projects/LastBullet/Saved/Collections/' took 0.01s
[2017.04.02-14.18.15:272][  0]LogFileCache: Scanning file cache for directory 'D:/EpicGames/Projects/LastBullet/Content/Developers/julio/Collections/' took 0.01s
[2017.04.02-14.18.15:272][  0]LogFileCache: Scanning file cache for directory 'D:/EpicGames/Projects/LastBullet/Content/Collections/' took 0.01s
[2017.04.02-14.18.15:272][  0]LogCollectionManager: Rebuilt the GUID cache for 0 collections in 0.000004 seconds
[2017.04.02-14.18.15:331][  0]LogContentBrowser: Native class hierarchy populated in 0.0296 seconds. Added 2245 classes and 453 folders.
[2017.04.02-14.18.15:508][  0]LogStats: UGameplayTagsManager::ConstructGameplayTagTree: Construct from data asset -  0.000 s
[2017.04.02-14.18.15:548][  0]LogStats: UGameplayTagsManager::ConstructGameplayTagTree: GameplayTagTreeChangedEvent.Broadcast -  0.000 s
[2017.04.02-14.18.15:731][  0]LogContentBrowser: Native class hierarchy updated for 'WidgetCarousel' in 0.0008 seconds. Added 0 classes and 0 folders.
[2017.04.02-14.18.18:957][  0]LogContentBrowser: Native class hierarchy updated for 'AddContentDialog' in 0.0007 seconds. Added 0 classes and 0 folders.
[2017.04.02-14.18.19:162][  0]LogContentBrowser: Native class hierarchy updated for 'SceneOutliner' in 0.0007 seconds. Added 1 classes and 2 folders.
[2017.04.02-14.18.20:429][  0]LogCrashTracker: Crashtracker disabled due to settings.
[2017.04.02-14.18.20:527][  0]LogUObjectGlobals:Warning: Failed to find object 'Class None.'
[2017.04.02-14.18.20:673][  0]LogContentBrowser: Native class hierarchy updated for 'HierarchicalLODOutliner' in 0.0008 seconds. Added 1 classes and 2 folders.
[2017.04.02-14.18.20:673][  0]LogLoad: (Engine Initialization) Total time: 492.58 seconds
[2017.04.02-14.18.20:673][  0]LogLoad: (Engine Initialization) Total Blueprint compile time: 0.08 seconds
[2017.04.02-14.18.20:673][  0]LogExternalProfiler: Found external profiler: VSPerf
[2017.04.02-14.18.20:673][  0]LogExternalProfiler: Using external profiler: VSPerf
[2017.04.02-14.18.21:012][  0]LogOcInput: OculusInput pre-init called
[2017.04.02-14.18.21:147][  0]LogContentStreaming: Texture pool size now 1000 MB
[2017.04.02-14.18.21:163][  0]LogSlate: Took 0.012161 seconds to synchronously load lazily loaded font '../../../Engine/Content/Slate/Fonts/Roboto-Bold.ttf' (160K)
[2017.04.02-14.18.21:255][  0]LogSlate: Took 0.042895 seconds to synchronously load lazily loaded font '../../../Engine/Content/Editor/Slate/Fonts/FontAwesome.ttf' (139K)
[2017.04.02-14.18.21:945][  0]LogRenderer: Reallocating scene render targets to support 1264x632 NumSamples 1 (Frame:2).
[2017.04.02-14.18.22:322][  1]LogSlate: Took 0.017601 seconds to synchronously load lazily loaded font '../../../Engine/Content/Slate/Fonts/Roboto-Light.ttf' (159K)
[2017.04.02-14.18.22:641][  2]LogSlate: Took 0.000487 seconds to synchronously load lazily loaded font '../../../Engine/Content/Slate/Fonts/Roboto-Light.ttf' (159K)
[2017.04.02-14.18.23:252][  4]LogAssetRegistry: Asset discovery search completed in 484.9942 seconds
[2017.04.02-14.18.23:252][  4]LogCollectionManager: Rebuilt the object cache for 0 collections in 0.000013 seconds (found 0 objects)
[2017.04.02-14.18.23:252][  4]LogCollectionManager: Fixed up redirectors for 0 collections in 0.000038 seconds (updated 0 objects)
[2017.04.02-16.12.00:016][455]LogWindowsTextInputMethodSystem:Display: IME system now deactivated.
[2017.04.02-16.12.00:016][455]LogWindowsTextInputMethodSystem:Display: IME system now deactivated.
[2017.04.02-16.12.19:948][410]LogEditorViewport: Clicking on Actor (LMB): StaticMeshActor (scene_Torito_1)
[2017.04.02-16.12.21:045][418]LogEditorViewport: Clicking on Actor (LMB): StaticMeshActor (scene_Torito_1)
[2017.04.02-16.12.22:088][516]LogEditorViewport: Clicking on Actor (LMB): StaticMeshActor (scene_mid_5)
[2017.04.02-16.15.12:069][516]LogEditorViewport: Clicking on Actor (LMB): SpotLight (SpotLight8)
[2017.04.02-16.16.14:604][662]LogEditorViewport: Clicking on Actor (LMB): StaticMeshActor (scene_mid_19)
[2017.04.02-16.16.18:807][ 33]Cmd: TRANSACTION UNDO
[2017.04.02-16.16.18:807][ 33]LogEditorTransaction: Undo Move Actors
[2017.04.02-16.16.27:333][857]LogEditorViewport: Clicking on Actor (LMB): StaticMeshActor (scene_Box_7)
[2017.04.02-16.16.30:327][147]LogEditorViewport: Clicking on Actor (CTRL LMB): DecalActor (DecalActor_X5)
[2017.04.02-16.16.33:230][463]LogEditorViewport: Clicking on Actor (LMB): StaticMeshActor (scene_Box_4)
[2017.04.02-16.16.41:799][297]LogEditorViewport: Clicking on Actor (LMB): StaticMeshActor (scene_Box_7)
[2017.04.02-16.16.42:436][352]LogEditorViewport: Clicking on Actor (CTRL LMB): DecalActor (DecalActor_X5)
[2017.04.02-16.16.46:767][829]LogEditorViewport: Clicking Background
[2017.04.02-16.17.28:560][393]LogSlate: Took 0.018228 seconds to synchronously load lazily loaded font '../../../Engine/Content/Slate/Fonts/Roboto-Light.ttf' (159K)
[2017.04.02-16.17.30:025][393]LogSavePackage: Save=740.69ms
[2017.04.02-16.17.30:025][393]LogSavePackage: Moving '../../../../Projects/LastBullet/Saved/Minimal_Default_Auto17BBD9D8B4C2CA1B3A5E5B9991F5903DD.tmp' to '../../../../Projects/LastBullet/Saved/Autosaves/Game/StarterContent/Maps/Minimal_Default_Auto1.umap'
[2017.04.02-16.17.30:050][393]LogSavePackage:Display: Finished SavePackage ../../../../Projects/LastBullet/Saved/Autosaves/Game/StarterContent/Maps/Minimal_Default_Auto1.umap
[2017.04.02-16.17.30:078][393]LogFileHelpers: Editor autosave (incl. sublevels) for '/Game/StarterContent/Maps/Minimal_Default' took 1.431
[2017.04.02-16.17.30:078][393]LogFileHelpers: Editor autosave (incl. sublevels) for all levels took 1.431
[2017.04.02-16.18.37:445][794]MapCheck: New page: Map Check
[2017.04.02-16.18.37:695][794]LightingResults: New page: Lighting Build - Apr 2, 2017, 8:18:37 PM
[2017.04.02-16.18.38:205][794]LogSwarmInterface: [OpenConnection] Registering TCP channel ...
[2017.04.02-16.18.38:352][794]LogSwarmInterface: [OpenConnection] Connecting to agent ...
[2017.04.02-16.18.38:425][794]LogSwarmInterface: [TryOpenConnection] Testing the Agent
[2017.04.02-16.18.38:967][794]LogSwarmInterface: [TryOpenConnection] Opening Connection to Agent
[2017.04.02-16.18.38:967][794]LogSwarmInterface: [TryOpenConnection] Local Process ID is 13504
[2017.04.02-16.18.41:970][794]LogStaticLightingSystem: Running Lightmass w/ ImmediateImport mode ENABLED
[2017.04.02-16.18.41:970][794]LogStaticLightingSystem: Running Lightmass w/ ImmediateProcess mode ENABLED
[2017.04.02-16.18.41:970][794]LogStaticLightingSystem: Running Lightmass w/ Sorting mode ENABLED
[2017.04.02-16.18.41:970][794]LogStaticLightingSystem: Running Lightmass w/ Mapping paddings ENABLED
[2017.04.02-16.18.41:970][794]LogStaticLightingSystem: Running Lightmass w/ Mapping debug paddings DISABLED
[2017.04.02-16.18.42:225][794]LogEditorBuildUtils: Build time 0:04
[2017.04.02-16.19.19:258][136]LightingResults:Warning: Warning Camera1 Object has overlapping UVs.
[2017.04.02-16.19.19:258][136]LightingResults: Info Camera1 Lightmap UV are overlapping by 48.2%. Please adjust content - Enable Error Coloring to visualize.
[2017.04.02-16.19.20:058][211]LightingResults:Warning: Warning ventilation Object has overlapping UVs.
[2017.04.02-16.19.20:058][211]LightingResults: Info ventilation Lightmap UV are overlapping by 11.5%. Please adjust content - Enable Error Coloring to visualize.
[2017.04.02-16.20.04:186][891]LightingResults:Warning: Warning planet Object has wrapping UVs.
[2017.04.02-16.20.04:186][891]LightingResults:Warning: Warning planet Object has overlapping UVs.
[2017.04.02-16.20.04:186][891]LightingResults: Info planet Lightmap UV are overlapping by 66.0%. Please adjust content - Enable Error Coloring to visualize.
[2017.04.02-16.20.04:587][913]LightingResults:Warning: Warning planet Object has wrapping UVs.
[2017.04.02-16.20.04:587][913]LightingResults:Warning: Warning planet Object has overlapping UVs.
[2017.04.02-16.20.04:587][913]LightingResults: Info planet Lightmap UV are overlapping by 66.0%. Please adjust content - Enable Error Coloring to visualize.
[2017.04.02-16.20.04:821][933]LightingResults:Warning: Warning planet Object has wrapping UVs.
[2017.04.02-16.20.04:821][933]LightingResults:Warning: Warning planet Object has overlapping UVs.
[2017.04.02-16.20.04:821][933]LightingResults: Info planet Lightmap UV are overlapping by 66.0%. Please adjust content - Enable Error Coloring to visualize.
[2017.04.02-16.20.06:377][ 60]Job is a success!
[2017.04.02-16.20.08:147][ 62]LogTexture:Display: Building textures: HQ_Lightmap0_1 (AutoDXT, 1024X1024) - 404 MB total VRAM
[2017.04.02-16.20.08:147][ 62]LogTexture:Display: Building textures: HQ_Lightmap0_2 (AutoDXT, 256X256) - 404 MB total VRAM
[2017.04.02-16.20.08:147][ 62]LogTexture:Display: Building textures: SkyOcclusion1_2 (AutoDXT, 256X128) - 404 MB total VRAM
[2017.04.02-16.20.08:147][ 62]LogTexture:Display: Building textures: LQ_Lightmap_0_1 (DXT1, 1024X1024) - 404 MB total VRAM
[2017.04.02-16.20.08:147][ 62]LogTexture:Display: Building textures: LQ_Lightmap_0_2 (DXT1, 256X256) - 404 MB total VRAM
[2017.04.02-16.20.08:147][ 62]LogTexture:Display: Building textures: SkyOcclusion1_1 (AutoDXT, 1024X512) - 404 MB total VRAM
[2017.04.02-16.20.08:147][ 62]LogTexture:Display: Building textures: SkyOcclusion1_3 (AutoDXT, 512X256) - 404 MB total VRAM
[2017.04.02-16.20.08:147][ 62]LogTexture:Display: Building textures: HQ_Lightmap0_3 (AutoDXT, 512X512) - 404 MB total VRAM
[2017.04.02-16.20.08:147][ 62]LogTexture:Display: Building textures: LQ_Lightmap_0_3 (DXT1, 512X512) - 404 MB total VRAM
[2017.04.02-16.20.08:147][ 62]LogTexture:Display: Building textures: SkyOcclusion1_4 (AutoDXT, 64X32) - 404 MB total VRAM
[2017.04.02-16.20.08:147][ 62]LogTexture:Display: Building textures: HQ_Lightmap1_4 (AutoDXT, 64X64) - 404 MB total VRAM
[2017.04.02-16.20.08:147][ 62]LogTexture:Display: Building textures: LQ_Lightmap_1_4 (DXT1, 64X64) - 404 MB total VRAM
[2017.04.02-16.20.08:222][ 62]Lightmass on DESKTOP-1OLBMPA: 1:25 min total, 366 ms importing, 108 ms setup, 1.95 sec photons, 1:22 min processing, 0 ms extra exporting [147/147 mappings]. Threads: 9:39 min total, 7:58 min processing.
[2017.04.02-16.20.08:317][ 62]LogStaticLightingSystem: Illumination: 1:30 min (1.46 sec encoding lightmaps, 17 ms encoding shadowmaps)
[2017.04.02-16.20.08:317][ 62]LogStaticLightingSystem: Lightmap texture memory:  3.5 MB (3.5 MB streaming, 0.0 MB non-streaming), 8 textures
[2017.04.02-16.20.08:317][ 62]LogStaticLightingSystem: Shadowmap texture memory: 0.0 MB (0.0 MB streaming, 0.0 MB non-streaming), 0 textures
[2017.04.02-16.20.08:956][ 62]DumpUnbuiltLightIteractions
[2017.04.02-16.20.08:956][ 62]Lights with unbuilt interactions: 0
[2017.04.02-16.20.08:956][ 62]
[2017.04.02-16.20.08:956][ 62]Primitives with unbuilt interactions: 0
[2017.04.02-16.20.09:029][ 63]Cmd: MAP CHECK NOTIFYRESULTS
[2017.04.02-16.20.09:029][ 63]MapCheck: New page: Minimal_Default - Apr 2, 2017, 8:20:09 PM
[2017.04.02-16.20.09:120][ 63]MapCheck:Warning: Warning cajasJuliyo_407 Static mesh actor has NULL StaticMesh property 
[2017.04.02-16.20.09:120][ 63]MapCheck:Warning: Warning cajasJuliyo_407 Static mesh actor has NULL StaticMesh property 
[2017.04.02-16.20.09:146][ 63]MapCheck:Warning: Warning SkyDomeFullSphere_399 Collision enabled but StaticMesh (SkyDomeFullSphere) has no simple or complex collision. 
[2017.04.02-16.20.09:236][ 63]MapCheck: Info Map check complete: 0 Error(s), 3 Warning(s), took 207.432ms to complete.
[2017.04.02-16.20.39:600][278]Cmd: TRANSACTION UNDO
[2017.04.02-16.20.39:600][278]LogEditorTransaction: Undo Move Section
[2017.04.02-16.20.43:323][547]LogSlate: Took 0.016111 seconds to synchronously load lazily loaded font '../../../Engine/Content/Editor/Slate/Fonts/Roboto-BoldCondensed.ttf' (158K)
[2017.04.02-16.21.26:987][658]Cmd: TRANSACTION UNDO
[2017.04.02-16.21.26:987][658]LogEditorTransaction: Undo Move Section
[2017.04.02-16.21.35:151][365]Cmd: TRANSACTION UNDO
[2017.04.02-16.21.35:151][365]LogEditorTransaction: Undo Move Section
[2017.04.02-16.21.38:720][623]Cmd: TRANSACTION UNDO
[2017.04.02-16.21.38:720][623]LogEditorTransaction: Undo Move Section
[2017.04.02-16.21.39:001][628]Cmd: TRANSACTION UNDO
[2017.04.02-16.21.39:001][628]LogEditorTransaction: Undo Move Section
[2017.04.02-16.21.45:767][153]Cmd: TRANSACTION UNDO
[2017.04.02-16.21.45:768][153]LogEditorTransaction: Undo Select None
[2017.04.02-16.21.56:801][785]Cmd: TRANSACTION UNDO
[2017.04.02-16.21.56:801][785]LogEditorTransaction: Undo Select Actors/Components
[2017.04.02-16.21.58:080][825]Cmd: TRANSACTION UNDO
[2017.04.02-16.21.58:080][825]LogEditorTransaction: Undo Select Actors/Components
[2017.04.02-16.21.58:646][848]Cmd: TRANSACTION UNDO
[2017.04.02-16.21.58:646][848]LogEditorTransaction: Undo Select Actors/Components
[2017.04.02-16.21.59:575][878]Cmd: TRANSACTION UNDO
[2017.04.02-16.21.59:575][878]LogEditorTransaction: Undo Select Actors/Components
[2017.04.02-16.22.00:385][913]Cmd: TRANSACTION UNDO
[2017.04.02-16.22.00:385][913]LogEditorTransaction: Undo Set Playback Range
[2017.04.02-16.22.01:068][942]Cmd: TRANSACTION UNDO
[2017.04.02-16.22.01:068][942]LogEditorTransaction: Undo Set Playback Range
[2017.04.02-16.22.01:897][978]Cmd: TRANSACTION UNDO
[2017.04.02-16.22.01:897][978]LogEditorTransaction: Undo Set Playback Range
[2017.04.02-16.22.02:592][  8]Cmd: TRANSACTION UNDO
[2017.04.02-16.22.02:592][  8]LogEditorTransaction: Undo Create Camera Here
[2017.04.02-16.22.09:424][412]Cmd: TRANSACTION UNDO
[2017.04.02-16.22.09:424][412]LogEditorTransaction: Undo Move Section
[2017.04.02-16.24.02:987][447]LogContentBrowser: Native class hierarchy updated for 'MovieSceneCapture' in 0.0014 seconds. Added 11 classes and 0 folders.
[2017.04.02-16.24.02:989][447]LogLinker: Can't find file '/Engine/Transient'
[2017.04.02-16.24.12:567][126]Cmd: TRANSACTION UNDO
[2017.04.02-16.24.12:567][126]LogEditorTransaction: Undo Move Section
[2017.04.02-16.24.48:089][479]Cmd: OBJ SAVEPACKAGE PACKAGE="/Game/StarterContent/Maps/MatineeActorLevelSequence" FILE="../../../../Projects/LastBullet/Content/StarterContent/Maps/MatineeActorLevelSequence.uasset" SILENT=true
[2017.04.02-16.24.48:153][479]LogSavePackage: Save=46.07ms
[2017.04.02-16.24.48:153][479]LogSavePackage: Moving '../../../../Projects/LastBullet/Saved/MatineeActorLevelSequence6DCEF57047292DE0DF4C05AD76798853.tmp' to '../../../../Projects/LastBullet/Content/StarterContent/Maps/MatineeActorLevelSequence.uasset'
[2017.04.02-16.24.48:156][479]LogSavePackage:Display: Finished SavePackage ../../../../Projects/LastBullet/Content/StarterContent/Maps/MatineeActorLevelSequence.uasset
[2017.04.02-16.24.49:017][479]LogSavePackage: Save=471.55ms
[2017.04.02-16.24.49:017][479]LogSavePackage: Moving '../../../../Projects/LastBullet/Saved/Minimal_Default97508B78487065CC1840A199D3A49A5C.tmp' to '../../../../Projects/LastBullet/Content/StarterContent/Maps/Minimal_Default.umap'
[2017.04.02-16.24.49:020][479]LogSavePackage:Display: Finished SavePackage ../../../../Projects/LastBullet/Content/StarterContent/Maps/Minimal_Default.umap
[2017.04.02-16.24.49:044][479]LogFileHelpers: Saving map 'Minimal_Default' took 0.885
[2017.04.02-16.24.49:047][479]Cmd: OBJ SAVEPACKAGE PACKAGE="/Game/StarterContent/Maps/Minimal_Default_BuiltData" FILE="../../../../Projects/LastBullet/Content/StarterContent/Maps/Minimal_Default_BuiltData.uasset" SILENT=true
[2017.04.02-16.24.49:538][479]LogSavePackage: Save=270.33ms
[2017.04.02-16.24.49:538][479]LogSavePackage: Moving '../../../../Projects/LastBullet/Saved/Minimal_Default_BuiltData1F4781F14C21BB9C0CA1D3877A1A321D.tmp' to '../../../../Projects/LastBullet/Content/StarterContent/Maps/Minimal_Default_BuiltData.uasset'
[2017.04.02-16.24.49:543][479]LogSavePackage:Display: Finished SavePackage ../../../../Projects/LastBullet/Content/StarterContent/Maps/Minimal_Default_BuiltData.uasset
[2017.04.02-16.24.49:581][479]LogBlueprintUserMessages: Early PlayInEditor Detection: Level '/Game/StarterContent/Maps/Minimal_Default.Minimal_Default:PersistentLevel' has LevelScriptBlueprint '/Game/StarterContent/Maps/Minimal_Default.Minimal_Default:PersistentLevel.Minimal_Default' with GeneratedClass '/Game/StarterContent/Maps/Minimal_Default.Minimal_Default_C' with ClassGeneratedBy '/Game/StarterContent/Maps/Minimal_Default.Minimal_Default:PersistentLevel.Minimal_Default'
[2017.04.02-16.24.49:593][479]LogPlayLevel: PlayLevel: No blueprints needed recompiling
[2017.04.02-16.24.49:680][479]PIE: New page: PIE session: Minimal_Default (Apr 2, 2017, 8:24:49 PM)
[2017.04.02-16.24.49:714][479]LogPlayLevel: Creating play world package: /Game/StarterContent/Maps/UEDPIE_0_Minimal_Default
[2017.04.02-16.24.49:855][479]LogPlayLevel: PIE: StaticDuplicateObject took: (0.141479s)
[2017.04.02-16.24.49:856][479]LogAIModule: Creating AISystem for world Minimal_Default
[2017.04.02-16.24.49:857][479]LogPlayLevel: PIE: World Init took: (0.001232s)
[2017.04.02-16.24.49:863][479]LogPlayLevel: PIE: Created PIE world by copying editor world from /Game/StarterContent/Maps/Minimal_Default.Minimal_Default to /Game/StarterContent/Maps/UEDPIE_0_Minimal_Default.Minimal_Default (0.159150s)
[2017.04.02-16.24.49:904][479]LogInit: XAudio2 using '1 - BenQ GL2250H (AMD High Definition Audio Device)' : 2 channels at 48 kHz using 16 bits per sample (channel mask 0x3)
[2017.04.02-16.24.49:915][479]LogInit: FAudioDevice initialized.
[2017.04.02-16.24.50:108][479]LogLoad: Game class is 'GameModeBase'
[2017.04.02-16.24.50:267][479]LogWorld: Bringing World /Game/StarterContent/Maps/UEDPIE_0_Minimal_Default.Minimal_Default up for play (max tick rate 0) at 2017.04.02-18.24.50
[2017.04.02-16.24.50:294][479]LogWorld: Bringing up level for play took: 0.034281
[2017.04.02-16.24.50:296][479]LogGameMode: FindPlayerStart: PATHS NOT DEFINED or NO PLAYERSTART with positive rating
[2017.04.02-16.24.50:476][479]PIE: Info Play in editor start time for /Game/StarterContent/Maps/UEDPIE_0_Minimal_Default 1.845
[2017.04.02-16.24.50:477][479]LogBlueprintUserMessages: Late PlayInEditor Detection: Level '/Game/StarterContent/Maps/Minimal_Default.Minimal_Default:PersistentLevel' has LevelScriptBlueprint '/Game/StarterContent/Maps/Minimal_Default.Minimal_Default:PersistentLevel.Minimal_Default' with GeneratedClass '/Game/StarterContent/Maps/Minimal_Default.Minimal_Default_C' with ClassGeneratedBy '/Game/StarterContent/Maps/Minimal_Default.Minimal_Default:PersistentLevel.Minimal_Default'
[2017.04.02-16.24.50:491][479]LogConsoleManager:Warning: Setting the console variable 'r.Streaming.PoolSize' with 'SetByScalability' was ignored as it is lower priority than the previous 'SetByConsole'. Value remains '-1'
[2017.04.02-16.24.50:538][480]LogRenderer: Reallocating scene render targets to support 1264x632 NumSamples 1 (Frame:61601).
[2017.04.02-16.24.50:569][481]LogContentStreaming: Texture pool size now 971 MB
[2017.04.02-16.24.50:676][483]LogRenderer: Reallocating scene render targets to support 1920x1080 NumSamples 1 (Frame:61602).
[2017.04.02-16.25.16:836][826]LogBlueprintUserMessages: Early EndPlayMap Detection: Level '/Game/StarterContent/Maps/Minimal_Default.Minimal_Default:PersistentLevel' has LevelScriptBlueprint '/Game/StarterContent/Maps/Minimal_Default.Minimal_Default:PersistentLevel.Minimal_Default' with GeneratedClass '/Game/StarterContent/Maps/Minimal_Default.Minimal_Default_C' with ClassGeneratedBy '/Game/StarterContent/Maps/Minimal_Default.Minimal_Default:PersistentLevel.Minimal_Default'
[2017.04.02-16.25.16:847][826]LogConsoleManager:Warning: Setting the console variable 'r.Streaming.PoolSize' with 'SetByScalability' was ignored as it is lower priority than the previous 'SetByConsole'. Value remains '1000'
[2017.04.02-16.25.17:293][826]LogBlueprintUserMessages: Late EndPlayMap Detection: Level '/Game/StarterContent/Maps/Minimal_Default.Minimal_Default:PersistentLevel' has LevelScriptBlueprint '/Game/StarterContent/Maps/Minimal_Default.Minimal_Default:PersistentLevel.Minimal_Default' with GeneratedClass '/Game/StarterContent/Maps/Minimal_Default.Minimal_Default_C' with ClassGeneratedBy '/Game/StarterContent/Maps/Minimal_Default.Minimal_Default:PersistentLevel.Minimal_Default'
[2017.04.02-16.25.17:478][828]LogRenderer: Reallocating scene render targets to support 1920x1080 NumSamples 1 (Frame:61942).
[2017.04.02-16.25.17:693][831]LogContentStreaming: Texture pool size now 1000 MB
[2017.04.02-16.25.39:994][155]Cmd: TRANSACTION UNDO
[2017.04.02-16.25.39:994][155]LogEditorTransaction: Undo Set Float Key Value
[2017.04.02-16.26.16:373][519]LogSlate: Took 0.012737 seconds to synchronously load lazily loaded font '../../../Engine/Content/Editor/Slate/Fonts/Roboto-Italic.ttf' (157K)
[2017.04.02-16.27.15:233][ 95]LogEditorViewport: Clicking on Actor (context menu): StaticMeshActor (scene_mid_11)
[2017.04.02-16.28.59:298][517]Cmd: OBJ SAVEPACKAGE PACKAGE="/Game/StarterContent/Maps/MatineeActorLevelSequence" FILE="../../../../Projects/LastBullet/Content/StarterContent/Maps/MatineeActorLevelSequence.uasset" SILENT=true
[2017.04.02-16.28.59:349][517]LogSavePackage: Save=39.74ms
[2017.04.02-16.28.59:349][517]LogSavePackage: Moving '../../../../Projects/LastBullet/Saved/MatineeActorLevelSequence0496177A40208BDC4ABA56BCCAC12311.tmp' to '../../../../Projects/LastBullet/Content/StarterContent/Maps/MatineeActorLevelSequence.uasset'
[2017.04.02-16.28.59:352][517]LogSavePackage:Display: Finished SavePackage ../../../../Projects/LastBullet/Content/StarterContent/Maps/MatineeActorLevelSequence.uasset
[2017.04.02-16.28.59:897][517]LogSavePackage: Save=440.19ms
[2017.04.02-16.28.59:897][517]LogSavePackage: Moving '../../../../Projects/LastBullet/Saved/Minimal_Default1756A5A44A23472B5A7118B08C70B1BA.tmp' to '../../../../Projects/LastBullet/Content/StarterContent/Maps/Minimal_Default.umap'
[2017.04.02-16.28.59:901][517]LogSavePackage:Display: Finished SavePackage ../../../../Projects/LastBullet/Content/StarterContent/Maps/Minimal_Default.umap
[2017.04.02-16.28.59:924][517]LogFileHelpers: Saving map 'Minimal_Default' took 0.569
[2017.04.02-16.28.59:944][517]LogBlueprintUserMessages: Early PlayInEditor Detection: Level '/Game/StarterContent/Maps/Minimal_Default.Minimal_Default:PersistentLevel' has LevelScriptBlueprint '/Game/StarterContent/Maps/Minimal_Default.Minimal_Default:PersistentLevel.Minimal_Default' with GeneratedClass '/Game/StarterContent/Maps/Minimal_Default.Minimal_Default_C' with ClassGeneratedBy '/Game/StarterContent/Maps/Minimal_Default.Minimal_Default:PersistentLevel.Minimal_Default'
[2017.04.02-16.28.59:944][517]LogPlayLevel: PlayLevel: No blueprints needed recompiling
[2017.04.02-16.28.59:944][517]PIE: New page: PIE session: Minimal_Default (Apr 2, 2017, 8:28:59 PM)
[2017.04.02-16.28.59:944][517]LogPlayLevel: Creating play world package: /Game/StarterContent/Maps/UEDPIE_0_Minimal_Default
[2017.04.02-16.28.59:966][517]LogPlayLevel: PIE: StaticDuplicateObject took: (0.021271s)
[2017.04.02-16.28.59:966][517]LogAIModule: Creating AISystem for world Minimal_Default
[2017.04.02-16.28.59:967][517]LogPlayLevel: PIE: World Init took: (0.001022s)
[2017.04.02-16.28.59:967][517]LogPlayLevel: PIE: Created PIE world by copying editor world from /Game/StarterContent/Maps/Minimal_Default.Minimal_Default to /Game/StarterContent/Maps/UEDPIE_0_Minimal_Default.Minimal_Default (0.022753s)
[2017.04.02-16.29.00:073][517]LogInit: XAudio2 using '1 - BenQ GL2250H (AMD High Definition Audio Device)' : 2 channels at 48 kHz using 16 bits per sample (channel mask 0x3)
[2017.04.02-16.29.00:083][517]LogInit: FAudioDevice initialized.
[2017.04.02-16.29.00:245][517]LogLoad: Game class is 'GameModeBase'
[2017.04.02-16.29.00:253][517]LogWorld: Bringing World /Game/StarterContent/Maps/UEDPIE_0_Minimal_Default.Minimal_Default up for play (max tick rate 0) at 2017.04.02-18.29.00
[2017.04.02-16.29.00:254][517]LogWorld: Bringing up level for play took: 0.007186
[2017.04.02-16.29.00:255][517]LogGameMode: FindPlayerStart: PATHS NOT DEFINED or NO PLAYERSTART with positive rating
[2017.04.02-16.29.00:266][517]PIE: Info Play in editor start time for /Game/StarterContent/Maps/UEDPIE_0_Minimal_Default -0.366
[2017.04.02-16.29.00:266][517]LogBlueprintUserMessages: Late PlayInEditor Detection: Level '/Game/StarterContent/Maps/Minimal_Default.Minimal_Default:PersistentLevel' has LevelScriptBlueprint '/Game/StarterContent/Maps/Minimal_Default.Minimal_Default:PersistentLevel.Minimal_Default' with GeneratedClass '/Game/StarterContent/Maps/Minimal_Default.Minimal_Default_C' with ClassGeneratedBy '/Game/StarterContent/Maps/Minimal_Default.Minimal_Default:PersistentLevel.Minimal_Default'
[2017.04.02-16.29.00:266][517]LogConsoleManager:Warning: Setting the console variable 'r.Streaming.PoolSize' with 'SetByScalability' was ignored as it is lower priority than the previous 'SetByConsole'. Value remains '-1'
[2017.04.02-16.29.00:267][517]LogContentStreaming: Texture pool size now 912 MB
[2017.04.02-16.29.00:302][518]LogRenderer: Reallocating scene render targets to support 1920x1080 NumSamples 1 (Frame:77000).
[2017.04.02-16.29.44:928][119]LogContentStreaming: Texture pool size now 750 MB
[2017.04.02-16.30.44:309][861]LogConsoleManager:Warning: Setting the console variable 'r.Streaming.PoolSize' with 'SetByScalability' was ignored as it is lower priority than the previous 'SetByConsole'. Value remains '-1'
[2017.04.02-16.30.44:469][861]LogConsoleManager:Warning: Setting the console variable 'r.Streaming.PoolSize' with 'SetByScalability' was ignored as it is lower priority than the previous 'SetByConsole'. Value remains '1000'
[2017.04.02-16.30.44:469][861]LogContentStreaming: Texture pool size now 1000 MB
[2017.04.02-16.30.44:470][861]LogBlueprintUserMessages: Early EndPlayMap Detection: Level '/Game/StarterContent/Maps/Minimal_Default.Minimal_Default:PersistentLevel' has LevelScriptBlueprint '/Game/StarterContent/Maps/Minimal_Default.Minimal_Default:PersistentLevel.Minimal_Default' with GeneratedClass '/Game/StarterContent/Maps/Minimal_Default.Minimal_Default_C' with ClassGeneratedBy '/Game/StarterContent/Maps/Minimal_Default.Minimal_Default:PersistentLevel.Minimal_Default'
[2017.04.02-16.30.44:492][861]LogBlueprintUserMessages: Late EndPlayMap Detection: Level '/Game/StarterContent/Maps/Minimal_Default.Minimal_Default:PersistentLevel' has LevelScriptBlueprint '/Game/StarterContent/Maps/Minimal_Default.Minimal_Default:PersistentLevel.Minimal_Default' with GeneratedClass '/Game/StarterContent/Maps/Minimal_Default.Minimal_Default_C' with ClassGeneratedBy '/Game/StarterContent/Maps/Minimal_Default.Minimal_Default:PersistentLevel.Minimal_Default'
[2017.04.02-16.30.44:563][863]LogRenderer: Reallocating scene render targets to support 1920x1080 NumSamples 1 (Frame:78305).
[2017.04.02-16.40.46:234][159]LogSavePackage: Save=601.63ms
[2017.04.02-16.40.46:234][159]LogSavePackage: Moving '../../../../Projects/LastBullet/Saved/Minimal_Default_Auto2418C5CEF4BF1AAB42D23688E6017BA5C.tmp' to '../../../../Projects/LastBullet/Saved/Autosaves/Game/StarterContent/Maps/Minimal_Default_Auto2.umap'
[2017.04.02-16.40.46:238][159]LogSavePackage:Display: Finished SavePackage ../../../../Projects/LastBullet/Saved/Autosaves/Game/StarterContent/Maps/Minimal_Default_Auto2.umap
[2017.04.02-16.40.46:244][159]LogFileHelpers: Editor autosave (incl. sublevels) for '/Game/StarterContent/Maps/Minimal_Default' took 0.980
[2017.04.02-16.40.46:244][159]LogFileHelpers: Editor autosave (incl. sublevels) for all levels took 0.980
[2017.04.02-18.07.32:519][888]LogWindowsTextInputMethodSystem:Display: IME system now deactivated.
[2017.04.02-18.07.32:520][888]LogWindowsTextInputMethodSystem:Display: IME system now deactivated.
[2017.04.02-18.08.44:850][656]LogFileHelpers: Editor autosave (incl. sublevels) for '/Game/StarterContent/Maps/Minimal_Default' took 0.046
[2017.04.02-18.08.44:888][656]OBJ SavePackage: Generating thumbnails for [0] asset(s) in package [/Game/StarterContent/Maps/MatineeActorLevelSequence] ([1] browsable assets)...
[2017.04.02-18.08.44:888][656]OBJ SavePackage: Finished generating thumbnails for package [/Game/StarterContent/Maps/MatineeActorLevelSequence]
[2017.04.02-18.08.45:348][656]LogSavePackage: Save=46.60ms
[2017.04.02-18.08.45:348][656]LogSavePackage: Moving '../../../../Projects/LastBullet/Saved/MatineeActorLevelSequence_Auto3EC8D08CE45DDA8DEE163888B6FAC3674.tmp' to '../../../../Projects/LastBullet/Saved/Autosaves/Game/StarterContent/Maps/MatineeActorLevelSequence_Auto3.uasset'
[2017.04.02-18.08.45:365][656]LogSavePackage:Display: Finished SavePackage ../../../../Projects/LastBullet/Saved/Autosaves/Game/StarterContent/Maps/MatineeActorLevelSequence_Auto3.uasset
[2017.04.02-18.08.45:365][656]LogFileHelpers: Auto-saving content packages took 0.512
[2017.04.02-18.09.36:153][686]Cmd: OBJ SAVEPACKAGE PACKAGE="/Game/StarterContent/Maps/MatineeActorLevelSequence" FILE="../../../../Projects/LastBullet/Content/StarterContent/Maps/MatineeActorLevelSequence.uasset" SILENT=true
[2017.04.02-18.09.36:225][686]LogSavePackage: Save=40.17ms
[2017.04.02-18.09.36:225][686]LogSavePackage: Moving '../../../../Projects/LastBullet/Saved/MatineeActorLevelSequence512A706B4DE814A2D106059AE1013A8B.tmp' to '../../../../Projects/LastBullet/Content/StarterContent/Maps/MatineeActorLevelSequence.uasset'
[2017.04.02-18.09.36:229][686]LogSavePackage:Display: Finished SavePackage ../../../../Projects/LastBullet/Content/StarterContent/Maps/MatineeActorLevelSequence.uasset
[2017.04.02-18.09.37:727][686]LogSavePackage: Save=488.89ms
[2017.04.02-18.09.37:727][686]LogSavePackage: Moving '../../../../Projects/LastBullet/Saved/Minimal_Default3652E0D74ADD32C858150D82C004CB07.tmp' to '../../../../Projects/LastBullet/Content/StarterContent/Maps/Minimal_Default.umap'
[2017.04.02-18.09.37:731][686]LogSavePackage:Display: Finished SavePackage ../../../../Projects/LastBullet/Content/StarterContent/Maps/Minimal_Default.umap
[2017.04.02-18.09.37:782][686]LogFileHelpers: Saving map 'Minimal_Default' took 1.551
[2017.04.02-18.09.37:840][686]LogBlueprintUserMessages: Early PlayInEditor Detection: Level '/Game/StarterContent/Maps/Minimal_Default.Minimal_Default:PersistentLevel' has LevelScriptBlueprint '/Game/StarterContent/Maps/Minimal_Default.Minimal_Default:PersistentLevel.Minimal_Default' with GeneratedClass '/Game/StarterContent/Maps/Minimal_Default.Minimal_Default_C' with ClassGeneratedBy '/Game/StarterContent/Maps/Minimal_Default.Minimal_Default:PersistentLevel.Minimal_Default'
[2017.04.02-18.09.37:840][686]LogPlayLevel: PlayLevel: No blueprints needed recompiling
[2017.04.02-18.09.37:841][686]PIE: New page: PIE session: Minimal_Default (Apr 2, 2017, 10:09:37 PM)
[2017.04.02-18.09.37:841][686]LogPlayLevel: Creating play world package: /Game/StarterContent/Maps/UEDPIE_0_Minimal_Default
[2017.04.02-18.09.37:885][686]LogPlayLevel: PIE: StaticDuplicateObject took: (0.044204s)
[2017.04.02-18.09.37:887][686]LogAIModule: Creating AISystem for world Minimal_Default
[2017.04.02-18.09.37:887][686]LogPlayLevel: PIE: World Init took: (0.002366s)
[2017.04.02-18.09.37:888][686]LogPlayLevel: PIE: Created PIE world by copying editor world from /Game/StarterContent/Maps/Minimal_Default.Minimal_Default to /Game/StarterContent/Maps/UEDPIE_0_Minimal_Default.Minimal_Default (0.047187s)
[2017.04.02-18.09.38:029][686]LogInit: XAudio2 using '1 - BenQ GL2250H (AMD High Definition Audio Device)' : 2 channels at 48 kHz using 16 bits per sample (channel mask 0x3)
[2017.04.02-18.09.38:041][686]LogInit: FAudioDevice initialized.
[2017.04.02-18.09.38:212][686]LogLoad: Game class is 'GameModeBase'
[2017.04.02-18.09.38:227][686]LogWorld: Bringing World /Game/StarterContent/Maps/UEDPIE_0_Minimal_Default.Minimal_Default up for play (max tick rate 0) at 2017.04.02-20.09.38
[2017.04.02-18.09.38:228][686]LogWorld: Bringing up level for play took: 0.013882
[2017.04.02-18.09.38:229][686]LogGameMode: FindPlayerStart: PATHS NOT DEFINED or NO PLAYERSTART with positive rating
[2017.04.02-18.09.38:241][686]PIE: Info Play in editor start time for /Game/StarterContent/Maps/UEDPIE_0_Minimal_Default -0.391
[2017.04.02-18.09.38:242][686]LogBlueprintUserMessages: Late PlayInEditor Detection: Level '/Game/StarterContent/Maps/Minimal_Default.Minimal_Default:PersistentLevel' has LevelScriptBlueprint '/Game/StarterContent/Maps/Minimal_Default.Minimal_Default:PersistentLevel.Minimal_Default' with GeneratedClass '/Game/StarterContent/Maps/Minimal_Default.Minimal_Default_C' with ClassGeneratedBy '/Game/StarterContent/Maps/Minimal_Default.Minimal_Default:PersistentLevel.Minimal_Default'
[2017.04.02-18.09.38:243][686]LogConsoleManager:Warning: Setting the console variable 'r.Streaming.PoolSize' with 'SetByScalability' was ignored as it is lower priority than the previous 'SetByConsole'. Value remains '-1'
[2017.04.02-18.09.38:282][687]LogRenderer: Reallocating scene render targets to support 1920x1080 NumSamples 1 (Frame:88229).
[2017.04.02-18.09.38:502][691]LogContentStreaming: Texture pool size now 795 MB
[2017.04.02-18.10.26:036][293]LogContentStreaming: Texture pool size now 732 MB
[2017.04.02-18.10.46:911][540]LogConsoleManager:Warning: Setting the console variable 'r.Streaming.PoolSize' with 'SetByScalability' was ignored as it is lower priority than the previous 'SetByConsole'. Value remains '-1'
[2017.04.02-18.10.47:071][540]LogConsoleManager:Warning: Setting the console variable 'r.Streaming.PoolSize' with 'SetByScalability' was ignored as it is lower priority than the previous 'SetByConsole'. Value remains '1000'
[2017.04.02-18.10.47:072][540]LogBlueprintUserMessages: Early EndPlayMap Detection: Level '/Game/StarterContent/Maps/Minimal_Default.Minimal_Default:PersistentLevel' has LevelScriptBlueprint '/Game/StarterContent/Maps/Minimal_Default.Minimal_Default:PersistentLevel.Minimal_Default' with GeneratedClass '/Game/StarterContent/Maps/Minimal_Default.Minimal_Default_C' with ClassGeneratedBy '/Game/StarterContent/Maps/Minimal_Default.Minimal_Default:PersistentLevel.Minimal_Default'
[2017.04.02-18.10.47:095][540]LogBlueprintUserMessages: Late EndPlayMap Detection: Level '/Game/StarterContent/Maps/Minimal_Default.Minimal_Default:PersistentLevel' has LevelScriptBlueprint '/Game/StarterContent/Maps/Minimal_Default.Minimal_Default:PersistentLevel.Minimal_Default' with GeneratedClass '/Game/StarterContent/Maps/Minimal_Default.Minimal_Default_C' with ClassGeneratedBy '/Game/StarterContent/Maps/Minimal_Default.Minimal_Default:PersistentLevel.Minimal_Default'
[2017.04.02-18.10.48:813][545]LogContentStreaming: Texture pool size now 1000 MB
[2017.04.02-18.20.48:089][341]LogSavePackage: Save=520.07ms
[2017.04.02-18.20.48:089][341]LogSavePackage: Moving '../../../../Projects/LastBullet/Saved/Minimal_Default_Auto458F268884274AB8432368FAB4DCADB4D.tmp' to '../../../../Projects/LastBullet/Saved/Autosaves/Game/StarterContent/Maps/Minimal_Default_Auto4.umap'
[2017.04.02-18.20.48:107][341]LogSavePackage:Display: Finished SavePackage ../../../../Projects/LastBullet/Saved/Autosaves/Game/StarterContent/Maps/Minimal_Default_Auto4.umap
[2017.04.02-18.20.48:114][341]LogFileHelpers: Editor autosave (incl. sublevels) for '/Game/StarterContent/Maps/Minimal_Default' took 0.580
[2017.04.02-18.20.48:114][341]LogFileHelpers: Editor autosave (incl. sublevels) for all levels took 0.580
[2017.04.02-18.20.48:158][343]LogRenderer: Reallocating scene render targets to support 1920x1080 NumSamples 1 (Frame:89059).
[2017.04.02-19.26.36:852][163]LogSavePackage: Save=3674.11ms
[2017.04.02-19.26.36:912][163]LogSavePackage: Moving '../../../../Projects/LastBullet/Saved/Minimal_DefaultAA9C542D4215884B2F559DA37EB6BBDA.tmp' to '../../../../Projects/LastBullet/Content/StarterContent/Maps/Minimal_Default.umap'
[2017.04.02-19.26.37:010][163]LogSavePackage:Display: Finished SavePackage ../../../../Projects/LastBullet/Content/StarterContent/Maps/Minimal_Default.umap
[2017.04.02-19.26.37:405][163]LogSlate: Took 0.062170 seconds to synchronously load lazily loaded font '../../../Engine/Content/Slate/Fonts/Roboto-Regular.ttf' (155K)
[2017.04.02-19.26.37:417][163]Cmd: OBJ SAVEPACKAGE PACKAGE="/Game/StarterContent/Maps/Minimal_Default_BuiltData" FILE="../../../../Projects/LastBullet/Content/StarterContent/Maps/Minimal_Default_BuiltData.uasset" SILENT=true
[2017.04.02-19.26.38:103][163]LogSavePackage: Save=398.39ms
[2017.04.02-19.26.38:103][163]LogSavePackage: Moving '../../../../Projects/LastBullet/Saved/Minimal_Default_BuiltData52C37A8D44F4264232E37B8BAB0DAFC6.tmp' to '../../../../Projects/LastBullet/Content/StarterContent/Maps/Minimal_Default_BuiltData.uasset'
[2017.04.02-19.26.38:165][163]LogSavePackage:Display: Finished SavePackage ../../../../Projects/LastBullet/Content/StarterContent/Maps/Minimal_Default_BuiltData.uasset
[2017.04.02-19.26.46:927][287]LogWindowsTextInputMethodSystem:Display: IME system now deactivated.
[2017.04.02-19.26.47:906][288]Cmd: QUIT_EDITOR
[2017.04.02-19.26.49:013][288]LogExit: Preparing to exit.
[2017.04.02-19.26.50:962][288]LogDirectoryWatcher: A directory notification for 'D:/EpicGames/Projects/LastBullet/Content/' was aborted.
[2017.04.02-19.26.51:718][288]LogExit: Editor shut down
[2017.04.02-19.26.51:737][288]LogExit: Transaction tracking system shut down
[2017.04.02-19.26.54:488][288]LogObj: Freed 0b from 0 cluster array pools.
[2017.04.02-19.26.54:489][288]LogExit: Object subsystem successfully closed.
[2017.04.02-19.26.54:778][288]LogD3D11RHI: Shutdown
[2017.04.02-19.26.54:778][288]LogD3D11RHI: CleanupD3DDevice
[2017.04.02-19.26.55:098][288]LogD3D11RHI: ~FD3D11DynamicRHI
[2017.04.02-19.26.57:327][288]LogModuleManager: Shutting down and abandoning module MovieSceneCaptureDialog (504)
[2017.04.02-19.26.57:327][288]LogModuleManager: Shutting down and abandoning module MovieSceneCapture (502)
[2017.04.02-19.26.57:327][288]LogModuleManager: Shutting down and abandoning module SequencerWidgets (500)
[2017.04.02-19.26.57:327][288]LogModuleManager: Shutting down and abandoning module HierarchicalLODOutliner (498)
[2017.04.02-19.26.57:343][288]LogModuleManager: Shutting down and abandoning module CrashTracker (496)
[2017.04.02-19.26.57:343][288]LogModuleManager: Shutting down and abandoning module SceneOutliner (494)
[2017.04.02-19.26.57:343][288]LogModuleManager: Shutting down and abandoning module AddContentDialog (492)
[2017.04.02-19.26.57:357][288]LogDirectoryWatcher: A directory notification for 'D:/EpicGames/UE_4.15/FeaturePacks/' was aborted.
[2017.04.02-19.26.57:394][288]LogModuleManager: Shutting down and abandoning module WidgetCarousel (491)
[2017.04.02-19.26.57:394][288]LogModuleManager: Shutting down and abandoning module EditorWidgets (488)
[2017.04.02-19.26.57:394][288]LogModuleManager: Shutting down and abandoning module CollectionManager (486)
[2017.04.02-19.26.57:425][288]LogDirectoryWatcher: A directory notification for 'D:/EpicGames/Projects/LastBullet/Content/Collections/' was aborted.
[2017.04.02-19.26.57:425][288]LogDirectoryWatcher: A directory notification for 'D:/EpicGames/Projects/LastBullet/Content/Developers/julio/Collections/' was aborted.
[2017.04.02-19.26.57:425][288]LogDirectoryWatcher: A directory notification for 'D:/EpicGames/Projects/LastBullet/Saved/Collections/' was aborted.
[2017.04.02-19.26.57:425][288]LogModuleManager: Shutting down and abandoning module StatsViewer (484)
[2017.04.02-19.26.57:454][288]LogModuleManager: Shutting down and abandoning module FoliageEdit (482)
[2017.04.02-19.26.57:454][288]LogModuleManager: Shutting down and abandoning module LandscapeEditor (480)
[2017.04.02-19.26.57:522][288]LogModuleManager: Shutting down and abandoning module SceneDepthPickerMode (478)
[2017.04.02-19.26.57:522][288]LogModuleManager: Shutting down and abandoning module ActorPickerMode (476)
[2017.04.02-19.26.57:522][288]LogModuleManager: Shutting down and abandoning module GeometryMode (474)
[2017.04.02-19.26.57:522][288]LogModuleManager: Shutting down and abandoning module TextureAlignMode (472)
[2017.04.02-19.26.57:522][288]LogModuleManager: Shutting down and abandoning module BspMode (470)
[2017.04.02-19.26.57:529][288]LogModuleManager: Shutting down and abandoning module HardwareSurvey (468)
[2017.04.02-19.26.57:535][288]LogModuleManager: Shutting down and abandoning module SequenceRecorderSections (466)
[2017.04.02-19.26.57:535][288]LogModuleManager: Shutting down and abandoning module AutomationWorker (464)
[2017.04.02-19.26.57:564][288]LogModuleManager: Shutting down and abandoning module MatineeToLevelSequence (462)
[2017.04.02-19.26.57:580][288]LogModuleManager: Shutting down and abandoning module LevelSequenceEditor (460)
[2017.04.02-19.26.57:616][288]LogModuleManager: Shutting down and abandoning module PlacementMode (459)
[2017.04.02-19.26.57:616][288]LogModuleManager: Shutting down and abandoning module WmfMediaFactory (456)
[2017.04.02-19.26.57:616][288]LogModuleManager: Shutting down and abandoning module WmfMediaEditor (454)
[2017.04.02-19.26.57:616][288]LogModuleManager: Shutting down and abandoning module MfMediaFactory (452)
[2017.04.02-19.26.57:616][288]LogModuleManager: Shutting down and abandoning module MfMediaEditor (450)
[2017.04.02-19.26.57:616][288]LogModuleManager: Shutting down and abandoning module AvfMediaFactory (448)
[2017.04.02-19.26.57:616][288]LogModuleManager: Shutting down and abandoning module AvfMediaEditor (446)
[2017.04.02-19.26.57:616][288]LogModuleManager: Shutting down and abandoning module AndroidMediaFactory (444)
[2017.04.02-19.26.57:616][288]LogModuleManager: Shutting down and abandoning module Media (443)
[2017.04.02-19.26.57:616][288]LogModuleManager: Shutting down and abandoning module AndroidMediaEditor (440)
[2017.04.02-19.26.57:616][288]LogModuleManager: Shutting down and abandoning module CharacterAI (438)
[2017.04.02-19.26.57:616][288]LogModuleManager: Shutting down and abandoning module AudioCapture (436)
[2017.04.02-19.26.57:631][288]LogModuleManager: Shutting down and abandoning module SequenceRecorder (435)
[2017.04.02-19.26.57:656][288]LogModuleManager: Shutting down and abandoning module SmartSnapping (432)
[2017.04.02-19.26.57:656][288]LogModuleManager: Shutting down and abandoning module SessionServices (430)
[2017.04.02-19.26.57:656][288]LogModuleManager: Shutting down and abandoning module ViewportSnapping (428)
[2017.04.02-19.26.57:656][288]LogModuleManager: Shutting down and abandoning module ViewportInteraction (426)
[2017.04.02-19.26.57:656][288]LogModuleManager: Shutting down and abandoning module LogVisualizer (424)
[2017.04.02-19.26.57:673][288]LogModuleManager: Shutting down and abandoning module IntroTutorials (422)
[2017.04.02-19.26.57:727][288]LogModuleManager: Shutting down and abandoning module GameProjectGeneration (421)
[2017.04.02-19.26.57:746][288]LogModuleManager: Shutting down and abandoning module EditorLiveStreaming (418)
[2017.04.02-19.26.57:762][288]LogModuleManager: Shutting down and abandoning module IOSPlatformEditor (416)
[2017.04.02-19.26.57:763][288]LogModuleManager: Shutting down and abandoning module HTML5PlatformEditor (414)
[2017.04.02-19.26.57:763][288]LogModuleManager: Shutting down and abandoning module AndroidPlatformEditor (412)
[2017.04.02-19.26.57:777][288]LogModuleManager: Shutting down and abandoning module AndroidDeviceDetection (411)
[2017.04.02-19.26.58:749][288]LogModuleManager: Shutting down and abandoning module IOSRuntimeSettings (408)
[2017.04.02-19.26.58:749][288]LogModuleManager: Shutting down and abandoning module AndroidRuntimeSettings (406)
[2017.04.02-19.26.58:749][288]LogModuleManager: Shutting down and abandoning module InputBindingEditor (404)
[2017.04.02-19.26.58:765][288]LogModuleManager: Shutting down and abandoning module NiagaraEditor (402)
[2017.04.02-19.26.58:785][288]LogModuleManager: Shutting down and abandoning module MergeActors (400)
[2017.04.02-19.26.58:806][288]LogModuleManager: Shutting down and abandoning module SizeMap (398)
[2017.04.02-19.26.58:817][288]LogModuleManager: Shutting down and abandoning module TreeMap (396)
[2017.04.02-19.26.58:848][288]LogModuleManager: Shutting down and abandoning module ReferenceViewer (394)
[2017.04.02-19.26.58:848][288]LogModuleManager: Shutting down and abandoning module LocalizationDashboard (392)
[2017.04.02-19.26.58:880][288]LogModuleManager: Shutting down and abandoning module LocalizationService (391)
[2017.04.02-19.26.58:909][288]LogModuleManager: Shutting down and abandoning module HardwareTargeting (388)
[2017.04.02-19.26.58:924][288]LogModuleManager: Shutting down and abandoning module DeviceProfileEditor (386)
[2017.04.02-19.26.58:945][288]LogModuleManager: Shutting down and abandoning module UndoHistory (384)
[2017.04.02-19.26.58:974][288]LogModuleManager: Shutting down and abandoning module UserFeedback (382)
[2017.04.02-19.26.58:974][288]LogModuleManager: Shutting down and abandoning module XmlParser (380)
[2017.04.02-19.26.58:986][288]LogModuleManager: Shutting down and abandoning module Blutility (378)
[2017.04.02-19.26.58:986][288]LogModuleManager: Shutting down and abandoning module ProjectSettingsViewer (376)
[2017.04.02-19.26.58:986][288]LogModuleManager: Shutting down and abandoning module ProjectTargetPlatformEditor (375)
[2017.04.02-19.26.59:029][288]LogModuleManager: Shutting down and abandoning module EditorSettingsViewer (372)
[2017.04.02-19.26.59:029][288]LogModuleManager: Shutting down and abandoning module SettingsEditor (370)
[2017.04.02-19.26.59:040][288]LogModuleManager: Shutting down and abandoning module ProjectLauncher (368)
[2017.04.02-19.26.59:053][288]LogModuleManager: Shutting down and abandoning module SessionFrontend (366)
[2017.04.02-19.26.59:070][288]LogModuleManager: Shutting down and abandoning module ProfilerClient (364)
[2017.04.02-19.26.59:095][288]LogModuleManager: Shutting down and abandoning module DeviceManager (362)
[2017.04.02-19.26.59:115][288]LogModuleManager: Shutting down and abandoning module TargetDeviceServices (361)
[2017.04.02-19.26.59:161][288]LogModuleManager: Shutting down and abandoning module AutomationController (358)
[2017.04.02-19.26.59:196][288]LogModuleManager: Shutting down and abandoning module AutomationWindow (356)
[2017.04.02-19.26.59:214][288]LogModuleManager: Shutting down and abandoning module Layers (354)
[2017.04.02-19.26.59:245][288]LogModuleManager: Shutting down and abandoning module ComponentVisualizers (352)
[2017.04.02-19.26.59:245][288]LogModuleManager: Shutting down and abandoning module DetailCustomizations (350)
[2017.04.02-19.26.59:278][288]LogModuleManager: Shutting down and abandoning module PackagesDialog (348)
[2017.04.02-19.26.59:278][288]LogModuleManager: Shutting down and abandoning module Persona (346)
[2017.04.02-19.26.59:293][288]LogModuleManager: Shutting down and abandoning module AnimGraph (345)
[2017.04.02-19.26.59:293][288]LogModuleManager: Shutting down and abandoning module Kismet (342)
[2017.04.02-19.26.59:315][288]LogModuleManager: Shutting down and abandoning module GraphEditor (340)
[2017.04.02-19.26.59:344][288]LogModuleManager: Shutting down and abandoning module ClassViewer (338)
[2017.04.02-19.26.59:364][288]LogModuleManager: Shutting down and abandoning module Toolbox (336)
[2017.04.02-19.26.59:374][288]LogModuleManager: Shutting down and abandoning module ModuleUI (334)
[2017.04.02-19.26.59:404][288]LogModuleManager: Shutting down and abandoning module MovieSceneTools (332)
[2017.04.02-19.26.59:455][288]LogModuleManager: Shutting down and abandoning module OutputLog (330)
[2017.04.02-19.26.59:493][288]LogModuleManager: Shutting down and abandoning module GammaUI (328)
[2017.04.02-19.26.59:504][288]LogModuleManager: Shutting down and abandoning module Documentation (326)
[2017.04.02-19.26.59:517][288]LogModuleManager: Shutting down and abandoning module Niagara (324)
[2017.04.02-19.26.59:517][288]LogModuleManager: Shutting down and abandoning module StreamingPauseRendering (322)
[2017.04.02-19.26.59:518][288]LogModuleManager: Shutting down and abandoning module AnalyticsET (320)
[2017.04.02-19.26.59:518][288]LogModuleManager: Shutting down and abandoning module PortalServices (318)
[2017.04.02-19.26.59:518][288]LogModuleManager: Shutting down and abandoning module PortalRpc (316)
[2017.04.02-19.26.59:518][288]LogModuleManager: Shutting down and abandoning module MessagingRpc (314)
[2017.04.02-19.26.59:518][288]LogModuleManager: Shutting down and abandoning module AIModule (312)
[2017.04.02-19.26.59:551][288]LogModuleManager: Shutting down and abandoning module GameplayDebugger (311)
[2017.04.02-19.26.59:554][288]LogModuleManager: Shutting down and abandoning module AITestSuite (309)
[2017.04.02-19.26.59:554][288]LogModuleManager: Shutting down and abandoning module ProfilerService (306)
[2017.04.02-19.26.59:774][288]LogModuleManager: Shutting down and abandoning module TaskGraph (304)
[2017.04.02-19.26.59:793][288]LogModuleManager: Shutting down and abandoning module SteamVRController (302)
[2017.04.02-19.26.59:793][288]LogModuleManager: Shutting down and abandoning module SteamVR (300)
[2017.04.02-19.26.59:793][288]LogModuleManager: Shutting down and abandoning module ProceduralMeshComponentEditor (298)
[2017.04.02-19.26.59:793][288]LogModuleManager: Shutting down and abandoning module ProceduralMeshComponent (296)
[2017.04.02-19.26.59:800][288]LogModuleManager: Shutting down and abandoning module OculusLibrary (294)
[2017.04.02-19.26.59:800][288]LogModuleManager: Shutting down and abandoning module OculusInput (292)
[2017.04.02-19.26.59:800][288]LogModuleManager: Shutting down and abandoning module MobilePatchingUtils (290)
[2017.04.02-19.26.59:800][288]LogModuleManager: Shutting down and abandoning module CustomMeshComponent (288)
[2017.04.02-19.26.59:800][288]LogModuleManager: Shutting down and abandoning module CableComponent (286)
[2017.04.02-19.26.59:812][288]LogModuleManager: Shutting down and abandoning module ArchVisCharacter (284)
[2017.04.02-19.26.59:812][288]LogModuleManager: Shutting down and abandoning module MediaPlayerEditor (280)
[2017.04.02-19.26.59:831][288]LogModuleManager: Shutting down and abandoning module HTML5Networking (278)
[2017.04.02-19.26.59:832][288]LogModuleManager: Shutting down and abandoning module AlembicImporter (276)
[2017.04.02-19.26.59:847][288]LogModuleManager: Shutting down and abandoning module AlembicLibrary (275)
[2017.04.02-19.26.59:847][288]LogModuleManager: Shutting down and abandoning module GeometryCache (274)
[2017.04.02-19.26.59:855][288]LogModuleManager: Shutting down and abandoning module GeometryCacheEd (273)
[2017.04.02-19.26.59:855][288]LogModuleManager: Shutting down and abandoning module SuperSearchEditor (268)
[2017.04.02-19.26.59:855][288]LogModuleManager: Shutting down and abandoning module SuperSearch (267)
[2017.04.02-19.26.59:855][288]LogModuleManager: Shutting down and abandoning module SpeedTreeImporter (264)
[2017.04.02-19.26.59:855][288]LogModuleManager: Shutting down and abandoning module PluginBrowser (262)
[2017.04.02-19.26.59:872][288]LogModuleManager: Shutting down and abandoning module MobileLauncherProfileWizard (260)
[2017.04.02-19.26.59:880][288]LogModuleManager: Shutting down and abandoning module EpicSurvey (258)
[2017.04.02-19.26.59:880][288]LogModuleManager: Shutting down and abandoning module VisualStudioSourceCodeAccess (256)
[2017.04.02-19.26.59:880][288]LogModuleManager: Shutting down and abandoning module DesktopPlatform (255)
[2017.04.02-19.26.59:893][288]LogModuleManager: Shutting down and abandoning module UObjectPlugin (252)
[2017.04.02-19.26.59:893][288]LogModuleManager: Shutting down and abandoning module SubversionSourceControl (250)
[2017.04.02-19.26.59:916][288]LogModuleManager: Shutting down and abandoning module PerforceSourceControl (248)
[2017.04.02-19.26.59:931][288]LogModuleManager: Shutting down and abandoning module GitSourceControl (246)
[2017.04.02-19.26.59:941][288]LogModuleManager: Shutting down and abandoning module SourceControl (245)
[2017.04.02-19.26.59:956][288]LogModuleManager: Shutting down and abandoning module LightPropagationVolumeEditor (242)
[2017.04.02-19.26.59:956][288]LogModuleManager: Shutting down and abandoning module PaperTiledImporter (240)
[2017.04.02-19.26.59:956][288]LogModuleManager: Shutting down and abandoning module PaperSpriteSheetImporter (238)
[2017.04.02-19.26.59:956][288]LogModuleManager: Shutting down and abandoning module Paper2DEditor (236)
[2017.04.02-19.26.59:969][288]LogModuleManager: Shutting down and abandoning module MeshPaint (235)
[2017.04.02-19.26.59:983][288]LogModuleManager: Shutting down and abandoning module LevelEditor (233)
[2017.04.02-19.27.00:019][288]LogModuleManager: Shutting down and abandoning module PixelInspectorModule (232)
[2017.04.02-19.27.00:041][288]LogModuleManager: Shutting down and abandoning module MainFrame (230)
[2017.04.02-19.27.00:041][288]LogModuleManager: Shutting down and abandoning module HotReload (229)
[2017.04.02-19.27.00:155][288]LogModuleManager: Shutting down and abandoning module ContentBrowser (225)
[2017.04.02-19.27.00:158][288]LogModuleManager: Shutting down and abandoning module PhysXVehiclesEditor (222)
[2017.04.02-19.27.00:177][288]LogModuleManager: Shutting down and abandoning module PhysXVehicles (220)
[2017.04.02-19.27.00:177][288]LogModuleManager: Shutting down and abandoning module LocationServicesBPLibrary (218)
[2017.04.02-19.27.00:177][288]LogModuleManager: Shutting down and abandoning module UdpMessaging (216)
[2017.04.02-19.27.00:278][288]LogModuleManager: Shutting down and abandoning module TcpMessaging (214)
[2017.04.02-19.27.00:389][288]LogModuleManager: Shutting down and abandoning module GameplayTagsEditor (212)
[2017.04.02-19.27.00:407][288]LogModuleManager: Shutting down and abandoning module FacialAnimationEditor (210)
[2017.04.02-19.27.00:427][288]LogModuleManager: Shutting down and abandoning module FacialAnimation (208)
[2017.04.02-19.27.00:427][288]LogModuleManager: Shutting down and abandoning module LightPropagationVolumeRuntime (206)
[2017.04.02-19.27.00:427][288]LogModuleManager: Shutting down and abandoning module Paper2D (204)
[2017.04.02-19.27.00:432][288]LogModuleManager: Shutting down and abandoning module WindowsMoviePlayer (202)
[2017.04.02-19.27.00:444][288]LogModuleManager: Shutting down and abandoning module WmfMedia (200)
[2017.04.02-19.27.00:476][288]LogModuleManager: Shutting down and abandoning module MfMedia (198)
[2017.04.02-19.27.00:476][288]LogModuleManager: Shutting down and abandoning module MediaAssets (196)
[2017.04.02-19.27.00:476][288]LogModuleManager: Shutting down and abandoning module GameLiveStreaming (194)
[2017.04.02-19.27.00:489][288]LogModuleManager: Shutting down and abandoning module VREditor (192)
[2017.04.02-19.27.00:489][288]LogModuleManager: Shutting down and abandoning module GameplayTasksEditor (190)
[2017.04.02-19.27.00:489][288]LogModuleManager: Shutting down and abandoning module BehaviorTreeEditor (188)
[2017.04.02-19.27.00:521][288]LogModuleManager: Shutting down and abandoning module FunctionalTesting (186)
[2017.04.02-19.27.00:528][288]LogModuleManager: Shutting down and abandoning module CollisionAnalyzer (184)
[2017.04.02-19.27.00:529][288]LogModuleManager: Shutting down and abandoning module UMG (182)
[2017.04.02-19.27.00:544][288]LogModuleManager: Shutting down and abandoning module UMGEditor (181)
[2017.04.02-19.27.00:563][288]LogModuleManager: Shutting down and abandoning module Sequencer (180)
[2017.04.02-19.27.00:563][288]LogModuleManager: Shutting down and abandoning module AssetTools (178)
[2017.04.02-19.27.00:609][288]LogModuleManager: Shutting down and abandoning module MessageLog (177)
[2017.04.02-19.27.00:633][288]LogModuleManager: Shutting down and abandoning module WorkspaceMenuStructure (176)
[2017.04.02-19.27.00:670][288]LogModuleManager: Shutting down and abandoning module SlateReflector (170)
[2017.04.02-19.27.00:686][288]LogModuleManager: Shutting down and abandoning module Slate (168)
[2017.04.02-19.27.00:686][288]LogModuleManager: Shutting down and abandoning module EditorStyle (166)
[2017.04.02-19.27.00:715][288]LogModuleManager: Shutting down and abandoning module SourceCodeAccess (164)
[2017.04.02-19.27.00:715][288]LogModuleManager: Shutting down and abandoning module HeadMountedDisplay (162)
[2017.04.02-19.27.00:715][288]LogModuleManager: Shutting down and abandoning module XAudio2 (160)
[2017.04.02-19.27.00:715][288]LogModuleManager: Shutting down and abandoning module Networking (158)
[2017.04.02-19.27.00:715][288]LogModuleManager: Shutting down and abandoning module Core (154)
[2017.04.02-19.27.00:715][288]LogModuleManager: Shutting down and abandoning module AssetRegistry (152)
[2017.04.02-19.27.00:899][288]LogDirectoryWatcher: A directory notification for '../../../Engine/Content/' was aborted.
[2017.04.02-19.27.00:899][288]LogDirectoryWatcher: A directory notification for '../../../../Projects/LastBullet/Content/' was aborted.
[2017.04.02-19.27.00:899][288]LogDirectoryWatcher: A directory notification for '../../../Engine/Plugins/2D/Paper2D/Content/' was aborted.
[2017.04.02-19.27.00:900][288]LogModuleManager: Shutting down and abandoning module DirectoryWatcher (151)
[2017.04.02-19.27.00:907][288]LogModuleManager: Shutting down and abandoning module KismetCompiler (148)
[2017.04.02-19.27.00:907][288]LogModuleManager: Shutting down and abandoning module PhysXFormats (146)
[2017.04.02-19.27.00:920][288]LogModuleManager: Shutting down and abandoning module MeshUtilities (144)
[2017.04.02-19.27.00:970][288]LogModuleManager: Shutting down and abandoning module SimplygonSwarm (143)
[2017.04.02-19.27.00:971][288]LogModuleManager: Shutting down and abandoning module SimplygonMeshReduction (141)
[2017.04.02-19.27.00:983][288]LogModuleManager: Shutting down and abandoning module QuadricMeshReduction (139)
[2017.04.02-19.27.00:994][288]LogModuleManager: Shutting down and abandoning module PropertyEditor (137)
[2017.04.02-19.27.01:016][288]LogModuleManager: Shutting down and abandoning module DerivedDataCache (134)
[2017.04.02-19.27.01:110][288]LogDerivedDataCache: Shutdown
[2017.04.02-19.27.01:110][288]LogModuleManager: Shutting down and abandoning module TargetPlatform (132)
[2017.04.02-19.27.01:118][288]LogModuleManager: Shutting down and abandoning module VulkanShaderFormat (131)
[2017.04.02-19.27.01:140][288]LogModuleManager: Shutting down and abandoning module ShaderFormatOpenGL (129)
[2017.04.02-19.27.01:164][288]LogModuleManager: Shutting down and abandoning module ShaderFormatD3D (127)
[2017.04.02-19.27.01:173][288]LogModuleManager: Shutting down and abandoning module MetalShaderFormat (125)
[2017.04.02-19.27.01:186][288]LogModuleManager: Shutting down and abandoning module TextureFormatUncompressed (123)
[2017.04.02-19.27.01:186][288]LogModuleManager: Shutting down and abandoning module TextureFormatPVR (121)
[2017.04.02-19.27.01:186][288]LogModuleManager: Shutting down and abandoning module TextureFormatDXT (119)
[2017.04.02-19.27.01:186][288]LogModuleManager: Shutting down and abandoning module TextureFormatIntelISPCTexComp (117)
[2017.04.02-19.27.01:227][288]LogModuleManager: Shutting down and abandoning module TextureFormatASTC (115)
[2017.04.02-19.27.01:227][288]LogModuleManager: Shutting down and abandoning module ImageWrapper (114)
[2017.04.02-19.27.01:227][288]LogModuleManager: Shutting down and abandoning module TextureFormatAndroid (111)
[2017.04.02-19.27.01:227][288]LogModuleManager: Shutting down and abandoning module AudioFormatOpus (109)
[2017.04.02-19.27.01:227][288]LogModuleManager: Shutting down and abandoning module AudioFormatOgg (107)
[2017.04.02-19.27.01:227][288]LogModuleManager: Shutting down and abandoning module AudioFormatADPCM (105)
[2017.04.02-19.27.01:227][288]LogModuleManager: Shutting down and abandoning module LinuxTargetPlatform (103)
[2017.04.02-19.27.01:227][288]LogModuleManager: Shutting down and abandoning module LinuxServerTargetPlatform (101)
[2017.04.02-19.27.01:228][288]LogModuleManager: Shutting down and abandoning module LinuxNoEditorTargetPlatform (99)
[2017.04.02-19.27.01:228][288]LogModuleManager: Shutting down and abandoning module LinuxClientTargetPlatform (97)
[2017.04.02-19.27.01:229][288]LogModuleManager: Shutting down and abandoning module TVOSTargetPlatform (95)
[2017.04.02-19.27.01:229][288]LogModuleManager: Shutting down and abandoning module Messaging (93)
[2017.04.02-19.27.01:229][288]LogModuleManager: Shutting down and abandoning module IOSTargetPlatform (91)
[2017.04.02-19.27.01:230][288]LogModuleManager: Shutting down and abandoning module HTML5TargetPlatform (89)
[2017.04.02-19.27.01:255][288]LogModuleManager: Shutting down and abandoning module Android_PVRTCTargetPlatform (87)
[2017.04.02-19.27.01:255][288]LogModuleManager: Shutting down and abandoning module Android_MultiTargetPlatform (85)
[2017.04.02-19.27.01:255][288]LogModuleManager: Shutting down and abandoning module Android_ETC2TargetPlatform (83)
[2017.04.02-19.27.01:255][288]LogModuleManager: Shutting down and abandoning module Android_ETC1TargetPlatform (81)
[2017.04.02-19.27.01:256][288]LogModuleManager: Shutting down and abandoning module Android_DXTTargetPlatform (79)
[2017.04.02-19.27.01:256][288]LogModuleManager: Shutting down and abandoning module Android_ATCTargetPlatform (77)
[2017.04.02-19.27.01:256][288]LogModuleManager: Shutting down and abandoning module Android_ASTCTargetPlatform (75)
[2017.04.02-19.27.01:272][288]LogModuleManager: Shutting down and abandoning module AndroidTargetPlatform (73)
[2017.04.02-19.27.01:288][288]LogModuleManager: Shutting down and abandoning module WindowsTargetPlatform (71)
[2017.04.02-19.27.01:289][288]LogModuleManager: Shutting down and abandoning module WindowsServerTargetPlatform (69)
[2017.04.02-19.27.01:307][288]LogModuleManager: Shutting down and abandoning module WindowsNoEditorTargetPlatform (67)
[2017.04.02-19.27.01:319][288]LogModuleManager: Shutting down and abandoning module WindowsClientTargetPlatform (65)
[2017.04.02-19.27.01:338][288]LogModuleManager: Shutting down and abandoning module MacTargetPlatform (63)
[2017.04.02-19.27.01:339][288]LogModuleManager: Shutting down and abandoning module MacServerTargetPlatform (61)
[2017.04.02-19.27.01:339][288]LogModuleManager: Shutting down and abandoning module MacNoEditorTargetPlatform (59)
[2017.04.02-19.27.01:352][288]LogModuleManager: Shutting down and abandoning module MacClientTargetPlatform (57)
[2017.04.02-19.27.01:367][288]LogModuleManager: Shutting down and abandoning module AllDesktopTargetPlatform (55)
[2017.04.02-19.27.01:367][288]LogModuleManager: Shutting down and abandoning module InputCore (52)
[2017.04.02-19.27.01:367][288]LogModuleManager: Shutting down and abandoning module Settings (50)
[2017.04.02-19.27.01:368][288]LogModuleManager: Shutting down and abandoning module OculusRift (48)
[2017.04.02-19.27.01:376][288]LogModuleManager: Shutting down and abandoning module GearVR (46)
[2017.04.02-19.27.01:382][288]LogModuleManager: Shutting down and abandoning module ExampleDeviceProfileSelector (44)
[2017.04.02-19.27.01:382][288]LogModuleManager: Shutting down and abandoning module OnlineBlueprintSupport (42)
[2017.04.02-19.27.01:382][288]LogModuleManager: Shutting down and abandoning module OnlineSubsystem (38)
[2017.04.02-19.27.01:382][288]LogOnline:Display: Unloading online subsystem: NULL
[2017.04.02-19.27.01:431][288]LogModuleManager: Shutting down and abandoning module XMPP (37)
[2017.04.02-19.27.01:457][288]LogModuleManager: Shutting down and abandoning module HTTP (35)
[2017.04.02-19.27.01:469][288]LogHttp:Display: Http module shutting down, but needs to wait on 1 outstanding Http requests:
[2017.04.02-19.27.01:469][288]LogHttp:Display: 	verb=[POST] url=[https://datarouter.ol.epicgames.com/datarouter/api/v1/public/data?SessionID=%7BAF376792-4486-C724-234F-C7BA8ADDF5B1%7D&AppID=UEEditor.Rocket.Release&AppVersion=4.15.1-3348071%2B%2B%2BUE4%2BRelease-4.15&UserID=15554a644807a486ba899cbd09228e19%7Ccb366ee9920943c99d753c26cd3174cf%7Ce696dbf3-2f41-4d5c-8123-2e1344375e59&AppEnvironment=datacollector-binary&UploadType=eteventstream] status=Processing
[2017.04.02-19.27.01:531][288]LogModuleManager: Shutting down and abandoning module SSL (34)
[2017.04.02-19.27.01:552][288]LogModuleManager: Shutting down and abandoning module AudioEditor (30)
[2017.04.02-19.27.01:553][288]LogModuleManager: Shutting down and abandoning module TextureCompressor (28)
[2017.04.02-19.27.01:553][288]LogModuleManager: Shutting down and abandoning module ShaderCore (26)
[2017.04.02-19.27.01:553][288]LogModuleManager: Shutting down and abandoning module Landscape (24)
[2017.04.02-19.27.01:553][288]LogModuleManager: Shutting down and abandoning module SlateRHIRenderer (22)
[2017.04.02-19.27.01:566][288]LogModuleManager: Shutting down and abandoning module OpenGLDrv (20)
[2017.04.02-19.27.01:592][288]LogModuleManager: Shutting down and abandoning module D3D11RHI (18)
[2017.04.02-19.27.01:592][288]LogModuleManager: Shutting down and abandoning module AnimGraphRuntime (16)
[2017.04.02-19.27.01:602][288]LogModuleManager: Shutting down and abandoning module Renderer (14)
[2017.04.02-19.27.01:602][288]LogModuleManager: Shutting down and abandoning module Engine (12)
[2017.04.02-19.27.01:602][288]LogModuleManager: Shutting down and abandoning module CoreUObject (10)
[2017.04.02-19.27.01:602][288]LogModuleManager: Shutting down and abandoning module NetworkFile (8)
[2017.04.02-19.27.01:635][288]LogModuleManager: Shutting down and abandoning module StreamingFile (6)
[2017.04.02-19.27.01:643][288]LogModuleManager: Shutting down and abandoning module SandboxFile (4)
[2017.04.02-19.27.01:655][288]LogModuleManager: Shutting down and abandoning module PakFile (2)
[2017.04.02-19.27.01:696][288]LogExit: Exiting.
[2017.04.02-19.27.01:719][288]Log file closed, 04/02/17 21:27:01
