Log file open, 04/25/17 16:18:09
LogInit:Display: Running engine for game: LastBullet
LogPlatformFile: Not using cached read wrapper
LogInit:Display: RandInit(-1483404939) SRandInit(-1483404938).
LogTaskGraph: Started task graph with 5 named threads and 8 total threads with 1 sets of task threads.
LogStats: Stats thread started at 0.456943
LogInit: Using libcurl 7.47.1
LogInit:  - built for x86_64-pc-win32
LogInit:  - supports SSL with OpenSSL/1.0.2g
LogInit:  - supports HTTP deflate (compression) using libz 1.2.8
LogInit:  - other features:
LogInit:      CURL_VERSION_SSL
LogInit:      CURL_VERSION_LIBZ
LogInit:      CURL_VERSION_IPV6
LogInit:      CURL_VERSION_ASYNCHDNS
LogInit:      CURL_VERSION_LARGEFILE
LogInit:      CURL_VERSION_IDN
LogInit:  CurlRequestOptions (configurable via config and command line):
LogInit:  - bVerifyPeer = false  - Libcurl will NOT verify peer certificate
LogInit:  - bUseHttpProxy = false  - Libcurl will NOT use HTTP proxy
LogInit:  - bDontReuseConnections = false  - Libcurl will reuse connections
LogInit:  - CertBundlePath = nullptr  - Libcurl will use whatever was configured at build time.
LogInit: Build: ++UE4+Release-4.15-CL-3348071
LogInit: Engine Version: 4.15.1-3348071+++UE4+Release-4.15
LogInit: Compatible Engine Version: 4.15.0-3299760+++UE4+Release-4.15
LogInit: Net CL: 3299760
LogDevObjectVersion: Number of dev versions registered: 14
LogDevObjectVersion:   Dev-Blueprints (B0D832E4-1F89-4F0D-ACCF-7EB736FD4AA2): 8
LogDevObjectVersion:   Dev-Build (E1C64328-A22C-4D53-A36C-8E866417BD8C): 0
LogDevObjectVersion:   Dev-Core (375EC13C-06E4-48FB-B500-84F0262A717E): 2
LogDevObjectVersion:   Dev-Editor (E4B068ED-F494-42E9-A231-DA0B2E46BB41): 14
LogDevObjectVersion:   Dev-Framework (CFFC743F-43B0-4480-9391-14DF171D2073): 22
LogDevObjectVersion:   Dev-Mobile (B02B49B5-BB20-44E9-A304-32B752E40360): 0
LogDevObjectVersion:   Dev-Networking (A4E4105C-59A1-49B5-A7C5-40C4547EDFEE): 0
LogDevObjectVersion:   Dev-Online (39C831C9-5AE6-47DC-9A44-9C173E1C8E7C): 0
LogDevObjectVersion:   Dev-Physics (78F01B33-EBEA-4F98-B9B4-84EACCB95AA2): 0
LogDevObjectVersion:   Dev-Platform (6631380F-2D4D-43E0-8009-CF276956A95A): 0
LogDevObjectVersion:   Dev-Rendering (12F88B9F-8875-4AFC-A67C-D90C383ABD29): 12
LogDevObjectVersion:   Dev-Sequencer (7B5AE74C-D270-4C10-A958-57980B212A5A): 3
LogDevObjectVersion:   Dev-VR (D7296918-1DD6-4BDD-9DE2-64A83CC13884): 0
LogDevObjectVersion:   Dev-LoadTimes (C2A15278-BFE7-4AFE-6C17-90FF531DF755): 1
LogInit: Compiled (64-bit): Mar 15 2017 16:52:47
LogInit: Compiled with Visual C++: 19.00.23026.00
LogInit: Build Configuration: Development
LogInit: Branch Name: ++UE4+Release-4.15
LogInit: Command line:  
LogInit: Base directory: D:/Program Files/Epic Games/UE_4.15/Engine/Binaries/Win64/
LogInit: Installed Engine Build: 1
LogInit: Presizing for max 8388607 objects, including 0 objects not considered by GC, pre-allocating 0 bytes for permanent pool.
LogInit: Object subsystem initialized
[2017.04.25-14.18.10:353][  0]LogInit: Selected Device Profile: [Windows]
[2017.04.25-14.18.10:353][  0]LogInit: Applying CVar settings loaded from the selected device profile: [Windows]
[2017.04.25-14.18.10:372][  0]LogInit: Computer: DESKTOP-T9NOKQO
[2017.04.25-14.18.10:372][  0]LogInit: User: cripe
[2017.04.25-14.18.10:372][  0]LogInit: CPU Page size=65536, Cores=4
[2017.04.25-14.18.10:372][  0]LogInit: High frequency timer resolution =2.435773 MHz
[2017.04.25-14.18.10:372][  0]LogMemory: Memory total: Physical=15.9GB (16GB approx)
[2017.04.25-14.18.10:372][  0]LogMemory: Platform Memory Stats for Windows
[2017.04.25-14.18.10:372][  0]LogMemory: Process Physical Memory: 263.27 MB used, 263.27 MB peak
[2017.04.25-14.18.10:372][  0]LogMemory: Process Virtual Memory: 262.76 MB used, 262.76 MB peak
[2017.04.25-14.18.10:372][  0]LogMemory: Physical Memory: 4331.83 MB used,  11971.31 MB free, 16303.14 MB total
[2017.04.25-14.18.10:372][  0]LogMemory: Virtual Memory: 631.08 MB used,  11971.31 MB free, 134217728.00 MB total
[2017.04.25-14.18.11:132][  0]LogInit: Overriding culture en with editor configuration.
[2017.04.25-14.18.11:887][  0]LogD3D11RHI: D3D11 adapters:
[2017.04.25-14.18.12:505][  0]LogD3D11RHI:    0. 'NVIDIA GeForce GTX 860M' (Feature Level 11_0)
[2017.04.25-14.18.12:505][  0]LogD3D11RHI:       2017/0/8151 MB DedicatedVideo/DedicatedSystem/SharedSystem, Outputs:1, VendorId:0x10de
[2017.04.25-14.18.12:515][  0]LogD3D11RHI:    1. 'Intel(R) HD Graphics 4600' (Feature Level 11_0)
[2017.04.25-14.18.12:515][  0]LogD3D11RHI:       112/0/2048 MB DedicatedVideo/DedicatedSystem/SharedSystem, Outputs:0, VendorId:0x8086
[2017.04.25-14.18.12:516][  0]LogD3D11RHI:    2. 'Microsoft Basic Render Driver' (Feature Level 11_0)
[2017.04.25-14.18.12:516][  0]LogD3D11RHI:       0/0/8151 MB DedicatedVideo/DedicatedSystem/SharedSystem, Outputs:0, VendorId:0x1414
[2017.04.25-14.18.12:516][  0]LogD3D11RHI: Chosen D3D11 Adapter: 0
[2017.04.25-14.18.12:521][  0]LogD3D11RHI: Creating new Direct3DDevice
[2017.04.25-14.18.12:521][  0]LogD3D11RHI:     GPU DeviceId: 0x119a (for the marketing name, search the web for "GPU Device Id")
[2017.04.25-14.18.12:521][  0]LogWindows: EnumDisplayDevices:
[2017.04.25-14.18.12:521][  0]LogWindows:    0. 'Intel(R) HD Graphics 4600' (P:1 D:1)
[2017.04.25-14.18.12:521][  0]LogWindows:    1. 'Intel(R) HD Graphics 4600' (P:0 D:0)
[2017.04.25-14.18.12:521][  0]LogWindows:    2. 'Intel(R) HD Graphics 4600' (P:0 D:0)
[2017.04.25-14.18.12:521][  0]LogWindows:    3. 'Intel(R) HD Graphics 4600' (P:0 D:0)
[2017.04.25-14.18.12:521][  0]LogWindows:    4. 'Intel(R) HD Graphics 4600' (P:0 D:0)
[2017.04.25-14.18.12:522][  0]LogWindows:    5. 'Intel(R) HD Graphics 4600' (P:0 D:0)
[2017.04.25-14.18.12:522][  0]LogWindows: DebugString: PrimaryIsNotTheChoosenAdapter PrimaryIsNotTheChoosenAdapter PrimaryIsNotTheChoosenAdapter PrimaryIsNotTheChoosenAdapter PrimaryIsNotTheChoosenAdapter PrimaryIsNotTheChoosenAdapter FoundDriverCount:0 
[2017.04.25-14.18.12:522][  0]LogD3D11RHI:     Adapter Name: NVIDIA GeForce GTX 860M
[2017.04.25-14.18.12:522][  0]LogD3D11RHI:   Driver Version: Unknown (internal:Unknown, unified:Unknown)
[2017.04.25-14.18.12:522][  0]LogD3D11RHI:      Driver Date: Unknown
[2017.04.25-14.18.12:522][  0]LogRHI: Texture pool is 1361 MB (70% of 1945 MB)
[2017.04.25-14.18.13:025][  0]LogD3D11RHI:Warning: Timestamp queries are currently disabled on this hardware due to instability. Realtime GPU stats will not be available. You can override this behaviour by setting r.NVIDIATimestampWorkaround to 0
[2017.04.25-14.18.13:033][  0]LogD3D11RHI: Async texture creation enabled
[2017.04.25-14.18.13:114][  0]LogD3D11RHI: GPU Timing Frequency: 1000.000000 (Debug: 2 1)
[2017.04.25-14.18.13:119][  0]LogShaderCompilers: Guid format shader working directory is -1 characters bigger than the processId version (C:/Users/cripe/Desktop/LastBulletVR/LastBullet/Intermediate/Shaders/WorkingDirectory/12792/).
[2017.04.25-14.18.13:119][  0]LogShaderCompilers: Cleaned the shader compiler working directory 'C:/Users/cripe/AppData/Local/Temp/UnrealShaderWorkingDir/0FDF306944A6ECEE4A6BF5BC6944C82D/'.
[2017.04.25-14.18.13:119][  0]LogShaderCompilers:Display: Using Local Shader Compiler.
[2017.04.25-14.18.14:668][  0]LogTemp:Display: Loaded TP AllDesktopTargetPlatform
[2017.04.25-14.18.14:713][  0]LogTemp:Display: Loaded TP MacClientTargetPlatform
[2017.04.25-14.18.14:759][  0]LogTemp:Display: Loaded TP MacNoEditorTargetPlatform
[2017.04.25-14.18.14:805][  0]LogTemp:Display: Loaded TP MacServerTargetPlatform
[2017.04.25-14.18.14:853][  0]LogTemp:Display: Loaded TP MacTargetPlatform
[2017.04.25-14.18.14:900][  0]LogTemp:Display: Loaded TP WindowsClientTargetPlatform
[2017.04.25-14.18.14:946][  0]LogTemp:Display: Loaded TP WindowsNoEditorTargetPlatform
[2017.04.25-14.18.14:991][  0]LogTemp:Display: Loaded TP WindowsServerTargetPlatform
[2017.04.25-14.18.15:028][  0]LogTemp:Display: Loaded TP WindowsTargetPlatform
[2017.04.25-14.18.15:074][  0]LogTemp:Display: Loaded TP AndroidTargetPlatform
[2017.04.25-14.18.15:120][  0]LogTemp:Display: Loaded TP Android_ASTCTargetPlatform
[2017.04.25-14.18.15:166][  0]LogTemp:Display: Loaded TP Android_ATCTargetPlatform
[2017.04.25-14.18.15:211][  0]LogTemp:Display: Loaded TP Android_DXTTargetPlatform
[2017.04.25-14.18.15:256][  0]LogTemp:Display: Loaded TP Android_ETC1TargetPlatform
[2017.04.25-14.18.15:301][  0]LogTemp:Display: Loaded TP Android_ETC2TargetPlatform
[2017.04.25-14.18.15:392][  0]LogTemp:Display: Loaded TP Android_MultiTargetPlatform
[2017.04.25-14.18.15:392][  0]LogTemp:Display: Loaded TP Android_PVRTCTargetPlatform
[2017.04.25-14.18.15:422][  0]LogTemp:Display: Loaded TP HTML5TargetPlatform
[2017.04.25-14.18.15:512][  0]LogTemp:Display: Loaded TP IOSTargetPlatform
[2017.04.25-14.18.15:540][  0]LogTemp:Display: Loaded TP TVOSTargetPlatform
[2017.04.25-14.18.15:586][  0]LogTemp:Display: Loaded TP LinuxClientTargetPlatform
[2017.04.25-14.18.15:631][  0]LogTemp:Display: Loaded TP LinuxNoEditorTargetPlatform
[2017.04.25-14.18.15:676][  0]LogTemp:Display: Loaded TP LinuxServerTargetPlatform
[2017.04.25-14.18.15:722][  0]LogTemp:Display: Loaded TP LinuxTargetPlatform
[2017.04.25-14.18.15:722][  0]LogTargetPlatformManager:Display: Building Assets For Windows
[2017.04.25-14.18.16:098][  0]LogDerivedDataCache:Display: Max Cache Size: 512 MB
[2017.04.25-14.18.16:293][  0]LogDerivedDataCache: Loaded boot cache 0.19s 50MB C:/Users/cripe/AppData/Local/UnrealEngine/4.15/DerivedDataCache/Boot.ddc.
[2017.04.25-14.18.16:293][  0]LogDerivedDataCache:Display: Loaded Boot cache: C:/Users/cripe/AppData/Local/UnrealEngine/4.15/DerivedDataCache/Boot.ddc
[2017.04.25-14.18.16:294][  0]LogDerivedDataCache: FDerivedDataBackendGraph:  Pak pak cache file C:/Users/cripe/Desktop/LastBulletVR/LastBullet/DerivedDataCache/DDC.ddp not found, will not use a pak cache.
[2017.04.25-14.18.16:294][  0]LogDerivedDataCache: Unable to find inner node Pak for hierarchical cache Hierarchy.
[2017.04.25-14.18.16:294][  0]LogDerivedDataCache: FDerivedDataBackendGraph:  CompressedPak pak cache file C:/Users/cripe/Desktop/LastBulletVR/LastBullet/DerivedDataCache/Compressed.ddp not found, will not use a pak cache.
[2017.04.25-14.18.16:294][  0]LogDerivedDataCache: Unable to find inner node CompressedPak for hierarchical cache Hierarchy.
[2017.04.25-14.18.16:315][  0]LogDerivedDataCache:Display: Pak cache opened for reading ../../../Engine/DerivedDataCache/Compressed.ddp.
[2017.04.25-14.18.16:328][  0]LogDerivedDataCache: Using Local data cache path C:/Users/cripe/AppData/Local/UnrealEngine/Common/DerivedDataCache: Writable
[2017.04.25-14.18.16:349][  0]LogSlate: Using Freetype 2.6.0
[2017.04.25-14.18.16:354][  0]LogSlate: SlateFontCache - WITH_FREETYPE: 1, WITH_HARFBUZZ: 1
[2017.04.25-14.18.16:354][  0]LogSlate: SlateFontCache - WITH_FREETYPE: 1, WITH_HARFBUZZ: 1
[2017.04.25-14.18.17:102][  0]LogInit: Selected Device Profile: [Windows]
[2017.04.25-14.18.17:111][  0]LogContentStreaming: Texture pool size is 0.00 MB
[2017.04.25-14.18.17:320][  0]LogMeshUtilities: Using QuadricMeshReduction for automatic static mesh reduction
[2017.04.25-14.18.17:357][  0]LogSimplygon: Simplygon DLL not present - disabling.
[2017.04.25-14.18.17:398][  0]LogMeshUtilities: Using SimplygonSwarm for distributed automatic mesh merging
[2017.04.25-14.18.17:398][  0]LogMeshUtilities: No automatic skeletal mesh reduction module available
[2017.04.25-14.18.17:398][  0]LogMeshUtilities: No automatic mesh merging module available
[2017.04.25-14.18.18:148][  0]LogNetVersion: GetLocalNetworkVersion: CL: 3299760, ProjectName: lastbullet, ProjectVersion: , EngineNetworkVersion: 2, GameNetworkVersion: 0, NetworkChecksum: 1522868599
[2017.04.25-14.18.18:196][  0]LogAssetRegistry: FAssetRegistry took 0.0232 seconds to start up
[2017.04.25-14.18.18:224][  0]LogPackageLocalizationCache: Processed 3 localized package path(s) for 1 prioritized culture(s) in 0.013024 seconds
[2017.04.25-14.18.18:230][  0]LogUObjectArray: 32493 objects as part of root set at end of initial load.
[2017.04.25-14.18.18:230][  0]LogUObjectAllocator: 7077032 out of 0 bytes used by permanent object pool.
[2017.04.25-14.18.18:230][  0]LogUObjectArray: CloseDisregardForGC: 0/0 objects in disregard for GC pool
[2017.04.25-14.18.18:277][  0]LogInit: WinSock: version 1.1 (2.2), MaxSocks=32767, MaxUdp=65467
[2017.04.25-14.18.20:438][  0]LogTcpMessaging: Initializing TcpMessaging bridge
[2017.04.25-14.18.20:474][  0]LogUdpMessaging: Initializing bridge on interface 0.0.0.0:0 to multicast group 230.0.0.1:6666.
[2017.04.25-14.18.20:922][  0]LogMaterial: Uniform references updated for custom material expression Custom.
[2017.04.25-14.18.21:275][  0]SourceControl: Info Source control is disabled
[2017.04.25-14.18.21:277][  0]SourceControl: Info Source control is disabled
[2017.04.25-14.18.21:322][  0]SourceControl: Info Source control is disabled
[2017.04.25-14.18.21:362][  0]SourceControl: Info Source control is disabled
[2017.04.25-14.18.22:471][  0]LogEngine: Initializing Engine...
[2017.04.25-14.18.22:473][  0]LogHMD: Failed to initialize OpenVR with code 110
[2017.04.25-14.18.22:715][  0]LogAIModule: Creating AISystem for world Untitled
[2017.04.25-14.18.22:731][  0]LogInit: XAudio2 using 'Altavoces (Realtek High Definition Audio)' : 2 channels at 48 kHz using 32 bits per sample (channel mask 0x3)
[2017.04.25-14.18.23:105][  0]LogInit: FAudioDevice initialized.
[2017.04.25-14.18.23:130][  0]LogDerivedDataCache: Saved boot cache 0.02s 50MB C:/Users/cripe/AppData/Local/UnrealEngine/4.15/DerivedDataCache/Boot.ddc.
[2017.04.25-14.18.23:133][  0]LogInit: Texture streaming: Enabled
[2017.04.25-14.18.23:209][  0]LogEngineSessionManager: EngineSessionManager initialized
[2017.04.25-14.18.23:288][  0]LogWindowsTextInputMethodSystem:Display: IME system now deactivated.
[2017.04.25-14.18.23:608][  0]LogInit: Transaction tracking system initialized
[2017.04.25-14.18.23:904][  0]BlueprintLog: New page: Editor Load
[2017.04.25-14.18.24:693][  0]LocalizationService: Info Localization service is disabled
[2017.04.25-14.18.25:289][  0]LogConsoleResponse:Display: 
[2017.04.25-14.18.25:446][  0]LogCook:Display: Max memory allowance for cook 16384mb min free memory 0mb
[2017.04.25-14.18.25:446][  0]LogCook:Display: Mobile HDR setting 1
[2017.04.25-14.18.25:866][  0]LogFileCache: Scanning file cache for directory 'C:/Users/cripe/Desktop/LastBulletVR/LastBullet/Content/' took 0.02s
[2017.04.25-14.18.26:454][  0]SourceControl: Info Source control is disabled
[2017.04.25-14.18.26:455][  0]Cmd: MAP LOAD FILE="C:/Users/cripe/Desktop/LastBulletVR/LastBullet/Content/StarterContent/Maps/Minimal_Default.umap" TEMPLATE=0 SHOWPROGRESS=1 FEATURELEVEL=3
[2017.04.25-14.18.26:461][  0]LightingResults: New page: Lighting Build
[2017.04.25-14.18.26:501][  0]MapCheck: New page: Map Check
[2017.04.25-14.18.26:501][  0]LightingResults: New page: Lighting Build
[2017.04.25-14.18.26:518][  0]LogLinker:Warning: Asset 'C:/Users/cripe/Desktop/LastBulletVR/LastBullet/Content/Blueprints/modul_transporttransport_16_Blueprint.uasset' has been saved with empty engine version. The asset will be loaded but may be incompatible.
[2017.04.25-14.18.26:558][  0]LogBlueprint:Warning: Node '/Game/Blueprints/modul_transporttransport_16_Blueprint.modul_transporttransport_16_Blueprint:EdGraph_0.K2Node_FunctionEntry_359' missing NodeGuid because of upgrade from old package version, this can cause deterministic cooking issues please resave package.
[2017.04.25-14.18.26:564][  0]LogBlueprint:Warning: Node '/Game/Blueprints/modul_transporttransport_16_Blueprint.modul_transporttransport_16_Blueprint:EdGraph_1.K2Node_FunctionEntry_359' missing NodeGuid because of upgrade from old package version, this can cause deterministic cooking issues please resave package.
[2017.04.25-14.18.26:568][  0]LogBlueprint:Warning: Node '/Game/Blueprints/modul_transporttransport_16_Blueprint.modul_transporttransport_16_Blueprint:EdGraph_2.K2Node_FunctionEntry_359' missing NodeGuid because of upgrade from old package version, this can cause deterministic cooking issues please resave package.
[2017.04.25-14.18.26:894][  0]LogLinker:Warning: Can't find file '/Game/StarterContent/Maps/Minimal_Default_BuiltData'
[2017.04.25-14.18.26:894][  0]LogLinker:Warning: Can't find file for asset '/Game/StarterContent/Maps/Minimal_Default_BuiltData' while loading C:/Users/cripe/Desktop/LastBulletVR/LastBullet/Content/StarterContent/Maps/Minimal_Default.umap.
[2017.04.25-14.18.26:894][  0]LoadErrors:Error: Error /Game/StarterContent/Maps/Minimal_Default : Can't find file for asset. /Game/StarterContent/Maps/Minimal_Default_BuiltData
[2017.04.25-14.18.27:047][  0]LogLinker:Warning: Asset 'C:/Users/cripe/Desktop/LastBulletVR/LastBullet/Content/Meshes/Space/StarMap_Nebula_1_Mat.uasset' has been saved with empty engine version. The asset will be loaded but may be incompatible.
[2017.04.25-14.18.27:048][  0]LogLinker:Warning: Asset 'C:/Users/cripe/Desktop/LastBulletVR/LastBullet/Content/Meshes/Space/StarMap_Nebula_1.uasset' has been saved with empty engine version. The asset will be loaded but may be incompatible.
[2017.04.25-14.18.27:060][  0]LogLinker:Warning: Asset 'C:/Users/cripe/Desktop/LastBulletVR/LastBullet/Content/Meshes/Space/FX_Map_7.uasset' has been saved with empty engine version. The asset will be loaded but may be incompatible.
[2017.04.25-14.18.27:062][  0]LogLinker:Warning: Asset 'C:/Users/cripe/Desktop/LastBulletVR/LastBullet/Content/Meshes/Space/StarMap_1.uasset' has been saved with empty engine version. The asset will be loaded but may be incompatible.
[2017.04.25-14.18.27:405][  0]LogLinker:Warning: Can't find file '/Game/StarterContent/Maps/Minimal_Default_BuiltData'
[2017.04.25-14.18.27:405][  0]LogLinker:Warning: Can't find file for asset '/Game/StarterContent/Maps/Minimal_Default_BuiltData' while loading C:/Users/cripe/Desktop/LastBulletVR/LastBullet/Content/StarterContent/Maps/Minimal_Default.umap.
[2017.04.25-14.18.27:405][  0]LoadErrors:Error: Error /Game/StarterContent/Maps/Minimal_Default : Can't find file for asset. /Game/StarterContent/Maps/Minimal_Default_BuiltData
[2017.04.25-14.18.27:419][  0]LogLinker:Warning: Can't find file '/Game/StarterContent/Maps/Minimal_Default_BuiltData'
[2017.04.25-14.18.27:419][  0]LogLinker:Warning: Can't find file for asset '/Game/StarterContent/Maps/Minimal_Default_BuiltData' while loading NULL.
[2017.04.25-14.18.27:419][  0]LogLinker:Warning: Can't find file '/Game/StarterContent/Maps/Minimal_Default_BuiltData'
[2017.04.25-14.18.27:419][  0]LogLinker:Warning: Can't find file for asset '/Game/StarterContent/Maps/Minimal_Default_BuiltData' while loading NULL.
[2017.04.25-14.18.27:506][  0]LogLinker:Warning: Can't find file '/Game/StarterContent/Maps/Minimal_Default_BuiltData'
[2017.04.25-14.18.27:506][  0]LoadErrors: Info Failed to load /Game/StarterContent/Maps/Minimal_Default_BuiltData.Minimal_Default_BuiltData Referenced by PersistentLevel
[2017.04.25-14.18.27:506][  0]LogLinker:Warning: Can't find file for asset '/Game/StarterContent/Maps/Minimal_Default_BuiltData' while loading NULL.
[2017.04.25-14.18.27:506][  0]LoadErrors: Info Failed to load /Game/StarterContent/Maps/Minimal_Default_BuiltData.Minimal_Default_BuiltData Referenced by PersistentLevel
[2017.04.25-14.18.27:958][  0]LogBlueprint:Warning: Node '/Game/Blueprints/modul_transporttransport_16_Blueprint.modul_transporttransport_16_Blueprint:UserConstructionScript.K2Node_FunctionEntry_359' missing NodeGuid because of upgrade from old package version, this can cause deterministic cooking issues please resave package.
[2017.04.25-14.18.28:369][  0]LogAIModule: Creating AISystem for world Minimal_Default
[2017.04.25-14.18.28:413][  0]LogEditorServer: Finished looking for orphan Actors (0.000 secs)
[2017.04.25-14.18.28:414][  0]Cmd: MAP CHECKDEP NOCLEARLOG
[2017.04.25-14.18.28:530][  0]MapCheck: Info Map check complete: 0 Error(s), 0 Warning(s), took 116.104ms to complete.
[2017.04.25-14.18.28:531][  0]LogFileHelpers: Loading map 'Minimal_Default' took 2.076
[2017.04.25-14.18.28:751][  0]LogCollectionManager: Loaded 0 collections in 0.001891 seconds
[2017.04.25-14.18.28:834][  0]LogFileCache: Scanning file cache for directory 'C:/Users/cripe/Desktop/LastBulletVR/LastBullet/Saved/Collections/' took 0.01s
[2017.04.25-14.18.28:834][  0]LogFileCache: Scanning file cache for directory 'C:/Users/cripe/Desktop/LastBulletVR/LastBullet/Content/Developers/cripe/Collections/' took 0.01s
[2017.04.25-14.18.28:834][  0]LogFileCache: Scanning file cache for directory 'C:/Users/cripe/Desktop/LastBulletVR/LastBullet/Content/Collections/' took 0.01s
[2017.04.25-14.18.28:834][  0]LogCollectionManager: Rebuilt the GUID cache for 0 collections in 0.000002 seconds
[2017.04.25-14.18.28:844][  0]LogContentBrowser: Native class hierarchy populated in 0.0088 seconds. Added 2245 classes and 453 folders.
[2017.04.25-14.18.28:850][  0]LogStats: UGameplayTagsManager::ConstructGameplayTagTree: Construct from data asset -  0.000 s
[2017.04.25-14.18.28:850][  0]LogStats: UGameplayTagsManager::ConstructGameplayTagTree: GameplayTagTreeChangedEvent.Broadcast -  0.000 s
[2017.04.25-14.18.28:899][  0]LogContentBrowser: Native class hierarchy updated for 'WidgetCarousel' in 0.0005 seconds. Added 0 classes and 0 folders.
[2017.04.25-14.18.29:004][  0]LogContentBrowser: Native class hierarchy updated for 'AddContentDialog' in 0.0006 seconds. Added 0 classes and 0 folders.
[2017.04.25-14.18.29:045][  0]LogContentBrowser: Native class hierarchy updated for 'SceneOutliner' in 0.0005 seconds. Added 1 classes and 2 folders.
[2017.04.25-14.18.29:191][  0]LogCrashTracker: Crashtracker disabled due to settings.
[2017.04.25-14.18.29:203][  0]LogUObjectGlobals:Warning: Failed to find object 'Class None.'
[2017.04.25-14.18.29:269][  0]LogContentBrowser: Native class hierarchy updated for 'HierarchicalLODOutliner' in 0.0012 seconds. Added 1 classes and 2 folders.
[2017.04.25-14.18.29:270][  0]LogLoad: (Engine Initialization) Total time: 21.39 seconds
[2017.04.25-14.18.29:270][  0]LogLoad: (Engine Initialization) Total Blueprint compile time: 0.18 seconds
[2017.04.25-14.18.29:270][  0]LogExternalProfiler: Found external profiler: VSPerf
[2017.04.25-14.18.29:270][  0]LogExternalProfiler: Using external profiler: VSPerf
[2017.04.25-14.18.29:288][  0]LogOcInput: OculusInput pre-init called
[2017.04.25-14.18.29:327][  0]LogContentStreaming: Texture pool size now 1000 MB
[2017.04.25-14.18.29:349][  0]LogSlate: Took 0.001544 seconds to synchronously load lazily loaded font '../../../Engine/Content/Slate/Fonts/Roboto-Regular.ttf' (155K)
[2017.04.25-14.18.29:355][  0]LogSlate: Took 0.001469 seconds to synchronously load lazily loaded font '../../../Engine/Content/Slate/Fonts/Roboto-Bold.ttf' (160K)
[2017.04.25-14.18.29:364][  0]LogSlate: Took 0.001627 seconds to synchronously load lazily loaded font '../../../Engine/Content/Editor/Slate/Fonts/FontAwesome.ttf' (139K)
[2017.04.25-14.18.29:511][  0]LogSlate: Took 0.001115 seconds to synchronously load lazily loaded font '../../../Engine/Content/Slate/Fonts/Roboto-Light.ttf' (159K)
[2017.04.25-14.18.29:549][  0]LogRenderer: Reallocating scene render targets to support 1208x576 NumSamples 1 (Frame:2).
[2017.04.25-14.18.29:638][  1]LogFileCache: Retrieving MD5 hashes for directory 'C:/Users/cripe/Desktop/LastBulletVR/LastBullet/Content/' took 0.34s
[2017.04.25-14.18.29:692][  2]LogAssetRegistry: Asset discovery search completed in 11.5181 seconds
[2017.04.25-14.18.29:692][  2]LogCollectionManager: Rebuilt the object cache for 0 collections in 0.000007 seconds (found 0 objects)
[2017.04.25-14.18.29:692][  2]LogCollectionManager: Fixed up redirectors for 0 collections in 0.000022 seconds (updated 0 objects)
[2017.04.25-14.18.45:362][911]LogSlate: Took 0.000222 seconds to synchronously load lazily loaded font '../../../Engine/Content/Slate/Fonts/Roboto-Light.ttf' (159K)
[2017.04.25-14.18.45:846][911]LogAIModule: Creating AISystem for world Ruben
[2017.04.25-14.18.45:883][911]Cmd: MAP LOAD FILE="C:/Users/cripe/Desktop/LastBulletVR/LastBullet/Content/FirstPersonBP/Maps/Ruben.umap" TEMPLATE=0 SHOWPROGRESS=1 FEATURELEVEL=3
[2017.04.25-14.18.45:883][911]LightingResults: New page: Lighting Build
[2017.04.25-14.18.45:885][911]LoadErrors: New page: Loading map: Ruben.umap
[2017.04.25-14.18.45:887][911]MapCheck: New page: Map Check
[2017.04.25-14.18.45:887][911]LightingResults: New page: Lighting Build
[2017.04.25-14.18.45:972][911]LogEditorServer: Finished looking for orphan Actors (0.000 secs)
[2017.04.25-14.18.45:995][911]Cmd: MAP CHECKDEP NOCLEARLOG
[2017.04.25-14.18.46:120][911]MapCheck: Info Map check complete: 0 Error(s), 0 Warning(s), took 124.906ms to complete.
[2017.04.25-14.18.46:121][911]LogFileHelpers: Loading map 'Ruben' took 0.239
[2017.04.25-14.23.14:137][137]MapCheck: New page: Map Check
[2017.04.25-14.23.14:159][137]LightingResults: New page: Lighting Build - Apr 25, 2017, 6:23:14 PM
[2017.04.25-14.23.14:218][137]LogSwarmInterface: [OpenConnection] Registering TCP channel ...
[2017.04.25-14.23.15:801][137]LogSwarmInterface: [OpenConnection] Connecting to agent ...
[2017.04.25-14.23.15:819][137]LogSwarmInterface: [TryOpenConnection] Testing the Agent
[2017.04.25-14.23.16:339][137]LogSwarmInterface: [TryOpenConnection] Opening Connection to Agent
[2017.04.25-14.23.16:339][137]LogSwarmInterface: [TryOpenConnection] Local Process ID is 12792
[2017.04.25-14.23.18:798][137]LogStaticLightingSystem: Running Lightmass w/ ImmediateImport mode ENABLED
[2017.04.25-14.23.18:798][137]LogStaticLightingSystem: Running Lightmass w/ ImmediateProcess mode ENABLED
[2017.04.25-14.23.18:798][137]LogStaticLightingSystem: Running Lightmass w/ Sorting mode ENABLED
[2017.04.25-14.23.18:798][137]LogStaticLightingSystem: Running Lightmass w/ Mapping paddings ENABLED
[2017.04.25-14.23.18:798][137]LogStaticLightingSystem: Running Lightmass w/ Mapping debug paddings DISABLED
[2017.04.25-14.23.19:048][137]LogEditorBuildUtils: Build time 0:04
[2017.04.25-14.23.21:133][140]LogEditorViewport: Clicking on Actor (context menu): StaticMeshActor (Wall1)
[2017.04.25-14.27.49:835][207]Job is a success!
[2017.04.25-14.27.54:774][208]LogTexture:Display: Building textures: SkyOcclusion0_1 (AutoDXT, 2048X1024) - 290 MB total VRAM
[2017.04.25-14.27.54:774][208]LogTexture:Display: Building textures: HQ_Lightmap0_1 (AutoDXT, 2048X2048) - 290 MB total VRAM
[2017.04.25-14.27.54:774][208]LogTexture:Display: Building textures: LQ_Lightmap_0_1 (DXT1, 2048X2048) - 290 MB total VRAM
[2017.04.25-14.27.54:774][208]LogTexture:Display: Building textures: SkyOcclusion0_2 (AutoDXT, 2048X1024) - 290 MB total VRAM
[2017.04.25-14.27.54:774][208]LogTexture:Display: Building textures: HQ_Lightmap0_2 (AutoDXT, 2048X2048) - 290 MB total VRAM
[2017.04.25-14.27.54:774][208]LogTexture:Display: Building textures: LQ_Lightmap_0_2 (DXT1, 2048X2048) - 290 MB total VRAM
[2017.04.25-14.27.54:774][208]LogTexture:Display: Building textures: SkyOcclusion0_3 (AutoDXT, 2048X1024) - 290 MB total VRAM
[2017.04.25-14.27.54:774][208]LogTexture:Display: Building textures: HQ_Lightmap0_3 (AutoDXT, 2048X2048) - 290 MB total VRAM
[2017.04.25-14.27.54:774][208]LogTexture:Display: Building textures: LQ_Lightmap_0_3 (DXT1, 2048X2048) - 290 MB total VRAM
[2017.04.25-14.27.54:774][208]LogTexture:Display: Building textures: SkyOcclusion0_4 (AutoDXT, 2048X1024) - 290 MB total VRAM
[2017.04.25-14.27.54:774][208]LogTexture:Display: Building textures: HQ_Lightmap0_4 (AutoDXT, 2048X2048) - 290 MB total VRAM
[2017.04.25-14.27.54:774][208]LogTexture:Display: Building textures: LQ_Lightmap_0_4 (DXT1, 2048X2048) - 290 MB total VRAM
[2017.04.25-14.27.54:774][208]LogTexture:Display: Building textures: SkyOcclusion0_5 (AutoDXT, 64X32) - 290 MB total VRAM
[2017.04.25-14.27.54:774][208]LogTexture:Display: Building textures: HQ_Lightmap0_5 (AutoDXT, 64X64) - 290 MB total VRAM
[2017.04.25-14.27.54:774][208]LogTexture:Display: Building textures: LQ_Lightmap_0_5 (DXT1, 64X64) - 290 MB total VRAM
[2017.04.25-14.27.55:376][208]LogTexture:Display: Building textures: ShadowMapTexture2D_1 (G8, 1024X1024) - 290 MB total VRAM
[2017.04.25-14.27.55:376][208]LogTexture:Display: Building textures: ShadowMapTexture2D_2 (G8, 1024X1024) - 290 MB total VRAM
[2017.04.25-14.27.55:376][208]LogTexture:Display: Building textures: ShadowMapTexture2D_0 (G8, 1024X1024) - 290 MB total VRAM
[2017.04.25-14.27.55:775][208]LogTexture:Display: Building textures: ShadowMapTexture2D_3 (G8, 1024X1024) - 290 MB total VRAM
[2017.04.25-14.27.55:775][208]LogTexture:Display: Building textures: ShadowMapTexture2D_4 (G8, 1024X1024) - 290 MB total VRAM
[2017.04.25-14.27.55:775][208]LogTexture:Display: Building textures: ShadowMapTexture2D_5 (G8, 1024X1024) - 290 MB total VRAM
[2017.04.25-14.27.55:775][208]LogTexture:Display: Building textures: ShadowMapTexture2D_8 (G8, 32X32) - 290 MB total VRAM
[2017.04.25-14.27.55:776][208]LogSlate: Took 0.000673 seconds to synchronously load lazily loaded font '../../../Engine/Content/Slate/Fonts/Roboto-Regular.ttf' (155K)
[2017.04.25-14.27.56:174][208]LogTexture:Display: Building textures: ShadowMapTexture2D_6 (G8, 1024X1024) - 290 MB total VRAM
[2017.04.25-14.27.56:260][208]LogTexture:Display: Building textures: ShadowMapTexture2D_7 (G8, 1024X1024) - 290 MB total VRAM
[2017.04.25-14.27.56:282][208]Lightmass on DESKTOP-T9NOKQO: 4:34 min total, 94 ms importing, 10 ms setup, 22.5 sec photons, 4:12 min processing, 0 ms extra exporting [9/9 mappings]. Threads: 29:25 min total, 22:19 min processing.
[2017.04.25-14.27.56:306][208]LogStaticLightingSystem: Illumination: 4:41 min (4.12 sec encoding lightmaps, 1.48 sec encoding shadowmaps)
[2017.04.25-14.27.56:306][208]LogStaticLightingSystem: Lightmap texture memory:  42.7 MB (42.7 MB streaming, 0.0 MB non-streaming), 10 textures
[2017.04.25-14.27.56:306][208]LogStaticLightingSystem: Shadowmap texture memory: 10.7 MB (10.7 MB streaming, 0.0 MB non-streaming), 9 textures
[2017.04.25-14.28.01:899][208]DumpUnbuiltLightIteractions
[2017.04.25-14.28.01:899][208]Lights with unbuilt interactions: 0
[2017.04.25-14.28.01:899][208]
[2017.04.25-14.28.01:899][208]Primitives with unbuilt interactions: 0
[2017.04.25-14.28.01:909][209]Cmd: MAP CHECK NOTIFYRESULTS
[2017.04.25-14.28.01:909][209]MapCheck: New page: Ruben - Apr 25, 2017, 6:28:01 PM
[2017.04.25-14.28.02:294][209]MapCheck: Info Map check complete: 0 Error(s), 0 Warning(s), took 384.788ms to complete.
[2017.04.25-14.28.48:977][349]LogSlate: Took 0.000337 seconds to synchronously load lazily loaded font '../../../Engine/Content/Slate/Fonts/Roboto-Light.ttf' (159K)
[2017.04.25-14.28.58:305][376]LogSavePackage: Save=252.05ms
[2017.04.25-14.28.58:305][376]LogSavePackage: Moving 'C:/Users/cripe/Desktop/LastBulletVR/LastBullet/Saved/Ruben_Auto1CD61F8DB46ECF5D7B78AD688D9A817BA.tmp' to 'C:/Users/cripe/Desktop/LastBulletVR/LastBullet/Saved/Autosaves/Game/FirstPersonBP/Maps/Ruben_Auto1.umap'
[2017.04.25-14.28.58:308][376]LogSavePackage:Display: Finished SavePackage C:/Users/cripe/Desktop/LastBulletVR/LastBullet/Saved/Autosaves/Game/FirstPersonBP/Maps/Ruben_Auto1.umap
[2017.04.25-14.28.58:310][376]LogFileHelpers: Editor autosave (incl. sublevels) for '/Game/FirstPersonBP/Maps/Ruben' took 0.299
[2017.04.25-14.28.58:310][376]LogFileHelpers: Editor autosave (incl. sublevels) for all levels took 0.299
[2017.04.25-14.28.58:320][376]OBJ SavePackage: Generating thumbnails for [0] asset(s) in package [/Game/FirstPersonBP/Maps/Ruben_BuiltData] ([1] browsable assets)...
[2017.04.25-14.28.58:320][376]OBJ SavePackage: Finished generating thumbnails for package [/Game/FirstPersonBP/Maps/Ruben_BuiltData]
[2017.04.25-14.28.58:499][376]LogSavePackage: Save=94.54ms
[2017.04.25-14.28.58:499][376]LogSavePackage: Moving 'C:/Users/cripe/Desktop/LastBulletVR/LastBullet/Saved/Ruben_BuiltData_Auto18F135CCC4401186DFF5D35923C8A3572.tmp' to 'C:/Users/cripe/Desktop/LastBulletVR/LastBullet/Saved/Autosaves/Game/FirstPersonBP/Maps/Ruben_BuiltData_Auto1.uasset'
[2017.04.25-14.28.58:501][376]LogSavePackage:Display: Finished SavePackage C:/Users/cripe/Desktop/LastBulletVR/LastBullet/Saved/Autosaves/Game/FirstPersonBP/Maps/Ruben_BuiltData_Auto1.uasset
[2017.04.25-14.28.58:502][376]LogFileHelpers: Auto-saving content packages took 0.190
[2017.04.25-14.46.02:855][833]LogContentBrowser: Native class hierarchy updated for 'BlueprintGraph' in 0.0009 seconds. Added 112 classes and 0 folders.
[2017.04.25-14.46.03:573][833]LogSlate: Took 0.001361 seconds to synchronously load lazily loaded font '../../../Engine/Content/Editor/Slate/Fonts/Roboto-BoldCondensed.ttf' (158K)
[2017.04.25-14.46.09:801][170]LogSlate: Took 0.001330 seconds to synchronously load lazily loaded font '../../../Engine/Content/Editor/Slate/Fonts/Roboto-Italic.ttf' (157K)
[2017.04.25-14.51.16:314][235]LogFileHelpers: Editor autosave (incl. sublevels) for '/Game/FirstPersonBP/Maps/Ruben' took 0.035
[2017.04.25-14.51.16:315][235]OBJ SavePackage: Generating thumbnails for [0] asset(s) in package [/Game/FirstPersonBP/IA/AIControllerVR] ([1] browsable assets)...
[2017.04.25-14.51.16:315][235]OBJ SavePackage: Finished generating thumbnails for package [/Game/FirstPersonBP/IA/AIControllerVR]
[2017.04.25-14.51.16:338][235]LogSavePackage: Save=8.69ms
[2017.04.25-14.51.16:338][235]LogSavePackage: Moving 'C:/Users/cripe/Desktop/LastBulletVR/LastBullet/Saved/AIControllerVR_Auto23450DB874DB2E98D58C5589523EA7E54.tmp' to 'C:/Users/cripe/Desktop/LastBulletVR/LastBullet/Saved/Autosaves/Game/FirstPersonBP/IA/AIControllerVR_Auto2.uasset'
[2017.04.25-14.51.16:341][235]LogSavePackage:Display: Finished SavePackage C:/Users/cripe/Desktop/LastBulletVR/LastBullet/Saved/Autosaves/Game/FirstPersonBP/IA/AIControllerVR_Auto2.uasset
[2017.04.25-14.51.16:341][235]LogFileHelpers: Auto-saving content packages took 0.026
[2017.04.25-15.41.43:309][605]LogHttp:Warning: 0000018745C72680: request failed, libcurl error: 6 (Couldn't resolve host name)
[2017.04.25-15.41.43:309][605]LogHttp:Warning: 0000018745C72680: libcurl info message cache 0 (Connection 15 seems to be dead!)
[2017.04.25-15.41.43:309][605]LogHttp:Warning: 0000018745C72680: libcurl info message cache 1 (Closing connection 15)
[2017.04.25-15.41.43:309][605]LogHttp:Warning: 0000018745C72680: libcurl info message cache 2 (Could not resolve host: datarouter.ol.epicgames.com)
[2017.04.25-15.41.43:309][605]LogHttp:Warning: 0000018745C72680: libcurl info message cache 3 (Closing connection 16)
[2017.04.25-15.43.36:544][ 26]LogActorComponent: UnregisterComponent: (/Engine/Transient.EditorFloorComp) Not registered. Aborting.
[2017.04.25-15.43.39:001][ 70]Cmd: OBJ SAVEPACKAGE PACKAGE="/Game/FirstPersonBP/IA/AIControllerVR" FILE="C:/Users/cripe/Desktop/LastBulletVR/LastBullet/Content/FirstPersonBP/IA/AIControllerVR.uasset" SILENT=true
[2017.04.25-15.43.39:026][ 70]LogSavePackage: Save=9.68ms
[2017.04.25-15.43.39:026][ 70]LogSavePackage: Moving 'C:/Users/cripe/Desktop/LastBulletVR/LastBullet/Saved/AIControllerVR7954147A4D2677A05FE14B8559A10B4B.tmp' to 'C:/Users/cripe/Desktop/LastBulletVR/LastBullet/Content/FirstPersonBP/IA/AIControllerVR.uasset'
[2017.04.25-15.43.39:029][ 70]LogSavePackage:Display: Finished SavePackage C:/Users/cripe/Desktop/LastBulletVR/LastBullet/Content/FirstPersonBP/IA/AIControllerVR.uasset
[2017.04.25-15.43.39:183][ 70]Cmd: OBJ SAVEPACKAGE PACKAGE="/Game/FirstPersonBP/Maps/Ruben" FILE="C:/Users/cripe/Desktop/LastBulletVR/LastBullet/Content/FirstPersonBP/Maps/Ruben.umap" SILENT=true AUTOSAVING=false KEEPDIRTY=false
[2017.04.25-15.43.39:552][ 70]LogSavePackage: Save=333.42ms
[2017.04.25-15.43.39:552][ 70]LogSavePackage: Moving 'C:/Users/cripe/Desktop/LastBulletVR/LastBullet/Saved/Ruben5C2D6BB84799F496FF8B59AD9B10CE3A.tmp' to 'C:/Users/cripe/Desktop/LastBulletVR/LastBullet/Content/FirstPersonBP/Maps/Ruben.umap'
[2017.04.25-15.43.39:556][ 70]LogSavePackage:Display: Finished SavePackage C:/Users/cripe/Desktop/LastBulletVR/LastBullet/Content/FirstPersonBP/Maps/Ruben.umap
[2017.04.25-15.43.39:588][ 70]LogFileHelpers: Saving map 'Ruben' took 0.555
[2017.04.25-15.43.39:592][ 70]Cmd: OBJ SAVEPACKAGE PACKAGE="/Game/FirstPersonBP/Maps/Ruben_BuiltData" FILE="C:/Users/cripe/Desktop/LastBulletVR/LastBullet/Content/FirstPersonBP/Maps/Ruben_BuiltData.uasset" SILENT=true
[2017.04.25-15.43.40:653][ 70]LogSavePackage: Save=1035.40ms
[2017.04.25-15.43.40:653][ 70]LogSavePackage: Moving 'C:/Users/cripe/Desktop/LastBulletVR/LastBullet/Saved/Ruben_BuiltData4A9ED915414269A43005B2917F36E01D.tmp' to 'C:/Users/cripe/Desktop/LastBulletVR/LastBullet/Content/FirstPersonBP/Maps/Ruben_BuiltData.uasset'
[2017.04.25-15.43.40:657][ 70]LogSavePackage:Display: Finished SavePackage C:/Users/cripe/Desktop/LastBulletVR/LastBullet/Content/FirstPersonBP/Maps/Ruben_BuiltData.uasset
[2017.04.25-15.43.40:734][ 70]LogWindowsTextInputMethodSystem:Display: IME system now deactivated.
[2017.04.25-15.43.40:931][ 71]Cmd: QUIT_EDITOR
[2017.04.25-15.43.40:989][ 71]LogExit: Preparing to exit.
[2017.04.25-15.43.41:535][ 71]LogExit: Editor shut down
[2017.04.25-15.43.41:535][ 71]LogExit: Transaction tracking system shut down
[2017.04.25-15.43.41:678][ 71]LogObj: Freed 0b from 0 cluster array pools.
[2017.04.25-15.43.41:678][ 71]LogExit: Object subsystem successfully closed.
[2017.04.25-15.43.41:721][ 71]LogD3D11RHI: Shutdown
[2017.04.25-15.43.41:722][ 71]LogD3D11RHI: CleanupD3DDevice
[2017.04.25-15.43.41:881][ 71]LogD3D11RHI: ~FD3D11DynamicRHI
[2017.04.25-15.43.41:893][ 71]LogModuleManager: Shutting down and abandoning module BlueprintGraph (502)
[2017.04.25-15.43.41:893][ 71]LogModuleManager: Shutting down and abandoning module BlueprintProfiler (500)
[2017.04.25-15.43.41:893][ 71]LogModuleManager: Shutting down and abandoning module HierarchicalLODOutliner (498)
[2017.04.25-15.43.41:893][ 71]LogModuleManager: Shutting down and abandoning module CrashTracker (496)
[2017.04.25-15.43.41:893][ 71]LogModuleManager: Shutting down and abandoning module SceneOutliner (494)
[2017.04.25-15.43.41:893][ 71]LogModuleManager: Shutting down and abandoning module AddContentDialog (492)
[2017.04.25-15.43.41:893][ 71]LogDirectoryWatcher: A directory notification for 'D:/Program Files/Epic Games/UE_4.15/FeaturePacks/' was aborted.
[2017.04.25-15.43.41:894][ 71]LogModuleManager: Shutting down and abandoning module WidgetCarousel (491)
[2017.04.25-15.43.41:894][ 71]LogModuleManager: Shutting down and abandoning module EditorWidgets (488)
[2017.04.25-15.43.41:894][ 71]LogModuleManager: Shutting down and abandoning module CollectionManager (486)
[2017.04.25-15.43.41:894][ 71]LogDirectoryWatcher: A directory notification for 'C:/Users/cripe/Desktop/LastBulletVR/LastBullet/Content/Collections/' was aborted.
[2017.04.25-15.43.41:894][ 71]LogDirectoryWatcher: A directory notification for 'C:/Users/cripe/Desktop/LastBulletVR/LastBullet/Content/Developers/cripe/Collections/' was aborted.
[2017.04.25-15.43.41:894][ 71]LogDirectoryWatcher: A directory notification for 'C:/Users/cripe/Desktop/LastBulletVR/LastBullet/Saved/Collections/' was aborted.
[2017.04.25-15.43.41:894][ 71]LogModuleManager: Shutting down and abandoning module StatsViewer (484)
[2017.04.25-15.43.41:894][ 71]LogModuleManager: Shutting down and abandoning module FoliageEdit (482)
[2017.04.25-15.43.41:894][ 71]LogModuleManager: Shutting down and abandoning module LandscapeEditor (480)
[2017.04.25-15.43.41:895][ 71]LogModuleManager: Shutting down and abandoning module SceneDepthPickerMode (478)
[2017.04.25-15.43.41:895][ 71]LogModuleManager: Shutting down and abandoning module ActorPickerMode (476)
[2017.04.25-15.43.41:895][ 71]LogModuleManager: Shutting down and abandoning module GeometryMode (474)
[2017.04.25-15.43.41:895][ 71]LogModuleManager: Shutting down and abandoning module TextureAlignMode (472)
[2017.04.25-15.43.41:895][ 71]LogModuleManager: Shutting down and abandoning module BspMode (470)
[2017.04.25-15.43.41:895][ 71]LogModuleManager: Shutting down and abandoning module HardwareSurvey (468)
[2017.04.25-15.43.41:895][ 71]LogModuleManager: Shutting down and abandoning module SequenceRecorderSections (466)
[2017.04.25-15.43.41:895][ 71]LogModuleManager: Shutting down and abandoning module AutomationWorker (464)
[2017.04.25-15.43.41:895][ 71]LogModuleManager: Shutting down and abandoning module MatineeToLevelSequence (462)
[2017.04.25-15.43.41:895][ 71]LogModuleManager: Shutting down and abandoning module LevelSequenceEditor (460)
[2017.04.25-15.43.41:895][ 71]LogModuleManager: Shutting down and abandoning module PlacementMode (459)
[2017.04.25-15.43.41:895][ 71]LogModuleManager: Shutting down and abandoning module WmfMediaFactory (456)
[2017.04.25-15.43.41:895][ 71]LogModuleManager: Shutting down and abandoning module WmfMediaEditor (454)
[2017.04.25-15.43.41:895][ 71]LogModuleManager: Shutting down and abandoning module MfMediaFactory (452)
[2017.04.25-15.43.41:895][ 71]LogModuleManager: Shutting down and abandoning module MfMediaEditor (450)
[2017.04.25-15.43.41:895][ 71]LogModuleManager: Shutting down and abandoning module AvfMediaFactory (448)
[2017.04.25-15.43.41:895][ 71]LogModuleManager: Shutting down and abandoning module AvfMediaEditor (446)
[2017.04.25-15.43.41:895][ 71]LogModuleManager: Shutting down and abandoning module AndroidMediaFactory (444)
[2017.04.25-15.43.41:895][ 71]LogModuleManager: Shutting down and abandoning module Media (443)
[2017.04.25-15.43.41:895][ 71]LogModuleManager: Shutting down and abandoning module AndroidMediaEditor (440)
[2017.04.25-15.43.41:895][ 71]LogModuleManager: Shutting down and abandoning module CharacterAI (438)
[2017.04.25-15.43.41:895][ 71]LogModuleManager: Shutting down and abandoning module AudioCapture (436)
[2017.04.25-15.43.41:895][ 71]LogModuleManager: Shutting down and abandoning module SequenceRecorder (435)
[2017.04.25-15.43.41:895][ 71]LogModuleManager: Shutting down and abandoning module SmartSnapping (432)
[2017.04.25-15.43.41:895][ 71]LogModuleManager: Shutting down and abandoning module SessionServices (430)
[2017.04.25-15.43.41:895][ 71]LogModuleManager: Shutting down and abandoning module ViewportSnapping (428)
[2017.04.25-15.43.41:895][ 71]LogModuleManager: Shutting down and abandoning module ViewportInteraction (426)
[2017.04.25-15.43.41:895][ 71]LogModuleManager: Shutting down and abandoning module LogVisualizer (424)
[2017.04.25-15.43.41:896][ 71]LogModuleManager: Shutting down and abandoning module IntroTutorials (422)
[2017.04.25-15.43.41:896][ 71]LogModuleManager: Shutting down and abandoning module GameProjectGeneration (421)
[2017.04.25-15.43.41:897][ 71]LogModuleManager: Shutting down and abandoning module EditorLiveStreaming (418)
[2017.04.25-15.43.41:897][ 71]LogModuleManager: Shutting down and abandoning module IOSPlatformEditor (416)
[2017.04.25-15.43.41:897][ 71]LogModuleManager: Shutting down and abandoning module HTML5PlatformEditor (414)
[2017.04.25-15.43.41:897][ 71]LogModuleManager: Shutting down and abandoning module AndroidPlatformEditor (412)
[2017.04.25-15.43.41:897][ 71]LogModuleManager: Shutting down and abandoning module AndroidDeviceDetection (411)
[2017.04.25-15.43.41:969][ 71]LogModuleManager: Shutting down and abandoning module IOSRuntimeSettings (408)
[2017.04.25-15.43.41:969][ 71]LogModuleManager: Shutting down and abandoning module AndroidRuntimeSettings (406)
[2017.04.25-15.43.41:969][ 71]LogModuleManager: Shutting down and abandoning module InputBindingEditor (404)
[2017.04.25-15.43.41:969][ 71]LogModuleManager: Shutting down and abandoning module NiagaraEditor (402)
[2017.04.25-15.43.41:970][ 71]LogModuleManager: Shutting down and abandoning module MergeActors (400)
[2017.04.25-15.43.41:971][ 71]LogModuleManager: Shutting down and abandoning module SizeMap (398)
[2017.04.25-15.43.41:971][ 71]LogModuleManager: Shutting down and abandoning module TreeMap (396)
[2017.04.25-15.43.41:971][ 71]LogModuleManager: Shutting down and abandoning module ReferenceViewer (394)
[2017.04.25-15.43.41:971][ 71]LogModuleManager: Shutting down and abandoning module LocalizationDashboard (392)
[2017.04.25-15.43.41:971][ 71]LogModuleManager: Shutting down and abandoning module LocalizationService (391)
[2017.04.25-15.43.41:971][ 71]LogModuleManager: Shutting down and abandoning module HardwareTargeting (388)
[2017.04.25-15.43.41:971][ 71]LogModuleManager: Shutting down and abandoning module DeviceProfileEditor (386)
[2017.04.25-15.43.41:972][ 71]LogModuleManager: Shutting down and abandoning module UndoHistory (384)
[2017.04.25-15.43.41:972][ 71]LogModuleManager: Shutting down and abandoning module UserFeedback (382)
[2017.04.25-15.43.41:972][ 71]LogModuleManager: Shutting down and abandoning module XmlParser (380)
[2017.04.25-15.43.41:972][ 71]LogModuleManager: Shutting down and abandoning module Blutility (378)
[2017.04.25-15.43.41:972][ 71]LogModuleManager: Shutting down and abandoning module ProjectSettingsViewer (376)
[2017.04.25-15.43.41:972][ 71]LogModuleManager: Shutting down and abandoning module ProjectTargetPlatformEditor (375)
[2017.04.25-15.43.41:972][ 71]LogModuleManager: Shutting down and abandoning module EditorSettingsViewer (372)
[2017.04.25-15.43.41:972][ 71]LogModuleManager: Shutting down and abandoning module SettingsEditor (370)
[2017.04.25-15.43.41:972][ 71]LogModuleManager: Shutting down and abandoning module ProjectLauncher (368)
[2017.04.25-15.43.41:972][ 71]LogModuleManager: Shutting down and abandoning module SessionFrontend (366)
[2017.04.25-15.43.41:973][ 71]LogModuleManager: Shutting down and abandoning module ProfilerClient (364)
[2017.04.25-15.43.41:973][ 71]LogModuleManager: Shutting down and abandoning module DeviceManager (362)
[2017.04.25-15.43.41:974][ 71]LogModuleManager: Shutting down and abandoning module TargetDeviceServices (361)
[2017.04.25-15.43.42:028][ 71]LogModuleManager: Shutting down and abandoning module AutomationController (358)
[2017.04.25-15.43.42:028][ 71]LogModuleManager: Shutting down and abandoning module AutomationWindow (356)
[2017.04.25-15.43.42:029][ 71]LogModuleManager: Shutting down and abandoning module Layers (354)
[2017.04.25-15.43.42:030][ 71]LogModuleManager: Shutting down and abandoning module ComponentVisualizers (352)
[2017.04.25-15.43.42:030][ 71]LogModuleManager: Shutting down and abandoning module DetailCustomizations (350)
[2017.04.25-15.43.42:030][ 71]LogModuleManager: Shutting down and abandoning module PackagesDialog (348)
[2017.04.25-15.43.42:030][ 71]LogModuleManager: Shutting down and abandoning module Persona (346)
[2017.04.25-15.43.42:030][ 71]LogModuleManager: Shutting down and abandoning module AnimGraph (345)
[2017.04.25-15.43.42:030][ 71]LogModuleManager: Shutting down and abandoning module Kismet (342)
[2017.04.25-15.43.42:037][ 71]LogModuleManager: Shutting down and abandoning module GraphEditor (340)
[2017.04.25-15.43.42:037][ 71]LogModuleManager: Shutting down and abandoning module ClassViewer (338)
[2017.04.25-15.43.42:037][ 71]LogModuleManager: Shutting down and abandoning module Toolbox (336)
[2017.04.25-15.43.42:037][ 71]LogModuleManager: Shutting down and abandoning module ModuleUI (334)
[2017.04.25-15.43.42:038][ 71]LogModuleManager: Shutting down and abandoning module MovieSceneTools (332)
[2017.04.25-15.43.42:038][ 71]LogModuleManager: Shutting down and abandoning module OutputLog (330)
[2017.04.25-15.43.42:038][ 71]LogModuleManager: Shutting down and abandoning module GammaUI (328)
[2017.04.25-15.43.42:038][ 71]LogModuleManager: Shutting down and abandoning module Documentation (326)
[2017.04.25-15.43.42:039][ 71]LogModuleManager: Shutting down and abandoning module Niagara (324)
[2017.04.25-15.43.42:039][ 71]LogModuleManager: Shutting down and abandoning module StreamingPauseRendering (322)
[2017.04.25-15.43.42:039][ 71]LogModuleManager: Shutting down and abandoning module AnalyticsET (320)
[2017.04.25-15.43.42:039][ 71]LogModuleManager: Shutting down and abandoning module PortalServices (318)
[2017.04.25-15.43.42:039][ 71]LogModuleManager: Shutting down and abandoning module PortalRpc (316)
[2017.04.25-15.43.42:039][ 71]LogModuleManager: Shutting down and abandoning module MessagingRpc (314)
[2017.04.25-15.43.42:039][ 71]LogModuleManager: Shutting down and abandoning module AIModule (312)
[2017.04.25-15.43.42:039][ 71]LogModuleManager: Shutting down and abandoning module GameplayDebugger (311)
[2017.04.25-15.43.42:039][ 71]LogModuleManager: Shutting down and abandoning module AITestSuite (309)
[2017.04.25-15.43.42:039][ 71]LogModuleManager: Shutting down and abandoning module ProfilerService (306)
[2017.04.25-15.43.42:242][ 71]LogModuleManager: Shutting down and abandoning module TaskGraph (304)
[2017.04.25-15.43.42:243][ 71]LogModuleManager: Shutting down and abandoning module SteamVRController (302)
[2017.04.25-15.43.42:243][ 71]LogModuleManager: Shutting down and abandoning module SteamVR (300)
[2017.04.25-15.43.42:243][ 71]LogModuleManager: Shutting down and abandoning module ProceduralMeshComponentEditor (298)
[2017.04.25-15.43.42:243][ 71]LogModuleManager: Shutting down and abandoning module ProceduralMeshComponent (296)
[2017.04.25-15.43.42:243][ 71]LogModuleManager: Shutting down and abandoning module OculusLibrary (294)
[2017.04.25-15.43.42:243][ 71]LogModuleManager: Shutting down and abandoning module OculusInput (292)
[2017.04.25-15.43.42:243][ 71]LogModuleManager: Shutting down and abandoning module MobilePatchingUtils (290)
[2017.04.25-15.43.42:243][ 71]LogModuleManager: Shutting down and abandoning module CustomMeshComponent (288)
[2017.04.25-15.43.42:243][ 71]LogModuleManager: Shutting down and abandoning module CableComponent (286)
[2017.04.25-15.43.42:243][ 71]LogModuleManager: Shutting down and abandoning module ArchVisCharacter (284)
[2017.04.25-15.43.42:243][ 71]LogModuleManager: Shutting down and abandoning module MediaPlayerEditor (280)
[2017.04.25-15.43.42:244][ 71]LogModuleManager: Shutting down and abandoning module HTML5Networking (278)
[2017.04.25-15.43.42:244][ 71]LogModuleManager: Shutting down and abandoning module AlembicImporter (276)
[2017.04.25-15.43.42:244][ 71]LogModuleManager: Shutting down and abandoning module AlembicLibrary (275)
[2017.04.25-15.43.42:244][ 71]LogModuleManager: Shutting down and abandoning module GeometryCache (274)
[2017.04.25-15.43.42:244][ 71]LogModuleManager: Shutting down and abandoning module GeometryCacheEd (273)
[2017.04.25-15.43.42:244][ 71]LogModuleManager: Shutting down and abandoning module SuperSearchEditor (268)
[2017.04.25-15.43.42:244][ 71]LogModuleManager: Shutting down and abandoning module SuperSearch (267)
[2017.04.25-15.43.42:244][ 71]LogModuleManager: Shutting down and abandoning module SpeedTreeImporter (264)
[2017.04.25-15.43.42:244][ 71]LogModuleManager: Shutting down and abandoning module PluginBrowser (262)
[2017.04.25-15.43.42:244][ 71]LogModuleManager: Shutting down and abandoning module MobileLauncherProfileWizard (260)
[2017.04.25-15.43.42:244][ 71]LogModuleManager: Shutting down and abandoning module EpicSurvey (258)
[2017.04.25-15.43.42:244][ 71]LogModuleManager: Shutting down and abandoning module VisualStudioSourceCodeAccess (256)
[2017.04.25-15.43.42:244][ 71]LogModuleManager: Shutting down and abandoning module DesktopPlatform (255)
[2017.04.25-15.43.42:244][ 71]LogModuleManager: Shutting down and abandoning module UObjectPlugin (252)
[2017.04.25-15.43.42:244][ 71]LogModuleManager: Shutting down and abandoning module SubversionSourceControl (250)
[2017.04.25-15.43.42:244][ 71]LogModuleManager: Shutting down and abandoning module PerforceSourceControl (248)
[2017.04.25-15.43.42:245][ 71]LogModuleManager: Shutting down and abandoning module GitSourceControl (246)
[2017.04.25-15.43.42:245][ 71]LogModuleManager: Shutting down and abandoning module SourceControl (245)
[2017.04.25-15.43.42:245][ 71]LogModuleManager: Shutting down and abandoning module LightPropagationVolumeEditor (242)
[2017.04.25-15.43.42:245][ 71]LogModuleManager: Shutting down and abandoning module PaperTiledImporter (240)
[2017.04.25-15.43.42:245][ 71]LogModuleManager: Shutting down and abandoning module PaperSpriteSheetImporter (238)
[2017.04.25-15.43.42:245][ 71]LogModuleManager: Shutting down and abandoning module Paper2DEditor (236)
[2017.04.25-15.43.42:245][ 71]LogModuleManager: Shutting down and abandoning module MeshPaint (235)
[2017.04.25-15.43.42:245][ 71]LogModuleManager: Shutting down and abandoning module LevelEditor (233)
[2017.04.25-15.43.42:246][ 71]LogModuleManager: Shutting down and abandoning module PixelInspectorModule (232)
[2017.04.25-15.43.42:246][ 71]LogModuleManager: Shutting down and abandoning module MainFrame (230)
[2017.04.25-15.43.42:246][ 71]LogModuleManager: Shutting down and abandoning module HotReload (229)
[2017.04.25-15.43.42:246][ 71]LogModuleManager: Shutting down and abandoning module ContentBrowser (225)
[2017.04.25-15.43.42:247][ 71]LogModuleManager: Shutting down and abandoning module PhysXVehiclesEditor (222)
[2017.04.25-15.43.42:247][ 71]LogModuleManager: Shutting down and abandoning module PhysXVehicles (220)
[2017.04.25-15.43.42:247][ 71]LogModuleManager: Shutting down and abandoning module LocationServicesBPLibrary (218)
[2017.04.25-15.43.42:247][ 71]LogModuleManager: Shutting down and abandoning module UdpMessaging (216)
[2017.04.25-15.43.42:348][ 71]LogModuleManager: Shutting down and abandoning module TcpMessaging (214)
[2017.04.25-15.43.42:448][ 71]LogModuleManager: Shutting down and abandoning module GameplayTagsEditor (212)
[2017.04.25-15.43.42:448][ 71]LogModuleManager: Shutting down and abandoning module FacialAnimationEditor (210)
[2017.04.25-15.43.42:449][ 71]LogModuleManager: Shutting down and abandoning module FacialAnimation (208)
[2017.04.25-15.43.42:449][ 71]LogModuleManager: Shutting down and abandoning module LightPropagationVolumeRuntime (206)
[2017.04.25-15.43.42:449][ 71]LogModuleManager: Shutting down and abandoning module Paper2D (204)
[2017.04.25-15.43.42:449][ 71]LogModuleManager: Shutting down and abandoning module WindowsMoviePlayer (202)
[2017.04.25-15.43.42:449][ 71]LogModuleManager: Shutting down and abandoning module WmfMedia (200)
[2017.04.25-15.43.42:449][ 71]LogModuleManager: Shutting down and abandoning module MfMedia (198)
[2017.04.25-15.43.42:449][ 71]LogModuleManager: Shutting down and abandoning module MediaAssets (196)
[2017.04.25-15.43.42:449][ 71]LogModuleManager: Shutting down and abandoning module GameLiveStreaming (194)
[2017.04.25-15.43.42:449][ 71]LogModuleManager: Shutting down and abandoning module VREditor (192)
[2017.04.25-15.43.42:449][ 71]LogModuleManager: Shutting down and abandoning module GameplayTasksEditor (190)
[2017.04.25-15.43.42:449][ 71]LogModuleManager: Shutting down and abandoning module BehaviorTreeEditor (188)
[2017.04.25-15.43.42:449][ 71]LogModuleManager: Shutting down and abandoning module FunctionalTesting (186)
[2017.04.25-15.43.42:449][ 71]LogModuleManager: Shutting down and abandoning module CollisionAnalyzer (184)
[2017.04.25-15.43.42:449][ 71]LogModuleManager: Shutting down and abandoning module UMG (182)
[2017.04.25-15.43.42:450][ 71]LogModuleManager: Shutting down and abandoning module UMGEditor (181)
[2017.04.25-15.43.42:450][ 71]LogModuleManager: Shutting down and abandoning module Sequencer (180)
[2017.04.25-15.43.42:450][ 71]LogModuleManager: Shutting down and abandoning module AssetTools (178)
[2017.04.25-15.43.42:451][ 71]LogModuleManager: Shutting down and abandoning module MessageLog (177)
[2017.04.25-15.43.42:451][ 71]LogModuleManager: Shutting down and abandoning module WorkspaceMenuStructure (176)
[2017.04.25-15.43.42:451][ 71]LogModuleManager: Shutting down and abandoning module SlateReflector (170)
[2017.04.25-15.43.42:452][ 71]LogModuleManager: Shutting down and abandoning module Slate (168)
[2017.04.25-15.43.42:452][ 71]LogModuleManager: Shutting down and abandoning module EditorStyle (166)
[2017.04.25-15.43.42:454][ 71]LogModuleManager: Shutting down and abandoning module SourceCodeAccess (164)
[2017.04.25-15.43.42:454][ 71]LogModuleManager: Shutting down and abandoning module HeadMountedDisplay (162)
[2017.04.25-15.43.42:454][ 71]LogModuleManager: Shutting down and abandoning module XAudio2 (160)
[2017.04.25-15.43.42:454][ 71]LogModuleManager: Shutting down and abandoning module Networking (158)
[2017.04.25-15.43.42:454][ 71]LogModuleManager: Shutting down and abandoning module Core (154)
[2017.04.25-15.43.42:454][ 71]LogModuleManager: Shutting down and abandoning module AssetRegistry (152)
[2017.04.25-15.43.42:509][ 71]LogDirectoryWatcher: A directory notification for '../../../Engine/Content/' was aborted.
[2017.04.25-15.43.42:509][ 71]LogDirectoryWatcher: A directory notification for 'C:/Users/cripe/Desktop/LastBulletVR/LastBullet/Content/' was aborted.
[2017.04.25-15.43.42:509][ 71]LogDirectoryWatcher: A directory notification for '../../../Engine/Plugins/2D/Paper2D/Content/' was aborted.
[2017.04.25-15.43.42:510][ 71]LogModuleManager: Shutting down and abandoning module DirectoryWatcher (151)
[2017.04.25-15.43.42:510][ 71]LogModuleManager: Shutting down and abandoning module KismetCompiler (148)
[2017.04.25-15.43.42:510][ 71]LogModuleManager: Shutting down and abandoning module PhysXFormats (146)
[2017.04.25-15.43.42:510][ 71]LogModuleManager: Shutting down and abandoning module MeshUtilities (144)
[2017.04.25-15.43.42:510][ 71]LogModuleManager: Shutting down and abandoning module SimplygonSwarm (143)
[2017.04.25-15.43.42:510][ 71]LogModuleManager: Shutting down and abandoning module SimplygonMeshReduction (141)
[2017.04.25-15.43.42:510][ 71]LogModuleManager: Shutting down and abandoning module QuadricMeshReduction (139)
[2017.04.25-15.43.42:510][ 71]LogModuleManager: Shutting down and abandoning module PropertyEditor (137)
[2017.04.25-15.43.42:510][ 71]LogModuleManager: Shutting down and abandoning module DerivedDataCache (134)
[2017.04.25-15.43.42:515][ 71]LogDerivedDataCache: Shutdown
[2017.04.25-15.43.42:515][ 71]LogModuleManager: Shutting down and abandoning module TargetPlatform (132)
[2017.04.25-15.43.42:515][ 71]LogModuleManager: Shutting down and abandoning module VulkanShaderFormat (131)
[2017.04.25-15.43.42:515][ 71]LogModuleManager: Shutting down and abandoning module ShaderFormatOpenGL (129)
[2017.04.25-15.43.42:516][ 71]LogModuleManager: Shutting down and abandoning module ShaderFormatD3D (127)
[2017.04.25-15.43.42:516][ 71]LogModuleManager: Shutting down and abandoning module MetalShaderFormat (125)
[2017.04.25-15.43.42:516][ 71]LogModuleManager: Shutting down and abandoning module TextureFormatUncompressed (123)
[2017.04.25-15.43.42:516][ 71]LogModuleManager: Shutting down and abandoning module TextureFormatPVR (121)
[2017.04.25-15.43.42:516][ 71]LogModuleManager: Shutting down and abandoning module TextureFormatDXT (119)
[2017.04.25-15.43.42:516][ 71]LogModuleManager: Shutting down and abandoning module TextureFormatIntelISPCTexComp (117)
[2017.04.25-15.43.42:517][ 71]LogModuleManager: Shutting down and abandoning module TextureFormatASTC (115)
[2017.04.25-15.43.42:517][ 71]LogModuleManager: Shutting down and abandoning module ImageWrapper (114)
[2017.04.25-15.43.42:517][ 71]LogModuleManager: Shutting down and abandoning module TextureFormatAndroid (111)
[2017.04.25-15.43.42:517][ 71]LogModuleManager: Shutting down and abandoning module AudioFormatOpus (109)
[2017.04.25-15.43.42:517][ 71]LogModuleManager: Shutting down and abandoning module AudioFormatOgg (107)
[2017.04.25-15.43.42:517][ 71]LogModuleManager: Shutting down and abandoning module AudioFormatADPCM (105)
[2017.04.25-15.43.42:517][ 71]LogModuleManager: Shutting down and abandoning module LinuxTargetPlatform (103)
[2017.04.25-15.43.42:517][ 71]LogModuleManager: Shutting down and abandoning module LinuxServerTargetPlatform (101)
[2017.04.25-15.43.42:517][ 71]LogModuleManager: Shutting down and abandoning module LinuxNoEditorTargetPlatform (99)
[2017.04.25-15.43.42:517][ 71]LogModuleManager: Shutting down and abandoning module LinuxClientTargetPlatform (97)
[2017.04.25-15.43.42:517][ 71]LogModuleManager: Shutting down and abandoning module TVOSTargetPlatform (95)
[2017.04.25-15.43.42:517][ 71]LogModuleManager: Shutting down and abandoning module Messaging (93)
[2017.04.25-15.43.42:517][ 71]LogModuleManager: Shutting down and abandoning module IOSTargetPlatform (91)
[2017.04.25-15.43.42:517][ 71]LogModuleManager: Shutting down and abandoning module HTML5TargetPlatform (89)
[2017.04.25-15.43.42:517][ 71]LogModuleManager: Shutting down and abandoning module Android_PVRTCTargetPlatform (87)
[2017.04.25-15.43.42:517][ 71]LogModuleManager: Shutting down and abandoning module Android_MultiTargetPlatform (85)
[2017.04.25-15.43.42:517][ 71]LogModuleManager: Shutting down and abandoning module Android_ETC2TargetPlatform (83)
[2017.04.25-15.43.42:517][ 71]LogModuleManager: Shutting down and abandoning module Android_ETC1TargetPlatform (81)
[2017.04.25-15.43.42:517][ 71]LogModuleManager: Shutting down and abandoning module Android_DXTTargetPlatform (79)
[2017.04.25-15.43.42:517][ 71]LogModuleManager: Shutting down and abandoning module Android_ATCTargetPlatform (77)
[2017.04.25-15.43.42:517][ 71]LogModuleManager: Shutting down and abandoning module Android_ASTCTargetPlatform (75)
[2017.04.25-15.43.42:517][ 71]LogModuleManager: Shutting down and abandoning module AndroidTargetPlatform (73)
[2017.04.25-15.43.42:517][ 71]LogModuleManager: Shutting down and abandoning module WindowsTargetPlatform (71)
[2017.04.25-15.43.42:517][ 71]LogModuleManager: Shutting down and abandoning module WindowsServerTargetPlatform (69)
[2017.04.25-15.43.42:517][ 71]LogModuleManager: Shutting down and abandoning module WindowsNoEditorTargetPlatform (67)
[2017.04.25-15.43.42:517][ 71]LogModuleManager: Shutting down and abandoning module WindowsClientTargetPlatform (65)
[2017.04.25-15.43.42:517][ 71]LogModuleManager: Shutting down and abandoning module MacTargetPlatform (63)
[2017.04.25-15.43.42:517][ 71]LogModuleManager: Shutting down and abandoning module MacServerTargetPlatform (61)
[2017.04.25-15.43.42:517][ 71]LogModuleManager: Shutting down and abandoning module MacNoEditorTargetPlatform (59)
[2017.04.25-15.43.42:517][ 71]LogModuleManager: Shutting down and abandoning module MacClientTargetPlatform (57)
[2017.04.25-15.43.42:517][ 71]LogModuleManager: Shutting down and abandoning module AllDesktopTargetPlatform (55)
[2017.04.25-15.43.42:517][ 71]LogModuleManager: Shutting down and abandoning module InputCore (52)
[2017.04.25-15.43.42:517][ 71]LogModuleManager: Shutting down and abandoning module Settings (50)
[2017.04.25-15.43.42:517][ 71]LogModuleManager: Shutting down and abandoning module OculusRift (48)
[2017.04.25-15.43.42:517][ 71]LogModuleManager: Shutting down and abandoning module GearVR (46)
[2017.04.25-15.43.42:517][ 71]LogModuleManager: Shutting down and abandoning module ExampleDeviceProfileSelector (44)
[2017.04.25-15.43.42:517][ 71]LogModuleManager: Shutting down and abandoning module OnlineBlueprintSupport (42)
[2017.04.25-15.43.42:517][ 71]LogModuleManager: Shutting down and abandoning module OnlineSubsystem (38)
[2017.04.25-15.43.42:517][ 71]LogOnline:Display: Unloading online subsystem: NULL
[2017.04.25-15.43.42:518][ 71]LogModuleManager: Shutting down and abandoning module XMPP (37)
[2017.04.25-15.43.42:518][ 71]LogModuleManager: Shutting down and abandoning module HTTP (35)
[2017.04.25-15.43.42:518][ 71]LogHttp:Display: Http module shutting down, but needs to wait on 1 outstanding Http requests:
[2017.04.25-15.43.42:518][ 71]LogHttp:Display: 	verb=[POST] url=[https://datarouter.ol.epicgames.com/datarouter/api/v1/public/data?SessionID=%7BE3B2331D-4812-6B6B-8CCA-1B858646B598%7D&AppID=UEEditor.Rocket.Release&AppVersion=4.15.1-3348071%2B%2B%2BUE4%2BRelease-4.15&UserID=78865e4d4a8ae815e8d400bc6125e577%7C5361294e5f654db5881228f5582e9124%7C456667b1-22e8-45ef-a524-8410a492a64f&AppEnvironment=datacollector-binary&UploadType=eteventstream] status=Processing
[2017.04.25-15.43.42:531][ 71]LogModuleManager: Shutting down and abandoning module SSL (34)
[2017.04.25-15.43.42:533][ 71]LogModuleManager: Shutting down and abandoning module AudioEditor (30)
[2017.04.25-15.43.42:533][ 71]LogModuleManager: Shutting down and abandoning module TextureCompressor (28)
[2017.04.25-15.43.42:533][ 71]LogModuleManager: Shutting down and abandoning module ShaderCore (26)
[2017.04.25-15.43.42:533][ 71]LogModuleManager: Shutting down and abandoning module Landscape (24)
[2017.04.25-15.43.42:533][ 71]LogModuleManager: Shutting down and abandoning module SlateRHIRenderer (22)
[2017.04.25-15.43.42:535][ 71]LogModuleManager: Shutting down and abandoning module OpenGLDrv (20)
[2017.04.25-15.43.42:536][ 71]LogModuleManager: Shutting down and abandoning module D3D11RHI (18)
[2017.04.25-15.43.42:536][ 71]LogModuleManager: Shutting down and abandoning module AnimGraphRuntime (16)
[2017.04.25-15.43.42:536][ 71]LogModuleManager: Shutting down and abandoning module Renderer (14)
[2017.04.25-15.43.42:536][ 71]LogModuleManager: Shutting down and abandoning module Engine (12)
[2017.04.25-15.43.42:536][ 71]LogModuleManager: Shutting down and abandoning module CoreUObject (10)
[2017.04.25-15.43.42:536][ 71]LogModuleManager: Shutting down and abandoning module NetworkFile (8)
[2017.04.25-15.43.42:536][ 71]LogModuleManager: Shutting down and abandoning module StreamingFile (6)
[2017.04.25-15.43.42:536][ 71]LogModuleManager: Shutting down and abandoning module SandboxFile (4)
[2017.04.25-15.43.42:536][ 71]LogModuleManager: Shutting down and abandoning module PakFile (2)
[2017.04.25-15.43.42:538][ 71]LogExit: Exiting.
[2017.04.25-15.43.42:539][ 71]Log file closed, 04/25/17 17:43:42
