Log file open, 05/01/17 22:29:07
LogInit:Display: Running engine for game: LastBullet
LogPlatformFile: Not using cached read wrapper
LogInit:Display: RandInit(256833015) SRandInit(256833124).
LogTaskGraph: Started task graph with 5 named threads and 8 total threads with 1 sets of task threads.
LogStats: Stats thread started at 0.074974
LogInit: Using libcurl 7.47.1
LogInit:  - built for x86_64-pc-win32
LogInit:  - supports SSL with OpenSSL/1.0.2g
LogInit:  - supports HTTP deflate (compression) using libz 1.2.8
LogInit:  - other features:
LogInit:      CURL_VERSION_SSL
LogInit:      CURL_VERSION_LIBZ
LogInit:      CURL_VERSION_IPV6
LogInit:      CURL_VERSION_ASYNCHDNS
LogInit:      CURL_VERSION_LARGEFILE
LogInit:      CURL_VERSION_IDN
LogInit:  CurlRequestOptions (configurable via config and command line):
LogInit:  - bVerifyPeer = false  - Libcurl will NOT verify peer certificate
LogInit:  - bUseHttpProxy = false  - Libcurl will NOT use HTTP proxy
LogInit:  - bDontReuseConnections = false  - Libcurl will reuse connections
LogInit:  - CertBundlePath = nullptr  - Libcurl will use whatever was configured at build time.
OCULUS: Info: [CAPI] LibOVR module is located at C:\Program Files\Oculus\Support\oculus-runtime\LibOVRRT64_1.dll
OCULUS: Debug: Connected to the server running version (prod = 1).1.14.0(build = 378771) feature version = 0. Client runs version (prod = 1).1.14.0(build = 378771) feature version = 0
LogHMD: GearVR: Emulating GearVR using Oculus Rift!
LogInit: Build: ++UE4+Release-4.15-CL-3348071
LogInit: Engine Version: 4.15.1-3348071+++UE4+Release-4.15
LogInit: Compatible Engine Version: 4.15.0-3299760+++UE4+Release-4.15
LogInit: Net CL: 3299760
LogDevObjectVersion: Number of dev versions registered: 14
LogDevObjectVersion:   Dev-Blueprints (B0D832E4-1F89-4F0D-ACCF-7EB736FD4AA2): 8
LogDevObjectVersion:   Dev-Build (E1C64328-A22C-4D53-A36C-8E866417BD8C): 0
LogDevObjectVersion:   Dev-Core (375EC13C-06E4-48FB-B500-84F0262A717E): 2
LogDevObjectVersion:   Dev-Editor (E4B068ED-F494-42E9-A231-DA0B2E46BB41): 14
LogDevObjectVersion:   Dev-Framework (CFFC743F-43B0-4480-9391-14DF171D2073): 22
LogDevObjectVersion:   Dev-Mobile (B02B49B5-BB20-44E9-A304-32B752E40360): 0
LogDevObjectVersion:   Dev-Networking (A4E4105C-59A1-49B5-A7C5-40C4547EDFEE): 0
LogDevObjectVersion:   Dev-Online (39C831C9-5AE6-47DC-9A44-9C173E1C8E7C): 0
LogDevObjectVersion:   Dev-Physics (78F01B33-EBEA-4F98-B9B4-84EACCB95AA2): 0
LogDevObjectVersion:   Dev-Platform (6631380F-2D4D-43E0-8009-CF276956A95A): 0
LogDevObjectVersion:   Dev-Rendering (12F88B9F-8875-4AFC-A67C-D90C383ABD29): 12
LogDevObjectVersion:   Dev-Sequencer (7B5AE74C-D270-4C10-A958-57980B212A5A): 3
LogDevObjectVersion:   Dev-VR (D7296918-1DD6-4BDD-9DE2-64A83CC13884): 0
LogDevObjectVersion:   Dev-LoadTimes (C2A15278-BFE7-4AFE-6C17-90FF531DF755): 1
LogInit: Compiled (64-bit): Mar 15 2017 16:52:47
LogInit: Compiled with Visual C++: 19.00.23026.00
LogInit: Build Configuration: Development
LogInit: Branch Name: ++UE4+Release-4.15
LogInit: Command line:  
LogInit: Base directory: D:/Program Files/Epic Games/UE_4.15/Engine/Binaries/Win64/
LogInit: Installed Engine Build: 1
LogInit: Presizing for max 8388607 objects, including 0 objects not considered by GC, pre-allocating 0 bytes for permanent pool.
LogInit: Object subsystem initialized
[2017.05.01-20.29.08:740][  0]LogInit: Selected Device Profile: [Windows]
[2017.05.01-20.29.08:740][  0]LogInit: Applying CVar settings loaded from the selected device profile: [Windows]
[2017.05.01-20.29.08:748][  0]LogInit: Computer: TONIMASTERRACE
[2017.05.01-20.29.08:748][  0]LogInit: User: Toni
[2017.05.01-20.29.08:748][  0]LogInit: CPU Page size=65536, Cores=4
[2017.05.01-20.29.08:748][  0]LogInit: High frequency timer resolution =24.000000 MHz
[2017.05.01-20.29.08:748][  0]LogMemory: Memory total: Physical=8.0GB (8GB approx)
[2017.05.01-20.29.08:748][  0]LogMemory: Platform Memory Stats for Windows
[2017.05.01-20.29.08:748][  0]LogMemory: Process Physical Memory: 268.24 MB used, 268.24 MB peak
[2017.05.01-20.29.08:748][  0]LogMemory: Process Virtual Memory: 265.63 MB used, 265.63 MB peak
[2017.05.01-20.29.08:748][  0]LogMemory: Physical Memory: 4458.83 MB used,  3686.61 MB free, 8145.44 MB total
[2017.05.01-20.29.08:748][  0]LogMemory: Virtual Memory: 685.21 MB used,  3686.61 MB free, 134217728.00 MB total
[2017.05.01-20.29.08:801][  0]LogInit: Overriding culture en with editor configuration.
[2017.05.01-20.29.09:322][  0]LogD3D11RHI: D3D11 adapters:
[2017.05.01-20.29.09:789][  0]LogD3D11RHI:    0. 'NVIDIA GeForce GTX 1070' (Feature Level 11_0)
[2017.05.01-20.29.09:789][  0]LogD3D11RHI:       8119/0/4072 MB DedicatedVideo/DedicatedSystem/SharedSystem, Outputs:1, VendorId:0x10de
[2017.05.01-20.29.09:791][  0]LogD3D11RHI:    1. 'Microsoft Basic Render Driver' (Feature Level 11_0)
[2017.05.01-20.29.09:791][  0]LogD3D11RHI:       0/0/4072 MB DedicatedVideo/DedicatedSystem/SharedSystem, Outputs:0, VendorId:0x1414
[2017.05.01-20.29.09:791][  0]LogD3D11RHI: Chosen D3D11 Adapter: 0
[2017.05.01-20.29.09:795][  0]LogD3D11RHI: Creating new Direct3DDevice
[2017.05.01-20.29.09:795][  0]LogD3D11RHI:     GPU DeviceId: 0x1b81 (for the marketing name, search the web for "GPU Device Id")
[2017.05.01-20.29.09:795][  0]LogWindows: EnumDisplayDevices:
[2017.05.01-20.29.09:795][  0]LogWindows:    0. 'NVIDIA GeForce GTX 1070' (P:1 D:1)
[2017.05.01-20.29.09:796][  0]LogWindows:    1. 'NVIDIA GeForce GTX 1070' (P:0 D:0)
[2017.05.01-20.29.09:796][  0]LogWindows:    2. 'NVIDIA GeForce GTX 1070' (P:0 D:0)
[2017.05.01-20.29.09:797][  0]LogWindows:    3. 'NVIDIA GeForce GTX 1070' (P:0 D:0)
[2017.05.01-20.29.09:798][  0]LogWindows: DebugString: FoundDriverCount:4 
[2017.05.01-20.29.09:798][  0]LogD3D11RHI:     Adapter Name: NVIDIA GeForce GTX 1070
[2017.05.01-20.29.09:798][  0]LogD3D11RHI:   Driver Version: 381.89 (internal:22.21.13.8189, unified:381.89)
[2017.05.01-20.29.09:798][  0]LogD3D11RHI:      Driver Date: 4-19-2017
[2017.05.01-20.29.09:798][  0]LogRHI: Texture pool is 1361 MB (70% of 1945 MB)
[2017.05.01-20.29.10:261][  0]LogD3D11RHI: Async texture creation enabled
[2017.05.01-20.29.10:371][  0]LogD3D11RHI: GPU Timing Frequency: 1000.000000 (Debug: 2 1)
[2017.05.01-20.29.10:424][  0]LogShaderCompilers: Guid format shader working directory is 4 characters bigger than the processId version (../../../../../../LastBulletVR/LastBullet/Intermediate/Shaders/WorkingDirectory/7188/).
[2017.05.01-20.29.10:424][  0]LogShaderCompilers: Cleaned the shader compiler working directory 'C:/Users/Toni/AppData/Local/Temp/UnrealShaderWorkingDir/995ADB8F4B3FD776FBDC88A50FA0E615/'.
[2017.05.01-20.29.10:424][  0]LogShaderCompilers:Display: Using Local Shader Compiler.
[2017.05.01-20.29.11:865][  0]LogTemp:Display: Loaded TP AllDesktopTargetPlatform
[2017.05.01-20.29.11:899][  0]LogTemp:Display: Loaded TP MacClientTargetPlatform
[2017.05.01-20.29.11:932][  0]LogTemp:Display: Loaded TP MacNoEditorTargetPlatform
[2017.05.01-20.29.11:965][  0]LogTemp:Display: Loaded TP MacServerTargetPlatform
[2017.05.01-20.29.11:999][  0]LogTemp:Display: Loaded TP MacTargetPlatform
[2017.05.01-20.29.12:031][  0]LogTemp:Display: Loaded TP WindowsClientTargetPlatform
[2017.05.01-20.29.12:065][  0]LogTemp:Display: Loaded TP WindowsNoEditorTargetPlatform
[2017.05.01-20.29.12:099][  0]LogTemp:Display: Loaded TP WindowsServerTargetPlatform
[2017.05.01-20.29.12:124][  0]LogTemp:Display: Loaded TP WindowsTargetPlatform
[2017.05.01-20.29.12:156][  0]LogTemp:Display: Loaded TP AndroidTargetPlatform
[2017.05.01-20.29.12:188][  0]LogTemp:Display: Loaded TP Android_ASTCTargetPlatform
[2017.05.01-20.29.12:221][  0]LogTemp:Display: Loaded TP Android_ATCTargetPlatform
[2017.05.01-20.29.12:253][  0]LogTemp:Display: Loaded TP Android_DXTTargetPlatform
[2017.05.01-20.29.12:286][  0]LogTemp:Display: Loaded TP Android_ETC1TargetPlatform
[2017.05.01-20.29.12:318][  0]LogTemp:Display: Loaded TP Android_ETC2TargetPlatform
[2017.05.01-20.29.12:383][  0]LogTemp:Display: Loaded TP Android_MultiTargetPlatform
[2017.05.01-20.29.12:383][  0]LogTemp:Display: Loaded TP Android_PVRTCTargetPlatform
[2017.05.01-20.29.12:404][  0]LogTemp:Display: Loaded TP HTML5TargetPlatform
[2017.05.01-20.29.12:469][  0]LogTemp:Display: Loaded TP IOSTargetPlatform
[2017.05.01-20.29.12:489][  0]LogTemp:Display: Loaded TP TVOSTargetPlatform
[2017.05.01-20.29.12:520][  0]LogTemp:Display: Loaded TP LinuxClientTargetPlatform
[2017.05.01-20.29.12:553][  0]LogTemp:Display: Loaded TP LinuxNoEditorTargetPlatform
[2017.05.01-20.29.12:585][  0]LogTemp:Display: Loaded TP LinuxServerTargetPlatform
[2017.05.01-20.29.12:618][  0]LogTemp:Display: Loaded TP LinuxTargetPlatform
[2017.05.01-20.29.12:618][  0]LogTargetPlatformManager:Display: Building Assets For Windows
[2017.05.01-20.29.12:851][  0]LogDerivedDataCache:Display: Max Cache Size: 512 MB
[2017.05.01-20.29.12:903][  0]LogDerivedDataCache: Loaded boot cache 0.05s 51MB C:/Users/Toni/AppData/Local/UnrealEngine/4.15/DerivedDataCache/Boot.ddc.
[2017.05.01-20.29.12:903][  0]LogDerivedDataCache:Display: Loaded Boot cache: C:/Users/Toni/AppData/Local/UnrealEngine/4.15/DerivedDataCache/Boot.ddc
[2017.05.01-20.29.12:903][  0]LogDerivedDataCache: FDerivedDataBackendGraph:  Pak pak cache file ../../../../../../LastBulletVR/LastBullet/DerivedDataCache/DDC.ddp not found, will not use a pak cache.
[2017.05.01-20.29.12:903][  0]LogDerivedDataCache: Unable to find inner node Pak for hierarchical cache Hierarchy.
[2017.05.01-20.29.12:903][  0]LogDerivedDataCache: FDerivedDataBackendGraph:  CompressedPak pak cache file ../../../../../../LastBulletVR/LastBullet/DerivedDataCache/Compressed.ddp not found, will not use a pak cache.
[2017.05.01-20.29.12:903][  0]LogDerivedDataCache: Unable to find inner node CompressedPak for hierarchical cache Hierarchy.
[2017.05.01-20.29.12:916][  0]LogDerivedDataCache:Display: Pak cache opened for reading ../../../Engine/DerivedDataCache/Compressed.ddp.
[2017.05.01-20.29.12:929][  0]LogDerivedDataCache: Using Local data cache path C:/Users/Toni/AppData/Local/UnrealEngine/Common/DerivedDataCache: Writable
[2017.05.01-20.29.12:936][  0]LogSlate: Using Freetype 2.6.0
[2017.05.01-20.29.12:937][  0]LogSlate: SlateFontCache - WITH_FREETYPE: 1, WITH_HARFBUZZ: 1
[2017.05.01-20.29.12:937][  0]LogSlate: SlateFontCache - WITH_FREETYPE: 1, WITH_HARFBUZZ: 1
[2017.05.01-20.29.13:173][  0]LogInit: Selected Device Profile: [Windows]
[2017.05.01-20.29.13:175][  0]LogContentStreaming: Texture pool size is 0.00 MB
[2017.05.01-20.29.13:343][  0]LogMeshUtilities: Using QuadricMeshReduction for automatic static mesh reduction
[2017.05.01-20.29.13:365][  0]LogSimplygon: Simplygon DLL not present - disabling.
[2017.05.01-20.29.13:393][  0]LogMeshUtilities: Using SimplygonSwarm for distributed automatic mesh merging
[2017.05.01-20.29.13:393][  0]LogMeshUtilities: No automatic skeletal mesh reduction module available
[2017.05.01-20.29.13:393][  0]LogMeshUtilities: No automatic mesh merging module available
[2017.05.01-20.29.14:032][  0]LogNetVersion: GetLocalNetworkVersion: CL: 3299760, ProjectName: lastbullet, ProjectVersion: , EngineNetworkVersion: 2, GameNetworkVersion: 0, NetworkChecksum: 1522868599
[2017.05.01-20.29.14:069][  0]LogAssetRegistry: FAssetRegistry took 0.0214 seconds to start up
[2017.05.01-20.29.14:090][  0]LogPackageLocalizationCache: Processed 3 localized package path(s) for 1 prioritized culture(s) in 0.010388 seconds
[2017.05.01-20.29.14:094][  0]LogUObjectArray: 32493 objects as part of root set at end of initial load.
[2017.05.01-20.29.14:094][  0]LogUObjectAllocator: 7077032 out of 0 bytes used by permanent object pool.
[2017.05.01-20.29.14:094][  0]LogUObjectArray: CloseDisregardForGC: 0/0 objects in disregard for GC pool
[2017.05.01-20.29.14:124][  0]LogInit: WinSock: version 1.1 (2.2), MaxSocks=32767, MaxUdp=65467
[2017.05.01-20.29.15:162][  0]LogTcpMessaging: Initializing TcpMessaging bridge
[2017.05.01-20.29.15:189][  0]LogUdpMessaging: Initializing bridge on interface 0.0.0.0:0 to multicast group 230.0.0.1:6666.
[2017.05.01-20.29.15:513][  0]LogMaterial: Uniform references updated for custom material expression Custom.
[2017.05.01-20.29.15:779][  0]SourceControl: Info Source control is disabled
[2017.05.01-20.29.17:262][  0]LogEngine: Initializing Engine...
[2017.05.01-20.29.17:262][  0]LogHMD: Oculus plugin initialized. Version: 4.15.1-3348071+++UE4+Release-4.15, LibOVR: 1.14.0, SDK: 1.10.0, built Mar 15 2017, 16:59:09
[2017.05.01-20.29.17:468][  0]LogAIModule: Creating AISystem for world Untitled
[2017.05.01-20.29.17:482][  0]LogInit: XAudio2 using 'BenQ GL2250H-4 (NVIDIA High Definition Audio)' : 2 channels at 48 kHz using 16 bits per sample (channel mask 0x3)
[2017.05.01-20.29.17:504][  0]LogInit: FAudioDevice initialized.
[2017.05.01-20.29.17:532][  0]LogDerivedDataCache: Saved boot cache 0.03s 51MB C:/Users/Toni/AppData/Local/UnrealEngine/4.15/DerivedDataCache/Boot.ddc.
[2017.05.01-20.29.17:543][  0]LogInit: Texture streaming: Enabled
[2017.05.01-20.29.17:592][  0]LogEngineSessionManager: EngineSessionManager initialized
[2017.05.01-20.29.17:592][  0]LogEngineSessionManager: EngineSessionManager sent abnormal shutdown report. Type=Crashed, SessionId={0D827C11-489B-AF04-9975-F794780234C8}
[2017.05.01-20.29.17:641][  0]LogInit: Transaction tracking system initialized
[2017.05.01-20.29.17:829][  0]BlueprintLog: New page: Editor Load
[2017.05.01-20.29.18:307][  0]LocalizationService: Info Localization service is disabled
[2017.05.01-20.29.18:681][  0]LogConsoleResponse:Display: 
[2017.05.01-20.29.18:838][  0]LogCook:Display: Max memory allowance for cook 16384mb min free memory 0mb
[2017.05.01-20.29.18:838][  0]LogCook:Display: Mobile HDR setting 1
[2017.05.01-20.29.19:646][  0]LogFileCache: Scanning file cache for directory 'D:/LastBulletVR/LastBullet/Content/' took 0.02s
[2017.05.01-20.29.19:647][  0]Cmd: MAP LOAD FILE="../../../../../../LastBulletVR/LastBullet/Content/StarterContent/Maps/Minimal_Default.umap" TEMPLATE=0 SHOWPROGRESS=1 FEATURELEVEL=3
[2017.05.01-20.29.19:647][  0]LightingResults: New page: Lighting Build
[2017.05.01-20.29.19:669][  0]MapCheck: New page: Map Check
[2017.05.01-20.29.19:669][  0]LightingResults: New page: Lighting Build
[2017.05.01-20.29.19:679][  0]LogLinker:Warning: Asset '../../../../../../LastBulletVR/LastBullet/Content/Blueprints/modul_transporttransport_16_Blueprint.uasset' has been saved with empty engine version. The asset will be loaded but may be incompatible.
[2017.05.01-20.29.19:729][  0]LogBlueprint:Warning: Node '/Game/Blueprints/modul_transporttransport_16_Blueprint.modul_transporttransport_16_Blueprint:EdGraph_0.K2Node_FunctionEntry_359' missing NodeGuid because of upgrade from old package version, this can cause deterministic cooking issues please resave package.
[2017.05.01-20.29.19:731][  0]LogBlueprint:Warning: Node '/Game/Blueprints/modul_transporttransport_16_Blueprint.modul_transporttransport_16_Blueprint:EdGraph_1.K2Node_FunctionEntry_359' missing NodeGuid because of upgrade from old package version, this can cause deterministic cooking issues please resave package.
[2017.05.01-20.29.19:733][  0]LogBlueprint:Warning: Node '/Game/Blueprints/modul_transporttransport_16_Blueprint.modul_transporttransport_16_Blueprint:EdGraph_2.K2Node_FunctionEntry_359' missing NodeGuid because of upgrade from old package version, this can cause deterministic cooking issues please resave package.
[2017.05.01-20.29.19:851][  0]LogBlueprint:Warning: [WeaponComponent] 'GunOffset' variable not found. Base class was probably changed.
[2017.05.01-20.29.19:852][  0]LogBlueprint:Warning: [WeaponComponent] 'AmmoBar' variable not found. Base class was probably changed.
[2017.05.01-20.29.19:852][  0]LogBlueprint:Warning: [WeaponComponent] 'AmmoBar' variable not found. Base class was probably changed.
[2017.05.01-20.29.19:852][  0]LogBlueprint:Warning: [WeaponComponent] 'Mesh2P' variable not found. Base class was probably changed.
[2017.05.01-20.29.19:852][  0]LogBlueprint:Warning: [WeaponComponent] 'Sphere' variable not found. Base class was probably changed.
[2017.05.01-20.29.19:852][  0]LogBlueprint:Warning: [WeaponComponent] 'FirstPersonCamera' variable not found. Base class was probably changed.
[2017.05.01-20.29.19:852][  0]LogBlueprint:Warning: [WeaponComponent] 'UsingMotionControllers?' variable not found. Base class was probably changed.
[2017.05.01-20.29.19:852][  0]LogBlueprint:Warning: [WeaponComponent] 'VR_Marker' variable not found. Base class was probably changed.
[2017.05.01-20.29.19:852][  0]LogBlueprint:Warning: [WeaponComponent] 'WeaponComponent' variable not found. Base class was probably changed.
[2017.05.01-20.29.19:852][  0]LogBlueprint:Warning: [WeaponComponent] 'WeaponComponent' variable not found. Base class was probably changed.
[2017.05.01-20.29.19:852][  0]LogBlueprint:Warning: [WeaponComponent] 'WeaponComponent' variable not found. Base class was probably changed.
[2017.05.01-20.29.19:852][  0]LogBlueprint:Warning: [WeaponComponent] 'AmmoBar' variable not found. Base class was probably changed.
[2017.05.01-20.29.19:853][  0]LogBlueprint:Warning: [WeaponComponent] 'AmmoBar' variable not found. Base class was probably changed.
[2017.05.01-20.29.19:853][  0]LogBlueprint:Warning: [WeaponComponent] 'WeaponComponent' variable not found. Base class was probably changed.
[2017.05.01-20.29.19:853][  0]LogBlueprint:Warning: [WeaponComponent] 'WeaponComponent' variable not found. Base class was probably changed.
[2017.05.01-20.29.19:853][  0]LogBlueprint:Warning: [WeaponComponent] 'WeaponComponent' variable not found. Base class was probably changed.
[2017.05.01-20.29.19:853][  0]LogBlueprint:Warning: [WeaponComponent] 'WeaponComponent' variable not found. Base class was probably changed.
[2017.05.01-20.29.19:853][  0]LogBlueprint:Warning: [WeaponComponent] 'WeaponComponent' variable not found. Base class was probably changed.
[2017.05.01-20.29.19:853][  0]LogBlueprint:Warning: [WeaponComponent] 'WeaponComponent' variable not found. Base class was probably changed.
[2017.05.01-20.29.19:853][  0]LogBlueprint:Warning: [WeaponComponent] 'WeaponComponent' variable not found. Base class was probably changed.
[2017.05.01-20.29.19:853][  0]LogBlueprint:Warning: [WeaponComponent] 'WeaponComponent' variable not found. Base class was probably changed.
[2017.05.01-20.29.19:853][  0]LogBlueprint:Warning: [WeaponComponent] 'WeaponComponent' variable not found. Base class was probably changed.
[2017.05.01-20.29.19:853][  0]LogBlueprint:Warning: [WeaponComponent] 'WeaponComponent' variable not found. Base class was probably changed.
[2017.05.01-20.29.20:168][  0]LogBlueprint:Warning: [HUD] 'AmmoTotal' variable not found. Base class was probably changed.
[2017.05.01-20.29.20:172][  0]LogBlueprint:Error: [Compiler HUD] Error Failed to resolve term passed into  Value
[2017.05.01-20.29.20:177][  0]LogBlueprint:Warning: [Compiler HUD] Warning [0013.37] Compile of HUD failed. 1 Fatal Issue(s) 0 Warning(s) [in 7 ms] (/Game/FirstPersonBP/Maps/HUD.HUD)
[2017.05.01-20.29.20:177][  0]LogBlueprint:Warning: [Compiler HUD] Warning [0013.37] Compile of HUD failed. 1 Fatal Issue(s) 1 Warning(s) [in 0 ms] (/Game/FirstPersonBP/Maps/HUD.HUD)
[2017.05.01-20.29.20:177][  0]LogBlueprint:Warning: [Compiler HUD] Warning [0013.37] Compile of HUD failed. 1 Fatal Issue(s) 2 Warning(s) [in 0 ms] (/Game/FirstPersonBP/Maps/HUD.HUD)
[2017.05.01-20.29.20:467][  0]LogBlueprint:Warning: [PistolActor_Blueprint] 'VR_Marker' variable not found. Base class was probably changed.
[2017.05.01-20.29.20:648][  0]LogBlueprint:Warning: [HUD] 'AmmoTotal' variable not found. Base class was probably changed.
[2017.05.01-20.29.21:149][  0]LogLinker:Warning: Asset '../../../../../../LastBulletVR/LastBullet/Content/Meshes/Space/StarMap_Nebula_1_Mat.uasset' has been saved with empty engine version. The asset will be loaded but may be incompatible.
[2017.05.01-20.29.21:152][  0]LogLinker:Warning: Asset '../../../../../../LastBulletVR/LastBullet/Content/Meshes/Space/StarMap_Nebula_1.uasset' has been saved with empty engine version. The asset will be loaded but may be incompatible.
[2017.05.01-20.29.21:165][  0]LogLinker:Warning: Asset '../../../../../../LastBulletVR/LastBullet/Content/Meshes/Space/FX_Map_7.uasset' has been saved with empty engine version. The asset will be loaded but may be incompatible.
[2017.05.01-20.29.21:166][  0]LogLinker:Warning: Asset '../../../../../../LastBulletVR/LastBullet/Content/Meshes/Space/StarMap_1.uasset' has been saved with empty engine version. The asset will be loaded but may be incompatible.
[2017.05.01-20.29.22:482][  0]LogBlueprint:Warning: Node '/Game/Blueprints/modul_transporttransport_16_Blueprint.modul_transporttransport_16_Blueprint:UserConstructionScript.K2Node_FunctionEntry_359' missing NodeGuid because of upgrade from old package version, this can cause deterministic cooking issues please resave package.
[2017.05.01-20.29.22:594][  0]LogAIModule: Creating AISystem for world Minimal_Default
[2017.05.01-20.29.22:644][  0]LogEditorServer: Finished looking for orphan Actors (0.000 secs)
[2017.05.01-20.29.22:645][  0]Cmd: MAP CHECKDEP NOCLEARLOG
[2017.05.01-20.29.22:721][  0]MapCheck: Info Map check complete: 0 Error(s), 0 Warning(s), took 76.479ms to complete.
[2017.05.01-20.29.22:721][  0]LogFileHelpers: Loading map 'Minimal_Default' took 3.075
[2017.05.01-20.29.22:791][  0]LogWindowsTextInputMethodSystem:Display: IME system now deactivated.
[2017.05.01-20.29.22:873][  0]LogCollectionManager: Loaded 0 collections in 0.000716 seconds
[2017.05.01-20.29.22:935][  0]LogFileCache: Scanning file cache for directory 'D:/LastBulletVR/LastBullet/Saved/Collections/' took 0.01s
[2017.05.01-20.29.22:935][  0]LogFileCache: Scanning file cache for directory 'D:/LastBulletVR/LastBullet/Content/Developers/Toni/Collections/' took 0.01s
[2017.05.01-20.29.22:935][  0]LogFileCache: Scanning file cache for directory 'D:/LastBulletVR/LastBullet/Content/Collections/' took 0.01s
[2017.05.01-20.29.22:935][  0]LogCollectionManager: Rebuilt the GUID cache for 0 collections in 0.000009 seconds
[2017.05.01-20.29.22:942][  0]LogContentBrowser: Native class hierarchy populated in 0.0068 seconds. Added 2245 classes and 453 folders.
[2017.05.01-20.29.22:944][  0]LogStats: UGameplayTagsManager::ConstructGameplayTagTree: Construct from data asset -  0.000 s
[2017.05.01-20.29.22:944][  0]LogStats: UGameplayTagsManager::ConstructGameplayTagTree: GameplayTagTreeChangedEvent.Broadcast -  0.000 s
[2017.05.01-20.29.22:978][  0]LogContentBrowser: Native class hierarchy updated for 'WidgetCarousel' in 0.0005 seconds. Added 0 classes and 0 folders.
[2017.05.01-20.29.23:016][  0]LogContentBrowser: Native class hierarchy updated for 'AddContentDialog' in 0.0005 seconds. Added 0 classes and 0 folders.
[2017.05.01-20.29.23:041][  0]LogContentBrowser: Native class hierarchy updated for 'SceneOutliner' in 0.0005 seconds. Added 1 classes and 2 folders.
[2017.05.01-20.29.23:069][  0]LogCrashTracker: Crashtracker disabled due to settings.
[2017.05.01-20.29.23:079][  0]LogUObjectGlobals:Warning: Failed to find object 'Class None.'
[2017.05.01-20.29.23:126][  0]LogContentBrowser: Native class hierarchy updated for 'HierarchicalLODOutliner' in 0.0006 seconds. Added 1 classes and 2 folders.
[2017.05.01-20.29.23:127][  0]LogLoad: (Engine Initialization) Total time: 16.33 seconds
[2017.05.01-20.29.23:127][  0]LogLoad: (Engine Initialization) Total Blueprint compile time: 0.31 seconds
[2017.05.01-20.29.23:127][  0]LogExternalProfiler: Found external profiler: VSPerf
[2017.05.01-20.29.23:127][  0]LogExternalProfiler: Using external profiler: VSPerf
[2017.05.01-20.29.23:138][  0]LogOcInput: OculusInput pre-init called
[2017.05.01-20.29.23:149][  0]LogOcInput: OculusInput is initialized. Init status 0. Runtime version: 1.14.0
[2017.05.01-20.29.23:200][  0]SourceControl: Info On branch FixingGunsOffset
[2017.05.01-20.29.23:200][  0]SourceControl: Info Your branch is up-to-date with 'origin/FixingGunsOffset'.
[2017.05.01-20.29.23:200][  0]SourceControl: Info Changes to be committed:
[2017.05.01-20.29.23:200][  0]SourceControl: Info   (use "git reset HEAD <file>..." to unstage)
[2017.05.01-20.29.23:200][  0]SourceControl: Info 	new file:   LastBullet/Content/FirstPerson/Animations/SK_Mannequin_Arms_Skeleton_Sequence_Assault_Pose.uasset
[2017.05.01-20.29.23:200][  0]SourceControl: Info 	new file:   LastBullet/Content/FirstPerson/Animations/SK_Mannequin_Arms_Skeleton_Sequence_Sniper_pose.uasset
[2017.05.01-20.29.23:200][  0]SourceControl: Info Changes not staged for commit:
[2017.05.01-20.29.23:200][  0]SourceControl: Info   (use "git add/rm <file>..." to update what will be committed)
[2017.05.01-20.29.23:200][  0]SourceControl: Info   (use "git checkout -- <file>..." to discard changes in working directory)
[2017.05.01-20.29.23:200][  0]SourceControl: Info 	modified:   LastBullet/Content/FirstPerson/Animations/FirstPerson_AnimBP.uasset
[2017.05.01-20.29.23:200][  0]SourceControl: Info 	modified:   LastBullet/Content/FirstPerson/Animations/SK_Mannequin_Arms_Skeleton_Sequence_Assault_Pose.uasset
[2017.05.01-20.29.23:200][  0]SourceControl: Info 	modified:   LastBullet/Content/FirstPerson/Animations/SK_Mannequin_Arms_Skeleton_Sequence_Sniper_pose.uasset
[2017.05.01-20.29.23:200][  0]SourceControl: Info 	modified:   LastBullet/Content/FirstPerson/Character/Mesh/SK_Mannequin_Arms.uasset
[2017.05.01-20.29.23:200][  0]SourceControl: Info 	modified:   LastBullet/Content/FirstPerson/Character/Mesh/SK_Mannequin_Arms_Skeleton.uasset
[2017.05.01-20.29.23:200][  0]SourceControl: Info 	modified:   LastBullet/Content/FirstPersonBP/Blueprints/FirstPersonCharacter.uasset
[2017.05.01-20.29.23:200][  0]SourceControl: Info 	modified:   LastBullet/Content/FirstPersonBP/Blueprints/WeaponENUM.uasset
[2017.05.01-20.29.23:200][  0]SourceControl: Info 	modified:   LastBullet/Content/FirstPersonBP/WeaponBP/Assault/AssaultActor_Blueprint.uasset
[2017.05.01-20.29.23:200][  0]SourceControl: Info 	modified:   LastBullet/Content/FirstPersonBP/WeaponBP/Sniper/Sniper_Blueprint.uasset
[2017.05.01-20.29.23:200][  0]SourceControl: Info 	modified:   LastBullet/Content/StarterContent/Maps/Minimal_Default.umap
[2017.05.01-20.29.23:200][  0]SourceControl: Info 	modified:   LastBullet/Intermediate/CachedAssetRegistry.bin
[2017.05.01-20.29.23:200][  0]SourceControl: Info 	modified:   LastBullet/Saved/AutoScreenshot.png
[2017.05.01-20.29.23:200][  0]SourceControl: Info 	modified:   LastBullet/Saved/Autosaves/Game/FirstPersonBP/Blueprints/FirstPersonCharacter_Auto3.uasset
[2017.05.01-20.29.23:200][  0]SourceControl: Info 	modified:   LastBullet/Saved/Autosaves/Game/StarterContent/Maps/Minimal_Default_Auto1.umap
[2017.05.01-20.29.23:200][  0]SourceControl: Info 	modified:   LastBullet/Saved/Autosaves/Game/StarterContent/Maps/Minimal_Default_Auto2.umap
[2017.05.01-20.29.23:200][  0]SourceControl: Info 	modified:   LastBullet/Saved/Autosaves/Game/StarterContent/Maps/Minimal_Default_Auto3.umap
[2017.05.01-20.29.23:200][  0]SourceControl: Info 	modified:   LastBullet/Saved/Autosaves/PackageRestoreData.json
[2017.05.01-20.29.23:200][  0]SourceControl: Info 	deleted:    LastBullet/Saved/Backup/Ruben_2017-04-28-13-14-42.umap
[2017.05.01-20.29.23:200][  0]SourceControl: Info 	deleted:    LastBullet/Saved/Backup/Ruben_2017-04-28-18-37-51.umap
[2017.05.01-20.29.23:201][  0]SourceControl: Info 	deleted:    LastBullet/Saved/Backup/Ruben_2017-04-28-18-58-04.umap
[2017.05.01-20.29.23:201][  0]SourceControl: Info 	deleted:    LastBullet/Saved/Backup/Ruben_2017-04-28-19-17-40.umap
[2017.05.01-20.29.23:201][  0]SourceControl: Info 	deleted:    LastBullet/Saved/Backup/Ruben_2017-04-28-19-25-30.umap
[2017.05.01-20.29.23:201][  0]SourceControl: Info 	deleted:    LastBullet/Saved/Backup/Ruben_2017-04-28-19-39-27.umap
[2017.05.01-20.29.23:201][  0]SourceControl: Info 	deleted:    LastBullet/Saved/Backup/Ruben_2017-04-28-19-46-40.umap
[2017.05.01-20.29.23:201][  0]SourceControl: Info 	deleted:    LastBullet/Saved/Backup/Ruben_BuiltData_2017-04-26-13-36-06.uasset
[2017.05.01-20.29.23:201][  0]SourceControl: Info 	modified:   LastBullet/Saved/Config/Windows/Editor.ini
[2017.05.01-20.29.23:201][  0]SourceControl: Info 	modified:   LastBullet/Saved/Config/Windows/EditorPerProjectUserSettings.ini
[2017.05.01-20.29.23:201][  0]SourceControl: Info 	modified:   LastBullet/Saved/Config/Windows/Engine.ini
[2017.05.01-20.29.23:201][  0]SourceControl: Info 	deleted:    LastBullet/Saved/Logs/LastBullet-backup-2017.04.28-17.54.53.log
[2017.05.01-20.29.23:201][  0]SourceControl: Info 	deleted:    LastBullet/Saved/Logs/LastBullet-backup-2017.04.28-18.17.07.log
[2017.05.01-20.29.23:201][  0]SourceControl: Info 	deleted:    LastBullet/Saved/Logs/LastBullet-backup-2017.04.28-20.11.07.log
[2017.05.01-20.29.23:201][  0]SourceControl: Info 	deleted:    LastBullet/Saved/Logs/LastBullet-backup-2017.04.28-20.36.44.log
[2017.05.01-20.29.23:201][  0]SourceControl: Info 	deleted:    LastBullet/Saved/Logs/LastBullet-backup-2017.04.28-20.46.30.log
[2017.05.01-20.29.23:201][  0]SourceControl: Info 	deleted:    LastBullet/Saved/Logs/LastBullet-backup-2017.04.29-00.05.45.log
[2017.05.01-20.29.23:201][  0]SourceControl: Info 	deleted:    LastBullet/Saved/Logs/LastBullet-backup-2017.04.29-23.16.26.log
[2017.05.01-20.29.23:201][  0]SourceControl: Info 	deleted:    LastBullet/Saved/Logs/LastBullet-backup-2017.04.30-12.23.02.log
[2017.05.01-20.29.23:201][  0]SourceControl: Info 	modified:   LastBullet/Saved/Logs/LastBullet.log
[2017.05.01-20.29.23:201][  0]SourceControl: Info Untracked files:
[2017.05.01-20.29.23:201][  0]SourceControl: Info   (use "git add <file>..." to include in what will be committed)
[2017.05.01-20.29.23:201][  0]SourceControl: Info 	LastBullet/Saved/Logs/LastBullet-backup-2017.05.01-14.52.10.log
[2017.05.01-20.29.23:201][  0]SourceControl: Info 	LastBullet/Saved/Logs/LastBullet-backup-2017.05.01-17.09.47.log
[2017.05.01-20.29.23:201][  0]SourceControl: Info 	LastBullet/Saved/Logs/LastBullet-backup-2017.05.01-22.14.35.log
[2017.05.01-20.29.23:201][  0]SourceControl: Info 	LastBullet/Saved/Logs/LastBullet-backup-2017.05.01-22.22.13.log
[2017.05.01-20.29.23:201][  0]SourceControl: Info 	LastBullet/Saved/Logs/LastBullet-backup-2017.05.01-22.25.04.log
[2017.05.01-20.29.23:201][  0]SourceControl: Info 	LastBullet/Saved/Logs/LastBullet-backup-2017.05.01-22.26.31.log
[2017.05.01-20.29.23:201][  0]SourceControl: Info 	LastBullet/Saved/Logs/LastBullet-backup-2017.05.01-22.28.33.log
[2017.05.01-20.29.23:201][  0]SourceControl: Info 	LastBullet/Saved/Logs/LastBullet-backup-2017.05.01-22.29.07.log
[2017.05.01-20.29.23:201][  0]SourceControl: Info 	LastBullet/Saved/Logs/UE4CC-Windows-0C7D591F4D1AAEF27FDAAEBA8E1FAF27/
[2017.05.01-20.29.23:201][  0]SourceControl: Info 	LastBullet/Saved/Logs/UE4CC-Windows-0C7D591F4D1AAEF27FDAAEBA8E1FAF27_0000/
[2017.05.01-20.29.23:201][  0]SourceControl: Info 	LastBullet/Saved/Logs/UE4CC-Windows-33FA0D3E498B780EA9BC5393C928EF53/
[2017.05.01-20.29.23:201][  0]SourceControl: Info 	LastBullet/Saved/Logs/UE4CC-Windows-33FA0D3E498B780EA9BC5393C928EF53_0000/
[2017.05.01-20.29.23:201][  0]SourceControl: Info 	LastBullet/Saved/Logs/UE4CC-Windows-57F6990141C49B7CC2A40B900BDEBB6D/
[2017.05.01-20.29.23:201][  0]SourceControl: Info 	LastBullet/Saved/Logs/UE4CC-Windows-57F6990141C49B7CC2A40B900BDEBB6D_0000/
[2017.05.01-20.29.23:201][  0]SourceControl: Info 	LastBullet/Saved/Logs/UE4CC-Windows-7752A65B4A03C6E18280B3872C7E87EF/
[2017.05.01-20.29.23:201][  0]SourceControl: Info 	LastBullet/Saved/Logs/UE4CC-Windows-AAC0669A4C421525858E448551508FAB/
[2017.05.01-20.29.23:201][  0]SourceControl: Info 	LastBullet/Saved/Logs/UE4CC-Windows-B09ACFBD4BFEF2AEE392FAB1F22FBE00/
[2017.05.01-20.29.23:201][  0]SourceControl: Info 	LastBullet/Saved/Logs/UE4CC-Windows-B09ACFBD4BFEF2AEE392FAB1F22FBE00_0000/
[2017.05.01-20.29.23:201][  0]SourceControl: Info 	LastBullet/Saved/Logs/UE4CC-Windows-B63A9E1B4959E7E427067A88629C291A/
[2017.05.01-20.29.23:201][  0]SourceControl: Info 	LastBullet/Saved/Logs/UE4CC-Windows-B63A9E1B4959E7E427067A88629C291A_0000/
[2017.05.01-20.29.23:201][  0]SourceControl: Info 	LastBullet/Saved/Logs/UE4CC-Windows-CE004D6447BE8D99D47FF4BF61951258/
[2017.05.01-20.29.23:201][  0]SourceControl: Info 	LastBullet/Saved/Logs/UE4CC-Windows-CE004D6447BE8D99D47FF4BF61951258_0000/
[2017.05.01-20.29.23:201][  0]SourceControl: Info 	LastBullet/Saved/Logs/UE4CC-Windows-DD21B0DD49EE5BAF0184EBA74209DB96/
[2017.05.01-20.29.23:201][  0]SourceControl: Info 	LastBullet/Saved/Logs/UE4CC-Windows-DD21B0DD49EE5BAF0184EBA74209DB96_0000/
[2017.05.01-20.29.23:201][  0]SourceControl: Info 	LastBullet/Saved/Logs/UE4CC-Windows-FCE4EB614E8BC452F0F61E889B2A432F/
[2017.05.01-20.29.23:202][  0]LogContentStreaming: Texture pool size now 1000 MB
[2017.05.01-20.29.23:203][  0]LogSlate: Took 0.000209 seconds to synchronously load lazily loaded font '../../../Engine/Content/Slate/Fonts/Roboto-Regular.ttf' (155K)
[2017.05.01-20.29.23:206][  0]LogSlate: Took 0.000236 seconds to synchronously load lazily loaded font '../../../Engine/Content/Slate/Fonts/Roboto-Bold.ttf' (160K)
[2017.05.01-20.29.23:210][  0]LogSlate: Took 0.000259 seconds to synchronously load lazily loaded font '../../../Engine/Content/Editor/Slate/Fonts/FontAwesome.ttf' (139K)
[2017.05.01-20.29.23:336][  0]LogSlate: Took 0.000198 seconds to synchronously load lazily loaded font '../../../Engine/Content/Slate/Fonts/Roboto-Light.ttf' (159K)
[2017.05.01-20.29.23:363][  0]LogRenderer: Reallocating scene render targets to support 1208x660 NumSamples 1 (Frame:2).
[2017.05.01-20.29.23:454][  1]LogFileCache: Retrieving MD5 hashes for directory 'D:/LastBulletVR/LastBullet/Content/' took 0.29s
[2017.05.01-20.29.23:590][  4]LogAssetRegistry: Asset discovery search completed in 9.5434 seconds
[2017.05.01-20.29.23:591][  4]LogCollectionManager: Rebuilt the object cache for 0 collections in 0.000014 seconds (found 0 objects)
[2017.05.01-20.29.23:591][  4]LogCollectionManager: Fixed up redirectors for 0 collections in 0.000054 seconds (updated 0 objects)
[2017.05.01-20.30.00:593][555]LogWindowsTextInputMethodSystem:Display: IME system now deactivated.
[2017.05.01-20.30.01:109][556]Cmd: QUIT_EDITOR
[2017.05.01-20.30.01:424][556]LogExit: Preparing to exit.
[2017.05.01-20.30.02:631][556]LogDirectoryWatcher: A directory notification for 'D:/LastBulletVR/LastBullet/Content/' was aborted.
[2017.05.01-20.30.02:814][556]LogExit: Editor shut down
[2017.05.01-20.30.02:814][556]LogExit: Transaction tracking system shut down
[2017.05.01-20.30.03:730][556]LogObj: Freed 0b from 0 cluster array pools.
[2017.05.01-20.30.03:730][556]LogExit: Object subsystem successfully closed.
[2017.05.01-20.30.03:773][556]LogD3D11RHI: Shutdown
[2017.05.01-20.30.03:773][556]LogD3D11RHI: CleanupD3DDevice
[2017.05.01-20.30.04:293][556]LogD3D11RHI: ~FD3D11DynamicRHI
[2017.05.01-20.30.04:956][556]LogModuleManager: Shutting down and abandoning module HierarchicalLODOutliner (498)
[2017.05.01-20.30.04:965][556]LogModuleManager: Shutting down and abandoning module CrashTracker (496)
[2017.05.01-20.30.04:965][556]LogModuleManager: Shutting down and abandoning module SceneOutliner (494)
[2017.05.01-20.30.04:965][556]LogModuleManager: Shutting down and abandoning module AddContentDialog (492)
[2017.05.01-20.30.04:983][556]LogDirectoryWatcher: A directory notification for 'D:/Program Files/Epic Games/UE_4.15/FeaturePacks/' was aborted.
[2017.05.01-20.30.04:992][556]LogModuleManager: Shutting down and abandoning module WidgetCarousel (491)
[2017.05.01-20.30.04:992][556]LogModuleManager: Shutting down and abandoning module EditorWidgets (488)
[2017.05.01-20.30.04:992][556]LogModuleManager: Shutting down and abandoning module CollectionManager (486)
[2017.05.01-20.30.05:018][556]LogDirectoryWatcher: A directory notification for 'D:/LastBulletVR/LastBullet/Content/Collections/' was aborted.
[2017.05.01-20.30.05:018][556]LogDirectoryWatcher: A directory notification for 'D:/LastBulletVR/LastBullet/Content/Developers/Toni/Collections/' was aborted.
[2017.05.01-20.30.05:018][556]LogDirectoryWatcher: A directory notification for 'D:/LastBulletVR/LastBullet/Saved/Collections/' was aborted.
[2017.05.01-20.30.05:018][556]LogModuleManager: Shutting down and abandoning module StatsViewer (484)
[2017.05.01-20.30.05:041][556]LogModuleManager: Shutting down and abandoning module FoliageEdit (482)
[2017.05.01-20.30.05:041][556]LogModuleManager: Shutting down and abandoning module LandscapeEditor (480)
[2017.05.01-20.30.05:055][556]LogModuleManager: Shutting down and abandoning module SceneDepthPickerMode (478)
[2017.05.01-20.30.05:055][556]LogModuleManager: Shutting down and abandoning module ActorPickerMode (476)
[2017.05.01-20.30.05:056][556]LogModuleManager: Shutting down and abandoning module GeometryMode (474)
[2017.05.01-20.30.05:056][556]LogModuleManager: Shutting down and abandoning module TextureAlignMode (472)
[2017.05.01-20.30.05:056][556]LogModuleManager: Shutting down and abandoning module BspMode (470)
[2017.05.01-20.30.05:066][556]LogModuleManager: Shutting down and abandoning module HardwareSurvey (468)
[2017.05.01-20.30.05:066][556]LogModuleManager: Shutting down and abandoning module SequenceRecorderSections (466)
[2017.05.01-20.30.05:066][556]LogModuleManager: Shutting down and abandoning module AutomationWorker (464)
[2017.05.01-20.30.05:068][556]LogModuleManager: Shutting down and abandoning module MatineeToLevelSequence (462)
[2017.05.01-20.30.05:068][556]LogModuleManager: Shutting down and abandoning module LevelSequenceEditor (460)
[2017.05.01-20.30.05:109][556]LogModuleManager: Shutting down and abandoning module PlacementMode (459)
[2017.05.01-20.30.05:109][556]LogModuleManager: Shutting down and abandoning module WmfMediaFactory (456)
[2017.05.01-20.30.05:109][556]LogModuleManager: Shutting down and abandoning module WmfMediaEditor (454)
[2017.05.01-20.30.05:109][556]LogModuleManager: Shutting down and abandoning module MfMediaFactory (452)
[2017.05.01-20.30.05:109][556]LogModuleManager: Shutting down and abandoning module MfMediaEditor (450)
[2017.05.01-20.30.05:109][556]LogModuleManager: Shutting down and abandoning module AvfMediaFactory (448)
[2017.05.01-20.30.05:109][556]LogModuleManager: Shutting down and abandoning module AvfMediaEditor (446)
[2017.05.01-20.30.05:109][556]LogModuleManager: Shutting down and abandoning module AndroidMediaFactory (444)
[2017.05.01-20.30.05:109][556]LogModuleManager: Shutting down and abandoning module Media (443)
[2017.05.01-20.30.05:109][556]LogModuleManager: Shutting down and abandoning module AndroidMediaEditor (440)
[2017.05.01-20.30.05:109][556]LogModuleManager: Shutting down and abandoning module CharacterAI (438)
[2017.05.01-20.30.05:109][556]LogModuleManager: Shutting down and abandoning module AudioCapture (436)
[2017.05.01-20.30.05:109][556]LogModuleManager: Shutting down and abandoning module SequenceRecorder (435)
[2017.05.01-20.30.05:145][556]LogModuleManager: Shutting down and abandoning module SmartSnapping (432)
[2017.05.01-20.30.05:145][556]LogModuleManager: Shutting down and abandoning module SessionServices (430)
[2017.05.01-20.30.05:145][556]LogModuleManager: Shutting down and abandoning module ViewportSnapping (428)
[2017.05.01-20.30.05:145][556]LogModuleManager: Shutting down and abandoning module ViewportInteraction (426)
[2017.05.01-20.30.05:145][556]LogModuleManager: Shutting down and abandoning module LogVisualizer (424)
[2017.05.01-20.30.05:165][556]LogModuleManager: Shutting down and abandoning module IntroTutorials (422)
[2017.05.01-20.30.05:168][556]LogModuleManager: Shutting down and abandoning module GameProjectGeneration (421)
[2017.05.01-20.30.05:189][556]LogModuleManager: Shutting down and abandoning module EditorLiveStreaming (418)
[2017.05.01-20.30.05:189][556]LogModuleManager: Shutting down and abandoning module IOSPlatformEditor (416)
[2017.05.01-20.30.05:189][556]LogModuleManager: Shutting down and abandoning module HTML5PlatformEditor (414)
[2017.05.01-20.30.05:189][556]LogModuleManager: Shutting down and abandoning module AndroidPlatformEditor (412)
[2017.05.01-20.30.05:200][556]LogModuleManager: Shutting down and abandoning module AndroidDeviceDetection (411)
[2017.05.01-20.30.05:550][556]LogModuleManager: Shutting down and abandoning module IOSRuntimeSettings (408)
[2017.05.01-20.30.05:550][556]LogModuleManager: Shutting down and abandoning module AndroidRuntimeSettings (406)
[2017.05.01-20.30.05:550][556]LogModuleManager: Shutting down and abandoning module InputBindingEditor (404)
[2017.05.01-20.30.05:589][556]LogModuleManager: Shutting down and abandoning module NiagaraEditor (402)
[2017.05.01-20.30.05:611][556]LogModuleManager: Shutting down and abandoning module MergeActors (400)
[2017.05.01-20.30.05:619][556]LogModuleManager: Shutting down and abandoning module SizeMap (398)
[2017.05.01-20.30.05:619][556]LogModuleManager: Shutting down and abandoning module TreeMap (396)
[2017.05.01-20.30.05:628][556]LogModuleManager: Shutting down and abandoning module ReferenceViewer (394)
[2017.05.01-20.30.05:628][556]LogModuleManager: Shutting down and abandoning module LocalizationDashboard (392)
[2017.05.01-20.30.05:634][556]LogModuleManager: Shutting down and abandoning module LocalizationService (391)
[2017.05.01-20.30.05:644][556]LogModuleManager: Shutting down and abandoning module HardwareTargeting (388)
[2017.05.01-20.30.05:650][556]LogModuleManager: Shutting down and abandoning module DeviceProfileEditor (386)
[2017.05.01-20.30.05:660][556]LogModuleManager: Shutting down and abandoning module UndoHistory (384)
[2017.05.01-20.30.05:667][556]LogModuleManager: Shutting down and abandoning module UserFeedback (382)
[2017.05.01-20.30.05:667][556]LogModuleManager: Shutting down and abandoning module XmlParser (380)
[2017.05.01-20.30.05:667][556]LogModuleManager: Shutting down and abandoning module Blutility (378)
[2017.05.01-20.30.05:671][556]LogModuleManager: Shutting down and abandoning module ProjectSettingsViewer (376)
[2017.05.01-20.30.05:671][556]LogModuleManager: Shutting down and abandoning module ProjectTargetPlatformEditor (375)
[2017.05.01-20.30.05:671][556]LogModuleManager: Shutting down and abandoning module EditorSettingsViewer (372)
[2017.05.01-20.30.05:671][556]LogModuleManager: Shutting down and abandoning module SettingsEditor (370)
[2017.05.01-20.30.05:681][556]LogModuleManager: Shutting down and abandoning module ProjectLauncher (368)
[2017.05.01-20.30.05:698][556]LogModuleManager: Shutting down and abandoning module SessionFrontend (366)
[2017.05.01-20.30.05:708][556]LogModuleManager: Shutting down and abandoning module ProfilerClient (364)
[2017.05.01-20.30.05:715][556]LogModuleManager: Shutting down and abandoning module DeviceManager (362)
[2017.05.01-20.30.05:729][556]LogModuleManager: Shutting down and abandoning module TargetDeviceServices (361)
[2017.05.01-20.30.05:783][556]LogModuleManager: Shutting down and abandoning module AutomationController (358)
[2017.05.01-20.30.05:796][556]LogModuleManager: Shutting down and abandoning module AutomationWindow (356)
[2017.05.01-20.30.05:813][556]LogModuleManager: Shutting down and abandoning module Layers (354)
[2017.05.01-20.30.05:835][556]LogModuleManager: Shutting down and abandoning module ComponentVisualizers (352)
[2017.05.01-20.30.05:835][556]LogModuleManager: Shutting down and abandoning module DetailCustomizations (350)
[2017.05.01-20.30.05:852][556]LogModuleManager: Shutting down and abandoning module PackagesDialog (348)
[2017.05.01-20.30.05:864][556]LogModuleManager: Shutting down and abandoning module Persona (346)
[2017.05.01-20.30.05:886][556]LogModuleManager: Shutting down and abandoning module AnimGraph (345)
[2017.05.01-20.30.05:886][556]LogModuleManager: Shutting down and abandoning module Kismet (342)
[2017.05.01-20.30.05:898][556]LogModuleManager: Shutting down and abandoning module GraphEditor (340)
[2017.05.01-20.30.05:899][556]LogModuleManager: Shutting down and abandoning module ClassViewer (338)
[2017.05.01-20.30.05:942][556]LogModuleManager: Shutting down and abandoning module Toolbox (336)
[2017.05.01-20.30.05:944][556]LogModuleManager: Shutting down and abandoning module ModuleUI (334)
[2017.05.01-20.30.05:968][556]LogModuleManager: Shutting down and abandoning module MovieSceneTools (332)
[2017.05.01-20.30.05:984][556]LogModuleManager: Shutting down and abandoning module OutputLog (330)
[2017.05.01-20.30.06:000][556]LogModuleManager: Shutting down and abandoning module GammaUI (328)
[2017.05.01-20.30.06:018][556]LogModuleManager: Shutting down and abandoning module Documentation (326)
[2017.05.01-20.30.06:021][556]LogModuleManager: Shutting down and abandoning module Niagara (324)
[2017.05.01-20.30.06:021][556]LogModuleManager: Shutting down and abandoning module StreamingPauseRendering (322)
[2017.05.01-20.30.06:021][556]LogModuleManager: Shutting down and abandoning module AnalyticsET (320)
[2017.05.01-20.30.06:021][556]LogModuleManager: Shutting down and abandoning module PortalServices (318)
[2017.05.01-20.30.06:021][556]LogModuleManager: Shutting down and abandoning module PortalRpc (316)
[2017.05.01-20.30.06:021][556]LogModuleManager: Shutting down and abandoning module MessagingRpc (314)
[2017.05.01-20.30.06:021][556]LogModuleManager: Shutting down and abandoning module AIModule (312)
[2017.05.01-20.30.06:034][556]LogModuleManager: Shutting down and abandoning module GameplayDebugger (311)
[2017.05.01-20.30.06:045][556]LogModuleManager: Shutting down and abandoning module AITestSuite (309)
[2017.05.01-20.30.06:045][556]LogModuleManager: Shutting down and abandoning module ProfilerService (306)
[2017.05.01-20.30.06:064][556]LogModuleManager: Shutting down and abandoning module TaskGraph (304)
[2017.05.01-20.30.06:080][556]LogModuleManager: Shutting down and abandoning module SteamVRController (302)
[2017.05.01-20.30.06:080][556]LogModuleManager: Shutting down and abandoning module SteamVR (300)
[2017.05.01-20.30.06:080][556]LogModuleManager: Shutting down and abandoning module ProceduralMeshComponentEditor (298)
[2017.05.01-20.30.06:080][556]LogModuleManager: Shutting down and abandoning module ProceduralMeshComponent (296)
[2017.05.01-20.30.06:086][556]LogModuleManager: Shutting down and abandoning module OculusLibrary (294)
[2017.05.01-20.30.06:086][556]LogModuleManager: Shutting down and abandoning module OculusInput (292)
[2017.05.01-20.30.06:086][556]LogModuleManager: Shutting down and abandoning module MobilePatchingUtils (290)
[2017.05.01-20.30.06:086][556]LogModuleManager: Shutting down and abandoning module CustomMeshComponent (288)
[2017.05.01-20.30.06:086][556]LogModuleManager: Shutting down and abandoning module CableComponent (286)
[2017.05.01-20.30.06:086][556]LogModuleManager: Shutting down and abandoning module ArchVisCharacter (284)
[2017.05.01-20.30.06:086][556]LogModuleManager: Shutting down and abandoning module MediaPlayerEditor (280)
[2017.05.01-20.30.06:116][556]LogModuleManager: Shutting down and abandoning module HTML5Networking (278)
[2017.05.01-20.30.06:116][556]LogModuleManager: Shutting down and abandoning module AlembicImporter (276)
[2017.05.01-20.30.06:132][556]LogModuleManager: Shutting down and abandoning module AlembicLibrary (275)
[2017.05.01-20.30.06:132][556]LogModuleManager: Shutting down and abandoning module GeometryCache (274)
[2017.05.01-20.30.06:132][556]LogModuleManager: Shutting down and abandoning module GeometryCacheEd (273)
[2017.05.01-20.30.06:132][556]LogModuleManager: Shutting down and abandoning module SuperSearchEditor (268)
[2017.05.01-20.30.06:132][556]LogModuleManager: Shutting down and abandoning module SuperSearch (267)
[2017.05.01-20.30.06:132][556]LogModuleManager: Shutting down and abandoning module SpeedTreeImporter (264)
[2017.05.01-20.30.06:132][556]LogModuleManager: Shutting down and abandoning module PluginBrowser (262)
[2017.05.01-20.30.06:181][556]LogModuleManager: Shutting down and abandoning module MobileLauncherProfileWizard (260)
[2017.05.01-20.30.06:254][556]LogModuleManager: Shutting down and abandoning module EpicSurvey (258)
[2017.05.01-20.30.06:255][556]LogModuleManager: Shutting down and abandoning module VisualStudioSourceCodeAccess (256)
[2017.05.01-20.30.06:255][556]LogModuleManager: Shutting down and abandoning module DesktopPlatform (255)
[2017.05.01-20.30.06:255][556]LogModuleManager: Shutting down and abandoning module UObjectPlugin (252)
[2017.05.01-20.30.06:255][556]LogModuleManager: Shutting down and abandoning module SubversionSourceControl (250)
[2017.05.01-20.30.06:269][556]LogModuleManager: Shutting down and abandoning module PerforceSourceControl (248)
[2017.05.01-20.30.06:279][556]LogModuleManager: Shutting down and abandoning module GitSourceControl (246)
[2017.05.01-20.30.06:280][556]LogModuleManager: Shutting down and abandoning module SourceControl (245)
[2017.05.01-20.30.06:280][556]LogModuleManager: Shutting down and abandoning module LightPropagationVolumeEditor (242)
[2017.05.01-20.30.06:280][556]LogModuleManager: Shutting down and abandoning module PaperTiledImporter (240)
[2017.05.01-20.30.06:280][556]LogModuleManager: Shutting down and abandoning module PaperSpriteSheetImporter (238)
[2017.05.01-20.30.06:280][556]LogModuleManager: Shutting down and abandoning module Paper2DEditor (236)
[2017.05.01-20.30.06:295][556]LogModuleManager: Shutting down and abandoning module MeshPaint (235)
[2017.05.01-20.30.06:311][556]LogModuleManager: Shutting down and abandoning module LevelEditor (233)
[2017.05.01-20.30.06:329][556]LogModuleManager: Shutting down and abandoning module PixelInspectorModule (232)
[2017.05.01-20.30.06:349][556]LogModuleManager: Shutting down and abandoning module MainFrame (230)
[2017.05.01-20.30.06:349][556]LogModuleManager: Shutting down and abandoning module HotReload (229)
[2017.05.01-20.30.06:360][556]LogModuleManager: Shutting down and abandoning module ContentBrowser (225)
[2017.05.01-20.30.06:361][556]LogModuleManager: Shutting down and abandoning module PhysXVehiclesEditor (222)
[2017.05.01-20.30.06:373][556]LogModuleManager: Shutting down and abandoning module PhysXVehicles (220)
[2017.05.01-20.30.06:373][556]LogModuleManager: Shutting down and abandoning module LocationServicesBPLibrary (218)
[2017.05.01-20.30.06:373][556]LogModuleManager: Shutting down and abandoning module UdpMessaging (216)
[2017.05.01-20.30.06:478][556]LogModuleManager: Shutting down and abandoning module TcpMessaging (214)
[2017.05.01-20.30.06:595][556]LogModuleManager: Shutting down and abandoning module GameplayTagsEditor (212)
[2017.05.01-20.30.06:626][556]LogModuleManager: Shutting down and abandoning module FacialAnimationEditor (210)
[2017.05.01-20.30.06:634][556]LogModuleManager: Shutting down and abandoning module FacialAnimation (208)
[2017.05.01-20.30.06:634][556]LogModuleManager: Shutting down and abandoning module LightPropagationVolumeRuntime (206)
[2017.05.01-20.30.06:634][556]LogModuleManager: Shutting down and abandoning module Paper2D (204)
[2017.05.01-20.30.06:644][556]LogModuleManager: Shutting down and abandoning module WindowsMoviePlayer (202)
[2017.05.01-20.30.06:645][556]LogModuleManager: Shutting down and abandoning module WmfMedia (200)
[2017.05.01-20.30.06:645][556]LogModuleManager: Shutting down and abandoning module MfMedia (198)
[2017.05.01-20.30.06:645][556]LogModuleManager: Shutting down and abandoning module MediaAssets (196)
[2017.05.01-20.30.06:645][556]LogModuleManager: Shutting down and abandoning module GameLiveStreaming (194)
[2017.05.01-20.30.06:652][556]LogModuleManager: Shutting down and abandoning module VREditor (192)
[2017.05.01-20.30.06:652][556]LogModuleManager: Shutting down and abandoning module GameplayTasksEditor (190)
[2017.05.01-20.30.06:652][556]LogModuleManager: Shutting down and abandoning module BehaviorTreeEditor (188)
[2017.05.01-20.30.06:681][556]LogModuleManager: Shutting down and abandoning module FunctionalTesting (186)
[2017.05.01-20.30.06:681][556]LogModuleManager: Shutting down and abandoning module CollisionAnalyzer (184)
[2017.05.01-20.30.06:695][556]LogModuleManager: Shutting down and abandoning module UMG (182)
[2017.05.01-20.30.06:726][556]LogModuleManager: Shutting down and abandoning module UMGEditor (181)
[2017.05.01-20.30.06:744][556]LogModuleManager: Shutting down and abandoning module Sequencer (180)
[2017.05.01-20.30.06:771][556]LogModuleManager: Shutting down and abandoning module AssetTools (178)
[2017.05.01-20.30.06:803][556]LogModuleManager: Shutting down and abandoning module MessageLog (177)
[2017.05.01-20.30.06:803][556]LogModuleManager: Shutting down and abandoning module WorkspaceMenuStructure (176)
[2017.05.01-20.30.06:803][556]LogModuleManager: Shutting down and abandoning module SlateReflector (170)
[2017.05.01-20.30.06:827][556]LogModuleManager: Shutting down and abandoning module Slate (168)
[2017.05.01-20.30.06:827][556]LogModuleManager: Shutting down and abandoning module EditorStyle (166)
[2017.05.01-20.30.06:829][556]LogModuleManager: Shutting down and abandoning module SourceCodeAccess (164)
[2017.05.01-20.30.06:840][556]LogModuleManager: Shutting down and abandoning module HeadMountedDisplay (162)
[2017.05.01-20.30.06:840][556]LogModuleManager: Shutting down and abandoning module XAudio2 (160)
[2017.05.01-20.30.06:840][556]LogModuleManager: Shutting down and abandoning module Networking (158)
[2017.05.01-20.30.06:840][556]LogModuleManager: Shutting down and abandoning module Core (154)
[2017.05.01-20.30.06:840][556]LogModuleManager: Shutting down and abandoning module AssetRegistry (152)
[2017.05.01-20.30.07:028][556]LogDirectoryWatcher: A directory notification for '../../../Engine/Content/' was aborted.
[2017.05.01-20.30.07:028][556]LogDirectoryWatcher: A directory notification for '../../../../../../LastBulletVR/LastBullet/Content/' was aborted.
[2017.05.01-20.30.07:028][556]LogDirectoryWatcher: A directory notification for '../../../Engine/Plugins/2D/Paper2D/Content/' was aborted.
[2017.05.01-20.30.07:036][556]LogModuleManager: Shutting down and abandoning module DirectoryWatcher (151)
[2017.05.01-20.30.07:036][556]LogModuleManager: Shutting down and abandoning module KismetCompiler (148)
[2017.05.01-20.30.07:036][556]LogModuleManager: Shutting down and abandoning module PhysXFormats (146)
[2017.05.01-20.30.07:037][556]LogModuleManager: Shutting down and abandoning module MeshUtilities (144)
[2017.05.01-20.30.07:053][556]LogModuleManager: Shutting down and abandoning module SimplygonSwarm (143)
[2017.05.01-20.30.07:063][556]LogModuleManager: Shutting down and abandoning module SimplygonMeshReduction (141)
[2017.05.01-20.30.07:063][556]LogModuleManager: Shutting down and abandoning module QuadricMeshReduction (139)
[2017.05.01-20.30.07:063][556]LogModuleManager: Shutting down and abandoning module PropertyEditor (137)
[2017.05.01-20.30.07:063][556]LogModuleManager: Shutting down and abandoning module DerivedDataCache (134)
[2017.05.01-20.30.07:066][556]LogDerivedDataCache: Shutdown
[2017.05.01-20.30.07:066][556]LogModuleManager: Shutting down and abandoning module TargetPlatform (132)
[2017.05.01-20.30.07:066][556]LogModuleManager: Shutting down and abandoning module VulkanShaderFormat (131)
[2017.05.01-20.30.07:076][556]LogModuleManager: Shutting down and abandoning module ShaderFormatOpenGL (129)
[2017.05.01-20.30.07:085][556]LogModuleManager: Shutting down and abandoning module ShaderFormatD3D (127)
[2017.05.01-20.30.07:085][556]LogModuleManager: Shutting down and abandoning module MetalShaderFormat (125)
[2017.05.01-20.30.07:095][556]LogModuleManager: Shutting down and abandoning module TextureFormatUncompressed (123)
[2017.05.01-20.30.07:095][556]LogModuleManager: Shutting down and abandoning module TextureFormatPVR (121)
[2017.05.01-20.30.07:095][556]LogModuleManager: Shutting down and abandoning module TextureFormatDXT (119)
[2017.05.01-20.30.07:095][556]LogModuleManager: Shutting down and abandoning module TextureFormatIntelISPCTexComp (117)
[2017.05.01-20.30.07:096][556]LogModuleManager: Shutting down and abandoning module TextureFormatASTC (115)
[2017.05.01-20.30.07:096][556]LogModuleManager: Shutting down and abandoning module ImageWrapper (114)
[2017.05.01-20.30.07:096][556]LogModuleManager: Shutting down and abandoning module TextureFormatAndroid (111)
[2017.05.01-20.30.07:096][556]LogModuleManager: Shutting down and abandoning module AudioFormatOpus (109)
[2017.05.01-20.30.07:099][556]LogModuleManager: Shutting down and abandoning module AudioFormatOgg (107)
[2017.05.01-20.30.07:099][556]LogModuleManager: Shutting down and abandoning module AudioFormatADPCM (105)
[2017.05.01-20.30.07:099][556]LogModuleManager: Shutting down and abandoning module LinuxTargetPlatform (103)
[2017.05.01-20.30.07:099][556]LogModuleManager: Shutting down and abandoning module LinuxServerTargetPlatform (101)
[2017.05.01-20.30.07:099][556]LogModuleManager: Shutting down and abandoning module LinuxNoEditorTargetPlatform (99)
[2017.05.01-20.30.07:099][556]LogModuleManager: Shutting down and abandoning module LinuxClientTargetPlatform (97)
[2017.05.01-20.30.07:099][556]LogModuleManager: Shutting down and abandoning module TVOSTargetPlatform (95)
[2017.05.01-20.30.07:099][556]LogModuleManager: Shutting down and abandoning module Messaging (93)
[2017.05.01-20.30.07:099][556]LogModuleManager: Shutting down and abandoning module IOSTargetPlatform (91)
[2017.05.01-20.30.07:099][556]LogModuleManager: Shutting down and abandoning module HTML5TargetPlatform (89)
[2017.05.01-20.30.07:099][556]LogModuleManager: Shutting down and abandoning module Android_PVRTCTargetPlatform (87)
[2017.05.01-20.30.07:099][556]LogModuleManager: Shutting down and abandoning module Android_MultiTargetPlatform (85)
[2017.05.01-20.30.07:099][556]LogModuleManager: Shutting down and abandoning module Android_ETC2TargetPlatform (83)
[2017.05.01-20.30.07:099][556]LogModuleManager: Shutting down and abandoning module Android_ETC1TargetPlatform (81)
[2017.05.01-20.30.07:099][556]LogModuleManager: Shutting down and abandoning module Android_DXTTargetPlatform (79)
[2017.05.01-20.30.07:099][556]LogModuleManager: Shutting down and abandoning module Android_ATCTargetPlatform (77)
[2017.05.01-20.30.07:100][556]LogModuleManager: Shutting down and abandoning module Android_ASTCTargetPlatform (75)
[2017.05.01-20.30.07:100][556]LogModuleManager: Shutting down and abandoning module AndroidTargetPlatform (73)
[2017.05.01-20.30.07:100][556]LogModuleManager: Shutting down and abandoning module WindowsTargetPlatform (71)
[2017.05.01-20.30.07:100][556]LogModuleManager: Shutting down and abandoning module WindowsServerTargetPlatform (69)
[2017.05.01-20.30.07:100][556]LogModuleManager: Shutting down and abandoning module WindowsNoEditorTargetPlatform (67)
[2017.05.01-20.30.07:100][556]LogModuleManager: Shutting down and abandoning module WindowsClientTargetPlatform (65)
[2017.05.01-20.30.07:100][556]LogModuleManager: Shutting down and abandoning module MacTargetPlatform (63)
[2017.05.01-20.30.07:100][556]LogModuleManager: Shutting down and abandoning module MacServerTargetPlatform (61)
[2017.05.01-20.30.07:100][556]LogModuleManager: Shutting down and abandoning module MacNoEditorTargetPlatform (59)
[2017.05.01-20.30.07:100][556]LogModuleManager: Shutting down and abandoning module MacClientTargetPlatform (57)
[2017.05.01-20.30.07:100][556]LogModuleManager: Shutting down and abandoning module AllDesktopTargetPlatform (55)
[2017.05.01-20.30.07:100][556]LogModuleManager: Shutting down and abandoning module InputCore (52)
[2017.05.01-20.30.07:100][556]LogModuleManager: Shutting down and abandoning module Settings (50)
[2017.05.01-20.30.07:100][556]LogModuleManager: Shutting down and abandoning module OculusRift (48)
[2017.05.01-20.30.07:102][556]LogHMD: Oculus shutdown.
[2017.05.01-20.30.07:102][556]LogModuleManager: Shutting down and abandoning module GearVR (46)
[2017.05.01-20.30.07:102][556]LogModuleManager: Shutting down and abandoning module ExampleDeviceProfileSelector (44)
[2017.05.01-20.30.07:102][556]LogModuleManager: Shutting down and abandoning module OnlineBlueprintSupport (42)
[2017.05.01-20.30.07:102][556]LogModuleManager: Shutting down and abandoning module OnlineSubsystem (38)
[2017.05.01-20.30.07:102][556]LogOnline:Display: Unloading online subsystem: NULL
[2017.05.01-20.30.07:120][556]LogModuleManager: Shutting down and abandoning module XMPP (37)
[2017.05.01-20.30.07:133][556]LogModuleManager: Shutting down and abandoning module HTTP (35)
[2017.05.01-20.30.07:146][556]LogHttp:Display: Http module shutting down, but needs to wait on 1 outstanding Http requests:
[2017.05.01-20.30.07:146][556]LogHttp:Display: 	verb=[POST] url=[https://datarouter.ol.epicgames.com/datarouter/api/v1/public/data?SessionID=%7B48CB957C-4401-F4E8-3D07-ECA4B903A435%7D&AppID=UEEditor.Rocket.Release&AppVersion=4.15.1-3348071%2B%2B%2BUE4%2BRelease-4.15&UserID=f39911084e6eee547528b980920f5896%7Cd1dffcc0c00b4945b72a2d714bf43321%7C26cf8f1e-746a-4f9a-9e59-db695ff3efd3&AppEnvironment=datacollector-binary&UploadType=eteventstream] status=Processing
[2017.05.01-20.30.07:166][556]LogModuleManager: Shutting down and abandoning module SSL (34)
[2017.05.01-20.30.07:167][556]LogModuleManager: Shutting down and abandoning module AudioEditor (30)
[2017.05.01-20.30.07:176][556]LogModuleManager: Shutting down and abandoning module TextureCompressor (28)
[2017.05.01-20.30.07:177][556]LogModuleManager: Shutting down and abandoning module ShaderCore (26)
[2017.05.01-20.30.07:177][556]LogModuleManager: Shutting down and abandoning module Landscape (24)
[2017.05.01-20.30.07:177][556]LogModuleManager: Shutting down and abandoning module SlateRHIRenderer (22)
[2017.05.01-20.30.07:191][556]LogModuleManager: Shutting down and abandoning module OpenGLDrv (20)
[2017.05.01-20.30.07:196][556]LogModuleManager: Shutting down and abandoning module D3D11RHI (18)
[2017.05.01-20.30.07:196][556]LogModuleManager: Shutting down and abandoning module AnimGraphRuntime (16)
[2017.05.01-20.30.07:206][556]LogModuleManager: Shutting down and abandoning module Renderer (14)
[2017.05.01-20.30.07:206][556]LogModuleManager: Shutting down and abandoning module Engine (12)
[2017.05.01-20.30.07:206][556]LogModuleManager: Shutting down and abandoning module CoreUObject (10)
[2017.05.01-20.30.07:206][556]LogModuleManager: Shutting down and abandoning module NetworkFile (8)
[2017.05.01-20.30.07:206][556]LogModuleManager: Shutting down and abandoning module StreamingFile (6)
[2017.05.01-20.30.07:206][556]LogModuleManager: Shutting down and abandoning module SandboxFile (4)
[2017.05.01-20.30.07:206][556]LogModuleManager: Shutting down and abandoning module PakFile (2)
[2017.05.01-20.30.07:219][556]LogExit: Exiting.
[2017.05.01-20.30.07:225][556]Log file closed, 05/01/17 22:30:07
