Log file open, 04/01/17 13:51:51
LogInit:Display: Running engine for game: LastBullet
LogPlatformFile: Not using cached read wrapper
LogInit:Display: RandInit(669385714) SRandInit(669385728).
LogTaskGraph: Started task graph with 5 named threads and 8 total threads with 1 sets of task threads.
LogStats: Stats thread started at 0.086739
LogInit: Using libcurl 7.47.1
LogInit:  - built for x86_64-pc-win32
LogInit:  - supports SSL with OpenSSL/1.0.2g
LogInit:  - supports HTTP deflate (compression) using libz 1.2.8
LogInit:  - other features:
LogInit:      CURL_VERSION_SSL
LogInit:      CURL_VERSION_LIBZ
LogInit:      CURL_VERSION_IPV6
LogInit:      CURL_VERSION_ASYNCHDNS
LogInit:      CURL_VERSION_LARGEFILE
LogInit:      CURL_VERSION_IDN
LogInit:  CurlRequestOptions (configurable via config and command line):
LogInit:  - bVerifyPeer = false  - Libcurl will NOT verify peer certificate
LogInit:  - bUseHttpProxy = false  - Libcurl will NOT use HTTP proxy
LogInit:  - bDontReuseConnections = false  - Libcurl will reuse connections
LogInit:  - CertBundlePath = nullptr  - Libcurl will use whatever was configured at build time.
LogInit: Build: ++UE4+Release-4.15-CL-3348071
LogInit: Engine Version: 4.15.1-3348071+++UE4+Release-4.15
LogInit: Compatible Engine Version: 4.15.0-3299760+++UE4+Release-4.15
LogInit: Net CL: 3299760
LogDevObjectVersion: Number of dev versions registered: 14
LogDevObjectVersion:   Dev-Blueprints (B0D832E4-1F89-4F0D-ACCF-7EB736FD4AA2): 8
LogDevObjectVersion:   Dev-Build (E1C64328-A22C-4D53-A36C-8E866417BD8C): 0
LogDevObjectVersion:   Dev-Core (375EC13C-06E4-48FB-B500-84F0262A717E): 2
LogDevObjectVersion:   Dev-Editor (E4B068ED-F494-42E9-A231-DA0B2E46BB41): 14
LogDevObjectVersion:   Dev-Framework (CFFC743F-43B0-4480-9391-14DF171D2073): 22
LogDevObjectVersion:   Dev-Mobile (B02B49B5-BB20-44E9-A304-32B752E40360): 0
LogDevObjectVersion:   Dev-Networking (A4E4105C-59A1-49B5-A7C5-40C4547EDFEE): 0
LogDevObjectVersion:   Dev-Online (39C831C9-5AE6-47DC-9A44-9C173E1C8E7C): 0
LogDevObjectVersion:   Dev-Physics (78F01B33-EBEA-4F98-B9B4-84EACCB95AA2): 0
LogDevObjectVersion:   Dev-Platform (6631380F-2D4D-43E0-8009-CF276956A95A): 0
LogDevObjectVersion:   Dev-Rendering (12F88B9F-8875-4AFC-A67C-D90C383ABD29): 12
LogDevObjectVersion:   Dev-Sequencer (7B5AE74C-D270-4C10-A958-57980B212A5A): 3
LogDevObjectVersion:   Dev-VR (D7296918-1DD6-4BDD-9DE2-64A83CC13884): 0
LogDevObjectVersion:   Dev-LoadTimes (C2A15278-BFE7-4AFE-6C17-90FF531DF755): 1
LogInit: Compiled (64-bit): Mar 15 2017 16:52:47
LogInit: Compiled with Visual C++: 19.00.23026.00
LogInit: Build Configuration: Development
LogInit: Branch Name: ++UE4+Release-4.15
LogInit: Command line: -EpicPortal 
LogInit: Base directory: D:/EpicGames/UE_4.15/Engine/Binaries/Win64/
LogInit: Installed Engine Build: 1
LogInit: Presizing for max 8388607 objects, including 0 objects not considered by GC, pre-allocating 0 bytes for permanent pool.
LogInit: Object subsystem initialized
[2017.04.01-11.51.52:953][  0]LogInit: Selected Device Profile: [Windows]
[2017.04.01-11.51.52:953][  0]LogInit: Applying CVar settings loaded from the selected device profile: [Windows]
[2017.04.01-11.51.52:989][  0]LogInit: Computer: DESKTOP-1OLBMPA
[2017.04.01-11.51.52:989][  0]LogInit: User: julio
[2017.04.01-11.51.52:989][  0]LogInit: CPU Page size=65536, Cores=4
[2017.04.01-11.51.52:989][  0]LogInit: High frequency timer resolution =14.318180 MHz
[2017.04.01-11.51.52:989][  0]LogMemory: Memory total: Physical=8.0GB (8GB approx)
[2017.04.01-11.51.52:989][  0]LogMemory: Platform Memory Stats for Windows
[2017.04.01-11.51.52:989][  0]LogMemory: Process Physical Memory: 262.74 MB used, 262.74 MB peak
[2017.04.01-11.51.52:989][  0]LogMemory: Process Virtual Memory: 262.71 MB used, 262.71 MB peak
[2017.04.01-11.51.52:989][  0]LogMemory: Physical Memory: 4617.74 MB used,  3531.00 MB free, 8148.73 MB total
[2017.04.01-11.51.52:989][  0]LogMemory: Virtual Memory: 645.23 MB used,  3531.00 MB free, 134217728.00 MB total
[2017.04.01-11.51.53:075][  0]LogInit: Overriding culture en with editor configuration.
[2017.04.01-11.51.53:817][  0]LogD3D11RHI: D3D11 adapters:
[2017.04.01-11.51.53:835][  0]LogD3D11RHI:    0. 'AMD Radeon R9 200 Series' (Feature Level 11_0)
[2017.04.01-11.51.53:835][  0]LogD3D11RHI:       3053/0/4074 MB DedicatedVideo/DedicatedSystem/SharedSystem, Outputs:2, VendorId:0x1002
[2017.04.01-11.51.53:836][  0]LogD3D11RHI:    1. 'Microsoft Basic Render Driver' (Feature Level 11_0)
[2017.04.01-11.51.53:836][  0]LogD3D11RHI:       0/0/4074 MB DedicatedVideo/DedicatedSystem/SharedSystem, Outputs:0, VendorId:0x1414
[2017.04.01-11.51.53:836][  0]LogD3D11RHI: Chosen D3D11 Adapter: 0
[2017.04.01-11.51.53:843][  0]LogD3D11RHI: Creating new Direct3DDevice
[2017.04.01-11.51.53:843][  0]LogD3D11RHI:     GPU DeviceId: 0x679a (for the marketing name, search the web for "GPU Device Id")
[2017.04.01-11.51.53:843][  0]LogWindows: EnumDisplayDevices:
[2017.04.01-11.51.53:843][  0]LogWindows:    0. 'AMD Radeon R9 200 Series' (P:1 D:1)
[2017.04.01-11.51.53:844][  0]LogWindows:    1. 'AMD Radeon R9 200 Series' (P:0 D:1)
[2017.04.01-11.51.53:844][  0]LogWindows:    2. 'AMD Radeon R9 200 Series' (P:0 D:0)
[2017.04.01-11.51.53:844][  0]LogWindows:    3. 'AMD Radeon R9 200 Series' (P:0 D:0)
[2017.04.01-11.51.53:845][  0]LogWindows:    4. 'AMD Radeon R9 200 Series' (P:0 D:0)
[2017.04.01-11.51.53:845][  0]LogWindows:    5. 'AMD Radeon R9 200 Series' (P:0 D:0)
[2017.04.01-11.51.53:845][  0]LogWindows: DebugString: FoundDriverCount:6 
[2017.04.01-11.51.53:846][  0]LogD3D11RHI:     Adapter Name: AMD Radeon R9 200 Series
[2017.04.01-11.51.53:846][  0]LogD3D11RHI:   Driver Version: Crimson 16.6 (internal:21.19.137.514, unified:21.19.137.514)
[2017.04.01-11.51.53:846][  0]LogD3D11RHI:      Driver Date: 11-21-2016
[2017.04.01-11.51.53:846][  0]LogRHI: Texture pool is 1361 MB (70% of 1945 MB)
[2017.04.01-11.51.53:910][  0]LogD3D11RHI: Async texture creation enabled
[2017.04.01-11.51.53:926][  0]LogD3D11RHI: GPU Timing Frequency: 27.000000 (Debug: 2 1)
[2017.04.01-11.51.53:927][  0]LogShaderCompilers: Guid format shader working directory is 15 characters bigger than the processId version (../../../../Projects/LastBullet/Intermediate/Shaders/WorkingDirectory/8916/).
[2017.04.01-11.51.53:927][  0]LogShaderCompilers: Cleaned the shader compiler working directory 'C:/Users/julio/AppData/Local/Temp/UnrealShaderWorkingDir/C2F2B58B416593963F2C6A83EDA1B42F/'.
[2017.04.01-11.51.53:927][  0]LogShaderCompilers:Display: Using Local Shader Compiler.
[2017.04.01-11.51.55:485][  0]LogTemp:Display: Loaded TP AllDesktopTargetPlatform
[2017.04.01-11.51.55:553][  0]LogTemp:Display: Loaded TP MacClientTargetPlatform
[2017.04.01-11.51.55:622][  0]LogTemp:Display: Loaded TP MacNoEditorTargetPlatform
[2017.04.01-11.51.55:698][  0]LogTemp:Display: Loaded TP MacServerTargetPlatform
[2017.04.01-11.51.55:766][  0]LogTemp:Display: Loaded TP MacTargetPlatform
[2017.04.01-11.51.55:834][  0]LogTemp:Display: Loaded TP WindowsClientTargetPlatform
[2017.04.01-11.51.55:905][  0]LogTemp:Display: Loaded TP WindowsNoEditorTargetPlatform
[2017.04.01-11.51.55:974][  0]LogTemp:Display: Loaded TP WindowsServerTargetPlatform
[2017.04.01-11.51.56:028][  0]LogTemp:Display: Loaded TP WindowsTargetPlatform
[2017.04.01-11.51.56:096][  0]LogTemp:Display: Loaded TP AndroidTargetPlatform
[2017.04.01-11.51.56:163][  0]LogTemp:Display: Loaded TP Android_ASTCTargetPlatform
[2017.04.01-11.51.56:231][  0]LogTemp:Display: Loaded TP Android_ATCTargetPlatform
[2017.04.01-11.51.56:298][  0]LogTemp:Display: Loaded TP Android_DXTTargetPlatform
[2017.04.01-11.51.56:370][  0]LogTemp:Display: Loaded TP Android_ETC1TargetPlatform
[2017.04.01-11.51.56:439][  0]LogTemp:Display: Loaded TP Android_ETC2TargetPlatform
[2017.04.01-11.51.56:572][  0]LogTemp:Display: Loaded TP Android_MultiTargetPlatform
[2017.04.01-11.51.56:572][  0]LogTemp:Display: Loaded TP Android_PVRTCTargetPlatform
[2017.04.01-11.51.56:616][  0]LogTemp:Display: Loaded TP HTML5TargetPlatform
[2017.04.01-11.51.56:728][  0]LogTemp:Display: Loaded TP IOSTargetPlatform
[2017.04.01-11.51.56:774][  0]LogTemp:Display: Loaded TP TVOSTargetPlatform
[2017.04.01-11.51.56:841][  0]LogTemp:Display: Loaded TP LinuxClientTargetPlatform
[2017.04.01-11.51.56:907][  0]LogTemp:Display: Loaded TP LinuxNoEditorTargetPlatform
[2017.04.01-11.51.56:973][  0]LogTemp:Display: Loaded TP LinuxServerTargetPlatform
[2017.04.01-11.51.57:040][  0]LogTemp:Display: Loaded TP LinuxTargetPlatform
[2017.04.01-11.51.57:040][  0]LogTargetPlatformManager:Display: Building Assets For Windows
[2017.04.01-11.51.57:561][  0]LogDerivedDataCache:Display: Max Cache Size: 512 MB
[2017.04.01-11.51.57:653][  0]LogDerivedDataCache: Loaded boot cache 0.09s 50MB C:/Users/julio/AppData/Local/UnrealEngine/4.15/DerivedDataCache/Boot.ddc.
[2017.04.01-11.51.57:653][  0]LogDerivedDataCache:Display: Loaded Boot cache: C:/Users/julio/AppData/Local/UnrealEngine/4.15/DerivedDataCache/Boot.ddc
[2017.04.01-11.51.57:653][  0]LogDerivedDataCache: FDerivedDataBackendGraph:  Pak pak cache file ../../../../Projects/LastBullet/DerivedDataCache/DDC.ddp not found, will not use a pak cache.
[2017.04.01-11.51.57:653][  0]LogDerivedDataCache: Unable to find inner node Pak for hierarchical cache Hierarchy.
[2017.04.01-11.51.57:653][  0]LogDerivedDataCache: FDerivedDataBackendGraph:  CompressedPak pak cache file ../../../../Projects/LastBullet/DerivedDataCache/Compressed.ddp not found, will not use a pak cache.
[2017.04.01-11.51.57:653][  0]LogDerivedDataCache: Unable to find inner node CompressedPak for hierarchical cache Hierarchy.
[2017.04.01-11.51.57:676][  0]LogDerivedDataCache:Display: Pak cache opened for reading ../../../Engine/DerivedDataCache/Compressed.ddp.
[2017.04.01-11.51.57:689][  0]LogDerivedDataCache: Using Local data cache path C:/Users/julio/AppData/Local/UnrealEngine/Common/DerivedDataCache: Writable
[2017.04.01-11.51.57:704][  0]LogSlate: Using Freetype 2.6.0
[2017.04.01-11.51.57:705][  0]LogSlate: SlateFontCache - WITH_FREETYPE: 1, WITH_HARFBUZZ: 1
[2017.04.01-11.51.57:705][  0]LogSlate: SlateFontCache - WITH_FREETYPE: 1, WITH_HARFBUZZ: 1
[2017.04.01-11.51.58:084][  0]LogInit: Selected Device Profile: [Windows]
[2017.04.01-11.51.58:088][  0]LogContentStreaming: Texture pool size is 0.00 MB
[2017.04.01-11.51.58:723][  0]LogMeshUtilities: Using QuadricMeshReduction for automatic static mesh reduction
[2017.04.01-11.51.58:775][  0]LogSimplygon: Simplygon DLL not present - disabling.
[2017.04.01-11.51.58:841][  0]LogMeshUtilities: Using SimplygonSwarm for distributed automatic mesh merging
[2017.04.01-11.51.58:841][  0]LogMeshUtilities: No automatic skeletal mesh reduction module available
[2017.04.01-11.51.58:841][  0]LogMeshUtilities: No automatic mesh merging module available
[2017.04.01-11.51.59:653][  0]LogNetVersion: GetLocalNetworkVersion: CL: 3299760, ProjectName: lastbullet, ProjectVersion: , EngineNetworkVersion: 2, GameNetworkVersion: 0, NetworkChecksum: 1522868599
[2017.04.01-11.51.59:704][  0]LogAssetRegistry: FAssetRegistry took 0.0217 seconds to start up
[2017.04.01-11.51.59:748][  0]LogPackageLocalizationCache: Processed 3 localized package path(s) for 1 prioritized culture(s) in 0.016616 seconds
[2017.04.01-11.51.59:754][  0]LogUObjectArray: 32493 objects as part of root set at end of initial load.
[2017.04.01-11.51.59:755][  0]LogUObjectAllocator: 7077032 out of 0 bytes used by permanent object pool.
[2017.04.01-11.51.59:755][  0]LogUObjectArray: CloseDisregardForGC: 0/0 objects in disregard for GC pool
[2017.04.01-11.51.59:828][  0]LogInit: WinSock: version 1.1 (2.2), MaxSocks=32767, MaxUdp=65467
[2017.04.01-11.52.01:723][  0]LogTcpMessaging: Initializing TcpMessaging bridge
[2017.04.01-11.52.01:768][  0]LogUdpMessaging: Initializing bridge on interface 0.0.0.0:0 to multicast group 230.0.0.1:6666.
[2017.04.01-11.52.02:294][  0]LogMaterial: Uniform references updated for custom material expression Custom.
[2017.04.01-11.52.02:753][  0]SourceControl: Info Source control is disabled
[2017.04.01-11.52.02:754][  0]SourceControl: Info Source control is disabled
[2017.04.01-11.52.02:807][  0]SourceControl: Info Source control is disabled
[2017.04.01-11.52.02:860][  0]SourceControl: Info Source control is disabled
[2017.04.01-11.52.03:201][  0]LogLinker:Warning: Can't find file '/Game/FirstPersonBP/FirstPersonOverview'
[2017.04.01-11.52.03:202][  0]LogLinker:Warning: Can't find file '/Game/FirstPersonBP/FirstPersonOverview'
[2017.04.01-11.52.03:202][  0]LogUObjectGlobals:Warning: Failed to find object 'Class /Game/FirstPersonBP/FirstPersonOverview.FirstPersonOverview_C'
[2017.04.01-11.52.04:297][  0]LogEngine: Initializing Engine...
[2017.04.01-11.52.04:298][  0]LogHMD: Failed to initialize OpenVR with code 110
[2017.04.01-11.52.04:577][  0]LogAIModule: Creating AISystem for world Untitled
[2017.04.01-11.52.04:592][  0]LogInit: XAudio2 using '1 - BenQ GL2250H (AMD High Definition Audio Device)' : 2 channels at 48 kHz using 16 bits per sample (channel mask 0x3)
[2017.04.01-11.52.04:607][  0]LogInit: FAudioDevice initialized.
[2017.04.01-11.52.04:653][  0]LogDerivedDataCache: Saved boot cache 0.05s 50MB C:/Users/julio/AppData/Local/UnrealEngine/4.15/DerivedDataCache/Boot.ddc.
[2017.04.01-11.52.04:667][  0]LogInit: Texture streaming: Enabled
[2017.04.01-11.52.04:782][  0]LogEngineSessionManager: EngineSessionManager initialized
[2017.04.01-11.52.04:882][  0]LogInit: Transaction tracking system initialized
[2017.04.01-11.52.05:273][  0]BlueprintLog: New page: Editor Load
[2017.04.01-11.52.06:277][  0]LocalizationService: Info Localization service is disabled
[2017.04.01-11.52.07:040][  0]LogConsoleResponse:Display: 
[2017.04.01-11.52.07:187][  0]LogCook:Display: Max memory allowance for cook 16384mb min free memory 0mb
[2017.04.01-11.52.07:188][  0]LogCook:Display: Mobile HDR setting 1
[2017.04.01-11.52.07:352][  0]LogFileCache: Scanning file cache for directory 'D:/EpicGames/Projects/LastBullet/Content/' took 0.02s
[2017.04.01-11.52.08:375][  0]SourceControl: Info Source control is disabled
[2017.04.01-11.52.08:375][  0]Cmd: MAP LOAD FILE="../../../../Projects/LastBullet/Content/StarterContent/Maps/Minimal_Default.umap" TEMPLATE=0 SHOWPROGRESS=1 FEATURELEVEL=3
[2017.04.01-11.52.08:376][  0]LightingResults: New page: Lighting Build
[2017.04.01-11.52.08:422][  0]MapCheck: New page: Map Check
[2017.04.01-11.52.08:422][  0]LightingResults: New page: Lighting Build
[2017.04.01-11.52.08:441][  0]LogLinker:Warning: Asset '../../../../Projects/LastBullet/Content/Blueprints/modul_transporttransport_16_Blueprint.uasset' has been saved with empty engine version. The asset will be loaded but may be incompatible.
[2017.04.01-11.52.08:621][  0]LogBlueprint:Warning: Node '/Game/Blueprints/modul_transporttransport_16_Blueprint.modul_transporttransport_16_Blueprint:EdGraph_0.K2Node_FunctionEntry_359' missing NodeGuid because of upgrade from old package version, this can cause deterministic cooking issues please resave package.
[2017.04.01-11.52.08:624][  0]LogBlueprint:Warning: Node '/Game/Blueprints/modul_transporttransport_16_Blueprint.modul_transporttransport_16_Blueprint:EdGraph_1.K2Node_FunctionEntry_359' missing NodeGuid because of upgrade from old package version, this can cause deterministic cooking issues please resave package.
[2017.04.01-11.52.08:628][  0]LogBlueprint:Warning: Node '/Game/Blueprints/modul_transporttransport_16_Blueprint.modul_transporttransport_16_Blueprint:EdGraph_2.K2Node_FunctionEntry_359' missing NodeGuid because of upgrade from old package version, this can cause deterministic cooking issues please resave package.
[2017.04.01-11.52.09:688][  0]LogLinker:Warning: Asset '../../../../Projects/LastBullet/Content/Meshes/Space/StarMap_Nebula_1_Mat.uasset' has been saved with empty engine version. The asset will be loaded but may be incompatible.
[2017.04.01-11.52.09:690][  0]LogLinker:Warning: Asset '../../../../Projects/LastBullet/Content/Meshes/Space/StarMap_Nebula_1.uasset' has been saved with empty engine version. The asset will be loaded but may be incompatible.
[2017.04.01-11.52.09:784][  0]LogLinker:Warning: Asset '../../../../Projects/LastBullet/Content/Meshes/Space/FX_Map_7.uasset' has been saved with empty engine version. The asset will be loaded but may be incompatible.
[2017.04.01-11.52.09:814][  0]LogLinker:Warning: Asset '../../../../Projects/LastBullet/Content/Meshes/Space/StarMap_1.uasset' has been saved with empty engine version. The asset will be loaded but may be incompatible.
[2017.04.01-11.52.11:274][  0]LogBlueprint:Warning: Node '/Game/Blueprints/modul_transporttransport_16_Blueprint.modul_transporttransport_16_Blueprint:UserConstructionScript.K2Node_FunctionEntry_359' missing NodeGuid because of upgrade from old package version, this can cause deterministic cooking issues please resave package.
[2017.04.01-11.52.11:840][  0]LogAIModule: Creating AISystem for world Minimal_Default
[2017.04.01-11.52.11:896][  0]LogEditorServer: Finished looking for orphan Actors (0.000 secs)
[2017.04.01-11.52.11:897][  0]Cmd: MAP CHECKDEP NOCLEARLOG
[2017.04.01-11.52.11:970][  0]MapCheck: Info Map check complete: 0 Error(s), 0 Warning(s), took 73.163ms to complete.
[2017.04.01-11.52.11:970][  0]LogFileHelpers: Loading map 'Minimal_Default' took 3.595
[2017.04.01-11.52.12:044][  0]LogWindowsTextInputMethodSystem:Display: IME system now deactivated.
[2017.04.01-11.52.12:251][  0]LogCollectionManager: Loaded 0 collections in 0.001820 seconds
[2017.04.01-11.52.12:345][  0]LogFileCache: Scanning file cache for directory 'D:/EpicGames/Projects/LastBullet/Saved/Collections/' took 0.01s
[2017.04.01-11.52.12:345][  0]LogFileCache: Scanning file cache for directory 'D:/EpicGames/Projects/LastBullet/Content/Developers/julio/Collections/' took 0.01s
[2017.04.01-11.52.12:345][  0]LogFileCache: Scanning file cache for directory 'D:/EpicGames/Projects/LastBullet/Content/Collections/' took 0.01s
[2017.04.01-11.52.12:345][  0]LogCollectionManager: Rebuilt the GUID cache for 0 collections in 0.000003 seconds
[2017.04.01-11.52.12:359][  0]LogContentBrowser: Native class hierarchy populated in 0.0139 seconds. Added 2245 classes and 453 folders.
[2017.04.01-11.52.12:363][  0]LogStats: UGameplayTagsManager::ConstructGameplayTagTree: Construct from data asset -  0.000 s
[2017.04.01-11.52.12:363][  0]LogStats: UGameplayTagsManager::ConstructGameplayTagTree: GameplayTagTreeChangedEvent.Broadcast -  0.000 s
[2017.04.01-11.52.12:434][  0]LogContentBrowser: Native class hierarchy updated for 'WidgetCarousel' in 0.0006 seconds. Added 0 classes and 0 folders.
[2017.04.01-11.52.13:188][  0]LogContentBrowser: Native class hierarchy updated for 'AddContentDialog' in 0.0007 seconds. Added 0 classes and 0 folders.
[2017.04.01-11.52.13:252][  0]LogContentBrowser: Native class hierarchy updated for 'SceneOutliner' in 0.0007 seconds. Added 1 classes and 2 folders.
[2017.04.01-11.52.13:392][  0]LogCrashTracker: Crashtracker disabled due to settings.
[2017.04.01-11.52.13:399][  0]LogUObjectGlobals:Warning: Failed to find object 'Class None.'
[2017.04.01-11.52.13:472][  0]LogContentBrowser: Native class hierarchy updated for 'HierarchicalLODOutliner' in 0.0007 seconds. Added 1 classes and 2 folders.
[2017.04.01-11.52.13:473][  0]LogLoad: (Engine Initialization) Total time: 23.12 seconds
[2017.04.01-11.52.13:473][  0]LogLoad: (Engine Initialization) Total Blueprint compile time: 0.06 seconds
[2017.04.01-11.52.13:473][  0]LogExternalProfiler: Found external profiler: VSPerf
[2017.04.01-11.52.13:473][  0]LogExternalProfiler: Using external profiler: VSPerf
[2017.04.01-11.52.13:482][  0]LogOcInput: OculusInput pre-init called
[2017.04.01-11.52.13:510][  0]LogContentStreaming: Texture pool size now 1000 MB
[2017.04.01-11.52.13:511][  0]LogSlate: Took 0.000347 seconds to synchronously load lazily loaded font '../../../Engine/Content/Slate/Fonts/Roboto-Regular.ttf' (155K)
[2017.04.01-11.52.13:516][  0]LogSlate: Took 0.000379 seconds to synchronously load lazily loaded font '../../../Engine/Content/Slate/Fonts/Roboto-Bold.ttf' (160K)
[2017.04.01-11.52.13:536][  0]LogSlate: Took 0.013050 seconds to synchronously load lazily loaded font '../../../Engine/Content/Editor/Slate/Fonts/FontAwesome.ttf' (139K)
[2017.04.01-11.52.13:753][  0]LogSlate: Took 0.016389 seconds to synchronously load lazily loaded font '../../../Engine/Content/Slate/Fonts/Roboto-Light.ttf' (159K)
[2017.04.01-11.52.13:848][  0]LogRenderer: Reallocating scene render targets to support 1208x632 NumSamples 1 (Frame:2).
[2017.04.01-11.52.14:009][  2]LogAssetRegistry: Asset discovery search completed in 14.3274 seconds
[2017.04.01-11.52.14:009][  2]LogCollectionManager: Rebuilt the object cache for 0 collections in 0.000009 seconds (found 0 objects)
[2017.04.01-11.52.14:009][  2]LogCollectionManager: Fixed up redirectors for 0 collections in 0.000029 seconds (updated 0 objects)
[2017.04.01-11.52.26:791][328]LogContentBrowser: Native class hierarchy updated for 'Matinee' in 0.0007 seconds. Added 15 classes and 2 folders.
[2017.04.01-11.52.26:794][328]LogInit: Transaction tracking system initialized
[2017.04.01-11.52.26:795][328]EditorErrors: New page: Matinee Initialization
[2017.04.01-11.52.30:074][610]LogContentBrowser: Native class hierarchy updated for 'MovieSceneCapture' in 0.0007 seconds. Added 11 classes and 0 folders.
[2017.04.01-11.52.39:103][305]LogSlate: Took 0.000251 seconds to synchronously load lazily loaded font '../../../Engine/Content/Slate/Fonts/Roboto-Light.ttf' (159K)
[2017.04.01-11.54.37:852][477]LogSlate: Took 0.000268 seconds to synchronously load lazily loaded font '../../../Engine/Content/Slate/Fonts/Roboto-Regular.ttf' (155K)
[2017.04.01-11.54.38:120][477]LogContentBrowser: Native class hierarchy updated for 'BlueprintGraph' in 0.0013 seconds. Added 112 classes and 0 folders.
[2017.04.01-11.54.39:734][478]LogRenderer: Reallocating scene render targets to support 1208x844 NumSamples 1 (Frame:6715).
[2017.04.01-11.54.50:808][ 76]LogSlate:Warning: Prevented a slow task dialog from being summoned while a context menu was open
[2017.04.01-11.57.13:747][439]LogEditorViewport: Clicking on Actor (LMB): CameraActor (CameraActor)
[2017.04.01-11.57.24:140][182]LogSlate: Took 0.000304 seconds to synchronously load lazily loaded font '../../../Engine/Content/Editor/Slate/Fonts/Roboto-Italic.ttf' (157K)
[2017.04.01-11.58.35:581][615]Cmd: OBJ SAVEPACKAGE PACKAGE="/Game/StarterContent/Maps/MatineeActorLevelSequence" FILE="../../../../Projects/LastBullet/Content/StarterContent/Maps/MatineeActorLevelSequence.uasset" SILENT=true
[2017.04.01-11.58.35:602][615]LogSavePackage: Save=16.69ms
[2017.04.01-11.58.35:602][615]LogSavePackage: Moving '../../../../Projects/LastBullet/Saved/MatineeActorLevelSequence79E036D44C6F041D5893E999B55DE241.tmp' to '../../../../Projects/LastBullet/Content/StarterContent/Maps/MatineeActorLevelSequence.uasset'
[2017.04.01-11.58.35:606][615]LogSavePackage:Display: Finished SavePackage ../../../../Projects/LastBullet/Content/StarterContent/Maps/MatineeActorLevelSequence.uasset
[2017.04.01-11.59.02:338][519]LogExit: Transaction tracking system shut down
[2017.04.01-11.59.04:530][519]Cmd: OBJ SAVEPACKAGE PACKAGE="/Game/Blueprints/NewGameModeBase" FILE="../../../../Projects/LastBullet/Content/Blueprints/NewGameModeBase.uasset" SILENT=true
[2017.04.01-11.59.04:558][519]LogSavePackage: Save=11.69ms
[2017.04.01-11.59.04:558][519]LogSavePackage: Moving '../../../../Projects/LastBullet/Saved/NewGameModeBase82E76852415445674739C88D569B02AB.tmp' to '../../../../Projects/LastBullet/Content/Blueprints/NewGameModeBase.uasset'
[2017.04.01-11.59.04:561][519]LogSavePackage:Display: Finished SavePackage ../../../../Projects/LastBullet/Content/Blueprints/NewGameModeBase.uasset
[2017.04.01-11.59.05:015][519]LogSavePackage: Save=330.25ms
[2017.04.01-11.59.05:015][519]LogSavePackage: Moving '../../../../Projects/LastBullet/Saved/Minimal_DefaultF1B401284646A5708CA7B1A155B39F2E.tmp' to '../../../../Projects/LastBullet/Content/StarterContent/Maps/Minimal_Default.umap'
[2017.04.01-11.59.05:021][519]LogSavePackage:Display: Finished SavePackage ../../../../Projects/LastBullet/Content/StarterContent/Maps/Minimal_Default.umap
[2017.04.01-11.59.05:043][519]LogFileHelpers: Saving map 'Minimal_Default' took 0.479
[2017.04.01-11.59.05:064][519]LogBlueprintUserMessages: Early PlayInEditor Detection: Level '/Game/StarterContent/Maps/Minimal_Default.Minimal_Default:PersistentLevel' has LevelScriptBlueprint '/Game/StarterContent/Maps/Minimal_Default.Minimal_Default:PersistentLevel.Minimal_Default' with GeneratedClass '/Game/StarterContent/Maps/Minimal_Default.Minimal_Default_C' with ClassGeneratedBy '/Game/StarterContent/Maps/Minimal_Default.Minimal_Default:PersistentLevel.Minimal_Default'
[2017.04.01-11.59.05:064][519]LogPlayLevel: PlayLevel: No blueprints needed recompiling
[2017.04.01-11.59.05:065][519]PIE: New page: PIE session: Minimal_Default (Apr 1, 2017, 3:59:05 PM)
[2017.04.01-11.59.05:065][519]LogPlayLevel: Creating play world package: /Game/StarterContent/Maps/UEDPIE_0_Minimal_Default
[2017.04.01-11.59.05:089][519]LogPlayLevel: PIE: StaticDuplicateObject took: (0.024476s)
[2017.04.01-11.59.05:090][519]LogAIModule: Creating AISystem for world Minimal_Default
[2017.04.01-11.59.05:090][519]LogPlayLevel: PIE: World Init took: (0.000956s)
[2017.04.01-11.59.05:091][519]LogPlayLevel: PIE: Created PIE world by copying editor world from /Game/StarterContent/Maps/Minimal_Default.Minimal_Default to /Game/StarterContent/Maps/UEDPIE_0_Minimal_Default.Minimal_Default (0.025955s)
[2017.04.01-11.59.05:140][519]LogInit: XAudio2 using '1 - BenQ GL2250H (AMD High Definition Audio Device)' : 2 channels at 48 kHz using 16 bits per sample (channel mask 0x3)
[2017.04.01-11.59.05:150][519]LogInit: FAudioDevice initialized.
[2017.04.01-11.59.05:274][519]LogLoad: Game class is 'GameModeBase'
[2017.04.01-11.59.05:284][519]LogWorld: Bringing World /Game/StarterContent/Maps/UEDPIE_0_Minimal_Default.Minimal_Default up for play (max tick rate 0) at 2017.04.01-13.59.05
[2017.04.01-11.59.05:284][519]LogWorld: Bringing up level for play took: 0.007055
[2017.04.01-11.59.05:285][519]LogGameMode: FindPlayerStart: PATHS NOT DEFINED or NO PLAYERSTART with positive rating
[2017.04.01-11.59.05:296][519]PIE: Info Play in editor start time for /Game/StarterContent/Maps/UEDPIE_0_Minimal_Default -0.253
[2017.04.01-11.59.05:296][519]LogBlueprintUserMessages: Late PlayInEditor Detection: Level '/Game/StarterContent/Maps/Minimal_Default.Minimal_Default:PersistentLevel' has LevelScriptBlueprint '/Game/StarterContent/Maps/Minimal_Default.Minimal_Default:PersistentLevel.Minimal_Default' with GeneratedClass '/Game/StarterContent/Maps/Minimal_Default.Minimal_Default_C' with ClassGeneratedBy '/Game/StarterContent/Maps/Minimal_Default.Minimal_Default:PersistentLevel.Minimal_Default'
[2017.04.01-11.59.05:297][519]LogConsoleManager:Warning: Setting the console variable 'r.Streaming.PoolSize' with 'SetByScalability' was ignored as it is lower priority than the previous 'SetByConsole'. Value remains '-1'
[2017.04.01-11.59.05:297][519]LogContentStreaming: Texture pool size now 981 MB
[2017.04.01-11.59.05:334][520]LogRenderer: Reallocating scene render targets to support 1208x844 NumSamples 1 (Frame:17837).
[2017.04.01-11.59.05:493][526]LogContentStreaming: Texture pool size now 991 MB
[2017.04.01-11.59.06:182][580]LogRenderer: Reallocating scene render targets to support 1920x1080 NumSamples 1 (Frame:17838).
[2017.04.01-11.59.20:655][763]LogBlueprintUserMessages: Early EndPlayMap Detection: Level '/Game/StarterContent/Maps/Minimal_Default.Minimal_Default:PersistentLevel' has LevelScriptBlueprint '/Game/StarterContent/Maps/Minimal_Default.Minimal_Default:PersistentLevel.Minimal_Default' with GeneratedClass '/Game/StarterContent/Maps/Minimal_Default.Minimal_Default_C' with ClassGeneratedBy '/Game/StarterContent/Maps/Minimal_Default.Minimal_Default:PersistentLevel.Minimal_Default'
[2017.04.01-11.59.20:656][763]LogConsoleManager:Warning: Setting the console variable 'r.Streaming.PoolSize' with 'SetByScalability' was ignored as it is lower priority than the previous 'SetByConsole'. Value remains '1000'
[2017.04.01-11.59.21:180][763]LogBlueprintUserMessages: Late EndPlayMap Detection: Level '/Game/StarterContent/Maps/Minimal_Default.Minimal_Default:PersistentLevel' has LevelScriptBlueprint '/Game/StarterContent/Maps/Minimal_Default.Minimal_Default:PersistentLevel.Minimal_Default' with GeneratedClass '/Game/StarterContent/Maps/Minimal_Default.Minimal_Default_C' with ClassGeneratedBy '/Game/StarterContent/Maps/Minimal_Default.Minimal_Default:PersistentLevel.Minimal_Default'
[2017.04.01-11.59.21:345][764]LogContentStreaming: Texture pool size now 1000 MB
[2017.04.01-11.59.21:362][765]LogRenderer: Reallocating scene render targets to support 1920x1080 NumSamples 1 (Frame:18019).
[2017.04.01-11.59.58:196][ 71]LogSavePackage: Save=340.30ms
[2017.04.01-11.59.58:196][ 71]LogSavePackage: Moving '../../../../Projects/LastBullet/Saved/Minimal_DefaultC1D78F8A4FCE388FAD1437B172C3A6F2.tmp' to '../../../../Projects/LastBullet/Content/StarterContent/Maps/Minimal_Default.umap'
[2017.04.01-11.59.58:200][ 71]LogSavePackage:Display: Finished SavePackage ../../../../Projects/LastBullet/Content/StarterContent/Maps/Minimal_Default.umap
[2017.04.01-11.59.58:224][ 71]LogFileHelpers: Saving map 'Minimal_Default' took 0.492
[2017.04.01-11.59.58:243][ 71]LogBlueprintUserMessages: Early PlayInEditor Detection: Level '/Game/StarterContent/Maps/Minimal_Default.Minimal_Default:PersistentLevel' has LevelScriptBlueprint '/Game/StarterContent/Maps/Minimal_Default.Minimal_Default:PersistentLevel.Minimal_Default' with GeneratedClass '/Game/StarterContent/Maps/Minimal_Default.Minimal_Default_C' with ClassGeneratedBy '/Game/StarterContent/Maps/Minimal_Default.Minimal_Default:PersistentLevel.Minimal_Default'
[2017.04.01-11.59.58:243][ 71]LogPlayLevel: PlayLevel: No blueprints needed recompiling
[2017.04.01-11.59.58:243][ 71]PIE: New page: PIE session: Minimal_Default (Apr 1, 2017, 3:59:58 PM)
[2017.04.01-11.59.58:243][ 71]LogPlayLevel: Creating play world package: /Game/StarterContent/Maps/UEDPIE_0_Minimal_Default
[2017.04.01-11.59.58:262][ 71]LogPlayLevel: PIE: StaticDuplicateObject took: (0.018200s)
[2017.04.01-11.59.58:262][ 71]LogAIModule: Creating AISystem for world Minimal_Default
[2017.04.01-11.59.58:263][ 71]LogPlayLevel: PIE: World Init took: (0.000979s)
[2017.04.01-11.59.58:263][ 71]LogPlayLevel: PIE: Created PIE world by copying editor world from /Game/StarterContent/Maps/Minimal_Default.Minimal_Default to /Game/StarterContent/Maps/UEDPIE_0_Minimal_Default.Minimal_Default (0.019559s)
[2017.04.01-11.59.58:332][ 71]LogInit: XAudio2 using '1 - BenQ GL2250H (AMD High Definition Audio Device)' : 2 channels at 48 kHz using 16 bits per sample (channel mask 0x3)
[2017.04.01-11.59.58:342][ 71]LogInit: FAudioDevice initialized.
[2017.04.01-11.59.58:450][ 71]LogLoad: Game class is 'GameModeBase'
[2017.04.01-11.59.58:460][ 71]LogWorld: Bringing World /Game/StarterContent/Maps/UEDPIE_0_Minimal_Default.Minimal_Default up for play (max tick rate 0) at 2017.04.01-13.59.58
[2017.04.01-11.59.58:460][ 71]LogWorld: Bringing up level for play took: 0.007324
[2017.04.01-11.59.58:460][ 71]LogGameMode: FindPlayerStart: PATHS NOT DEFINED or NO PLAYERSTART with positive rating
[2017.04.01-11.59.58:472][ 71]PIE: Info Play in editor start time for /Game/StarterContent/Maps/UEDPIE_0_Minimal_Default 0.923
[2017.04.01-11.59.58:472][ 71]LogBlueprintUserMessages: Late PlayInEditor Detection: Level '/Game/StarterContent/Maps/Minimal_Default.Minimal_Default:PersistentLevel' has LevelScriptBlueprint '/Game/StarterContent/Maps/Minimal_Default.Minimal_Default:PersistentLevel.Minimal_Default' with GeneratedClass '/Game/StarterContent/Maps/Minimal_Default.Minimal_Default_C' with ClassGeneratedBy '/Game/StarterContent/Maps/Minimal_Default.Minimal_Default:PersistentLevel.Minimal_Default'
[2017.04.01-11.59.58:473][ 71]LogConsoleManager:Warning: Setting the console variable 'r.Streaming.PoolSize' with 'SetByScalability' was ignored as it is lower priority than the previous 'SetByConsole'. Value remains '-1'
[2017.04.01-11.59.58:508][ 72]LogRenderer: Reallocating scene render targets to support 1920x1080 NumSamples 1 (Frame:20564).
[2017.04.01-11.59.58:613][ 73]LogContentStreaming: Texture pool size now 864 MB
[2017.04.01-12.00.37:740][563]LogConsoleManager:Warning: Setting the console variable 'r.Streaming.PoolSize' with 'SetByScalability' was ignored as it is lower priority than the previous 'SetByConsole'. Value remains '-1'
[2017.04.01-12.00.37:941][563]LogConsoleManager:Warning: Setting the console variable 'r.Streaming.PoolSize' with 'SetByScalability' was ignored as it is lower priority than the previous 'SetByConsole'. Value remains '1000'
[2017.04.01-12.00.37:942][563]LogContentStreaming: Texture pool size now 1000 MB
[2017.04.01-12.00.37:942][563]LogBlueprintUserMessages: Early EndPlayMap Detection: Level '/Game/StarterContent/Maps/Minimal_Default.Minimal_Default:PersistentLevel' has LevelScriptBlueprint '/Game/StarterContent/Maps/Minimal_Default.Minimal_Default:PersistentLevel.Minimal_Default' with GeneratedClass '/Game/StarterContent/Maps/Minimal_Default.Minimal_Default_C' with ClassGeneratedBy '/Game/StarterContent/Maps/Minimal_Default.Minimal_Default:PersistentLevel.Minimal_Default'
[2017.04.01-12.00.38:079][563]LogBlueprintUserMessages: Late EndPlayMap Detection: Level '/Game/StarterContent/Maps/Minimal_Default.Minimal_Default:PersistentLevel' has LevelScriptBlueprint '/Game/StarterContent/Maps/Minimal_Default.Minimal_Default:PersistentLevel.Minimal_Default' with GeneratedClass '/Game/StarterContent/Maps/Minimal_Default.Minimal_Default_C' with ClassGeneratedBy '/Game/StarterContent/Maps/Minimal_Default.Minimal_Default:PersistentLevel.Minimal_Default'
[2017.04.01-12.00.38:245][565]LogRenderer: Reallocating scene render targets to support 1920x1080 NumSamples 1 (Frame:21007).
[2017.04.01-12.01.11:325][984]LogBlueprintUserMessages: Early PlayInEditor Detection: Level '/Game/StarterContent/Maps/Minimal_Default.Minimal_Default:PersistentLevel' has LevelScriptBlueprint '/Game/StarterContent/Maps/Minimal_Default.Minimal_Default:PersistentLevel.Minimal_Default' with GeneratedClass '/Game/StarterContent/Maps/Minimal_Default.Minimal_Default_C' with ClassGeneratedBy '/Game/StarterContent/Maps/Minimal_Default.Minimal_Default:PersistentLevel.Minimal_Default'
[2017.04.01-12.01.11:325][984]LogPlayLevel: PlayLevel: No blueprints needed recompiling
[2017.04.01-12.01.11:326][984]PIE: New page: PIE session: Minimal_Default (Apr 1, 2017, 4:01:11 PM)
[2017.04.01-12.01.11:326][984]LogPlayLevel: Creating play world package: /Game/StarterContent/Maps/UEDPIE_0_Minimal_Default
[2017.04.01-12.01.11:344][984]LogPlayLevel: PIE: StaticDuplicateObject took: (0.018553s)
[2017.04.01-12.01.11:345][984]LogAIModule: Creating AISystem for world Minimal_Default
[2017.04.01-12.01.11:345][984]LogPlayLevel: PIE: World Init took: (0.000916s)
[2017.04.01-12.01.11:345][984]LogPlayLevel: PIE: Created PIE world by copying editor world from /Game/StarterContent/Maps/Minimal_Default.Minimal_Default to /Game/StarterContent/Maps/UEDPIE_0_Minimal_Default.Minimal_Default (0.019829s)
[2017.04.01-12.01.11:409][984]LogInit: XAudio2 using '1 - BenQ GL2250H (AMD High Definition Audio Device)' : 2 channels at 48 kHz using 16 bits per sample (channel mask 0x3)
[2017.04.01-12.01.11:420][984]LogInit: FAudioDevice initialized.
[2017.04.01-12.01.11:564][984]LogLoad: Game class is 'GameModeBase'
[2017.04.01-12.01.11:574][984]LogWorld: Bringing World /Game/StarterContent/Maps/UEDPIE_0_Minimal_Default.Minimal_Default up for play (max tick rate 0) at 2017.04.01-14.01.11
[2017.04.01-12.01.11:575][984]LogWorld: Bringing up level for play took: 0.008508
[2017.04.01-12.01.11:575][984]LogGameMode: FindPlayerStart: PATHS NOT DEFINED or NO PLAYERSTART with positive rating
[2017.04.01-12.01.11:586][984]PIE: Info Play in editor start time for /Game/StarterContent/Maps/UEDPIE_0_Minimal_Default 0.037
[2017.04.01-12.01.11:587][984]LogBlueprintUserMessages: Late PlayInEditor Detection: Level '/Game/StarterContent/Maps/Minimal_Default.Minimal_Default:PersistentLevel' has LevelScriptBlueprint '/Game/StarterContent/Maps/Minimal_Default.Minimal_Default:PersistentLevel.Minimal_Default' with GeneratedClass '/Game/StarterContent/Maps/Minimal_Default.Minimal_Default_C' with ClassGeneratedBy '/Game/StarterContent/Maps/Minimal_Default.Minimal_Default:PersistentLevel.Minimal_Default'
[2017.04.01-12.01.11:589][984]LogConsoleManager:Warning: Setting the console variable 'r.Streaming.PoolSize' with 'SetByScalability' was ignored as it is lower priority than the previous 'SetByConsole'. Value remains '-1'
[2017.04.01-12.01.11:662][985]LogRenderer: Reallocating scene render targets to support 1920x1080 NumSamples 1 (Frame:21675).
[2017.04.01-12.01.11:958][990]LogContentStreaming: Texture pool size now 818 MB
[2017.04.01-12.01.50:653][425]LogConsoleManager:Warning: Setting the console variable 'r.Streaming.PoolSize' with 'SetByScalability' was ignored as it is lower priority than the previous 'SetByConsole'. Value remains '-1'
[2017.04.01-12.01.50:751][425]LogConsoleManager:Warning: Setting the console variable 'r.Streaming.PoolSize' with 'SetByScalability' was ignored as it is lower priority than the previous 'SetByConsole'. Value remains '1000'
[2017.04.01-12.01.50:751][425]LogBlueprintUserMessages: Early EndPlayMap Detection: Level '/Game/StarterContent/Maps/Minimal_Default.Minimal_Default:PersistentLevel' has LevelScriptBlueprint '/Game/StarterContent/Maps/Minimal_Default.Minimal_Default:PersistentLevel.Minimal_Default' with GeneratedClass '/Game/StarterContent/Maps/Minimal_Default.Minimal_Default_C' with ClassGeneratedBy '/Game/StarterContent/Maps/Minimal_Default.Minimal_Default:PersistentLevel.Minimal_Default'
[2017.04.01-12.01.50:886][425]LogBlueprintUserMessages: Late EndPlayMap Detection: Level '/Game/StarterContent/Maps/Minimal_Default.Minimal_Default:PersistentLevel' has LevelScriptBlueprint '/Game/StarterContent/Maps/Minimal_Default.Minimal_Default:PersistentLevel.Minimal_Default' with GeneratedClass '/Game/StarterContent/Maps/Minimal_Default.Minimal_Default_C' with ClassGeneratedBy '/Game/StarterContent/Maps/Minimal_Default.Minimal_Default:PersistentLevel.Minimal_Default'
[2017.04.01-12.01.53:013][431]LogContentStreaming: Texture pool size now 1000 MB
[2017.04.01-12.01.58:351][447]LogRenderer: Reallocating scene render targets to support 1920x1080 NumSamples 1 (Frame:22119).
[2017.04.01-15.15.04:992][ 65]LogInit: Transaction tracking system initialized
[2017.04.01-15.15.05:071][ 65]EditorErrors: New page: Matinee Initialization
[2017.04.01-15.15.17:672][955]LogMatinee:Warning: Matinee track 'FOVAngle' was not found as a property on '/Game/StarterContent/Maps/Minimal_Default.Minimal_Default:PersistentLevel.Satelite' (searching with property path 'FOVAngle')
[2017.04.01-15.15.17:672][955]LogMatinee:Warning: Matinee track 'FOVAngle' was not found as a property on '/Game/StarterContent/Maps/Minimal_Default.Minimal_Default:PersistentLevel.Satelite' (searching with property path 'FOVAngle')
[2017.04.01-15.16.35:377][673]Cmd: DELETE
[2017.04.01-15.16.35:384][673]Cmd: ACTOR DELETE
[2017.04.01-15.16.35:749][673]LogEditorActor: Deleted Actor: LevelSequenceActor
[2017.04.01-15.16.36:398][673]LogExit: Transaction tracking system shut down
[2017.04.01-15.16.36:518][673]LogEditorActor: Deleted 1 Actors (0.771 secs)
[2017.04.01-15.16.42:404][918]LogSlate: Took 0.126208 seconds to synchronously load lazily loaded font '../../../Engine/Content/Editor/Slate/Fonts/Roboto-BoldCondensed.ttf' (158K)
[2017.04.01-15.22.26:031][159]LogEditorViewport: Clicking on Actor (LMB): modul_transporttransport_16_Blueprint_C (modul_transporttransport_16_Blueprint)
[2017.04.01-15.22.27:299][215]LogEditorViewport: Clicking Background
[2017.04.01-15.22.41:045][939]LogEditorViewport: Clicking on Actor (LMB): modul_transporttransport_16_Blueprint_C (modul_transporttransport_16_Blueprint)
[2017.04.01-15.23.25:492][526]Cmd: TRANSACTION UNDO
[2017.04.01-15.23.25:501][526]LogEditorTransaction: Undo Add Keys at Current Time
[2017.04.01-15.23.25:620][526]LogSlate: Took 0.014175 seconds to synchronously load lazily loaded font '../../../Engine/Content/Slate/Fonts/Roboto-Light.ttf' (159K)
[2017.04.01-15.25.28:220][840]LogSavePackage: Save=1227.09ms
[2017.04.01-15.25.28:220][840]LogSavePackage: Moving '../../../../Projects/LastBullet/Saved/Minimal_Default_Auto1CB2A666C4C6DF65F3DAB31A9244332E5.tmp' to '../../../../Projects/LastBullet/Saved/Autosaves/Game/StarterContent/Maps/Minimal_Default_Auto1.umap'
[2017.04.01-15.25.28:244][840]LogSavePackage:Display: Finished SavePackage ../../../../Projects/LastBullet/Saved/Autosaves/Game/StarterContent/Maps/Minimal_Default_Auto1.umap
[2017.04.01-15.25.28:322][840]LogFileHelpers: Editor autosave (incl. sublevels) for '/Game/StarterContent/Maps/Minimal_Default' took 1.944
[2017.04.01-15.25.28:322][840]LogFileHelpers: Editor autosave (incl. sublevels) for all levels took 1.944
[2017.04.01-15.25.28:360][840]OBJ SavePackage: Generating thumbnails for [0] asset(s) in package [/Game/StarterContent/Maps/MatineeActorLevelSequence] ([1] browsable assets)...
[2017.04.01-15.25.28:360][840]OBJ SavePackage: Finished generating thumbnails for package [/Game/StarterContent/Maps/MatineeActorLevelSequence]
[2017.04.01-15.25.28:482][840]LogSavePackage: Save=84.60ms
[2017.04.01-15.25.28:482][840]LogSavePackage: Moving '../../../../Projects/LastBullet/Saved/MatineeActorLevelSequence_Auto18FB37EBD4CCA184C8153848520D07604.tmp' to '../../../../Projects/LastBullet/Saved/Autosaves/Game/StarterContent/Maps/MatineeActorLevelSequence_Auto1.uasset'
[2017.04.01-15.25.28:484][840]LogSavePackage:Display: Finished SavePackage ../../../../Projects/LastBullet/Saved/Autosaves/Game/StarterContent/Maps/MatineeActorLevelSequence_Auto1.uasset
[2017.04.01-15.25.28:485][840]OBJ SavePackage: Generating thumbnails for [0] asset(s) in package [/Game/StarterContent/Maps/Satelite] ([1] browsable assets)...
[2017.04.01-15.25.28:485][840]OBJ SavePackage: Finished generating thumbnails for package [/Game/StarterContent/Maps/Satelite]
[2017.04.01-15.25.28:485][840]Cmd: OBJ SAVEPACKAGE PACKAGE="/Game/StarterContent/Maps/Satelite" FILE="../../../../Projects/LastBullet/Saved/Autosaves/Game/StarterContent/Maps/Satelite_Auto1.uasset" SILENT=false AUTOSAVING=true
[2017.04.01-15.25.28:488][840]LogSavePackage: Save=1.83ms
[2017.04.01-15.25.28:488][840]LogSavePackage: Moving '../../../../Projects/LastBullet/Saved/Satelite_Auto1F1856F8D430DC685C6C3BBAC1090BC01.tmp' to '../../../../Projects/LastBullet/Saved/Autosaves/Game/StarterContent/Maps/Satelite_Auto1.uasset'
[2017.04.01-15.25.28:490][840]LogSavePackage:Display: Finished SavePackage ../../../../Projects/LastBullet/Saved/Autosaves/Game/StarterContent/Maps/Satelite_Auto1.uasset
[2017.04.01-15.25.28:490][840]LogFileHelpers: Auto-saving content packages took 0.167
[2017.04.01-15.32.42:970][928]Cmd: TRANSACTION UNDO
[2017.04.01-15.32.42:979][928]LogEditorTransaction: Undo Animatable Property Changed
[2017.04.01-15.32.45:419][ 39]Cmd: TRANSACTION UNDO
[2017.04.01-15.32.45:419][ 39]LogEditorTransaction: Undo Animatable Property Changed
[2017.04.01-15.32.47:358][148]Cmd: TRANSACTION UNDO
[2017.04.01-15.32.47:358][148]LogEditorTransaction: Undo Animatable Property Changed
[2017.04.01-15.32.50:589][294]LogEditorViewport: Clicking on Actor (LMB): modul_transporttransport_16_Blueprint_C (modul_transporttransport_16_Blueprint)
[2017.04.01-15.32.54:375][461]Cmd: TRANSACTION UNDO
[2017.04.01-15.32.54:375][461]LogEditorTransaction: Undo Animatable Property Changed
[2017.04.01-15.33.02:064][741]Cmd: TRANSACTION UNDO
[2017.04.01-15.33.02:064][741]LogEditorTransaction: Undo Animatable Property Changed
[2017.04.01-15.33.09:056][  0]Cmd: TRANSACTION UNDO
[2017.04.01-15.33.09:056][  0]LogEditorTransaction: Undo Animatable Property Changed
[2017.04.01-15.33.51:405][ 34]LogEditorViewport: Clicking Background
[2017.04.01-15.35.19:999][852]LogLinker: Can't find file '/Engine/Transient'
[2017.04.01-15.36.16:964][726]LogSavePackage: Save=376.32ms
[2017.04.01-15.36.16:964][726]LogSavePackage: Moving '../../../../Projects/LastBullet/Saved/Minimal_Default_Auto21D9B8154483DD954D21423B494FE958D.tmp' to '../../../../Projects/LastBullet/Saved/Autosaves/Game/StarterContent/Maps/Minimal_Default_Auto2.umap'
[2017.04.01-15.36.17:009][726]LogSavePackage:Display: Finished SavePackage ../../../../Projects/LastBullet/Saved/Autosaves/Game/StarterContent/Maps/Minimal_Default_Auto2.umap
[2017.04.01-15.36.17:012][726]LogFileHelpers: Editor autosave (incl. sublevels) for '/Game/StarterContent/Maps/Minimal_Default' took 0.587
[2017.04.01-15.36.17:012][726]LogFileHelpers: Editor autosave (incl. sublevels) for all levels took 0.587
[2017.04.01-15.36.17:014][726]OBJ SavePackage: Generating thumbnails for [0] asset(s) in package [/Game/StarterContent/Maps/MatineeActorLevelSequence] ([1] browsable assets)...
[2017.04.01-15.36.17:014][726]OBJ SavePackage: Finished generating thumbnails for package [/Game/StarterContent/Maps/MatineeActorLevelSequence]
[2017.04.01-15.36.17:037][726]LogSavePackage: Save=15.19ms
[2017.04.01-15.36.17:037][726]LogSavePackage: Moving '../../../../Projects/LastBullet/Saved/MatineeActorLevelSequence_Auto27775307441764CA3B9292B83111B7429.tmp' to '../../../../Projects/LastBullet/Saved/Autosaves/Game/StarterContent/Maps/MatineeActorLevelSequence_Auto2.uasset'
[2017.04.01-15.36.17:039][726]LogSavePackage:Display: Finished SavePackage ../../../../Projects/LastBullet/Saved/Autosaves/Game/StarterContent/Maps/MatineeActorLevelSequence_Auto2.uasset
[2017.04.01-15.36.17:039][726]LogFileHelpers: Auto-saving content packages took 0.026
[2017.04.01-15.36.23:375][950]Cmd: OBJ SAVEPACKAGE PACKAGE="/Game/StarterContent/Maps/MatineeActorLevelSequence" FILE="../../../../Projects/LastBullet/Content/StarterContent/Maps/MatineeActorLevelSequence.uasset" SILENT=true
[2017.04.01-15.36.23:397][950]LogSavePackage: Save=15.10ms
[2017.04.01-15.36.23:397][950]LogSavePackage: Moving '../../../../Projects/LastBullet/Saved/MatineeActorLevelSequenceE7AD9BC64056B516A60C11BAD9591D32.tmp' to '../../../../Projects/LastBullet/Content/StarterContent/Maps/MatineeActorLevelSequence.uasset'
[2017.04.01-15.36.23:425][950]LogSavePackage:Display: Finished SavePackage ../../../../Projects/LastBullet/Content/StarterContent/Maps/MatineeActorLevelSequence.uasset
[2017.04.01-15.36.36:891][950]LogSavePackage: Save=324.60ms
[2017.04.01-15.36.36:891][950]LogSavePackage: Moving '../../../../Projects/LastBullet/Saved/Minimal_Default32691D6947E9571735693BA7E09FE84D.tmp' to '../../../../Projects/LastBullet/Content/StarterContent/Maps/Minimal_Default.umap'
[2017.04.01-15.36.36:901][950]LogSavePackage:Display: Finished SavePackage ../../../../Projects/LastBullet/Content/StarterContent/Maps/Minimal_Default.umap
[2017.04.01-15.36.36:924][950]LogFileHelpers: Saving map 'Minimal_Default' took 13.497
[2017.04.01-15.36.36:926][950]Cmd: OBJ SAVEPACKAGE PACKAGE="/Game/StarterContent/Maps/Satelite" FILE="../../../../Projects/LastBullet/Content/StarterContent/Maps/Satelite.uasset" SILENT=true
[2017.04.01-15.36.36:929][950]LogSavePackage: Save=1.74ms
[2017.04.01-15.36.36:929][950]LogSavePackage: Moving '../../../../Projects/LastBullet/Saved/Satelite2166CB0E496510BDCD02C496389484E6.tmp' to '../../../../Projects/LastBullet/Content/StarterContent/Maps/Satelite.uasset'
[2017.04.01-15.36.36:932][950]LogSavePackage:Display: Finished SavePackage ../../../../Projects/LastBullet/Content/StarterContent/Maps/Satelite.uasset
[2017.04.01-15.36.37:080][950]LogBlueprintUserMessages: Early PlayInEditor Detection: Level '/Game/StarterContent/Maps/Minimal_Default.Minimal_Default:PersistentLevel' has LevelScriptBlueprint '/Game/StarterContent/Maps/Minimal_Default.Minimal_Default:PersistentLevel.Minimal_Default' with GeneratedClass '/Game/StarterContent/Maps/Minimal_Default.Minimal_Default_C' with ClassGeneratedBy '/Game/StarterContent/Maps/Minimal_Default.Minimal_Default:PersistentLevel.Minimal_Default'
[2017.04.01-15.36.37:080][950]LogPlayLevel: PlayLevel: No blueprints needed recompiling
[2017.04.01-15.36.37:111][950]PIE: New page: PIE session: Minimal_Default (Apr 1, 2017, 7:36:37 PM)
[2017.04.01-15.36.37:135][950]LogPlayLevel: Creating play world package: /Game/StarterContent/Maps/UEDPIE_0_Minimal_Default
[2017.04.01-15.36.37:665][950]LogPlayLevel: PIE: StaticDuplicateObject took: (0.530055s)
[2017.04.01-15.36.37:966][950]LogAIModule: Creating AISystem for world Minimal_Default
[2017.04.01-15.36.38:024][950]LogPlayLevel: PIE: World Init took: (0.358320s)
[2017.04.01-15.36.38:024][950]LogPlayLevel: PIE: Created PIE world by copying editor world from /Game/StarterContent/Maps/Minimal_Default.Minimal_Default to /Game/StarterContent/Maps/UEDPIE_0_Minimal_Default.Minimal_Default (0.888881s)
[2017.04.01-15.36.38:172][950]LogInit: XAudio2 using '1 - BenQ GL2250H (AMD High Definition Audio Device)' : 2 channels at 48 kHz using 16 bits per sample (channel mask 0x3)
[2017.04.01-15.36.38:244][950]LogInit: FAudioDevice initialized.
[2017.04.01-15.36.38:412][950]LogLoad: Game class is 'GameModeBase'
[2017.04.01-15.36.38:454][950]LogWorld: Bringing World /Game/StarterContent/Maps/UEDPIE_0_Minimal_Default.Minimal_Default up for play (max tick rate 0) at 2017.04.01-17.36.38
[2017.04.01-15.36.38:454][950]LogWorld: Bringing up level for play took: 0.038978
[2017.04.01-15.36.38:470][950]LogGameMode: FindPlayerStart: PATHS NOT DEFINED or NO PLAYERSTART with positive rating
[2017.04.01-15.36.38:552][950]PIE: Info Play in editor start time for /Game/StarterContent/Maps/UEDPIE_0_Minimal_Default 1.004
[2017.04.01-15.36.38:562][950]LogBlueprintUserMessages: Late PlayInEditor Detection: Level '/Game/StarterContent/Maps/Minimal_Default.Minimal_Default:PersistentLevel' has LevelScriptBlueprint '/Game/StarterContent/Maps/Minimal_Default.Minimal_Default:PersistentLevel.Minimal_Default' with GeneratedClass '/Game/StarterContent/Maps/Minimal_Default.Minimal_Default_C' with ClassGeneratedBy '/Game/StarterContent/Maps/Minimal_Default.Minimal_Default:PersistentLevel.Minimal_Default'
[2017.04.01-15.36.38:563][950]LogConsoleManager:Warning: Setting the console variable 'r.Streaming.PoolSize' with 'SetByScalability' was ignored as it is lower priority than the previous 'SetByConsole'. Value remains '-1'
[2017.04.01-15.36.38:662][951]LogRenderer: Reallocating scene render targets to support 1920x1080 NumSamples 1 (Frame:89976).
[2017.04.01-15.36.39:034][952]LogContentStreaming: Texture pool size now 814 MB
[2017.04.01-15.37.31:316][554]LogContentStreaming: Texture pool size now 806 MB
[2017.04.01-15.39.20:016][792]LogConsoleManager:Warning: Setting the console variable 'r.Streaming.PoolSize' with 'SetByScalability' was ignored as it is lower priority than the previous 'SetByConsole'. Value remains '-1'
[2017.04.01-15.39.20:236][792]LogConsoleManager:Warning: Setting the console variable 'r.Streaming.PoolSize' with 'SetByScalability' was ignored as it is lower priority than the previous 'SetByConsole'. Value remains '1000'
[2017.04.01-15.39.20:237][792]LogBlueprintUserMessages: Early EndPlayMap Detection: Level '/Game/StarterContent/Maps/Minimal_Default.Minimal_Default:PersistentLevel' has LevelScriptBlueprint '/Game/StarterContent/Maps/Minimal_Default.Minimal_Default:PersistentLevel.Minimal_Default' with GeneratedClass '/Game/StarterContent/Maps/Minimal_Default.Minimal_Default_C' with ClassGeneratedBy '/Game/StarterContent/Maps/Minimal_Default.Minimal_Default:PersistentLevel.Minimal_Default'
[2017.04.01-15.39.20:513][792]LogBlueprintUserMessages: Late EndPlayMap Detection: Level '/Game/StarterContent/Maps/Minimal_Default.Minimal_Default:PersistentLevel' has LevelScriptBlueprint '/Game/StarterContent/Maps/Minimal_Default.Minimal_Default:PersistentLevel.Minimal_Default' with GeneratedClass '/Game/StarterContent/Maps/Minimal_Default.Minimal_Default_C' with ClassGeneratedBy '/Game/StarterContent/Maps/Minimal_Default.Minimal_Default:PersistentLevel.Minimal_Default'
[2017.04.01-15.39.21:661][793]LogContentStreaming: Texture pool size now 1000 MB
[2017.04.01-15.49.22:228][593]LogSavePackage: Save=395.14ms
[2017.04.01-15.49.22:228][593]LogSavePackage: Moving '../../../../Projects/LastBullet/Saved/Minimal_Default_Auto386E111F74097F39A028E2B9D63A87BE2.tmp' to '../../../../Projects/LastBullet/Saved/Autosaves/Game/StarterContent/Maps/Minimal_Default_Auto3.umap'
[2017.04.01-15.49.22:256][593]LogSavePackage:Display: Finished SavePackage ../../../../Projects/LastBullet/Saved/Autosaves/Game/StarterContent/Maps/Minimal_Default_Auto3.umap
[2017.04.01-15.49.22:261][593]LogFileHelpers: Editor autosave (incl. sublevels) for '/Game/StarterContent/Maps/Minimal_Default' took 0.565
[2017.04.01-15.49.22:261][593]LogFileHelpers: Editor autosave (incl. sublevels) for all levels took 0.565
[2017.04.01-15.49.22:301][595]LogRenderer: Reallocating scene render targets to support 1920x1080 NumSamples 1 (Frame:91821).
[2017.04.01-15.59.23:465][337]LogSavePackage: Save=338.18ms
[2017.04.01-15.59.23:465][337]LogSavePackage: Moving '../../../../Projects/LastBullet/Saved/Minimal_Default_Auto46A8855CE4086AC2E664F17A0B5B312E2.tmp' to '../../../../Projects/LastBullet/Saved/Autosaves/Game/StarterContent/Maps/Minimal_Default_Auto4.umap'
[2017.04.01-15.59.23:471][337]LogSavePackage:Display: Finished SavePackage ../../../../Projects/LastBullet/Saved/Autosaves/Game/StarterContent/Maps/Minimal_Default_Auto4.umap
[2017.04.01-15.59.23:472][337]LogFileHelpers: Editor autosave (incl. sublevels) for '/Game/StarterContent/Maps/Minimal_Default' took 0.506
[2017.04.01-15.59.23:473][337]LogFileHelpers: Editor autosave (incl. sublevels) for all levels took 0.506
[2017.04.01-16.56.26:531][897]LogSavePackage: Save=2839.15ms
[2017.04.01-16.56.26:532][897]LogSavePackage: Moving '../../../../Projects/LastBullet/Saved/Minimal_Default274C714D4E5AF73B04BAACB238A42A3F.tmp' to '../../../../Projects/LastBullet/Content/StarterContent/Maps/Minimal_Default.umap'
[2017.04.01-16.56.26:704][897]LogSavePackage:Display: Finished SavePackage ../../../../Projects/LastBullet/Content/StarterContent/Maps/Minimal_Default.umap
[2017.04.01-16.56.27:014][897]Cmd: OBJ SAVEPACKAGE PACKAGE="/Game/StarterContent/Maps/Minimal_Default_BuiltData" FILE="../../../../Projects/LastBullet/Content/StarterContent/Maps/Minimal_Default_BuiltData.uasset" SILENT=true
[2017.04.01-16.56.28:895][897]LogSavePackage: Save=1791.80ms
[2017.04.01-16.56.28:895][897]LogSavePackage: Moving '../../../../Projects/LastBullet/Saved/Minimal_Default_BuiltData10EC2F5744E4732009A9A8A4F763E9F0.tmp' to '../../../../Projects/LastBullet/Content/StarterContent/Maps/Minimal_Default_BuiltData.uasset'
[2017.04.01-16.56.28:961][897]LogSavePackage:Display: Finished SavePackage ../../../../Projects/LastBullet/Content/StarterContent/Maps/Minimal_Default_BuiltData.uasset
[2017.04.01-16.56.35:049][ 67]LogWindowsTextInputMethodSystem:Display: IME system now deactivated.
[2017.04.01-16.56.39:708][ 68]Cmd: QUIT_EDITOR
[2017.04.01-16.56.47:884][ 68]LogExit: Preparing to exit.
[2017.04.01-16.56.54:395][ 68]LogDirectoryWatcher: A directory notification for 'D:/EpicGames/Projects/LastBullet/Content/' was aborted.
[2017.04.01-16.56.57:017][ 68]LogExit: Editor shut down
[2017.04.01-16.56.57:028][ 68]LogExit: Transaction tracking system shut down
[2017.04.01-16.57.10:215][ 68]LogObj: Freed 0b from 0 cluster array pools.
[2017.04.01-16.57.10:216][ 68]LogExit: Object subsystem successfully closed.
[2017.04.01-16.57.12:341][ 68]LogD3D11RHI: Shutdown
[2017.04.01-16.57.12:357][ 68]LogD3D11RHI: CleanupD3DDevice
[2017.04.01-16.57.13:783][ 68]LogD3D11RHI: ~FD3D11DynamicRHI
[2017.04.01-16.57.25:890][ 68]LogModuleManager: Shutting down and abandoning module SequencerWidgets (512)
[2017.04.01-16.57.25:968][ 68]LogModuleManager: Shutting down and abandoning module BlueprintGraph (510)
[2017.04.01-16.57.25:968][ 68]LogModuleManager: Shutting down and abandoning module BlueprintProfiler (508)
[2017.04.01-16.57.26:225][ 68]LogModuleManager: Shutting down and abandoning module MovieSceneCaptureDialog (506)
[2017.04.01-16.57.26:225][ 68]LogModuleManager: Shutting down and abandoning module MovieSceneCapture (504)
[2017.04.01-16.57.26:225][ 68]LogModuleManager: Shutting down and abandoning module DistCurveEditor (502)
[2017.04.01-16.57.26:300][ 68]LogModuleManager: Shutting down and abandoning module Matinee (500)
[2017.04.01-16.57.26:410][ 68]LogModuleManager: Shutting down and abandoning module HierarchicalLODOutliner (498)
[2017.04.01-16.57.26:423][ 68]LogModuleManager: Shutting down and abandoning module CrashTracker (496)
[2017.04.01-16.57.26:562][ 68]LogModuleManager: Shutting down and abandoning module SceneOutliner (494)
[2017.04.01-16.57.26:597][ 68]LogModuleManager: Shutting down and abandoning module AddContentDialog (492)
[2017.04.01-16.57.27:063][ 68]LogDirectoryWatcher: A directory notification for 'D:/EpicGames/UE_4.15/FeaturePacks/' was aborted.
[2017.04.01-16.57.27:235][ 68]LogModuleManager: Shutting down and abandoning module WidgetCarousel (491)
[2017.04.01-16.57.27:235][ 68]LogModuleManager: Shutting down and abandoning module EditorWidgets (488)
[2017.04.01-16.57.27:254][ 68]LogModuleManager: Shutting down and abandoning module CollectionManager (486)
[2017.04.01-16.57.27:344][ 68]LogDirectoryWatcher: A directory notification for 'D:/EpicGames/Projects/LastBullet/Content/Collections/' was aborted.
[2017.04.01-16.57.27:344][ 68]LogDirectoryWatcher: A directory notification for 'D:/EpicGames/Projects/LastBullet/Content/Developers/julio/Collections/' was aborted.
[2017.04.01-16.57.27:344][ 68]LogDirectoryWatcher: A directory notification for 'D:/EpicGames/Projects/LastBullet/Saved/Collections/' was aborted.
[2017.04.01-16.57.27:344][ 68]LogModuleManager: Shutting down and abandoning module StatsViewer (484)
[2017.04.01-16.57.27:378][ 68]LogModuleManager: Shutting down and abandoning module FoliageEdit (482)
[2017.04.01-16.57.27:394][ 68]LogModuleManager: Shutting down and abandoning module LandscapeEditor (480)
[2017.04.01-16.57.27:807][ 68]LogModuleManager: Shutting down and abandoning module SceneDepthPickerMode (478)
[2017.04.01-16.57.27:807][ 68]LogModuleManager: Shutting down and abandoning module ActorPickerMode (476)
[2017.04.01-16.57.27:807][ 68]LogModuleManager: Shutting down and abandoning module GeometryMode (474)
[2017.04.01-16.57.27:807][ 68]LogModuleManager: Shutting down and abandoning module TextureAlignMode (472)
[2017.04.01-16.57.27:807][ 68]LogModuleManager: Shutting down and abandoning module BspMode (470)
[2017.04.01-16.57.27:842][ 68]LogModuleManager: Shutting down and abandoning module HardwareSurvey (468)
[2017.04.01-16.57.27:898][ 68]LogModuleManager: Shutting down and abandoning module SequenceRecorderSections (466)
[2017.04.01-16.57.27:898][ 68]LogModuleManager: Shutting down and abandoning module AutomationWorker (464)
[2017.04.01-16.57.27:985][ 68]LogModuleManager: Shutting down and abandoning module MatineeToLevelSequence (462)
[2017.04.01-16.57.28:018][ 68]LogModuleManager: Shutting down and abandoning module LevelSequenceEditor (460)
[2017.04.01-16.57.28:284][ 68]LogModuleManager: Shutting down and abandoning module PlacementMode (459)
[2017.04.01-16.57.28:309][ 68]LogModuleManager: Shutting down and abandoning module WmfMediaFactory (456)
[2017.04.01-16.57.28:309][ 68]LogModuleManager: Shutting down and abandoning module WmfMediaEditor (454)
[2017.04.01-16.57.28:309][ 68]LogModuleManager: Shutting down and abandoning module MfMediaFactory (452)
[2017.04.01-16.57.28:309][ 68]LogModuleManager: Shutting down and abandoning module MfMediaEditor (450)
[2017.04.01-16.57.28:309][ 68]LogModuleManager: Shutting down and abandoning module AvfMediaFactory (448)
[2017.04.01-16.57.28:309][ 68]LogModuleManager: Shutting down and abandoning module AvfMediaEditor (446)
[2017.04.01-16.57.28:309][ 68]LogModuleManager: Shutting down and abandoning module AndroidMediaFactory (444)
[2017.04.01-16.57.28:309][ 68]LogModuleManager: Shutting down and abandoning module Media (443)
[2017.04.01-16.57.28:309][ 68]LogModuleManager: Shutting down and abandoning module AndroidMediaEditor (440)
[2017.04.01-16.57.28:309][ 68]LogModuleManager: Shutting down and abandoning module CharacterAI (438)
[2017.04.01-16.57.28:309][ 68]LogModuleManager: Shutting down and abandoning module AudioCapture (436)
[2017.04.01-16.57.28:344][ 68]LogModuleManager: Shutting down and abandoning module SequenceRecorder (435)
[2017.04.01-16.57.28:444][ 68]LogModuleManager: Shutting down and abandoning module SmartSnapping (432)
[2017.04.01-16.57.28:444][ 68]LogModuleManager: Shutting down and abandoning module SessionServices (430)
[2017.04.01-16.57.28:444][ 68]LogModuleManager: Shutting down and abandoning module ViewportSnapping (428)
[2017.04.01-16.57.28:444][ 68]LogModuleManager: Shutting down and abandoning module ViewportInteraction (426)
[2017.04.01-16.57.28:444][ 68]LogModuleManager: Shutting down and abandoning module LogVisualizer (424)
[2017.04.01-16.57.28:634][ 68]LogModuleManager: Shutting down and abandoning module IntroTutorials (422)
[2017.04.01-16.57.28:875][ 68]LogModuleManager: Shutting down and abandoning module GameProjectGeneration (421)
[2017.04.01-16.57.29:179][ 68]LogModuleManager: Shutting down and abandoning module EditorLiveStreaming (418)
[2017.04.01-16.57.29:250][ 68]LogModuleManager: Shutting down and abandoning module IOSPlatformEditor (416)
[2017.04.01-16.57.29:378][ 68]LogModuleManager: Shutting down and abandoning module HTML5PlatformEditor (414)
[2017.04.01-16.57.29:378][ 68]LogModuleManager: Shutting down and abandoning module AndroidPlatformEditor (412)
[2017.04.01-16.57.29:506][ 68]LogModuleManager: Shutting down and abandoning module AndroidDeviceDetection (411)
[2017.04.01-16.57.30:385][ 68]LogModuleManager: Shutting down and abandoning module IOSRuntimeSettings (408)
[2017.04.01-16.57.30:385][ 68]LogModuleManager: Shutting down and abandoning module AndroidRuntimeSettings (406)
[2017.04.01-16.57.30:385][ 68]LogModuleManager: Shutting down and abandoning module InputBindingEditor (404)
[2017.04.01-16.57.30:403][ 68]LogModuleManager: Shutting down and abandoning module NiagaraEditor (402)
[2017.04.01-16.57.30:582][ 68]LogModuleManager: Shutting down and abandoning module MergeActors (400)
[2017.04.01-16.57.30:636][ 68]LogModuleManager: Shutting down and abandoning module SizeMap (398)
[2017.04.01-16.57.30:672][ 68]LogModuleManager: Shutting down and abandoning module TreeMap (396)
[2017.04.01-16.57.30:761][ 68]LogModuleManager: Shutting down and abandoning module ReferenceViewer (394)
[2017.04.01-16.57.30:795][ 68]LogModuleManager: Shutting down and abandoning module LocalizationDashboard (392)
[2017.04.01-16.57.30:955][ 68]LogModuleManager: Shutting down and abandoning module LocalizationService (391)
[2017.04.01-16.57.31:056][ 68]LogModuleManager: Shutting down and abandoning module HardwareTargeting (388)
[2017.04.01-16.57.31:056][ 68]LogModuleManager: Shutting down and abandoning module DeviceProfileEditor (386)
[2017.04.01-16.57.31:124][ 68]LogModuleManager: Shutting down and abandoning module UndoHistory (384)
[2017.04.01-16.57.31:229][ 68]LogModuleManager: Shutting down and abandoning module UserFeedback (382)
[2017.04.01-16.57.31:229][ 68]LogModuleManager: Shutting down and abandoning module XmlParser (380)
[2017.04.01-16.57.31:266][ 68]LogModuleManager: Shutting down and abandoning module Blutility (378)
[2017.04.01-16.57.31:266][ 68]LogModuleManager: Shutting down and abandoning module ProjectSettingsViewer (376)
[2017.04.01-16.57.31:293][ 68]LogModuleManager: Shutting down and abandoning module ProjectTargetPlatformEditor (375)
[2017.04.01-16.57.31:293][ 68]LogModuleManager: Shutting down and abandoning module EditorSettingsViewer (372)
[2017.04.01-16.57.31:293][ 68]LogModuleManager: Shutting down and abandoning module SettingsEditor (370)
[2017.04.01-16.57.31:403][ 68]LogModuleManager: Shutting down and abandoning module ProjectLauncher (368)
[2017.04.01-16.57.31:507][ 68]LogModuleManager: Shutting down and abandoning module SessionFrontend (366)
[2017.04.01-16.57.31:600][ 68]LogModuleManager: Shutting down and abandoning module ProfilerClient (364)
[2017.04.01-16.57.31:700][ 68]LogModuleManager: Shutting down and abandoning module DeviceManager (362)
[2017.04.01-16.57.31:827][ 68]LogModuleManager: Shutting down and abandoning module TargetDeviceServices (361)
[2017.04.01-16.57.31:923][ 68]LogModuleManager: Shutting down and abandoning module AutomationController (358)
[2017.04.01-16.57.32:033][ 68]LogModuleManager: Shutting down and abandoning module AutomationWindow (356)
[2017.04.01-16.57.32:167][ 68]LogModuleManager: Shutting down and abandoning module Layers (354)
[2017.04.01-16.57.32:440][ 68]LogModuleManager: Shutting down and abandoning module ComponentVisualizers (352)
[2017.04.01-16.57.32:441][ 68]LogModuleManager: Shutting down and abandoning module DetailCustomizations (350)
[2017.04.01-16.57.32:574][ 68]LogModuleManager: Shutting down and abandoning module PackagesDialog (348)
[2017.04.01-16.57.32:574][ 68]LogModuleManager: Shutting down and abandoning module Persona (346)
[2017.04.01-16.57.32:748][ 68]LogModuleManager: Shutting down and abandoning module AnimGraph (345)
[2017.04.01-16.57.32:748][ 68]LogModuleManager: Shutting down and abandoning module Kismet (342)
[2017.04.01-16.57.33:010][ 68]LogModuleManager: Shutting down and abandoning module GraphEditor (340)
[2017.04.01-16.57.33:307][ 68]LogModuleManager: Shutting down and abandoning module ClassViewer (338)
[2017.04.01-16.57.33:634][ 68]LogModuleManager: Shutting down and abandoning module Toolbox (336)
[2017.04.01-16.57.33:662][ 68]LogModuleManager: Shutting down and abandoning module ModuleUI (334)
[2017.04.01-16.57.33:692][ 68]LogModuleManager: Shutting down and abandoning module MovieSceneTools (332)
[2017.04.01-16.57.33:735][ 68]LogModuleManager: Shutting down and abandoning module OutputLog (330)
[2017.04.01-16.57.33:748][ 68]LogModuleManager: Shutting down and abandoning module GammaUI (328)
[2017.04.01-16.57.33:758][ 68]LogModuleManager: Shutting down and abandoning module Documentation (326)
[2017.04.01-16.57.33:772][ 68]LogModuleManager: Shutting down and abandoning module Niagara (324)
[2017.04.01-16.57.33:772][ 68]LogModuleManager: Shutting down and abandoning module StreamingPauseRendering (322)
[2017.04.01-16.57.33:772][ 68]LogModuleManager: Shutting down and abandoning module AnalyticsET (320)
[2017.04.01-16.57.33:772][ 68]LogModuleManager: Shutting down and abandoning module PortalServices (318)
[2017.04.01-16.57.33:772][ 68]LogModuleManager: Shutting down and abandoning module PortalRpc (316)
[2017.04.01-16.57.33:772][ 68]LogModuleManager: Shutting down and abandoning module MessagingRpc (314)
[2017.04.01-16.57.33:772][ 68]LogModuleManager: Shutting down and abandoning module AIModule (312)
[2017.04.01-16.57.33:792][ 68]LogModuleManager: Shutting down and abandoning module GameplayDebugger (311)
[2017.04.01-16.57.33:806][ 68]LogModuleManager: Shutting down and abandoning module AITestSuite (309)
[2017.04.01-16.57.33:812][ 68]LogModuleManager: Shutting down and abandoning module ProfilerService (306)
[2017.04.01-16.57.33:838][ 68]LogModuleManager: Shutting down and abandoning module TaskGraph (304)
[2017.04.01-16.57.33:856][ 68]LogModuleManager: Shutting down and abandoning module SteamVRController (302)
[2017.04.01-16.57.33:856][ 68]LogModuleManager: Shutting down and abandoning module SteamVR (300)
[2017.04.01-16.57.33:856][ 68]LogModuleManager: Shutting down and abandoning module ProceduralMeshComponentEditor (298)
[2017.04.01-16.57.33:856][ 68]LogModuleManager: Shutting down and abandoning module ProceduralMeshComponent (296)
[2017.04.01-16.57.33:863][ 68]LogModuleManager: Shutting down and abandoning module OculusLibrary (294)
[2017.04.01-16.57.33:863][ 68]LogModuleManager: Shutting down and abandoning module OculusInput (292)
[2017.04.01-16.57.33:863][ 68]LogModuleManager: Shutting down and abandoning module MobilePatchingUtils (290)
[2017.04.01-16.57.33:873][ 68]LogModuleManager: Shutting down and abandoning module CustomMeshComponent (288)
[2017.04.01-16.57.33:873][ 68]LogModuleManager: Shutting down and abandoning module CableComponent (286)
[2017.04.01-16.57.33:884][ 68]LogModuleManager: Shutting down and abandoning module ArchVisCharacter (284)
[2017.04.01-16.57.33:884][ 68]LogModuleManager: Shutting down and abandoning module MediaPlayerEditor (280)
[2017.04.01-16.57.33:906][ 68]LogModuleManager: Shutting down and abandoning module HTML5Networking (278)
[2017.04.01-16.57.33:906][ 68]LogModuleManager: Shutting down and abandoning module AlembicImporter (276)
[2017.04.01-16.57.33:918][ 68]LogModuleManager: Shutting down and abandoning module AlembicLibrary (275)
[2017.04.01-16.57.33:977][ 68]LogModuleManager: Shutting down and abandoning module GeometryCache (274)
[2017.04.01-16.57.33:977][ 68]LogModuleManager: Shutting down and abandoning module GeometryCacheEd (273)
[2017.04.01-16.57.33:977][ 68]LogModuleManager: Shutting down and abandoning module SuperSearchEditor (268)
[2017.04.01-16.57.33:977][ 68]LogModuleManager: Shutting down and abandoning module SuperSearch (267)
[2017.04.01-16.57.33:977][ 68]LogModuleManager: Shutting down and abandoning module SpeedTreeImporter (264)
[2017.04.01-16.57.33:977][ 68]LogModuleManager: Shutting down and abandoning module PluginBrowser (262)
[2017.04.01-16.57.34:010][ 68]LogModuleManager: Shutting down and abandoning module MobileLauncherProfileWizard (260)
[2017.04.01-16.57.34:019][ 68]LogModuleManager: Shutting down and abandoning module EpicSurvey (258)
[2017.04.01-16.57.34:044][ 68]LogModuleManager: Shutting down and abandoning module VisualStudioSourceCodeAccess (256)
[2017.04.01-16.57.34:050][ 68]LogModuleManager: Shutting down and abandoning module DesktopPlatform (255)
[2017.04.01-16.57.34:072][ 68]LogModuleManager: Shutting down and abandoning module UObjectPlugin (252)
[2017.04.01-16.57.34:072][ 68]LogModuleManager: Shutting down and abandoning module SubversionSourceControl (250)
[2017.04.01-16.57.34:096][ 68]LogModuleManager: Shutting down and abandoning module PerforceSourceControl (248)
[2017.04.01-16.57.34:120][ 68]LogModuleManager: Shutting down and abandoning module GitSourceControl (246)
[2017.04.01-16.57.34:139][ 68]LogModuleManager: Shutting down and abandoning module SourceControl (245)
[2017.04.01-16.57.34:153][ 68]LogModuleManager: Shutting down and abandoning module LightPropagationVolumeEditor (242)
[2017.04.01-16.57.34:166][ 68]LogModuleManager: Shutting down and abandoning module PaperTiledImporter (240)
[2017.04.01-16.57.34:166][ 68]LogModuleManager: Shutting down and abandoning module PaperSpriteSheetImporter (238)
[2017.04.01-16.57.34:166][ 68]LogModuleManager: Shutting down and abandoning module Paper2DEditor (236)
[2017.04.01-16.57.34:183][ 68]LogModuleManager: Shutting down and abandoning module MeshPaint (235)
[2017.04.01-16.57.34:183][ 68]LogModuleManager: Shutting down and abandoning module LevelEditor (233)
[2017.04.01-16.57.34:707][ 68]LogModuleManager: Shutting down and abandoning module PixelInspectorModule (232)
[2017.04.01-16.57.34:730][ 68]LogModuleManager: Shutting down and abandoning module MainFrame (230)
[2017.04.01-16.57.34:752][ 68]LogModuleManager: Shutting down and abandoning module HotReload (229)
[2017.04.01-16.57.34:826][ 68]LogModuleManager: Shutting down and abandoning module ContentBrowser (225)
[2017.04.01-16.57.34:828][ 68]LogModuleManager: Shutting down and abandoning module PhysXVehiclesEditor (222)
[2017.04.01-16.57.34:866][ 68]LogModuleManager: Shutting down and abandoning module PhysXVehicles (220)
[2017.04.01-16.57.34:866][ 68]LogModuleManager: Shutting down and abandoning module LocationServicesBPLibrary (218)
[2017.04.01-16.57.34:866][ 68]LogModuleManager: Shutting down and abandoning module UdpMessaging (216)
[2017.04.01-16.57.34:967][ 68]LogModuleManager: Shutting down and abandoning module TcpMessaging (214)
[2017.04.01-16.57.35:067][ 68]LogModuleManager: Shutting down and abandoning module GameplayTagsEditor (212)
[2017.04.01-16.57.35:098][ 68]LogModuleManager: Shutting down and abandoning module FacialAnimationEditor (210)
[2017.04.01-16.57.35:115][ 68]LogModuleManager: Shutting down and abandoning module FacialAnimation (208)
[2017.04.01-16.57.35:115][ 68]LogModuleManager: Shutting down and abandoning module LightPropagationVolumeRuntime (206)
[2017.04.01-16.57.35:115][ 68]LogModuleManager: Shutting down and abandoning module Paper2D (204)
[2017.04.01-16.57.35:115][ 68]LogModuleManager: Shutting down and abandoning module WindowsMoviePlayer (202)
[2017.04.01-16.57.35:125][ 68]LogModuleManager: Shutting down and abandoning module WmfMedia (200)
[2017.04.01-16.57.35:147][ 68]LogModuleManager: Shutting down and abandoning module MfMedia (198)
[2017.04.01-16.57.35:147][ 68]LogModuleManager: Shutting down and abandoning module MediaAssets (196)
[2017.04.01-16.57.35:147][ 68]LogModuleManager: Shutting down and abandoning module GameLiveStreaming (194)
[2017.04.01-16.57.35:187][ 68]LogModuleManager: Shutting down and abandoning module VREditor (192)
[2017.04.01-16.57.35:211][ 68]LogModuleManager: Shutting down and abandoning module GameplayTasksEditor (190)
[2017.04.01-16.57.35:211][ 68]LogModuleManager: Shutting down and abandoning module BehaviorTreeEditor (188)
[2017.04.01-16.57.35:242][ 68]LogModuleManager: Shutting down and abandoning module FunctionalTesting (186)
[2017.04.01-16.57.35:242][ 68]LogModuleManager: Shutting down and abandoning module CollisionAnalyzer (184)
[2017.04.01-16.57.35:258][ 68]LogModuleManager: Shutting down and abandoning module UMG (182)
[2017.04.01-16.57.35:271][ 68]LogModuleManager: Shutting down and abandoning module UMGEditor (181)
[2017.04.01-16.57.35:295][ 68]LogModuleManager: Shutting down and abandoning module Sequencer (180)
[2017.04.01-16.57.35:319][ 68]LogModuleManager: Shutting down and abandoning module AssetTools (178)
[2017.04.01-16.57.35:372][ 68]LogModuleManager: Shutting down and abandoning module MessageLog (177)
[2017.04.01-16.57.35:372][ 68]LogModuleManager: Shutting down and abandoning module WorkspaceMenuStructure (176)
[2017.04.01-16.57.35:425][ 68]LogModuleManager: Shutting down and abandoning module SlateReflector (170)
[2017.04.01-16.57.35:443][ 68]LogModuleManager: Shutting down and abandoning module Slate (168)
[2017.04.01-16.57.35:443][ 68]LogModuleManager: Shutting down and abandoning module EditorStyle (166)
[2017.04.01-16.57.35:639][ 68]LogModuleManager: Shutting down and abandoning module SourceCodeAccess (164)
[2017.04.01-16.57.35:658][ 68]LogModuleManager: Shutting down and abandoning module HeadMountedDisplay (162)
[2017.04.01-16.57.35:658][ 68]LogModuleManager: Shutting down and abandoning module XAudio2 (160)
[2017.04.01-16.57.35:658][ 68]LogModuleManager: Shutting down and abandoning module Networking (158)
[2017.04.01-16.57.35:658][ 68]LogModuleManager: Shutting down and abandoning module Core (154)
[2017.04.01-16.57.35:658][ 68]LogModuleManager: Shutting down and abandoning module AssetRegistry (152)
[2017.04.01-16.57.36:060][ 68]LogDirectoryWatcher: A directory notification for '../../../Engine/Content/' was aborted.
[2017.04.01-16.57.36:061][ 68]LogDirectoryWatcher: A directory notification for '../../../../Projects/LastBullet/Content/' was aborted.
[2017.04.01-16.57.36:061][ 68]LogDirectoryWatcher: A directory notification for '../../../Engine/Plugins/2D/Paper2D/Content/' was aborted.
[2017.04.01-16.57.36:061][ 68]LogModuleManager: Shutting down and abandoning module DirectoryWatcher (151)
[2017.04.01-16.57.36:068][ 68]LogModuleManager: Shutting down and abandoning module KismetCompiler (148)
[2017.04.01-16.57.36:068][ 68]LogModuleManager: Shutting down and abandoning module PhysXFormats (146)
[2017.04.01-16.57.36:100][ 68]LogModuleManager: Shutting down and abandoning module MeshUtilities (144)
[2017.04.01-16.57.36:125][ 68]LogModuleManager: Shutting down and abandoning module SimplygonSwarm (143)
[2017.04.01-16.57.36:125][ 68]LogModuleManager: Shutting down and abandoning module SimplygonMeshReduction (141)
[2017.04.01-16.57.36:138][ 68]LogModuleManager: Shutting down and abandoning module QuadricMeshReduction (139)
[2017.04.01-16.57.36:149][ 68]LogModuleManager: Shutting down and abandoning module PropertyEditor (137)
[2017.04.01-16.57.36:163][ 68]LogModuleManager: Shutting down and abandoning module DerivedDataCache (134)
[2017.04.01-16.57.36:196][ 68]LogDerivedDataCache: Shutdown
[2017.04.01-16.57.36:196][ 68]LogModuleManager: Shutting down and abandoning module TargetPlatform (132)
[2017.04.01-16.57.36:205][ 68]LogModuleManager: Shutting down and abandoning module VulkanShaderFormat (131)
[2017.04.01-16.57.36:228][ 68]LogModuleManager: Shutting down and abandoning module ShaderFormatOpenGL (129)
[2017.04.01-16.57.36:252][ 68]LogModuleManager: Shutting down and abandoning module ShaderFormatD3D (127)
[2017.04.01-16.57.36:261][ 68]LogModuleManager: Shutting down and abandoning module MetalShaderFormat (125)
[2017.04.01-16.57.36:273][ 68]LogModuleManager: Shutting down and abandoning module TextureFormatUncompressed (123)
[2017.04.01-16.57.36:273][ 68]LogModuleManager: Shutting down and abandoning module TextureFormatPVR (121)
[2017.04.01-16.57.36:273][ 68]LogModuleManager: Shutting down and abandoning module TextureFormatDXT (119)
[2017.04.01-16.57.36:273][ 68]LogModuleManager: Shutting down and abandoning module TextureFormatIntelISPCTexComp (117)
[2017.04.01-16.57.36:331][ 68]LogModuleManager: Shutting down and abandoning module TextureFormatASTC (115)
[2017.04.01-16.57.36:331][ 68]LogModuleManager: Shutting down and abandoning module ImageWrapper (114)
[2017.04.01-16.57.36:331][ 68]LogModuleManager: Shutting down and abandoning module TextureFormatAndroid (111)
[2017.04.01-16.57.36:331][ 68]LogModuleManager: Shutting down and abandoning module AudioFormatOpus (109)
[2017.04.01-16.57.36:331][ 68]LogModuleManager: Shutting down and abandoning module AudioFormatOgg (107)
[2017.04.01-16.57.36:331][ 68]LogModuleManager: Shutting down and abandoning module AudioFormatADPCM (105)
[2017.04.01-16.57.36:331][ 68]LogModuleManager: Shutting down and abandoning module LinuxTargetPlatform (103)
[2017.04.01-16.57.36:364][ 68]LogModuleManager: Shutting down and abandoning module LinuxServerTargetPlatform (101)
[2017.04.01-16.57.36:364][ 68]LogModuleManager: Shutting down and abandoning module LinuxNoEditorTargetPlatform (99)
[2017.04.01-16.57.36:364][ 68]LogModuleManager: Shutting down and abandoning module LinuxClientTargetPlatform (97)
[2017.04.01-16.57.36:364][ 68]LogModuleManager: Shutting down and abandoning module TVOSTargetPlatform (95)
[2017.04.01-16.57.36:364][ 68]LogModuleManager: Shutting down and abandoning module Messaging (93)
[2017.04.01-16.57.36:364][ 68]LogModuleManager: Shutting down and abandoning module IOSTargetPlatform (91)
[2017.04.01-16.57.36:364][ 68]LogModuleManager: Shutting down and abandoning module HTML5TargetPlatform (89)
[2017.04.01-16.57.36:394][ 68]LogModuleManager: Shutting down and abandoning module Android_PVRTCTargetPlatform (87)
[2017.04.01-16.57.36:394][ 68]LogModuleManager: Shutting down and abandoning module Android_MultiTargetPlatform (85)
[2017.04.01-16.57.36:394][ 68]LogModuleManager: Shutting down and abandoning module Android_ETC2TargetPlatform (83)
[2017.04.01-16.57.36:394][ 68]LogModuleManager: Shutting down and abandoning module Android_ETC1TargetPlatform (81)
[2017.04.01-16.57.36:394][ 68]LogModuleManager: Shutting down and abandoning module Android_DXTTargetPlatform (79)
[2017.04.01-16.57.36:394][ 68]LogModuleManager: Shutting down and abandoning module Android_ATCTargetPlatform (77)
[2017.04.01-16.57.36:394][ 68]LogModuleManager: Shutting down and abandoning module Android_ASTCTargetPlatform (75)
[2017.04.01-16.57.36:410][ 68]LogModuleManager: Shutting down and abandoning module AndroidTargetPlatform (73)
[2017.04.01-16.57.36:426][ 68]LogModuleManager: Shutting down and abandoning module WindowsTargetPlatform (71)
[2017.04.01-16.57.36:426][ 68]LogModuleManager: Shutting down and abandoning module WindowsServerTargetPlatform (69)
[2017.04.01-16.57.36:436][ 68]LogModuleManager: Shutting down and abandoning module WindowsNoEditorTargetPlatform (67)
[2017.04.01-16.57.36:449][ 68]LogModuleManager: Shutting down and abandoning module WindowsClientTargetPlatform (65)
[2017.04.01-16.57.36:467][ 68]LogModuleManager: Shutting down and abandoning module MacTargetPlatform (63)
[2017.04.01-16.57.36:467][ 68]LogModuleManager: Shutting down and abandoning module MacServerTargetPlatform (61)
[2017.04.01-16.57.36:477][ 68]LogModuleManager: Shutting down and abandoning module MacNoEditorTargetPlatform (59)
[2017.04.01-16.57.36:490][ 68]LogModuleManager: Shutting down and abandoning module MacClientTargetPlatform (57)
[2017.04.01-16.57.36:505][ 68]LogModuleManager: Shutting down and abandoning module AllDesktopTargetPlatform (55)
[2017.04.01-16.57.36:505][ 68]LogModuleManager: Shutting down and abandoning module InputCore (52)
[2017.04.01-16.57.36:505][ 68]LogModuleManager: Shutting down and abandoning module Settings (50)
[2017.04.01-16.57.36:521][ 68]LogModuleManager: Shutting down and abandoning module OculusRift (48)
[2017.04.01-16.57.36:539][ 68]LogModuleManager: Shutting down and abandoning module GearVR (46)
[2017.04.01-16.57.36:545][ 68]LogModuleManager: Shutting down and abandoning module ExampleDeviceProfileSelector (44)
[2017.04.01-16.57.36:545][ 68]LogModuleManager: Shutting down and abandoning module OnlineBlueprintSupport (42)
[2017.04.01-16.57.36:545][ 68]LogModuleManager: Shutting down and abandoning module OnlineSubsystem (38)
[2017.04.01-16.57.36:545][ 68]LogOnline:Display: Unloading online subsystem: NULL
[2017.04.01-16.57.36:572][ 68]LogModuleManager: Shutting down and abandoning module XMPP (37)
[2017.04.01-16.57.36:604][ 68]LogModuleManager: Shutting down and abandoning module HTTP (35)
[2017.04.01-16.57.36:615][ 68]LogHttp:Display: Http module shutting down, but needs to wait on 1 outstanding Http requests:
[2017.04.01-16.57.36:615][ 68]LogHttp:Display: 	verb=[POST] url=[https://datarouter.ol.epicgames.com/datarouter/api/v1/public/data?SessionID=%7B8C45CAA1-445F-57F4-16D6-C995259082BE%7D&AppID=UEEditor.Rocket.Release&AppVersion=4.15.1-3348071%2B%2B%2BUE4%2BRelease-4.15&UserID=15554a644807a486ba899cbd09228e19%7Ccb366ee9920943c99d753c26cd3174cf%7Ce696dbf3-2f41-4d5c-8123-2e1344375e59&AppEnvironment=datacollector-binary&UploadType=eteventstream] status=Processing
[2017.04.01-16.57.36:669][ 68]LogModuleManager: Shutting down and abandoning module SSL (34)
[2017.04.01-16.57.36:720][ 68]LogModuleManager: Shutting down and abandoning module AudioEditor (30)
[2017.04.01-16.57.36:738][ 68]LogModuleManager: Shutting down and abandoning module TextureCompressor (28)
[2017.04.01-16.57.36:768][ 68]LogModuleManager: Shutting down and abandoning module ShaderCore (26)
[2017.04.01-16.57.36:780][ 68]LogModuleManager: Shutting down and abandoning module Landscape (24)
[2017.04.01-16.57.36:780][ 68]LogModuleManager: Shutting down and abandoning module SlateRHIRenderer (22)
[2017.04.01-16.57.37:063][ 68]LogModuleManager: Shutting down and abandoning module OpenGLDrv (20)
[2017.04.01-16.57.37:130][ 68]LogModuleManager: Shutting down and abandoning module D3D11RHI (18)
[2017.04.01-16.57.37:130][ 68]LogModuleManager: Shutting down and abandoning module AnimGraphRuntime (16)
[2017.04.01-16.57.37:215][ 68]LogModuleManager: Shutting down and abandoning module Renderer (14)
[2017.04.01-16.57.37:215][ 68]LogModuleManager: Shutting down and abandoning module Engine (12)
[2017.04.01-16.57.37:215][ 68]LogModuleManager: Shutting down and abandoning module CoreUObject (10)
[2017.04.01-16.57.37:215][ 68]LogModuleManager: Shutting down and abandoning module NetworkFile (8)
[2017.04.01-16.57.37:249][ 68]LogModuleManager: Shutting down and abandoning module StreamingFile (6)
[2017.04.01-16.57.37:281][ 68]LogModuleManager: Shutting down and abandoning module SandboxFile (4)
[2017.04.01-16.57.37:327][ 68]LogModuleManager: Shutting down and abandoning module PakFile (2)
[2017.04.01-16.57.37:776][ 68]LogExit: Exiting.
[2017.04.01-16.57.37:925][ 68]Log file closed, 04/01/17 18:57:37
