Log file open, 04/26/17 12:31:20
LogInit:Display: Running engine for game: LastBullet
LogPlatformFile: Not using cached read wrapper
LogInit:Display: RandInit(884636599) SRandInit(884636599).
LogTaskGraph: Started task graph with 5 named threads and 8 total threads with 1 sets of task threads.
LogStats: Stats thread started at 0.093177
LogInit: Using libcurl 7.47.1
LogInit:  - built for x86_64-pc-win32
LogInit:  - supports SSL with OpenSSL/1.0.2g
LogInit:  - supports HTTP deflate (compression) using libz 1.2.8
LogInit:  - other features:
LogInit:      CURL_VERSION_SSL
LogInit:      CURL_VERSION_LIBZ
LogInit:      CURL_VERSION_IPV6
LogInit:      CURL_VERSION_ASYNCHDNS
LogInit:      CURL_VERSION_LARGEFILE
LogInit:      CURL_VERSION_IDN
LogInit:  CurlRequestOptions (configurable via config and command line):
LogInit:  - bVerifyPeer = false  - Libcurl will NOT verify peer certificate
LogInit:  - bUseHttpProxy = false  - Libcurl will NOT use HTTP proxy
LogInit:  - bDontReuseConnections = false  - Libcurl will reuse connections
LogInit:  - CertBundlePath = nullptr  - Libcurl will use whatever was configured at build time.
LogInit: Build: ++UE4+Release-4.15-CL-3348071
LogInit: Engine Version: 4.15.1-3348071+++UE4+Release-4.15
LogInit: Compatible Engine Version: 4.15.0-3299760+++UE4+Release-4.15
LogInit: Net CL: 3299760
LogDevObjectVersion: Number of dev versions registered: 14
LogDevObjectVersion:   Dev-Blueprints (B0D832E4-1F89-4F0D-ACCF-7EB736FD4AA2): 8
LogDevObjectVersion:   Dev-Build (E1C64328-A22C-4D53-A36C-8E866417BD8C): 0
LogDevObjectVersion:   Dev-Core (375EC13C-06E4-48FB-B500-84F0262A717E): 2
LogDevObjectVersion:   Dev-Editor (E4B068ED-F494-42E9-A231-DA0B2E46BB41): 14
LogDevObjectVersion:   Dev-Framework (CFFC743F-43B0-4480-9391-14DF171D2073): 22
LogDevObjectVersion:   Dev-Mobile (B02B49B5-BB20-44E9-A304-32B752E40360): 0
LogDevObjectVersion:   Dev-Networking (A4E4105C-59A1-49B5-A7C5-40C4547EDFEE): 0
LogDevObjectVersion:   Dev-Online (39C831C9-5AE6-47DC-9A44-9C173E1C8E7C): 0
LogDevObjectVersion:   Dev-Physics (78F01B33-EBEA-4F98-B9B4-84EACCB95AA2): 0
LogDevObjectVersion:   Dev-Platform (6631380F-2D4D-43E0-8009-CF276956A95A): 0
LogDevObjectVersion:   Dev-Rendering (12F88B9F-8875-4AFC-A67C-D90C383ABD29): 12
LogDevObjectVersion:   Dev-Sequencer (7B5AE74C-D270-4C10-A958-57980B212A5A): 3
LogDevObjectVersion:   Dev-VR (D7296918-1DD6-4BDD-9DE2-64A83CC13884): 0
LogDevObjectVersion:   Dev-LoadTimes (C2A15278-BFE7-4AFE-6C17-90FF531DF755): 1
LogInit: Compiled (64-bit): Mar 15 2017 16:52:47
LogInit: Compiled with Visual C++: 19.00.23026.00
LogInit: Build Configuration: Development
LogInit: Branch Name: ++UE4+Release-4.15
LogInit: Command line: -EpicPortal 
LogInit: Base directory: C:/Program Files/Epic Games/UE_4.15/Engine/Binaries/Win64/
LogInit: Installed Engine Build: 1
LogInit: Presizing for max 8388607 objects, including 0 objects not considered by GC, pre-allocating 0 bytes for permanent pool.
LogInit: Object subsystem initialized
[2017.04.26-10.31.22:059][  0]LogInit: Selected Device Profile: [Windows]
[2017.04.26-10.31.22:059][  0]LogInit: Applying CVar settings loaded from the selected device profile: [Windows]
[2017.04.26-10.31.22:074][  0]LogInit: Computer: DESKTOP-Q2F06UF
[2017.04.26-10.31.22:074][  0]LogInit: User: jose
[2017.04.26-10.31.22:074][  0]LogInit: CPU Page size=65536, Cores=4
[2017.04.26-10.31.22:074][  0]LogInit: High frequency timer resolution =2.531250 MHz
[2017.04.26-10.31.22:074][  0]LogMemory: Memory total: Physical=7.9GB (8GB approx)
[2017.04.26-10.31.22:074][  0]LogMemory: Platform Memory Stats for Windows
[2017.04.26-10.31.22:074][  0]LogMemory: Process Physical Memory: 263.61 MB used, 263.61 MB peak
[2017.04.26-10.31.22:074][  0]LogMemory: Process Virtual Memory: 262.60 MB used, 262.60 MB peak
[2017.04.26-10.31.22:074][  0]LogMemory: Physical Memory: 5946.67 MB used,  2121.84 MB free, 8068.52 MB total
[2017.04.26-10.31.22:074][  0]LogMemory: Virtual Memory: 645.23 MB used,  2121.84 MB free, 134217728.00 MB total
[2017.04.26-10.31.22:186][  0]LogInit: Overriding culture en with editor configuration.
[2017.04.26-10.31.22:953][  0]LogD3D11RHI: D3D11 adapters:
[2017.04.26-10.31.23:949][  0]LogD3D11RHI:    0. 'NVIDIA GeForce GTX 960M' (Feature Level 11_0)
[2017.04.26-10.31.23:949][  0]LogD3D11RHI:       2018/0/4034 MB DedicatedVideo/DedicatedSystem/SharedSystem, Outputs:1, VendorId:0x10de
[2017.04.26-10.31.23:960][  0]LogD3D11RHI:    1. 'Intel(R) HD Graphics 530' (Feature Level 11_0)
[2017.04.26-10.31.23:960][  0]LogD3D11RHI:       128/0/4034 MB DedicatedVideo/DedicatedSystem/SharedSystem, Outputs:0, VendorId:0x8086
[2017.04.26-10.31.23:963][  0]LogD3D11RHI:    2. 'Microsoft Basic Render Driver' (Feature Level 11_0)
[2017.04.26-10.31.23:963][  0]LogD3D11RHI:       0/0/4034 MB DedicatedVideo/DedicatedSystem/SharedSystem, Outputs:0, VendorId:0x1414
[2017.04.26-10.31.23:963][  0]LogD3D11RHI: Chosen D3D11 Adapter: 0
[2017.04.26-10.31.23:967][  0]LogD3D11RHI: Creating new Direct3DDevice
[2017.04.26-10.31.23:967][  0]LogD3D11RHI:     GPU DeviceId: 0x139b (for the marketing name, search the web for "GPU Device Id")
[2017.04.26-10.31.23:967][  0]LogWindows: EnumDisplayDevices:
[2017.04.26-10.31.23:968][  0]LogWindows:    0. 'Intel(R) HD Graphics 530' (P:1 D:1)
[2017.04.26-10.31.23:968][  0]LogWindows:    1. 'Intel(R) HD Graphics 530' (P:0 D:0)
[2017.04.26-10.31.23:968][  0]LogWindows:    2. 'Intel(R) HD Graphics 530' (P:0 D:0)
[2017.04.26-10.31.23:968][  0]LogWindows:    3. 'Intel(R) HD Graphics 530' (P:0 D:0)
[2017.04.26-10.31.23:968][  0]LogWindows:    4. 'Intel(R) HD Graphics 530' (P:0 D:0)
[2017.04.26-10.31.23:968][  0]LogWindows:    5. 'Intel(R) HD Graphics 530' (P:0 D:0)
[2017.04.26-10.31.23:969][  0]LogWindows:    6. 'Intel(R) HD Graphics 530' (P:0 D:0)
[2017.04.26-10.31.23:969][  0]LogWindows:    7. 'Intel(R) HD Graphics 530' (P:0 D:0)
[2017.04.26-10.31.23:969][  0]LogWindows:    8. 'Intel(R) HD Graphics 530' (P:0 D:0)
[2017.04.26-10.31.23:969][  0]LogWindows: DebugString: PrimaryIsNotTheChoosenAdapter PrimaryIsNotTheChoosenAdapter PrimaryIsNotTheChoosenAdapter PrimaryIsNotTheChoosenAdapter PrimaryIsNotTheChoosenAdapter PrimaryIsNotTheChoosenAdapter PrimaryIsNotTheChoosenAdapter PrimaryIsNotTheChoosenAdapter PrimaryIsNotTheChoosenAdapter FoundDriverCount:0 
[2017.04.26-10.31.23:969][  0]LogD3D11RHI:     Adapter Name: NVIDIA GeForce GTX 960M
[2017.04.26-10.31.23:969][  0]LogD3D11RHI:   Driver Version: Unknown (internal:Unknown, unified:Unknown)
[2017.04.26-10.31.23:969][  0]LogD3D11RHI:      Driver Date: Unknown
[2017.04.26-10.31.23:969][  0]LogRHI: Texture pool is 1361 MB (70% of 1945 MB)
[2017.04.26-10.31.24:711][  0]LogD3D11RHI: Async texture creation enabled
[2017.04.26-10.31.24:786][  0]LogD3D11RHI: GPU Timing Frequency: 1000.000000 (Debug: 2 1)
[2017.04.26-10.31.24:788][  0]LogShaderCompilers: Guid format shader working directory is -24 characters bigger than the processId version (../../../../../../Users/jose_/Documents/GitHub/LastBulletVR/LastBullet/Intermediate/Shaders/WorkingDirectory/7072/).
[2017.04.26-10.31.24:788][  0]LogShaderCompilers: Cleaned the shader compiler working directory 'C:/Users/jose_/AppData/Local/Temp/UnrealShaderWorkingDir/05EA91AB423C9B113F2D35856516FEBF/'.
[2017.04.26-10.31.24:788][  0]LogShaderCompilers:Display: Using Local Shader Compiler.
[2017.04.26-10.31.26:162][  0]LogTemp:Display: Loaded TP AllDesktopTargetPlatform
[2017.04.26-10.31.26:231][  0]LogTemp:Display: Loaded TP MacClientTargetPlatform
[2017.04.26-10.31.26:292][  0]LogTemp:Display: Loaded TP MacNoEditorTargetPlatform
[2017.04.26-10.31.26:354][  0]LogTemp:Display: Loaded TP MacServerTargetPlatform
[2017.04.26-10.31.26:425][  0]LogTemp:Display: Loaded TP MacTargetPlatform
[2017.04.26-10.31.26:487][  0]LogTemp:Display: Loaded TP WindowsClientTargetPlatform
[2017.04.26-10.31.26:549][  0]LogTemp:Display: Loaded TP WindowsNoEditorTargetPlatform
[2017.04.26-10.31.26:608][  0]LogTemp:Display: Loaded TP WindowsServerTargetPlatform
[2017.04.26-10.31.26:662][  0]LogTemp:Display: Loaded TP WindowsTargetPlatform
[2017.04.26-10.31.26:733][  0]LogTemp:Display: Loaded TP AndroidTargetPlatform
[2017.04.26-10.31.26:806][  0]LogTemp:Display: Loaded TP Android_ASTCTargetPlatform
[2017.04.26-10.31.26:873][  0]LogTemp:Display: Loaded TP Android_ATCTargetPlatform
[2017.04.26-10.31.26:934][  0]LogTemp:Display: Loaded TP Android_DXTTargetPlatform
[2017.04.26-10.31.26:997][  0]LogTemp:Display: Loaded TP Android_ETC1TargetPlatform
[2017.04.26-10.31.27:062][  0]LogTemp:Display: Loaded TP Android_ETC2TargetPlatform
[2017.04.26-10.31.27:189][  0]LogTemp:Display: Loaded TP Android_MultiTargetPlatform
[2017.04.26-10.31.27:189][  0]LogTemp:Display: Loaded TP Android_PVRTCTargetPlatform
[2017.04.26-10.31.27:231][  0]LogTemp:Display: Loaded TP HTML5TargetPlatform
[2017.04.26-10.31.27:333][  0]LogTemp:Display: Loaded TP IOSTargetPlatform
[2017.04.26-10.31.27:373][  0]LogTemp:Display: Loaded TP TVOSTargetPlatform
[2017.04.26-10.31.27:431][  0]LogTemp:Display: Loaded TP LinuxClientTargetPlatform
[2017.04.26-10.31.27:489][  0]LogTemp:Display: Loaded TP LinuxNoEditorTargetPlatform
[2017.04.26-10.31.27:548][  0]LogTemp:Display: Loaded TP LinuxServerTargetPlatform
[2017.04.26-10.31.27:606][  0]LogTemp:Display: Loaded TP LinuxTargetPlatform
[2017.04.26-10.31.27:606][  0]LogTargetPlatformManager:Display: Building Assets For Windows
[2017.04.26-10.31.28:092][  0]LogDerivedDataCache:Display: Max Cache Size: 512 MB
[2017.04.26-10.31.28:167][  0]LogDerivedDataCache: Loaded boot cache 0.08s 50MB C:/Users/jose_/AppData/Local/UnrealEngine/4.15/DerivedDataCache/Boot.ddc.
[2017.04.26-10.31.28:167][  0]LogDerivedDataCache:Display: Loaded Boot cache: C:/Users/jose_/AppData/Local/UnrealEngine/4.15/DerivedDataCache/Boot.ddc
[2017.04.26-10.31.28:167][  0]LogDerivedDataCache: FDerivedDataBackendGraph:  Pak pak cache file ../../../../../../Users/jose_/Documents/GitHub/LastBulletVR/LastBullet/DerivedDataCache/DDC.ddp not found, will not use a pak cache.
[2017.04.26-10.31.28:167][  0]LogDerivedDataCache: Unable to find inner node Pak for hierarchical cache Hierarchy.
[2017.04.26-10.31.28:167][  0]LogDerivedDataCache: FDerivedDataBackendGraph:  CompressedPak pak cache file ../../../../../../Users/jose_/Documents/GitHub/LastBulletVR/LastBullet/DerivedDataCache/Compressed.ddp not found, will not use a pak cache.
[2017.04.26-10.31.28:167][  0]LogDerivedDataCache: Unable to find inner node CompressedPak for hierarchical cache Hierarchy.
[2017.04.26-10.31.28:193][  0]LogDerivedDataCache:Display: Pak cache opened for reading ../../../Engine/DerivedDataCache/Compressed.ddp.
[2017.04.26-10.31.28:207][  0]LogDerivedDataCache: Using Local data cache path C:/Users/jose_/AppData/Local/UnrealEngine/Common/DerivedDataCache: Writable
[2017.04.26-10.31.28:219][  0]LogSlate: Using Freetype 2.6.0
[2017.04.26-10.31.28:219][  0]LogSlate: SlateFontCache - WITH_FREETYPE: 1, WITH_HARFBUZZ: 1
[2017.04.26-10.31.28:219][  0]LogSlate: SlateFontCache - WITH_FREETYPE: 1, WITH_HARFBUZZ: 1
[2017.04.26-10.31.28:548][  0]LogInit: Selected Device Profile: [Windows]
[2017.04.26-10.31.28:553][  0]LogContentStreaming: Texture pool size is 0.00 MB
[2017.04.26-10.31.28:806][  0]LogMeshUtilities: Using QuadricMeshReduction for automatic static mesh reduction
[2017.04.26-10.31.28:853][  0]LogSimplygon: Simplygon DLL not present - disabling.
[2017.04.26-10.31.28:904][  0]LogMeshUtilities: Using SimplygonSwarm for distributed automatic mesh merging
[2017.04.26-10.31.28:904][  0]LogMeshUtilities: No automatic skeletal mesh reduction module available
[2017.04.26-10.31.28:904][  0]LogMeshUtilities: No automatic mesh merging module available
[2017.04.26-10.31.29:589][  0]LogNetVersion: GetLocalNetworkVersion: CL: 3299760, ProjectName: lastbullet, ProjectVersion: , EngineNetworkVersion: 2, GameNetworkVersion: 0, NetworkChecksum: 1522868599
[2017.04.26-10.31.29:644][  0]LogAssetRegistry: FAssetRegistry took 0.0230 seconds to start up
[2017.04.26-10.31.29:690][  0]LogPackageLocalizationCache: Processed 3 localized package path(s) for 1 prioritized culture(s) in 0.017925 seconds
[2017.04.26-10.31.29:699][  0]LogUObjectArray: 32493 objects as part of root set at end of initial load.
[2017.04.26-10.31.29:699][  0]LogUObjectAllocator: 7077024 out of 0 bytes used by permanent object pool.
[2017.04.26-10.31.29:699][  0]LogUObjectArray: CloseDisregardForGC: 0/0 objects in disregard for GC pool
[2017.04.26-10.31.29:773][  0]LogInit: WinSock: version 1.1 (2.2), MaxSocks=32767, MaxUdp=65467
[2017.04.26-10.31.31:509][  0]LogTcpMessaging: Initializing TcpMessaging bridge
[2017.04.26-10.31.31:548][  0]LogUdpMessaging: Initializing bridge on interface 0.0.0.0:0 to multicast group 230.0.0.1:6666.
[2017.04.26-10.31.32:009][  0]LogMaterial: Uniform references updated for custom material expression Custom.
[2017.04.26-10.31.32:401][  0]SourceControl: Info Source control is disabled
[2017.04.26-10.31.32:401][  0]SourceControl: Info Source control is disabled
[2017.04.26-10.31.32:447][  0]SourceControl: Info Source control is disabled
[2017.04.26-10.31.32:495][  0]SourceControl: Info Source control is disabled
[2017.04.26-10.31.33:813][  0]LogEngine: Initializing Engine...
[2017.04.26-10.31.33:814][  0]LogHMD: Failed to initialize OpenVR with code 110
[2017.04.26-10.31.34:066][  0]LogAIModule: Creating AISystem for world Untitled
[2017.04.26-10.31.34:073][  0]LogInit: XAudio2 using 'Altavoces (Realtek High Definition Audio)' : 2 channels at 48 kHz using 32 bits per sample (channel mask 0x3)
[2017.04.26-10.31.34:217][  0]LogInit: FAudioDevice initialized.
[2017.04.26-10.31.34:257][  0]LogDerivedDataCache: Saved boot cache 0.04s 50MB C:/Users/jose_/AppData/Local/UnrealEngine/4.15/DerivedDataCache/Boot.ddc.
[2017.04.26-10.31.34:265][  0]LogInit: Texture streaming: Enabled
[2017.04.26-10.31.34:371][  0]LogEngineSessionManager: EngineSessionManager initialized
[2017.04.26-10.31.34:466][  0]LogInit: Transaction tracking system initialized
[2017.04.26-10.31.34:817][  0]BlueprintLog: New page: Editor Load
[2017.04.26-10.31.35:787][  0]LocalizationService: Info Localization service is disabled
[2017.04.26-10.31.36:601][  0]LogConsoleResponse:Display: 
[2017.04.26-10.31.36:768][  0]LogCook:Display: Max memory allowance for cook 16384mb min free memory 0mb
[2017.04.26-10.31.36:768][  0]LogCook:Display: Mobile HDR setting 1
[2017.04.26-10.31.37:152][  0]LogFileCache: Scanning file cache for directory 'C:/Users/jose_/Documents/GitHub/LastBulletVR/LastBullet/Content/' took 0.02s
[2017.04.26-10.31.37:891][  0]SourceControl: Info Source control is disabled
[2017.04.26-10.31.37:891][  0]Cmd: MAP LOAD FILE="../../../../../../Users/jose_/Documents/GitHub/LastBulletVR/LastBullet/Content/StarterContent/Maps/Minimal_Default.umap" TEMPLATE=0 SHOWPROGRESS=1 FEATURELEVEL=3
[2017.04.26-10.31.37:897][  0]LightingResults: New page: Lighting Build
[2017.04.26-10.31.37:938][  0]MapCheck: New page: Map Check
[2017.04.26-10.31.37:938][  0]LightingResults: New page: Lighting Build
[2017.04.26-10.31.37:959][  0]LogLinker:Warning: Asset '../../../../../../Users/jose_/Documents/GitHub/LastBulletVR/LastBullet/Content/Blueprints/modul_transporttransport_16_Blueprint.uasset' has been saved with empty engine version. The asset will be loaded but may be incompatible.
[2017.04.26-10.31.38:082][  0]LogBlueprint:Warning: Node '/Game/Blueprints/modul_transporttransport_16_Blueprint.modul_transporttransport_16_Blueprint:EdGraph_0.K2Node_FunctionEntry_359' missing NodeGuid because of upgrade from old package version, this can cause deterministic cooking issues please resave package.
[2017.04.26-10.31.38:086][  0]LogBlueprint:Warning: Node '/Game/Blueprints/modul_transporttransport_16_Blueprint.modul_transporttransport_16_Blueprint:EdGraph_1.K2Node_FunctionEntry_359' missing NodeGuid because of upgrade from old package version, this can cause deterministic cooking issues please resave package.
[2017.04.26-10.31.38:089][  0]LogBlueprint:Warning: Node '/Game/Blueprints/modul_transporttransport_16_Blueprint.modul_transporttransport_16_Blueprint:EdGraph_2.K2Node_FunctionEntry_359' missing NodeGuid because of upgrade from old package version, this can cause deterministic cooking issues please resave package.
[2017.04.26-10.31.39:444][  0]LogLinker:Warning: Asset '../../../../../../Users/jose_/Documents/GitHub/LastBulletVR/LastBullet/Content/Meshes/Space/StarMap_Nebula_1_Mat.uasset' has been saved with empty engine version. The asset will be loaded but may be incompatible.
[2017.04.26-10.31.39:451][  0]LogLinker:Warning: Asset '../../../../../../Users/jose_/Documents/GitHub/LastBulletVR/LastBullet/Content/Meshes/Space/StarMap_Nebula_1.uasset' has been saved with empty engine version. The asset will be loaded but may be incompatible.
[2017.04.26-10.31.39:490][  0]LogLinker:Warning: Asset '../../../../../../Users/jose_/Documents/GitHub/LastBulletVR/LastBullet/Content/Meshes/Space/FX_Map_7.uasset' has been saved with empty engine version. The asset will be loaded but may be incompatible.
[2017.04.26-10.31.39:497][  0]LogLinker:Warning: Asset '../../../../../../Users/jose_/Documents/GitHub/LastBulletVR/LastBullet/Content/Meshes/Space/StarMap_1.uasset' has been saved with empty engine version. The asset will be loaded but may be incompatible.
[2017.04.26-10.31.42:027][  0]LogBlueprint:Warning: Node '/Game/Blueprints/modul_transporttransport_16_Blueprint.modul_transporttransport_16_Blueprint:UserConstructionScript.K2Node_FunctionEntry_359' missing NodeGuid because of upgrade from old package version, this can cause deterministic cooking issues please resave package.
[2017.04.26-10.31.45:085][  0]LogAIModule: Creating AISystem for world Minimal_Default
[2017.04.26-10.31.45:164][  0]LogEditorServer: Finished looking for orphan Actors (0.000 secs)
[2017.04.26-10.31.45:167][  0]Cmd: MAP CHECKDEP NOCLEARLOG
[2017.04.26-10.31.45:282][  0]MapCheck: Info Map check complete: 0 Error(s), 0 Warning(s), took 114.496ms to complete.
[2017.04.26-10.31.45:282][  0]LogFileHelpers: Loading map 'Minimal_Default' took 7.391
[2017.04.26-10.31.45:555][  0]LogCollectionManager: Loaded 0 collections in 0.001424 seconds
[2017.04.26-10.31.45:662][  0]LogFileCache: Scanning file cache for directory 'C:/Users/jose_/Documents/GitHub/LastBulletVR/LastBullet/Saved/Collections/' took 0.01s
[2017.04.26-10.31.45:663][  0]LogFileCache: Scanning file cache for directory 'C:/Users/jose_/Documents/GitHub/LastBulletVR/LastBullet/Content/Developers/jose/Collections/' took 0.01s
[2017.04.26-10.31.45:663][  0]LogFileCache: Scanning file cache for directory 'C:/Users/jose_/Documents/GitHub/LastBulletVR/LastBullet/Content/Collections/' took 0.01s
[2017.04.26-10.31.45:663][  0]LogCollectionManager: Rebuilt the GUID cache for 0 collections in 0.000003 seconds
[2017.04.26-10.31.45:682][  0]LogContentBrowser: Native class hierarchy populated in 0.0158 seconds. Added 2245 classes and 453 folders.
[2017.04.26-10.31.45:693][  0]LogStats: UGameplayTagsManager::ConstructGameplayTagTree: Construct from data asset -  0.000 s
[2017.04.26-10.31.45:694][  0]LogStats: UGameplayTagsManager::ConstructGameplayTagTree: GameplayTagTreeChangedEvent.Broadcast -  0.000 s
[2017.04.26-10.31.45:807][  0]LogContentBrowser: Native class hierarchy updated for 'WidgetCarousel' in 0.0008 seconds. Added 0 classes and 0 folders.
[2017.04.26-10.31.46:239][  0]LogContentBrowser: Native class hierarchy updated for 'AddContentDialog' in 0.0005 seconds. Added 0 classes and 0 folders.
[2017.04.26-10.31.46:296][  0]LogContentBrowser: Native class hierarchy updated for 'SceneOutliner' in 0.0013 seconds. Added 1 classes and 2 folders.
[2017.04.26-10.31.46:567][  0]LogCrashTracker: Crashtracker disabled due to settings.
[2017.04.26-10.31.46:592][  0]LogUObjectGlobals:Warning: Failed to find object 'Class None.'
[2017.04.26-10.31.46:669][  0]LogContentBrowser: Native class hierarchy updated for 'HierarchicalLODOutliner' in 0.0007 seconds. Added 1 classes and 2 folders.
[2017.04.26-10.31.46:669][  0]LogLoad: (Engine Initialization) Total time: 27.28 seconds
[2017.04.26-10.31.46:670][  0]LogLoad: (Engine Initialization) Total Blueprint compile time: 0.24 seconds
[2017.04.26-10.31.46:670][  0]LogExternalProfiler: Found external profiler: VSPerf
[2017.04.26-10.31.46:670][  0]LogExternalProfiler: Using external profiler: VSPerf
[2017.04.26-10.31.47:010][  0]LogOcInput: OculusInput pre-init called
[2017.04.26-10.31.47:058][  0]LogContentStreaming: Texture pool size now 1000 MB
[2017.04.26-10.31.47:062][  0]LogSlate: Took 0.000282 seconds to synchronously load lazily loaded font '../../../Engine/Content/Slate/Fonts/Roboto-Regular.ttf' (155K)
[2017.04.26-10.31.47:068][  0]LogSlate: Took 0.000300 seconds to synchronously load lazily loaded font '../../../Engine/Content/Slate/Fonts/Roboto-Bold.ttf' (160K)
[2017.04.26-10.31.47:088][  0]LogSlate: Took 0.006239 seconds to synchronously load lazily loaded font '../../../Engine/Content/Editor/Slate/Fonts/FontAwesome.ttf' (139K)
[2017.04.26-10.31.47:370][  0]LogSlate: Took 0.005673 seconds to synchronously load lazily loaded font '../../../Engine/Content/Slate/Fonts/Roboto-Light.ttf' (159K)
[2017.04.26-10.31.47:451][  0]LogRenderer: Reallocating scene render targets to support 1208x576 NumSamples 1 (Frame:2).
[2017.04.26-10.31.47:891][  2]LogAssetRegistry: Asset discovery search completed in 18.2706 seconds
[2017.04.26-10.31.47:891][  2]LogCollectionManager: Rebuilt the object cache for 0 collections in 0.000011 seconds (found 0 objects)
[2017.04.26-10.31.47:891][  2]LogCollectionManager: Fixed up redirectors for 0 collections in 0.000024 seconds (updated 0 objects)
[2017.04.26-10.31.48:223][  3]LogSlate: Took 0.000228 seconds to synchronously load lazily loaded font '../../../Engine/Content/Slate/Fonts/Roboto-Light.ttf' (159K)
[2017.04.26-10.34.33:786][440]LogSlate: Took 0.000207 seconds to synchronously load lazily loaded font '../../../Engine/Content/Slate/Fonts/Roboto-Light.ttf' (159K)
[2017.04.26-10.34.34:418][440]LogSlate: Took 0.000144 seconds to synchronously load lazily loaded font '../../../Engine/Content/Slate/Fonts/Roboto-Regular.ttf' (155K)
[2017.04.26-10.34.34:587][440]LogContentBrowser: Native class hierarchy updated for 'BlueprintGraph' in 0.0010 seconds. Added 112 classes and 0 folders.
[2017.04.26-10.34.35:517][440]LogSlate: Took 0.004465 seconds to synchronously load lazily loaded font '../../../Engine/Content/Editor/Slate/Fonts/Roboto-BoldCondensed.ttf' (158K)
[2017.04.26-10.34.42:420][640]LogSlate: Took 0.015852 seconds to synchronously load lazily loaded font '../../../Engine/Content/Slate/Fonts/DroidSansFallback.ttf' (3848K)
[2017.04.26-10.38.39:263][697]BlueprintLog: New page: Compile HUD
[2017.04.26-10.38.40:734][707]Cmd: OBJ SAVEPACKAGE PACKAGE="/Game/FirstPersonBP/Maps/HUD" FILE="../../../../../../Users/jose_/Documents/GitHub/LastBulletVR/LastBullet/Content/FirstPersonBP/Maps/HUD.uasset" SILENT=true
[2017.04.26-10.38.40:798][707]LogSavePackage: Save=38.53ms
[2017.04.26-10.38.40:798][707]LogSavePackage: Moving '../../../../../../Users/jose_/Documents/GitHub/LastBulletVR/LastBullet/Saved/HUD3C8BF0BE42527B53A66EADAC70E1CA1A.tmp' to '../../../../../../Users/jose_/Documents/GitHub/LastBulletVR/LastBullet/Content/FirstPersonBP/Maps/HUD.uasset'
[2017.04.26-10.38.40:803][707]LogSavePackage:Display: Finished SavePackage ../../../../../../Users/jose_/Documents/GitHub/LastBulletVR/LastBullet/Content/FirstPersonBP/Maps/HUD.uasset
[2017.04.26-10.38.45:491][815]BlueprintLog: New page: Compile HUD
[2017.04.26-10.38.47:508][851]Cmd: OBJ SAVEPACKAGE PACKAGE="/Game/FirstPersonBP/Maps/HUD" FILE="../../../../../../Users/jose_/Documents/GitHub/LastBulletVR/LastBullet/Content/FirstPersonBP/Maps/HUD.uasset" SILENT=true
[2017.04.26-10.38.47:543][851]LogSavePackage: Save=29.01ms
[2017.04.26-10.38.47:543][851]LogSavePackage: Moving '../../../../../../Users/jose_/Documents/GitHub/LastBulletVR/LastBullet/Saved/HUDB8BA878F4AA2FC8AE56527B1FE06FFFD.tmp' to '../../../../../../Users/jose_/Documents/GitHub/LastBulletVR/LastBullet/Content/FirstPersonBP/Maps/HUD.uasset'
[2017.04.26-10.38.47:548][851]LogSavePackage:Display: Finished SavePackage ../../../../../../Users/jose_/Documents/GitHub/LastBulletVR/LastBullet/Content/FirstPersonBP/Maps/HUD.uasset
[2017.04.26-10.38.51:753][950]LogAIModule: Creating AISystem for world Pepelu
[2017.04.26-10.38.51:830][950]Cmd: MAP LOAD FILE="../../../../../../Users/jose_/Documents/GitHub/LastBulletVR/LastBullet/Content/FirstPersonBP/Maps/Pepelu.umap" TEMPLATE=0 SHOWPROGRESS=1 FEATURELEVEL=3
[2017.04.26-10.38.51:830][950]LightingResults: New page: Lighting Build
[2017.04.26-10.38.51:831][950]LoadErrors: New page: Loading map: Pepelu.umap
[2017.04.26-10.38.51:834][950]MapCheck: New page: Map Check
[2017.04.26-10.38.51:834][950]LightingResults: New page: Lighting Build
[2017.04.26-10.38.51:946][950]LogEditorServer: Finished looking for orphan Actors (0.000 secs)
[2017.04.26-10.38.51:987][950]Cmd: MAP CHECKDEP NOCLEARLOG
[2017.04.26-10.38.52:070][950]MapCheck: Info Map check complete: 0 Error(s), 0 Warning(s), took 83.423ms to complete.
[2017.04.26-10.38.52:071][950]LogFileHelpers: Loading map 'Pepelu' took 0.244
[2017.04.26-10.39.00:772][ 24]LogTemp: Repeting last play command: Selected Viewport
[2017.04.26-10.39.01:164][ 24]LogBlueprintUserMessages: Early PlayInEditor Detection: Level '/Game/FirstPersonBP/Maps/Pepelu.Pepelu:PersistentLevel' has LevelScriptBlueprint '/Game/FirstPersonBP/Maps/Pepelu.Pepelu:PersistentLevel.Pepelu' with GeneratedClass '/Game/FirstPersonBP/Maps/Pepelu.Pepelu_C' with ClassGeneratedBy '/Game/FirstPersonBP/Maps/Pepelu.Pepelu:PersistentLevel.Pepelu'
[2017.04.26-10.39.01:165][ 24]LogPlayLevel: PlayLevel: No blueprints needed recompiling
[2017.04.26-10.39.01:170][ 24]PIE: New page: PIE session: Pepelu (Apr 26, 2017, 2:39:01 PM)
[2017.04.26-10.39.01:171][ 24]LogPlayLevel: Creating play world package: /Game/FirstPersonBP/Maps/UEDPIE_0_Pepelu
[2017.04.26-10.39.01:205][ 24]LogPlayLevel: PIE: StaticDuplicateObject took: (0.033052s)
[2017.04.26-10.39.01:206][ 24]LogAIModule: Creating AISystem for world Pepelu
[2017.04.26-10.39.01:208][ 24]LogPlayLevel: PIE: World Init took: (0.002519s)
[2017.04.26-10.39.01:208][ 24]LogPlayLevel: PIE: Created PIE world by copying editor world from /Game/FirstPersonBP/Maps/Pepelu.Pepelu to /Game/FirstPersonBP/Maps/UEDPIE_0_Pepelu.Pepelu (0.036942s)
[2017.04.26-10.39.01:229][ 24]LogInit: XAudio2 using 'Altavoces (Realtek High Definition Audio)' : 2 channels at 48 kHz using 32 bits per sample (channel mask 0x3)
[2017.04.26-10.39.01:267][ 24]LogInit: FAudioDevice initialized.
[2017.04.26-10.39.01:340][ 24]LogLoad: Game class is 'FirstPersonGameMode_C'
[2017.04.26-10.39.01:344][ 24]LogWorld: Bringing World /Game/FirstPersonBP/Maps/UEDPIE_0_Pepelu.Pepelu up for play (max tick rate 0) at 2017.04.26-12.39.01
[2017.04.26-10.39.01:350][ 24]LogWorld: Bringing up level for play took: 0.007720
[2017.04.26-10.39.02:134][ 24]LogContentBrowser: Native class hierarchy updated for 'MovieSceneCapture' in 0.0005 seconds. Added 11 classes and 0 folders.
[2017.04.26-10.39.02:144][ 24]PIE: Info Play in editor start time for /Game/FirstPersonBP/Maps/UEDPIE_0_Pepelu 0.971
[2017.04.26-10.39.02:144][ 24]LogBlueprintUserMessages: Late PlayInEditor Detection: Level '/Game/FirstPersonBP/Maps/Pepelu.Pepelu:PersistentLevel' has LevelScriptBlueprint '/Game/FirstPersonBP/Maps/Pepelu.Pepelu:PersistentLevel.Pepelu' with GeneratedClass '/Game/FirstPersonBP/Maps/Pepelu.Pepelu_C' with ClassGeneratedBy '/Game/FirstPersonBP/Maps/Pepelu.Pepelu:PersistentLevel.Pepelu'
[2017.04.26-10.39.02:219][ 25]LogCharacterMovement:Warning: GetSimulationTimeStep() - Max iterations 8 hit while remaining time 0.086787 > MaxSimulationTimeStep (0.050) for 'FirstPersonCharacter_C_1', movement 'Walking'
[2017.04.26-10.39.07:612][188]LogBlueprintUserMessages: Early EndPlayMap Detection: Level '/Game/FirstPersonBP/Maps/Pepelu.Pepelu:PersistentLevel' has LevelScriptBlueprint '/Game/FirstPersonBP/Maps/Pepelu.Pepelu:PersistentLevel.Pepelu' with GeneratedClass '/Game/FirstPersonBP/Maps/Pepelu.Pepelu_C' with ClassGeneratedBy '/Game/FirstPersonBP/Maps/Pepelu.Pepelu:PersistentLevel.Pepelu'
[2017.04.26-10.39.07:691][188]LogBlueprintUserMessages: Late EndPlayMap Detection: Level '/Game/FirstPersonBP/Maps/Pepelu.Pepelu:PersistentLevel' has LevelScriptBlueprint '/Game/FirstPersonBP/Maps/Pepelu.Pepelu:PersistentLevel.Pepelu' with GeneratedClass '/Game/FirstPersonBP/Maps/Pepelu.Pepelu_C' with ClassGeneratedBy '/Game/FirstPersonBP/Maps/Pepelu.Pepelu:PersistentLevel.Pepelu'
[2017.04.26-10.39.15:659][346]LogSlate: Took 0.004540 seconds to synchronously load lazily loaded font '../../../Engine/Content/Editor/Slate/Fonts/Roboto-Italic.ttf' (157K)
[2017.04.26-10.39.44:633][726]BlueprintLog: New page: Compile FirstPersonCharacter
[2017.04.26-10.39.44:979][726]BlueprintEditorCompileResults: Info The execution path doesn't end with a return node.  Cast Failed
[2017.04.26-10.39.44:979][726]BlueprintEditorCompileResults: Info The execution path doesn't end with a return node.  False
[2017.04.26-10.39.44:979][726]BlueprintEditorCompileResults: Info The execution path doesn't end with a return node.  False
[2017.04.26-10.39.46:882][738]LogSavePackage: Save=119.04ms
[2017.04.26-10.39.46:882][738]LogSavePackage: Moving '../../../../../../Users/jose_/Documents/GitHub/LastBulletVR/LastBullet/Saved/FirstPersonCharacterC3922042474151CEB287F9ABA8C148C8.tmp' to '../../../../../../Users/jose_/Documents/GitHub/LastBulletVR/LastBullet/Content/FirstPersonBP/Blueprints/FirstPersonCharacter.uasset'
[2017.04.26-10.39.46:886][738]LogSavePackage:Display: Finished SavePackage ../../../../../../Users/jose_/Documents/GitHub/LastBulletVR/LastBullet/Content/FirstPersonBP/Blueprints/FirstPersonCharacter.uasset
[2017.04.26-10.39.54:832][854]BlueprintLog: New page: Compile HUD
[2017.04.26-10.39.57:133][876]Cmd: OBJ SAVEPACKAGE PACKAGE="/Game/FirstPersonBP/Maps/HUD" FILE="../../../../../../Users/jose_/Documents/GitHub/LastBulletVR/LastBullet/Content/FirstPersonBP/Maps/HUD.uasset" SILENT=true
[2017.04.26-10.39.57:166][876]LogSavePackage: Save=27.55ms
[2017.04.26-10.39.57:167][876]LogSavePackage: Moving '../../../../../../Users/jose_/Documents/GitHub/LastBulletVR/LastBullet/Saved/HUD851F31BE42591DC413965D9CE4A084EB.tmp' to '../../../../../../Users/jose_/Documents/GitHub/LastBulletVR/LastBullet/Content/FirstPersonBP/Maps/HUD.uasset'
[2017.04.26-10.39.57:170][876]LogSavePackage:Display: Finished SavePackage ../../../../../../Users/jose_/Documents/GitHub/LastBulletVR/LastBullet/Content/FirstPersonBP/Maps/HUD.uasset
[2017.04.26-10.40.00:031][928]LogTemp: Repeting last play command: Selected Viewport
[2017.04.26-10.40.00:059][928]LogBlueprintUserMessages: Early PlayInEditor Detection: Level '/Game/FirstPersonBP/Maps/Pepelu.Pepelu:PersistentLevel' has LevelScriptBlueprint '/Game/FirstPersonBP/Maps/Pepelu.Pepelu:PersistentLevel.Pepelu' with GeneratedClass '/Game/FirstPersonBP/Maps/Pepelu.Pepelu_C' with ClassGeneratedBy '/Game/FirstPersonBP/Maps/Pepelu.Pepelu:PersistentLevel.Pepelu'
[2017.04.26-10.40.00:059][928]LogPlayLevel: PlayLevel: No blueprints needed recompiling
[2017.04.26-10.40.00:059][928]PIE: New page: PIE session: Pepelu (Apr 26, 2017, 2:40:00 PM)
[2017.04.26-10.40.00:059][928]LogPlayLevel: Creating play world package: /Game/FirstPersonBP/Maps/UEDPIE_0_Pepelu
[2017.04.26-10.40.00:085][928]LogPlayLevel: PIE: StaticDuplicateObject took: (0.026354s)
[2017.04.26-10.40.00:086][928]LogAIModule: Creating AISystem for world Pepelu
[2017.04.26-10.40.00:086][928]LogPlayLevel: PIE: World Init took: (0.000801s)
[2017.04.26-10.40.00:086][928]LogPlayLevel: PIE: Created PIE world by copying editor world from /Game/FirstPersonBP/Maps/Pepelu.Pepelu to /Game/FirstPersonBP/Maps/UEDPIE_0_Pepelu.Pepelu (0.027435s)
[2017.04.26-10.40.00:130][928]LogInit: XAudio2 using 'Altavoces (Realtek High Definition Audio)' : 2 channels at 48 kHz using 32 bits per sample (channel mask 0x3)
[2017.04.26-10.40.00:168][928]LogInit: FAudioDevice initialized.
[2017.04.26-10.40.00:205][928]LogLoad: Game class is 'FirstPersonGameMode_C'
[2017.04.26-10.40.00:208][928]LogWorld: Bringing World /Game/FirstPersonBP/Maps/UEDPIE_0_Pepelu.Pepelu up for play (max tick rate 0) at 2017.04.26-12.40.00
[2017.04.26-10.40.00:209][928]LogWorld: Bringing up level for play took: 0.002132
[2017.04.26-10.40.00:215][928]PIE: Info Play in editor start time for /Game/FirstPersonBP/Maps/UEDPIE_0_Pepelu 1.042
[2017.04.26-10.40.00:216][928]LogBlueprintUserMessages: Late PlayInEditor Detection: Level '/Game/FirstPersonBP/Maps/Pepelu.Pepelu:PersistentLevel' has LevelScriptBlueprint '/Game/FirstPersonBP/Maps/Pepelu.Pepelu:PersistentLevel.Pepelu' with GeneratedClass '/Game/FirstPersonBP/Maps/Pepelu.Pepelu_C' with ClassGeneratedBy '/Game/FirstPersonBP/Maps/Pepelu.Pepelu:PersistentLevel.Pepelu'
[2017.04.26-10.40.02:350][991]LogBlueprintUserMessages: Early EndPlayMap Detection: Level '/Game/FirstPersonBP/Maps/Pepelu.Pepelu:PersistentLevel' has LevelScriptBlueprint '/Game/FirstPersonBP/Maps/Pepelu.Pepelu:PersistentLevel.Pepelu' with GeneratedClass '/Game/FirstPersonBP/Maps/Pepelu.Pepelu_C' with ClassGeneratedBy '/Game/FirstPersonBP/Maps/Pepelu.Pepelu:PersistentLevel.Pepelu'
[2017.04.26-10.40.02:417][991]LogBlueprintUserMessages: Late EndPlayMap Detection: Level '/Game/FirstPersonBP/Maps/Pepelu.Pepelu:PersistentLevel' has LevelScriptBlueprint '/Game/FirstPersonBP/Maps/Pepelu.Pepelu:PersistentLevel.Pepelu' with GeneratedClass '/Game/FirstPersonBP/Maps/Pepelu.Pepelu_C' with ClassGeneratedBy '/Game/FirstPersonBP/Maps/Pepelu.Pepelu:PersistentLevel.Pepelu'
[2017.04.26-10.40.21:178][284]LogTemp: Repeting last play command: Selected Viewport
[2017.04.26-10.40.21:198][284]LogBlueprintUserMessages: Early PlayInEditor Detection: Level '/Game/FirstPersonBP/Maps/Pepelu.Pepelu:PersistentLevel' has LevelScriptBlueprint '/Game/FirstPersonBP/Maps/Pepelu.Pepelu:PersistentLevel.Pepelu' with GeneratedClass '/Game/FirstPersonBP/Maps/Pepelu.Pepelu_C' with ClassGeneratedBy '/Game/FirstPersonBP/Maps/Pepelu.Pepelu:PersistentLevel.Pepelu'
[2017.04.26-10.40.21:198][284]LogPlayLevel: PlayLevel: No blueprints needed recompiling
[2017.04.26-10.40.21:198][284]PIE: New page: PIE session: Pepelu (Apr 26, 2017, 2:40:21 PM)
[2017.04.26-10.40.21:198][284]LogPlayLevel: Creating play world package: /Game/FirstPersonBP/Maps/UEDPIE_0_Pepelu
[2017.04.26-10.40.21:224][284]LogPlayLevel: PIE: StaticDuplicateObject took: (0.025528s)
[2017.04.26-10.40.21:224][284]LogAIModule: Creating AISystem for world Pepelu
[2017.04.26-10.40.21:224][284]LogPlayLevel: PIE: World Init took: (0.000891s)
[2017.04.26-10.40.21:224][284]LogPlayLevel: PIE: Created PIE world by copying editor world from /Game/FirstPersonBP/Maps/Pepelu.Pepelu to /Game/FirstPersonBP/Maps/UEDPIE_0_Pepelu.Pepelu (0.026641s)
[2017.04.26-10.40.21:243][284]LogInit: XAudio2 using 'Altavoces (Realtek High Definition Audio)' : 2 channels at 48 kHz using 32 bits per sample (channel mask 0x3)
[2017.04.26-10.40.21:293][284]LogInit: FAudioDevice initialized.
[2017.04.26-10.40.21:328][284]LogLoad: Game class is 'FirstPersonGameMode_C'
[2017.04.26-10.40.21:331][284]LogWorld: Bringing World /Game/FirstPersonBP/Maps/UEDPIE_0_Pepelu.Pepelu up for play (max tick rate 0) at 2017.04.26-12.40.21
[2017.04.26-10.40.21:332][284]LogWorld: Bringing up level for play took: 0.001963
[2017.04.26-10.40.21:333][284]PIE: Info Play in editor start time for /Game/FirstPersonBP/Maps/UEDPIE_0_Pepelu 0.16
[2017.04.26-10.40.21:333][284]LogBlueprintUserMessages: Late PlayInEditor Detection: Level '/Game/FirstPersonBP/Maps/Pepelu.Pepelu:PersistentLevel' has LevelScriptBlueprint '/Game/FirstPersonBP/Maps/Pepelu.Pepelu:PersistentLevel.Pepelu' with GeneratedClass '/Game/FirstPersonBP/Maps/Pepelu.Pepelu_C' with ClassGeneratedBy '/Game/FirstPersonBP/Maps/Pepelu.Pepelu:PersistentLevel.Pepelu'
[2017.04.26-10.40.25:598][412]LogBlueprintUserMessages: Early EndPlayMap Detection: Level '/Game/FirstPersonBP/Maps/Pepelu.Pepelu:PersistentLevel' has LevelScriptBlueprint '/Game/FirstPersonBP/Maps/Pepelu.Pepelu:PersistentLevel.Pepelu' with GeneratedClass '/Game/FirstPersonBP/Maps/Pepelu.Pepelu_C' with ClassGeneratedBy '/Game/FirstPersonBP/Maps/Pepelu.Pepelu:PersistentLevel.Pepelu'
[2017.04.26-10.40.25:677][412]LogBlueprintUserMessages: Late EndPlayMap Detection: Level '/Game/FirstPersonBP/Maps/Pepelu.Pepelu:PersistentLevel' has LevelScriptBlueprint '/Game/FirstPersonBP/Maps/Pepelu.Pepelu:PersistentLevel.Pepelu' with GeneratedClass '/Game/FirstPersonBP/Maps/Pepelu.Pepelu_C' with ClassGeneratedBy '/Game/FirstPersonBP/Maps/Pepelu.Pepelu:PersistentLevel.Pepelu'
[2017.04.26-10.40.38:110][633]BlueprintLog: New page: Compile HUD
[2017.04.26-10.40.40:977][664]Cmd: OBJ SAVEPACKAGE PACKAGE="/Game/FirstPersonBP/Maps/HUD" FILE="../../../../../../Users/jose_/Documents/GitHub/LastBulletVR/LastBullet/Content/FirstPersonBP/Maps/HUD.uasset" SILENT=true
[2017.04.26-10.40.41:013][664]LogSavePackage: Save=27.40ms
[2017.04.26-10.40.41:013][664]LogSavePackage: Moving '../../../../../../Users/jose_/Documents/GitHub/LastBulletVR/LastBullet/Saved/HUD7B0C83684E1327F596F9D5BB90E1005E.tmp' to '../../../../../../Users/jose_/Documents/GitHub/LastBulletVR/LastBullet/Content/FirstPersonBP/Maps/HUD.uasset'
[2017.04.26-10.40.41:015][664]LogSavePackage:Display: Finished SavePackage ../../../../../../Users/jose_/Documents/GitHub/LastBulletVR/LastBullet/Content/FirstPersonBP/Maps/HUD.uasset
[2017.04.26-10.48.02:087][257]LogD3D11RHI: Timed out while waiting for GPU to catch up. (0.5 s)
[2017.04.26-10.48.02:590][258]LogD3D11RHI: Timed out while waiting for GPU to catch up. (0.5 s)
[2017.04.26-10.48.04:279][263]LogD3D11RHI: Timed out while waiting for GPU to catch up. (0.5 s)
[2017.04.26-10.48.04:781][264]LogD3D11RHI: Timed out while waiting for GPU to catch up. (0.5 s)
[2017.04.26-10.48.07:107][269]LogD3D11RHI: Timed out while waiting for GPU to catch up. (0.5 s)
[2017.04.26-10.48.07:609][270]LogD3D11RHI: Timed out while waiting for GPU to catch up. (0.5 s)
[2017.04.26-10.48.09:962][275]LogD3D11RHI: Timed out while waiting for GPU to catch up. (0.5 s)
[2017.04.26-10.48.10:465][276]LogD3D11RHI: Timed out while waiting for GPU to catch up. (0.5 s)
[2017.04.26-10.48.12:923][281]LogD3D11RHI: Timed out while waiting for GPU to catch up. (0.5 s)
[2017.04.26-10.48.13:425][282]LogD3D11RHI: Timed out while waiting for GPU to catch up. (0.5 s)
[2017.04.26-10.48.15:965][287]LogD3D11RHI: Timed out while waiting for GPU to catch up. (0.5 s)
[2017.04.26-10.48.16:468][288]LogD3D11RHI: Timed out while waiting for GPU to catch up. (0.5 s)
[2017.04.26-10.48.28:262][304]LogSavePackage: Save=159.24ms
[2017.04.26-10.48.28:263][304]LogSavePackage: Moving '../../../../../../Users/jose_/Documents/GitHub/LastBulletVR/LastBullet/Saved/Pepelu8938182A455105ED46697DA5B0816361.tmp' to '../../../../../../Users/jose_/Documents/GitHub/LastBulletVR/LastBullet/Content/FirstPersonBP/Maps/Pepelu.umap'
[2017.04.26-10.48.28:268][304]LogSavePackage:Display: Finished SavePackage ../../../../../../Users/jose_/Documents/GitHub/LastBulletVR/LastBullet/Content/FirstPersonBP/Maps/Pepelu.umap
[2017.04.26-10.48.28:311][304]LogFileHelpers: Saving map 'Pepelu' took 1.164
[2017.04.26-10.48.28:420][304]LogWindowsTextInputMethodSystem:Display: IME system now deactivated.
[2017.04.26-10.48.28:420][304]LogWindowsTextInputMethodSystem:Display: IME system now deactivated.
[2017.04.26-10.48.28:673][305]Cmd: QUIT_EDITOR
[2017.04.26-10.48.29:054][305]LogExit: Preparing to exit.
[2017.04.26-10.48.29:955][305]LogDirectoryWatcher: A directory notification for 'C:/Users/jose_/Documents/GitHub/LastBulletVR/LastBullet/Content/' was aborted.
[2017.04.26-10.48.30:025][305]LogExit: Editor shut down
[2017.04.26-10.48.30:025][305]LogExit: Transaction tracking system shut down
[2017.04.26-10.48.30:210][305]LogObj: Freed 0b from 0 cluster array pools.
[2017.04.26-10.48.30:211][305]LogExit: Object subsystem successfully closed.
[2017.04.26-10.48.30:237][305]LogD3D11RHI: Shutdown
[2017.04.26-10.48.30:237][305]LogD3D11RHI: CleanupD3DDevice
[2017.04.26-10.48.30:365][305]LogD3D11RHI: ~FD3D11DynamicRHI
[2017.04.26-10.48.30:403][305]LogModuleManager: Shutting down and abandoning module MovieSceneCapture (506)
[2017.04.26-10.48.30:403][305]LogModuleManager: Shutting down and abandoning module SequencerWidgets (504)
[2017.04.26-10.48.30:403][305]LogModuleManager: Shutting down and abandoning module BlueprintGraph (502)
[2017.04.26-10.48.30:403][305]LogModuleManager: Shutting down and abandoning module BlueprintProfiler (500)
[2017.04.26-10.48.30:405][305]LogModuleManager: Shutting down and abandoning module HierarchicalLODOutliner (498)
[2017.04.26-10.48.30:405][305]LogModuleManager: Shutting down and abandoning module CrashTracker (496)
[2017.04.26-10.48.30:405][305]LogModuleManager: Shutting down and abandoning module SceneOutliner (494)
[2017.04.26-10.48.30:405][305]LogModuleManager: Shutting down and abandoning module AddContentDialog (492)
[2017.04.26-10.48.30:406][305]LogDirectoryWatcher: A directory notification for 'C:/Program Files/Epic Games/UE_4.15/FeaturePacks/' was aborted.
[2017.04.26-10.48.30:408][305]LogModuleManager: Shutting down and abandoning module WidgetCarousel (491)
[2017.04.26-10.48.30:408][305]LogModuleManager: Shutting down and abandoning module EditorWidgets (488)
[2017.04.26-10.48.30:408][305]LogModuleManager: Shutting down and abandoning module CollectionManager (486)
[2017.04.26-10.48.30:408][305]LogDirectoryWatcher: A directory notification for 'C:/Users/jose_/Documents/GitHub/LastBulletVR/LastBullet/Content/Collections/' was aborted.
[2017.04.26-10.48.30:408][305]LogDirectoryWatcher: A directory notification for 'C:/Users/jose_/Documents/GitHub/LastBulletVR/LastBullet/Content/Developers/jose/Collections/' was aborted.
[2017.04.26-10.48.30:408][305]LogDirectoryWatcher: A directory notification for 'C:/Users/jose_/Documents/GitHub/LastBulletVR/LastBullet/Saved/Collections/' was aborted.
[2017.04.26-10.48.30:408][305]LogModuleManager: Shutting down and abandoning module StatsViewer (484)
[2017.04.26-10.48.30:409][305]LogModuleManager: Shutting down and abandoning module FoliageEdit (482)
[2017.04.26-10.48.30:409][305]LogModuleManager: Shutting down and abandoning module LandscapeEditor (480)
[2017.04.26-10.48.30:409][305]LogModuleManager: Shutting down and abandoning module SceneDepthPickerMode (478)
[2017.04.26-10.48.30:409][305]LogModuleManager: Shutting down and abandoning module ActorPickerMode (476)
[2017.04.26-10.48.30:409][305]LogModuleManager: Shutting down and abandoning module GeometryMode (474)
[2017.04.26-10.48.30:409][305]LogModuleManager: Shutting down and abandoning module TextureAlignMode (472)
[2017.04.26-10.48.30:409][305]LogModuleManager: Shutting down and abandoning module BspMode (470)
[2017.04.26-10.48.30:410][305]LogModuleManager: Shutting down and abandoning module HardwareSurvey (468)
[2017.04.26-10.48.30:410][305]LogModuleManager: Shutting down and abandoning module SequenceRecorderSections (466)
[2017.04.26-10.48.30:410][305]LogModuleManager: Shutting down and abandoning module AutomationWorker (464)
[2017.04.26-10.48.30:411][305]LogModuleManager: Shutting down and abandoning module MatineeToLevelSequence (462)
[2017.04.26-10.48.30:411][305]LogModuleManager: Shutting down and abandoning module LevelSequenceEditor (460)
[2017.04.26-10.48.30:413][305]LogModuleManager: Shutting down and abandoning module PlacementMode (459)
[2017.04.26-10.48.30:413][305]LogModuleManager: Shutting down and abandoning module WmfMediaFactory (456)
[2017.04.26-10.48.30:413][305]LogModuleManager: Shutting down and abandoning module WmfMediaEditor (454)
[2017.04.26-10.48.30:413][305]LogModuleManager: Shutting down and abandoning module MfMediaFactory (452)
[2017.04.26-10.48.30:413][305]LogModuleManager: Shutting down and abandoning module MfMediaEditor (450)
[2017.04.26-10.48.30:413][305]LogModuleManager: Shutting down and abandoning module AvfMediaFactory (448)
[2017.04.26-10.48.30:413][305]LogModuleManager: Shutting down and abandoning module AvfMediaEditor (446)
[2017.04.26-10.48.30:413][305]LogModuleManager: Shutting down and abandoning module AndroidMediaFactory (444)
[2017.04.26-10.48.30:413][305]LogModuleManager: Shutting down and abandoning module Media (443)
[2017.04.26-10.48.30:413][305]LogModuleManager: Shutting down and abandoning module AndroidMediaEditor (440)
[2017.04.26-10.48.30:413][305]LogModuleManager: Shutting down and abandoning module CharacterAI (438)
[2017.04.26-10.48.30:413][305]LogModuleManager: Shutting down and abandoning module AudioCapture (436)
[2017.04.26-10.48.30:414][305]LogModuleManager: Shutting down and abandoning module SequenceRecorder (435)
[2017.04.26-10.48.30:415][305]LogModuleManager: Shutting down and abandoning module SmartSnapping (432)
[2017.04.26-10.48.30:415][305]LogModuleManager: Shutting down and abandoning module SessionServices (430)
[2017.04.26-10.48.30:415][305]LogModuleManager: Shutting down and abandoning module ViewportSnapping (428)
[2017.04.26-10.48.30:415][305]LogModuleManager: Shutting down and abandoning module ViewportInteraction (426)
[2017.04.26-10.48.30:415][305]LogModuleManager: Shutting down and abandoning module LogVisualizer (424)
[2017.04.26-10.48.30:417][305]LogModuleManager: Shutting down and abandoning module IntroTutorials (422)
[2017.04.26-10.48.30:417][305]LogModuleManager: Shutting down and abandoning module GameProjectGeneration (421)
[2017.04.26-10.48.30:418][305]LogModuleManager: Shutting down and abandoning module EditorLiveStreaming (418)
[2017.04.26-10.48.30:418][305]LogModuleManager: Shutting down and abandoning module IOSPlatformEditor (416)
[2017.04.26-10.48.30:419][305]LogModuleManager: Shutting down and abandoning module HTML5PlatformEditor (414)
[2017.04.26-10.48.30:419][305]LogModuleManager: Shutting down and abandoning module AndroidPlatformEditor (412)
[2017.04.26-10.48.30:419][305]LogModuleManager: Shutting down and abandoning module AndroidDeviceDetection (411)
[2017.04.26-10.48.30:548][305]LogModuleManager: Shutting down and abandoning module IOSRuntimeSettings (408)
[2017.04.26-10.48.30:548][305]LogModuleManager: Shutting down and abandoning module AndroidRuntimeSettings (406)
[2017.04.26-10.48.30:548][305]LogModuleManager: Shutting down and abandoning module InputBindingEditor (404)
[2017.04.26-10.48.30:549][305]LogModuleManager: Shutting down and abandoning module NiagaraEditor (402)
[2017.04.26-10.48.30:551][305]LogModuleManager: Shutting down and abandoning module MergeActors (400)
[2017.04.26-10.48.30:551][305]LogModuleManager: Shutting down and abandoning module SizeMap (398)
[2017.04.26-10.48.30:552][305]LogModuleManager: Shutting down and abandoning module TreeMap (396)
[2017.04.26-10.48.30:552][305]LogModuleManager: Shutting down and abandoning module ReferenceViewer (394)
[2017.04.26-10.48.30:552][305]LogModuleManager: Shutting down and abandoning module LocalizationDashboard (392)
[2017.04.26-10.48.30:553][305]LogModuleManager: Shutting down and abandoning module LocalizationService (391)
[2017.04.26-10.48.30:554][305]LogModuleManager: Shutting down and abandoning module HardwareTargeting (388)
[2017.04.26-10.48.30:554][305]LogModuleManager: Shutting down and abandoning module DeviceProfileEditor (386)
[2017.04.26-10.48.30:554][305]LogModuleManager: Shutting down and abandoning module UndoHistory (384)
[2017.04.26-10.48.30:555][305]LogModuleManager: Shutting down and abandoning module UserFeedback (382)
[2017.04.26-10.48.30:555][305]LogModuleManager: Shutting down and abandoning module XmlParser (380)
[2017.04.26-10.48.30:555][305]LogModuleManager: Shutting down and abandoning module Blutility (378)
[2017.04.26-10.48.30:555][305]LogModuleManager: Shutting down and abandoning module ProjectSettingsViewer (376)
[2017.04.26-10.48.30:555][305]LogModuleManager: Shutting down and abandoning module ProjectTargetPlatformEditor (375)
[2017.04.26-10.48.30:555][305]LogModuleManager: Shutting down and abandoning module EditorSettingsViewer (372)
[2017.04.26-10.48.30:555][305]LogModuleManager: Shutting down and abandoning module SettingsEditor (370)
[2017.04.26-10.48.30:556][305]LogModuleManager: Shutting down and abandoning module ProjectLauncher (368)
[2017.04.26-10.48.30:557][305]LogModuleManager: Shutting down and abandoning module SessionFrontend (366)
[2017.04.26-10.48.30:557][305]LogModuleManager: Shutting down and abandoning module ProfilerClient (364)
[2017.04.26-10.48.30:558][305]LogModuleManager: Shutting down and abandoning module DeviceManager (362)
[2017.04.26-10.48.30:559][305]LogModuleManager: Shutting down and abandoning module TargetDeviceServices (361)
[2017.04.26-10.48.30:601][305]LogModuleManager: Shutting down and abandoning module AutomationController (358)
[2017.04.26-10.48.30:602][305]LogModuleManager: Shutting down and abandoning module AutomationWindow (356)
[2017.04.26-10.48.30:603][305]LogModuleManager: Shutting down and abandoning module Layers (354)
[2017.04.26-10.48.30:604][305]LogModuleManager: Shutting down and abandoning module ComponentVisualizers (352)
[2017.04.26-10.48.30:604][305]LogModuleManager: Shutting down and abandoning module DetailCustomizations (350)
[2017.04.26-10.48.30:605][305]LogModuleManager: Shutting down and abandoning module PackagesDialog (348)
[2017.04.26-10.48.30:605][305]LogModuleManager: Shutting down and abandoning module Persona (346)
[2017.04.26-10.48.30:606][305]LogModuleManager: Shutting down and abandoning module AnimGraph (345)
[2017.04.26-10.48.30:606][305]LogModuleManager: Shutting down and abandoning module Kismet (342)
[2017.04.26-10.48.30:613][305]LogModuleManager: Shutting down and abandoning module GraphEditor (340)
[2017.04.26-10.48.30:613][305]LogModuleManager: Shutting down and abandoning module ClassViewer (338)
[2017.04.26-10.48.30:614][305]LogModuleManager: Shutting down and abandoning module Toolbox (336)
[2017.04.26-10.48.30:614][305]LogModuleManager: Shutting down and abandoning module ModuleUI (334)
[2017.04.26-10.48.30:614][305]LogModuleManager: Shutting down and abandoning module MovieSceneTools (332)
[2017.04.26-10.48.30:615][305]LogModuleManager: Shutting down and abandoning module OutputLog (330)
[2017.04.26-10.48.30:615][305]LogModuleManager: Shutting down and abandoning module GammaUI (328)
[2017.04.26-10.48.30:615][305]LogModuleManager: Shutting down and abandoning module Documentation (326)
[2017.04.26-10.48.30:616][305]LogModuleManager: Shutting down and abandoning module Niagara (324)
[2017.04.26-10.48.30:616][305]LogModuleManager: Shutting down and abandoning module StreamingPauseRendering (322)
[2017.04.26-10.48.30:616][305]LogModuleManager: Shutting down and abandoning module AnalyticsET (320)
[2017.04.26-10.48.30:616][305]LogModuleManager: Shutting down and abandoning module PortalServices (318)
[2017.04.26-10.48.30:616][305]LogModuleManager: Shutting down and abandoning module PortalRpc (316)
[2017.04.26-10.48.30:616][305]LogModuleManager: Shutting down and abandoning module MessagingRpc (314)
[2017.04.26-10.48.30:616][305]LogModuleManager: Shutting down and abandoning module AIModule (312)
[2017.04.26-10.48.30:616][305]LogModuleManager: Shutting down and abandoning module GameplayDebugger (311)
[2017.04.26-10.48.30:616][305]LogModuleManager: Shutting down and abandoning module AITestSuite (309)
[2017.04.26-10.48.30:616][305]LogModuleManager: Shutting down and abandoning module ProfilerService (306)
[2017.04.26-10.48.30:624][305]LogModuleManager: Shutting down and abandoning module TaskGraph (304)
[2017.04.26-10.48.30:626][305]LogModuleManager: Shutting down and abandoning module SteamVRController (302)
[2017.04.26-10.48.30:626][305]LogModuleManager: Shutting down and abandoning module SteamVR (300)
[2017.04.26-10.48.30:626][305]LogModuleManager: Shutting down and abandoning module ProceduralMeshComponentEditor (298)
[2017.04.26-10.48.30:626][305]LogModuleManager: Shutting down and abandoning module ProceduralMeshComponent (296)
[2017.04.26-10.48.30:626][305]LogModuleManager: Shutting down and abandoning module OculusLibrary (294)
[2017.04.26-10.48.30:626][305]LogModuleManager: Shutting down and abandoning module OculusInput (292)
[2017.04.26-10.48.30:626][305]LogModuleManager: Shutting down and abandoning module MobilePatchingUtils (290)
[2017.04.26-10.48.30:626][305]LogModuleManager: Shutting down and abandoning module CustomMeshComponent (288)
[2017.04.26-10.48.30:626][305]LogModuleManager: Shutting down and abandoning module CableComponent (286)
[2017.04.26-10.48.30:626][305]LogModuleManager: Shutting down and abandoning module ArchVisCharacter (284)
[2017.04.26-10.48.30:626][305]LogModuleManager: Shutting down and abandoning module MediaPlayerEditor (280)
[2017.04.26-10.48.30:629][305]LogModuleManager: Shutting down and abandoning module HTML5Networking (278)
[2017.04.26-10.48.30:629][305]LogModuleManager: Shutting down and abandoning module AlembicImporter (276)
[2017.04.26-10.48.30:629][305]LogModuleManager: Shutting down and abandoning module AlembicLibrary (275)
[2017.04.26-10.48.30:629][305]LogModuleManager: Shutting down and abandoning module GeometryCache (274)
[2017.04.26-10.48.30:630][305]LogModuleManager: Shutting down and abandoning module GeometryCacheEd (273)
[2017.04.26-10.48.30:630][305]LogModuleManager: Shutting down and abandoning module SuperSearchEditor (268)
[2017.04.26-10.48.30:630][305]LogModuleManager: Shutting down and abandoning module SuperSearch (267)
[2017.04.26-10.48.30:630][305]LogModuleManager: Shutting down and abandoning module SpeedTreeImporter (264)
[2017.04.26-10.48.30:630][305]LogModuleManager: Shutting down and abandoning module PluginBrowser (262)
[2017.04.26-10.48.30:631][305]LogModuleManager: Shutting down and abandoning module MobileLauncherProfileWizard (260)
[2017.04.26-10.48.30:632][305]LogModuleManager: Shutting down and abandoning module EpicSurvey (258)
[2017.04.26-10.48.30:632][305]LogModuleManager: Shutting down and abandoning module VisualStudioSourceCodeAccess (256)
[2017.04.26-10.48.30:632][305]LogModuleManager: Shutting down and abandoning module DesktopPlatform (255)
[2017.04.26-10.48.30:632][305]LogModuleManager: Shutting down and abandoning module UObjectPlugin (252)
[2017.04.26-10.48.30:632][305]LogModuleManager: Shutting down and abandoning module SubversionSourceControl (250)
[2017.04.26-10.48.30:633][305]LogModuleManager: Shutting down and abandoning module PerforceSourceControl (248)
[2017.04.26-10.48.30:634][305]LogModuleManager: Shutting down and abandoning module GitSourceControl (246)
[2017.04.26-10.48.30:634][305]LogModuleManager: Shutting down and abandoning module SourceControl (245)
[2017.04.26-10.48.30:635][305]LogModuleManager: Shutting down and abandoning module LightPropagationVolumeEditor (242)
[2017.04.26-10.48.30:635][305]LogModuleManager: Shutting down and abandoning module PaperTiledImporter (240)
[2017.04.26-10.48.30:635][305]LogModuleManager: Shutting down and abandoning module PaperSpriteSheetImporter (238)
[2017.04.26-10.48.30:635][305]LogModuleManager: Shutting down and abandoning module Paper2DEditor (236)
[2017.04.26-10.48.30:636][305]LogModuleManager: Shutting down and abandoning module MeshPaint (235)
[2017.04.26-10.48.30:636][305]LogModuleManager: Shutting down and abandoning module LevelEditor (233)
[2017.04.26-10.48.30:637][305]LogModuleManager: Shutting down and abandoning module PixelInspectorModule (232)
[2017.04.26-10.48.30:638][305]LogModuleManager: Shutting down and abandoning module MainFrame (230)
[2017.04.26-10.48.30:638][305]LogModuleManager: Shutting down and abandoning module HotReload (229)
[2017.04.26-10.48.30:639][305]LogModuleManager: Shutting down and abandoning module ContentBrowser (225)
[2017.04.26-10.48.30:640][305]LogModuleManager: Shutting down and abandoning module PhysXVehiclesEditor (222)
[2017.04.26-10.48.30:640][305]LogModuleManager: Shutting down and abandoning module PhysXVehicles (220)
[2017.04.26-10.48.30:640][305]LogModuleManager: Shutting down and abandoning module LocationServicesBPLibrary (218)
[2017.04.26-10.48.30:640][305]LogModuleManager: Shutting down and abandoning module UdpMessaging (216)
[2017.04.26-10.48.30:741][305]LogModuleManager: Shutting down and abandoning module TcpMessaging (214)
[2017.04.26-10.48.30:910][305]LogModuleManager: Shutting down and abandoning module GameplayTagsEditor (212)
[2017.04.26-10.48.30:911][305]LogModuleManager: Shutting down and abandoning module FacialAnimationEditor (210)
[2017.04.26-10.48.30:911][305]LogModuleManager: Shutting down and abandoning module FacialAnimation (208)
[2017.04.26-10.48.30:911][305]LogModuleManager: Shutting down and abandoning module LightPropagationVolumeRuntime (206)
[2017.04.26-10.48.30:911][305]LogModuleManager: Shutting down and abandoning module Paper2D (204)
[2017.04.26-10.48.30:912][305]LogModuleManager: Shutting down and abandoning module WindowsMoviePlayer (202)
[2017.04.26-10.48.30:912][305]LogModuleManager: Shutting down and abandoning module WmfMedia (200)
[2017.04.26-10.48.30:913][305]LogModuleManager: Shutting down and abandoning module MfMedia (198)
[2017.04.26-10.48.30:913][305]LogModuleManager: Shutting down and abandoning module MediaAssets (196)
[2017.04.26-10.48.30:913][305]LogModuleManager: Shutting down and abandoning module GameLiveStreaming (194)
[2017.04.26-10.48.30:913][305]LogModuleManager: Shutting down and abandoning module VREditor (192)
[2017.04.26-10.48.30:914][305]LogModuleManager: Shutting down and abandoning module GameplayTasksEditor (190)
[2017.04.26-10.48.30:914][305]LogModuleManager: Shutting down and abandoning module BehaviorTreeEditor (188)
[2017.04.26-10.48.30:916][305]LogModuleManager: Shutting down and abandoning module FunctionalTesting (186)
[2017.04.26-10.48.30:916][305]LogModuleManager: Shutting down and abandoning module CollisionAnalyzer (184)
[2017.04.26-10.48.30:917][305]LogModuleManager: Shutting down and abandoning module UMG (182)
[2017.04.26-10.48.30:917][305]LogModuleManager: Shutting down and abandoning module UMGEditor (181)
[2017.04.26-10.48.30:917][305]LogModuleManager: Shutting down and abandoning module Sequencer (180)
[2017.04.26-10.48.30:917][305]LogModuleManager: Shutting down and abandoning module AssetTools (178)
[2017.04.26-10.48.30:920][305]LogModuleManager: Shutting down and abandoning module MessageLog (177)
[2017.04.26-10.48.30:920][305]LogModuleManager: Shutting down and abandoning module WorkspaceMenuStructure (176)
[2017.04.26-10.48.30:920][305]LogModuleManager: Shutting down and abandoning module SlateReflector (170)
[2017.04.26-10.48.30:923][305]LogModuleManager: Shutting down and abandoning module Slate (168)
[2017.04.26-10.48.30:923][305]LogModuleManager: Shutting down and abandoning module EditorStyle (166)
[2017.04.26-10.48.30:925][305]LogModuleManager: Shutting down and abandoning module SourceCodeAccess (164)
[2017.04.26-10.48.30:926][305]LogModuleManager: Shutting down and abandoning module HeadMountedDisplay (162)
[2017.04.26-10.48.30:926][305]LogModuleManager: Shutting down and abandoning module XAudio2 (160)
[2017.04.26-10.48.30:926][305]LogModuleManager: Shutting down and abandoning module Networking (158)
[2017.04.26-10.48.30:926][305]LogModuleManager: Shutting down and abandoning module Core (154)
[2017.04.26-10.48.30:926][305]LogModuleManager: Shutting down and abandoning module AssetRegistry (152)
[2017.04.26-10.48.31:110][305]LogDirectoryWatcher: A directory notification for '../../../Engine/Content/' was aborted.
[2017.04.26-10.48.31:110][305]LogDirectoryWatcher: A directory notification for '../../../../../../Users/jose_/Documents/GitHub/LastBulletVR/LastBullet/Content/' was aborted.
[2017.04.26-10.48.31:110][305]LogDirectoryWatcher: A directory notification for '../../../Engine/Plugins/2D/Paper2D/Content/' was aborted.
[2017.04.26-10.48.31:110][305]LogModuleManager: Shutting down and abandoning module DirectoryWatcher (151)
[2017.04.26-10.48.31:111][305]LogModuleManager: Shutting down and abandoning module KismetCompiler (148)
[2017.04.26-10.48.31:111][305]LogModuleManager: Shutting down and abandoning module PhysXFormats (146)
[2017.04.26-10.48.31:111][305]LogModuleManager: Shutting down and abandoning module MeshUtilities (144)
[2017.04.26-10.48.31:112][305]LogModuleManager: Shutting down and abandoning module SimplygonSwarm (143)
[2017.04.26-10.48.31:113][305]LogModuleManager: Shutting down and abandoning module SimplygonMeshReduction (141)
[2017.04.26-10.48.31:113][305]LogModuleManager: Shutting down and abandoning module QuadricMeshReduction (139)
[2017.04.26-10.48.31:113][305]LogModuleManager: Shutting down and abandoning module PropertyEditor (137)
[2017.04.26-10.48.31:114][305]LogModuleManager: Shutting down and abandoning module DerivedDataCache (134)
[2017.04.26-10.48.31:117][305]LogDerivedDataCache: Shutdown
[2017.04.26-10.48.31:117][305]LogModuleManager: Shutting down and abandoning module TargetPlatform (132)
[2017.04.26-10.48.31:117][305]LogModuleManager: Shutting down and abandoning module VulkanShaderFormat (131)
[2017.04.26-10.48.31:118][305]LogModuleManager: Shutting down and abandoning module ShaderFormatOpenGL (129)
[2017.04.26-10.48.31:119][305]LogModuleManager: Shutting down and abandoning module ShaderFormatD3D (127)
[2017.04.26-10.48.31:119][305]LogModuleManager: Shutting down and abandoning module MetalShaderFormat (125)
[2017.04.26-10.48.31:120][305]LogModuleManager: Shutting down and abandoning module TextureFormatUncompressed (123)
[2017.04.26-10.48.31:120][305]LogModuleManager: Shutting down and abandoning module TextureFormatPVR (121)
[2017.04.26-10.48.31:120][305]LogModuleManager: Shutting down and abandoning module TextureFormatDXT (119)
[2017.04.26-10.48.31:120][305]LogModuleManager: Shutting down and abandoning module TextureFormatIntelISPCTexComp (117)
[2017.04.26-10.48.31:121][305]LogModuleManager: Shutting down and abandoning module TextureFormatASTC (115)
[2017.04.26-10.48.31:121][305]LogModuleManager: Shutting down and abandoning module ImageWrapper (114)
[2017.04.26-10.48.31:121][305]LogModuleManager: Shutting down and abandoning module TextureFormatAndroid (111)
[2017.04.26-10.48.31:121][305]LogModuleManager: Shutting down and abandoning module AudioFormatOpus (109)
[2017.04.26-10.48.31:121][305]LogModuleManager: Shutting down and abandoning module AudioFormatOgg (107)
[2017.04.26-10.48.31:121][305]LogModuleManager: Shutting down and abandoning module AudioFormatADPCM (105)
[2017.04.26-10.48.31:121][305]LogModuleManager: Shutting down and abandoning module LinuxTargetPlatform (103)
[2017.04.26-10.48.31:121][305]LogModuleManager: Shutting down and abandoning module LinuxServerTargetPlatform (101)
[2017.04.26-10.48.31:121][305]LogModuleManager: Shutting down and abandoning module LinuxNoEditorTargetPlatform (99)
[2017.04.26-10.48.31:121][305]LogModuleManager: Shutting down and abandoning module LinuxClientTargetPlatform (97)
[2017.04.26-10.48.31:121][305]LogModuleManager: Shutting down and abandoning module TVOSTargetPlatform (95)
[2017.04.26-10.48.31:121][305]LogModuleManager: Shutting down and abandoning module Messaging (93)
[2017.04.26-10.48.31:121][305]LogModuleManager: Shutting down and abandoning module IOSTargetPlatform (91)
[2017.04.26-10.48.31:121][305]LogModuleManager: Shutting down and abandoning module HTML5TargetPlatform (89)
[2017.04.26-10.48.31:121][305]LogModuleManager: Shutting down and abandoning module Android_PVRTCTargetPlatform (87)
[2017.04.26-10.48.31:121][305]LogModuleManager: Shutting down and abandoning module Android_MultiTargetPlatform (85)
[2017.04.26-10.48.31:121][305]LogModuleManager: Shutting down and abandoning module Android_ETC2TargetPlatform (83)
[2017.04.26-10.48.31:121][305]LogModuleManager: Shutting down and abandoning module Android_ETC1TargetPlatform (81)
[2017.04.26-10.48.31:121][305]LogModuleManager: Shutting down and abandoning module Android_DXTTargetPlatform (79)
[2017.04.26-10.48.31:122][305]LogModuleManager: Shutting down and abandoning module Android_ATCTargetPlatform (77)
[2017.04.26-10.48.31:122][305]LogModuleManager: Shutting down and abandoning module Android_ASTCTargetPlatform (75)
[2017.04.26-10.48.31:122][305]LogModuleManager: Shutting down and abandoning module AndroidTargetPlatform (73)
[2017.04.26-10.48.31:122][305]LogModuleManager: Shutting down and abandoning module WindowsTargetPlatform (71)
[2017.04.26-10.48.31:122][305]LogModuleManager: Shutting down and abandoning module WindowsServerTargetPlatform (69)
[2017.04.26-10.48.31:122][305]LogModuleManager: Shutting down and abandoning module WindowsNoEditorTargetPlatform (67)
[2017.04.26-10.48.31:122][305]LogModuleManager: Shutting down and abandoning module WindowsClientTargetPlatform (65)
[2017.04.26-10.48.31:122][305]LogModuleManager: Shutting down and abandoning module MacTargetPlatform (63)
[2017.04.26-10.48.31:122][305]LogModuleManager: Shutting down and abandoning module MacServerTargetPlatform (61)
[2017.04.26-10.48.31:122][305]LogModuleManager: Shutting down and abandoning module MacNoEditorTargetPlatform (59)
[2017.04.26-10.48.31:122][305]LogModuleManager: Shutting down and abandoning module MacClientTargetPlatform (57)
[2017.04.26-10.48.31:122][305]LogModuleManager: Shutting down and abandoning module AllDesktopTargetPlatform (55)
[2017.04.26-10.48.31:122][305]LogModuleManager: Shutting down and abandoning module InputCore (52)
[2017.04.26-10.48.31:122][305]LogModuleManager: Shutting down and abandoning module Settings (50)
[2017.04.26-10.48.31:122][305]LogModuleManager: Shutting down and abandoning module OculusRift (48)
[2017.04.26-10.48.31:122][305]LogModuleManager: Shutting down and abandoning module GearVR (46)
[2017.04.26-10.48.31:122][305]LogModuleManager: Shutting down and abandoning module ExampleDeviceProfileSelector (44)
[2017.04.26-10.48.31:122][305]LogModuleManager: Shutting down and abandoning module OnlineBlueprintSupport (42)
[2017.04.26-10.48.31:122][305]LogModuleManager: Shutting down and abandoning module OnlineSubsystem (38)
[2017.04.26-10.48.31:122][305]LogOnline:Display: Unloading online subsystem: NULL
[2017.04.26-10.48.31:123][305]LogModuleManager: Shutting down and abandoning module XMPP (37)
[2017.04.26-10.48.31:125][305]LogModuleManager: Shutting down and abandoning module HTTP (35)
[2017.04.26-10.48.31:125][305]LogHttp:Display: Http module shutting down, but needs to wait on 1 outstanding Http requests:
[2017.04.26-10.48.31:125][305]LogHttp:Display: 	verb=[POST] url=[https://datarouter.ol.epicgames.com/datarouter/api/v1/public/data?SessionID=%7BF46A477F-4C45-ED8D-96F4-EE8ACF5FDE36%7D&AppID=UEEditor.Rocket.Release&AppVersion=4.15.1-3348071%2B%2B%2BUE4%2BRelease-4.15&UserID=b001de5b45e5acaf0e6945b031774733%7C110700a2fc624ba6959c79c1c7378d2c%7Cc4768b7d-3e8a-4111-98c4-e572acc32675&AppEnvironment=datacollector-binary&UploadType=eteventstream] status=Processing
[2017.04.26-10.48.31:135][305]LogModuleManager: Shutting down and abandoning module SSL (34)
[2017.04.26-10.48.31:137][305]LogModuleManager: Shutting down and abandoning module AudioEditor (30)
[2017.04.26-10.48.31:138][305]LogModuleManager: Shutting down and abandoning module TextureCompressor (28)
[2017.04.26-10.48.31:139][305]LogModuleManager: Shutting down and abandoning module ShaderCore (26)
[2017.04.26-10.48.31:139][305]LogModuleManager: Shutting down and abandoning module Landscape (24)
[2017.04.26-10.48.31:139][305]LogModuleManager: Shutting down and abandoning module SlateRHIRenderer (22)
[2017.04.26-10.48.31:142][305]LogModuleManager: Shutting down and abandoning module OpenGLDrv (20)
[2017.04.26-10.48.31:143][305]LogModuleManager: Shutting down and abandoning module D3D11RHI (18)
[2017.04.26-10.48.31:143][305]LogModuleManager: Shutting down and abandoning module AnimGraphRuntime (16)
[2017.04.26-10.48.31:144][305]LogModuleManager: Shutting down and abandoning module Renderer (14)
[2017.04.26-10.48.31:144][305]LogModuleManager: Shutting down and abandoning module Engine (12)
[2017.04.26-10.48.31:144][305]LogModuleManager: Shutting down and abandoning module CoreUObject (10)
[2017.04.26-10.48.31:144][305]LogModuleManager: Shutting down and abandoning module NetworkFile (8)
[2017.04.26-10.48.31:144][305]LogModuleManager: Shutting down and abandoning module StreamingFile (6)
[2017.04.26-10.48.31:145][305]LogModuleManager: Shutting down and abandoning module SandboxFile (4)
[2017.04.26-10.48.31:145][305]LogModuleManager: Shutting down and abandoning module PakFile (2)
[2017.04.26-10.48.31:149][305]LogExit: Exiting.
[2017.04.26-10.48.31:151][305]Log file closed, 04/26/17 12:48:31
