Log file open, 04/26/17 20:56:53
LogInit:Display: Running engine for game: LastBullet
LogPlatformFile: Not using cached read wrapper
LogInit:Display: RandInit(354849184) SRandInit(354849184).
LogTaskGraph: Started task graph with 5 named threads and 8 total threads with 1 sets of task threads.
LogStats: Stats thread started at 0.088666
LogInit: Using libcurl 7.47.1
LogInit:  - built for x86_64-pc-win32
LogInit:  - supports SSL with OpenSSL/1.0.2g
LogInit:  - supports HTTP deflate (compression) using libz 1.2.8
LogInit:  - other features:
LogInit:      CURL_VERSION_SSL
LogInit:      CURL_VERSION_LIBZ
LogInit:      CURL_VERSION_IPV6
LogInit:      CURL_VERSION_ASYNCHDNS
LogInit:      CURL_VERSION_LARGEFILE
LogInit:      CURL_VERSION_IDN
LogInit:  CurlRequestOptions (configurable via config and command line):
LogInit:  - bVerifyPeer = false  - Libcurl will NOT verify peer certificate
LogInit:  - bUseHttpProxy = false  - Libcurl will NOT use HTTP proxy
LogInit:  - bDontReuseConnections = false  - Libcurl will reuse connections
LogInit:  - CertBundlePath = nullptr  - Libcurl will use whatever was configured at build time.
LogInit: Build: ++UE4+Release-4.15-CL-3348071
LogInit: Engine Version: 4.15.1-3348071+++UE4+Release-4.15
LogInit: Compatible Engine Version: 4.15.0-3299760+++UE4+Release-4.15
LogInit: Net CL: 3299760
LogDevObjectVersion: Number of dev versions registered: 14
LogDevObjectVersion:   Dev-Blueprints (B0D832E4-1F89-4F0D-ACCF-7EB736FD4AA2): 8
LogDevObjectVersion:   Dev-Build (E1C64328-A22C-4D53-A36C-8E866417BD8C): 0
LogDevObjectVersion:   Dev-Core (375EC13C-06E4-48FB-B500-84F0262A717E): 2
LogDevObjectVersion:   Dev-Editor (E4B068ED-F494-42E9-A231-DA0B2E46BB41): 14
LogDevObjectVersion:   Dev-Framework (CFFC743F-43B0-4480-9391-14DF171D2073): 22
LogDevObjectVersion:   Dev-Mobile (B02B49B5-BB20-44E9-A304-32B752E40360): 0
LogDevObjectVersion:   Dev-Networking (A4E4105C-59A1-49B5-A7C5-40C4547EDFEE): 0
LogDevObjectVersion:   Dev-Online (39C831C9-5AE6-47DC-9A44-9C173E1C8E7C): 0
LogDevObjectVersion:   Dev-Physics (78F01B33-EBEA-4F98-B9B4-84EACCB95AA2): 0
LogDevObjectVersion:   Dev-Platform (6631380F-2D4D-43E0-8009-CF276956A95A): 0
LogDevObjectVersion:   Dev-Rendering (12F88B9F-8875-4AFC-A67C-D90C383ABD29): 12
LogDevObjectVersion:   Dev-Sequencer (7B5AE74C-D270-4C10-A958-57980B212A5A): 3
LogDevObjectVersion:   Dev-VR (D7296918-1DD6-4BDD-9DE2-64A83CC13884): 0
LogDevObjectVersion:   Dev-LoadTimes (C2A15278-BFE7-4AFE-6C17-90FF531DF755): 1
LogInit: Compiled (64-bit): Mar 15 2017 16:52:47
LogInit: Compiled with Visual C++: 19.00.23026.00
LogInit: Build Configuration: Development
LogInit: Branch Name: ++UE4+Release-4.15
LogInit: Command line: -EpicPortal 
LogInit: Base directory: C:/Program Files/Epic Games/UE_4.15/Engine/Binaries/Win64/
LogInit: Installed Engine Build: 1
LogInit: Presizing for max 8388607 objects, including 0 objects not considered by GC, pre-allocating 0 bytes for permanent pool.
LogInit: Object subsystem initialized
[2017.04.26-18.56.54:928][  0]LogInit: Selected Device Profile: [Windows]
[2017.04.26-18.56.54:928][  0]LogInit: Applying CVar settings loaded from the selected device profile: [Windows]
[2017.04.26-18.56.54:941][  0]LogInit: Computer: DESKTOP-Q2F06UF
[2017.04.26-18.56.54:941][  0]LogInit: User: jose
[2017.04.26-18.56.54:941][  0]LogInit: CPU Page size=65536, Cores=4
[2017.04.26-18.56.54:941][  0]LogInit: High frequency timer resolution =2.531250 MHz
[2017.04.26-18.56.54:942][  0]LogMemory: Memory total: Physical=7.9GB (8GB approx)
[2017.04.26-18.56.54:942][  0]LogMemory: Platform Memory Stats for Windows
[2017.04.26-18.56.54:942][  0]LogMemory: Process Physical Memory: 263.32 MB used, 263.32 MB peak
[2017.04.26-18.56.54:942][  0]LogMemory: Process Virtual Memory: 262.72 MB used, 262.72 MB peak
[2017.04.26-18.56.54:942][  0]LogMemory: Physical Memory: 4593.54 MB used,  3474.98 MB free, 8068.52 MB total
[2017.04.26-18.56.54:942][  0]LogMemory: Virtual Memory: 645.23 MB used,  3474.98 MB free, 134217728.00 MB total
[2017.04.26-18.56.55:033][  0]LogInit: Overriding culture en with editor configuration.
[2017.04.26-18.56.55:844][  0]LogD3D11RHI: D3D11 adapters:
[2017.04.26-18.56.56:877][  0]LogD3D11RHI:    0. 'NVIDIA GeForce GTX 960M' (Feature Level 11_0)
[2017.04.26-18.56.56:877][  0]LogD3D11RHI:       2018/0/4034 MB DedicatedVideo/DedicatedSystem/SharedSystem, Outputs:1, VendorId:0x10de
[2017.04.26-18.56.56:887][  0]LogD3D11RHI:    1. 'Intel(R) HD Graphics 530' (Feature Level 11_0)
[2017.04.26-18.56.56:887][  0]LogD3D11RHI:       128/0/4034 MB DedicatedVideo/DedicatedSystem/SharedSystem, Outputs:0, VendorId:0x8086
[2017.04.26-18.56.56:889][  0]LogD3D11RHI:    2. 'Microsoft Basic Render Driver' (Feature Level 11_0)
[2017.04.26-18.56.56:889][  0]LogD3D11RHI:       0/0/4034 MB DedicatedVideo/DedicatedSystem/SharedSystem, Outputs:0, VendorId:0x1414
[2017.04.26-18.56.56:889][  0]LogD3D11RHI: Chosen D3D11 Adapter: 0
[2017.04.26-18.56.56:896][  0]LogD3D11RHI: Creating new Direct3DDevice
[2017.04.26-18.56.56:896][  0]LogD3D11RHI:     GPU DeviceId: 0x139b (for the marketing name, search the web for "GPU Device Id")
[2017.04.26-18.56.56:896][  0]LogWindows: EnumDisplayDevices:
[2017.04.26-18.56.56:896][  0]LogWindows:    0. 'Intel(R) HD Graphics 530' (P:1 D:1)
[2017.04.26-18.56.56:896][  0]LogWindows:    1. 'Intel(R) HD Graphics 530' (P:0 D:0)
[2017.04.26-18.56.56:897][  0]LogWindows:    2. 'Intel(R) HD Graphics 530' (P:0 D:0)
[2017.04.26-18.56.56:897][  0]LogWindows:    3. 'Intel(R) HD Graphics 530' (P:0 D:0)
[2017.04.26-18.56.56:897][  0]LogWindows:    4. 'Intel(R) HD Graphics 530' (P:0 D:0)
[2017.04.26-18.56.56:897][  0]LogWindows:    5. 'Intel(R) HD Graphics 530' (P:0 D:0)
[2017.04.26-18.56.56:897][  0]LogWindows:    6. 'Intel(R) HD Graphics 530' (P:0 D:0)
[2017.04.26-18.56.56:898][  0]LogWindows:    7. 'Intel(R) HD Graphics 530' (P:0 D:0)
[2017.04.26-18.56.56:898][  0]LogWindows:    8. 'Intel(R) HD Graphics 530' (P:0 D:0)
[2017.04.26-18.56.56:898][  0]LogWindows: DebugString: PrimaryIsNotTheChoosenAdapter PrimaryIsNotTheChoosenAdapter PrimaryIsNotTheChoosenAdapter PrimaryIsNotTheChoosenAdapter PrimaryIsNotTheChoosenAdapter PrimaryIsNotTheChoosenAdapter PrimaryIsNotTheChoosenAdapter PrimaryIsNotTheChoosenAdapter PrimaryIsNotTheChoosenAdapter FoundDriverCount:0 
[2017.04.26-18.56.56:898][  0]LogD3D11RHI:     Adapter Name: NVIDIA GeForce GTX 960M
[2017.04.26-18.56.56:898][  0]LogD3D11RHI:   Driver Version: Unknown (internal:Unknown, unified:Unknown)
[2017.04.26-18.56.56:898][  0]LogD3D11RHI:      Driver Date: Unknown
[2017.04.26-18.56.56:898][  0]LogRHI: Texture pool is 1361 MB (70% of 1945 MB)
[2017.04.26-18.56.57:588][  0]LogD3D11RHI: Async texture creation enabled
[2017.04.26-18.56.57:661][  0]LogD3D11RHI: GPU Timing Frequency: 1000.000000 (Debug: 2 1)
[2017.04.26-18.56.57:663][  0]LogShaderCompilers: Guid format shader working directory is -24 characters bigger than the processId version (../../../../../../Users/jose_/Documents/GitHub/LastBulletVR/LastBullet/Intermediate/Shaders/WorkingDirectory/4176/).
[2017.04.26-18.56.57:663][  0]LogShaderCompilers: Cleaned the shader compiler working directory 'C:/Users/jose_/AppData/Local/Temp/UnrealShaderWorkingDir/32C24B23425F0BED74236BBE358893D8/'.
[2017.04.26-18.56.57:663][  0]LogShaderCompilers:Display: Using Local Shader Compiler.
[2017.04.26-18.56.59:116][  0]LogTemp:Display: Loaded TP AllDesktopTargetPlatform
[2017.04.26-18.56.59:187][  0]LogTemp:Display: Loaded TP MacClientTargetPlatform
[2017.04.26-18.56.59:268][  0]LogTemp:Display: Loaded TP MacNoEditorTargetPlatform
[2017.04.26-18.56.59:406][  0]LogTemp:Display: Loaded TP MacServerTargetPlatform
[2017.04.26-18.56.59:519][  0]LogTemp:Display: Loaded TP MacTargetPlatform
[2017.04.26-18.56.59:620][  0]LogTemp:Display: Loaded TP WindowsClientTargetPlatform
[2017.04.26-18.56.59:717][  0]LogTemp:Display: Loaded TP WindowsNoEditorTargetPlatform
[2017.04.26-18.56.59:805][  0]LogTemp:Display: Loaded TP WindowsServerTargetPlatform
[2017.04.26-18.56.59:883][  0]LogTemp:Display: Loaded TP WindowsTargetPlatform
[2017.04.26-18.56.59:965][  0]LogTemp:Display: Loaded TP AndroidTargetPlatform
[2017.04.26-18.57.00:059][  0]LogTemp:Display: Loaded TP Android_ASTCTargetPlatform
[2017.04.26-18.57.00:158][  0]LogTemp:Display: Loaded TP Android_ATCTargetPlatform
[2017.04.26-18.57.00:264][  0]LogTemp:Display: Loaded TP Android_DXTTargetPlatform
[2017.04.26-18.57.00:343][  0]LogTemp:Display: Loaded TP Android_ETC1TargetPlatform
[2017.04.26-18.57.00:437][  0]LogTemp:Display: Loaded TP Android_ETC2TargetPlatform
[2017.04.26-18.57.00:604][  0]LogTemp:Display: Loaded TP Android_MultiTargetPlatform
[2017.04.26-18.57.00:604][  0]LogTemp:Display: Loaded TP Android_PVRTCTargetPlatform
[2017.04.26-18.57.00:659][  0]LogTemp:Display: Loaded TP HTML5TargetPlatform
[2017.04.26-18.57.00:817][  0]LogTemp:Display: Loaded TP IOSTargetPlatform
[2017.04.26-18.57.00:877][  0]LogTemp:Display: Loaded TP TVOSTargetPlatform
[2017.04.26-18.57.00:983][  0]LogTemp:Display: Loaded TP LinuxClientTargetPlatform
[2017.04.26-18.57.01:070][  0]LogTemp:Display: Loaded TP LinuxNoEditorTargetPlatform
[2017.04.26-18.57.01:176][  0]LogTemp:Display: Loaded TP LinuxServerTargetPlatform
[2017.04.26-18.57.01:299][  0]LogTemp:Display: Loaded TP LinuxTargetPlatform
[2017.04.26-18.57.01:299][  0]LogTargetPlatformManager:Display: Building Assets For Windows
[2017.04.26-18.57.01:985][  0]LogDerivedDataCache:Display: Max Cache Size: 512 MB
[2017.04.26-18.57.02:052][  0]LogDerivedDataCache: Loaded boot cache 0.07s 50MB C:/Users/jose_/AppData/Local/UnrealEngine/4.15/DerivedDataCache/Boot.ddc.
[2017.04.26-18.57.02:052][  0]LogDerivedDataCache:Display: Loaded Boot cache: C:/Users/jose_/AppData/Local/UnrealEngine/4.15/DerivedDataCache/Boot.ddc
[2017.04.26-18.57.02:052][  0]LogDerivedDataCache: FDerivedDataBackendGraph:  Pak pak cache file ../../../../../../Users/jose_/Documents/GitHub/LastBulletVR/LastBullet/DerivedDataCache/DDC.ddp not found, will not use a pak cache.
[2017.04.26-18.57.02:052][  0]LogDerivedDataCache: Unable to find inner node Pak for hierarchical cache Hierarchy.
[2017.04.26-18.57.02:052][  0]LogDerivedDataCache: FDerivedDataBackendGraph:  CompressedPak pak cache file ../../../../../../Users/jose_/Documents/GitHub/LastBulletVR/LastBullet/DerivedDataCache/Compressed.ddp not found, will not use a pak cache.
[2017.04.26-18.57.02:052][  0]LogDerivedDataCache: Unable to find inner node CompressedPak for hierarchical cache Hierarchy.
[2017.04.26-18.57.02:075][  0]LogDerivedDataCache:Display: Pak cache opened for reading ../../../Engine/DerivedDataCache/Compressed.ddp.
[2017.04.26-18.57.02:087][  0]LogDerivedDataCache: Using Local data cache path C:/Users/jose_/AppData/Local/UnrealEngine/Common/DerivedDataCache: Writable
[2017.04.26-18.57.02:099][  0]LogSlate: Using Freetype 2.6.0
[2017.04.26-18.57.02:100][  0]LogSlate: SlateFontCache - WITH_FREETYPE: 1, WITH_HARFBUZZ: 1
[2017.04.26-18.57.02:100][  0]LogSlate: SlateFontCache - WITH_FREETYPE: 1, WITH_HARFBUZZ: 1
[2017.04.26-18.57.02:415][  0]LogInit: Selected Device Profile: [Windows]
[2017.04.26-18.57.02:419][  0]LogContentStreaming: Texture pool size is 0.00 MB
[2017.04.26-18.57.02:831][  0]LogMeshUtilities: Using QuadricMeshReduction for automatic static mesh reduction
[2017.04.26-18.57.02:903][  0]LogSimplygon: Simplygon DLL not present - disabling.
[2017.04.26-18.57.03:003][  0]LogMeshUtilities: Using SimplygonSwarm for distributed automatic mesh merging
[2017.04.26-18.57.03:003][  0]LogMeshUtilities: No automatic skeletal mesh reduction module available
[2017.04.26-18.57.03:003][  0]LogMeshUtilities: No automatic mesh merging module available
[2017.04.26-18.57.04:086][  0]LogNetVersion: GetLocalNetworkVersion: CL: 3299760, ProjectName: lastbullet, ProjectVersion: , EngineNetworkVersion: 2, GameNetworkVersion: 0, NetworkChecksum: 1522868599
[2017.04.26-18.57.04:156][  0]LogAssetRegistry: FAssetRegistry took 0.0216 seconds to start up
[2017.04.26-18.57.04:265][  0]LogPackageLocalizationCache: Processed 3 localized package path(s) for 1 prioritized culture(s) in 0.030910 seconds
[2017.04.26-18.57.04:276][  0]LogUObjectArray: 32493 objects as part of root set at end of initial load.
[2017.04.26-18.57.04:276][  0]LogUObjectAllocator: 7077032 out of 0 bytes used by permanent object pool.
[2017.04.26-18.57.04:276][  0]LogUObjectArray: CloseDisregardForGC: 0/0 objects in disregard for GC pool
[2017.04.26-18.57.04:401][  0]LogInit: WinSock: version 1.1 (2.2), MaxSocks=32767, MaxUdp=65467
[2017.04.26-18.57.07:982][  0]LogTcpMessaging: Initializing TcpMessaging bridge
[2017.04.26-18.57.08:051][  0]LogUdpMessaging: Initializing bridge on interface 0.0.0.0:0 to multicast group 230.0.0.1:6666.
[2017.04.26-18.57.09:047][  0]LogMaterial: Uniform references updated for custom material expression Custom.
[2017.04.26-18.57.09:742][  0]SourceControl: Info Source control is disabled
[2017.04.26-18.57.12:396][  0]LogEngine: Initializing Engine...
[2017.04.26-18.57.12:397][  0]LogHMD: Failed to initialize OpenVR with code 110
[2017.04.26-18.57.12:862][  0]LogAIModule: Creating AISystem for world Untitled
[2017.04.26-18.57.12:876][  0]LogInit: XAudio2 using 'Altavoces (Realtek High Definition Audio)' : 2 channels at 48 kHz using 32 bits per sample (channel mask 0x3)
[2017.04.26-18.57.12:951][  0]LogInit: FAudioDevice initialized.
[2017.04.26-18.57.13:017][  0]LogDerivedDataCache: Saved boot cache 0.07s 50MB C:/Users/jose_/AppData/Local/UnrealEngine/4.15/DerivedDataCache/Boot.ddc.
[2017.04.26-18.57.13:034][  0]LogInit: Texture streaming: Enabled
[2017.04.26-18.57.13:233][  0]LogEngineSessionManager: EngineSessionManager initialized
[2017.04.26-18.57.13:399][  0]LogInit: Transaction tracking system initialized
[2017.04.26-18.57.14:164][  0]BlueprintLog: New page: Editor Load
[2017.04.26-18.57.15:725][  0]LocalizationService: Info Localization service is disabled
[2017.04.26-18.57.16:700][  0]LogConsoleResponse:Display: 
[2017.04.26-18.57.16:890][  0]LogCook:Display: Max memory allowance for cook 16384mb min free memory 0mb
[2017.04.26-18.57.16:890][  0]LogCook:Display: Mobile HDR setting 1
[2017.04.26-18.57.17:781][  0]LogFileCache: Scanning file cache for directory 'C:/Users/jose_/Documents/GitHub/LastBulletVR/LastBullet/Content/' took 0.02s
[2017.04.26-18.57.18:476][  0]Cmd: MAP LOAD FILE="../../../../../../Users/jose_/Documents/GitHub/LastBulletVR/LastBullet/Content/StarterContent/Maps/Minimal_Default.umap" TEMPLATE=0 SHOWPROGRESS=1 FEATURELEVEL=3
[2017.04.26-18.57.18:477][  0]LightingResults: New page: Lighting Build
[2017.04.26-18.57.18:542][  0]MapCheck: New page: Map Check
[2017.04.26-18.57.18:542][  0]LightingResults: New page: Lighting Build
[2017.04.26-18.57.18:981][  0]LogBlueprint:Warning: [Compiler FirstPersonCharacter] Warning InputAction Event references unknown Action 'ResetVR' for  InputAction ResetVR
[2017.04.26-18.57.19:000][  0]LogBlueprint:Warning: [Compiler FirstPersonCharacter] Warning [0026.92] Compile of FirstPersonCharacter successful, but with 1 Warning(s) [in 36 ms] (/Game/FirstPersonBP/Blueprints/FirstPersonCharacter.FirstPersonCharacter)
[2017.04.26-18.57.19:001][  0]LogBlueprint:Warning: [Compiler FirstPersonCharacter] Warning [0026.92] Compile of FirstPersonCharacter successful, but with 2 Warning(s) [in 0 ms] (/Game/FirstPersonBP/Blueprints/FirstPersonCharacter.FirstPersonCharacter)
[2017.04.26-18.57.19:001][  0]LogBlueprint:Warning: [Compiler FirstPersonCharacter] Warning [0026.92] Compile of FirstPersonCharacter successful, but with 3 Warning(s) [in 0 ms] (/Game/FirstPersonBP/Blueprints/FirstPersonCharacter.FirstPersonCharacter)
[2017.04.26-18.57.19:040][  0]LogBlueprint:Warning: [Compiler FirstPersonCharacter] Warning InputAction Event references unknown Action 'ResetVR' for  InputAction ResetVR
[2017.04.26-18.57.19:053][  0]LogBlueprint:Warning: [Compiler FirstPersonCharacter] Warning [0026.97] Compile of FirstPersonCharacter successful, but with 1 Warning(s) [in 26 ms] (/Game/FirstPersonBP/Blueprints/FirstPersonCharacter.FirstPersonCharacter)
[2017.04.26-18.57.19:053][  0]LogBlueprint:Warning: [Compiler FirstPersonCharacter] Warning [0026.97] Compile of FirstPersonCharacter successful, but with 2 Warning(s) [in 0 ms] (/Game/FirstPersonBP/Blueprints/FirstPersonCharacter.FirstPersonCharacter)
[2017.04.26-18.57.19:054][  0]LogBlueprint:Warning: [Compiler FirstPersonCharacter] Warning [0026.97] Compile of FirstPersonCharacter successful, but with 3 Warning(s) [in 1 ms] (/Game/FirstPersonBP/Blueprints/FirstPersonCharacter.FirstPersonCharacter)
[2017.04.26-18.57.19:094][  0]LogLinker:Warning: Asset '../../../../../../Users/jose_/Documents/GitHub/LastBulletVR/LastBullet/Content/Blueprints/modul_transporttransport_16_Blueprint.uasset' has been saved with empty engine version. The asset will be loaded but may be incompatible.
[2017.04.26-18.57.19:123][  0]LogBlueprint:Warning: Node '/Game/Blueprints/modul_transporttransport_16_Blueprint.modul_transporttransport_16_Blueprint:EdGraph_0.K2Node_FunctionEntry_359' missing NodeGuid because of upgrade from old package version, this can cause deterministic cooking issues please resave package.
[2017.04.26-18.57.19:128][  0]LogBlueprint:Warning: Node '/Game/Blueprints/modul_transporttransport_16_Blueprint.modul_transporttransport_16_Blueprint:EdGraph_1.K2Node_FunctionEntry_359' missing NodeGuid because of upgrade from old package version, this can cause deterministic cooking issues please resave package.
[2017.04.26-18.57.19:131][  0]LogBlueprint:Warning: Node '/Game/Blueprints/modul_transporttransport_16_Blueprint.modul_transporttransport_16_Blueprint:EdGraph_2.K2Node_FunctionEntry_359' missing NodeGuid because of upgrade from old package version, this can cause deterministic cooking issues please resave package.
[2017.04.26-18.57.19:300][  0]LogLinker:Warning: Asset '../../../../../../Users/jose_/Documents/GitHub/LastBulletVR/LastBullet/Content/Meshes/Space/StarMap_Nebula_1_Mat.uasset' has been saved with empty engine version. The asset will be loaded but may be incompatible.
[2017.04.26-18.57.19:303][  0]LogLinker:Warning: Asset '../../../../../../Users/jose_/Documents/GitHub/LastBulletVR/LastBullet/Content/Meshes/Space/StarMap_Nebula_1.uasset' has been saved with empty engine version. The asset will be loaded but may be incompatible.
[2017.04.26-18.57.19:312][  0]LogLinker:Warning: Asset '../../../../../../Users/jose_/Documents/GitHub/LastBulletVR/LastBullet/Content/Meshes/Space/FX_Map_7.uasset' has been saved with empty engine version. The asset will be loaded but may be incompatible.
[2017.04.26-18.57.19:312][  0]LogLinker:Warning: Asset '../../../../../../Users/jose_/Documents/GitHub/LastBulletVR/LastBullet/Content/Meshes/Space/StarMap_1.uasset' has been saved with empty engine version. The asset will be loaded but may be incompatible.
[2017.04.26-18.57.20:063][  0]LogBlueprint:Warning: Node '/Game/Blueprints/modul_transporttransport_16_Blueprint.modul_transporttransport_16_Blueprint:UserConstructionScript.K2Node_FunctionEntry_359' missing NodeGuid because of upgrade from old package version, this can cause deterministic cooking issues please resave package.
[2017.04.26-18.57.20:342][  0]LogAIModule: Creating AISystem for world Minimal_Default
[2017.04.26-18.57.20:410][  0]LogEditorServer: Finished looking for orphan Actors (0.000 secs)
[2017.04.26-18.57.20:410][  0]Cmd: MAP CHECKDEP NOCLEARLOG
[2017.04.26-18.57.20:517][  0]MapCheck: Info Map check complete: 0 Error(s), 0 Warning(s), took 106.743ms to complete.
[2017.04.26-18.57.20:517][  0]LogFileHelpers: Loading map 'Minimal_Default' took 2.041
[2017.04.26-18.57.20:794][  0]LogCollectionManager: Loaded 0 collections in 0.002633 seconds
[2017.04.26-18.57.20:917][  0]LogFileCache: Scanning file cache for directory 'C:/Users/jose_/Documents/GitHub/LastBulletVR/LastBullet/Saved/Collections/' took 0.01s
[2017.04.26-18.57.20:917][  0]LogFileCache: Scanning file cache for directory 'C:/Users/jose_/Documents/GitHub/LastBulletVR/LastBullet/Content/Developers/jose/Collections/' took 0.01s
[2017.04.26-18.57.20:917][  0]LogFileCache: Scanning file cache for directory 'C:/Users/jose_/Documents/GitHub/LastBulletVR/LastBullet/Content/Collections/' took 0.01s
[2017.04.26-18.57.20:917][  0]LogCollectionManager: Rebuilt the GUID cache for 0 collections in 0.000002 seconds
[2017.04.26-18.57.20:935][  0]LogContentBrowser: Native class hierarchy populated in 0.0180 seconds. Added 2245 classes and 453 folders.
[2017.04.26-18.57.20:943][  0]LogStats: UGameplayTagsManager::ConstructGameplayTagTree: Construct from data asset -  0.000 s
[2017.04.26-18.57.20:943][  0]LogStats: UGameplayTagsManager::ConstructGameplayTagTree: GameplayTagTreeChangedEvent.Broadcast -  0.000 s
[2017.04.26-18.57.21:051][  0]LogContentBrowser: Native class hierarchy updated for 'WidgetCarousel' in 0.0006 seconds. Added 0 classes and 0 folders.
[2017.04.26-18.57.21:114][  0]LogContentBrowser: Native class hierarchy updated for 'AddContentDialog' in 0.0006 seconds. Added 0 classes and 0 folders.
[2017.04.26-18.57.21:183][  0]LogContentBrowser: Native class hierarchy updated for 'SceneOutliner' in 0.0006 seconds. Added 1 classes and 2 folders.
[2017.04.26-18.57.21:366][  0]LogCrashTracker: Crashtracker disabled due to settings.
[2017.04.26-18.57.21:381][  0]LogUObjectGlobals:Warning: Failed to find object 'Class None.'
[2017.04.26-18.57.21:496][  0]LogContentBrowser: Native class hierarchy updated for 'HierarchicalLODOutliner' in 0.0008 seconds. Added 1 classes and 2 folders.
[2017.04.26-18.57.21:496][  0]LogLoad: (Engine Initialization) Total time: 29.41 seconds
[2017.04.26-18.57.21:496][  0]LogLoad: (Engine Initialization) Total Blueprint compile time: 0.35 seconds
[2017.04.26-18.57.21:496][  0]LogExternalProfiler: Found external profiler: VSPerf
[2017.04.26-18.57.21:496][  0]LogExternalProfiler: Using external profiler: VSPerf
[2017.04.26-18.57.21:837][  0]LogOcInput: OculusInput pre-init called
[2017.04.26-18.57.21:866][  0]LogContentStreaming: Texture pool size now 1000 MB
[2017.04.26-18.57.21:867][  0]LogSlate: Took 0.000190 seconds to synchronously load lazily loaded font '../../../Engine/Content/Slate/Fonts/Roboto-Regular.ttf' (155K)
[2017.04.26-18.57.21:876][  0]LogSlate: Took 0.000249 seconds to synchronously load lazily loaded font '../../../Engine/Content/Slate/Fonts/Roboto-Bold.ttf' (160K)
[2017.04.26-18.57.21:882][  0]LogSlate: Took 0.000195 seconds to synchronously load lazily loaded font '../../../Engine/Content/Editor/Slate/Fonts/FontAwesome.ttf' (139K)
[2017.04.26-18.57.22:064][  0]LogSlate: Took 0.000191 seconds to synchronously load lazily loaded font '../../../Engine/Content/Slate/Fonts/Roboto-Light.ttf' (159K)
[2017.04.26-18.57.22:165][  0]LogRenderer: Reallocating scene render targets to support 1208x576 NumSamples 1 (Frame:2).
[2017.04.26-18.57.22:943][  3]LogAssetRegistry: Asset discovery search completed in 18.8081 seconds
[2017.04.26-18.57.22:943][  3]LogCollectionManager: Rebuilt the object cache for 0 collections in 0.000005 seconds (found 0 objects)
[2017.04.26-18.57.22:943][  3]LogCollectionManager: Fixed up redirectors for 0 collections in 0.000023 seconds (updated 0 objects)
[2017.04.26-18.59.11:409][401]LogSlate: Took 0.000174 seconds to synchronously load lazily loaded font '../../../Engine/Content/Slate/Fonts/Roboto-Light.ttf' (159K)
[2017.04.26-18.59.11:975][401]LogContentBrowser: Native class hierarchy updated for 'BlueprintGraph' in 0.0010 seconds. Added 112 classes and 0 folders.
[2017.04.26-18.59.12:694][401]LogSlate: Took 0.000151 seconds to synchronously load lazily loaded font '../../../Engine/Content/Slate/Fonts/Roboto-Regular.ttf' (155K)
[2017.04.26-18.59.12:818][401]LogSlate: Took 0.000252 seconds to synchronously load lazily loaded font '../../../Engine/Content/Editor/Slate/Fonts/Roboto-BoldCondensed.ttf' (158K)
[2017.04.26-18.59.13:293][402]LogSlate: Took 0.000208 seconds to synchronously load lazily loaded font '../../../Engine/Content/Editor/Slate/Fonts/Roboto-Italic.ttf' (157K)
[2017.04.26-18.59.21:567][766]BlueprintLog: New page: Compile FirstPersonCharacter
[2017.04.26-18.59.21:654][766]LogBlueprint:Warning: [Compiler FirstPersonCharacter] Warning InputAction Event references unknown Action 'ResetVR' for  InputAction ResetVR
[2017.04.26-18.59.21:885][766]BlueprintEditorCompileResults:Warning: Warning InputAction Event references unknown Action 'ResetVR' for  InputAction ResetVR
[2017.04.26-18.59.21:886][766]LogBlueprint:Warning: [Compiler FirstPersonCharacter] Warning [0149.80] Compile of FirstPersonCharacter successful, but with 1 Warning(s) [in 318 ms] (/Game/FirstPersonBP/Blueprints/FirstPersonCharacter.FirstPersonCharacter)
[2017.04.26-18.59.22:686][790]LogSavePackage: Save=156.82ms
[2017.04.26-18.59.22:686][790]LogSavePackage: Moving '../../../../../../Users/jose_/Documents/GitHub/LastBulletVR/LastBullet/Saved/FirstPersonCharacter3979CB3B4D9097E1C7C04B9D082F2764.tmp' to '../../../../../../Users/jose_/Documents/GitHub/LastBulletVR/LastBullet/Content/FirstPersonBP/Blueprints/FirstPersonCharacter.uasset'
[2017.04.26-18.59.22:689][790]LogSavePackage:Display: Finished SavePackage ../../../../../../Users/jose_/Documents/GitHub/LastBulletVR/LastBullet/Content/FirstPersonBP/Blueprints/FirstPersonCharacter.uasset
[2017.04.26-18.59.24:519][880]LogTemp: Repeting last play command: Selected Viewport
[2017.04.26-18.59.24:552][880]LogBlueprintUserMessages: Early PlayInEditor Detection: Level '/Game/StarterContent/Maps/Minimal_Default.Minimal_Default:PersistentLevel' has LevelScriptBlueprint '/Game/StarterContent/Maps/Minimal_Default.Minimal_Default:PersistentLevel.Minimal_Default' with GeneratedClass '/Game/StarterContent/Maps/Minimal_Default.Minimal_Default_C' with ClassGeneratedBy '/Game/StarterContent/Maps/Minimal_Default.Minimal_Default:PersistentLevel.Minimal_Default'
[2017.04.26-18.59.24:552][880]LogPlayLevel: PlayLevel: No blueprints needed recompiling
[2017.04.26-18.59.24:552][880]PIE: New page: PIE session: Minimal_Default (Apr 26, 2017, 10:59:24 PM)
[2017.04.26-18.59.24:552][880]LogPlayLevel: Creating play world package: /Game/StarterContent/Maps/UEDPIE_0_Minimal_Default
[2017.04.26-18.59.24:569][880]LogPlayLevel: PIE: StaticDuplicateObject took: (0.016660s)
[2017.04.26-18.59.24:570][880]LogAIModule: Creating AISystem for world Minimal_Default
[2017.04.26-18.59.24:570][880]LogPlayLevel: PIE: World Init took: (0.000718s)
[2017.04.26-18.59.24:570][880]LogPlayLevel: PIE: Created PIE world by copying editor world from /Game/StarterContent/Maps/Minimal_Default.Minimal_Default to /Game/StarterContent/Maps/UEDPIE_0_Minimal_Default.Minimal_Default (0.017705s)
[2017.04.26-18.59.24:591][880]LogInit: XAudio2 using 'Altavoces (Realtek High Definition Audio)' : 2 channels at 48 kHz using 32 bits per sample (channel mask 0x3)
[2017.04.26-18.59.24:635][880]LogInit: FAudioDevice initialized.
[2017.04.26-18.59.24:719][880]LogLoad: Game class is 'FirstPersonGameMode_C'
[2017.04.26-18.59.24:727][880]LogWorld: Bringing World /Game/StarterContent/Maps/UEDPIE_0_Minimal_Default.Minimal_Default up for play (max tick rate 60) at 2017.04.26-20.59.24
[2017.04.26-18.59.24:735][880]LogWorld: Bringing up level for play took: 0.013760
[2017.04.26-18.59.24:782][880]LogContentBrowser: Native class hierarchy updated for 'MovieSceneCapture' in 0.0007 seconds. Added 11 classes and 0 folders.
[2017.04.26-18.59.24:798][880]PIE: Info Play in editor start time for /Game/StarterContent/Maps/UEDPIE_0_Minimal_Default -0.375
[2017.04.26-18.59.24:799][880]LogBlueprintUserMessages: Late PlayInEditor Detection: Level '/Game/StarterContent/Maps/Minimal_Default.Minimal_Default:PersistentLevel' has LevelScriptBlueprint '/Game/StarterContent/Maps/Minimal_Default.Minimal_Default:PersistentLevel.Minimal_Default' with GeneratedClass '/Game/StarterContent/Maps/Minimal_Default.Minimal_Default_C' with ClassGeneratedBy '/Game/StarterContent/Maps/Minimal_Default.Minimal_Default:PersistentLevel.Minimal_Default'
[2017.04.26-18.59.30:267][142]LogBlueprintUserMessages: Early EndPlayMap Detection: Level '/Game/StarterContent/Maps/Minimal_Default.Minimal_Default:PersistentLevel' has LevelScriptBlueprint '/Game/StarterContent/Maps/Minimal_Default.Minimal_Default:PersistentLevel.Minimal_Default' with GeneratedClass '/Game/StarterContent/Maps/Minimal_Default.Minimal_Default_C' with ClassGeneratedBy '/Game/StarterContent/Maps/Minimal_Default.Minimal_Default:PersistentLevel.Minimal_Default'
[2017.04.26-18.59.30:324][142]LogBlueprintUserMessages: Late EndPlayMap Detection: Level '/Game/StarterContent/Maps/Minimal_Default.Minimal_Default:PersistentLevel' has LevelScriptBlueprint '/Game/StarterContent/Maps/Minimal_Default.Minimal_Default:PersistentLevel.Minimal_Default' with GeneratedClass '/Game/StarterContent/Maps/Minimal_Default.Minimal_Default_C' with ClassGeneratedBy '/Game/StarterContent/Maps/Minimal_Default.Minimal_Default:PersistentLevel.Minimal_Default'
[2017.04.26-18.59.43:837][649]BlueprintLog: New page: Compile FirstPersonCharacter
[2017.04.26-18.59.43:910][649]LogBlueprint:Warning: [Compiler FirstPersonCharacter] Warning InputAction Event references unknown Action 'ResetVR' for  InputAction ResetVR
[2017.04.26-18.59.44:076][649]BlueprintEditorCompileResults:Warning: Warning InputAction Event references unknown Action 'ResetVR' for  InputAction ResetVR
[2017.04.26-18.59.44:077][649]LogBlueprint:Warning: [Compiler FirstPersonCharacter] Warning [0171.99] Compile of FirstPersonCharacter successful, but with 1 Warning(s) [in 239 ms] (/Game/FirstPersonBP/Blueprints/FirstPersonCharacter.FirstPersonCharacter)
[2017.04.26-18.59.44:763][667]LogSavePackage: Save=130.93ms
[2017.04.26-18.59.44:763][667]LogSavePackage: Moving '../../../../../../Users/jose_/Documents/GitHub/LastBulletVR/LastBullet/Saved/FirstPersonCharacter3DC457C842FA50327ED73BA18466CB60.tmp' to '../../../../../../Users/jose_/Documents/GitHub/LastBulletVR/LastBullet/Content/FirstPersonBP/Blueprints/FirstPersonCharacter.uasset'
[2017.04.26-18.59.44:766][667]LogSavePackage:Display: Finished SavePackage ../../../../../../Users/jose_/Documents/GitHub/LastBulletVR/LastBullet/Content/FirstPersonBP/Blueprints/FirstPersonCharacter.uasset
[2017.04.26-18.59.49:228][831]LogTemp: Repeting last play command: Selected Viewport
[2017.04.26-18.59.49:260][831]LogBlueprintUserMessages: Early PlayInEditor Detection: Level '/Game/StarterContent/Maps/Minimal_Default.Minimal_Default:PersistentLevel' has LevelScriptBlueprint '/Game/StarterContent/Maps/Minimal_Default.Minimal_Default:PersistentLevel.Minimal_Default' with GeneratedClass '/Game/StarterContent/Maps/Minimal_Default.Minimal_Default_C' with ClassGeneratedBy '/Game/StarterContent/Maps/Minimal_Default.Minimal_Default:PersistentLevel.Minimal_Default'
[2017.04.26-18.59.49:260][831]LogPlayLevel: PlayLevel: No blueprints needed recompiling
[2017.04.26-18.59.49:260][831]PIE: New page: PIE session: Minimal_Default (Apr 26, 2017, 10:59:49 PM)
[2017.04.26-18.59.49:260][831]LogPlayLevel: Creating play world package: /Game/StarterContent/Maps/UEDPIE_0_Minimal_Default
[2017.04.26-18.59.49:277][831]LogPlayLevel: PIE: StaticDuplicateObject took: (0.016844s)
[2017.04.26-18.59.49:277][831]LogAIModule: Creating AISystem for world Minimal_Default
[2017.04.26-18.59.49:278][831]LogPlayLevel: PIE: World Init took: (0.000746s)
[2017.04.26-18.59.49:278][831]LogPlayLevel: PIE: Created PIE world by copying editor world from /Game/StarterContent/Maps/Minimal_Default.Minimal_Default to /Game/StarterContent/Maps/UEDPIE_0_Minimal_Default.Minimal_Default (0.017875s)
[2017.04.26-18.59.49:300][831]LogInit: XAudio2 using 'Altavoces (Realtek High Definition Audio)' : 2 channels at 48 kHz using 32 bits per sample (channel mask 0x3)
[2017.04.26-18.59.49:343][831]LogInit: FAudioDevice initialized.
[2017.04.26-18.59.49:374][831]LogLoad: Game class is 'FirstPersonGameMode_C'
[2017.04.26-18.59.49:381][831]LogWorld: Bringing World /Game/StarterContent/Maps/UEDPIE_0_Minimal_Default.Minimal_Default up for play (max tick rate 60) at 2017.04.26-20.59.49
[2017.04.26-18.59.49:381][831]LogWorld: Bringing up level for play took: 0.005798
[2017.04.26-18.59.49:386][831]PIE: Info Play in editor start time for /Game/StarterContent/Maps/UEDPIE_0_Minimal_Default 0.212
[2017.04.26-18.59.49:386][831]LogBlueprintUserMessages: Late PlayInEditor Detection: Level '/Game/StarterContent/Maps/Minimal_Default.Minimal_Default:PersistentLevel' has LevelScriptBlueprint '/Game/StarterContent/Maps/Minimal_Default.Minimal_Default:PersistentLevel.Minimal_Default' with GeneratedClass '/Game/StarterContent/Maps/Minimal_Default.Minimal_Default_C' with ClassGeneratedBy '/Game/StarterContent/Maps/Minimal_Default.Minimal_Default:PersistentLevel.Minimal_Default'
[2017.04.26-19.00.03:441][526]LogSpawn:Warning: SpawnActor failed because of collision at the spawn location [X=216.104 Y=702.705 Z=487.141] for [FirstPersonProjectile_C]
[2017.04.26-19.00.05:264][616]LogBlueprintUserMessages: Early EndPlayMap Detection: Level '/Game/StarterContent/Maps/Minimal_Default.Minimal_Default:PersistentLevel' has LevelScriptBlueprint '/Game/StarterContent/Maps/Minimal_Default.Minimal_Default:PersistentLevel.Minimal_Default' with GeneratedClass '/Game/StarterContent/Maps/Minimal_Default.Minimal_Default_C' with ClassGeneratedBy '/Game/StarterContent/Maps/Minimal_Default.Minimal_Default:PersistentLevel.Minimal_Default'
[2017.04.26-19.00.05:318][616]LogBlueprintUserMessages: Late EndPlayMap Detection: Level '/Game/StarterContent/Maps/Minimal_Default.Minimal_Default:PersistentLevel' has LevelScriptBlueprint '/Game/StarterContent/Maps/Minimal_Default.Minimal_Default:PersistentLevel.Minimal_Default' with GeneratedClass '/Game/StarterContent/Maps/Minimal_Default.Minimal_Default_C' with ClassGeneratedBy '/Game/StarterContent/Maps/Minimal_Default.Minimal_Default:PersistentLevel.Minimal_Default'
[2017.04.26-19.03.32:275][748]BlueprintLog: New page: Compile FirstPersonCharacter
[2017.04.26-19.03.32:350][748]LogBlueprint:Warning: [Compiler FirstPersonCharacter] Warning InputAction Event references unknown Action 'ResetVR' for  InputAction ResetVR
[2017.04.26-19.03.32:519][748]BlueprintEditorCompileResults:Warning: Warning InputAction Event references unknown Action 'ResetVR' for  InputAction ResetVR
[2017.04.26-19.03.32:520][748]LogBlueprint:Warning: [Compiler FirstPersonCharacter] Warning [0400.44] Compile of FirstPersonCharacter successful, but with 1 Warning(s) [in 244 ms] (/Game/FirstPersonBP/Blueprints/FirstPersonCharacter.FirstPersonCharacter)
[2017.04.26-19.03.34:792][841]LogTemp: Repeting last play command: Selected Viewport
[2017.04.26-19.03.34:819][841]LogBlueprintUserMessages: Early PlayInEditor Detection: Level '/Game/StarterContent/Maps/Minimal_Default.Minimal_Default:PersistentLevel' has LevelScriptBlueprint '/Game/StarterContent/Maps/Minimal_Default.Minimal_Default:PersistentLevel.Minimal_Default' with GeneratedClass '/Game/StarterContent/Maps/Minimal_Default.Minimal_Default_C' with ClassGeneratedBy '/Game/StarterContent/Maps/Minimal_Default.Minimal_Default:PersistentLevel.Minimal_Default'
[2017.04.26-19.03.34:819][841]LogPlayLevel: PlayLevel: No blueprints needed recompiling
[2017.04.26-19.03.34:820][841]PIE: New page: PIE session: Minimal_Default (Apr 26, 2017, 11:03:34 PM)
[2017.04.26-19.03.34:820][841]LogPlayLevel: Creating play world package: /Game/StarterContent/Maps/UEDPIE_0_Minimal_Default
[2017.04.26-19.03.34:837][841]LogPlayLevel: PIE: StaticDuplicateObject took: (0.017113s)
[2017.04.26-19.03.34:839][841]LogAIModule: Creating AISystem for world Minimal_Default
[2017.04.26-19.03.34:840][841]LogPlayLevel: PIE: World Init took: (0.002861s)
[2017.04.26-19.03.34:840][841]LogPlayLevel: PIE: Created PIE world by copying editor world from /Game/StarterContent/Maps/Minimal_Default.Minimal_Default to /Game/StarterContent/Maps/UEDPIE_0_Minimal_Default.Minimal_Default (0.020456s)
[2017.04.26-19.03.34:864][841]LogInit: XAudio2 using 'Altavoces (Realtek High Definition Audio)' : 2 channels at 48 kHz using 32 bits per sample (channel mask 0x3)
[2017.04.26-19.03.34:905][841]LogInit: FAudioDevice initialized.
[2017.04.26-19.03.34:937][841]LogLoad: Game class is 'FirstPersonGameMode_C'
[2017.04.26-19.03.34:944][841]LogWorld: Bringing World /Game/StarterContent/Maps/UEDPIE_0_Minimal_Default.Minimal_Default up for play (max tick rate 60) at 2017.04.26-21.03.34
[2017.04.26-19.03.34:944][841]LogWorld: Bringing up level for play took: 0.005543
[2017.04.26-19.03.34:949][841]PIE: Info Play in editor start time for /Game/StarterContent/Maps/UEDPIE_0_Minimal_Default -0.225
[2017.04.26-19.03.34:949][841]LogBlueprintUserMessages: Late PlayInEditor Detection: Level '/Game/StarterContent/Maps/Minimal_Default.Minimal_Default:PersistentLevel' has LevelScriptBlueprint '/Game/StarterContent/Maps/Minimal_Default.Minimal_Default:PersistentLevel.Minimal_Default' with GeneratedClass '/Game/StarterContent/Maps/Minimal_Default.Minimal_Default_C' with ClassGeneratedBy '/Game/StarterContent/Maps/Minimal_Default.Minimal_Default:PersistentLevel.Minimal_Default'
[2017.04.26-19.03.38:568][ 22]LogBlueprintUserMessages: Early EndPlayMap Detection: Level '/Game/StarterContent/Maps/Minimal_Default.Minimal_Default:PersistentLevel' has LevelScriptBlueprint '/Game/StarterContent/Maps/Minimal_Default.Minimal_Default:PersistentLevel.Minimal_Default' with GeneratedClass '/Game/StarterContent/Maps/Minimal_Default.Minimal_Default_C' with ClassGeneratedBy '/Game/StarterContent/Maps/Minimal_Default.Minimal_Default:PersistentLevel.Minimal_Default'
[2017.04.26-19.03.38:626][ 22]LogBlueprintUserMessages: Late EndPlayMap Detection: Level '/Game/StarterContent/Maps/Minimal_Default.Minimal_Default:PersistentLevel' has LevelScriptBlueprint '/Game/StarterContent/Maps/Minimal_Default.Minimal_Default:PersistentLevel.Minimal_Default' with GeneratedClass '/Game/StarterContent/Maps/Minimal_Default.Minimal_Default_C' with ClassGeneratedBy '/Game/StarterContent/Maps/Minimal_Default.Minimal_Default:PersistentLevel.Minimal_Default'
[2017.04.26-19.04.50:200][858]BlueprintLog: New page: Compile FirstPersonCharacter
[2017.04.26-19.04.50:346][858]LogBlueprint:Warning: [Compiler FirstPersonCharacter] Warning InputAction Event references unknown Action 'ResetVR' for  InputAction ResetVR
[2017.04.26-19.04.50:658][858]BlueprintEditorCompileResults:Warning: Warning InputAction Event references unknown Action 'ResetVR' for  InputAction ResetVR
[2017.04.26-19.04.50:659][858]LogBlueprint:Warning: [Compiler FirstPersonCharacter] Warning [0478.58] Compile of FirstPersonCharacter successful, but with 1 Warning(s) [in 458 ms] (/Game/FirstPersonBP/Blueprints/FirstPersonCharacter.FirstPersonCharacter)
[2017.04.26-19.04.53:016][961]LogTemp: Repeting last play command: Selected Viewport
[2017.04.26-19.04.53:044][961]LogBlueprintUserMessages: Early PlayInEditor Detection: Level '/Game/StarterContent/Maps/Minimal_Default.Minimal_Default:PersistentLevel' has LevelScriptBlueprint '/Game/StarterContent/Maps/Minimal_Default.Minimal_Default:PersistentLevel.Minimal_Default' with GeneratedClass '/Game/StarterContent/Maps/Minimal_Default.Minimal_Default_C' with ClassGeneratedBy '/Game/StarterContent/Maps/Minimal_Default.Minimal_Default:PersistentLevel.Minimal_Default'
[2017.04.26-19.04.53:044][961]LogPlayLevel: PlayLevel: No blueprints needed recompiling
[2017.04.26-19.04.53:044][961]PIE: New page: PIE session: Minimal_Default (Apr 26, 2017, 11:04:53 PM)
[2017.04.26-19.04.53:044][961]LogPlayLevel: Creating play world package: /Game/StarterContent/Maps/UEDPIE_0_Minimal_Default
[2017.04.26-19.04.53:061][961]LogPlayLevel: PIE: StaticDuplicateObject took: (0.016456s)
[2017.04.26-19.04.53:062][961]LogAIModule: Creating AISystem for world Minimal_Default
[2017.04.26-19.04.53:063][961]LogPlayLevel: PIE: World Init took: (0.001935s)
[2017.04.26-19.04.53:063][961]LogPlayLevel: PIE: Created PIE world by copying editor world from /Game/StarterContent/Maps/Minimal_Default.Minimal_Default to /Game/StarterContent/Maps/UEDPIE_0_Minimal_Default.Minimal_Default (0.018820s)
[2017.04.26-19.04.53:086][961]LogInit: XAudio2 using 'Altavoces (Realtek High Definition Audio)' : 2 channels at 48 kHz using 32 bits per sample (channel mask 0x3)
[2017.04.26-19.04.53:123][961]LogInit: FAudioDevice initialized.
[2017.04.26-19.04.53:153][961]LogLoad: Game class is 'FirstPersonGameMode_C'
[2017.04.26-19.04.53:160][961]LogWorld: Bringing World /Game/StarterContent/Maps/UEDPIE_0_Minimal_Default.Minimal_Default up for play (max tick rate 60) at 2017.04.26-21.04.53
[2017.04.26-19.04.53:160][961]LogWorld: Bringing up level for play took: 0.005437
[2017.04.26-19.04.53:165][961]PIE: Info Play in editor start time for /Game/StarterContent/Maps/UEDPIE_0_Minimal_Default -0.009
[2017.04.26-19.04.53:165][961]LogBlueprintUserMessages: Late PlayInEditor Detection: Level '/Game/StarterContent/Maps/Minimal_Default.Minimal_Default:PersistentLevel' has LevelScriptBlueprint '/Game/StarterContent/Maps/Minimal_Default.Minimal_Default:PersistentLevel.Minimal_Default' with GeneratedClass '/Game/StarterContent/Maps/Minimal_Default.Minimal_Default_C' with ClassGeneratedBy '/Game/StarterContent/Maps/Minimal_Default.Minimal_Default:PersistentLevel.Minimal_Default'
[2017.04.26-19.04.57:123][150]LogSpawn:Warning: SpawnActor failed because of collision at the spawn location [X=843.423 Y=362.759 Z=480.991] for [FirstPersonProjectile_C]
[2017.04.26-19.04.57:427][165]LogSpawn:Warning: SpawnActor failed because of collision at the spawn location [X=744.344 Y=308.010 Z=490.965] for [FirstPersonProjectile_C]
[2017.04.26-19.04.57:553][171]LogSpawn:Warning: SpawnActor failed because of collision at the spawn location [X=750.165 Y=292.814 Z=468.379] for [FirstPersonProjectile_C]
[2017.04.26-19.05.19:408][228]LogBlueprintUserMessages: Early EndPlayMap Detection: Level '/Game/StarterContent/Maps/Minimal_Default.Minimal_Default:PersistentLevel' has LevelScriptBlueprint '/Game/StarterContent/Maps/Minimal_Default.Minimal_Default:PersistentLevel.Minimal_Default' with GeneratedClass '/Game/StarterContent/Maps/Minimal_Default.Minimal_Default_C' with ClassGeneratedBy '/Game/StarterContent/Maps/Minimal_Default.Minimal_Default:PersistentLevel.Minimal_Default'
[2017.04.26-19.05.19:467][228]LogBlueprintUserMessages: Late EndPlayMap Detection: Level '/Game/StarterContent/Maps/Minimal_Default.Minimal_Default:PersistentLevel' has LevelScriptBlueprint '/Game/StarterContent/Maps/Minimal_Default.Minimal_Default:PersistentLevel.Minimal_Default' with GeneratedClass '/Game/StarterContent/Maps/Minimal_Default.Minimal_Default_C' with ClassGeneratedBy '/Game/StarterContent/Maps/Minimal_Default.Minimal_Default:PersistentLevel.Minimal_Default'
[2017.04.26-19.05.20:706][283]LogTemp: Repeting last play command: Selected Viewport
[2017.04.26-19.05.20:750][283]LogBlueprintUserMessages: Early PlayInEditor Detection: Level '/Game/StarterContent/Maps/Minimal_Default.Minimal_Default:PersistentLevel' has LevelScriptBlueprint '/Game/StarterContent/Maps/Minimal_Default.Minimal_Default:PersistentLevel.Minimal_Default' with GeneratedClass '/Game/StarterContent/Maps/Minimal_Default.Minimal_Default_C' with ClassGeneratedBy '/Game/StarterContent/Maps/Minimal_Default.Minimal_Default:PersistentLevel.Minimal_Default'
[2017.04.26-19.05.20:750][283]LogPlayLevel: PlayLevel: No blueprints needed recompiling
[2017.04.26-19.05.20:750][283]PIE: New page: PIE session: Minimal_Default (Apr 26, 2017, 11:05:20 PM)
[2017.04.26-19.05.20:750][283]LogPlayLevel: Creating play world package: /Game/StarterContent/Maps/UEDPIE_0_Minimal_Default
[2017.04.26-19.05.20:777][283]LogPlayLevel: PIE: StaticDuplicateObject took: (0.026495s)
[2017.04.26-19.05.20:777][283]LogAIModule: Creating AISystem for world Minimal_Default
[2017.04.26-19.05.20:778][283]LogPlayLevel: PIE: World Init took: (0.000935s)
[2017.04.26-19.05.20:778][283]LogPlayLevel: PIE: Created PIE world by copying editor world from /Game/StarterContent/Maps/Minimal_Default.Minimal_Default to /Game/StarterContent/Maps/UEDPIE_0_Minimal_Default.Minimal_Default (0.027770s)
[2017.04.26-19.05.20:812][283]LogInit: XAudio2 using 'Altavoces (Realtek High Definition Audio)' : 2 channels at 48 kHz using 32 bits per sample (channel mask 0x3)
[2017.04.26-19.05.20:879][283]LogInit: FAudioDevice initialized.
[2017.04.26-19.05.20:913][283]LogLoad: Game class is 'FirstPersonGameMode_C'
[2017.04.26-19.05.20:923][283]LogWorld: Bringing World /Game/StarterContent/Maps/UEDPIE_0_Minimal_Default.Minimal_Default up for play (max tick rate 60) at 2017.04.26-21.05.20
[2017.04.26-19.05.20:923][283]LogWorld: Bringing up level for play took: 0.008989
[2017.04.26-19.05.20:931][283]PIE: Info Play in editor start time for /Game/StarterContent/Maps/UEDPIE_0_Minimal_Default -0.243
[2017.04.26-19.05.20:931][283]LogBlueprintUserMessages: Late PlayInEditor Detection: Level '/Game/StarterContent/Maps/Minimal_Default.Minimal_Default:PersistentLevel' has LevelScriptBlueprint '/Game/StarterContent/Maps/Minimal_Default.Minimal_Default:PersistentLevel.Minimal_Default' with GeneratedClass '/Game/StarterContent/Maps/Minimal_Default.Minimal_Default_C' with ClassGeneratedBy '/Game/StarterContent/Maps/Minimal_Default.Minimal_Default:PersistentLevel.Minimal_Default'
[2017.04.26-19.05.25:868][540]LogSpawn:Warning: SpawnActor failed because of collision at the spawn location [X=706.407 Y=502.095 Z=521.449] for [FirstPersonProjectile_C]
[2017.04.26-19.05.26:063][550]LogSpawn:Warning: SpawnActor failed because of collision at the spawn location [X=699.625 Y=513.601 Z=512.235] for [FirstPersonProjectile_C]
[2017.04.26-19.06.24:448][497]LogBlueprintUserMessages: Early EndPlayMap Detection: Level '/Game/StarterContent/Maps/Minimal_Default.Minimal_Default:PersistentLevel' has LevelScriptBlueprint '/Game/StarterContent/Maps/Minimal_Default.Minimal_Default:PersistentLevel.Minimal_Default' with GeneratedClass '/Game/StarterContent/Maps/Minimal_Default.Minimal_Default_C' with ClassGeneratedBy '/Game/StarterContent/Maps/Minimal_Default.Minimal_Default:PersistentLevel.Minimal_Default'
[2017.04.26-19.06.24:492][497]LogBlueprintUserMessages: Late EndPlayMap Detection: Level '/Game/StarterContent/Maps/Minimal_Default.Minimal_Default:PersistentLevel' has LevelScriptBlueprint '/Game/StarterContent/Maps/Minimal_Default.Minimal_Default:PersistentLevel.Minimal_Default' with GeneratedClass '/Game/StarterContent/Maps/Minimal_Default.Minimal_Default_C' with ClassGeneratedBy '/Game/StarterContent/Maps/Minimal_Default.Minimal_Default:PersistentLevel.Minimal_Default'
[2017.04.26-19.06.41:854][313]LogSlate: Took 0.000135 seconds to synchronously load lazily loaded font '../../../Engine/Content/Slate/Fonts/Roboto-Light.ttf' (159K)
[2017.04.26-19.06.45:944][499]BlueprintLog: New page: Compile HUD
[2017.04.26-19.06.45:987][499]LogBlueprint:Warning: [Compiler FirstPersonCharacter] Warning InputAction Event references unknown Action 'ResetVR' for  InputAction ResetVR
[2017.04.26-19.06.46:184][499]Cmd: OBJ SAVEPACKAGE PACKAGE="/Game/FirstPersonBP/Maps/HUD" FILE="../../../../../../Users/jose_/Documents/GitHub/LastBulletVR/LastBullet/Content/FirstPersonBP/Maps/HUD.uasset" SILENT=true
[2017.04.26-19.06.46:236][499]LogSavePackage: Save=40.00ms
[2017.04.26-19.06.46:236][499]LogSavePackage: Moving '../../../../../../Users/jose_/Documents/GitHub/LastBulletVR/LastBullet/Saved/HUDC483FA364535B3F3D39DDBB823F3997C.tmp' to '../../../../../../Users/jose_/Documents/GitHub/LastBulletVR/LastBullet/Content/FirstPersonBP/Maps/HUD.uasset'
[2017.04.26-19.06.46:240][499]LogSavePackage:Display: Finished SavePackage ../../../../../../Users/jose_/Documents/GitHub/LastBulletVR/LastBullet/Content/FirstPersonBP/Maps/HUD.uasset
[2017.04.26-19.06.46:808][525]Cmd: OBJ SAVEPACKAGE PACKAGE="/Game/FirstPersonBP/Maps/HUD" FILE="../../../../../../Users/jose_/Documents/GitHub/LastBulletVR/LastBullet/Content/FirstPersonBP/Maps/HUD.uasset" SILENT=true
[2017.04.26-19.06.46:854][525]LogSavePackage: Save=40.62ms
[2017.04.26-19.06.46:854][525]LogSavePackage: Moving '../../../../../../Users/jose_/Documents/GitHub/LastBulletVR/LastBullet/Saved/HUD737BEEC74B13738188240B8E3BFEA015.tmp' to '../../../../../../Users/jose_/Documents/GitHub/LastBulletVR/LastBullet/Content/FirstPersonBP/Maps/HUD.uasset'
[2017.04.26-19.06.46:856][525]LogSavePackage:Display: Finished SavePackage ../../../../../../Users/jose_/Documents/GitHub/LastBulletVR/LastBullet/Content/FirstPersonBP/Maps/HUD.uasset
[2017.04.26-19.06.49:483][640]LogSavePackage: Save=131.39ms
[2017.04.26-19.06.49:483][640]LogSavePackage: Moving '../../../../../../Users/jose_/Documents/GitHub/LastBulletVR/LastBullet/Saved/FirstPersonCharacter7EE9B5704B1181B0BA8B8E9E8C599A85.tmp' to '../../../../../../Users/jose_/Documents/GitHub/LastBulletVR/LastBullet/Content/FirstPersonBP/Blueprints/FirstPersonCharacter.uasset'
[2017.04.26-19.06.49:487][640]LogSavePackage:Display: Finished SavePackage ../../../../../../Users/jose_/Documents/GitHub/LastBulletVR/LastBullet/Content/FirstPersonBP/Blueprints/FirstPersonCharacter.uasset
[2017.04.26-19.06.51:336][745]LogTemp: Repeting last play command: Selected Viewport
[2017.04.26-19.06.51:367][745]LogBlueprintUserMessages: Early PlayInEditor Detection: Level '/Game/StarterContent/Maps/Minimal_Default.Minimal_Default:PersistentLevel' has LevelScriptBlueprint '/Game/StarterContent/Maps/Minimal_Default.Minimal_Default:PersistentLevel.Minimal_Default' with GeneratedClass '/Game/StarterContent/Maps/Minimal_Default.Minimal_Default_C' with ClassGeneratedBy '/Game/StarterContent/Maps/Minimal_Default.Minimal_Default:PersistentLevel.Minimal_Default'
[2017.04.26-19.06.51:367][745]LogPlayLevel: PlayLevel: No blueprints needed recompiling
[2017.04.26-19.06.51:367][745]PIE: New page: PIE session: Minimal_Default (Apr 26, 2017, 11:06:51 PM)
[2017.04.26-19.06.51:367][745]LogPlayLevel: Creating play world package: /Game/StarterContent/Maps/UEDPIE_0_Minimal_Default
[2017.04.26-19.06.51:383][745]LogPlayLevel: PIE: StaticDuplicateObject took: (0.015617s)
[2017.04.26-19.06.51:383][745]LogAIModule: Creating AISystem for world Minimal_Default
[2017.04.26-19.06.51:383][745]LogPlayLevel: PIE: World Init took: (0.000713s)
[2017.04.26-19.06.51:384][745]LogPlayLevel: PIE: Created PIE world by copying editor world from /Game/StarterContent/Maps/Minimal_Default.Minimal_Default to /Game/StarterContent/Maps/UEDPIE_0_Minimal_Default.Minimal_Default (0.016621s)
[2017.04.26-19.06.51:407][745]LogInit: XAudio2 using 'Altavoces (Realtek High Definition Audio)' : 2 channels at 48 kHz using 32 bits per sample (channel mask 0x3)
[2017.04.26-19.06.51:446][745]LogInit: FAudioDevice initialized.
[2017.04.26-19.06.51:481][745]LogLoad: Game class is 'FirstPersonGameMode_C'
[2017.04.26-19.06.51:487][745]LogWorld: Bringing World /Game/StarterContent/Maps/UEDPIE_0_Minimal_Default.Minimal_Default up for play (max tick rate 60) at 2017.04.26-21.06.51
[2017.04.26-19.06.51:487][745]LogWorld: Bringing up level for play took: 0.005060
[2017.04.26-19.06.51:491][745]PIE: Info Play in editor start time for /Game/StarterContent/Maps/UEDPIE_0_Minimal_Default 0.318
[2017.04.26-19.06.51:491][745]LogBlueprintUserMessages: Late PlayInEditor Detection: Level '/Game/StarterContent/Maps/Minimal_Default.Minimal_Default:PersistentLevel' has LevelScriptBlueprint '/Game/StarterContent/Maps/Minimal_Default.Minimal_Default:PersistentLevel.Minimal_Default' with GeneratedClass '/Game/StarterContent/Maps/Minimal_Default.Minimal_Default_C' with ClassGeneratedBy '/Game/StarterContent/Maps/Minimal_Default.Minimal_Default:PersistentLevel.Minimal_Default'
[2017.04.26-19.06.58:223][ 83]LogBlueprintUserMessages: Early EndPlayMap Detection: Level '/Game/StarterContent/Maps/Minimal_Default.Minimal_Default:PersistentLevel' has LevelScriptBlueprint '/Game/StarterContent/Maps/Minimal_Default.Minimal_Default:PersistentLevel.Minimal_Default' with GeneratedClass '/Game/StarterContent/Maps/Minimal_Default.Minimal_Default_C' with ClassGeneratedBy '/Game/StarterContent/Maps/Minimal_Default.Minimal_Default:PersistentLevel.Minimal_Default'
[2017.04.26-19.06.58:277][ 83]LogBlueprintUserMessages: Late EndPlayMap Detection: Level '/Game/StarterContent/Maps/Minimal_Default.Minimal_Default:PersistentLevel' has LevelScriptBlueprint '/Game/StarterContent/Maps/Minimal_Default.Minimal_Default:PersistentLevel.Minimal_Default' with GeneratedClass '/Game/StarterContent/Maps/Minimal_Default.Minimal_Default_C' with ClassGeneratedBy '/Game/StarterContent/Maps/Minimal_Default.Minimal_Default:PersistentLevel.Minimal_Default'
[2017.04.26-19.06.59:333][121]LogWindowsTextInputMethodSystem:Display: IME system now deactivated.
[2017.04.26-19.06.59:334][121]LogWindowsTextInputMethodSystem:Display: IME system now deactivated.
[2017.04.26-19.06.59:565][122]Cmd: QUIT_EDITOR
[2017.04.26-19.07.00:047][122]LogExit: Preparing to exit.
[2017.04.26-19.07.00:420][122]LogDirectoryWatcher: A directory notification for 'C:/Users/jose_/Documents/GitHub/LastBulletVR/LastBullet/Content/' was aborted.
[2017.04.26-19.07.00:465][122]LogExit: Editor shut down
[2017.04.26-19.07.00:465][122]LogExit: Transaction tracking system shut down
[2017.04.26-19.07.00:573][122]LogObj: Freed 0b from 0 cluster array pools.
[2017.04.26-19.07.00:573][122]LogExit: Object subsystem successfully closed.
[2017.04.26-19.07.00:590][122]LogD3D11RHI: Shutdown
[2017.04.26-19.07.00:590][122]LogD3D11RHI: CleanupD3DDevice
[2017.04.26-19.07.00:769][122]LogD3D11RHI: ~FD3D11DynamicRHI
[2017.04.26-19.07.00:783][122]LogModuleManager: Shutting down and abandoning module SequencerWidgets (506)
[2017.04.26-19.07.00:784][122]LogModuleManager: Shutting down and abandoning module MovieSceneCapture (504)
[2017.04.26-19.07.00:784][122]LogModuleManager: Shutting down and abandoning module BlueprintGraph (502)
[2017.04.26-19.07.00:784][122]LogModuleManager: Shutting down and abandoning module BlueprintProfiler (500)
[2017.04.26-19.07.00:784][122]LogModuleManager: Shutting down and abandoning module HierarchicalLODOutliner (498)
[2017.04.26-19.07.00:784][122]LogModuleManager: Shutting down and abandoning module CrashTracker (496)
[2017.04.26-19.07.00:784][122]LogModuleManager: Shutting down and abandoning module SceneOutliner (494)
[2017.04.26-19.07.00:784][122]LogModuleManager: Shutting down and abandoning module AddContentDialog (492)
[2017.04.26-19.07.00:784][122]LogDirectoryWatcher: A directory notification for 'C:/Program Files/Epic Games/UE_4.15/FeaturePacks/' was aborted.
[2017.04.26-19.07.00:784][122]LogModuleManager: Shutting down and abandoning module WidgetCarousel (491)
[2017.04.26-19.07.00:784][122]LogModuleManager: Shutting down and abandoning module EditorWidgets (488)
[2017.04.26-19.07.00:784][122]LogModuleManager: Shutting down and abandoning module CollectionManager (486)
[2017.04.26-19.07.00:785][122]LogDirectoryWatcher: A directory notification for 'C:/Users/jose_/Documents/GitHub/LastBulletVR/LastBullet/Content/Collections/' was aborted.
[2017.04.26-19.07.00:785][122]LogDirectoryWatcher: A directory notification for 'C:/Users/jose_/Documents/GitHub/LastBulletVR/LastBullet/Content/Developers/jose/Collections/' was aborted.
[2017.04.26-19.07.00:785][122]LogDirectoryWatcher: A directory notification for 'C:/Users/jose_/Documents/GitHub/LastBulletVR/LastBullet/Saved/Collections/' was aborted.
[2017.04.26-19.07.00:785][122]LogModuleManager: Shutting down and abandoning module StatsViewer (484)
[2017.04.26-19.07.00:785][122]LogModuleManager: Shutting down and abandoning module FoliageEdit (482)
[2017.04.26-19.07.00:785][122]LogModuleManager: Shutting down and abandoning module LandscapeEditor (480)
[2017.04.26-19.07.00:785][122]LogModuleManager: Shutting down and abandoning module SceneDepthPickerMode (478)
[2017.04.26-19.07.00:785][122]LogModuleManager: Shutting down and abandoning module ActorPickerMode (476)
[2017.04.26-19.07.00:785][122]LogModuleManager: Shutting down and abandoning module GeometryMode (474)
[2017.04.26-19.07.00:785][122]LogModuleManager: Shutting down and abandoning module TextureAlignMode (472)
[2017.04.26-19.07.00:785][122]LogModuleManager: Shutting down and abandoning module BspMode (470)
[2017.04.26-19.07.00:785][122]LogModuleManager: Shutting down and abandoning module HardwareSurvey (468)
[2017.04.26-19.07.00:785][122]LogModuleManager: Shutting down and abandoning module SequenceRecorderSections (466)
[2017.04.26-19.07.00:785][122]LogModuleManager: Shutting down and abandoning module AutomationWorker (464)
[2017.04.26-19.07.00:785][122]LogModuleManager: Shutting down and abandoning module MatineeToLevelSequence (462)
[2017.04.26-19.07.00:785][122]LogModuleManager: Shutting down and abandoning module LevelSequenceEditor (460)
[2017.04.26-19.07.00:785][122]LogModuleManager: Shutting down and abandoning module PlacementMode (459)
[2017.04.26-19.07.00:785][122]LogModuleManager: Shutting down and abandoning module WmfMediaFactory (456)
[2017.04.26-19.07.00:785][122]LogModuleManager: Shutting down and abandoning module WmfMediaEditor (454)
[2017.04.26-19.07.00:785][122]LogModuleManager: Shutting down and abandoning module MfMediaFactory (452)
[2017.04.26-19.07.00:785][122]LogModuleManager: Shutting down and abandoning module MfMediaEditor (450)
[2017.04.26-19.07.00:785][122]LogModuleManager: Shutting down and abandoning module AvfMediaFactory (448)
[2017.04.26-19.07.00:785][122]LogModuleManager: Shutting down and abandoning module AvfMediaEditor (446)
[2017.04.26-19.07.00:785][122]LogModuleManager: Shutting down and abandoning module AndroidMediaFactory (444)
[2017.04.26-19.07.00:785][122]LogModuleManager: Shutting down and abandoning module Media (443)
[2017.04.26-19.07.00:785][122]LogModuleManager: Shutting down and abandoning module AndroidMediaEditor (440)
[2017.04.26-19.07.00:785][122]LogModuleManager: Shutting down and abandoning module CharacterAI (438)
[2017.04.26-19.07.00:785][122]LogModuleManager: Shutting down and abandoning module AudioCapture (436)
[2017.04.26-19.07.00:785][122]LogModuleManager: Shutting down and abandoning module SequenceRecorder (435)
[2017.04.26-19.07.00:785][122]LogModuleManager: Shutting down and abandoning module SmartSnapping (432)
[2017.04.26-19.07.00:785][122]LogModuleManager: Shutting down and abandoning module SessionServices (430)
[2017.04.26-19.07.00:785][122]LogModuleManager: Shutting down and abandoning module ViewportSnapping (428)
[2017.04.26-19.07.00:785][122]LogModuleManager: Shutting down and abandoning module ViewportInteraction (426)
[2017.04.26-19.07.00:786][122]LogModuleManager: Shutting down and abandoning module LogVisualizer (424)
[2017.04.26-19.07.00:786][122]LogModuleManager: Shutting down and abandoning module IntroTutorials (422)
[2017.04.26-19.07.00:786][122]LogModuleManager: Shutting down and abandoning module GameProjectGeneration (421)
[2017.04.26-19.07.00:786][122]LogModuleManager: Shutting down and abandoning module EditorLiveStreaming (418)
[2017.04.26-19.07.00:786][122]LogModuleManager: Shutting down and abandoning module IOSPlatformEditor (416)
[2017.04.26-19.07.00:786][122]LogModuleManager: Shutting down and abandoning module HTML5PlatformEditor (414)
[2017.04.26-19.07.00:786][122]LogModuleManager: Shutting down and abandoning module AndroidPlatformEditor (412)
[2017.04.26-19.07.00:786][122]LogModuleManager: Shutting down and abandoning module AndroidDeviceDetection (411)
[2017.04.26-19.07.01:476][122]LogModuleManager: Shutting down and abandoning module IOSRuntimeSettings (408)
[2017.04.26-19.07.01:476][122]LogModuleManager: Shutting down and abandoning module AndroidRuntimeSettings (406)
[2017.04.26-19.07.01:476][122]LogModuleManager: Shutting down and abandoning module InputBindingEditor (404)
[2017.04.26-19.07.01:476][122]LogModuleManager: Shutting down and abandoning module NiagaraEditor (402)
[2017.04.26-19.07.01:476][122]LogModuleManager: Shutting down and abandoning module MergeActors (400)
[2017.04.26-19.07.01:476][122]LogModuleManager: Shutting down and abandoning module SizeMap (398)
[2017.04.26-19.07.01:476][122]LogModuleManager: Shutting down and abandoning module TreeMap (396)
[2017.04.26-19.07.01:476][122]LogModuleManager: Shutting down and abandoning module ReferenceViewer (394)
[2017.04.26-19.07.01:476][122]LogModuleManager: Shutting down and abandoning module LocalizationDashboard (392)
[2017.04.26-19.07.01:476][122]LogModuleManager: Shutting down and abandoning module LocalizationService (391)
[2017.04.26-19.07.01:476][122]LogModuleManager: Shutting down and abandoning module HardwareTargeting (388)
[2017.04.26-19.07.01:476][122]LogModuleManager: Shutting down and abandoning module DeviceProfileEditor (386)
[2017.04.26-19.07.01:476][122]LogModuleManager: Shutting down and abandoning module UndoHistory (384)
[2017.04.26-19.07.01:476][122]LogModuleManager: Shutting down and abandoning module UserFeedback (382)
[2017.04.26-19.07.01:476][122]LogModuleManager: Shutting down and abandoning module XmlParser (380)
[2017.04.26-19.07.01:476][122]LogModuleManager: Shutting down and abandoning module Blutility (378)
[2017.04.26-19.07.01:476][122]LogModuleManager: Shutting down and abandoning module ProjectSettingsViewer (376)
[2017.04.26-19.07.01:476][122]LogModuleManager: Shutting down and abandoning module ProjectTargetPlatformEditor (375)
[2017.04.26-19.07.01:477][122]LogModuleManager: Shutting down and abandoning module EditorSettingsViewer (372)
[2017.04.26-19.07.01:477][122]LogModuleManager: Shutting down and abandoning module SettingsEditor (370)
[2017.04.26-19.07.01:477][122]LogModuleManager: Shutting down and abandoning module ProjectLauncher (368)
[2017.04.26-19.07.01:477][122]LogModuleManager: Shutting down and abandoning module SessionFrontend (366)
[2017.04.26-19.07.01:477][122]LogModuleManager: Shutting down and abandoning module ProfilerClient (364)
[2017.04.26-19.07.01:477][122]LogModuleManager: Shutting down and abandoning module DeviceManager (362)
[2017.04.26-19.07.01:477][122]LogModuleManager: Shutting down and abandoning module TargetDeviceServices (361)
[2017.04.26-19.07.01:518][122]LogModuleManager: Shutting down and abandoning module AutomationController (358)
[2017.04.26-19.07.01:518][122]LogModuleManager: Shutting down and abandoning module AutomationWindow (356)
[2017.04.26-19.07.01:518][122]LogModuleManager: Shutting down and abandoning module Layers (354)
[2017.04.26-19.07.01:518][122]LogModuleManager: Shutting down and abandoning module ComponentVisualizers (352)
[2017.04.26-19.07.01:518][122]LogModuleManager: Shutting down and abandoning module DetailCustomizations (350)
[2017.04.26-19.07.01:518][122]LogModuleManager: Shutting down and abandoning module PackagesDialog (348)
[2017.04.26-19.07.01:518][122]LogModuleManager: Shutting down and abandoning module Persona (346)
[2017.04.26-19.07.01:518][122]LogModuleManager: Shutting down and abandoning module AnimGraph (345)
[2017.04.26-19.07.01:518][122]LogModuleManager: Shutting down and abandoning module Kismet (342)
[2017.04.26-19.07.01:526][122]LogModuleManager: Shutting down and abandoning module GraphEditor (340)
[2017.04.26-19.07.01:526][122]LogModuleManager: Shutting down and abandoning module ClassViewer (338)
[2017.04.26-19.07.01:526][122]LogModuleManager: Shutting down and abandoning module Toolbox (336)
[2017.04.26-19.07.01:526][122]LogModuleManager: Shutting down and abandoning module ModuleUI (334)
[2017.04.26-19.07.01:527][122]LogModuleManager: Shutting down and abandoning module MovieSceneTools (332)
[2017.04.26-19.07.01:527][122]LogModuleManager: Shutting down and abandoning module OutputLog (330)
[2017.04.26-19.07.01:527][122]LogModuleManager: Shutting down and abandoning module GammaUI (328)
[2017.04.26-19.07.01:527][122]LogModuleManager: Shutting down and abandoning module Documentation (326)
[2017.04.26-19.07.01:527][122]LogModuleManager: Shutting down and abandoning module Niagara (324)
[2017.04.26-19.07.01:527][122]LogModuleManager: Shutting down and abandoning module StreamingPauseRendering (322)
[2017.04.26-19.07.01:527][122]LogModuleManager: Shutting down and abandoning module AnalyticsET (320)
[2017.04.26-19.07.01:527][122]LogModuleManager: Shutting down and abandoning module PortalServices (318)
[2017.04.26-19.07.01:527][122]LogModuleManager: Shutting down and abandoning module PortalRpc (316)
[2017.04.26-19.07.01:527][122]LogModuleManager: Shutting down and abandoning module MessagingRpc (314)
[2017.04.26-19.07.01:527][122]LogModuleManager: Shutting down and abandoning module AIModule (312)
[2017.04.26-19.07.01:527][122]LogModuleManager: Shutting down and abandoning module GameplayDebugger (311)
[2017.04.26-19.07.01:527][122]LogModuleManager: Shutting down and abandoning module AITestSuite (309)
[2017.04.26-19.07.01:527][122]LogModuleManager: Shutting down and abandoning module ProfilerService (306)
[2017.04.26-19.07.01:545][122]LogModuleManager: Shutting down and abandoning module TaskGraph (304)
[2017.04.26-19.07.01:545][122]LogModuleManager: Shutting down and abandoning module SteamVRController (302)
[2017.04.26-19.07.01:545][122]LogModuleManager: Shutting down and abandoning module SteamVR (300)
[2017.04.26-19.07.01:545][122]LogModuleManager: Shutting down and abandoning module ProceduralMeshComponentEditor (298)
[2017.04.26-19.07.01:545][122]LogModuleManager: Shutting down and abandoning module ProceduralMeshComponent (296)
[2017.04.26-19.07.01:545][122]LogModuleManager: Shutting down and abandoning module OculusLibrary (294)
[2017.04.26-19.07.01:545][122]LogModuleManager: Shutting down and abandoning module OculusInput (292)
[2017.04.26-19.07.01:545][122]LogModuleManager: Shutting down and abandoning module MobilePatchingUtils (290)
[2017.04.26-19.07.01:545][122]LogModuleManager: Shutting down and abandoning module CustomMeshComponent (288)
[2017.04.26-19.07.01:545][122]LogModuleManager: Shutting down and abandoning module CableComponent (286)
[2017.04.26-19.07.01:545][122]LogModuleManager: Shutting down and abandoning module ArchVisCharacter (284)
[2017.04.26-19.07.01:545][122]LogModuleManager: Shutting down and abandoning module MediaPlayerEditor (280)
[2017.04.26-19.07.01:545][122]LogModuleManager: Shutting down and abandoning module HTML5Networking (278)
[2017.04.26-19.07.01:545][122]LogModuleManager: Shutting down and abandoning module AlembicImporter (276)
[2017.04.26-19.07.01:545][122]LogModuleManager: Shutting down and abandoning module AlembicLibrary (275)
[2017.04.26-19.07.01:545][122]LogModuleManager: Shutting down and abandoning module GeometryCache (274)
[2017.04.26-19.07.01:545][122]LogModuleManager: Shutting down and abandoning module GeometryCacheEd (273)
[2017.04.26-19.07.01:545][122]LogModuleManager: Shutting down and abandoning module SuperSearchEditor (268)
[2017.04.26-19.07.01:545][122]LogModuleManager: Shutting down and abandoning module SuperSearch (267)
[2017.04.26-19.07.01:545][122]LogModuleManager: Shutting down and abandoning module SpeedTreeImporter (264)
[2017.04.26-19.07.01:545][122]LogModuleManager: Shutting down and abandoning module PluginBrowser (262)
[2017.04.26-19.07.01:546][122]LogModuleManager: Shutting down and abandoning module MobileLauncherProfileWizard (260)
[2017.04.26-19.07.01:546][122]LogModuleManager: Shutting down and abandoning module EpicSurvey (258)
[2017.04.26-19.07.01:546][122]LogModuleManager: Shutting down and abandoning module VisualStudioSourceCodeAccess (256)
[2017.04.26-19.07.01:546][122]LogModuleManager: Shutting down and abandoning module DesktopPlatform (255)
[2017.04.26-19.07.01:546][122]LogModuleManager: Shutting down and abandoning module UObjectPlugin (252)
[2017.04.26-19.07.01:546][122]LogModuleManager: Shutting down and abandoning module SubversionSourceControl (250)
[2017.04.26-19.07.01:546][122]LogModuleManager: Shutting down and abandoning module PerforceSourceControl (248)
[2017.04.26-19.07.01:546][122]LogModuleManager: Shutting down and abandoning module GitSourceControl (246)
[2017.04.26-19.07.01:546][122]LogModuleManager: Shutting down and abandoning module SourceControl (245)
[2017.04.26-19.07.01:546][122]LogModuleManager: Shutting down and abandoning module LightPropagationVolumeEditor (242)
[2017.04.26-19.07.01:546][122]LogModuleManager: Shutting down and abandoning module PaperTiledImporter (240)
[2017.04.26-19.07.01:546][122]LogModuleManager: Shutting down and abandoning module PaperSpriteSheetImporter (238)
[2017.04.26-19.07.01:546][122]LogModuleManager: Shutting down and abandoning module Paper2DEditor (236)
[2017.04.26-19.07.01:546][122]LogModuleManager: Shutting down and abandoning module MeshPaint (235)
[2017.04.26-19.07.01:546][122]LogModuleManager: Shutting down and abandoning module LevelEditor (233)
[2017.04.26-19.07.01:547][122]LogModuleManager: Shutting down and abandoning module PixelInspectorModule (232)
[2017.04.26-19.07.01:547][122]LogModuleManager: Shutting down and abandoning module MainFrame (230)
[2017.04.26-19.07.01:547][122]LogModuleManager: Shutting down and abandoning module HotReload (229)
[2017.04.26-19.07.01:548][122]LogModuleManager: Shutting down and abandoning module ContentBrowser (225)
[2017.04.26-19.07.01:549][122]LogModuleManager: Shutting down and abandoning module PhysXVehiclesEditor (222)
[2017.04.26-19.07.01:549][122]LogModuleManager: Shutting down and abandoning module PhysXVehicles (220)
[2017.04.26-19.07.01:549][122]LogModuleManager: Shutting down and abandoning module LocationServicesBPLibrary (218)
[2017.04.26-19.07.01:549][122]LogModuleManager: Shutting down and abandoning module UdpMessaging (216)
[2017.04.26-19.07.01:651][122]LogModuleManager: Shutting down and abandoning module TcpMessaging (214)
[2017.04.26-19.07.01:751][122]LogModuleManager: Shutting down and abandoning module GameplayTagsEditor (212)
[2017.04.26-19.07.01:751][122]LogModuleManager: Shutting down and abandoning module FacialAnimationEditor (210)
[2017.04.26-19.07.01:751][122]LogModuleManager: Shutting down and abandoning module FacialAnimation (208)
[2017.04.26-19.07.01:751][122]LogModuleManager: Shutting down and abandoning module LightPropagationVolumeRuntime (206)
[2017.04.26-19.07.01:751][122]LogModuleManager: Shutting down and abandoning module Paper2D (204)
[2017.04.26-19.07.01:751][122]LogModuleManager: Shutting down and abandoning module WindowsMoviePlayer (202)
[2017.04.26-19.07.01:751][122]LogModuleManager: Shutting down and abandoning module WmfMedia (200)
[2017.04.26-19.07.01:752][122]LogModuleManager: Shutting down and abandoning module MfMedia (198)
[2017.04.26-19.07.01:752][122]LogModuleManager: Shutting down and abandoning module MediaAssets (196)
[2017.04.26-19.07.01:752][122]LogModuleManager: Shutting down and abandoning module GameLiveStreaming (194)
[2017.04.26-19.07.01:752][122]LogModuleManager: Shutting down and abandoning module VREditor (192)
[2017.04.26-19.07.01:752][122]LogModuleManager: Shutting down and abandoning module GameplayTasksEditor (190)
[2017.04.26-19.07.01:752][122]LogModuleManager: Shutting down and abandoning module BehaviorTreeEditor (188)
[2017.04.26-19.07.01:752][122]LogModuleManager: Shutting down and abandoning module FunctionalTesting (186)
[2017.04.26-19.07.01:752][122]LogModuleManager: Shutting down and abandoning module CollisionAnalyzer (184)
[2017.04.26-19.07.01:752][122]LogModuleManager: Shutting down and abandoning module UMG (182)
[2017.04.26-19.07.01:752][122]LogModuleManager: Shutting down and abandoning module UMGEditor (181)
[2017.04.26-19.07.01:753][122]LogModuleManager: Shutting down and abandoning module Sequencer (180)
[2017.04.26-19.07.01:753][122]LogModuleManager: Shutting down and abandoning module AssetTools (178)
[2017.04.26-19.07.01:753][122]LogModuleManager: Shutting down and abandoning module MessageLog (177)
[2017.04.26-19.07.01:753][122]LogModuleManager: Shutting down and abandoning module WorkspaceMenuStructure (176)
[2017.04.26-19.07.01:753][122]LogModuleManager: Shutting down and abandoning module SlateReflector (170)
[2017.04.26-19.07.01:753][122]LogModuleManager: Shutting down and abandoning module Slate (168)
[2017.04.26-19.07.01:753][122]LogModuleManager: Shutting down and abandoning module EditorStyle (166)
[2017.04.26-19.07.01:765][122]LogModuleManager: Shutting down and abandoning module SourceCodeAccess (164)
[2017.04.26-19.07.01:765][122]LogModuleManager: Shutting down and abandoning module HeadMountedDisplay (162)
[2017.04.26-19.07.01:765][122]LogModuleManager: Shutting down and abandoning module XAudio2 (160)
[2017.04.26-19.07.01:765][122]LogModuleManager: Shutting down and abandoning module Networking (158)
[2017.04.26-19.07.01:765][122]LogModuleManager: Shutting down and abandoning module Core (154)
[2017.04.26-19.07.01:765][122]LogModuleManager: Shutting down and abandoning module AssetRegistry (152)
[2017.04.26-19.07.01:988][122]LogDirectoryWatcher: A directory notification for '../../../Engine/Content/' was aborted.
[2017.04.26-19.07.01:988][122]LogDirectoryWatcher: A directory notification for '../../../../../../Users/jose_/Documents/GitHub/LastBulletVR/LastBullet/Content/' was aborted.
[2017.04.26-19.07.01:988][122]LogDirectoryWatcher: A directory notification for '../../../Engine/Plugins/2D/Paper2D/Content/' was aborted.
[2017.04.26-19.07.01:988][122]LogModuleManager: Shutting down and abandoning module DirectoryWatcher (151)
[2017.04.26-19.07.01:989][122]LogModuleManager: Shutting down and abandoning module KismetCompiler (148)
[2017.04.26-19.07.01:989][122]LogModuleManager: Shutting down and abandoning module PhysXFormats (146)
[2017.04.26-19.07.01:989][122]LogModuleManager: Shutting down and abandoning module MeshUtilities (144)
[2017.04.26-19.07.01:989][122]LogModuleManager: Shutting down and abandoning module SimplygonSwarm (143)
[2017.04.26-19.07.01:989][122]LogModuleManager: Shutting down and abandoning module SimplygonMeshReduction (141)
[2017.04.26-19.07.01:989][122]LogModuleManager: Shutting down and abandoning module QuadricMeshReduction (139)
[2017.04.26-19.07.01:989][122]LogModuleManager: Shutting down and abandoning module PropertyEditor (137)
[2017.04.26-19.07.01:990][122]LogModuleManager: Shutting down and abandoning module DerivedDataCache (134)
[2017.04.26-19.07.02:055][122]LogDerivedDataCache: Shutdown
[2017.04.26-19.07.02:055][122]LogModuleManager: Shutting down and abandoning module TargetPlatform (132)
[2017.04.26-19.07.02:055][122]LogModuleManager: Shutting down and abandoning module VulkanShaderFormat (131)
[2017.04.26-19.07.02:055][122]LogModuleManager: Shutting down and abandoning module ShaderFormatOpenGL (129)
[2017.04.26-19.07.02:055][122]LogModuleManager: Shutting down and abandoning module ShaderFormatD3D (127)
[2017.04.26-19.07.02:055][122]LogModuleManager: Shutting down and abandoning module MetalShaderFormat (125)
[2017.04.26-19.07.02:055][122]LogModuleManager: Shutting down and abandoning module TextureFormatUncompressed (123)
[2017.04.26-19.07.02:055][122]LogModuleManager: Shutting down and abandoning module TextureFormatPVR (121)
[2017.04.26-19.07.02:055][122]LogModuleManager: Shutting down and abandoning module TextureFormatDXT (119)
[2017.04.26-19.07.02:055][122]LogModuleManager: Shutting down and abandoning module TextureFormatIntelISPCTexComp (117)
[2017.04.26-19.07.02:055][122]LogModuleManager: Shutting down and abandoning module TextureFormatASTC (115)
[2017.04.26-19.07.02:055][122]LogModuleManager: Shutting down and abandoning module ImageWrapper (114)
[2017.04.26-19.07.02:055][122]LogModuleManager: Shutting down and abandoning module TextureFormatAndroid (111)
[2017.04.26-19.07.02:055][122]LogModuleManager: Shutting down and abandoning module AudioFormatOpus (109)
[2017.04.26-19.07.02:055][122]LogModuleManager: Shutting down and abandoning module AudioFormatOgg (107)
[2017.04.26-19.07.02:056][122]LogModuleManager: Shutting down and abandoning module AudioFormatADPCM (105)
[2017.04.26-19.07.02:056][122]LogModuleManager: Shutting down and abandoning module LinuxTargetPlatform (103)
[2017.04.26-19.07.02:056][122]LogModuleManager: Shutting down and abandoning module LinuxServerTargetPlatform (101)
[2017.04.26-19.07.02:056][122]LogModuleManager: Shutting down and abandoning module LinuxNoEditorTargetPlatform (99)
[2017.04.26-19.07.02:056][122]LogModuleManager: Shutting down and abandoning module LinuxClientTargetPlatform (97)
[2017.04.26-19.07.02:056][122]LogModuleManager: Shutting down and abandoning module TVOSTargetPlatform (95)
[2017.04.26-19.07.02:056][122]LogModuleManager: Shutting down and abandoning module Messaging (93)
[2017.04.26-19.07.02:056][122]LogModuleManager: Shutting down and abandoning module IOSTargetPlatform (91)
[2017.04.26-19.07.02:056][122]LogModuleManager: Shutting down and abandoning module HTML5TargetPlatform (89)
[2017.04.26-19.07.02:056][122]LogModuleManager: Shutting down and abandoning module Android_PVRTCTargetPlatform (87)
[2017.04.26-19.07.02:056][122]LogModuleManager: Shutting down and abandoning module Android_MultiTargetPlatform (85)
[2017.04.26-19.07.02:056][122]LogModuleManager: Shutting down and abandoning module Android_ETC2TargetPlatform (83)
[2017.04.26-19.07.02:056][122]LogModuleManager: Shutting down and abandoning module Android_ETC1TargetPlatform (81)
[2017.04.26-19.07.02:056][122]LogModuleManager: Shutting down and abandoning module Android_DXTTargetPlatform (79)
[2017.04.26-19.07.02:056][122]LogModuleManager: Shutting down and abandoning module Android_ATCTargetPlatform (77)
[2017.04.26-19.07.02:056][122]LogModuleManager: Shutting down and abandoning module Android_ASTCTargetPlatform (75)
[2017.04.26-19.07.02:056][122]LogModuleManager: Shutting down and abandoning module AndroidTargetPlatform (73)
[2017.04.26-19.07.02:056][122]LogModuleManager: Shutting down and abandoning module WindowsTargetPlatform (71)
[2017.04.26-19.07.02:056][122]LogModuleManager: Shutting down and abandoning module WindowsServerTargetPlatform (69)
[2017.04.26-19.07.02:056][122]LogModuleManager: Shutting down and abandoning module WindowsNoEditorTargetPlatform (67)
[2017.04.26-19.07.02:056][122]LogModuleManager: Shutting down and abandoning module WindowsClientTargetPlatform (65)
[2017.04.26-19.07.02:056][122]LogModuleManager: Shutting down and abandoning module MacTargetPlatform (63)
[2017.04.26-19.07.02:056][122]LogModuleManager: Shutting down and abandoning module MacServerTargetPlatform (61)
[2017.04.26-19.07.02:056][122]LogModuleManager: Shutting down and abandoning module MacNoEditorTargetPlatform (59)
[2017.04.26-19.07.02:056][122]LogModuleManager: Shutting down and abandoning module MacClientTargetPlatform (57)
[2017.04.26-19.07.02:056][122]LogModuleManager: Shutting down and abandoning module AllDesktopTargetPlatform (55)
[2017.04.26-19.07.02:056][122]LogModuleManager: Shutting down and abandoning module InputCore (52)
[2017.04.26-19.07.02:056][122]LogModuleManager: Shutting down and abandoning module Settings (50)
[2017.04.26-19.07.02:056][122]LogModuleManager: Shutting down and abandoning module OculusRift (48)
[2017.04.26-19.07.02:057][122]LogModuleManager: Shutting down and abandoning module GearVR (46)
[2017.04.26-19.07.02:057][122]LogModuleManager: Shutting down and abandoning module ExampleDeviceProfileSelector (44)
[2017.04.26-19.07.02:057][122]LogModuleManager: Shutting down and abandoning module OnlineBlueprintSupport (42)
[2017.04.26-19.07.02:057][122]LogModuleManager: Shutting down and abandoning module OnlineSubsystem (38)
[2017.04.26-19.07.02:057][122]LogOnline:Display: Unloading online subsystem: NULL
[2017.04.26-19.07.02:057][122]LogModuleManager: Shutting down and abandoning module XMPP (37)
[2017.04.26-19.07.02:057][122]LogModuleManager: Shutting down and abandoning module HTTP (35)
[2017.04.26-19.07.02:057][122]LogHttp:Display: Http module shutting down, but needs to wait on 1 outstanding Http requests:
[2017.04.26-19.07.02:057][122]LogHttp:Display: 	verb=[POST] url=[https://datarouter.ol.epicgames.com/datarouter/api/v1/public/data?SessionID=%7BF2627C4C-48AB-8C6F-9B7D-63BADBC71418%7D&AppID=UEEditor.Rocket.Release&AppVersion=4.15.1-3348071%2B%2B%2BUE4%2BRelease-4.15&UserID=b001de5b45e5acaf0e6945b031774733%7C110700a2fc624ba6959c79c1c7378d2c%7Cc4768b7d-3e8a-4111-98c4-e572acc32675&AppEnvironment=datacollector-binary&UploadType=eteventstream] status=Processing
[2017.04.26-19.07.02:064][122]LogModuleManager: Shutting down and abandoning module SSL (34)
[2017.04.26-19.07.02:068][122]LogModuleManager: Shutting down and abandoning module AudioEditor (30)
[2017.04.26-19.07.02:068][122]LogModuleManager: Shutting down and abandoning module TextureCompressor (28)
[2017.04.26-19.07.02:069][122]LogModuleManager: Shutting down and abandoning module ShaderCore (26)
[2017.04.26-19.07.02:069][122]LogModuleManager: Shutting down and abandoning module Landscape (24)
[2017.04.26-19.07.02:069][122]LogModuleManager: Shutting down and abandoning module SlateRHIRenderer (22)
[2017.04.26-19.07.02:074][122]LogModuleManager: Shutting down and abandoning module OpenGLDrv (20)
[2017.04.26-19.07.02:074][122]LogModuleManager: Shutting down and abandoning module D3D11RHI (18)
[2017.04.26-19.07.02:074][122]LogModuleManager: Shutting down and abandoning module AnimGraphRuntime (16)
[2017.04.26-19.07.02:074][122]LogModuleManager: Shutting down and abandoning module Renderer (14)
[2017.04.26-19.07.02:074][122]LogModuleManager: Shutting down and abandoning module Engine (12)
[2017.04.26-19.07.02:074][122]LogModuleManager: Shutting down and abandoning module CoreUObject (10)
[2017.04.26-19.07.02:074][122]LogModuleManager: Shutting down and abandoning module NetworkFile (8)
[2017.04.26-19.07.02:074][122]LogModuleManager: Shutting down and abandoning module StreamingFile (6)
[2017.04.26-19.07.02:074][122]LogModuleManager: Shutting down and abandoning module SandboxFile (4)
[2017.04.26-19.07.02:074][122]LogModuleManager: Shutting down and abandoning module PakFile (2)
[2017.04.26-19.07.02:078][122]LogExit: Exiting.
[2017.04.26-19.07.02:082][122]Log file closed, 04/26/17 21:07:02
