Log file open, 04/26/17 18:09:09
LogInit:Display: Running engine for game: LastBullet
LogPlatformFile: Not using cached read wrapper
LogInit:Display: RandInit(1857201139) SRandInit(1857201139).
LogTaskGraph: Started task graph with 5 named threads and 8 total threads with 1 sets of task threads.
LogStats: Stats thread started at 0.096828
LogInit: Using libcurl 7.47.1
LogInit:  - built for x86_64-pc-win32
LogInit:  - supports SSL with OpenSSL/1.0.2g
LogInit:  - supports HTTP deflate (compression) using libz 1.2.8
LogInit:  - other features:
LogInit:      CURL_VERSION_SSL
LogInit:      CURL_VERSION_LIBZ
LogInit:      CURL_VERSION_IPV6
LogInit:      CURL_VERSION_ASYNCHDNS
LogInit:      CURL_VERSION_LARGEFILE
LogInit:      CURL_VERSION_IDN
LogInit:  CurlRequestOptions (configurable via config and command line):
LogInit:  - bVerifyPeer = false  - Libcurl will NOT verify peer certificate
LogInit:  - bUseHttpProxy = false  - Libcurl will NOT use HTTP proxy
LogInit:  - bDontReuseConnections = false  - Libcurl will reuse connections
LogInit:  - CertBundlePath = nullptr  - Libcurl will use whatever was configured at build time.
LogInit: Build: ++UE4+Release-4.15-CL-3348071
LogInit: Engine Version: 4.15.1-3348071+++UE4+Release-4.15
LogInit: Compatible Engine Version: 4.15.0-3299760+++UE4+Release-4.15
LogInit: Net CL: 3299760
LogDevObjectVersion: Number of dev versions registered: 14
LogDevObjectVersion:   Dev-Blueprints (B0D832E4-1F89-4F0D-ACCF-7EB736FD4AA2): 8
LogDevObjectVersion:   Dev-Build (E1C64328-A22C-4D53-A36C-8E866417BD8C): 0
LogDevObjectVersion:   Dev-Core (375EC13C-06E4-48FB-B500-84F0262A717E): 2
LogDevObjectVersion:   Dev-Editor (E4B068ED-F494-42E9-A231-DA0B2E46BB41): 14
LogDevObjectVersion:   Dev-Framework (CFFC743F-43B0-4480-9391-14DF171D2073): 22
LogDevObjectVersion:   Dev-Mobile (B02B49B5-BB20-44E9-A304-32B752E40360): 0
LogDevObjectVersion:   Dev-Networking (A4E4105C-59A1-49B5-A7C5-40C4547EDFEE): 0
LogDevObjectVersion:   Dev-Online (39C831C9-5AE6-47DC-9A44-9C173E1C8E7C): 0
LogDevObjectVersion:   Dev-Physics (78F01B33-EBEA-4F98-B9B4-84EACCB95AA2): 0
LogDevObjectVersion:   Dev-Platform (6631380F-2D4D-43E0-8009-CF276956A95A): 0
LogDevObjectVersion:   Dev-Rendering (12F88B9F-8875-4AFC-A67C-D90C383ABD29): 12
LogDevObjectVersion:   Dev-Sequencer (7B5AE74C-D270-4C10-A958-57980B212A5A): 3
LogDevObjectVersion:   Dev-VR (D7296918-1DD6-4BDD-9DE2-64A83CC13884): 0
LogDevObjectVersion:   Dev-LoadTimes (C2A15278-BFE7-4AFE-6C17-90FF531DF755): 1
LogInit: Compiled (64-bit): Mar 15 2017 16:52:47
LogInit: Compiled with Visual C++: 19.00.23026.00
LogInit: Build Configuration: Development
LogInit: Branch Name: ++UE4+Release-4.15
LogInit: Command line:  
LogInit: Base directory: D:/Program Files/Epic Games/UE_4.15/Engine/Binaries/Win64/
LogInit: Installed Engine Build: 1
LogInit: Presizing for max 8388607 objects, including 0 objects not considered by GC, pre-allocating 0 bytes for permanent pool.
LogInit: Object subsystem initialized
[2017.04.26-16.09.10:081][  0]LogInit: Selected Device Profile: [Windows]
[2017.04.26-16.09.10:081][  0]LogInit: Applying CVar settings loaded from the selected device profile: [Windows]
[2017.04.26-16.09.10:088][  0]LogInit: Computer: DESKTOP-T9NOKQO
[2017.04.26-16.09.10:088][  0]LogInit: User: cripe
[2017.04.26-16.09.10:088][  0]LogInit: CPU Page size=65536, Cores=4
[2017.04.26-16.09.10:088][  0]LogInit: High frequency timer resolution =2.435773 MHz
[2017.04.26-16.09.10:088][  0]LogMemory: Memory total: Physical=15.9GB (16GB approx)
[2017.04.26-16.09.10:088][  0]LogMemory: Platform Memory Stats for Windows
[2017.04.26-16.09.10:088][  0]LogMemory: Process Physical Memory: 263.27 MB used, 263.27 MB peak
[2017.04.26-16.09.10:088][  0]LogMemory: Process Virtual Memory: 262.69 MB used, 262.69 MB peak
[2017.04.26-16.09.10:088][  0]LogMemory: Physical Memory: 5185.32 MB used,  11117.82 MB free, 16303.14 MB total
[2017.04.26-16.09.10:088][  0]LogMemory: Virtual Memory: 645.25 MB used,  11117.82 MB free, 134217728.00 MB total
[2017.04.26-16.09.10:753][  0]LogInit: Overriding culture en with editor configuration.
[2017.04.26-16.09.11:360][  0]LogD3D11RHI: D3D11 adapters:
[2017.04.26-16.09.11:907][  0]LogD3D11RHI:    0. 'NVIDIA GeForce GTX 860M' (Feature Level 11_0)
[2017.04.26-16.09.11:907][  0]LogD3D11RHI:       2017/0/8151 MB DedicatedVideo/DedicatedSystem/SharedSystem, Outputs:1, VendorId:0x10de
[2017.04.26-16.09.11:916][  0]LogD3D11RHI:    1. 'Intel(R) HD Graphics 4600' (Feature Level 11_0)
[2017.04.26-16.09.11:916][  0]LogD3D11RHI:       112/0/2048 MB DedicatedVideo/DedicatedSystem/SharedSystem, Outputs:0, VendorId:0x8086
[2017.04.26-16.09.11:917][  0]LogD3D11RHI:    2. 'Microsoft Basic Render Driver' (Feature Level 11_0)
[2017.04.26-16.09.11:917][  0]LogD3D11RHI:       0/0/8151 MB DedicatedVideo/DedicatedSystem/SharedSystem, Outputs:0, VendorId:0x1414
[2017.04.26-16.09.11:917][  0]LogD3D11RHI: Chosen D3D11 Adapter: 0
[2017.04.26-16.09.11:922][  0]LogD3D11RHI: Creating new Direct3DDevice
[2017.04.26-16.09.11:922][  0]LogD3D11RHI:     GPU DeviceId: 0x119a (for the marketing name, search the web for "GPU Device Id")
[2017.04.26-16.09.11:922][  0]LogWindows: EnumDisplayDevices:
[2017.04.26-16.09.11:922][  0]LogWindows:    0. 'Intel(R) HD Graphics 4600' (P:1 D:1)
[2017.04.26-16.09.11:922][  0]LogWindows:    1. 'Intel(R) HD Graphics 4600' (P:0 D:0)
[2017.04.26-16.09.11:922][  0]LogWindows:    2. 'Intel(R) HD Graphics 4600' (P:0 D:0)
[2017.04.26-16.09.11:922][  0]LogWindows:    3. 'Intel(R) HD Graphics 4600' (P:0 D:0)
[2017.04.26-16.09.11:922][  0]LogWindows:    4. 'Intel(R) HD Graphics 4600' (P:0 D:0)
[2017.04.26-16.09.11:923][  0]LogWindows:    5. 'Intel(R) HD Graphics 4600' (P:0 D:0)
[2017.04.26-16.09.11:923][  0]LogWindows: DebugString: PrimaryIsNotTheChoosenAdapter PrimaryIsNotTheChoosenAdapter PrimaryIsNotTheChoosenAdapter PrimaryIsNotTheChoosenAdapter PrimaryIsNotTheChoosenAdapter PrimaryIsNotTheChoosenAdapter FoundDriverCount:0 
[2017.04.26-16.09.11:923][  0]LogD3D11RHI:     Adapter Name: NVIDIA GeForce GTX 860M
[2017.04.26-16.09.11:923][  0]LogD3D11RHI:   Driver Version: Unknown (internal:Unknown, unified:Unknown)
[2017.04.26-16.09.11:923][  0]LogD3D11RHI:      Driver Date: Unknown
[2017.04.26-16.09.11:923][  0]LogRHI: Texture pool is 1361 MB (70% of 1945 MB)
[2017.04.26-16.09.12:451][  0]LogD3D11RHI:Warning: Timestamp queries are currently disabled on this hardware due to instability. Realtime GPU stats will not be available. You can override this behaviour by setting r.NVIDIATimestampWorkaround to 0
[2017.04.26-16.09.12:452][  0]LogD3D11RHI: Async texture creation enabled
[2017.04.26-16.09.12:501][  0]LogD3D11RHI: GPU Timing Frequency: 1000.000000 (Debug: 2 1)
[2017.04.26-16.09.12:502][  0]LogShaderCompilers: Guid format shader working directory is 0 characters bigger than the processId version (C:/Users/cripe/Desktop/LastBulletVR/LastBullet/Intermediate/Shaders/WorkingDirectory/6712/).
[2017.04.26-16.09.12:502][  0]LogShaderCompilers: Cleaned the shader compiler working directory 'C:/Users/cripe/AppData/Local/Temp/UnrealShaderWorkingDir/23217FBE40BF15B3F6C31D9006C92281/'.
[2017.04.26-16.09.12:502][  0]LogShaderCompilers:Display: Using Local Shader Compiler.
[2017.04.26-16.09.13:542][  0]LogTemp:Display: Loaded TP AllDesktopTargetPlatform
[2017.04.26-16.09.13:586][  0]LogTemp:Display: Loaded TP MacClientTargetPlatform
[2017.04.26-16.09.13:630][  0]LogTemp:Display: Loaded TP MacNoEditorTargetPlatform
[2017.04.26-16.09.13:674][  0]LogTemp:Display: Loaded TP MacServerTargetPlatform
[2017.04.26-16.09.13:718][  0]LogTemp:Display: Loaded TP MacTargetPlatform
[2017.04.26-16.09.13:762][  0]LogTemp:Display: Loaded TP WindowsClientTargetPlatform
[2017.04.26-16.09.13:807][  0]LogTemp:Display: Loaded TP WindowsNoEditorTargetPlatform
[2017.04.26-16.09.13:851][  0]LogTemp:Display: Loaded TP WindowsServerTargetPlatform
[2017.04.26-16.09.13:886][  0]LogTemp:Display: Loaded TP WindowsTargetPlatform
[2017.04.26-16.09.13:928][  0]LogTemp:Display: Loaded TP AndroidTargetPlatform
[2017.04.26-16.09.13:970][  0]LogTemp:Display: Loaded TP Android_ASTCTargetPlatform
[2017.04.26-16.09.14:013][  0]LogTemp:Display: Loaded TP Android_ATCTargetPlatform
[2017.04.26-16.09.14:054][  0]LogTemp:Display: Loaded TP Android_DXTTargetPlatform
[2017.04.26-16.09.14:097][  0]LogTemp:Display: Loaded TP Android_ETC1TargetPlatform
[2017.04.26-16.09.14:141][  0]LogTemp:Display: Loaded TP Android_ETC2TargetPlatform
[2017.04.26-16.09.14:225][  0]LogTemp:Display: Loaded TP Android_MultiTargetPlatform
[2017.04.26-16.09.14:225][  0]LogTemp:Display: Loaded TP Android_PVRTCTargetPlatform
[2017.04.26-16.09.14:251][  0]LogTemp:Display: Loaded TP HTML5TargetPlatform
[2017.04.26-16.09.14:330][  0]LogTemp:Display: Loaded TP IOSTargetPlatform
[2017.04.26-16.09.14:359][  0]LogTemp:Display: Loaded TP TVOSTargetPlatform
[2017.04.26-16.09.14:401][  0]LogTemp:Display: Loaded TP LinuxClientTargetPlatform
[2017.04.26-16.09.14:443][  0]LogTemp:Display: Loaded TP LinuxNoEditorTargetPlatform
[2017.04.26-16.09.14:486][  0]LogTemp:Display: Loaded TP LinuxServerTargetPlatform
[2017.04.26-16.09.14:529][  0]LogTemp:Display: Loaded TP LinuxTargetPlatform
[2017.04.26-16.09.14:529][  0]LogTargetPlatformManager:Display: Building Assets For Windows
[2017.04.26-16.09.14:854][  0]LogDerivedDataCache:Display: Max Cache Size: 512 MB
[2017.04.26-16.09.14:902][  0]LogDerivedDataCache: Loaded boot cache 0.05s 50MB C:/Users/cripe/AppData/Local/UnrealEngine/4.15/DerivedDataCache/Boot.ddc.
[2017.04.26-16.09.14:902][  0]LogDerivedDataCache:Display: Loaded Boot cache: C:/Users/cripe/AppData/Local/UnrealEngine/4.15/DerivedDataCache/Boot.ddc
[2017.04.26-16.09.14:903][  0]LogDerivedDataCache: FDerivedDataBackendGraph:  Pak pak cache file C:/Users/cripe/Desktop/LastBulletVR/LastBullet/DerivedDataCache/DDC.ddp not found, will not use a pak cache.
[2017.04.26-16.09.14:903][  0]LogDerivedDataCache: Unable to find inner node Pak for hierarchical cache Hierarchy.
[2017.04.26-16.09.14:903][  0]LogDerivedDataCache: FDerivedDataBackendGraph:  CompressedPak pak cache file C:/Users/cripe/Desktop/LastBulletVR/LastBullet/DerivedDataCache/Compressed.ddp not found, will not use a pak cache.
[2017.04.26-16.09.14:903][  0]LogDerivedDataCache: Unable to find inner node CompressedPak for hierarchical cache Hierarchy.
[2017.04.26-16.09.14:922][  0]LogDerivedDataCache:Display: Pak cache opened for reading ../../../Engine/DerivedDataCache/Compressed.ddp.
[2017.04.26-16.09.14:933][  0]LogDerivedDataCache: Using Local data cache path C:/Users/cripe/AppData/Local/UnrealEngine/Common/DerivedDataCache: Writable
[2017.04.26-16.09.14:942][  0]LogSlate: Using Freetype 2.6.0
[2017.04.26-16.09.14:943][  0]LogSlate: SlateFontCache - WITH_FREETYPE: 1, WITH_HARFBUZZ: 1
[2017.04.26-16.09.14:943][  0]LogSlate: SlateFontCache - WITH_FREETYPE: 1, WITH_HARFBUZZ: 1
[2017.04.26-16.09.15:211][  0]LogInit: Selected Device Profile: [Windows]
[2017.04.26-16.09.15:213][  0]LogContentStreaming: Texture pool size is 0.00 MB
[2017.04.26-16.09.15:390][  0]LogMeshUtilities: Using QuadricMeshReduction for automatic static mesh reduction
[2017.04.26-16.09.15:422][  0]LogSimplygon: Simplygon DLL not present - disabling.
[2017.04.26-16.09.15:459][  0]LogMeshUtilities: Using SimplygonSwarm for distributed automatic mesh merging
[2017.04.26-16.09.15:459][  0]LogMeshUtilities: No automatic skeletal mesh reduction module available
[2017.04.26-16.09.15:459][  0]LogMeshUtilities: No automatic mesh merging module available
[2017.04.26-16.09.15:953][  0]LogNetVersion: GetLocalNetworkVersion: CL: 3299760, ProjectName: lastbullet, ProjectVersion: , EngineNetworkVersion: 2, GameNetworkVersion: 0, NetworkChecksum: 1522868599
[2017.04.26-16.09.15:994][  0]LogAssetRegistry: FAssetRegistry took 0.0220 seconds to start up
[2017.04.26-16.09.16:027][  0]LogPackageLocalizationCache: Processed 3 localized package path(s) for 1 prioritized culture(s) in 0.016920 seconds
[2017.04.26-16.09.16:032][  0]LogUObjectArray: 32493 objects as part of root set at end of initial load.
[2017.04.26-16.09.16:032][  0]LogUObjectAllocator: 7077032 out of 0 bytes used by permanent object pool.
[2017.04.26-16.09.16:032][  0]LogUObjectArray: CloseDisregardForGC: 0/0 objects in disregard for GC pool
[2017.04.26-16.09.16:077][  0]LogInit: WinSock: version 1.1 (2.2), MaxSocks=32767, MaxUdp=65467
[2017.04.26-16.09.17:464][  0]LogTcpMessaging: Initializing TcpMessaging bridge
[2017.04.26-16.09.17:498][  0]LogUdpMessaging: Initializing bridge on interface 0.0.0.0:0 to multicast group 230.0.0.1:6666.
[2017.04.26-16.09.17:858][  0]LogMaterial: Uniform references updated for custom material expression Custom.
[2017.04.26-16.09.18:159][  0]SourceControl: Info Source control is disabled
[2017.04.26-16.09.18:160][  0]SourceControl: Info Source control is disabled
[2017.04.26-16.09.18:198][  0]SourceControl: Info Source control is disabled
[2017.04.26-16.09.18:233][  0]SourceControl: Info Source control is disabled
[2017.04.26-16.09.19:195][  0]LogEngine: Initializing Engine...
[2017.04.26-16.09.19:195][  0]LogHMD: Failed to initialize OpenVR with code 110
[2017.04.26-16.09.19:385][  0]LogAIModule: Creating AISystem for world Untitled
[2017.04.26-16.09.19:394][  0]LogInit: XAudio2 using 'Altavoces (Realtek High Definition Audio)' : 2 channels at 48 kHz using 32 bits per sample (channel mask 0x3)
[2017.04.26-16.09.19:408][  0]LogInit: FAudioDevice initialized.
[2017.04.26-16.09.19:432][  0]LogDerivedDataCache: Saved boot cache 0.02s 50MB C:/Users/cripe/AppData/Local/UnrealEngine/4.15/DerivedDataCache/Boot.ddc.
[2017.04.26-16.09.19:435][  0]LogInit: Texture streaming: Enabled
[2017.04.26-16.09.19:503][  0]LogEngineSessionManager: EngineSessionManager initialized
[2017.04.26-16.09.19:504][  0]LogEngineSessionManager: EngineSessionManager sent abnormal shutdown report. Type=Crashed, SessionId={A600603F-4D96-D23D-3201-CBACFE71FC62}
[2017.04.26-16.09.19:570][  0]LogInit: Transaction tracking system initialized
[2017.04.26-16.09.19:822][  0]BlueprintLog: New page: Editor Load
[2017.04.26-16.09.20:464][  0]LocalizationService: Info Localization service is disabled
[2017.04.26-16.09.20:961][  0]LogConsoleResponse:Display: 
[2017.04.26-16.09.21:067][  0]LogCook:Display: Max memory allowance for cook 16384mb min free memory 0mb
[2017.04.26-16.09.21:067][  0]LogCook:Display: Mobile HDR setting 1
[2017.04.26-16.09.21:330][  0]LogFileCache: Scanning file cache for directory 'C:/Users/cripe/Desktop/LastBulletVR/LastBullet/Content/' took 0.02s
[2017.04.26-16.09.21:851][  0]SourceControl: Info Source control is disabled
[2017.04.26-16.09.21:908][  0]LogWindowsTextInputMethodSystem:Display: IME system now deactivated.
[2017.04.26-16.09.21:936][  0]LogSlate: Took 0.000234 seconds to synchronously load lazily loaded font '../../../Engine/Content/Slate/Fonts/Roboto-Regular.ttf' (155K)
[2017.04.26-16.09.31:608][  0]LogWindowsTextInputMethodSystem:Display: IME system now deactivated.
[2017.04.26-16.09.31:614][  0]LogWindowsTextInputMethodSystem:Display: IME system now deactivated.
[2017.04.26-16.09.36:557][  0]LogWindowsTextInputMethodSystem:Display: IME system now deactivated.
[2017.04.26-16.09.36:561][  0]LogWindowsTextInputMethodSystem:Display: IME system now deactivated.
[2017.04.26-16.09.36:576][  0]Cmd: MAP LOAD FILE="C:/Users/cripe/Desktop/LastBulletVR/LastBullet/Content/StarterContent/Maps/Minimal_Default.umap" TEMPLATE=0 SHOWPROGRESS=1 FEATURELEVEL=3
[2017.04.26-16.09.36:577][  0]LightingResults: New page: Lighting Build
[2017.04.26-16.09.36:612][  0]MapCheck: New page: Map Check
[2017.04.26-16.09.36:612][  0]LightingResults: New page: Lighting Build
[2017.04.26-16.09.36:626][  0]LogLinker:Warning: Asset 'C:/Users/cripe/Desktop/LastBulletVR/LastBullet/Content/Blueprints/modul_transporttransport_16_Blueprint.uasset' has been saved with empty engine version. The asset will be loaded but may be incompatible.
[2017.04.26-16.09.36:651][  0]LogBlueprint:Warning: Node '/Game/Blueprints/modul_transporttransport_16_Blueprint.modul_transporttransport_16_Blueprint:EdGraph_0.K2Node_FunctionEntry_359' missing NodeGuid because of upgrade from old package version, this can cause deterministic cooking issues please resave package.
[2017.04.26-16.09.36:653][  0]LogBlueprint:Warning: Node '/Game/Blueprints/modul_transporttransport_16_Blueprint.modul_transporttransport_16_Blueprint:EdGraph_1.K2Node_FunctionEntry_359' missing NodeGuid because of upgrade from old package version, this can cause deterministic cooking issues please resave package.
[2017.04.26-16.09.36:657][  0]LogBlueprint:Warning: Node '/Game/Blueprints/modul_transporttransport_16_Blueprint.modul_transporttransport_16_Blueprint:EdGraph_2.K2Node_FunctionEntry_359' missing NodeGuid because of upgrade from old package version, this can cause deterministic cooking issues please resave package.
[2017.04.26-16.09.36:896][  0]LogLinker:Warning: Can't find file '/Game/StarterContent/Maps/Minimal_Default_BuiltData'
[2017.04.26-16.09.36:896][  0]LogLinker:Warning: Can't find file for asset '/Game/StarterContent/Maps/Minimal_Default_BuiltData' while loading C:/Users/cripe/Desktop/LastBulletVR/LastBullet/Content/StarterContent/Maps/Minimal_Default.umap.
[2017.04.26-16.09.36:896][  0]LoadErrors:Error: Error /Game/StarterContent/Maps/Minimal_Default : Can't find file for asset. /Game/StarterContent/Maps/Minimal_Default_BuiltData
[2017.04.26-16.09.36:962][  0]LogLinker:Warning: Asset 'C:/Users/cripe/Desktop/LastBulletVR/LastBullet/Content/Meshes/Space/StarMap_Nebula_1_Mat.uasset' has been saved with empty engine version. The asset will be loaded but may be incompatible.
[2017.04.26-16.09.36:963][  0]LogLinker:Warning: Asset 'C:/Users/cripe/Desktop/LastBulletVR/LastBullet/Content/Meshes/Space/StarMap_Nebula_1.uasset' has been saved with empty engine version. The asset will be loaded but may be incompatible.
[2017.04.26-16.09.36:968][  0]LogLinker:Warning: Asset 'C:/Users/cripe/Desktop/LastBulletVR/LastBullet/Content/Meshes/Space/FX_Map_7.uasset' has been saved with empty engine version. The asset will be loaded but may be incompatible.
[2017.04.26-16.09.36:969][  0]LogLinker:Warning: Asset 'C:/Users/cripe/Desktop/LastBulletVR/LastBullet/Content/Meshes/Space/StarMap_1.uasset' has been saved with empty engine version. The asset will be loaded but may be incompatible.
[2017.04.26-16.09.37:112][  0]LogLinker:Warning: Can't find file '/Game/StarterContent/Maps/Minimal_Default_BuiltData'
[2017.04.26-16.09.37:112][  0]LogLinker:Warning: Can't find file for asset '/Game/StarterContent/Maps/Minimal_Default_BuiltData' while loading C:/Users/cripe/Desktop/LastBulletVR/LastBullet/Content/StarterContent/Maps/Minimal_Default.umap.
[2017.04.26-16.09.37:112][  0]LoadErrors:Error: Error /Game/StarterContent/Maps/Minimal_Default : Can't find file for asset. /Game/StarterContent/Maps/Minimal_Default_BuiltData
[2017.04.26-16.09.37:126][  0]LogLinker:Warning: Can't find file '/Game/StarterContent/Maps/Minimal_Default_BuiltData'
[2017.04.26-16.09.37:126][  0]LogLinker:Warning: Can't find file for asset '/Game/StarterContent/Maps/Minimal_Default_BuiltData' while loading NULL.
[2017.04.26-16.09.37:126][  0]LogLinker:Warning: Can't find file '/Game/StarterContent/Maps/Minimal_Default_BuiltData'
[2017.04.26-16.09.37:127][  0]LogLinker:Warning: Can't find file for asset '/Game/StarterContent/Maps/Minimal_Default_BuiltData' while loading NULL.
[2017.04.26-16.09.37:155][  0]LogLinker:Warning: Can't find file '/Game/StarterContent/Maps/Minimal_Default_BuiltData'
[2017.04.26-16.09.37:155][  0]LoadErrors: Info Failed to load /Game/StarterContent/Maps/Minimal_Default_BuiltData.Minimal_Default_BuiltData Referenced by PersistentLevel
[2017.04.26-16.09.37:155][  0]LogLinker:Warning: Can't find file for asset '/Game/StarterContent/Maps/Minimal_Default_BuiltData' while loading NULL.
[2017.04.26-16.09.37:155][  0]LoadErrors: Info Failed to load /Game/StarterContent/Maps/Minimal_Default_BuiltData.Minimal_Default_BuiltData Referenced by PersistentLevel
[2017.04.26-16.09.37:297][  0]LogBlueprint:Warning: Node '/Game/Blueprints/modul_transporttransport_16_Blueprint.modul_transporttransport_16_Blueprint:UserConstructionScript.K2Node_FunctionEntry_359' missing NodeGuid because of upgrade from old package version, this can cause deterministic cooking issues please resave package.
[2017.04.26-16.09.37:676][  0]LogAIModule: Creating AISystem for world Minimal_Default
[2017.04.26-16.09.37:719][  0]LogEditorServer: Finished looking for orphan Actors (0.000 secs)
[2017.04.26-16.09.37:719][  0]Cmd: MAP CHECKDEP NOCLEARLOG
[2017.04.26-16.09.37:821][  0]MapCheck: Info Map check complete: 0 Error(s), 0 Warning(s), took 101.954ms to complete.
[2017.04.26-16.09.37:821][  0]LogFileHelpers: Loading map 'Minimal_Default' took 1.245
[2017.04.26-16.09.37:941][  0]LogStats:Warning: MetaData mismatch. Did you assign a stat to two groups? New //STATGROUP_Threads//SplashScreenThread///Thread_97c_0///####STATCAT_Advanced#### old //STATGROUP_Threads//SplashScreenThread///Thread_3478_0///####STATCAT_Advanced####
[2017.04.26-16.09.37:941][  0]LogCollectionManager: Loaded 0 collections in 0.001794 seconds
[2017.04.26-16.09.38:011][  0]LogFileCache: Scanning file cache for directory 'C:/Users/cripe/Desktop/LastBulletVR/LastBullet/Saved/Collections/' took 0.01s
[2017.04.26-16.09.38:011][  0]LogFileCache: Scanning file cache for directory 'C:/Users/cripe/Desktop/LastBulletVR/LastBullet/Content/Developers/cripe/Collections/' took 0.01s
[2017.04.26-16.09.38:011][  0]LogFileCache: Scanning file cache for directory 'C:/Users/cripe/Desktop/LastBulletVR/LastBullet/Content/Collections/' took 0.01s
[2017.04.26-16.09.38:011][  0]LogCollectionManager: Rebuilt the GUID cache for 0 collections in 0.000002 seconds
[2017.04.26-16.09.38:021][  0]LogContentBrowser: Native class hierarchy populated in 0.0096 seconds. Added 2245 classes and 453 folders.
[2017.04.26-16.09.38:024][  0]LogStats: UGameplayTagsManager::ConstructGameplayTagTree: Construct from data asset -  0.000 s
[2017.04.26-16.09.38:024][  0]LogStats: UGameplayTagsManager::ConstructGameplayTagTree: GameplayTagTreeChangedEvent.Broadcast -  0.000 s
[2017.04.26-16.09.38:069][  0]LogContentBrowser: Native class hierarchy updated for 'WidgetCarousel' in 0.0005 seconds. Added 0 classes and 0 folders.
[2017.04.26-16.09.38:111][  0]LogContentBrowser: Native class hierarchy updated for 'AddContentDialog' in 0.0005 seconds. Added 0 classes and 0 folders.
[2017.04.26-16.09.38:144][  0]LogContentBrowser: Native class hierarchy updated for 'SceneOutliner' in 0.0005 seconds. Added 1 classes and 2 folders.
[2017.04.26-16.09.38:235][  0]LogCrashTracker: Crashtracker disabled due to settings.
[2017.04.26-16.09.38:245][  0]LogUObjectGlobals:Warning: Failed to find object 'Class None.'
[2017.04.26-16.09.38:299][  0]LogContentBrowser: Native class hierarchy updated for 'HierarchicalLODOutliner' in 0.0005 seconds. Added 1 classes and 2 folders.
[2017.04.26-16.09.38:299][  0]LogLoad: (Engine Initialization) Total time: 29.96 seconds
[2017.04.26-16.09.38:299][  0]LogLoad: (Engine Initialization) Total Blueprint compile time: 0.15 seconds
[2017.04.26-16.09.38:299][  0]LogExternalProfiler: Found external profiler: VSPerf
[2017.04.26-16.09.38:299][  0]LogExternalProfiler: Using external profiler: VSPerf
[2017.04.26-16.09.38:318][  0]LogOcInput: OculusInput pre-init called
[2017.04.26-16.09.38:351][  0]LogContentStreaming: Texture pool size now 1000 MB
[2017.04.26-16.09.38:375][  0]LogSlate: Took 0.000224 seconds to synchronously load lazily loaded font '../../../Engine/Content/Slate/Fonts/Roboto-Bold.ttf' (160K)
[2017.04.26-16.09.38:380][  0]LogSlate: Took 0.000175 seconds to synchronously load lazily loaded font '../../../Engine/Content/Editor/Slate/Fonts/FontAwesome.ttf' (139K)
[2017.04.26-16.09.38:515][  0]LogSlate: Took 0.000217 seconds to synchronously load lazily loaded font '../../../Engine/Content/Slate/Fonts/Roboto-Light.ttf' (159K)
[2017.04.26-16.09.38:559][  0]LogRenderer: Reallocating scene render targets to support 1208x576 NumSamples 1 (Frame:2).
[2017.04.26-16.09.38:647][  1]LogFileCache: Retrieving MD5 hashes for directory 'C:/Users/cripe/Desktop/LastBulletVR/LastBullet/Content/' took 0.32s
[2017.04.26-16.09.38:667][  1]LogAssetRegistry: Asset discovery search completed in 22.6953 seconds
[2017.04.26-16.09.38:667][  1]LogCollectionManager: Rebuilt the object cache for 0 collections in 0.000006 seconds (found 0 objects)
[2017.04.26-16.09.38:667][  1]LogCollectionManager: Fixed up redirectors for 0 collections in 0.000020 seconds (updated 0 objects)
[2017.04.26-16.09.39:350][ 34]LogSlate: Took 0.000266 seconds to synchronously load lazily loaded font '../../../Engine/Content/Slate/Fonts/Roboto-Light.ttf' (159K)
[2017.04.26-16.09.46:408][432]LogLinker:Warning: Can't resolve asset name
[2017.04.26-16.09.46:426][432]LogSlate: Took 0.000183 seconds to synchronously load lazily loaded font '../../../Engine/Content/Slate/Fonts/Roboto-Light.ttf' (159K)
[2017.04.26-16.09.46:867][432]LogContentBrowser: Native class hierarchy updated for 'BlueprintGraph' in 0.0009 seconds. Added 112 classes and 0 folders.
[2017.04.26-16.09.47:554][432]LogSlate: Took 0.000238 seconds to synchronously load lazily loaded font '../../../Engine/Content/Editor/Slate/Fonts/Roboto-BoldCondensed.ttf' (158K)
[2017.04.26-16.10.04:611][280]LogBlueprint:Error: [Compiler AIControllerVR] Error Default value '' for  Targets  is invalid: 'Array inputs (like 'Targets') must have an input wired into them (try connecting a MakeArray node).'
[2017.04.26-16.10.04:613][280]LogBlueprint:Warning: [Compiler AIControllerVR] Warning [0056.27] Compile of AIControllerVR failed. 1 Fatal Issue(s) 0 Warning(s) [in 2 ms] (/Game/FirstPersonBP/IA/AIControllerVR.AIControllerVR)
[2017.04.26-16.10.04:613][280]LogBlueprint:Warning: [Compiler AIControllerVR] Warning [0056.27] Compile of AIControllerVR failed. 1 Fatal Issue(s) 1 Warning(s) [in 0 ms] (/Game/FirstPersonBP/IA/AIControllerVR.AIControllerVR)
[2017.04.26-16.10.04:613][280]LogBlueprint:Warning: [Compiler AIControllerVR] Warning [0056.27] Compile of AIControllerVR failed. 1 Fatal Issue(s) 2 Warning(s) [in 0 ms] (/Game/FirstPersonBP/IA/AIControllerVR.AIControllerVR)
[2017.04.26-16.10.04:986][280]LogAIModule: Creating AISystem for world Ruben
[2017.04.26-16.10.05:041][280]Cmd: MAP LOAD FILE="C:/Users/cripe/Desktop/LastBulletVR/LastBullet/Content/FirstPersonBP/Maps/Ruben.umap" TEMPLATE=0 SHOWPROGRESS=1 FEATURELEVEL=3
[2017.04.26-16.10.05:041][280]LightingResults: New page: Lighting Build
[2017.04.26-16.10.05:042][280]LoadErrors: New page: Loading map: Ruben.umap
[2017.04.26-16.10.05:044][280]MapCheck: New page: Map Check
[2017.04.26-16.10.05:045][280]LightingResults: New page: Lighting Build
[2017.04.26-16.10.05:168][280]LogEditorServer: Finished looking for orphan Actors (0.000 secs)
[2017.04.26-16.10.05:192][280]Cmd: MAP CHECKDEP NOCLEARLOG
[2017.04.26-16.10.05:306][280]MapCheck: Info Map check complete: 0 Error(s), 0 Warning(s), took 114.592ms to complete.
[2017.04.26-16.10.05:307][280]LogFileHelpers: Loading map 'Ruben' took 0.267
[2017.04.26-16.10.11:514][618]LogSlate: Took 0.000401 seconds to synchronously load lazily loaded font '../../../Engine/Content/Editor/Slate/Fonts/Roboto-Italic.ttf' (157K)
[2017.04.26-16.11.11:920][867]LogBlueprint:Error: [Compiler AIControllerVR] Error Default value '' for  Targets  is invalid: 'Array inputs (like 'Targets') must have an input wired into them (try connecting a MakeArray node).'
[2017.04.26-16.11.12:159][867]LogBlueprint:Error: [Compiler AIControllerVR] Error Default value '' for  Targets  is invalid: 'Array inputs (like 'Targets') must have an input wired into them (try connecting a MakeArray node).'
[2017.04.26-16.11.12:320][867]LogBlueprint:Warning: [Compiler AIControllerVR] Warning [0123.98] Compile of AIControllerVR failed. 1 Fatal Issue(s) 0 Warning(s) [in 164 ms] (/Game/FirstPersonBP/IA/AIControllerVR.AIControllerVR)
[2017.04.26-16.11.12:321][867]LogBlueprint:Warning: [Compiler AIControllerVR] Warning [0123.98] Compile of AIControllerVR failed. 1 Fatal Issue(s) 1 Warning(s) [in 0 ms] (/Game/FirstPersonBP/IA/AIControllerVR.AIControllerVR)
[2017.04.26-16.11.12:321][867]LogBlueprint:Warning: [Compiler AIControllerVR] Warning [0123.98] Compile of AIControllerVR failed. 1 Fatal Issue(s) 2 Warning(s) [in 0 ms] (/Game/FirstPersonBP/IA/AIControllerVR.AIControllerVR)
[2017.04.26-16.11.12:321][867]LogBlueprint:Warning: [Compiler AIControllerVR] Warning [0123.98] Compile of AIControllerVR failed. 1 Fatal Issue(s) 3 Warning(s) [in 0 ms] (/Game/FirstPersonBP/IA/AIControllerVR.AIControllerVR)
[2017.04.26-16.11.12:336][867]LogBlueprint:Warning: [Compiler AIControllerVR] Warning [0123.99] Compile of AIControllerVR failed. 1 Fatal Issue(s) 4 Warning(s) [in 15 ms] (/Game/FirstPersonBP/IA/AIControllerVR.AIControllerVR)
[2017.04.26-16.11.12:337][867]LogBlueprint:Warning: [Compiler AIControllerVR] Warning [0123.99] Compile of AIControllerVR failed. 1 Fatal Issue(s) 5 Warning(s) [in 0 ms] (/Game/FirstPersonBP/IA/AIControllerVR.AIControllerVR)
[2017.04.26-16.11.12:337][867]LogBlueprint:Warning: [Compiler AIControllerVR] Warning [0123.99] Compile of AIControllerVR failed. 1 Fatal Issue(s) 6 Warning(s) [in 0 ms] (/Game/FirstPersonBP/IA/AIControllerVR.AIControllerVR)
[2017.04.26-16.11.12:456][867]LogMetaData: Removing '/Game/FirstPersonBP/IA/Zona2.Zona2_C' ref from Metadata '/Game/FirstPersonBP/IA/Zona.PackageMetaData'
[2017.04.26-16.11.12:456][867]LogMetaData: Removing '/Game/FirstPersonBP/IA/Zona2.Zona2:UserConstructionScript.K2Node_FunctionEntry_0' ref from Metadata '/Game/FirstPersonBP/IA/Zona.PackageMetaData'
[2017.04.26-16.11.12:456][867]LogMetaData: Removing '/Game/FirstPersonBP/IA/Zona2.Zona2:EventGraph.K2Node_Event_0' ref from Metadata '/Game/FirstPersonBP/IA/Zona.PackageMetaData'
[2017.04.26-16.11.12:456][867]LogMetaData: Removing '/Game/FirstPersonBP/IA/Zona2.Zona2:EventGraph.K2Node_Event_1' ref from Metadata '/Game/FirstPersonBP/IA/Zona.PackageMetaData'
[2017.04.26-16.11.12:456][867]LogMetaData: Removing '/Game/FirstPersonBP/IA/Zona2.Zona2:EventGraph.K2Node_Event_2' ref from Metadata '/Game/FirstPersonBP/IA/Zona.PackageMetaData'
[2017.04.26-16.11.12:456][867]LogMetaData: Removing '/Game/FirstPersonBP/IA/Zona2.Zona2:deleteTargetDisponible.K2Node_FunctionEntry_1' ref from Metadata '/Game/FirstPersonBP/IA/Zona.PackageMetaData'
[2017.04.26-16.11.12:456][867]LogMetaData: Removing '/Game/FirstPersonBP/IA/Zona2.Zona2:targetsDisponibles.K2Node_FunctionEntry_2' ref from Metadata '/Game/FirstPersonBP/IA/Zona.PackageMetaData'
[2017.04.26-16.11.12:456][867]LogMetaData: Removing '/Game/FirstPersonBP/IA/Zona2.Zona2:resetTargetsDisponibles.K2Node_FunctionEntry_3' ref from Metadata '/Game/FirstPersonBP/IA/Zona.PackageMetaData'
[2017.04.26-16.11.12:456][867]LogMetaData: Removing '/Game/FirstPersonBP/IA/Zona2.SKEL_Zona2_C' ref from Metadata '/Game/FirstPersonBP/IA/Zona.PackageMetaData'
[2017.04.26-16.11.12:483][867]Cmd: OBJ SAVEPACKAGE PACKAGE="/Game/FirstPersonBP/IA/Zona2" FILE="C:/Users/cripe/Desktop/LastBulletVR/LastBullet/Content/FirstPersonBP/IA/Zona2.uasset" SILENT=true
[2017.04.26-16.11.12:495][867]LogSavePackage: Save=10.89ms
[2017.04.26-16.11.12:495][867]LogSavePackage: Moving 'C:/Users/cripe/Desktop/LastBulletVR/LastBullet/Saved/Zona22A4958AF460A12DB64F7D8BE53AC8DE1.tmp' to 'C:/Users/cripe/Desktop/LastBulletVR/LastBullet/Content/FirstPersonBP/IA/Zona2.uasset'
[2017.04.26-16.11.12:497][867]LogSavePackage:Display: Finished SavePackage C:/Users/cripe/Desktop/LastBulletVR/LastBullet/Content/FirstPersonBP/IA/Zona2.uasset
[2017.04.26-16.11.15:710][ 36]LogMetaData: Removing '/Game/FirstPersonBP/IA/Zona.Zona:UserConstructionScript.K2Node_FunctionEntry_0' ref from Metadata '/Game/FirstPersonBP/IA/NewBlueprint.PackageMetaData'
[2017.04.26-16.11.15:710][ 36]LogMetaData: Removing '/Game/FirstPersonBP/IA/Zona.SKEL_Zona_C' ref from Metadata '/Game/FirstPersonBP/IA/NewBlueprint.PackageMetaData'
[2017.04.26-16.11.15:710][ 36]LogMetaData: Removing '/Game/FirstPersonBP/IA/Zona.Zona_C' ref from Metadata '/Game/FirstPersonBP/IA/NewBlueprint.PackageMetaData'
[2017.04.26-16.11.15:710][ 36]LogMetaData: Removing '/Game/FirstPersonBP/IA/Zona.Zona:EventGraph.K2Node_Event_0' ref from Metadata '/Game/FirstPersonBP/IA/NewBlueprint.PackageMetaData'
[2017.04.26-16.11.15:710][ 36]LogMetaData: Removing '/Game/FirstPersonBP/IA/Zona.Zona:EventGraph.K2Node_Event_1' ref from Metadata '/Game/FirstPersonBP/IA/NewBlueprint.PackageMetaData'
[2017.04.26-16.11.15:710][ 36]LogMetaData: Removing '/Game/FirstPersonBP/IA/Zona.Zona:EventGraph.K2Node_Event_2' ref from Metadata '/Game/FirstPersonBP/IA/NewBlueprint.PackageMetaData'
[2017.04.26-16.11.15:731][ 36]Cmd: OBJ SAVEPACKAGE PACKAGE="/Game/FirstPersonBP/IA/Zona" FILE="C:/Users/cripe/Desktop/LastBulletVR/LastBullet/Content/FirstPersonBP/IA/Zona.uasset" SILENT=true
[2017.04.26-16.11.15:738][ 36]LogSavePackage: Save=5.41ms
[2017.04.26-16.11.15:738][ 36]LogSavePackage: Moving 'C:/Users/cripe/Desktop/LastBulletVR/LastBullet/Saved/ZonaA965F5D54AB6060BD47D1E8D23040ABA.tmp' to 'C:/Users/cripe/Desktop/LastBulletVR/LastBullet/Content/FirstPersonBP/IA/Zona.uasset'
[2017.04.26-16.11.15:740][ 36]LogSavePackage:Display: Finished SavePackage C:/Users/cripe/Desktop/LastBulletVR/LastBullet/Content/FirstPersonBP/IA/Zona.uasset
[2017.04.26-16.11.20:731][275]LogRenderer: Reallocating scene render targets to support 1208x900 NumSamples 1 (Frame:5748).
[2017.04.26-16.11.36:528][208]LogSlate: Took 0.000235 seconds to synchronously load lazily loaded font '../../../Engine/Content/Editor/Slate/Fonts/Roboto-BoldCondensedItalic.ttf' (160K)
[2017.04.26-16.11.39:341][374]LogClass:Warning: Type mismatch in m_targets of SKEL_Zona_C - Previous (StructProperty) Current(ArrayProperty) for package:  FObjectReader
[2017.04.26-16.12.56:734][984]BlueprintLog: New page: Compile Zona
[2017.04.26-16.12.57:323][  6]Cmd: OBJ SAVEPACKAGE PACKAGE="/Game/FirstPersonBP/IA/Zona" FILE="C:/Users/cripe/Desktop/LastBulletVR/LastBullet/Content/FirstPersonBP/IA/Zona.uasset" SILENT=true
[2017.04.26-16.12.57:344][  6]LogSavePackage: Save=11.00ms
[2017.04.26-16.12.57:344][  6]LogSavePackage: Moving 'C:/Users/cripe/Desktop/LastBulletVR/LastBullet/Saved/ZonaDD989CF247BC14AEDE976E83F29C7F3A.tmp' to 'C:/Users/cripe/Desktop/LastBulletVR/LastBullet/Content/FirstPersonBP/IA/Zona.uasset'
[2017.04.26-16.12.57:346][  6]LogSavePackage:Display: Finished SavePackage C:/Users/cripe/Desktop/LastBulletVR/LastBullet/Content/FirstPersonBP/IA/Zona.uasset
[2017.04.26-16.13.17:674][219]BlueprintLog: New page: Compile Zona
[2017.04.26-16.13.48:426][ 39]Cmd: OBJ SAVEPACKAGE PACKAGE="/Game/FirstPersonBP/IA/Zona" FILE="C:/Users/cripe/Desktop/LastBulletVR/LastBullet/Content/FirstPersonBP/IA/Zona.uasset" SILENT=true
[2017.04.26-16.13.48:443][ 39]LogSavePackage: Save=9.94ms
[2017.04.26-16.13.48:443][ 39]LogSavePackage: Moving 'C:/Users/cripe/Desktop/LastBulletVR/LastBullet/Saved/ZonaEBBA498F4BD853D965D273A084722FF8.tmp' to 'C:/Users/cripe/Desktop/LastBulletVR/LastBullet/Content/FirstPersonBP/IA/Zona.uasset'
[2017.04.26-16.13.48:446][ 39]LogSavePackage:Display: Finished SavePackage C:/Users/cripe/Desktop/LastBulletVR/LastBullet/Content/FirstPersonBP/IA/Zona.uasset
[2017.04.26-16.13.49:030][ 74]BlueprintLog: New page: Compile Zona
[2017.04.26-16.14.43:535][289]BlueprintLog: New page: Compile Zona
[2017.04.26-16.14.44:300][325]Cmd: OBJ SAVEPACKAGE PACKAGE="/Game/FirstPersonBP/IA/Zona" FILE="C:/Users/cripe/Desktop/LastBulletVR/LastBullet/Content/FirstPersonBP/IA/Zona.uasset" SILENT=true
[2017.04.26-16.14.44:319][325]LogSavePackage: Save=11.76ms
[2017.04.26-16.14.44:319][325]LogSavePackage: Moving 'C:/Users/cripe/Desktop/LastBulletVR/LastBullet/Saved/ZonaC60BC3324A43B1BB0067FFB3B0D89F23.tmp' to 'C:/Users/cripe/Desktop/LastBulletVR/LastBullet/Content/FirstPersonBP/IA/Zona.uasset'
[2017.04.26-16.14.44:322][325]LogSavePackage:Display: Finished SavePackage C:/Users/cripe/Desktop/LastBulletVR/LastBullet/Content/FirstPersonBP/IA/Zona.uasset
[2017.04.26-16.17.46:533][125]LogActorComponent: UnregisterComponent: (/Engine/Transient.EditorFloorComp) Not registered. Aborting.
[2017.04.26-16.17.46:595][125]LogActorComponent: UnregisterComponent: (/Engine/Transient.EditorFloorComp) Not registered. Aborting.
[2017.04.26-16.17.47:610][125]LogObjectTools:Warning: ForceReplaceReferences replaced references for a transient object 'TRASHCLASS_Zona2_103' or package '/Engine/Transient'.
[2017.04.26-16.17.47:610][125]LogObjectTools:Warning: ForceReplaceReferences replaced references for a transient object 'DEADCLASS_Zona2_C_0' or package '/Engine/Transient'.
[2017.04.26-16.17.47:610][125]LogObjectTools:Warning: ForceReplaceReferences replaced references for a transient object 'SimpleConstructionScript_0' or package '/Engine/Transient'.
[2017.04.26-16.17.47:610][125]LogObjectTools:Warning: ForceReplaceReferences replaced references for a transient object 'DefaultSceneRoot_GEN_VARIABLE' or package '/Engine/Transient'.
[2017.04.26-16.17.47:610][125]LogObjectTools:Warning: ForceReplaceReferences replaced references for a transient object 'DEADCLASS_Zona2_C_1' or package '/Engine/Transient'.
[2017.04.26-16.17.47:610][125]LogObjectTools:Warning: ForceReplaceReferences replaced references for a transient object 'ObjectProperty_349' or package '/Engine/Transient'.
[2017.04.26-16.17.47:610][125]LogObjectTools:Warning: ForceReplaceReferences replaced references for a transient object 'ObjectProperty_351' or package '/Engine/Transient'.
[2017.04.26-16.17.47:610][125]LogObjectTools:Warning: ForceReplaceReferences replaced references for a transient object 'REINST_SKEL_Zona2_C_188' or package '/Engine/Transient'.
[2017.04.26-16.17.47:610][125]LogObjectTools:Warning: ForceReplaceReferences replaced references for a transient object 'ObjectProperty_352' or package '/Engine/Transient'.
[2017.04.26-16.17.47:610][125]LogObjectTools:Warning: ForceReplaceReferences replaced references for a transient object 'zonas' or package '/Game/FirstPersonBP/Maps/Ruben'.
[2017.04.26-16.17.47:610][125]LogObjectTools:Warning: ForceReplaceReferences replaced references for a transient object 'resetTargetsDisponibles' or package '/Engine/Transient'.
[2017.04.26-16.17.47:610][125]LogObjectTools:Warning: ForceReplaceReferences replaced references for a transient object 'targetsDisponibles' or package '/Engine/Transient'.
[2017.04.26-16.17.47:610][125]LogObjectTools:Warning: ForceReplaceReferences replaced references for a transient object 'deleteTargetDisponible' or package '/Engine/Transient'.
[2017.04.26-16.17.47:610][125]LogObjectTools:Warning: ForceReplaceReferences replaced references for a transient object 'UserConstructionScript' or package '/Engine/Transient'.
[2017.04.26-16.17.47:610][125]LogObjectTools:Warning: ForceReplaceReferences replaced references for a transient object 'DefaultSceneRoot' or package '/Engine/Transient'.
[2017.04.26-16.17.47:610][125]LogObjectTools:Warning: ForceReplaceReferences replaced references for a transient object 'm_targets' or package '/Engine/Transient'.
[2017.04.26-16.17.47:610][125]LogObjectTools:Warning: ForceReplaceReferences replaced references for a transient object 'm_targetsDisponible' or package '/Engine/Transient'.
[2017.04.26-16.17.47:610][125]LogObjectTools:Warning: ForceReplaceReferences replaced references for a transient object 'zona' or package '/Game/FirstPersonBP/IA/AIControllerVR'.
[2017.04.26-16.17.47:610][125]LogObjectTools:Warning: ForceReplaceReferences replaced references for a transient object 'm_zona' or package '/Game/FirstPersonBP/IA/AIControllerVR'.
[2017.04.26-16.17.47:610][125]LogObjectTools:Warning: ForceReplaceReferences replaced references for a transient object 'REINST_Zona2_C_187' or package '/Engine/Transient'.
[2017.04.26-16.19.01:790][235]BlueprintLog: New page: Compile Ruben
[2017.04.26-16.21.01:758][245]Cmd: OBJ SAVEPACKAGE PACKAGE="/Game/FirstPersonBP/Maps/Ruben" FILE="C:/Users/cripe/Desktop/LastBulletVR/LastBullet/Content/FirstPersonBP/Maps/Ruben.umap" SILENT=true AUTOSAVING=false KEEPDIRTY=false
[2017.04.26-16.21.02:033][245]LogSavePackage: Save=242.32ms
[2017.04.26-16.21.02:033][245]LogSavePackage: Moving 'C:/Users/cripe/Desktop/LastBulletVR/LastBullet/Saved/Ruben41C7AA9740438D0880DA839B42E929A4.tmp' to 'C:/Users/cripe/Desktop/LastBulletVR/LastBullet/Content/FirstPersonBP/Maps/Ruben.umap'
[2017.04.26-16.21.02:037][245]LogSavePackage:Display: Finished SavePackage C:/Users/cripe/Desktop/LastBulletVR/LastBullet/Content/FirstPersonBP/Maps/Ruben.umap
[2017.04.26-16.21.02:067][245]LogFileHelpers: Saving map 'Ruben' took 0.441
[2017.04.26-16.21.02:071][245]Cmd: OBJ SAVEPACKAGE PACKAGE="/Game/FirstPersonBP/IA/AIControllerVR" FILE="C:/Users/cripe/Desktop/LastBulletVR/LastBullet/Content/FirstPersonBP/IA/AIControllerVR.uasset" SILENT=true
[2017.04.26-16.21.02:089][245]LogSavePackage: Save=9.48ms
[2017.04.26-16.21.02:089][245]LogSavePackage: Moving 'C:/Users/cripe/Desktop/LastBulletVR/LastBullet/Saved/AIControllerVR786D01D54A841695DD58F290D41186A1.tmp' to 'C:/Users/cripe/Desktop/LastBulletVR/LastBullet/Content/FirstPersonBP/IA/AIControllerVR.uasset'
[2017.04.26-16.21.02:091][245]LogSavePackage:Display: Finished SavePackage C:/Users/cripe/Desktop/LastBulletVR/LastBullet/Content/FirstPersonBP/IA/AIControllerVR.uasset
[2017.04.26-16.21.02:095][245]Cmd: OBJ SAVEPACKAGE PACKAGE="/Game/FirstPersonBP/IA/NewBlueprint" FILE="C:/Users/cripe/Desktop/LastBulletVR/LastBullet/Content/FirstPersonBP/IA/NewBlueprint.uasset" SILENT=true
[2017.04.26-16.21.02:097][245]LogSavePackage: Save=1.05ms
[2017.04.26-16.21.02:097][245]LogSavePackage: Moving 'C:/Users/cripe/Desktop/LastBulletVR/LastBullet/Saved/NewBlueprint1C71CB6644EE3DF085C126A23349E963.tmp' to 'C:/Users/cripe/Desktop/LastBulletVR/LastBullet/Content/FirstPersonBP/IA/NewBlueprint.uasset'
[2017.04.26-16.21.02:099][245]LogSavePackage:Display: Finished SavePackage C:/Users/cripe/Desktop/LastBulletVR/LastBullet/Content/FirstPersonBP/IA/NewBlueprint.uasset
[2017.04.26-16.21.03:651][328]LogWindowsTextInputMethodSystem:Display: IME system now deactivated.
[2017.04.26-16.21.03:848][329]Cmd: QUIT_EDITOR
[2017.04.26-16.21.03:898][329]LogExit: Preparing to exit.
[2017.04.26-16.21.04:905][329]LogExit: Editor shut down
[2017.04.26-16.21.04:905][329]LogExit: Transaction tracking system shut down
[2017.04.26-16.21.05:088][329]LogObj: Freed 0b from 0 cluster array pools.
[2017.04.26-16.21.05:088][329]LogExit: Object subsystem successfully closed.
[2017.04.26-16.21.05:123][329]LogD3D11RHI: Shutdown
[2017.04.26-16.21.05:123][329]LogD3D11RHI: CleanupD3DDevice
[2017.04.26-16.21.05:242][329]LogD3D11RHI: ~FD3D11DynamicRHI
[2017.04.26-16.21.05:249][329]LogModuleManager: Shutting down and abandoning module BlueprintGraph (502)
[2017.04.26-16.21.05:249][329]LogModuleManager: Shutting down and abandoning module BlueprintProfiler (500)
[2017.04.26-16.21.05:249][329]LogModuleManager: Shutting down and abandoning module HierarchicalLODOutliner (498)
[2017.04.26-16.21.05:249][329]LogModuleManager: Shutting down and abandoning module CrashTracker (496)
[2017.04.26-16.21.05:249][329]LogModuleManager: Shutting down and abandoning module SceneOutliner (494)
[2017.04.26-16.21.05:249][329]LogModuleManager: Shutting down and abandoning module AddContentDialog (492)
[2017.04.26-16.21.05:249][329]LogDirectoryWatcher: A directory notification for 'D:/Program Files/Epic Games/UE_4.15/FeaturePacks/' was aborted.
[2017.04.26-16.21.05:250][329]LogModuleManager: Shutting down and abandoning module WidgetCarousel (491)
[2017.04.26-16.21.05:250][329]LogModuleManager: Shutting down and abandoning module EditorWidgets (488)
[2017.04.26-16.21.05:250][329]LogModuleManager: Shutting down and abandoning module CollectionManager (486)
[2017.04.26-16.21.05:250][329]LogDirectoryWatcher: A directory notification for 'C:/Users/cripe/Desktop/LastBulletVR/LastBullet/Content/Collections/' was aborted.
[2017.04.26-16.21.05:250][329]LogDirectoryWatcher: A directory notification for 'C:/Users/cripe/Desktop/LastBulletVR/LastBullet/Content/Developers/cripe/Collections/' was aborted.
[2017.04.26-16.21.05:250][329]LogDirectoryWatcher: A directory notification for 'C:/Users/cripe/Desktop/LastBulletVR/LastBullet/Saved/Collections/' was aborted.
[2017.04.26-16.21.05:250][329]LogModuleManager: Shutting down and abandoning module StatsViewer (484)
[2017.04.26-16.21.05:250][329]LogModuleManager: Shutting down and abandoning module FoliageEdit (482)
[2017.04.26-16.21.05:250][329]LogModuleManager: Shutting down and abandoning module LandscapeEditor (480)
[2017.04.26-16.21.05:250][329]LogModuleManager: Shutting down and abandoning module SceneDepthPickerMode (478)
[2017.04.26-16.21.05:250][329]LogModuleManager: Shutting down and abandoning module ActorPickerMode (476)
[2017.04.26-16.21.05:250][329]LogModuleManager: Shutting down and abandoning module GeometryMode (474)
[2017.04.26-16.21.05:250][329]LogModuleManager: Shutting down and abandoning module TextureAlignMode (472)
[2017.04.26-16.21.05:250][329]LogModuleManager: Shutting down and abandoning module BspMode (470)
[2017.04.26-16.21.05:250][329]LogModuleManager: Shutting down and abandoning module HardwareSurvey (468)
[2017.04.26-16.21.05:250][329]LogModuleManager: Shutting down and abandoning module SequenceRecorderSections (466)
[2017.04.26-16.21.05:250][329]LogModuleManager: Shutting down and abandoning module AutomationWorker (464)
[2017.04.26-16.21.05:250][329]LogModuleManager: Shutting down and abandoning module MatineeToLevelSequence (462)
[2017.04.26-16.21.05:250][329]LogModuleManager: Shutting down and abandoning module LevelSequenceEditor (460)
[2017.04.26-16.21.05:250][329]LogModuleManager: Shutting down and abandoning module PlacementMode (459)
[2017.04.26-16.21.05:250][329]LogModuleManager: Shutting down and abandoning module WmfMediaFactory (456)
[2017.04.26-16.21.05:250][329]LogModuleManager: Shutting down and abandoning module WmfMediaEditor (454)
[2017.04.26-16.21.05:250][329]LogModuleManager: Shutting down and abandoning module MfMediaFactory (452)
[2017.04.26-16.21.05:250][329]LogModuleManager: Shutting down and abandoning module MfMediaEditor (450)
[2017.04.26-16.21.05:250][329]LogModuleManager: Shutting down and abandoning module AvfMediaFactory (448)
[2017.04.26-16.21.05:250][329]LogModuleManager: Shutting down and abandoning module AvfMediaEditor (446)
[2017.04.26-16.21.05:250][329]LogModuleManager: Shutting down and abandoning module AndroidMediaFactory (444)
[2017.04.26-16.21.05:250][329]LogModuleManager: Shutting down and abandoning module Media (443)
[2017.04.26-16.21.05:250][329]LogModuleManager: Shutting down and abandoning module AndroidMediaEditor (440)
[2017.04.26-16.21.05:250][329]LogModuleManager: Shutting down and abandoning module CharacterAI (438)
[2017.04.26-16.21.05:250][329]LogModuleManager: Shutting down and abandoning module AudioCapture (436)
[2017.04.26-16.21.05:250][329]LogModuleManager: Shutting down and abandoning module SequenceRecorder (435)
[2017.04.26-16.21.05:250][329]LogModuleManager: Shutting down and abandoning module SmartSnapping (432)
[2017.04.26-16.21.05:250][329]LogModuleManager: Shutting down and abandoning module SessionServices (430)
[2017.04.26-16.21.05:250][329]LogModuleManager: Shutting down and abandoning module ViewportSnapping (428)
[2017.04.26-16.21.05:250][329]LogModuleManager: Shutting down and abandoning module ViewportInteraction (426)
[2017.04.26-16.21.05:250][329]LogModuleManager: Shutting down and abandoning module LogVisualizer (424)
[2017.04.26-16.21.05:250][329]LogModuleManager: Shutting down and abandoning module IntroTutorials (422)
[2017.04.26-16.21.05:251][329]LogModuleManager: Shutting down and abandoning module GameProjectGeneration (421)
[2017.04.26-16.21.05:251][329]LogModuleManager: Shutting down and abandoning module EditorLiveStreaming (418)
[2017.04.26-16.21.05:251][329]LogModuleManager: Shutting down and abandoning module IOSPlatformEditor (416)
[2017.04.26-16.21.05:251][329]LogModuleManager: Shutting down and abandoning module HTML5PlatformEditor (414)
[2017.04.26-16.21.05:251][329]LogModuleManager: Shutting down and abandoning module AndroidPlatformEditor (412)
[2017.04.26-16.21.05:251][329]LogModuleManager: Shutting down and abandoning module AndroidDeviceDetection (411)
[2017.04.26-16.21.06:025][329]LogModuleManager: Shutting down and abandoning module IOSRuntimeSettings (408)
[2017.04.26-16.21.06:025][329]LogModuleManager: Shutting down and abandoning module AndroidRuntimeSettings (406)
[2017.04.26-16.21.06:025][329]LogModuleManager: Shutting down and abandoning module InputBindingEditor (404)
[2017.04.26-16.21.06:026][329]LogModuleManager: Shutting down and abandoning module NiagaraEditor (402)
[2017.04.26-16.21.06:026][329]LogModuleManager: Shutting down and abandoning module MergeActors (400)
[2017.04.26-16.21.06:026][329]LogModuleManager: Shutting down and abandoning module SizeMap (398)
[2017.04.26-16.21.06:026][329]LogModuleManager: Shutting down and abandoning module TreeMap (396)
[2017.04.26-16.21.06:026][329]LogModuleManager: Shutting down and abandoning module ReferenceViewer (394)
[2017.04.26-16.21.06:026][329]LogModuleManager: Shutting down and abandoning module LocalizationDashboard (392)
[2017.04.26-16.21.06:026][329]LogModuleManager: Shutting down and abandoning module LocalizationService (391)
[2017.04.26-16.21.06:026][329]LogModuleManager: Shutting down and abandoning module HardwareTargeting (388)
[2017.04.26-16.21.06:026][329]LogModuleManager: Shutting down and abandoning module DeviceProfileEditor (386)
[2017.04.26-16.21.06:026][329]LogModuleManager: Shutting down and abandoning module UndoHistory (384)
[2017.04.26-16.21.06:026][329]LogModuleManager: Shutting down and abandoning module UserFeedback (382)
[2017.04.26-16.21.06:026][329]LogModuleManager: Shutting down and abandoning module XmlParser (380)
[2017.04.26-16.21.06:026][329]LogModuleManager: Shutting down and abandoning module Blutility (378)
[2017.04.26-16.21.06:026][329]LogModuleManager: Shutting down and abandoning module ProjectSettingsViewer (376)
[2017.04.26-16.21.06:026][329]LogModuleManager: Shutting down and abandoning module ProjectTargetPlatformEditor (375)
[2017.04.26-16.21.06:026][329]LogModuleManager: Shutting down and abandoning module EditorSettingsViewer (372)
[2017.04.26-16.21.06:026][329]LogModuleManager: Shutting down and abandoning module SettingsEditor (370)
[2017.04.26-16.21.06:026][329]LogModuleManager: Shutting down and abandoning module ProjectLauncher (368)
[2017.04.26-16.21.06:026][329]LogModuleManager: Shutting down and abandoning module SessionFrontend (366)
[2017.04.26-16.21.06:026][329]LogModuleManager: Shutting down and abandoning module ProfilerClient (364)
[2017.04.26-16.21.06:026][329]LogModuleManager: Shutting down and abandoning module DeviceManager (362)
[2017.04.26-16.21.06:026][329]LogModuleManager: Shutting down and abandoning module TargetDeviceServices (361)
[2017.04.26-16.21.06:078][329]LogModuleManager: Shutting down and abandoning module AutomationController (358)
[2017.04.26-16.21.06:078][329]LogModuleManager: Shutting down and abandoning module AutomationWindow (356)
[2017.04.26-16.21.06:078][329]LogModuleManager: Shutting down and abandoning module Layers (354)
[2017.04.26-16.21.06:078][329]LogModuleManager: Shutting down and abandoning module ComponentVisualizers (352)
[2017.04.26-16.21.06:078][329]LogModuleManager: Shutting down and abandoning module DetailCustomizations (350)
[2017.04.26-16.21.06:078][329]LogModuleManager: Shutting down and abandoning module PackagesDialog (348)
[2017.04.26-16.21.06:078][329]LogModuleManager: Shutting down and abandoning module Persona (346)
[2017.04.26-16.21.06:078][329]LogModuleManager: Shutting down and abandoning module AnimGraph (345)
[2017.04.26-16.21.06:078][329]LogModuleManager: Shutting down and abandoning module Kismet (342)
[2017.04.26-16.21.06:085][329]LogModuleManager: Shutting down and abandoning module GraphEditor (340)
[2017.04.26-16.21.06:085][329]LogModuleManager: Shutting down and abandoning module ClassViewer (338)
[2017.04.26-16.21.06:086][329]LogModuleManager: Shutting down and abandoning module Toolbox (336)
[2017.04.26-16.21.06:086][329]LogModuleManager: Shutting down and abandoning module ModuleUI (334)
[2017.04.26-16.21.06:086][329]LogModuleManager: Shutting down and abandoning module MovieSceneTools (332)
[2017.04.26-16.21.06:086][329]LogModuleManager: Shutting down and abandoning module OutputLog (330)
[2017.04.26-16.21.06:086][329]LogModuleManager: Shutting down and abandoning module GammaUI (328)
[2017.04.26-16.21.06:086][329]LogModuleManager: Shutting down and abandoning module Documentation (326)
[2017.04.26-16.21.06:086][329]LogModuleManager: Shutting down and abandoning module Niagara (324)
[2017.04.26-16.21.06:086][329]LogModuleManager: Shutting down and abandoning module StreamingPauseRendering (322)
[2017.04.26-16.21.06:086][329]LogModuleManager: Shutting down and abandoning module AnalyticsET (320)
[2017.04.26-16.21.06:086][329]LogModuleManager: Shutting down and abandoning module PortalServices (318)
[2017.04.26-16.21.06:086][329]LogModuleManager: Shutting down and abandoning module PortalRpc (316)
[2017.04.26-16.21.06:086][329]LogModuleManager: Shutting down and abandoning module MessagingRpc (314)
[2017.04.26-16.21.06:086][329]LogModuleManager: Shutting down and abandoning module AIModule (312)
[2017.04.26-16.21.06:086][329]LogModuleManager: Shutting down and abandoning module GameplayDebugger (311)
[2017.04.26-16.21.06:086][329]LogModuleManager: Shutting down and abandoning module AITestSuite (309)
[2017.04.26-16.21.06:086][329]LogModuleManager: Shutting down and abandoning module ProfilerService (306)
[2017.04.26-16.21.06:153][329]LogModuleManager: Shutting down and abandoning module TaskGraph (304)
[2017.04.26-16.21.06:153][329]LogModuleManager: Shutting down and abandoning module SteamVRController (302)
[2017.04.26-16.21.06:153][329]LogModuleManager: Shutting down and abandoning module SteamVR (300)
[2017.04.26-16.21.06:153][329]LogModuleManager: Shutting down and abandoning module ProceduralMeshComponentEditor (298)
[2017.04.26-16.21.06:153][329]LogModuleManager: Shutting down and abandoning module ProceduralMeshComponent (296)
[2017.04.26-16.21.06:153][329]LogModuleManager: Shutting down and abandoning module OculusLibrary (294)
[2017.04.26-16.21.06:153][329]LogModuleManager: Shutting down and abandoning module OculusInput (292)
[2017.04.26-16.21.06:153][329]LogModuleManager: Shutting down and abandoning module MobilePatchingUtils (290)
[2017.04.26-16.21.06:153][329]LogModuleManager: Shutting down and abandoning module CustomMeshComponent (288)
[2017.04.26-16.21.06:153][329]LogModuleManager: Shutting down and abandoning module CableComponent (286)
[2017.04.26-16.21.06:153][329]LogModuleManager: Shutting down and abandoning module ArchVisCharacter (284)
[2017.04.26-16.21.06:153][329]LogModuleManager: Shutting down and abandoning module MediaPlayerEditor (280)
[2017.04.26-16.21.06:153][329]LogModuleManager: Shutting down and abandoning module HTML5Networking (278)
[2017.04.26-16.21.06:153][329]LogModuleManager: Shutting down and abandoning module AlembicImporter (276)
[2017.04.26-16.21.06:153][329]LogModuleManager: Shutting down and abandoning module AlembicLibrary (275)
[2017.04.26-16.21.06:153][329]LogModuleManager: Shutting down and abandoning module GeometryCache (274)
[2017.04.26-16.21.06:153][329]LogModuleManager: Shutting down and abandoning module GeometryCacheEd (273)
[2017.04.26-16.21.06:153][329]LogModuleManager: Shutting down and abandoning module SuperSearchEditor (268)
[2017.04.26-16.21.06:153][329]LogModuleManager: Shutting down and abandoning module SuperSearch (267)
[2017.04.26-16.21.06:153][329]LogModuleManager: Shutting down and abandoning module SpeedTreeImporter (264)
[2017.04.26-16.21.06:153][329]LogModuleManager: Shutting down and abandoning module PluginBrowser (262)
[2017.04.26-16.21.06:153][329]LogModuleManager: Shutting down and abandoning module MobileLauncherProfileWizard (260)
[2017.04.26-16.21.06:153][329]LogModuleManager: Shutting down and abandoning module EpicSurvey (258)
[2017.04.26-16.21.06:153][329]LogModuleManager: Shutting down and abandoning module VisualStudioSourceCodeAccess (256)
[2017.04.26-16.21.06:153][329]LogModuleManager: Shutting down and abandoning module DesktopPlatform (255)
[2017.04.26-16.21.06:153][329]LogModuleManager: Shutting down and abandoning module UObjectPlugin (252)
[2017.04.26-16.21.06:153][329]LogModuleManager: Shutting down and abandoning module SubversionSourceControl (250)
[2017.04.26-16.21.06:153][329]LogModuleManager: Shutting down and abandoning module PerforceSourceControl (248)
[2017.04.26-16.21.06:153][329]LogModuleManager: Shutting down and abandoning module GitSourceControl (246)
[2017.04.26-16.21.06:153][329]LogModuleManager: Shutting down and abandoning module SourceControl (245)
[2017.04.26-16.21.06:153][329]LogModuleManager: Shutting down and abandoning module LightPropagationVolumeEditor (242)
[2017.04.26-16.21.06:153][329]LogModuleManager: Shutting down and abandoning module PaperTiledImporter (240)
[2017.04.26-16.21.06:153][329]LogModuleManager: Shutting down and abandoning module PaperSpriteSheetImporter (238)
[2017.04.26-16.21.06:154][329]LogModuleManager: Shutting down and abandoning module Paper2DEditor (236)
[2017.04.26-16.21.06:154][329]LogModuleManager: Shutting down and abandoning module MeshPaint (235)
[2017.04.26-16.21.06:154][329]LogModuleManager: Shutting down and abandoning module LevelEditor (233)
[2017.04.26-16.21.06:154][329]LogModuleManager: Shutting down and abandoning module PixelInspectorModule (232)
[2017.04.26-16.21.06:154][329]LogModuleManager: Shutting down and abandoning module MainFrame (230)
[2017.04.26-16.21.06:154][329]LogModuleManager: Shutting down and abandoning module HotReload (229)
[2017.04.26-16.21.06:155][329]LogModuleManager: Shutting down and abandoning module ContentBrowser (225)
[2017.04.26-16.21.06:155][329]LogModuleManager: Shutting down and abandoning module PhysXVehiclesEditor (222)
[2017.04.26-16.21.06:155][329]LogModuleManager: Shutting down and abandoning module PhysXVehicles (220)
[2017.04.26-16.21.06:155][329]LogModuleManager: Shutting down and abandoning module LocationServicesBPLibrary (218)
[2017.04.26-16.21.06:155][329]LogModuleManager: Shutting down and abandoning module UdpMessaging (216)
[2017.04.26-16.21.06:256][329]LogModuleManager: Shutting down and abandoning module TcpMessaging (214)
[2017.04.26-16.21.06:356][329]LogModuleManager: Shutting down and abandoning module GameplayTagsEditor (212)
[2017.04.26-16.21.06:356][329]LogModuleManager: Shutting down and abandoning module FacialAnimationEditor (210)
[2017.04.26-16.21.06:356][329]LogModuleManager: Shutting down and abandoning module FacialAnimation (208)
[2017.04.26-16.21.06:356][329]LogModuleManager: Shutting down and abandoning module LightPropagationVolumeRuntime (206)
[2017.04.26-16.21.06:356][329]LogModuleManager: Shutting down and abandoning module Paper2D (204)
[2017.04.26-16.21.06:356][329]LogModuleManager: Shutting down and abandoning module WindowsMoviePlayer (202)
[2017.04.26-16.21.06:356][329]LogModuleManager: Shutting down and abandoning module WmfMedia (200)
[2017.04.26-16.21.06:356][329]LogModuleManager: Shutting down and abandoning module MfMedia (198)
[2017.04.26-16.21.06:356][329]LogModuleManager: Shutting down and abandoning module MediaAssets (196)
[2017.04.26-16.21.06:356][329]LogModuleManager: Shutting down and abandoning module GameLiveStreaming (194)
[2017.04.26-16.21.06:356][329]LogModuleManager: Shutting down and abandoning module VREditor (192)
[2017.04.26-16.21.06:356][329]LogModuleManager: Shutting down and abandoning module GameplayTasksEditor (190)
[2017.04.26-16.21.06:356][329]LogModuleManager: Shutting down and abandoning module BehaviorTreeEditor (188)
[2017.04.26-16.21.06:357][329]LogModuleManager: Shutting down and abandoning module FunctionalTesting (186)
[2017.04.26-16.21.06:357][329]LogModuleManager: Shutting down and abandoning module CollisionAnalyzer (184)
[2017.04.26-16.21.06:357][329]LogModuleManager: Shutting down and abandoning module UMG (182)
[2017.04.26-16.21.06:357][329]LogModuleManager: Shutting down and abandoning module UMGEditor (181)
[2017.04.26-16.21.06:357][329]LogModuleManager: Shutting down and abandoning module Sequencer (180)
[2017.04.26-16.21.06:357][329]LogModuleManager: Shutting down and abandoning module AssetTools (178)
[2017.04.26-16.21.06:357][329]LogModuleManager: Shutting down and abandoning module MessageLog (177)
[2017.04.26-16.21.06:357][329]LogModuleManager: Shutting down and abandoning module WorkspaceMenuStructure (176)
[2017.04.26-16.21.06:357][329]LogModuleManager: Shutting down and abandoning module SlateReflector (170)
[2017.04.26-16.21.06:357][329]LogModuleManager: Shutting down and abandoning module Slate (168)
[2017.04.26-16.21.06:357][329]LogModuleManager: Shutting down and abandoning module EditorStyle (166)
[2017.04.26-16.21.06:359][329]LogModuleManager: Shutting down and abandoning module SourceCodeAccess (164)
[2017.04.26-16.21.06:359][329]LogModuleManager: Shutting down and abandoning module HeadMountedDisplay (162)
[2017.04.26-16.21.06:359][329]LogModuleManager: Shutting down and abandoning module XAudio2 (160)
[2017.04.26-16.21.06:359][329]LogModuleManager: Shutting down and abandoning module Networking (158)
[2017.04.26-16.21.06:359][329]LogModuleManager: Shutting down and abandoning module Core (154)
[2017.04.26-16.21.06:359][329]LogModuleManager: Shutting down and abandoning module AssetRegistry (152)
[2017.04.26-16.21.06:507][329]LogDirectoryWatcher: A directory notification for '../../../Engine/Content/' was aborted.
[2017.04.26-16.21.06:507][329]LogDirectoryWatcher: A directory notification for 'C:/Users/cripe/Desktop/LastBulletVR/LastBullet/Content/' was aborted.
[2017.04.26-16.21.06:507][329]LogDirectoryWatcher: A directory notification for '../../../Engine/Plugins/2D/Paper2D/Content/' was aborted.
[2017.04.26-16.21.06:508][329]LogModuleManager: Shutting down and abandoning module DirectoryWatcher (151)
[2017.04.26-16.21.06:508][329]LogModuleManager: Shutting down and abandoning module KismetCompiler (148)
[2017.04.26-16.21.06:508][329]LogModuleManager: Shutting down and abandoning module PhysXFormats (146)
[2017.04.26-16.21.06:508][329]LogModuleManager: Shutting down and abandoning module MeshUtilities (144)
[2017.04.26-16.21.06:508][329]LogModuleManager: Shutting down and abandoning module SimplygonSwarm (143)
[2017.04.26-16.21.06:508][329]LogModuleManager: Shutting down and abandoning module SimplygonMeshReduction (141)
[2017.04.26-16.21.06:508][329]LogModuleManager: Shutting down and abandoning module QuadricMeshReduction (139)
[2017.04.26-16.21.06:508][329]LogModuleManager: Shutting down and abandoning module PropertyEditor (137)
[2017.04.26-16.21.06:508][329]LogModuleManager: Shutting down and abandoning module DerivedDataCache (134)
[2017.04.26-16.21.06:565][329]LogDerivedDataCache: Shutdown
[2017.04.26-16.21.06:565][329]LogModuleManager: Shutting down and abandoning module TargetPlatform (132)
[2017.04.26-16.21.06:565][329]LogModuleManager: Shutting down and abandoning module VulkanShaderFormat (131)
[2017.04.26-16.21.06:565][329]LogModuleManager: Shutting down and abandoning module ShaderFormatOpenGL (129)
[2017.04.26-16.21.06:565][329]LogModuleManager: Shutting down and abandoning module ShaderFormatD3D (127)
[2017.04.26-16.21.06:565][329]LogModuleManager: Shutting down and abandoning module MetalShaderFormat (125)
[2017.04.26-16.21.06:565][329]LogModuleManager: Shutting down and abandoning module TextureFormatUncompressed (123)
[2017.04.26-16.21.06:565][329]LogModuleManager: Shutting down and abandoning module TextureFormatPVR (121)
[2017.04.26-16.21.06:565][329]LogModuleManager: Shutting down and abandoning module TextureFormatDXT (119)
[2017.04.26-16.21.06:565][329]LogModuleManager: Shutting down and abandoning module TextureFormatIntelISPCTexComp (117)
[2017.04.26-16.21.06:565][329]LogModuleManager: Shutting down and abandoning module TextureFormatASTC (115)
[2017.04.26-16.21.06:565][329]LogModuleManager: Shutting down and abandoning module ImageWrapper (114)
[2017.04.26-16.21.06:565][329]LogModuleManager: Shutting down and abandoning module TextureFormatAndroid (111)
[2017.04.26-16.21.06:565][329]LogModuleManager: Shutting down and abandoning module AudioFormatOpus (109)
[2017.04.26-16.21.06:565][329]LogModuleManager: Shutting down and abandoning module AudioFormatOgg (107)
[2017.04.26-16.21.06:565][329]LogModuleManager: Shutting down and abandoning module AudioFormatADPCM (105)
[2017.04.26-16.21.06:565][329]LogModuleManager: Shutting down and abandoning module LinuxTargetPlatform (103)
[2017.04.26-16.21.06:565][329]LogModuleManager: Shutting down and abandoning module LinuxServerTargetPlatform (101)
[2017.04.26-16.21.06:565][329]LogModuleManager: Shutting down and abandoning module LinuxNoEditorTargetPlatform (99)
[2017.04.26-16.21.06:565][329]LogModuleManager: Shutting down and abandoning module LinuxClientTargetPlatform (97)
[2017.04.26-16.21.06:565][329]LogModuleManager: Shutting down and abandoning module TVOSTargetPlatform (95)
[2017.04.26-16.21.06:565][329]LogModuleManager: Shutting down and abandoning module Messaging (93)
[2017.04.26-16.21.06:565][329]LogModuleManager: Shutting down and abandoning module IOSTargetPlatform (91)
[2017.04.26-16.21.06:565][329]LogModuleManager: Shutting down and abandoning module HTML5TargetPlatform (89)
[2017.04.26-16.21.06:565][329]LogModuleManager: Shutting down and abandoning module Android_PVRTCTargetPlatform (87)
[2017.04.26-16.21.06:565][329]LogModuleManager: Shutting down and abandoning module Android_MultiTargetPlatform (85)
[2017.04.26-16.21.06:565][329]LogModuleManager: Shutting down and abandoning module Android_ETC2TargetPlatform (83)
[2017.04.26-16.21.06:565][329]LogModuleManager: Shutting down and abandoning module Android_ETC1TargetPlatform (81)
[2017.04.26-16.21.06:565][329]LogModuleManager: Shutting down and abandoning module Android_DXTTargetPlatform (79)
[2017.04.26-16.21.06:565][329]LogModuleManager: Shutting down and abandoning module Android_ATCTargetPlatform (77)
[2017.04.26-16.21.06:565][329]LogModuleManager: Shutting down and abandoning module Android_ASTCTargetPlatform (75)
[2017.04.26-16.21.06:565][329]LogModuleManager: Shutting down and abandoning module AndroidTargetPlatform (73)
[2017.04.26-16.21.06:565][329]LogModuleManager: Shutting down and abandoning module WindowsTargetPlatform (71)
[2017.04.26-16.21.06:565][329]LogModuleManager: Shutting down and abandoning module WindowsServerTargetPlatform (69)
[2017.04.26-16.21.06:565][329]LogModuleManager: Shutting down and abandoning module WindowsNoEditorTargetPlatform (67)
[2017.04.26-16.21.06:565][329]LogModuleManager: Shutting down and abandoning module WindowsClientTargetPlatform (65)
[2017.04.26-16.21.06:565][329]LogModuleManager: Shutting down and abandoning module MacTargetPlatform (63)
[2017.04.26-16.21.06:565][329]LogModuleManager: Shutting down and abandoning module MacServerTargetPlatform (61)
[2017.04.26-16.21.06:565][329]LogModuleManager: Shutting down and abandoning module MacNoEditorTargetPlatform (59)
[2017.04.26-16.21.06:565][329]LogModuleManager: Shutting down and abandoning module MacClientTargetPlatform (57)
[2017.04.26-16.21.06:565][329]LogModuleManager: Shutting down and abandoning module AllDesktopTargetPlatform (55)
[2017.04.26-16.21.06:565][329]LogModuleManager: Shutting down and abandoning module InputCore (52)
[2017.04.26-16.21.06:565][329]LogModuleManager: Shutting down and abandoning module Settings (50)
[2017.04.26-16.21.06:565][329]LogModuleManager: Shutting down and abandoning module OculusRift (48)
[2017.04.26-16.21.06:565][329]LogModuleManager: Shutting down and abandoning module GearVR (46)
[2017.04.26-16.21.06:565][329]LogModuleManager: Shutting down and abandoning module ExampleDeviceProfileSelector (44)
[2017.04.26-16.21.06:565][329]LogModuleManager: Shutting down and abandoning module OnlineBlueprintSupport (42)
[2017.04.26-16.21.06:565][329]LogModuleManager: Shutting down and abandoning module OnlineSubsystem (38)
[2017.04.26-16.21.06:565][329]LogOnline:Display: Unloading online subsystem: NULL
[2017.04.26-16.21.06:565][329]LogModuleManager: Shutting down and abandoning module XMPP (37)
[2017.04.26-16.21.06:565][329]LogModuleManager: Shutting down and abandoning module HTTP (35)
[2017.04.26-16.21.06:565][329]LogHttp:Display: Http module shutting down, but needs to wait on 1 outstanding Http requests:
[2017.04.26-16.21.06:565][329]LogHttp:Display: 	verb=[POST] url=[https://datarouter.ol.epicgames.com/datarouter/api/v1/public/data?SessionID=%7B7B60AFE4-4A44-1A02-A56D-D6BCD1FADDE4%7D&AppID=UEEditor.Rocket.Release&AppVersion=4.15.1-3348071%2B%2B%2BUE4%2BRelease-4.15&UserID=78865e4d4a8ae815e8d400bc6125e577%7C5361294e5f654db5881228f5582e9124%7C456667b1-22e8-45ef-a524-8410a492a64f&AppEnvironment=datacollector-binary&UploadType=eteventstream] status=Processing
[2017.04.26-16.21.06:576][329]LogModuleManager: Shutting down and abandoning module SSL (34)
[2017.04.26-16.21.06:577][329]LogModuleManager: Shutting down and abandoning module AudioEditor (30)
[2017.04.26-16.21.06:577][329]LogModuleManager: Shutting down and abandoning module TextureCompressor (28)
[2017.04.26-16.21.06:578][329]LogModuleManager: Shutting down and abandoning module ShaderCore (26)
[2017.04.26-16.21.06:578][329]LogModuleManager: Shutting down and abandoning module Landscape (24)
[2017.04.26-16.21.06:578][329]LogModuleManager: Shutting down and abandoning module SlateRHIRenderer (22)
[2017.04.26-16.21.06:579][329]LogModuleManager: Shutting down and abandoning module OpenGLDrv (20)
[2017.04.26-16.21.06:579][329]LogModuleManager: Shutting down and abandoning module D3D11RHI (18)
[2017.04.26-16.21.06:579][329]LogModuleManager: Shutting down and abandoning module AnimGraphRuntime (16)
[2017.04.26-16.21.06:579][329]LogModuleManager: Shutting down and abandoning module Renderer (14)
[2017.04.26-16.21.06:579][329]LogModuleManager: Shutting down and abandoning module Engine (12)
[2017.04.26-16.21.06:579][329]LogModuleManager: Shutting down and abandoning module CoreUObject (10)
[2017.04.26-16.21.06:579][329]LogModuleManager: Shutting down and abandoning module NetworkFile (8)
[2017.04.26-16.21.06:579][329]LogModuleManager: Shutting down and abandoning module StreamingFile (6)
[2017.04.26-16.21.06:579][329]LogModuleManager: Shutting down and abandoning module SandboxFile (4)
[2017.04.26-16.21.06:579][329]LogModuleManager: Shutting down and abandoning module PakFile (2)
[2017.04.26-16.21.06:581][329]LogExit: Exiting.
[2017.04.26-16.21.06:583][329]Log file closed, 04/26/17 18:21:06
