Log file open, 04/03/17 18:03:42
LogInit:Display: Running engine for game: LastBullet
LogPlatformFile: Not using cached read wrapper
LogInit:Display: RandInit(-133032469) SRandInit(-133032462).
LogTaskGraph: Started task graph with 5 named threads and 8 total threads with 1 sets of task threads.
LogStats: Stats thread started at 0.085992
LogInit: Using libcurl 7.47.1
LogInit:  - built for x86_64-pc-win32
LogInit:  - supports SSL with OpenSSL/1.0.2g
LogInit:  - supports HTTP deflate (compression) using libz 1.2.8
LogInit:  - other features:
LogInit:      CURL_VERSION_SSL
LogInit:      CURL_VERSION_LIBZ
LogInit:      CURL_VERSION_IPV6
LogInit:      CURL_VERSION_ASYNCHDNS
LogInit:      CURL_VERSION_LARGEFILE
LogInit:      CURL_VERSION_IDN
LogInit:  CurlRequestOptions (configurable via config and command line):
LogInit:  - bVerifyPeer = false  - Libcurl will NOT verify peer certificate
LogInit:  - bUseHttpProxy = false  - Libcurl will NOT use HTTP proxy
LogInit:  - bDontReuseConnections = false  - Libcurl will reuse connections
LogInit:  - CertBundlePath = nullptr  - Libcurl will use whatever was configured at build time.
LogInit: Build: ++UE4+Release-4.15-CL-3348071
LogInit: Engine Version: 4.15.1-3348071+++UE4+Release-4.15
LogInit: Compatible Engine Version: 4.15.0-3299760+++UE4+Release-4.15
LogInit: Net CL: 3299760
LogDevObjectVersion: Number of dev versions registered: 14
LogDevObjectVersion:   Dev-Blueprints (B0D832E4-1F89-4F0D-ACCF-7EB736FD4AA2): 8
LogDevObjectVersion:   Dev-Build (E1C64328-A22C-4D53-A36C-8E866417BD8C): 0
LogDevObjectVersion:   Dev-Core (375EC13C-06E4-48FB-B500-84F0262A717E): 2
LogDevObjectVersion:   Dev-Editor (E4B068ED-F494-42E9-A231-DA0B2E46BB41): 14
LogDevObjectVersion:   Dev-Framework (CFFC743F-43B0-4480-9391-14DF171D2073): 22
LogDevObjectVersion:   Dev-Mobile (B02B49B5-BB20-44E9-A304-32B752E40360): 0
LogDevObjectVersion:   Dev-Networking (A4E4105C-59A1-49B5-A7C5-40C4547EDFEE): 0
LogDevObjectVersion:   Dev-Online (39C831C9-5AE6-47DC-9A44-9C173E1C8E7C): 0
LogDevObjectVersion:   Dev-Physics (78F01B33-EBEA-4F98-B9B4-84EACCB95AA2): 0
LogDevObjectVersion:   Dev-Platform (6631380F-2D4D-43E0-8009-CF276956A95A): 0
LogDevObjectVersion:   Dev-Rendering (12F88B9F-8875-4AFC-A67C-D90C383ABD29): 12
LogDevObjectVersion:   Dev-Sequencer (7B5AE74C-D270-4C10-A958-57980B212A5A): 3
LogDevObjectVersion:   Dev-VR (D7296918-1DD6-4BDD-9DE2-64A83CC13884): 0
LogDevObjectVersion:   Dev-LoadTimes (C2A15278-BFE7-4AFE-6C17-90FF531DF755): 1
LogInit: Compiled (64-bit): Mar 15 2017 16:52:47
LogInit: Compiled with Visual C++: 19.00.23026.00
LogInit: Build Configuration: Development
LogInit: Branch Name: ++UE4+Release-4.15
LogInit: Command line: -EpicPortal 
LogInit: Base directory: D:/EpicGames/UE_4.15/Engine/Binaries/Win64/
LogInit: Installed Engine Build: 1
LogInit: Presizing for max 8388607 objects, including 0 objects not considered by GC, pre-allocating 0 bytes for permanent pool.
LogInit: Object subsystem initialized
[2017.04.03-16.03.44:417][  0]LogInit: Selected Device Profile: [Windows]
[2017.04.03-16.03.44:417][  0]LogInit: Applying CVar settings loaded from the selected device profile: [Windows]
[2017.04.03-16.03.44:473][  0]LogInit: Computer: DESKTOP-1OLBMPA
[2017.04.03-16.03.44:473][  0]LogInit: User: julio
[2017.04.03-16.03.44:473][  0]LogInit: CPU Page size=65536, Cores=4
[2017.04.03-16.03.44:474][  0]LogInit: High frequency timer resolution =14.318180 MHz
[2017.04.03-16.03.44:474][  0]LogMemory: Memory total: Physical=8.0GB (8GB approx)
[2017.04.03-16.03.44:474][  0]LogMemory: Platform Memory Stats for Windows
[2017.04.03-16.03.44:474][  0]LogMemory: Process Physical Memory: 263.08 MB used, 263.08 MB peak
[2017.04.03-16.03.44:474][  0]LogMemory: Process Virtual Memory: 262.75 MB used, 262.75 MB peak
[2017.04.03-16.03.44:474][  0]LogMemory: Physical Memory: 4565.79 MB used,  3582.94 MB free, 8148.73 MB total
[2017.04.03-16.03.44:474][  0]LogMemory: Virtual Memory: 645.23 MB used,  3582.94 MB free, 134217728.00 MB total
[2017.04.03-16.03.44:571][  0]LogInit: Overriding culture en with editor configuration.
[2017.04.03-16.03.45:460][  0]LogD3D11RHI: D3D11 adapters:
[2017.04.03-16.03.45:482][  0]LogD3D11RHI:    0. 'AMD Radeon R9 200 Series' (Feature Level 11_0)
[2017.04.03-16.03.45:482][  0]LogD3D11RHI:       3053/0/4074 MB DedicatedVideo/DedicatedSystem/SharedSystem, Outputs:2, VendorId:0x1002
[2017.04.03-16.03.45:486][  0]LogD3D11RHI:    1. 'Microsoft Basic Render Driver' (Feature Level 11_0)
[2017.04.03-16.03.45:486][  0]LogD3D11RHI:       0/0/4074 MB DedicatedVideo/DedicatedSystem/SharedSystem, Outputs:0, VendorId:0x1414
[2017.04.03-16.03.45:486][  0]LogD3D11RHI: Chosen D3D11 Adapter: 0
[2017.04.03-16.03.45:495][  0]LogD3D11RHI: Creating new Direct3DDevice
[2017.04.03-16.03.45:495][  0]LogD3D11RHI:     GPU DeviceId: 0x679a (for the marketing name, search the web for "GPU Device Id")
[2017.04.03-16.03.45:495][  0]LogWindows: EnumDisplayDevices:
[2017.04.03-16.03.45:496][  0]LogWindows:    0. 'AMD Radeon R9 200 Series' (P:1 D:1)
[2017.04.03-16.03.45:496][  0]LogWindows:    1. 'AMD Radeon R9 200 Series' (P:0 D:1)
[2017.04.03-16.03.45:497][  0]LogWindows:    2. 'AMD Radeon R9 200 Series' (P:0 D:0)
[2017.04.03-16.03.45:497][  0]LogWindows:    3. 'AMD Radeon R9 200 Series' (P:0 D:0)
[2017.04.03-16.03.45:498][  0]LogWindows:    4. 'AMD Radeon R9 200 Series' (P:0 D:0)
[2017.04.03-16.03.45:498][  0]LogWindows:    5. 'AMD Radeon R9 200 Series' (P:0 D:0)
[2017.04.03-16.03.45:498][  0]LogWindows: DebugString: FoundDriverCount:6 
[2017.04.03-16.03.45:498][  0]LogD3D11RHI:     Adapter Name: AMD Radeon R9 200 Series
[2017.04.03-16.03.45:498][  0]LogD3D11RHI:   Driver Version: Crimson 16.6 (internal:21.19.137.514, unified:21.19.137.514)
[2017.04.03-16.03.45:498][  0]LogD3D11RHI:      Driver Date: 11-21-2016
[2017.04.03-16.03.45:498][  0]LogRHI: Texture pool is 1361 MB (70% of 1945 MB)
[2017.04.03-16.03.45:584][  0]LogD3D11RHI: Async texture creation enabled
[2017.04.03-16.03.45:601][  0]LogD3D11RHI: GPU Timing Frequency: 27.000000 (Debug: 2 1)
[2017.04.03-16.03.45:603][  0]LogShaderCompilers: Guid format shader working directory is 15 characters bigger than the processId version (../../../../Projects/LastBullet/Intermediate/Shaders/WorkingDirectory/1200/).
[2017.04.03-16.03.45:604][  0]LogShaderCompilers: Cleaned the shader compiler working directory 'C:/Users/julio/AppData/Local/Temp/UnrealShaderWorkingDir/D166CD8F4C009059617D22915374C179/'.
[2017.04.03-16.03.45:604][  0]LogShaderCompilers:Display: Using Local Shader Compiler.
[2017.04.03-16.03.47:347][  0]LogTemp:Display: Loaded TP AllDesktopTargetPlatform
[2017.04.03-16.03.47:419][  0]LogTemp:Display: Loaded TP MacClientTargetPlatform
[2017.04.03-16.03.47:502][  0]LogTemp:Display: Loaded TP MacNoEditorTargetPlatform
[2017.04.03-16.03.47:582][  0]LogTemp:Display: Loaded TP MacServerTargetPlatform
[2017.04.03-16.03.47:657][  0]LogTemp:Display: Loaded TP MacTargetPlatform
[2017.04.03-16.03.47:733][  0]LogTemp:Display: Loaded TP WindowsClientTargetPlatform
[2017.04.03-16.03.47:806][  0]LogTemp:Display: Loaded TP WindowsNoEditorTargetPlatform
[2017.04.03-16.03.47:877][  0]LogTemp:Display: Loaded TP WindowsServerTargetPlatform
[2017.04.03-16.03.47:954][  0]LogTemp:Display: Loaded TP WindowsTargetPlatform
[2017.04.03-16.03.48:041][  0]LogTemp:Display: Loaded TP AndroidTargetPlatform
[2017.04.03-16.03.48:147][  0]LogTemp:Display: Loaded TP Android_ASTCTargetPlatform
[2017.04.03-16.03.48:254][  0]LogTemp:Display: Loaded TP Android_ATCTargetPlatform
[2017.04.03-16.03.48:364][  0]LogTemp:Display: Loaded TP Android_DXTTargetPlatform
[2017.04.03-16.03.48:456][  0]LogTemp:Display: Loaded TP Android_ETC1TargetPlatform
[2017.04.03-16.03.48:540][  0]LogTemp:Display: Loaded TP Android_ETC2TargetPlatform
[2017.04.03-16.03.48:704][  0]LogTemp:Display: Loaded TP Android_MultiTargetPlatform
[2017.04.03-16.03.48:704][  0]LogTemp:Display: Loaded TP Android_PVRTCTargetPlatform
[2017.04.03-16.03.48:761][  0]LogTemp:Display: Loaded TP HTML5TargetPlatform
[2017.04.03-16.03.48:892][  0]LogTemp:Display: Loaded TP IOSTargetPlatform
[2017.04.03-16.03.48:945][  0]LogTemp:Display: Loaded TP TVOSTargetPlatform
[2017.04.03-16.03.49:025][  0]LogTemp:Display: Loaded TP LinuxClientTargetPlatform
[2017.04.03-16.03.49:106][  0]LogTemp:Display: Loaded TP LinuxNoEditorTargetPlatform
[2017.04.03-16.03.49:208][  0]LogTemp:Display: Loaded TP LinuxServerTargetPlatform
[2017.04.03-16.03.49:296][  0]LogTemp:Display: Loaded TP LinuxTargetPlatform
[2017.04.03-16.03.49:297][  0]LogTargetPlatformManager:Display: Building Assets For Windows
[2017.04.03-16.03.49:902][  0]LogDerivedDataCache:Display: Max Cache Size: 512 MB
[2017.04.03-16.03.50:004][  0]LogDerivedDataCache: Loaded boot cache 0.10s 50MB C:/Users/julio/AppData/Local/UnrealEngine/4.15/DerivedDataCache/Boot.ddc.
[2017.04.03-16.03.50:004][  0]LogDerivedDataCache:Display: Loaded Boot cache: C:/Users/julio/AppData/Local/UnrealEngine/4.15/DerivedDataCache/Boot.ddc
[2017.04.03-16.03.50:004][  0]LogDerivedDataCache: FDerivedDataBackendGraph:  Pak pak cache file ../../../../Projects/LastBullet/DerivedDataCache/DDC.ddp not found, will not use a pak cache.
[2017.04.03-16.03.50:004][  0]LogDerivedDataCache: Unable to find inner node Pak for hierarchical cache Hierarchy.
[2017.04.03-16.03.50:004][  0]LogDerivedDataCache: FDerivedDataBackendGraph:  CompressedPak pak cache file ../../../../Projects/LastBullet/DerivedDataCache/Compressed.ddp not found, will not use a pak cache.
[2017.04.03-16.03.50:004][  0]LogDerivedDataCache: Unable to find inner node CompressedPak for hierarchical cache Hierarchy.
[2017.04.03-16.03.50:028][  0]LogDerivedDataCache:Display: Pak cache opened for reading ../../../Engine/DerivedDataCache/Compressed.ddp.
[2017.04.03-16.03.50:042][  0]LogDerivedDataCache: Using Local data cache path C:/Users/julio/AppData/Local/UnrealEngine/Common/DerivedDataCache: Writable
[2017.04.03-16.03.50:058][  0]LogSlate: Using Freetype 2.6.0
[2017.04.03-16.03.50:059][  0]LogSlate: SlateFontCache - WITH_FREETYPE: 1, WITH_HARFBUZZ: 1
[2017.04.03-16.03.50:059][  0]LogSlate: SlateFontCache - WITH_FREETYPE: 1, WITH_HARFBUZZ: 1
[2017.04.03-16.03.50:492][  0]LogInit: Selected Device Profile: [Windows]
[2017.04.03-16.03.50:496][  0]LogContentStreaming: Texture pool size is 0.00 MB
[2017.04.03-16.03.50:837][  0]LogMeshUtilities: Using QuadricMeshReduction for automatic static mesh reduction
[2017.04.03-16.03.50:891][  0]LogSimplygon: Simplygon DLL not present - disabling.
[2017.04.03-16.03.50:954][  0]LogMeshUtilities: Using SimplygonSwarm for distributed automatic mesh merging
[2017.04.03-16.03.50:954][  0]LogMeshUtilities: No automatic skeletal mesh reduction module available
[2017.04.03-16.03.50:954][  0]LogMeshUtilities: No automatic mesh merging module available
[2017.04.03-16.03.51:829][  0]LogNetVersion: GetLocalNetworkVersion: CL: 3299760, ProjectName: lastbullet, ProjectVersion: , EngineNetworkVersion: 2, GameNetworkVersion: 0, NetworkChecksum: 1522868599
[2017.04.03-16.03.51:880][  0]LogAssetRegistry: FAssetRegistry took 0.0216 seconds to start up
[2017.04.03-16.03.52:019][  0]LogPackageLocalizationCache: Processed 3 localized package path(s) for 1 prioritized culture(s) in 0.111111 seconds
[2017.04.03-16.03.52:026][  0]LogUObjectArray: 32493 objects as part of root set at end of initial load.
[2017.04.03-16.03.52:026][  0]LogUObjectAllocator: 7077024 out of 0 bytes used by permanent object pool.
[2017.04.03-16.03.52:026][  0]LogUObjectArray: CloseDisregardForGC: 0/0 objects in disregard for GC pool
[2017.04.03-16.03.52:104][  0]LogInit: WinSock: version 1.1 (2.2), MaxSocks=32767, MaxUdp=65467
[2017.04.03-16.03.55:666][  0]LogTcpMessaging: Initializing TcpMessaging bridge
[2017.04.03-16.03.55:712][  0]LogUdpMessaging: Initializing bridge on interface 0.0.0.0:0 to multicast group 230.0.0.1:6666.
[2017.04.03-16.03.56:266][  0]LogMaterial: Uniform references updated for custom material expression Custom.
[2017.04.03-16.03.56:708][  0]SourceControl: Info Source control is disabled
[2017.04.03-16.03.56:709][  0]SourceControl: Info Source control is disabled
[2017.04.03-16.03.56:763][  0]SourceControl: Info Source control is disabled
[2017.04.03-16.03.56:816][  0]SourceControl: Info Source control is disabled
[2017.04.03-16.03.57:187][  0]LogLinker:Warning: Can't find file '/Game/FirstPersonBP/FirstPersonOverview'
[2017.04.03-16.03.57:187][  0]LogLinker:Warning: Can't find file '/Game/FirstPersonBP/FirstPersonOverview'
[2017.04.03-16.03.57:187][  0]LogUObjectGlobals:Warning: Failed to find object 'Class /Game/FirstPersonBP/FirstPersonOverview.FirstPersonOverview_C'
[2017.04.03-16.03.58:280][  0]LogEngine: Initializing Engine...
[2017.04.03-16.03.58:281][  0]LogHMD: Failed to initialize OpenVR with code 110
[2017.04.03-16.03.58:560][  0]LogAIModule: Creating AISystem for world Untitled
[2017.04.03-16.03.58:575][  0]LogInit: XAudio2 using '1 - BenQ GL2250H (AMD High Definition Audio Device)' : 2 channels at 48 kHz using 16 bits per sample (channel mask 0x3)
[2017.04.03-16.03.58:590][  0]LogInit: FAudioDevice initialized.
[2017.04.03-16.03.58:639][  0]LogDerivedDataCache: Saved boot cache 0.05s 50MB C:/Users/julio/AppData/Local/UnrealEngine/4.15/DerivedDataCache/Boot.ddc.
[2017.04.03-16.03.58:654][  0]LogInit: Texture streaming: Enabled
[2017.04.03-16.03.58:766][  0]LogEngineSessionManager: EngineSessionManager initialized
[2017.04.03-16.03.58:903][  0]LogInit: Transaction tracking system initialized
[2017.04.03-16.03.59:303][  0]BlueprintLog: New page: Editor Load
[2017.04.03-16.04.00:324][  0]LocalizationService: Info Localization service is disabled
[2017.04.03-16.04.01:092][  0]LogConsoleResponse:Display: 
[2017.04.03-16.04.01:309][  0]LogCook:Display: Max memory allowance for cook 16384mb min free memory 0mb
[2017.04.03-16.04.01:309][  0]LogCook:Display: Mobile HDR setting 1
[2017.04.03-16.04.02:453][  0]LogFileCache: Scanning file cache for directory 'D:/EpicGames/Projects/LastBullet/Content/' took 0.02s
[2017.04.03-16.04.02:506][  0]SourceControl: Info Source control is disabled
[2017.04.03-16.04.02:506][  0]Cmd: MAP LOAD FILE="../../../../Projects/LastBullet/Content/StarterContent/Maps/Minimal_Default.umap" TEMPLATE=0 SHOWPROGRESS=1 FEATURELEVEL=3
[2017.04.03-16.04.02:507][  0]LightingResults: New page: Lighting Build
[2017.04.03-16.04.02:553][  0]MapCheck: New page: Map Check
[2017.04.03-16.04.02:553][  0]LightingResults: New page: Lighting Build
[2017.04.03-16.04.02:620][  0]LogLinker:Warning: Asset '../../../../Projects/LastBullet/Content/Blueprints/modul_transporttransport_16_Blueprint.uasset' has been saved with empty engine version. The asset will be loaded but may be incompatible.
[2017.04.03-16.04.03:152][  0]LogBlueprint:Warning: Node '/Game/Blueprints/modul_transporttransport_16_Blueprint.modul_transporttransport_16_Blueprint:EdGraph_0.K2Node_FunctionEntry_359' missing NodeGuid because of upgrade from old package version, this can cause deterministic cooking issues please resave package.
[2017.04.03-16.04.03:181][  0]LogBlueprint:Warning: Node '/Game/Blueprints/modul_transporttransport_16_Blueprint.modul_transporttransport_16_Blueprint:EdGraph_1.K2Node_FunctionEntry_359' missing NodeGuid because of upgrade from old package version, this can cause deterministic cooking issues please resave package.
[2017.04.03-16.04.03:185][  0]LogBlueprint:Warning: Node '/Game/Blueprints/modul_transporttransport_16_Blueprint.modul_transporttransport_16_Blueprint:EdGraph_2.K2Node_FunctionEntry_359' missing NodeGuid because of upgrade from old package version, this can cause deterministic cooking issues please resave package.
[2017.04.03-16.04.05:812][  0]LogLinker:Warning: Asset '../../../../Projects/LastBullet/Content/Meshes/Space/StarMap_Nebula_1_Mat.uasset' has been saved with empty engine version. The asset will be loaded but may be incompatible.
[2017.04.03-16.04.05:834][  0]LogLinker:Warning: Asset '../../../../Projects/LastBullet/Content/Meshes/Space/StarMap_Nebula_1.uasset' has been saved with empty engine version. The asset will be loaded but may be incompatible.
[2017.04.03-16.04.05:979][  0]LogLinker:Warning: Asset '../../../../Projects/LastBullet/Content/Meshes/Space/FX_Map_7.uasset' has been saved with empty engine version. The asset will be loaded but may be incompatible.
[2017.04.03-16.04.06:009][  0]LogLinker:Warning: Asset '../../../../Projects/LastBullet/Content/Meshes/Space/StarMap_1.uasset' has been saved with empty engine version. The asset will be loaded but may be incompatible.
[2017.04.03-16.04.13:474][  0]LogBlueprint:Warning: Node '/Game/Blueprints/modul_transporttransport_16_Blueprint.modul_transporttransport_16_Blueprint:UserConstructionScript.K2Node_FunctionEntry_359' missing NodeGuid because of upgrade from old package version, this can cause deterministic cooking issues please resave package.
[2017.04.03-16.04.14:415][  0]LogAIModule: Creating AISystem for world Minimal_Default
[2017.04.03-16.04.14:616][  0]LogEditorServer: Finished looking for orphan Actors (0.000 secs)
[2017.04.03-16.04.14:656][  0]Cmd: MAP CHECKDEP NOCLEARLOG
[2017.04.03-16.04.14:733][  0]MapCheck: Info Map check complete: 0 Error(s), 0 Warning(s), took 76.92ms to complete.
[2017.04.03-16.04.14:733][  0]LogFileHelpers: Loading map 'Minimal_Default' took 12.227
[2017.04.03-16.04.15:659][  0]LogCollectionManager: Loaded 0 collections in 0.010974 seconds
[2017.04.03-16.04.15:824][  0]LogFileCache: Scanning file cache for directory 'D:/EpicGames/Projects/LastBullet/Saved/Collections/' took 0.01s
[2017.04.03-16.04.15:824][  0]LogFileCache: Scanning file cache for directory 'D:/EpicGames/Projects/LastBullet/Content/Developers/julio/Collections/' took 0.01s
[2017.04.03-16.04.15:824][  0]LogFileCache: Scanning file cache for directory 'D:/EpicGames/Projects/LastBullet/Content/Collections/' took 0.01s
[2017.04.03-16.04.15:824][  0]LogCollectionManager: Rebuilt the GUID cache for 0 collections in 0.000005 seconds
[2017.04.03-16.04.15:840][  0]LogContentBrowser: Native class hierarchy populated in 0.0144 seconds. Added 2245 classes and 453 folders.
[2017.04.03-16.04.15:907][  0]LogStats: UGameplayTagsManager::ConstructGameplayTagTree: Construct from data asset -  0.000 s
[2017.04.03-16.04.15:908][  0]LogStats: UGameplayTagsManager::ConstructGameplayTagTree: GameplayTagTreeChangedEvent.Broadcast -  0.000 s
[2017.04.03-16.04.16:007][  0]LogContentBrowser: Native class hierarchy updated for 'WidgetCarousel' in 0.0006 seconds. Added 0 classes and 0 folders.
[2017.04.03-16.04.16:996][  0]LogContentBrowser: Native class hierarchy updated for 'AddContentDialog' in 0.0007 seconds. Added 0 classes and 0 folders.
[2017.04.03-16.04.17:109][  0]LogContentBrowser: Native class hierarchy updated for 'SceneOutliner' in 0.0007 seconds. Added 1 classes and 2 folders.
[2017.04.03-16.04.17:819][  0]LogCrashTracker: Crashtracker disabled due to settings.
[2017.04.03-16.04.18:017][  0]LogUObjectGlobals:Warning: Failed to find object 'Class None.'
[2017.04.03-16.04.18:120][  0]LogContentBrowser: Native class hierarchy updated for 'HierarchicalLODOutliner' in 0.0007 seconds. Added 1 classes and 2 folders.
[2017.04.03-16.04.18:120][  0]LogLoad: (Engine Initialization) Total time: 37.97 seconds
[2017.04.03-16.04.18:120][  0]LogLoad: (Engine Initialization) Total Blueprint compile time: 0.10 seconds
[2017.04.03-16.04.18:120][  0]LogExternalProfiler: Found external profiler: VSPerf
[2017.04.03-16.04.18:120][  0]LogExternalProfiler: Using external profiler: VSPerf
[2017.04.03-16.04.18:460][  0]LogOcInput: OculusInput pre-init called
[2017.04.03-16.04.18:758][  0]LogContentStreaming: Texture pool size now 1000 MB
[2017.04.03-16.04.18:760][  0]LogSlate: Took 0.000351 seconds to synchronously load lazily loaded font '../../../Engine/Content/Slate/Fonts/Roboto-Regular.ttf' (155K)
[2017.04.03-16.04.18:765][  0]LogSlate: Took 0.000335 seconds to synchronously load lazily loaded font '../../../Engine/Content/Slate/Fonts/Roboto-Bold.ttf' (160K)
[2017.04.03-16.04.18:820][  0]LogSlate: Took 0.009622 seconds to synchronously load lazily loaded font '../../../Engine/Content/Editor/Slate/Fonts/FontAwesome.ttf' (139K)
[2017.04.03-16.04.19:612][  0]LogSlate: Took 0.010597 seconds to synchronously load lazily loaded font '../../../Engine/Content/Slate/Fonts/Roboto-Light.ttf' (159K)
[2017.04.03-16.04.19:724][  0]LogRenderer: Reallocating scene render targets to support 1264x632 NumSamples 1 (Frame:2).
[2017.04.03-16.04.20:316][  2]LogSlate: Took 0.000484 seconds to synchronously load lazily loaded font '../../../Engine/Content/Slate/Fonts/Roboto-Light.ttf' (159K)
[2017.04.03-16.04.20:965][  4]LogAssetRegistry: Asset discovery search completed in 29.1073 seconds
[2017.04.03-16.04.20:965][  4]LogCollectionManager: Rebuilt the object cache for 0 collections in 0.000009 seconds (found 0 objects)
[2017.04.03-16.04.20:965][  4]LogCollectionManager: Fixed up redirectors for 0 collections in 0.000028 seconds (updated 0 objects)
[2017.04.03-16.04.27:903][449]LogSlate: Took 0.000241 seconds to synchronously load lazily loaded font '../../../Engine/Content/Slate/Fonts/Roboto-Light.ttf' (159K)
[2017.04.03-16.05.12:057][360]LogEditorViewport: Clicking on Actor (LMB): StaticMeshActor (pplu_Cabeza4)
[2017.04.03-16.05.14:871][458]LogMaterial: Missing cached shader map for material CabezaSG, compiling. 
[2017.04.03-16.05.14:906][458]LogTemp:Display: Added material ShaderMap 0x000002D2456A0800 with Material 0x000002D2455DA980 to ShaderMapsBeingCompiled
[2017.04.03-16.05.14:991][458]LogTemp:Display: Kicking off shader compilation for CabezaSG, GameThreadShaderMap 0x000002D2456A0800
[2017.04.03-16.05.15:524][458]LogMaterial: Missing cached shader map for material CabezaSG, compiling. 
[2017.04.03-16.05.15:525][458]LogTemp:Display: Added material ShaderMap 0x000002D22F216E80 with Material 0x000002D2455DA980 to ShaderMapsBeingCompiled
[2017.04.03-16.05.15:537][458]LogTemp:Display: Kicking off shader compilation for CabezaSG, GameThreadShaderMap 0x000002D22F216E80
[2017.04.03-16.05.15:537][458]LogMaterial: 0.00 seconds spent updating 1 materials, 1 interfaces, 0 instances, 0 with static permutations.
[2017.04.03-16.05.15:571][458]LogMaterial: Missing cached shader map for material FMatExpressionPreview MaterialExpressionTextureSample_1, compiling. 
[2017.04.03-16.05.15:572][458]LogTemp:Display: Added material ShaderMap 0x000002D22F34B580 with Material 0x000002D22F24FA00 to ShaderMapsBeingCompiled
[2017.04.03-16.05.15:575][458]LogTemp:Display: Kicking off shader compilation for FMatExpressionPreview MaterialExpressionTextureSample_1, GameThreadShaderMap 0x000002D22F34B580
[2017.04.03-16.05.15:598][458]LogTemp:Display: Finished compile of shader map 0x000002D2456A0800
[2017.04.03-16.05.15:598][458]LogTemp:Display: Shader map CabezaSG complete, GameThreadShaderMap 0x000002D2456A0800, marking material CabezaSG as finished
[2017.04.03-16.05.15:598][458]LogTemp:Display: Marking material as finished 0x000002D2455DA980
[2017.04.03-16.05.15:617][458]LogSlate: Took 0.013127 seconds to synchronously load lazily loaded font '../../../Engine/Content/Editor/Slate/Fonts/Roboto-BoldCondensed.ttf' (158K)
[2017.04.03-16.05.16:446][464]LogTemp:Display: Finished compile of shader map 0x000002D22F216E80
[2017.04.03-16.05.16:446][464]LogTemp:Display: Shader map CabezaSG complete, GameThreadShaderMap 0x000002D22F216E80, marking material CabezaSG as finished
[2017.04.03-16.05.16:446][464]LogTemp:Display: Marking material as finished 0x000002D2455DA980
[2017.04.03-16.05.16:484][465]MaterialEditorStats: Info Base pass shader with only dynamic lighting: 81 instructions
[2017.04.03-16.05.16:485][465]MaterialEditorStats: Info Vertex shader: 31 instructions
[2017.04.03-16.05.16:485][465]MaterialEditorStats: Info Texture samplers: 2/16
[2017.04.03-16.05.16:567][466]LogTemp:Display: Finished compile of shader map 0x000002D22F34B580
[2017.04.03-16.05.16:567][466]LogTemp:Display: Shader map FMatExpressionPreview MaterialExpressionTextureSample_1 complete, GameThreadShaderMap 0x000002D22F34B580, marking material FMatExpressionPreview MaterialExpressionTextureSample_1 as finished
[2017.04.03-16.05.16:567][466]LogTemp:Display: Marking material as finished 0x000002D22F24FA00
[2017.04.03-16.05.24:652][888]LogMaterial: Missing cached shader map for material CabezaSG, compiling. 
[2017.04.03-16.05.24:653][888]LogTemp:Display: Added material ShaderMap 0x000002D283C1A780 with Material 0x000002D2455DA980 to ShaderMapsBeingCompiled
[2017.04.03-16.05.24:664][888]LogTemp:Display: Kicking off shader compilation for CabezaSG, GameThreadShaderMap 0x000002D283C1A780
[2017.04.03-16.05.24:664][888]LogMaterial: 0.00 seconds spent updating 1 materials, 1 interfaces, 0 instances, 0 with static permutations.
[2017.04.03-16.05.25:594][926]LogTemp:Display: Finished compile of shader map 0x000002D283C1A780
[2017.04.03-16.05.25:594][926]LogTemp:Display: Shader map CabezaSG complete, GameThreadShaderMap 0x000002D283C1A780, marking material CabezaSG as finished
[2017.04.03-16.05.25:594][926]LogTemp:Display: Marking material as finished 0x000002D2455DA980
[2017.04.03-16.05.25:615][927]MaterialEditorStats: Info Base pass shader with only dynamic lighting: 81 instructions
[2017.04.03-16.05.25:615][927]MaterialEditorStats: Info Vertex shader: 31 instructions
[2017.04.03-16.05.25:615][927]MaterialEditorStats: Info Texture samplers: 2/16
[2017.04.03-16.05.26:589][976]LogMaterialEditor: Saving and Compiling material CabezaSG
[2017.04.03-16.05.27:513][976]LogMaterial: Missing cached shader map for material CabezaSG, compiling. 
[2017.04.03-16.05.27:514][976]LogTemp:Display: Added material ShaderMap 0x000002D283C19D00 with Material 0x000002D2455DA980 to ShaderMapsBeingCompiled
[2017.04.03-16.05.27:536][976]LogTemp:Display: Kicking off shader compilation for CabezaSG, GameThreadShaderMap 0x000002D283C19D00
[2017.04.03-16.05.27:537][976]LogMaterial: 0.00 seconds spent updating 1 materials, 1 interfaces, 0 instances, 0 with static permutations.
[2017.04.03-16.05.27:569][976]LogMaterial: Missing cached shader map for material CabezaSG, compiling. 
[2017.04.03-16.05.27:570][976]LogTemp:Display: Added material ShaderMap 0x000002D2839A5280 with Material 0x000002D203566C80 to ShaderMapsBeingCompiled
[2017.04.03-16.05.27:596][976]LogTemp:Display: Kicking off shader compilation for CabezaSG, GameThreadShaderMap 0x000002D2839A5280
[2017.04.03-16.05.27:620][976]LogMaterial: Missing cached shader map for material CabezaSG, compiling. 
[2017.04.03-16.05.27:621][976]LogTemp:Display: Added material ShaderMap 0x000002D287D23580 with Material 0x000002D203566C80 to ShaderMapsBeingCompiled
[2017.04.03-16.05.27:643][976]LogTemp:Display: Kicking off shader compilation for CabezaSG, GameThreadShaderMap 0x000002D287D23580
[2017.04.03-16.05.27:647][976]LogMaterial: 0.00 seconds spent updating 1 materials, 1 interfaces, 0 instances, 0 with static permutations.
[2017.04.03-16.05.27:691][976]LogMaterial: Missing cached shader map for material FDebugViewModeMaterialProxy CabezaSG, compiling. 
[2017.04.03-16.05.27:693][976]LogTemp:Display: Added material ShaderMap 0x000002D287C52080 with Material 0x000002D287CEFA00 to ShaderMapsBeingCompiled
[2017.04.03-16.05.28:394][976]LogTemp:Display: Finished compile of shader map 0x000002D287C52080
[2017.04.03-16.05.28:394][976]LogTemp:Display: Shader map FDebugViewModeMaterialProxy CabezaSG complete, GameThreadShaderMap 0x000002D287C52080, marking material FDebugViewModeMaterialProxy CabezaSG as finished
[2017.04.03-16.05.28:394][976]LogTemp:Display: Marking material as finished 0x000002D287CEFA00
[2017.04.03-16.05.28:400][976]TextureStreamingBuild:Display: Compiling optional shaders took 0.733 seconds.
[2017.04.03-16.05.30:000][976]LogTemp:Display: Finished compile of shader map 0x000002D287D23580
[2017.04.03-16.05.30:000][976]LogTemp:Display: Shader map CabezaSG complete, GameThreadShaderMap 0x000002D287D23580, marking material CabezaSG as finished
[2017.04.03-16.05.30:000][976]LogTemp:Display: Marking material as finished 0x000002D203566C80
[2017.04.03-16.05.30:020][976]LogSlate: Took 0.000251 seconds to synchronously load lazily loaded font '../../../Engine/Content/Slate/Fonts/Roboto-Regular.ttf' (155K)
[2017.04.03-16.05.30:030][976]LogTemp:Display: Finished compile of shader map 0x000002D283C19D00
[2017.04.03-16.05.30:030][976]LogTemp:Display: Shader map CabezaSG complete, GameThreadShaderMap 0x000002D283C19D00, marking material CabezaSG as finished
[2017.04.03-16.05.30:030][976]LogTemp:Display: Marking material as finished 0x000002D2455DA980
[2017.04.03-16.05.30:065][976]Cmd: OBJ SAVEPACKAGE PACKAGE="/Game/CabezaSG" FILE="../../../../Projects/LastBullet/Content/CabezaSG.uasset" SILENT=true
[2017.04.03-16.05.30:787][976]LogSavePackage: Save=116.43ms
[2017.04.03-16.05.30:787][976]LogSavePackage: Moving '../../../../Projects/LastBullet/Saved/CabezaSGF4206EFD412894386BDD0188FA418EB6.tmp' to '../../../../Projects/LastBullet/Content/CabezaSG.uasset'
[2017.04.03-16.05.30:791][976]LogSavePackage:Display: Finished SavePackage ../../../../Projects/LastBullet/Content/CabezaSG.uasset
[2017.04.03-16.05.30:798][976]MaterialEditorStats: Info Base pass shader with only dynamic lighting: 81 instructions
[2017.04.03-16.05.30:798][976]MaterialEditorStats: Info Vertex shader: 31 instructions
[2017.04.03-16.05.30:798][976]MaterialEditorStats: Info Texture samplers: 3/16
[2017.04.03-16.05.36:817][294]LogMaterial: Missing cached shader map for material CabezaSG, compiling. 
[2017.04.03-16.05.36:818][294]LogTemp:Display: Added material ShaderMap 0x000002D283C1BC80 with Material 0x000002D2455DA980 to ShaderMapsBeingCompiled
[2017.04.03-16.05.36:829][294]LogTemp:Display: Kicking off shader compilation for CabezaSG, GameThreadShaderMap 0x000002D283C1BC80
[2017.04.03-16.05.36:829][294]LogMaterial: 0.00 seconds spent updating 1 materials, 1 interfaces, 0 instances, 0 with static permutations.
[2017.04.03-16.05.37:776][333]LogTemp:Display: Finished compile of shader map 0x000002D283C1BC80
[2017.04.03-16.05.37:776][333]LogTemp:Display: Shader map CabezaSG complete, GameThreadShaderMap 0x000002D283C1BC80, marking material CabezaSG as finished
[2017.04.03-16.05.37:776][333]LogTemp:Display: Marking material as finished 0x000002D2455DA980
[2017.04.03-16.05.37:797][334]MaterialEditorStats: Info Base pass shader with only dynamic lighting: 81 instructions
[2017.04.03-16.05.37:797][334]MaterialEditorStats: Info Vertex shader: 31 instructions
[2017.04.03-16.05.37:797][334]MaterialEditorStats: Info Texture samplers: 2/16
[2017.04.03-16.05.38:520][373]LogMaterialEditor: Saving and Compiling material CabezaSG
[2017.04.03-16.05.39:436][373]LogMaterial: Missing cached shader map for material CabezaSG, compiling. 
[2017.04.03-16.05.39:437][373]LogTemp:Display: Added material ShaderMap 0x000002D22F215280 with Material 0x000002D2455DA980 to ShaderMapsBeingCompiled
[2017.04.03-16.05.39:461][373]LogTemp:Display: Kicking off shader compilation for CabezaSG, GameThreadShaderMap 0x000002D22F215280
[2017.04.03-16.05.39:461][373]LogMaterial: 0.00 seconds spent updating 1 materials, 1 interfaces, 0 instances, 0 with static permutations.
[2017.04.03-16.05.39:480][373]LogTemp:Display: Removed shader map 0x000002D2839A5280 from material 0x000002D203566C80
[2017.04.03-16.05.39:487][373]LogMaterial: Missing cached shader map for material CabezaSG, compiling. 
[2017.04.03-16.05.39:489][373]LogTemp:Display: Added material ShaderMap 0x000002D287D20F00 with Material 0x000002D246FB8B80 to ShaderMapsBeingCompiled
[2017.04.03-16.05.39:515][373]LogTemp:Display: Kicking off shader compilation for CabezaSG, GameThreadShaderMap 0x000002D287D20F00
[2017.04.03-16.05.39:518][373]LogMaterial: Missing cached shader map for material CabezaSG, compiling. 
[2017.04.03-16.05.39:519][373]LogTemp:Display: Added material ShaderMap 0x000002D2884FF580 with Material 0x000002D246FB8B80 to ShaderMapsBeingCompiled
[2017.04.03-16.05.39:540][373]LogTemp:Display: Kicking off shader compilation for CabezaSG, GameThreadShaderMap 0x000002D2884FF580
[2017.04.03-16.05.39:544][373]LogMaterial: 0.00 seconds spent updating 1 materials, 1 interfaces, 0 instances, 0 with static permutations.
[2017.04.03-16.05.39:567][373]LogMaterial: Missing cached shader map for material FDebugViewModeMaterialProxy CabezaSG, compiling. 
[2017.04.03-16.05.39:568][373]LogTemp:Display: Added material ShaderMap 0x000002D28841A080 with Material 0x000002D28840FA00 to ShaderMapsBeingCompiled
[2017.04.03-16.05.40:286][373]LogTemp:Display: Finished compile of shader map 0x000002D28841A080
[2017.04.03-16.05.40:286][373]LogTemp:Display: Shader map FDebugViewModeMaterialProxy CabezaSG complete, GameThreadShaderMap 0x000002D28841A080, marking material FDebugViewModeMaterialProxy CabezaSG as finished
[2017.04.03-16.05.40:286][373]LogTemp:Display: Marking material as finished 0x000002D28840FA00
[2017.04.03-16.05.40:290][373]TextureStreamingBuild:Display: Compiling optional shaders took 0.731 seconds.
[2017.04.03-16.05.41:844][373]LogTemp:Display: Finished compile of shader map 0x000002D2884FF580
[2017.04.03-16.05.41:844][373]LogTemp:Display: Shader map CabezaSG complete, GameThreadShaderMap 0x000002D2884FF580, marking material CabezaSG as finished
[2017.04.03-16.05.41:844][373]LogTemp:Display: Marking material as finished 0x000002D246FB8B80
[2017.04.03-16.05.41:852][373]LogTemp:Display: Finished compile of shader map 0x000002D22F215280
[2017.04.03-16.05.41:852][373]LogTemp:Display: Shader map CabezaSG complete, GameThreadShaderMap 0x000002D22F215280, marking material CabezaSG as finished
[2017.04.03-16.05.41:852][373]LogTemp:Display: Marking material as finished 0x000002D2455DA980
[2017.04.03-16.05.41:874][373]Cmd: OBJ SAVEPACKAGE PACKAGE="/Game/CabezaSG" FILE="../../../../Projects/LastBullet/Content/CabezaSG.uasset" SILENT=true
[2017.04.03-16.05.41:897][373]LogSavePackage: Save=13.56ms
[2017.04.03-16.05.41:897][373]LogSavePackage: Moving '../../../../Projects/LastBullet/Saved/CabezaSGD54CCCF64AF61BB57DDC78993FB64B91.tmp' to '../../../../Projects/LastBullet/Content/CabezaSG.uasset'
[2017.04.03-16.05.41:900][373]LogSavePackage:Display: Finished SavePackage ../../../../Projects/LastBullet/Content/CabezaSG.uasset
[2017.04.03-16.05.41:906][373]MaterialEditorStats: Info Base pass shader with only dynamic lighting: 81 instructions
[2017.04.03-16.05.41:906][373]MaterialEditorStats: Info Vertex shader: 31 instructions
[2017.04.03-16.05.41:906][373]MaterialEditorStats: Info Texture samplers: 3/16
[2017.04.03-16.05.49:389][768]LogMaterial: Missing cached shader map for material CabezaSG, compiling. 
[2017.04.03-16.05.49:390][768]LogTemp:Display: Added material ShaderMap 0x000002D287D22E80 with Material 0x000002D2455DA980 to ShaderMapsBeingCompiled
[2017.04.03-16.05.49:401][768]LogTemp:Display: Kicking off shader compilation for CabezaSG, GameThreadShaderMap 0x000002D287D22E80
[2017.04.03-16.05.49:401][768]LogMaterial: 0.00 seconds spent updating 1 materials, 1 interfaces, 0 instances, 0 with static permutations.
[2017.04.03-16.05.50:330][807]LogTemp:Display: Finished compile of shader map 0x000002D287D22E80
[2017.04.03-16.05.50:330][807]LogTemp:Display: Shader map CabezaSG complete, GameThreadShaderMap 0x000002D287D22E80, marking material CabezaSG as finished
[2017.04.03-16.05.50:330][807]LogTemp:Display: Marking material as finished 0x000002D2455DA980
[2017.04.03-16.05.50:350][808]MaterialEditorStats: Info Base pass shader with only dynamic lighting: 81 instructions
[2017.04.03-16.05.50:350][808]MaterialEditorStats: Info Vertex shader: 31 instructions
[2017.04.03-16.05.50:350][808]MaterialEditorStats: Info Texture samplers: 2/16
[2017.04.03-16.05.51:681][878]LogMaterialEditor: Saving and Compiling material CabezaSG
[2017.04.03-16.05.52:606][878]LogMaterial: Missing cached shader map for material CabezaSG, compiling. 
[2017.04.03-16.05.52:607][878]LogTemp:Display: Added material ShaderMap 0x000002D208766B00 with Material 0x000002D2455DA980 to ShaderMapsBeingCompiled
[2017.04.03-16.05.52:629][878]LogTemp:Display: Kicking off shader compilation for CabezaSG, GameThreadShaderMap 0x000002D208766B00
[2017.04.03-16.05.52:629][878]LogMaterial: 0.00 seconds spent updating 1 materials, 1 interfaces, 0 instances, 0 with static permutations.
[2017.04.03-16.05.52:649][878]LogTemp:Display: Removed shader map 0x000002D287D20F00 from material 0x000002D246FB8B80
[2017.04.03-16.05.52:657][878]LogMaterial: Missing cached shader map for material CabezaSG, compiling. 
[2017.04.03-16.05.52:658][878]LogTemp:Display: Added material ShaderMap 0x000002D2884FD600 with Material 0x000002D246FBB400 to ShaderMapsBeingCompiled
[2017.04.03-16.05.52:686][878]LogTemp:Display: Kicking off shader compilation for CabezaSG, GameThreadShaderMap 0x000002D2884FD600
[2017.04.03-16.05.52:688][878]LogMaterial: Missing cached shader map for material CabezaSG, compiling. 
[2017.04.03-16.05.52:689][878]LogTemp:Display: Added material ShaderMap 0x000002D28831F580 with Material 0x000002D246FBB400 to ShaderMapsBeingCompiled
[2017.04.03-16.05.52:707][878]LogTemp:Display: Kicking off shader compilation for CabezaSG, GameThreadShaderMap 0x000002D28831F580
[2017.04.03-16.05.52:711][878]LogMaterial: 0.00 seconds spent updating 1 materials, 1 interfaces, 0 instances, 0 with static permutations.
[2017.04.03-16.05.52:735][878]LogMaterial: Missing cached shader map for material FDebugViewModeMaterialProxy CabezaSG, compiling. 
[2017.04.03-16.05.52:736][878]LogTemp:Display: Added material ShaderMap 0x000002D23966E080 with Material 0x000002D28826FA00 to ShaderMapsBeingCompiled
[2017.04.03-16.05.53:494][878]LogTemp:Display: Finished compile of shader map 0x000002D23966E080
[2017.04.03-16.05.53:494][878]LogTemp:Display: Shader map FDebugViewModeMaterialProxy CabezaSG complete, GameThreadShaderMap 0x000002D23966E080, marking material FDebugViewModeMaterialProxy CabezaSG as finished
[2017.04.03-16.05.53:494][878]LogTemp:Display: Marking material as finished 0x000002D28826FA00
[2017.04.03-16.05.53:497][878]TextureStreamingBuild:Display: Compiling optional shaders took 0.769 seconds.
[2017.04.03-16.05.55:125][878]LogTemp:Display: Finished compile of shader map 0x000002D28831F580
[2017.04.03-16.05.55:126][878]LogTemp:Display: Shader map CabezaSG complete, GameThreadShaderMap 0x000002D28831F580, marking material CabezaSG as finished
[2017.04.03-16.05.55:126][878]LogTemp:Display: Marking material as finished 0x000002D246FBB400
[2017.04.03-16.05.55:133][878]LogTemp:Display: Finished compile of shader map 0x000002D208766B00
[2017.04.03-16.05.55:133][878]LogTemp:Display: Shader map CabezaSG complete, GameThreadShaderMap 0x000002D208766B00, marking material CabezaSG as finished
[2017.04.03-16.05.55:133][878]LogTemp:Display: Marking material as finished 0x000002D2455DA980
[2017.04.03-16.05.55:154][878]Cmd: OBJ SAVEPACKAGE PACKAGE="/Game/CabezaSG" FILE="../../../../Projects/LastBullet/Content/CabezaSG.uasset" SILENT=true
[2017.04.03-16.05.55:177][878]LogSavePackage: Save=13.70ms
[2017.04.03-16.05.55:177][878]LogSavePackage: Moving '../../../../Projects/LastBullet/Saved/CabezaSG6A20394243FB8DF5EB759185753CD66E.tmp' to '../../../../Projects/LastBullet/Content/CabezaSG.uasset'
[2017.04.03-16.05.55:180][878]LogSavePackage:Display: Finished SavePackage ../../../../Projects/LastBullet/Content/CabezaSG.uasset
[2017.04.03-16.05.55:185][878]MaterialEditorStats: Info Base pass shader with only dynamic lighting: 81 instructions
[2017.04.03-16.05.55:185][878]MaterialEditorStats: Info Vertex shader: 31 instructions
[2017.04.03-16.05.55:185][878]MaterialEditorStats: Info Texture samplers: 3/16
[2017.04.03-16.06.16:143][987]LogEditorViewport: Clicking on Actor (LMB): StaticMeshActor (pplu_Cabeza4)
[2017.04.03-16.06.36:516][ 23]MapCheck: New page: Map Check
[2017.04.03-16.06.36:721][ 23]LightingResults: New page: Lighting Build - Apr 3, 2017, 8:06:36 PM
[2017.04.03-16.06.36:919][ 23]LogSwarmInterface: [OpenConnection] Registering TCP channel ...
[2017.04.03-16.06.37:038][ 23]LogSwarmInterface: [OpenConnection] Connecting to agent ...
[2017.04.03-16.06.37:071][ 23]LogSwarmInterface: [TryOpenConnection] Testing the Agent
[2017.04.03-16.06.38:164][ 23]LogSwarmInterface: [TryOpenConnection] Opening Connection to Agent
[2017.04.03-16.06.38:164][ 23]LogSwarmInterface: [TryOpenConnection] Local Process ID is 1200
[2017.04.03-16.06.41:272][ 23]LogStaticLightingSystem: Running Lightmass w/ ImmediateImport mode ENABLED
[2017.04.03-16.06.41:272][ 23]LogStaticLightingSystem: Running Lightmass w/ ImmediateProcess mode ENABLED
[2017.04.03-16.06.41:272][ 23]LogStaticLightingSystem: Running Lightmass w/ Sorting mode ENABLED
[2017.04.03-16.06.41:272][ 23]LogStaticLightingSystem: Running Lightmass w/ Mapping paddings ENABLED
[2017.04.03-16.06.41:272][ 23]LogStaticLightingSystem: Running Lightmass w/ Mapping debug paddings DISABLED
[2017.04.03-16.06.42:272][ 23]LogEditorBuildUtils: Build time 0:05
[2017.04.03-16.06.42:309][ 23]LogMaterial: Missing cached shader map for material FLightmassMaterialRenderer BrazosSG, compiling. 
[2017.04.03-16.06.42:311][ 23]LogTemp:Display: Added material ShaderMap 0x000002D24ADD1980 with Material 0x000002D23763A500 to ShaderMapsBeingCompiled
[2017.04.03-16.06.42:313][ 23]LogTemp:Display: Kicking off shader compilation for FLightmassMaterialRenderer BrazosSG, GameThreadShaderMap 0x000002D24ADD1980
[2017.04.03-16.06.42:316][ 23]LogMaterial: Missing cached shader map for material FLightmassMaterialRenderer BrazosSG, compiling. 
[2017.04.03-16.06.42:317][ 23]LogTemp:Display: Added material ShaderMap 0x000002D24ADD0100 with Material 0x000002D23763A800 to ShaderMapsBeingCompiled
[2017.04.03-16.06.42:319][ 23]LogTemp:Display: Kicking off shader compilation for FLightmassMaterialRenderer BrazosSG, GameThreadShaderMap 0x000002D24ADD0100
[2017.04.03-16.06.42:349][ 24]LogMaterial: Missing cached shader map for material FLightmassMaterialRenderer PiernasSG, compiling. 
[2017.04.03-16.06.42:350][ 24]LogTemp:Display: Added material ShaderMap 0x000002D23622FC80 with Material 0x000002D24ADBDC00 to ShaderMapsBeingCompiled
[2017.04.03-16.06.42:354][ 24]LogTemp:Display: Kicking off shader compilation for FLightmassMaterialRenderer PiernasSG, GameThreadShaderMap 0x000002D23622FC80
[2017.04.03-16.06.42:357][ 24]LogMaterial: Missing cached shader map for material FLightmassMaterialRenderer PiernasSG, compiling. 
[2017.04.03-16.06.42:358][ 24]LogTemp:Display: Added material ShaderMap 0x000002D23622E400 with Material 0x000002D24ADBD900 to ShaderMapsBeingCompiled
[2017.04.03-16.06.42:361][ 24]LogTemp:Display: Kicking off shader compilation for FLightmassMaterialRenderer PiernasSG, GameThreadShaderMap 0x000002D23622E400
[2017.04.03-16.06.42:411][ 25]LogMaterial: Missing cached shader map for material FLightmassMaterialRenderer Channel_wire_027177148_Mat, compiling. 
[2017.04.03-16.06.42:412][ 25]LogTemp:Display: Added material ShaderMap 0x000002D23622CF00 with Material 0x000002D2362DF700 to ShaderMapsBeingCompiled
[2017.04.03-16.06.42:415][ 25]LogTemp:Display: Kicking off shader compilation for FLightmassMaterialRenderer Channel_wire_027177148_Mat, GameThreadShaderMap 0x000002D23622CF00
[2017.04.03-16.06.42:418][ 25]LogMaterial: Missing cached shader map for material FLightmassMaterialRenderer Channel_wire_027177148_Mat, compiling. 
[2017.04.03-16.06.42:419][ 25]LogTemp:Display: Added material ShaderMap 0x000002D283943200 with Material 0x000002D2362DF400 to ShaderMapsBeingCompiled
[2017.04.03-16.06.42:421][ 25]LogTemp:Display: Kicking off shader compilation for FLightmassMaterialRenderer Channel_wire_027177148_Mat, GameThreadShaderMap 0x000002D283943200
[2017.04.03-16.06.42:446][ 26]LogMaterial: Missing cached shader map for material FLightmassMaterialRenderer blinn1SG, compiling. 
[2017.04.03-16.06.42:447][ 26]LogTemp:Display: Added material ShaderMap 0x000002D283941D00 with Material 0x000002D238C2D300 to ShaderMapsBeingCompiled
[2017.04.03-16.06.42:451][ 26]LogTemp:Display: Kicking off shader compilation for FLightmassMaterialRenderer blinn1SG, GameThreadShaderMap 0x000002D283941D00
[2017.04.03-16.06.42:455][ 26]LogMaterial: Missing cached shader map for material FLightmassMaterialRenderer blinn1SG, compiling. 
[2017.04.03-16.06.42:456][ 26]LogTemp:Display: Added material ShaderMap 0x000002D283940480 with Material 0x000002D238C2CD00 to ShaderMapsBeingCompiled
[2017.04.03-16.06.42:458][ 26]LogTemp:Display: Kicking off shader compilation for FLightmassMaterialRenderer blinn1SG, GameThreadShaderMap 0x000002D283940480
[2017.04.03-16.06.42:495][ 27]LogMaterial: Missing cached shader map for material FLightmassMaterialRenderer blinn2SG, compiling. 
[2017.04.03-16.06.42:496][ 27]LogTemp:Display: Added material ShaderMap 0x000002D28572EB00 with Material 0x000002D24ADBEB00 to ShaderMapsBeingCompiled
[2017.04.03-16.06.42:499][ 27]LogTemp:Display: Kicking off shader compilation for FLightmassMaterialRenderer blinn2SG, GameThreadShaderMap 0x000002D28572EB00
[2017.04.03-16.06.42:503][ 27]LogMaterial: Missing cached shader map for material FLightmassMaterialRenderer blinn2SG, compiling. 
[2017.04.03-16.06.42:504][ 27]LogTemp:Display: Added material ShaderMap 0x000002D28572D280 with Material 0x000002D2848EBD00 to ShaderMapsBeingCompiled
[2017.04.03-16.06.42:508][ 27]LogTemp:Display: Kicking off shader compilation for FLightmassMaterialRenderer blinn2SG, GameThreadShaderMap 0x000002D28572D280
[2017.04.03-16.06.42:542][ 28]LogMaterial: Missing cached shader map for material FLightmassMaterialRenderer CabezaSG, compiling. 
[2017.04.03-16.06.42:543][ 28]LogTemp:Display: Added material ShaderMap 0x000002D28509B580 with Material 0x000002D2362DD600 to ShaderMapsBeingCompiled
[2017.04.03-16.06.42:546][ 28]LogTemp:Display: Kicking off shader compilation for FLightmassMaterialRenderer CabezaSG, GameThreadShaderMap 0x000002D28509B580
[2017.04.03-16.06.42:550][ 28]LogMaterial: Missing cached shader map for material FLightmassMaterialRenderer CabezaSG, compiling. 
[2017.04.03-16.06.42:551][ 28]LogTemp:Display: Added material ShaderMap 0x000002D285099D00 with Material 0x000002D2362DD300 to ShaderMapsBeingCompiled
[2017.04.03-16.06.42:554][ 28]LogTemp:Display: Kicking off shader compilation for FLightmassMaterialRenderer CabezaSG, GameThreadShaderMap 0x000002D285099D00
[2017.04.03-16.06.44:606][ 29]LogTemp:Display: Finished compile of shader map 0x000002D24ADD0100
[2017.04.03-16.06.44:606][ 29]LogTemp:Display: Shader map FLightmassMaterialRenderer BrazosSG complete, GameThreadShaderMap 0x000002D24ADD0100, marking material FLightmassMaterialRenderer BrazosSG as finished
[2017.04.03-16.06.44:606][ 29]LogTemp:Display: Marking material as finished 0x000002D23763A800
[2017.04.03-16.06.44:609][ 29]LogTemp:Display: Finished compile of shader map 0x000002D24ADD1980
[2017.04.03-16.06.44:609][ 29]LogTemp:Display: Shader map FLightmassMaterialRenderer BrazosSG complete, GameThreadShaderMap 0x000002D24ADD1980, marking material FLightmassMaterialRenderer BrazosSG as finished
[2017.04.03-16.06.44:609][ 29]LogTemp:Display: Marking material as finished 0x000002D23763A500
[2017.04.03-16.06.44:611][ 29]LogTemp:Display: Finished compile of shader map 0x000002D23622E400
[2017.04.03-16.06.44:611][ 29]LogTemp:Display: Shader map FLightmassMaterialRenderer PiernasSG complete, GameThreadShaderMap 0x000002D23622E400, marking material FLightmassMaterialRenderer PiernasSG as finished
[2017.04.03-16.06.44:611][ 29]LogTemp:Display: Marking material as finished 0x000002D24ADBD900
[2017.04.03-16.06.44:613][ 29]LogTemp:Display: Finished compile of shader map 0x000002D23622FC80
[2017.04.03-16.06.44:613][ 29]LogTemp:Display: Shader map FLightmassMaterialRenderer PiernasSG complete, GameThreadShaderMap 0x000002D23622FC80, marking material FLightmassMaterialRenderer PiernasSG as finished
[2017.04.03-16.06.44:613][ 29]LogTemp:Display: Marking material as finished 0x000002D24ADBDC00
[2017.04.03-16.06.44:616][ 29]LogTemp:Display: Finished compile of shader map 0x000002D28572D280
[2017.04.03-16.06.44:616][ 29]LogTemp:Display: Shader map FLightmassMaterialRenderer blinn2SG complete, GameThreadShaderMap 0x000002D28572D280, marking material FLightmassMaterialRenderer blinn2SG as finished
[2017.04.03-16.06.44:616][ 29]LogTemp:Display: Marking material as finished 0x000002D2848EBD00
[2017.04.03-16.06.44:618][ 29]LogTemp:Display: Finished compile of shader map 0x000002D28509B580
[2017.04.03-16.06.44:618][ 29]LogTemp:Display: Shader map FLightmassMaterialRenderer CabezaSG complete, GameThreadShaderMap 0x000002D28509B580, marking material FLightmassMaterialRenderer CabezaSG as finished
[2017.04.03-16.06.44:618][ 29]LogTemp:Display: Marking material as finished 0x000002D2362DD600
[2017.04.03-16.06.44:620][ 29]LogTemp:Display: Finished compile of shader map 0x000002D285099D00
[2017.04.03-16.06.44:620][ 29]LogTemp:Display: Shader map FLightmassMaterialRenderer CabezaSG complete, GameThreadShaderMap 0x000002D285099D00, marking material FLightmassMaterialRenderer CabezaSG as finished
[2017.04.03-16.06.44:620][ 29]LogTemp:Display: Marking material as finished 0x000002D2362DD300
[2017.04.03-16.06.44:623][ 29]LogTemp:Display: Finished compile of shader map 0x000002D23622CF00
[2017.04.03-16.06.44:623][ 29]LogTemp:Display: Shader map FLightmassMaterialRenderer Channel_wire_027177148_Mat complete, GameThreadShaderMap 0x000002D23622CF00, marking material FLightmassMaterialRenderer Channel_wire_027177148_Mat as finished
[2017.04.03-16.06.44:623][ 29]LogTemp:Display: Marking material as finished 0x000002D2362DF700
[2017.04.03-16.06.44:625][ 29]LogTemp:Display: Finished compile of shader map 0x000002D283943200
[2017.04.03-16.06.44:625][ 29]LogTemp:Display: Shader map FLightmassMaterialRenderer Channel_wire_027177148_Mat complete, GameThreadShaderMap 0x000002D283943200, marking material FLightmassMaterialRenderer Channel_wire_027177148_Mat as finished
[2017.04.03-16.06.44:625][ 29]LogTemp:Display: Marking material as finished 0x000002D2362DF400
[2017.04.03-16.06.44:627][ 29]LogTemp:Display: Finished compile of shader map 0x000002D283941D00
[2017.04.03-16.06.44:627][ 29]LogTemp:Display: Shader map FLightmassMaterialRenderer blinn1SG complete, GameThreadShaderMap 0x000002D283941D00, marking material FLightmassMaterialRenderer blinn1SG as finished
[2017.04.03-16.06.44:627][ 29]LogTemp:Display: Marking material as finished 0x000002D238C2D300
[2017.04.03-16.06.44:629][ 29]LogTemp:Display: Finished compile of shader map 0x000002D283940480
[2017.04.03-16.06.44:629][ 29]LogTemp:Display: Shader map FLightmassMaterialRenderer blinn1SG complete, GameThreadShaderMap 0x000002D283940480, marking material FLightmassMaterialRenderer blinn1SG as finished
[2017.04.03-16.06.44:629][ 29]LogTemp:Display: Marking material as finished 0x000002D238C2CD00
[2017.04.03-16.06.44:632][ 29]LogTemp:Display: Finished compile of shader map 0x000002D28572EB00
[2017.04.03-16.06.44:632][ 29]LogTemp:Display: Shader map FLightmassMaterialRenderer blinn2SG complete, GameThreadShaderMap 0x000002D28572EB00, marking material FLightmassMaterialRenderer blinn2SG as finished
[2017.04.03-16.06.44:632][ 29]LogTemp:Display: Marking material as finished 0x000002D24ADBEB00
[2017.04.03-16.07.17:741][198]LightingResults:Warning: Warning Camera1 Object has overlapping UVs.
[2017.04.03-16.07.17:741][198]LightingResults: Info Camera1 Lightmap UV are overlapping by 48.2%. Please adjust content - Enable Error Coloring to visualize.
[2017.04.03-16.07.21:313][321]LightingResults:Warning: Warning ventilation Object has overlapping UVs.
[2017.04.03-16.07.21:313][321]LightingResults: Info ventilation Lightmap UV are overlapping by 11.5%. Please adjust content - Enable Error Coloring to visualize.
[2017.04.03-16.07.50:785][348]LogSlate: Took 0.011618 seconds to synchronously load lazily loaded font '../../../Engine/Content/Editor/Slate/Fonts/Roboto-Italic.ttf' (157K)
[2017.04.03-16.08.09:094][994]LightingResults:Warning: Warning planet Object has wrapping UVs.
[2017.04.03-16.08.09:094][994]LightingResults:Warning: Warning planet Object has overlapping UVs.
[2017.04.03-16.08.09:094][994]LightingResults: Info planet Lightmap UV are overlapping by 66.0%. Please adjust content - Enable Error Coloring to visualize.
[2017.04.03-16.08.10:652][ 48]LightingResults:Warning: Warning planet Object has wrapping UVs.
[2017.04.03-16.08.10:652][ 48]LightingResults:Warning: Warning planet Object has overlapping UVs.
[2017.04.03-16.08.10:652][ 48]LightingResults: Info planet Lightmap UV are overlapping by 66.0%. Please adjust content - Enable Error Coloring to visualize.
[2017.04.03-16.08.10:705][ 50]LightingResults:Warning: Warning planet Object has wrapping UVs.
[2017.04.03-16.08.10:705][ 50]LightingResults:Warning: Warning planet Object has overlapping UVs.
[2017.04.03-16.08.10:705][ 50]LightingResults: Info planet Lightmap UV are overlapping by 66.0%. Please adjust content - Enable Error Coloring to visualize.
[2017.04.03-16.08.14:717][237]Job is a success!
[2017.04.03-16.08.14:969][238]LogMaterial:Warning: Material /Game/BrazosSG.BrazosSG needed to have new flag set bUsedWithStaticLighting !
[2017.04.03-16.08.14:971][238]LogMaterial: Missing cached shader map for material BrazosSG, compiling. 
[2017.04.03-16.08.14:972][238]LogTemp:Display: Added material ShaderMap 0x000002D28509A080 with Material 0x000002D203581600 to ShaderMapsBeingCompiled
[2017.04.03-16.08.15:016][238]LogTemp:Display: Kicking off shader compilation for BrazosSG, GameThreadShaderMap 0x000002D28509A080
[2017.04.03-16.08.15:018][238]LogMaterial: 0.00 seconds spent updating 1 materials, 1 interfaces, 0 instances, 0 with static permutations.
[2017.04.03-16.08.15:018][238]LogMaterial:Warning: Material /Game/CabezaSG.CabezaSG needed to have new flag set bUsedWithStaticLighting !
[2017.04.03-16.08.15:018][238]LogMaterial:Warning: Material /Engine/Transient.CabezaSG needed to have new flag set bUsedWithStaticLighting !
[2017.04.03-16.08.15:021][238]LogMaterial: Missing cached shader map for material CabezaSG, compiling. 
[2017.04.03-16.08.15:022][238]LogTemp:Display: Added material ShaderMap 0x000002D2A355DD00 with Material 0x000002D2455DA980 to ShaderMapsBeingCompiled
[2017.04.03-16.08.15:035][238]LogTemp:Display: Kicking off shader compilation for CabezaSG, GameThreadShaderMap 0x000002D2A355DD00
[2017.04.03-16.08.15:035][238]LogMaterial: 0.00 seconds spent updating 1 materials, 1 interfaces, 0 instances, 0 with static permutations.
[2017.04.03-16.08.15:038][238]LogMaterial: Missing cached shader map for material CabezaSG, compiling. 
[2017.04.03-16.08.15:039][238]LogTemp:Display: Added material ShaderMap 0x000002D2A317C100 with Material 0x000002D246FBB400 to ShaderMapsBeingCompiled
[2017.04.03-16.08.15:068][238]LogTemp:Display: Kicking off shader compilation for CabezaSG, GameThreadShaderMap 0x000002D2A317C100
[2017.04.03-16.08.15:069][238]LogMaterial: 0.00 seconds spent updating 1 materials, 1 interfaces, 0 instances, 0 with static permutations.
[2017.04.03-16.08.15:069][238]LogMaterial:Warning: Material /Game/blinn2SG.blinn2SG needed to have new flag set bUsedWithStaticLighting !
[2017.04.03-16.08.15:073][238]LogMaterial: Missing cached shader map for material blinn2SG, compiling. 
[2017.04.03-16.08.15:074][238]LogTemp:Display: Added material ShaderMap 0x000002D2A2F8A400 with Material 0x000002D203553E80 to ShaderMapsBeingCompiled
[2017.04.03-16.08.15:101][238]LogTemp:Display: Kicking off shader compilation for blinn2SG, GameThreadShaderMap 0x000002D2A2F8A400
[2017.04.03-16.08.15:103][238]LogMaterial: 0.00 seconds spent updating 1 materials, 1 interfaces, 0 instances, 0 with static permutations.
[2017.04.03-16.08.15:103][238]LogMaterial:Warning: Material /Game/blinn1SG.blinn1SG needed to have new flag set bUsedWithStaticLighting !
[2017.04.03-16.08.15:106][238]LogMaterial: Missing cached shader map for material blinn1SG, compiling. 
[2017.04.03-16.08.15:107][238]LogTemp:Display: Added material ShaderMap 0x000002D2A2CDD280 with Material 0x000002D203550400 to ShaderMapsBeingCompiled
[2017.04.03-16.08.15:135][238]LogTemp:Display: Kicking off shader compilation for blinn1SG, GameThreadShaderMap 0x000002D2A2CDD280
[2017.04.03-16.08.15:137][238]LogMaterial: 0.00 seconds spent updating 1 materials, 1 interfaces, 0 instances, 0 with static permutations.
[2017.04.03-16.08.15:137][238]LogMaterial:Warning: Material /Game/Channel_wire_027177148_Mat.Channel_wire_027177148_Mat needed to have new flag set bUsedWithStaticLighting !
[2017.04.03-16.08.15:140][238]LogMaterial: Missing cached shader map for material Channel_wire_027177148_Mat, compiling. 
[2017.04.03-16.08.15:141][238]LogTemp:Display: Added material ShaderMap 0x000002D287FF4F00 with Material 0x000002D2030FAC80 to ShaderMapsBeingCompiled
[2017.04.03-16.08.15:165][238]LogTemp:Display: Kicking off shader compilation for Channel_wire_027177148_Mat, GameThreadShaderMap 0x000002D287FF4F00
[2017.04.03-16.08.15:167][238]LogMaterial: 0.00 seconds spent updating 1 materials, 1 interfaces, 0 instances, 0 with static permutations.
[2017.04.03-16.08.15:167][238]LogMaterial:Warning: Material /Game/PiernasSG.PiernasSG needed to have new flag set bUsedWithStaticLighting !
[2017.04.03-16.08.15:170][238]LogMaterial: Missing cached shader map for material PiernasSG, compiling. 
[2017.04.03-16.08.15:171][238]LogTemp:Display: Added material ShaderMap 0x000002D2A381C480 with Material 0x000002D203530400 to ShaderMapsBeingCompiled
[2017.04.03-16.08.15:204][238]LogTemp:Display: Kicking off shader compilation for PiernasSG, GameThreadShaderMap 0x000002D2A381C480
[2017.04.03-16.08.15:206][238]LogMaterial: 0.00 seconds spent updating 1 materials, 1 interfaces, 0 instances, 0 with static permutations.
[2017.04.03-16.08.16:766][238]LogTexture:Display: Building textures: SkyOcclusion0_1 (AutoDXT, 1024X512) - 298 MB total VRAM
[2017.04.03-16.08.16:766][238]LogTexture:Display: Building textures: HQ_Lightmap1_1 (AutoDXT, 1024X1024) - 298 MB total VRAM
[2017.04.03-16.08.16:766][238]LogTexture:Display: Building textures: LQ_Lightmap_1_1 (DXT1, 1024X1024) - 298 MB total VRAM
[2017.04.03-16.08.16:766][238]LogTexture:Display: Building textures: SkyOcclusion0_2 (AutoDXT, 256X128) - 298 MB total VRAM
[2017.04.03-16.08.16:766][238]LogTexture:Display: Building textures: HQ_Lightmap1_2 (AutoDXT, 256X256) - 298 MB total VRAM
[2017.04.03-16.08.16:766][238]LogTexture:Display: Building textures: LQ_Lightmap_1_2 (DXT1, 256X256) - 298 MB total VRAM
[2017.04.03-16.08.16:766][238]LogTexture:Display: Building textures: SkyOcclusion0_3 (AutoDXT, 512X256) - 298 MB total VRAM
[2017.04.03-16.08.16:766][238]LogTexture:Display: Building textures: HQ_Lightmap1_3 (AutoDXT, 512X512) - 298 MB total VRAM
[2017.04.03-16.08.16:766][238]LogTexture:Display: Building textures: LQ_Lightmap_1_3 (DXT1, 512X512) - 298 MB total VRAM
[2017.04.03-16.08.16:766][238]LogTexture:Display: Building textures: SkyOcclusion0_4 (AutoDXT, 64X32) - 298 MB total VRAM
[2017.04.03-16.08.16:766][238]LogTexture:Display: Building textures: HQ_Lightmap0_4 (AutoDXT, 64X64) - 298 MB total VRAM
[2017.04.03-16.08.16:766][238]LogTexture:Display: Building textures: LQ_Lightmap_0_4 (DXT1, 64X64) - 298 MB total VRAM
[2017.04.03-16.08.16:781][238]LogTexture:Display: Building textures: ShadowMapTexture2D_0 (G8, 32X32) - 298 MB total VRAM
[2017.04.03-16.08.16:902][238]Lightmass on DESKTOP-1OLBMPA: 1:31 min total, 548 ms importing, 236 ms setup, 2.31 sec photons, 1:27 min processing, 0 ms extra exporting [153/153 mappings]. Threads: 10:15 min total, 8:15 min processing.
[2017.04.03-16.08.16:967][238]LogStaticLightingSystem: Illumination: 1:40 min (1.53 sec encoding lightmaps, 13 ms encoding shadowmaps)
[2017.04.03-16.08.16:967][238]LogStaticLightingSystem: Lightmap texture memory:  3.5 MB (3.5 MB streaming, 0.0 MB non-streaming), 8 textures
[2017.04.03-16.08.16:967][238]LogStaticLightingSystem: Shadowmap texture memory: 0.0 MB (0.0 MB streaming, 0.0 MB non-streaming), 1 textures
[2017.04.03-16.08.22:299][238]DumpUnbuiltLightIteractions
[2017.04.03-16.08.22:299][238]Lights with unbuilt interactions: 0
[2017.04.03-16.08.22:299][238]
[2017.04.03-16.08.22:299][238]Primitives with unbuilt interactions: 0
[2017.04.03-16.08.22:328][238]LogTemp:Display: Finished compile of shader map 0x000002D2A317C100
[2017.04.03-16.08.22:329][238]LogTemp:Display: Shader map CabezaSG complete, GameThreadShaderMap 0x000002D2A317C100, marking material CabezaSG as finished
[2017.04.03-16.08.22:329][238]LogTemp:Display: Marking material as finished 0x000002D246FBB400
[2017.04.03-16.08.22:334][238]LogTemp:Display: Finished compile of shader map 0x000002D2A355DD00
[2017.04.03-16.08.22:334][238]LogTemp:Display: Shader map CabezaSG complete, GameThreadShaderMap 0x000002D2A355DD00, marking material CabezaSG as finished
[2017.04.03-16.08.22:334][238]LogTemp:Display: Marking material as finished 0x000002D2455DA980
[2017.04.03-16.08.22:385][239]Cmd: MAP CHECK NOTIFYRESULTS
[2017.04.03-16.08.22:385][239]MapCheck: New page: Minimal_Default - Apr 3, 2017, 8:08:22 PM
[2017.04.03-16.08.22:480][239]MapCheck:Warning: Warning cajasJuliyo_407 Static mesh actor has NULL StaticMesh property 
[2017.04.03-16.08.22:480][239]MapCheck:Warning: Warning cajasJuliyo_407 Static mesh actor has NULL StaticMesh property 
[2017.04.03-16.08.22:496][239]MapCheck:Warning: Warning pplu_Brazos2_53 Static mesh actor has NULL StaticMesh property 
[2017.04.03-16.08.22:496][239]MapCheck:Warning: Warning pplu_Brazos2_53 Static mesh actor has NULL StaticMesh property 
[2017.04.03-16.08.22:496][239]MapCheck:Warning: Warning pplu_Brazos3_77 Static mesh actor has NULL StaticMesh property 
[2017.04.03-16.08.22:496][239]MapCheck:Warning: Warning pplu_Brazos3_77 Static mesh actor has NULL StaticMesh property 
[2017.04.03-16.08.22:496][239]MapCheck:Warning: Warning pplu_Brazos_41 Static mesh actor has NULL StaticMesh property 
[2017.04.03-16.08.22:496][239]MapCheck:Warning: Warning pplu_Brazos_41 Static mesh actor has NULL StaticMesh property 
[2017.04.03-16.08.22:496][239]MapCheck:Warning: Warning pplu_Cabeza2_55 Static mesh actor has NULL StaticMesh property 
[2017.04.03-16.08.22:496][239]MapCheck:Warning: Warning pplu_Cabeza2_55 Static mesh actor has NULL StaticMesh property 
[2017.04.03-16.08.22:496][239]MapCheck:Warning: Warning pplu_Cabeza3_79 Static mesh actor has NULL StaticMesh property 
[2017.04.03-16.08.22:496][239]MapCheck:Warning: Warning pplu_Cabeza3_79 Static mesh actor has NULL StaticMesh property 
[2017.04.03-16.08.22:496][239]MapCheck:Warning: Warning pplu_Cabeza_43 Static mesh actor has NULL StaticMesh property 
[2017.04.03-16.08.22:496][239]MapCheck:Warning: Warning pplu_Cabeza_43 Static mesh actor has NULL StaticMesh property 
[2017.04.03-16.08.22:496][239]MapCheck:Warning: Warning pplu_Object001_45 Static mesh actor has NULL StaticMesh property 
[2017.04.03-16.08.22:496][239]MapCheck:Warning: Warning pplu_Object001_45 Static mesh actor has NULL StaticMesh property 
[2017.04.03-16.08.22:497][239]MapCheck:Warning: Warning pplu_Object2_57 Static mesh actor has NULL StaticMesh property 
[2017.04.03-16.08.22:497][239]MapCheck:Warning: Warning pplu_Object2_57 Static mesh actor has NULL StaticMesh property 
[2017.04.03-16.08.22:497][239]MapCheck:Warning: Warning pplu_Object3_81 Static mesh actor has NULL StaticMesh property 
[2017.04.03-16.08.22:497][239]MapCheck:Warning: Warning pplu_Object3_81 Static mesh actor has NULL StaticMesh property 
[2017.04.03-16.08.22:497][239]MapCheck:Warning: Warning pplu_Piernas2_59 Static mesh actor has NULL StaticMesh property 
[2017.04.03-16.08.22:497][239]MapCheck:Warning: Warning pplu_Piernas2_59 Static mesh actor has NULL StaticMesh property 
[2017.04.03-16.08.22:497][239]MapCheck:Warning: Warning pplu_Piernas3_83 Static mesh actor has NULL StaticMesh property 
[2017.04.03-16.08.22:497][239]MapCheck:Warning: Warning pplu_Piernas3_83 Static mesh actor has NULL StaticMesh property 
[2017.04.03-16.08.22:497][239]MapCheck:Warning: Warning pplu_Piernas_47 Static mesh actor has NULL StaticMesh property 
[2017.04.03-16.08.22:497][239]MapCheck:Warning: Warning pplu_Piernas_47 Static mesh actor has NULL StaticMesh property 
[2017.04.03-16.08.22:499][239]MapCheck:Warning: Warning SkyDomeFullSphere_399 Collision enabled but StaticMesh (SkyDomeFullSphere) has no simple or complex collision. 
[2017.04.03-16.08.22:622][239]MapCheck: Info Map check complete: 0 Error(s), 27 Warning(s), took 237.199ms to complete.
[2017.04.03-16.08.22:641][239]LogTemp:Display: Finished compile of shader map 0x000002D28509A080
[2017.04.03-16.08.22:641][239]LogTemp:Display: Shader map BrazosSG complete, GameThreadShaderMap 0x000002D28509A080, marking material BrazosSG as finished
[2017.04.03-16.08.22:641][239]LogTemp:Display: Marking material as finished 0x000002D203581600
[2017.04.03-16.08.22:858][245]LogTemp:Display: Finished compile of shader map 0x000002D2A2F8A400
[2017.04.03-16.08.22:858][245]LogTemp:Display: Shader map blinn2SG complete, GameThreadShaderMap 0x000002D2A2F8A400, marking material blinn2SG as finished
[2017.04.03-16.08.22:858][245]LogTemp:Display: Marking material as finished 0x000002D203553E80
[2017.04.03-16.08.23:437][268]MaterialEditorStats: Info Base pass shader with static lighting: 107 instructions
[2017.04.03-16.08.23:437][268]MaterialEditorStats: Info Base pass shader with only dynamic lighting: 81 instructions
[2017.04.03-16.08.23:437][268]MaterialEditorStats: Info Vertex shader: 31 instructions
[2017.04.03-16.08.23:437][268]MaterialEditorStats: Info Texture samplers: 4/16
[2017.04.03-16.08.24:688][316]LogTemp:Display: Finished compile of shader map 0x000002D2A2CDD280
[2017.04.03-16.08.24:688][316]LogTemp:Display: Shader map blinn1SG complete, GameThreadShaderMap 0x000002D2A2CDD280, marking material blinn1SG as finished
[2017.04.03-16.08.24:688][316]LogTemp:Display: Marking material as finished 0x000002D203550400
[2017.04.03-16.08.25:573][351]LogEditorViewport: Clicking on Actor (LMB): StaticMeshActor (pplu_Cabeza4)
[2017.04.03-16.08.25:862][362]LogTemp:Display: Finished compile of shader map 0x000002D287FF4F00
[2017.04.03-16.08.25:863][362]LogTemp:Display: Shader map Channel_wire_027177148_Mat complete, GameThreadShaderMap 0x000002D287FF4F00, marking material Channel_wire_027177148_Mat as finished
[2017.04.03-16.08.25:863][362]LogTemp:Display: Marking material as finished 0x000002D2030FAC80
[2017.04.03-16.08.27:508][437]LogTemp:Display: Finished compile of shader map 0x000002D2A381C480
[2017.04.03-16.08.27:508][437]LogTemp:Display: Shader map PiernasSG complete, GameThreadShaderMap 0x000002D2A381C480, marking material PiernasSG as finished
[2017.04.03-16.08.27:508][437]LogTemp:Display: Marking material as finished 0x000002D203530400
[2017.04.03-16.08.35:069][838]LogMaterial: Missing cached shader map for material CabezaSG, compiling. 
[2017.04.03-16.08.35:070][838]LogTemp:Display: Added material ShaderMap 0x000002D2457FC800 with Material 0x000002D2455DA980 to ShaderMapsBeingCompiled
[2017.04.03-16.08.35:083][838]LogTemp:Display: Kicking off shader compilation for CabezaSG, GameThreadShaderMap 0x000002D2457FC800
[2017.04.03-16.08.35:083][838]LogMaterial: 0.00 seconds spent updating 1 materials, 1 interfaces, 0 instances, 0 with static permutations.
[2017.04.03-16.08.36:178][884]LogTemp:Display: Finished compile of shader map 0x000002D2457FC800
[2017.04.03-16.08.36:178][884]LogTemp:Display: Shader map CabezaSG complete, GameThreadShaderMap 0x000002D2457FC800, marking material CabezaSG as finished
[2017.04.03-16.08.36:178][884]LogTemp:Display: Marking material as finished 0x000002D2455DA980
[2017.04.03-16.08.36:199][885]MaterialEditorStats: Info Base pass shader with static lighting: 107 instructions
[2017.04.03-16.08.36:199][885]MaterialEditorStats: Info Base pass shader with only dynamic lighting: 81 instructions
[2017.04.03-16.08.36:199][885]MaterialEditorStats: Info Vertex shader: 31 instructions
[2017.04.03-16.08.36:199][885]MaterialEditorStats: Info Texture samplers: 4/16
[2017.04.03-16.08.36:937][924]LogMaterialEditor: Saving and Compiling material CabezaSG
[2017.04.03-16.08.37:859][924]LogMaterial: Missing cached shader map for material CabezaSG, compiling. 
[2017.04.03-16.08.37:860][924]LogTemp:Display: Added material ShaderMap 0x000002D236314800 with Material 0x000002D2455DA980 to ShaderMapsBeingCompiled
[2017.04.03-16.08.37:887][924]LogTemp:Display: Kicking off shader compilation for CabezaSG, GameThreadShaderMap 0x000002D236314800
[2017.04.03-16.08.37:888][924]LogMaterial: 0.00 seconds spent updating 1 materials, 1 interfaces, 0 instances, 0 with static permutations.
[2017.04.03-16.08.37:908][924]LogTemp:Display: Removed shader map 0x000002D2884FD600 from material 0x000002D246FBB400
[2017.04.03-16.08.37:915][924]LogMaterial: Missing cached shader map for material CabezaSG, compiling. 
[2017.04.03-16.08.37:916][924]LogTemp:Display: Added material ShaderMap 0x000002D2A790A400 with Material 0x000002D246FBB100 to ShaderMapsBeingCompiled
[2017.04.03-16.08.37:957][924]LogTemp:Display: Kicking off shader compilation for CabezaSG, GameThreadShaderMap 0x000002D2A790A400
[2017.04.03-16.08.37:960][924]LogMaterial: Missing cached shader map for material CabezaSG, compiling. 
[2017.04.03-16.08.37:961][924]LogTemp:Display: Added material ShaderMap 0x000002D2A2F8BC80 with Material 0x000002D246FBB100 to ShaderMapsBeingCompiled
[2017.04.03-16.08.37:990][924]LogTemp:Display: Kicking off shader compilation for CabezaSG, GameThreadShaderMap 0x000002D2A2F8BC80
[2017.04.03-16.08.37:994][924]LogMaterial: 0.00 seconds spent updating 1 materials, 1 interfaces, 0 instances, 0 with static permutations.
[2017.04.03-16.08.38:021][924]LogMaterial: Missing cached shader map for material FDebugViewModeMaterialProxy CabezaSG, compiling. 
[2017.04.03-16.08.38:022][924]LogTemp:Display: Added material ShaderMap 0x000002D2A3986B00 with Material 0x000002D23D7A6B00 to ShaderMapsBeingCompiled
[2017.04.03-16.08.38:782][924]LogTemp:Display: Finished compile of shader map 0x000002D2A3986B00
[2017.04.03-16.08.38:782][924]LogTemp:Display: Shader map FDebugViewModeMaterialProxy CabezaSG complete, GameThreadShaderMap 0x000002D2A3986B00, marking material FDebugViewModeMaterialProxy CabezaSG as finished
[2017.04.03-16.08.38:782][924]LogTemp:Display: Marking material as finished 0x000002D23D7A6B00
[2017.04.03-16.08.38:786][924]TextureStreamingBuild:Display: Compiling optional shaders took 0.773 seconds.
[2017.04.03-16.08.40:985][924]LogTemp:Display: Finished compile of shader map 0x000002D2A2F8BC80
[2017.04.03-16.08.40:985][924]LogTemp:Display: Shader map CabezaSG complete, GameThreadShaderMap 0x000002D2A2F8BC80, marking material CabezaSG as finished
[2017.04.03-16.08.40:985][924]LogTemp:Display: Marking material as finished 0x000002D246FBB100
[2017.04.03-16.08.40:994][924]LogTemp:Display: Finished compile of shader map 0x000002D236314800
[2017.04.03-16.08.40:994][924]LogTemp:Display: Shader map CabezaSG complete, GameThreadShaderMap 0x000002D236314800, marking material CabezaSG as finished
[2017.04.03-16.08.40:994][924]LogTemp:Display: Marking material as finished 0x000002D2455DA980
[2017.04.03-16.08.41:017][924]Cmd: OBJ SAVEPACKAGE PACKAGE="/Game/CabezaSG" FILE="../../../../Projects/LastBullet/Content/CabezaSG.uasset" SILENT=true
[2017.04.03-16.08.41:043][924]LogSavePackage: Save=14.18ms
[2017.04.03-16.08.41:043][924]LogSavePackage: Moving '../../../../Projects/LastBullet/Saved/CabezaSG4B94BB5E472761957A6F6FAC71D89E68.tmp' to '../../../../Projects/LastBullet/Content/CabezaSG.uasset'
[2017.04.03-16.08.41:046][924]LogSavePackage:Display: Finished SavePackage ../../../../Projects/LastBullet/Content/CabezaSG.uasset
[2017.04.03-16.09.19:966][191]Cmd: TRANSACTION UNDO
[2017.04.03-16.09.19:966][191]LogEditorTransaction: Undo Set Float Key Value
[2017.04.03-16.09.31:645][834]LogEditorViewport: Clicking on Actor (LMB): StaticMeshActor (scene_ptoA_9)
[2017.04.03-16.10.13:101][970]Cmd: TRANSACTION UNDO
[2017.04.03-16.10.13:101][970]LogEditorTransaction: Undo Edit Current Aperture
[2017.04.03-16.10.14:173][ 14]Cmd: TRANSACTION UNDO
[2017.04.03-16.10.14:173][ 14]LogEditorTransaction: Undo Animatable Property Changed
[2017.04.03-16.10.16:759][144]Cmd: TRANSACTION UNDO
[2017.04.03-16.10.16:759][144]LogEditorTransaction: Undo Animatable Property Changed
[2017.04.03-16.10.17:360][164]Cmd: TRANSACTION UNDO
[2017.04.03-16.10.17:360][164]LogEditorTransaction: Undo Edit Current Aperture
[2017.04.03-16.12.23:721][360]Cmd: TRANSACTION UNDO
[2017.04.03-16.12.23:721][360]LogEditorTransaction: Undo Edit Manual Focus Distance
[2017.04.03-16.13.49:887][636]LogTemp:Display: Executing iPhonePackager certificates Engine -bundlename com.YourCompany.LastBullet

[2017.04.03-16.13.49:887][636]LogTemp:Display: CWD: D:\EpicGames\UE_4.15\Engine\Binaries\DotNET\IOS

[2017.04.03-16.13.49:887][636]LogTemp:Display: Initial Dir: D:\EpicGames\UE_4.15

[2017.04.03-16.13.49:887][636]LogTemp:Display: Env CWD: D:\EpicGames\UE_4.15\Engine\Binaries\DotNET\IOS

[2017.04.03-16.13.49:887][636]LogTemp:Display: BranchPath = DESKTOP-1OLBMPA/D/EpicGames/UE_4.15/Engine/Binaries --- GameBranchPath = DESKTOP-1OLBMPA/D/EpicGames/UE_4.15/Engine/Binaries

[2017.04.03-16.13.49:887][636]LogSlate: Only BGRA pngs, bmps or icos are supported in by External Image Picker
[2017.04.03-16.13.50:024][636]LogTemp:Display: IPP ERROR: Application exception: System.IO.DirectoryNotFoundException: No se puede encontrar una parte de la ruta de acceso 'C:\Users\julio\AppData\Local\Apple Computer\MobileDevice\Provisioning Profiles'.

[2017.04.03-16.13.50:024][636]LogTemp:Display:    en System.IO.__Error.WinIOError(Int32 errorCode, String maybeFullPath)

[2017.04.03-16.13.50:024][636]LogTemp:Display:    en System.IO.FileSystemEnumerableIterator`1.CommonInit()

[2017.04.03-16.13.50:024][636]LogTemp:Display:    en System.IO.Directory.EnumerateFiles(String path, String searchPattern)

[2017.04.03-16.13.50:024][636]LogTemp:Display:    en iPhonePackager.CodeSignatureBuilder.FindProvisions(String CFBundleIdentifier)

[2017.04.03-16.13.50:024][636]LogTemp:Display:    en iPhonePackager.Program.Main(String[] args)

[2017.04.03-16.15.05:537][392]LogSavePackage: Save=675.93ms
[2017.04.03-16.15.05:537][392]LogSavePackage: Moving '../../../../Projects/LastBullet/Saved/Minimal_Default_Auto1960F09B7404EE486243CE39B4D9C8DC1.tmp' to '../../../../Projects/LastBullet/Saved/Autosaves/Game/StarterContent/Maps/Minimal_Default_Auto1.umap'
[2017.04.03-16.15.05:575][392]LogSavePackage:Display: Finished SavePackage ../../../../Projects/LastBullet/Saved/Autosaves/Game/StarterContent/Maps/Minimal_Default_Auto1.umap
[2017.04.03-16.15.05:620][392]LogFileHelpers: Editor autosave (incl. sublevels) for '/Game/StarterContent/Maps/Minimal_Default' took 0.819
[2017.04.03-16.15.05:620][392]LogFileHelpers: Editor autosave (incl. sublevels) for all levels took 0.819
[2017.04.03-16.15.05:622][392]OBJ SavePackage: Generating thumbnails for [0] asset(s) in package [/Game/StarterContent/Maps/Minimal_Default_BuiltData] ([1] browsable assets)...
[2017.04.03-16.15.05:622][392]OBJ SavePackage: Finished generating thumbnails for package [/Game/StarterContent/Maps/Minimal_Default_BuiltData]
[2017.04.03-16.15.05:838][392]LogSavePackage: Save=36.75ms
[2017.04.03-16.15.05:838][392]LogSavePackage: Moving '../../../../Projects/LastBullet/Saved/Minimal_Default_BuiltData_Auto1AC5A259A4B68828D5E5B1BA0C89F7547.tmp' to '../../../../Projects/LastBullet/Saved/Autosaves/Game/StarterContent/Maps/Minimal_Default_BuiltData_Auto1.uasset'
[2017.04.03-16.15.05:877][392]LogSavePackage:Display: Finished SavePackage ../../../../Projects/LastBullet/Saved/Autosaves/Game/StarterContent/Maps/Minimal_Default_BuiltData_Auto1.uasset
[2017.04.03-16.15.05:878][392]OBJ SavePackage: Generating thumbnails for [1] asset(s) in package [/Game/Channel_wire_027177148_Mat] ([1] browsable assets)...
[2017.04.03-16.15.05:897][392]OBJ SavePackage:     Rendered thumbnail for [Material /Game/Channel_wire_027177148_Mat.Channel_wire_027177148_Mat]
[2017.04.03-16.15.05:897][392]OBJ SavePackage: Finished generating thumbnails for package [/Game/Channel_wire_027177148_Mat]
[2017.04.03-16.15.05:897][392]Cmd: OBJ SAVEPACKAGE PACKAGE="/Game/Channel_wire_027177148_Mat" FILE="../../../../Projects/LastBullet/Saved/Autosaves/Game/Channel_wire_027177148_Mat_Auto1.uasset" SILENT=false AUTOSAVING=true
[2017.04.03-16.15.05:918][392]LogSavePackage: Save=13.76ms
[2017.04.03-16.15.05:918][392]LogSavePackage: Moving '../../../../Projects/LastBullet/Saved/Channel_wire_027177148_Mat_Auto14B9F18A74CE8744B449F009EBFA66441.tmp' to '../../../../Projects/LastBullet/Saved/Autosaves/Game/Channel_wire_027177148_Mat_Auto1.uasset'
[2017.04.03-16.15.05:920][392]LogSavePackage:Display: Finished SavePackage ../../../../Projects/LastBullet/Saved/Autosaves/Game/Channel_wire_027177148_Mat_Auto1.uasset
[2017.04.03-16.15.05:920][392]OBJ SavePackage: Generating thumbnails for [1] asset(s) in package [/Game/BrazosSG] ([1] browsable assets)...
[2017.04.03-16.15.05:939][392]OBJ SavePackage:     Rendered thumbnail for [Material /Game/BrazosSG.BrazosSG]
[2017.04.03-16.15.05:939][392]OBJ SavePackage: Finished generating thumbnails for package [/Game/BrazosSG]
[2017.04.03-16.15.05:939][392]Cmd: OBJ SAVEPACKAGE PACKAGE="/Game/BrazosSG" FILE="../../../../Projects/LastBullet/Saved/Autosaves/Game/BrazosSG_Auto1.uasset" SILENT=false AUTOSAVING=true
[2017.04.03-16.15.05:961][392]LogSavePackage: Save=13.83ms
[2017.04.03-16.15.05:961][392]LogSavePackage: Moving '../../../../Projects/LastBullet/Saved/BrazosSG_Auto110C125EB419394FD43F251823DB1D1F0.tmp' to '../../../../Projects/LastBullet/Saved/Autosaves/Game/BrazosSG_Auto1.uasset'
[2017.04.03-16.15.05:963][392]LogSavePackage:Display: Finished SavePackage ../../../../Projects/LastBullet/Saved/Autosaves/Game/BrazosSG_Auto1.uasset
[2017.04.03-16.15.05:963][392]OBJ SavePackage: Generating thumbnails for [1] asset(s) in package [/Game/blinn2SG] ([1] browsable assets)...
[2017.04.03-16.15.05:982][392]OBJ SavePackage:     Rendered thumbnail for [Material /Game/blinn2SG.blinn2SG]
[2017.04.03-16.15.05:982][392]OBJ SavePackage: Finished generating thumbnails for package [/Game/blinn2SG]
[2017.04.03-16.15.05:982][392]Cmd: OBJ SAVEPACKAGE PACKAGE="/Game/blinn2SG" FILE="../../../../Projects/LastBullet/Saved/Autosaves/Game/blinn2SG_Auto1.uasset" SILENT=false AUTOSAVING=true
[2017.04.03-16.15.06:033][392]LogSavePackage: Save=16.20ms
[2017.04.03-16.15.06:033][392]LogSavePackage: Moving '../../../../Projects/LastBullet/Saved/blinn2SG_Auto12A8BD08F4470F592485FA6897FDAE13F.tmp' to '../../../../Projects/LastBullet/Saved/Autosaves/Game/blinn2SG_Auto1.uasset'
[2017.04.03-16.15.06:035][392]LogSavePackage:Display: Finished SavePackage ../../../../Projects/LastBullet/Saved/Autosaves/Game/blinn2SG_Auto1.uasset
[2017.04.03-16.15.06:036][392]OBJ SavePackage: Generating thumbnails for [1] asset(s) in package [/Game/blinn1SG] ([1] browsable assets)...
[2017.04.03-16.15.06:054][392]OBJ SavePackage:     Rendered thumbnail for [Material /Game/blinn1SG.blinn1SG]
[2017.04.03-16.15.06:054][392]OBJ SavePackage: Finished generating thumbnails for package [/Game/blinn1SG]
[2017.04.03-16.15.06:054][392]Cmd: OBJ SAVEPACKAGE PACKAGE="/Game/blinn1SG" FILE="../../../../Projects/LastBullet/Saved/Autosaves/Game/blinn1SG_Auto1.uasset" SILENT=false AUTOSAVING=true
[2017.04.03-16.15.06:077][392]LogSavePackage: Save=14.98ms
[2017.04.03-16.15.06:077][392]LogSavePackage: Moving '../../../../Projects/LastBullet/Saved/blinn1SG_Auto1356F1CEB402112C757A73FA6E1890BD6.tmp' to '../../../../Projects/LastBullet/Saved/Autosaves/Game/blinn1SG_Auto1.uasset'
[2017.04.03-16.15.06:079][392]LogSavePackage:Display: Finished SavePackage ../../../../Projects/LastBullet/Saved/Autosaves/Game/blinn1SG_Auto1.uasset
[2017.04.03-16.15.06:079][392]OBJ SavePackage: Generating thumbnails for [1] asset(s) in package [/Game/PiernasSG] ([1] browsable assets)...
[2017.04.03-16.15.06:098][392]OBJ SavePackage:     Rendered thumbnail for [Material /Game/PiernasSG.PiernasSG]
[2017.04.03-16.15.06:098][392]OBJ SavePackage: Finished generating thumbnails for package [/Game/PiernasSG]
[2017.04.03-16.15.06:098][392]Cmd: OBJ SAVEPACKAGE PACKAGE="/Game/PiernasSG" FILE="../../../../Projects/LastBullet/Saved/Autosaves/Game/PiernasSG_Auto1.uasset" SILENT=false AUTOSAVING=true
[2017.04.03-16.15.06:120][392]LogSavePackage: Save=14.24ms
[2017.04.03-16.15.06:120][392]LogSavePackage: Moving '../../../../Projects/LastBullet/Saved/PiernasSG_Auto1BE7EC5164C50427339CD39B11E7082E0.tmp' to '../../../../Projects/LastBullet/Saved/Autosaves/Game/PiernasSG_Auto1.uasset'
[2017.04.03-16.15.06:122][392]LogSavePackage:Display: Finished SavePackage ../../../../Projects/LastBullet/Saved/Autosaves/Game/PiernasSG_Auto1.uasset
[2017.04.03-16.15.06:123][392]OBJ SavePackage: Generating thumbnails for [0] asset(s) in package [/Game/StarterContent/Maps/MatineeActorLevelSequence] ([1] browsable assets)...
[2017.04.03-16.15.06:123][392]OBJ SavePackage: Finished generating thumbnails for package [/Game/StarterContent/Maps/MatineeActorLevelSequence]
[2017.04.03-16.15.06:202][392]LogSavePackage: Save=71.67ms
[2017.04.03-16.15.06:202][392]LogSavePackage: Moving '../../../../Projects/LastBullet/Saved/MatineeActorLevelSequence_Auto147870E6C4426A39C512B3FBC320D3ED3.tmp' to '../../../../Projects/LastBullet/Saved/Autosaves/Game/StarterContent/Maps/MatineeActorLevelSequence_Auto1.uasset'
[2017.04.03-16.15.06:223][392]LogSavePackage:Display: Finished SavePackage ../../../../Projects/LastBullet/Saved/Autosaves/Game/StarterContent/Maps/MatineeActorLevelSequence_Auto1.uasset
[2017.04.03-16.15.06:223][392]LogFileHelpers: Auto-saving content packages took 0.603
[2017.04.03-16.16.05:326][317]Cmd: TRANSACTION UNDO
[2017.04.03-16.16.05:326][317]LogEditorTransaction: Undo Select Actors/Components
[2017.04.03-16.16.05:693][318]Cmd: TRANSACTION UNDO
[2017.04.03-16.16.05:693][318]LogEditorTransaction: Undo Select Actors/Components
[2017.04.03-16.16.06:267][332]Cmd: TRANSACTION UNDO
[2017.04.03-16.16.06:267][332]LogEditorTransaction: Undo Select Actors/Components
[2017.04.03-16.16.06:804][344]Cmd: TRANSACTION UNDO
[2017.04.03-16.16.06:804][344]LogEditorTransaction: Undo Select Actors/Components
[2017.04.03-16.16.07:152][346]Cmd: TRANSACTION UNDO
[2017.04.03-16.16.07:152][346]LogEditorTransaction: Undo Select Actors/Components
[2017.04.03-16.16.07:488][347]Cmd: TRANSACTION UNDO
[2017.04.03-16.16.07:488][347]LogEditorTransaction: Undo Select Actors/Components
[2017.04.03-16.16.07:854][348]Cmd: TRANSACTION UNDO
[2017.04.03-16.16.07:854][348]LogEditorTransaction: Undo Edit Focus Offset
[2017.04.03-16.16.08:261][363]Cmd: TRANSACTION UNDO
[2017.04.03-16.16.08:261][363]LogEditorTransaction: Undo Select Actors/Components
[2017.04.03-16.16.08:764][365]Cmd: TRANSACTION UNDO
[2017.04.03-16.16.08:764][365]LogEditorTransaction: Undo Select Actors/Components
[2017.04.03-16.16.09:049][366]Cmd: TRANSACTION UNDO
[2017.04.03-16.16.09:049][366]LogEditorTransaction: Undo Select Actors/Components
[2017.04.03-16.16.09:675][398]Cmd: TRANSACTION UNDO
[2017.04.03-16.16.09:675][398]LogEditorTransaction: Undo Edit Properties
[2017.04.03-16.16.10:005][399]Cmd: TRANSACTION UNDO
[2017.04.03-16.16.10:005][399]LogEditorTransaction: Undo Edit Min Focal Length
[2017.04.03-16.16.10:234][402]Cmd: TRANSACTION UNDO
[2017.04.03-16.16.10:234][402]LogEditorTransaction: Undo Animatable Property Changed
[2017.04.03-16.16.10:986][433]Cmd: TRANSACTION UNDO
[2017.04.03-16.16.10:986][433]LogEditorTransaction: Undo Edit Near Clip Plane
[2017.04.03-16.16.11:197][435]Cmd: TRANSACTION UNDO
[2017.04.03-16.16.11:197][435]LogEditorTransaction: Undo Edit Near Clip Plane
[2017.04.03-16.16.11:422][438]Cmd: TRANSACTION UNDO
[2017.04.03-16.16.11:422][438]LogEditorTransaction: Undo Edit Near Clip Plane
[2017.04.03-16.16.12:436][488]Cmd: TRANSACTION UNDO
[2017.04.03-16.16.12:436][488]LogEditorTransaction: Undo Animatable Property Changed
[2017.04.03-16.16.12:650][491]Cmd: TRANSACTION UNDO
[2017.04.03-16.16.12:650][491]LogEditorTransaction: Undo Animatable Property Changed
[2017.04.03-16.16.13:603][537]Cmd: TRANSACTION UNDO
[2017.04.03-16.16.13:603][537]LogEditorTransaction: Undo Edit Properties
[2017.04.03-16.16.13:824][539]Cmd: TRANSACTION UNDO
[2017.04.03-16.16.13:824][539]LogEditorTransaction: Undo Edit Properties
[2017.04.03-16.16.49:656][614]Cmd: TRANSACTION UNDO
[2017.04.03-16.16.49:657][614]LogEditorTransaction: Undo Select Actors/Components
[2017.04.03-16.16.53:806][840]LogEditorViewport: Clicking on Actor (LMB): CineCameraActor (CineCameraActor8)
[2017.04.03-16.16.58:878][159]Cmd: TRANSACTION UNDO
[2017.04.03-16.16.58:878][159]LogEditorTransaction: Undo Scale Actors
[2017.04.03-16.16.59:310][168]Cmd: TRANSACTION UNDO
[2017.04.03-16.16.59:310][168]LogEditorTransaction: Undo Clicking on Actors
[2017.04.03-16.17.03:267][381]LogEditorViewport: Clicking on Actor (LMB): CineCameraActor (CineCameraActor8)
[2017.04.03-16.17.05:890][559]Cmd: TRANSACTION UNDO
[2017.04.03-16.17.05:890][559]LogEditorTransaction: Undo Delete Node
[2017.04.03-16.17.07:735][662]LogEditorViewport: Clicking on Actor (LMB): CineCameraActor (CineCameraActor6)
[2017.04.03-16.17.09:628][762]LogEditorViewport: Clicking on Actor (LMB): CineCameraActor (CineCameraActor12)
[2017.04.03-16.17.10:154][780]LogEditorViewport: Clicking on Actor (LMB): CineCameraActor (CineCameraActor12)
[2017.04.03-16.17.11:578][870]LogEditorViewport: Clicking on Actor (LMB): CineCameraActor (CineCameraActor6)
[2017.04.03-16.17.14:285][ 29]LogEditorViewport: Clicking on Actor (context menu): CineCameraActor (CineCameraActor6)
[2017.04.03-16.17.15:909][121]LogEditorViewport: Clicking on Actor (LMB): CineCameraActor (CineCameraActor6)
[2017.04.03-16.17.16:042][127]LogEditorViewport: Clicking on Component (LMB): CineCameraComponent (CameraComponent)
[2017.04.03-16.17.20:672][413]Cmd: TRANSACTION UNDO
[2017.04.03-16.17.20:673][413]LogEditorTransaction: Undo Delete Node
[2017.04.03-16.17.25:209][677]LogEditorViewport: Clicking on Actor (LMB): CineCameraActor (CineCameraActor6)
[2017.04.03-16.17.33:697][226]LogEditorViewport: Clicking on Actor (LMB): CineCameraActor (CineCameraActor12)
[2017.04.03-16.19.47:602][816]Cmd: TRANSACTION UNDO
[2017.04.03-16.19.47:602][816]LogEditorTransaction: Undo Edit X
[2017.04.03-16.19.52:905][816]LogCrashTracker: 


[2017.04.03-16.19.52:905][816]LogCrashTracker: 


[2017.04.03-16.19.52:905][816]LogWindows:Error: === Critical error: ===
[2017.04.03-16.19.52:905][816]LogWindows:Error: 
[2017.04.03-16.19.52:905][816]LogWindows:Error: Fatal error!
[2017.04.03-16.19.52:905][816]LogWindows:Error: 
[2017.04.03-16.19.52:905][816]LogWindows:Error: Unhandled Exception: EXCEPTION_ACCESS_VIOLATION reading address 0x00000000
[2017.04.03-16.19.52:905][816]LogWindows:Error: 
[2017.04.03-16.19.52:905][816]LogWindows:Error: UE4Editor-Engine.dll!0x000000008AD697A6
[2017.04.03-16.19.52:905][816]LogWindows:Error: UE4Editor-Engine.dll!0x000000008AD69EA8
[2017.04.03-16.19.52:905][816]LogWindows:Error: UE4Editor-MovieSceneTools.dll!0x000000007EF3A1D6
[2017.04.03-16.19.52:905][816]LogWindows:Error: UE4Editor-Sequencer.dll!0x000000007EAAC7BA
[2017.04.03-16.19.52:905][816]LogWindows:Error: UE4Editor-UnrealEd.dll!0x00000000871A0116
[2017.04.03-16.19.52:905][816]LogWindows:Error: UE4Editor-UnrealEd.dll!0x00000000871C6AD2
[2017.04.03-16.19.52:905][816]LogWindows:Error: UE4Editor-UnrealEd.dll!0x00000000871AF909
[2017.04.03-16.19.52:905][816]LogWindows:Error: UE4Editor-UnrealEd.dll!0x00000000871AFFCB
[2017.04.03-16.19.52:905][816]LogWindows:Error: UE4Editor-UnrealEd.dll!0x00000000872128AD
[2017.04.03-16.19.52:905][816]LogWindows:Error: UE4Editor-UnrealEd.dll!0x0000000087257DB1
[2017.04.03-16.19.52:905][816]LogWindows:Error: UE4Editor-UnrealEd.dll!0x00000000871AF585
[2017.04.03-16.19.52:905][816]LogWindows:Error: UE4Editor-UnrealEd.dll!0x00000000871A9524
[2017.04.03-16.19.52:905][816]LogWindows:Error: UE4Editor-UnrealEd.dll!0x000000008799A945
[2017.04.03-16.19.52:905][816]LogWindows:Error: UE4Editor-MainFrame.dll!0x0000000077DFBE3E
[2017.04.03-16.19.52:905][816]LogWindows:Error: UE4Editor-MainFrame.dll!0x0000000077DFC13E
[2017.04.03-16.19.52:905][816]LogWindows:Error: UE4Editor-Slate.dll!0x000000008F658894
[2017.04.03-16.19.52:905][816]LogWindows:Error: UE4Editor-Slate.dll!0x000000008F69DBC2
[2017.04.03-16.19.52:905][816]LogWindows:Error: UE4Editor-MainFrame.dll!0x0000000077E0D215
[2017.04.03-16.19.52:905][816]LogWindows:Error: UE4Editor-MainFrame.dll!0x0000000077DE212A
[2017.04.03-16.19.52:905][816]LogWindows:Error: UE4Editor-MainFrame.dll!0x0000000077DFBCF1
[2017.04.03-16.19.52:905][816]LogWindows:Error: UE4Editor-Slate.dll!0x000000008F6670B5
[2017.04.03-16.19.52:905][816]LogWindows:Error: UE4Editor-Slate.dll!0x000000008F69F491
[2017.04.03-16.19.52:905][816]LogWindows:Error: UE4Editor-Slate.dll!0x000000008F68E3C8
[2017.04.03-16.19.52:905][816]LogWindows:Error: UE4Editor-Core.dll!0x000000009046CB3C
[2017.04.03-16.19.52:905][816]LogWindows:Error: UE4Editor-Core.dll!0x00000000904567C1
[2017.04.03-16.19.52:905][816]LogWindows:Error: UE4Editor-Core.dll!0x000000009046EA1C
[2017.04.03-16.19.52:905][816]LogWindows:Error: UE4Editor-Core.dll!0x00000000904526E9
[2017.04.03-16.19.52:905][816]LogWindows:Error: USER32.dll!0x00000000BB761C24
[2017.04.03-16.19.52:905][816]LogWindows:Error: USER32.dll!0x00000000BB76156C
[2017.04.03-16.19.52:905][816]LogWindows:Error: UE4Editor-Core.dll!0x000000009046F326
[2017.04.03-16.19.52:905][816]LogWindows:Error: UE4Editor.exe!0x00000000EF21D790
[2017.04.03-16.19.52:905][816]LogWindows:Error: UE4Editor.exe!0x00000000EF20EB40
[2017.04.03-16.19.52:905][816]LogWindows:Error: UE4Editor.exe!0x00000000EF20EBBA
[2017.04.03-16.19.52:905][816]LogWindows:Error: UE4Editor.exe!0x00000000EF220A29
[2017.04.03-16.19.52:905][816]LogWindows:Error: UE4Editor.exe!0x00000000EF2222B6
[2017.04.03-16.19.52:905][816]LogWindows:Error: KERNEL32.DLL!0x00000000BB9A8364
[2017.04.03-16.19.52:905][816]LogWindows:Error: ntdll.dll!0x00000000BE2270D1
[2017.04.03-16.19.52:905][816]LogWindows:Error: ntdll.dll!0x00000000BE2270D1
[2017.04.03-16.19.52:905][816]LogWindows:Error: 
[2017.04.03-16.19.52:933][816]LogExit: Executing StaticShutdownAfterError
[2017.04.03-16.19.52:938][816]LogWindows: FPlatformMisc::RequestExit(1)
[2017.04.03-16.19.52:970][816]Log file closed, 04/03/17 18:19:52
