Log file open, 05/01/17 22:30:14
LogInit:Display: Running engine for game: LastBullet
LogPlatformFile: Not using cached read wrapper
LogInit:Display: RandInit(1860393693) SRandInit(1860393910).
LogTaskGraph: Started task graph with 5 named threads and 8 total threads with 1 sets of task threads.
LogStats: Stats thread started at 0.104801
LogInit: Using libcurl 7.47.1
LogInit:  - built for x86_64-pc-win32
LogInit:  - supports SSL with OpenSSL/1.0.2g
LogInit:  - supports HTTP deflate (compression) using libz 1.2.8
LogInit:  - other features:
LogInit:      CURL_VERSION_SSL
LogInit:      CURL_VERSION_LIBZ
LogInit:      CURL_VERSION_IPV6
LogInit:      CURL_VERSION_ASYNCHDNS
LogInit:      CURL_VERSION_LARGEFILE
LogInit:      CURL_VERSION_IDN
LogInit:  CurlRequestOptions (configurable via config and command line):
LogInit:  - bVerifyPeer = false  - Libcurl will NOT verify peer certificate
LogInit:  - bUseHttpProxy = false  - Libcurl will NOT use HTTP proxy
LogInit:  - bDontReuseConnections = false  - Libcurl will reuse connections
LogInit:  - CertBundlePath = nullptr  - Libcurl will use whatever was configured at build time.
OCULUS: Info: [CAPI] LibOVR module is located at C:\Program Files\Oculus\Support\oculus-runtime\LibOVRRT64_1.dll
OCULUS: Debug: Connected to the server running version (prod = 1).1.14.0(build = 378771) feature version = 0. Client runs version (prod = 1).1.14.0(build = 378771) feature version = 0
LogHMD: GearVR: Emulating GearVR using Oculus Rift!
LogInit: Build: ++UE4+Release-4.15-CL-3348071
LogInit: Engine Version: 4.15.1-3348071+++UE4+Release-4.15
LogInit: Compatible Engine Version: 4.15.0-3299760+++UE4+Release-4.15
LogInit: Net CL: 3299760
LogDevObjectVersion: Number of dev versions registered: 14
LogDevObjectVersion:   Dev-Blueprints (B0D832E4-1F89-4F0D-ACCF-7EB736FD4AA2): 8
LogDevObjectVersion:   Dev-Build (E1C64328-A22C-4D53-A36C-8E866417BD8C): 0
LogDevObjectVersion:   Dev-Core (375EC13C-06E4-48FB-B500-84F0262A717E): 2
LogDevObjectVersion:   Dev-Editor (E4B068ED-F494-42E9-A231-DA0B2E46BB41): 14
LogDevObjectVersion:   Dev-Framework (CFFC743F-43B0-4480-9391-14DF171D2073): 22
LogDevObjectVersion:   Dev-Mobile (B02B49B5-BB20-44E9-A304-32B752E40360): 0
LogDevObjectVersion:   Dev-Networking (A4E4105C-59A1-49B5-A7C5-40C4547EDFEE): 0
LogDevObjectVersion:   Dev-Online (39C831C9-5AE6-47DC-9A44-9C173E1C8E7C): 0
LogDevObjectVersion:   Dev-Physics (78F01B33-EBEA-4F98-B9B4-84EACCB95AA2): 0
LogDevObjectVersion:   Dev-Platform (6631380F-2D4D-43E0-8009-CF276956A95A): 0
LogDevObjectVersion:   Dev-Rendering (12F88B9F-8875-4AFC-A67C-D90C383ABD29): 12
LogDevObjectVersion:   Dev-Sequencer (7B5AE74C-D270-4C10-A958-57980B212A5A): 3
LogDevObjectVersion:   Dev-VR (D7296918-1DD6-4BDD-9DE2-64A83CC13884): 0
LogDevObjectVersion:   Dev-LoadTimes (C2A15278-BFE7-4AFE-6C17-90FF531DF755): 1
LogInit: Compiled (64-bit): Mar 15 2017 16:52:47
LogInit: Compiled with Visual C++: 19.00.23026.00
LogInit: Build Configuration: Development
LogInit: Branch Name: ++UE4+Release-4.15
LogInit: Command line:  
LogInit: Base directory: D:/Program Files/Epic Games/UE_4.15/Engine/Binaries/Win64/
LogInit: Installed Engine Build: 1
LogInit: Presizing for max 8388607 objects, including 0 objects not considered by GC, pre-allocating 0 bytes for permanent pool.
LogInit: Object subsystem initialized
[2017.05.01-20.30.16:231][  0]LogInit: Selected Device Profile: [Windows]
[2017.05.01-20.30.16:231][  0]LogInit: Applying CVar settings loaded from the selected device profile: [Windows]
[2017.05.01-20.30.16:244][  0]LogInit: Computer: TONIMASTERRACE
[2017.05.01-20.30.16:244][  0]LogInit: User: Toni
[2017.05.01-20.30.16:244][  0]LogInit: CPU Page size=65536, Cores=4
[2017.05.01-20.30.16:244][  0]LogInit: High frequency timer resolution =24.000000 MHz
[2017.05.01-20.30.16:245][  0]LogMemory: Memory total: Physical=8.0GB (8GB approx)
[2017.05.01-20.30.16:245][  0]LogMemory: Platform Memory Stats for Windows
[2017.05.01-20.30.16:245][  0]LogMemory: Process Physical Memory: 268.27 MB used, 268.27 MB peak
[2017.05.01-20.30.16:245][  0]LogMemory: Process Virtual Memory: 265.58 MB used, 265.58 MB peak
[2017.05.01-20.30.16:245][  0]LogMemory: Physical Memory: 4805.20 MB used,  3340.24 MB free, 8145.44 MB total
[2017.05.01-20.30.16:245][  0]LogMemory: Virtual Memory: 685.21 MB used,  3340.24 MB free, 134217728.00 MB total
[2017.05.01-20.30.16:305][  0]LogInit: Overriding culture en with editor configuration.
[2017.05.01-20.30.17:014][  0]LogD3D11RHI: D3D11 adapters:
[2017.05.01-20.30.17:863][  0]LogD3D11RHI:    0. 'NVIDIA GeForce GTX 1070' (Feature Level 11_0)
[2017.05.01-20.30.17:863][  0]LogD3D11RHI:       8119/0/4072 MB DedicatedVideo/DedicatedSystem/SharedSystem, Outputs:1, VendorId:0x10de
[2017.05.01-20.30.17:864][  0]LogD3D11RHI:    1. 'Microsoft Basic Render Driver' (Feature Level 11_0)
[2017.05.01-20.30.17:864][  0]LogD3D11RHI:       0/0/4072 MB DedicatedVideo/DedicatedSystem/SharedSystem, Outputs:0, VendorId:0x1414
[2017.05.01-20.30.17:864][  0]LogD3D11RHI: Chosen D3D11 Adapter: 0
[2017.05.01-20.30.17:868][  0]LogD3D11RHI: Creating new Direct3DDevice
[2017.05.01-20.30.17:868][  0]LogD3D11RHI:     GPU DeviceId: 0x1b81 (for the marketing name, search the web for "GPU Device Id")
[2017.05.01-20.30.17:868][  0]LogWindows: EnumDisplayDevices:
[2017.05.01-20.30.17:868][  0]LogWindows:    0. 'NVIDIA GeForce GTX 1070' (P:1 D:1)
[2017.05.01-20.30.17:869][  0]LogWindows:    1. 'NVIDIA GeForce GTX 1070' (P:0 D:0)
[2017.05.01-20.30.17:869][  0]LogWindows:    2. 'NVIDIA GeForce GTX 1070' (P:0 D:0)
[2017.05.01-20.30.17:870][  0]LogWindows:    3. 'NVIDIA GeForce GTX 1070' (P:0 D:0)
[2017.05.01-20.30.17:871][  0]LogWindows: DebugString: FoundDriverCount:4 
[2017.05.01-20.30.17:871][  0]LogD3D11RHI:     Adapter Name: NVIDIA GeForce GTX 1070
[2017.05.01-20.30.17:871][  0]LogD3D11RHI:   Driver Version: 381.89 (internal:22.21.13.8189, unified:381.89)
[2017.05.01-20.30.17:871][  0]LogD3D11RHI:      Driver Date: 4-19-2017
[2017.05.01-20.30.17:871][  0]LogRHI: Texture pool is 1361 MB (70% of 1945 MB)
[2017.05.01-20.30.18:467][  0]LogD3D11RHI: Async texture creation enabled
[2017.05.01-20.30.18:566][  0]LogD3D11RHI: GPU Timing Frequency: 1000.000000 (Debug: 2 1)
[2017.05.01-20.30.18:617][  0]LogShaderCompilers: Guid format shader working directory is 4 characters bigger than the processId version (../../../../../../LastBulletVR/LastBullet/Intermediate/Shaders/WorkingDirectory/5916/).
[2017.05.01-20.30.18:618][  0]LogShaderCompilers: Cleaned the shader compiler working directory 'C:/Users/Toni/AppData/Local/Temp/UnrealShaderWorkingDir/6771BFA84BBD5E79F0021AA769A07E13/'.
[2017.05.01-20.30.18:618][  0]LogShaderCompilers:Display: Using Local Shader Compiler.
[2017.05.01-20.30.20:698][  0]LogTemp:Display: Loaded TP AllDesktopTargetPlatform
[2017.05.01-20.30.20:748][  0]LogTemp:Display: Loaded TP MacClientTargetPlatform
[2017.05.01-20.30.20:797][  0]LogTemp:Display: Loaded TP MacNoEditorTargetPlatform
[2017.05.01-20.30.20:845][  0]LogTemp:Display: Loaded TP MacServerTargetPlatform
[2017.05.01-20.30.20:894][  0]LogTemp:Display: Loaded TP MacTargetPlatform
[2017.05.01-20.30.20:935][  0]LogTemp:Display: Loaded TP WindowsClientTargetPlatform
[2017.05.01-20.30.20:980][  0]LogTemp:Display: Loaded TP WindowsNoEditorTargetPlatform
[2017.05.01-20.30.21:028][  0]LogTemp:Display: Loaded TP WindowsServerTargetPlatform
[2017.05.01-20.30.21:064][  0]LogTemp:Display: Loaded TP WindowsTargetPlatform
[2017.05.01-20.30.21:108][  0]LogTemp:Display: Loaded TP AndroidTargetPlatform
[2017.05.01-20.30.21:149][  0]LogTemp:Display: Loaded TP Android_ASTCTargetPlatform
[2017.05.01-20.30.21:194][  0]LogTemp:Display: Loaded TP Android_ATCTargetPlatform
[2017.05.01-20.30.21:235][  0]LogTemp:Display: Loaded TP Android_DXTTargetPlatform
[2017.05.01-20.30.21:279][  0]LogTemp:Display: Loaded TP Android_ETC1TargetPlatform
[2017.05.01-20.30.21:320][  0]LogTemp:Display: Loaded TP Android_ETC2TargetPlatform
[2017.05.01-20.30.21:407][  0]LogTemp:Display: Loaded TP Android_MultiTargetPlatform
[2017.05.01-20.30.21:407][  0]LogTemp:Display: Loaded TP Android_PVRTCTargetPlatform
[2017.05.01-20.30.21:436][  0]LogTemp:Display: Loaded TP HTML5TargetPlatform
[2017.05.01-20.30.21:538][  0]LogTemp:Display: Loaded TP IOSTargetPlatform
[2017.05.01-20.30.21:564][  0]LogTemp:Display: Loaded TP TVOSTargetPlatform
[2017.05.01-20.30.21:609][  0]LogTemp:Display: Loaded TP LinuxClientTargetPlatform
[2017.05.01-20.30.21:650][  0]LogTemp:Display: Loaded TP LinuxNoEditorTargetPlatform
[2017.05.01-20.30.21:699][  0]LogTemp:Display: Loaded TP LinuxServerTargetPlatform
[2017.05.01-20.30.21:746][  0]LogTemp:Display: Loaded TP LinuxTargetPlatform
[2017.05.01-20.30.21:746][  0]LogTargetPlatformManager:Display: Building Assets For Windows
[2017.05.01-20.30.22:050][  0]LogDerivedDataCache:Display: Max Cache Size: 512 MB
[2017.05.01-20.30.22:114][  0]LogDerivedDataCache: Loaded boot cache 0.06s 51MB C:/Users/Toni/AppData/Local/UnrealEngine/4.15/DerivedDataCache/Boot.ddc.
[2017.05.01-20.30.22:114][  0]LogDerivedDataCache:Display: Loaded Boot cache: C:/Users/Toni/AppData/Local/UnrealEngine/4.15/DerivedDataCache/Boot.ddc
[2017.05.01-20.30.22:114][  0]LogDerivedDataCache: FDerivedDataBackendGraph:  Pak pak cache file ../../../../../../LastBulletVR/LastBullet/DerivedDataCache/DDC.ddp not found, will not use a pak cache.
[2017.05.01-20.30.22:114][  0]LogDerivedDataCache: Unable to find inner node Pak for hierarchical cache Hierarchy.
[2017.05.01-20.30.22:114][  0]LogDerivedDataCache: FDerivedDataBackendGraph:  CompressedPak pak cache file ../../../../../../LastBulletVR/LastBullet/DerivedDataCache/Compressed.ddp not found, will not use a pak cache.
[2017.05.01-20.30.22:114][  0]LogDerivedDataCache: Unable to find inner node CompressedPak for hierarchical cache Hierarchy.
[2017.05.01-20.30.22:131][  0]LogDerivedDataCache:Display: Pak cache opened for reading ../../../Engine/DerivedDataCache/Compressed.ddp.
[2017.05.01-20.30.22:143][  0]LogDerivedDataCache: Using Local data cache path C:/Users/Toni/AppData/Local/UnrealEngine/Common/DerivedDataCache: Writable
[2017.05.01-20.30.22:150][  0]LogSlate: Using Freetype 2.6.0
[2017.05.01-20.30.22:151][  0]LogSlate: SlateFontCache - WITH_FREETYPE: 1, WITH_HARFBUZZ: 1
[2017.05.01-20.30.22:151][  0]LogSlate: SlateFontCache - WITH_FREETYPE: 1, WITH_HARFBUZZ: 1
[2017.05.01-20.30.22:474][  0]LogInit: Selected Device Profile: [Windows]
[2017.05.01-20.30.22:477][  0]LogContentStreaming: Texture pool size is 0.00 MB
[2017.05.01-20.30.22:716][  0]LogMeshUtilities: Using QuadricMeshReduction for automatic static mesh reduction
[2017.05.01-20.30.22:752][  0]LogSimplygon: Simplygon DLL not present - disabling.
[2017.05.01-20.30.22:792][  0]LogMeshUtilities: Using SimplygonSwarm for distributed automatic mesh merging
[2017.05.01-20.30.22:792][  0]LogMeshUtilities: No automatic skeletal mesh reduction module available
[2017.05.01-20.30.22:792][  0]LogMeshUtilities: No automatic mesh merging module available
[2017.05.01-20.30.23:846][  0]LogNetVersion: GetLocalNetworkVersion: CL: 3299760, ProjectName: lastbullet, ProjectVersion: , EngineNetworkVersion: 2, GameNetworkVersion: 0, NetworkChecksum: 1522868599
[2017.05.01-20.30.23:887][  0]LogAssetRegistry: FAssetRegistry took 0.0230 seconds to start up
[2017.05.01-20.30.23:919][  0]LogPackageLocalizationCache: Processed 3 localized package path(s) for 1 prioritized culture(s) in 0.018238 seconds
[2017.05.01-20.30.23:928][  0]LogUObjectArray: 32493 objects as part of root set at end of initial load.
[2017.05.01-20.30.23:928][  0]LogUObjectAllocator: 7077032 out of 0 bytes used by permanent object pool.
[2017.05.01-20.30.23:928][  0]LogUObjectArray: CloseDisregardForGC: 0/0 objects in disregard for GC pool
[2017.05.01-20.30.23:967][  0]LogInit: WinSock: version 1.1 (2.2), MaxSocks=32767, MaxUdp=65467
[2017.05.01-20.30.25:533][  0]LogTcpMessaging: Initializing TcpMessaging bridge
[2017.05.01-20.30.25:565][  0]LogUdpMessaging: Initializing bridge on interface 0.0.0.0:0 to multicast group 230.0.0.1:6666.
[2017.05.01-20.30.26:046][  0]LogMaterial: Uniform references updated for custom material expression Custom.
[2017.05.01-20.30.26:481][  0]SourceControl: Info Source control is disabled
[2017.05.01-20.30.28:458][  0]LogEngine: Initializing Engine...
[2017.05.01-20.30.28:458][  0]LogHMD: Oculus plugin initialized. Version: 4.15.1-3348071+++UE4+Release-4.15, LibOVR: 1.14.0, SDK: 1.10.0, built Mar 15 2017, 16:59:09
[2017.05.01-20.30.28:779][  0]LogAIModule: Creating AISystem for world Untitled
[2017.05.01-20.30.28:797][  0]LogInit: XAudio2 using 'BenQ GL2250H-4 (NVIDIA High Definition Audio)' : 2 channels at 48 kHz using 16 bits per sample (channel mask 0x3)
[2017.05.01-20.30.28:815][  0]LogInit: FAudioDevice initialized.
[2017.05.01-20.30.28:864][  0]LogDerivedDataCache: Saved boot cache 0.05s 51MB C:/Users/Toni/AppData/Local/UnrealEngine/4.15/DerivedDataCache/Boot.ddc.
[2017.05.01-20.30.28:882][  0]LogInit: Texture streaming: Enabled
[2017.05.01-20.30.28:965][  0]LogEngineSessionManager: EngineSessionManager initialized
[2017.05.01-20.30.29:044][  0]LogInit: Transaction tracking system initialized
[2017.05.01-20.30.29:327][  0]BlueprintLog: New page: Editor Load
[2017.05.01-20.30.30:027][  0]LocalizationService: Info Localization service is disabled
[2017.05.01-20.30.30:543][  0]LogConsoleResponse:Display: 
[2017.05.01-20.30.30:774][  0]LogCook:Display: Max memory allowance for cook 16384mb min free memory 0mb
[2017.05.01-20.30.30:774][  0]LogCook:Display: Mobile HDR setting 1
[2017.05.01-20.30.31:310][  0]LogFileCache: Scanning file cache for directory 'D:/LastBulletVR/LastBullet/Content/' took 0.02s
[2017.05.01-20.30.32:027][  0]Cmd: MAP LOAD FILE="../../../../../../LastBulletVR/LastBullet/Content/StarterContent/Maps/Minimal_Default.umap" TEMPLATE=0 SHOWPROGRESS=1 FEATURELEVEL=3
[2017.05.01-20.30.32:030][  0]LightingResults: New page: Lighting Build
[2017.05.01-20.30.32:066][  0]MapCheck: New page: Map Check
[2017.05.01-20.30.32:066][  0]LightingResults: New page: Lighting Build
[2017.05.01-20.30.32:082][  0]LogLinker:Warning: Asset '../../../../../../LastBulletVR/LastBullet/Content/Blueprints/modul_transporttransport_16_Blueprint.uasset' has been saved with empty engine version. The asset will be loaded but may be incompatible.
[2017.05.01-20.30.32:193][  0]LogBlueprint:Warning: Node '/Game/Blueprints/modul_transporttransport_16_Blueprint.modul_transporttransport_16_Blueprint:EdGraph_0.K2Node_FunctionEntry_359' missing NodeGuid because of upgrade from old package version, this can cause deterministic cooking issues please resave package.
[2017.05.01-20.30.32:196][  0]LogBlueprint:Warning: Node '/Game/Blueprints/modul_transporttransport_16_Blueprint.modul_transporttransport_16_Blueprint:EdGraph_1.K2Node_FunctionEntry_359' missing NodeGuid because of upgrade from old package version, this can cause deterministic cooking issues please resave package.
[2017.05.01-20.30.32:199][  0]LogBlueprint:Warning: Node '/Game/Blueprints/modul_transporttransport_16_Blueprint.modul_transporttransport_16_Blueprint:EdGraph_2.K2Node_FunctionEntry_359' missing NodeGuid because of upgrade from old package version, this can cause deterministic cooking issues please resave package.
[2017.05.01-20.30.32:586][  0]LogBlueprint:Warning: [WeaponComponent] 'GunOffset' variable not found. Base class was probably changed.
[2017.05.01-20.30.32:598][  0]LogBlueprint:Warning: [WeaponComponent] 'AmmoBar' variable not found. Base class was probably changed.
[2017.05.01-20.30.32:598][  0]LogBlueprint:Warning: [WeaponComponent] 'AmmoBar' variable not found. Base class was probably changed.
[2017.05.01-20.30.32:598][  0]LogBlueprint:Warning: [WeaponComponent] 'Mesh2P' variable not found. Base class was probably changed.
[2017.05.01-20.30.32:598][  0]LogBlueprint:Warning: [WeaponComponent] 'Sphere' variable not found. Base class was probably changed.
[2017.05.01-20.30.32:598][  0]LogBlueprint:Warning: [WeaponComponent] 'FirstPersonCamera' variable not found. Base class was probably changed.
[2017.05.01-20.30.32:598][  0]LogBlueprint:Warning: [WeaponComponent] 'UsingMotionControllers?' variable not found. Base class was probably changed.
[2017.05.01-20.30.32:598][  0]LogBlueprint:Warning: [WeaponComponent] 'VR_Marker' variable not found. Base class was probably changed.
[2017.05.01-20.30.32:599][  0]LogBlueprint:Warning: [WeaponComponent] 'WeaponComponent' variable not found. Base class was probably changed.
[2017.05.01-20.30.32:599][  0]LogBlueprint:Warning: [WeaponComponent] 'WeaponComponent' variable not found. Base class was probably changed.
[2017.05.01-20.30.32:599][  0]LogBlueprint:Warning: [WeaponComponent] 'WeaponComponent' variable not found. Base class was probably changed.
[2017.05.01-20.30.32:602][  0]LogBlueprint:Warning: [WeaponComponent] 'AmmoBar' variable not found. Base class was probably changed.
[2017.05.01-20.30.32:602][  0]LogBlueprint:Warning: [WeaponComponent] 'AmmoBar' variable not found. Base class was probably changed.
[2017.05.01-20.30.32:602][  0]LogBlueprint:Warning: [WeaponComponent] 'WeaponComponent' variable not found. Base class was probably changed.
[2017.05.01-20.30.32:602][  0]LogBlueprint:Warning: [WeaponComponent] 'WeaponComponent' variable not found. Base class was probably changed.
[2017.05.01-20.30.32:602][  0]LogBlueprint:Warning: [WeaponComponent] 'WeaponComponent' variable not found. Base class was probably changed.
[2017.05.01-20.30.32:602][  0]LogBlueprint:Warning: [WeaponComponent] 'WeaponComponent' variable not found. Base class was probably changed.
[2017.05.01-20.30.32:602][  0]LogBlueprint:Warning: [WeaponComponent] 'WeaponComponent' variable not found. Base class was probably changed.
[2017.05.01-20.30.32:602][  0]LogBlueprint:Warning: [WeaponComponent] 'WeaponComponent' variable not found. Base class was probably changed.
[2017.05.01-20.30.32:602][  0]LogBlueprint:Warning: [WeaponComponent] 'WeaponComponent' variable not found. Base class was probably changed.
[2017.05.01-20.30.32:602][  0]LogBlueprint:Warning: [WeaponComponent] 'WeaponComponent' variable not found. Base class was probably changed.
[2017.05.01-20.30.32:602][  0]LogBlueprint:Warning: [WeaponComponent] 'WeaponComponent' variable not found. Base class was probably changed.
[2017.05.01-20.30.32:602][  0]LogBlueprint:Warning: [WeaponComponent] 'WeaponComponent' variable not found. Base class was probably changed.
[2017.05.01-20.30.33:965][  0]LogBlueprint:Warning: [HUD] 'AmmoTotal' variable not found. Base class was probably changed.
[2017.05.01-20.30.33:984][  0]LogBlueprint:Error: [Compiler HUD] Error Failed to resolve term passed into  Value
[2017.05.01-20.30.33:998][  0]LogBlueprint:Warning: [Compiler HUD] Warning [0020.40] Compile of HUD failed. 1 Fatal Issue(s) 0 Warning(s) [in 29 ms] (/Game/FirstPersonBP/Maps/HUD.HUD)
[2017.05.01-20.30.33:999][  0]LogBlueprint:Warning: [Compiler HUD] Warning [0020.40] Compile of HUD failed. 1 Fatal Issue(s) 1 Warning(s) [in 0 ms] (/Game/FirstPersonBP/Maps/HUD.HUD)
[2017.05.01-20.30.33:999][  0]LogBlueprint:Warning: [Compiler HUD] Warning [0020.40] Compile of HUD failed. 1 Fatal Issue(s) 2 Warning(s) [in 0 ms] (/Game/FirstPersonBP/Maps/HUD.HUD)
[2017.05.01-20.30.34:167][  0]LogBlueprint:Warning: [PistolActor_Blueprint] 'VR_Marker' variable not found. Base class was probably changed.
[2017.05.01-20.30.35:292][  0]LogBlueprint:Warning: [HUD] 'AmmoTotal' variable not found. Base class was probably changed.
[2017.05.01-20.30.36:581][  0]LogLinker:Warning: Asset '../../../../../../LastBulletVR/LastBullet/Content/Meshes/Space/StarMap_Nebula_1_Mat.uasset' has been saved with empty engine version. The asset will be loaded but may be incompatible.
[2017.05.01-20.30.36:585][  0]LogLinker:Warning: Asset '../../../../../../LastBulletVR/LastBullet/Content/Meshes/Space/StarMap_Nebula_1.uasset' has been saved with empty engine version. The asset will be loaded but may be incompatible.
[2017.05.01-20.30.36:619][  0]LogLinker:Warning: Asset '../../../../../../LastBulletVR/LastBullet/Content/Meshes/Space/FX_Map_7.uasset' has been saved with empty engine version. The asset will be loaded but may be incompatible.
[2017.05.01-20.30.36:620][  0]LogLinker:Warning: Asset '../../../../../../LastBulletVR/LastBullet/Content/Meshes/Space/StarMap_1.uasset' has been saved with empty engine version. The asset will be loaded but may be incompatible.
[2017.05.01-20.30.38:746][  0]LogBlueprint:Warning: Node '/Game/Blueprints/modul_transporttransport_16_Blueprint.modul_transporttransport_16_Blueprint:UserConstructionScript.K2Node_FunctionEntry_359' missing NodeGuid because of upgrade from old package version, this can cause deterministic cooking issues please resave package.
[2017.05.01-20.30.39:474][  0]LogAIModule: Creating AISystem for world Minimal_Default
[2017.05.01-20.30.39:580][  0]LogEditorServer: Finished looking for orphan Actors (0.000 secs)
[2017.05.01-20.30.39:580][  0]Cmd: MAP CHECKDEP NOCLEARLOG
[2017.05.01-20.30.39:669][  0]MapCheck: Info Map check complete: 0 Error(s), 0 Warning(s), took 87.849ms to complete.
[2017.05.01-20.30.39:669][  0]LogFileHelpers: Loading map 'Minimal_Default' took 7.641
[2017.05.01-20.30.39:897][  0]LogCollectionManager: Loaded 0 collections in 0.000802 seconds
[2017.05.01-20.30.39:976][  0]LogFileCache: Scanning file cache for directory 'D:/LastBulletVR/LastBullet/Saved/Collections/' took 0.01s
[2017.05.01-20.30.39:976][  0]LogFileCache: Scanning file cache for directory 'D:/LastBulletVR/LastBullet/Content/Developers/Toni/Collections/' took 0.01s
[2017.05.01-20.30.39:976][  0]LogFileCache: Scanning file cache for directory 'D:/LastBulletVR/LastBullet/Content/Collections/' took 0.02s
[2017.05.01-20.30.39:976][  0]LogCollectionManager: Rebuilt the GUID cache for 0 collections in 0.000005 seconds
[2017.05.01-20.30.39:983][  0]LogContentBrowser: Native class hierarchy populated in 0.0064 seconds. Added 2245 classes and 453 folders.
[2017.05.01-20.30.39:985][  0]LogStats: UGameplayTagsManager::ConstructGameplayTagTree: Construct from data asset -  0.000 s
[2017.05.01-20.30.39:985][  0]LogStats: UGameplayTagsManager::ConstructGameplayTagTree: GameplayTagTreeChangedEvent.Broadcast -  0.000 s
[2017.05.01-20.30.40:024][  0]LogContentBrowser: Native class hierarchy updated for 'WidgetCarousel' in 0.0006 seconds. Added 0 classes and 0 folders.
[2017.05.01-20.30.40:112][  0]LogContentBrowser: Native class hierarchy updated for 'AddContentDialog' in 0.0005 seconds. Added 0 classes and 0 folders.
[2017.05.01-20.30.40:146][  0]LogContentBrowser: Native class hierarchy updated for 'SceneOutliner' in 0.0005 seconds. Added 1 classes and 2 folders.
[2017.05.01-20.30.40:182][  0]LogCrashTracker: Crashtracker disabled due to settings.
[2017.05.01-20.30.40:196][  0]LogUObjectGlobals:Warning: Failed to find object 'Class None.'
[2017.05.01-20.30.40:252][  0]LogContentBrowser: Native class hierarchy updated for 'HierarchicalLODOutliner' in 0.0005 seconds. Added 1 classes and 2 folders.
[2017.05.01-20.30.40:252][  0]LogLoad: (Engine Initialization) Total time: 26.65 seconds
[2017.05.01-20.30.40:252][  0]LogLoad: (Engine Initialization) Total Blueprint compile time: 0.91 seconds
[2017.05.01-20.30.40:252][  0]LogExternalProfiler: Found external profiler: VSPerf
[2017.05.01-20.30.40:252][  0]LogExternalProfiler: Using external profiler: VSPerf
[2017.05.01-20.30.40:592][  0]LogOcInput: OculusInput pre-init called
[2017.05.01-20.30.40:603][  0]LogOcInput: OculusInput is initialized. Init status 0. Runtime version: 1.14.0
[2017.05.01-20.30.40:664][  0]SourceControl: Info On branch FixingGunsOffset
[2017.05.01-20.30.40:664][  0]SourceControl: Info Your branch is up-to-date with 'origin/FixingGunsOffset'.
[2017.05.01-20.30.40:664][  0]SourceControl: Info Changes to be committed:
[2017.05.01-20.30.40:664][  0]SourceControl: Info   (use "git reset HEAD <file>..." to unstage)
[2017.05.01-20.30.40:664][  0]SourceControl: Info 	new file:   LastBullet/Content/FirstPerson/Animations/SK_Mannequin_Arms_Skeleton_Sequence_Assault_Pose.uasset
[2017.05.01-20.30.40:664][  0]SourceControl: Info 	new file:   LastBullet/Content/FirstPerson/Animations/SK_Mannequin_Arms_Skeleton_Sequence_Sniper_pose.uasset
[2017.05.01-20.30.40:664][  0]SourceControl: Info Changes not staged for commit:
[2017.05.01-20.30.40:664][  0]SourceControl: Info   (use "git add/rm <file>..." to update what will be committed)
[2017.05.01-20.30.40:664][  0]SourceControl: Info   (use "git checkout -- <file>..." to discard changes in working directory)
[2017.05.01-20.30.40:664][  0]SourceControl: Info 	modified:   LastBullet/Content/FirstPerson/Animations/SK_Mannequin_Arms_Skeleton_Sequence_Assault_Pose.uasset
[2017.05.01-20.30.40:664][  0]SourceControl: Info 	modified:   LastBullet/Content/FirstPerson/Animations/SK_Mannequin_Arms_Skeleton_Sequence_Sniper_pose.uasset
[2017.05.01-20.30.40:664][  0]SourceControl: Info 	modified:   LastBullet/Content/FirstPerson/Character/Mesh/SK_Mannequin_Arms.uasset
[2017.05.01-20.30.40:664][  0]SourceControl: Info 	modified:   LastBullet/Content/FirstPerson/Character/Mesh/SK_Mannequin_Arms_Skeleton.uasset
[2017.05.01-20.30.40:664][  0]SourceControl: Info 	modified:   LastBullet/Content/FirstPersonBP/Blueprints/FirstPersonCharacter.uasset
[2017.05.01-20.30.40:664][  0]SourceControl: Info 	modified:   LastBullet/Content/FirstPersonBP/Blueprints/WeaponENUM.uasset
[2017.05.01-20.30.40:664][  0]SourceControl: Info 	modified:   LastBullet/Content/FirstPersonBP/WeaponBP/Assault/AssaultActor_Blueprint.uasset
[2017.05.01-20.30.40:664][  0]SourceControl: Info 	modified:   LastBullet/Content/FirstPersonBP/WeaponBP/Sniper/Sniper_Blueprint.uasset
[2017.05.01-20.30.40:664][  0]SourceControl: Info 	modified:   LastBullet/Content/StarterContent/Maps/Minimal_Default.umap
[2017.05.01-20.30.40:664][  0]SourceControl: Info 	modified:   LastBullet/Intermediate/CachedAssetRegistry.bin
[2017.05.01-20.30.40:664][  0]SourceControl: Info 	modified:   LastBullet/Saved/AutoScreenshot.png
[2017.05.01-20.30.40:664][  0]SourceControl: Info 	modified:   LastBullet/Saved/Autosaves/Game/FirstPersonBP/Blueprints/FirstPersonCharacter_Auto3.uasset
[2017.05.01-20.30.40:664][  0]SourceControl: Info 	modified:   LastBullet/Saved/Autosaves/Game/StarterContent/Maps/Minimal_Default_Auto1.umap
[2017.05.01-20.30.40:664][  0]SourceControl: Info 	modified:   LastBullet/Saved/Autosaves/Game/StarterContent/Maps/Minimal_Default_Auto2.umap
[2017.05.01-20.30.40:664][  0]SourceControl: Info 	modified:   LastBullet/Saved/Autosaves/Game/StarterContent/Maps/Minimal_Default_Auto3.umap
[2017.05.01-20.30.40:664][  0]SourceControl: Info 	deleted:    LastBullet/Saved/Backup/Ruben_2017-04-28-13-14-42.umap
[2017.05.01-20.30.40:664][  0]SourceControl: Info 	deleted:    LastBullet/Saved/Backup/Ruben_2017-04-28-18-37-51.umap
[2017.05.01-20.30.40:664][  0]SourceControl: Info 	deleted:    LastBullet/Saved/Backup/Ruben_2017-04-28-18-58-04.umap
[2017.05.01-20.30.40:664][  0]SourceControl: Info 	deleted:    LastBullet/Saved/Backup/Ruben_2017-04-28-19-17-40.umap
[2017.05.01-20.30.40:664][  0]SourceControl: Info 	deleted:    LastBullet/Saved/Backup/Ruben_2017-04-28-19-25-30.umap
[2017.05.01-20.30.40:664][  0]SourceControl: Info 	deleted:    LastBullet/Saved/Backup/Ruben_2017-04-28-19-39-27.umap
[2017.05.01-20.30.40:664][  0]SourceControl: Info 	deleted:    LastBullet/Saved/Backup/Ruben_2017-04-28-19-46-40.umap
[2017.05.01-20.30.40:665][  0]SourceControl: Info 	deleted:    LastBullet/Saved/Backup/Ruben_BuiltData_2017-04-26-13-36-06.uasset
[2017.05.01-20.30.40:665][  0]SourceControl: Info 	modified:   LastBullet/Saved/Config/Windows/Editor.ini
[2017.05.01-20.30.40:665][  0]SourceControl: Info 	modified:   LastBullet/Saved/Config/Windows/EditorPerProjectUserSettings.ini
[2017.05.01-20.30.40:665][  0]SourceControl: Info 	modified:   LastBullet/Saved/Config/Windows/Engine.ini
[2017.05.01-20.30.40:665][  0]SourceControl: Info 	deleted:    LastBullet/Saved/Logs/LastBullet-backup-2017.04.28-17.54.53.log
[2017.05.01-20.30.40:665][  0]SourceControl: Info 	deleted:    LastBullet/Saved/Logs/LastBullet-backup-2017.04.28-18.17.07.log
[2017.05.01-20.30.40:665][  0]SourceControl: Info 	deleted:    LastBullet/Saved/Logs/LastBullet-backup-2017.04.28-20.11.07.log
[2017.05.01-20.30.40:665][  0]SourceControl: Info 	deleted:    LastBullet/Saved/Logs/LastBullet-backup-2017.04.28-20.36.44.log
[2017.05.01-20.30.40:665][  0]SourceControl: Info 	deleted:    LastBullet/Saved/Logs/LastBullet-backup-2017.04.28-20.46.30.log
[2017.05.01-20.30.40:665][  0]SourceControl: Info 	deleted:    LastBullet/Saved/Logs/LastBullet-backup-2017.04.29-00.05.45.log
[2017.05.01-20.30.40:665][  0]SourceControl: Info 	deleted:    LastBullet/Saved/Logs/LastBullet-backup-2017.04.29-23.16.26.log
[2017.05.01-20.30.40:665][  0]SourceControl: Info 	deleted:    LastBullet/Saved/Logs/LastBullet-backup-2017.04.30-12.23.02.log
[2017.05.01-20.30.40:665][  0]SourceControl: Info 	modified:   LastBullet/Saved/Logs/LastBullet.log
[2017.05.01-20.30.40:665][  0]SourceControl: Info Untracked files:
[2017.05.01-20.30.40:665][  0]SourceControl: Info   (use "git add <file>..." to include in what will be committed)
[2017.05.01-20.30.40:665][  0]SourceControl: Info 	LastBullet/Saved/Logs/LastBullet-backup-2017.05.01-17.09.47.log
[2017.05.01-20.30.40:665][  0]SourceControl: Info 	LastBullet/Saved/Logs/LastBullet-backup-2017.05.01-22.14.35.log
[2017.05.01-20.30.40:665][  0]SourceControl: Info 	LastBullet/Saved/Logs/LastBullet-backup-2017.05.01-22.22.13.log
[2017.05.01-20.30.40:665][  0]SourceControl: Info 	LastBullet/Saved/Logs/LastBullet-backup-2017.05.01-22.25.04.log
[2017.05.01-20.30.40:665][  0]SourceControl: Info 	LastBullet/Saved/Logs/LastBullet-backup-2017.05.01-22.26.31.log
[2017.05.01-20.30.40:665][  0]SourceControl: Info 	LastBullet/Saved/Logs/LastBullet-backup-2017.05.01-22.28.33.log
[2017.05.01-20.30.40:665][  0]SourceControl: Info 	LastBullet/Saved/Logs/LastBullet-backup-2017.05.01-22.29.07.log
[2017.05.01-20.30.40:665][  0]SourceControl: Info 	LastBullet/Saved/Logs/LastBullet-backup-2017.05.01-22.30.14.log
[2017.05.01-20.30.40:665][  0]SourceControl: Info 	LastBullet/Saved/Logs/UE4CC-Windows-0C7D591F4D1AAEF27FDAAEBA8E1FAF27/
[2017.05.01-20.30.40:665][  0]SourceControl: Info 	LastBullet/Saved/Logs/UE4CC-Windows-0C7D591F4D1AAEF27FDAAEBA8E1FAF27_0000/
[2017.05.01-20.30.40:665][  0]SourceControl: Info 	LastBullet/Saved/Logs/UE4CC-Windows-1EFBD4C640C996D55A94499728AD7385/
[2017.05.01-20.30.40:665][  0]SourceControl: Info 	LastBullet/Saved/Logs/UE4CC-Windows-33FA0D3E498B780EA9BC5393C928EF53/
[2017.05.01-20.30.40:665][  0]SourceControl: Info 	LastBullet/Saved/Logs/UE4CC-Windows-33FA0D3E498B780EA9BC5393C928EF53_0000/
[2017.05.01-20.30.40:665][  0]SourceControl: Info 	LastBullet/Saved/Logs/UE4CC-Windows-57F6990141C49B7CC2A40B900BDEBB6D/
[2017.05.01-20.30.40:665][  0]SourceControl: Info 	LastBullet/Saved/Logs/UE4CC-Windows-57F6990141C49B7CC2A40B900BDEBB6D_0000/
[2017.05.01-20.30.40:665][  0]SourceControl: Info 	LastBullet/Saved/Logs/UE4CC-Windows-7752A65B4A03C6E18280B3872C7E87EF/
[2017.05.01-20.30.40:665][  0]SourceControl: Info 	LastBullet/Saved/Logs/UE4CC-Windows-AAC0669A4C421525858E448551508FAB/
[2017.05.01-20.30.40:665][  0]SourceControl: Info 	LastBullet/Saved/Logs/UE4CC-Windows-B09ACFBD4BFEF2AEE392FAB1F22FBE00/
[2017.05.01-20.30.40:665][  0]SourceControl: Info 	LastBullet/Saved/Logs/UE4CC-Windows-B09ACFBD4BFEF2AEE392FAB1F22FBE00_0000/
[2017.05.01-20.30.40:665][  0]SourceControl: Info 	LastBullet/Saved/Logs/UE4CC-Windows-B63A9E1B4959E7E427067A88629C291A/
[2017.05.01-20.30.40:665][  0]SourceControl: Info 	LastBullet/Saved/Logs/UE4CC-Windows-B63A9E1B4959E7E427067A88629C291A_0000/
[2017.05.01-20.30.40:665][  0]SourceControl: Info 	LastBullet/Saved/Logs/UE4CC-Windows-CE004D6447BE8D99D47FF4BF61951258/
[2017.05.01-20.30.40:665][  0]SourceControl: Info 	LastBullet/Saved/Logs/UE4CC-Windows-CE004D6447BE8D99D47FF4BF61951258_0000/
[2017.05.01-20.30.40:665][  0]SourceControl: Info 	LastBullet/Saved/Logs/UE4CC-Windows-DD21B0DD49EE5BAF0184EBA74209DB96/
[2017.05.01-20.30.40:665][  0]SourceControl: Info 	LastBullet/Saved/Logs/UE4CC-Windows-DD21B0DD49EE5BAF0184EBA74209DB96_0000/
[2017.05.01-20.30.40:665][  0]SourceControl: Info 	LastBullet/Saved/Logs/UE4CC-Windows-FCE4EB614E8BC452F0F61E889B2A432F/
[2017.05.01-20.30.40:665][  0]LogContentStreaming: Texture pool size now 1000 MB
[2017.05.01-20.30.40:667][  0]LogSlate: Took 0.000180 seconds to synchronously load lazily loaded font '../../../Engine/Content/Slate/Fonts/Roboto-Regular.ttf' (155K)
[2017.05.01-20.30.40:669][  0]LogSlate: Took 0.000221 seconds to synchronously load lazily loaded font '../../../Engine/Content/Slate/Fonts/Roboto-Bold.ttf' (160K)
[2017.05.01-20.30.40:676][  0]LogSlate: Took 0.000217 seconds to synchronously load lazily loaded font '../../../Engine/Content/Editor/Slate/Fonts/FontAwesome.ttf' (139K)
[2017.05.01-20.30.40:876][  0]LogSlate: Took 0.000195 seconds to synchronously load lazily loaded font '../../../Engine/Content/Slate/Fonts/Roboto-Light.ttf' (159K)
[2017.05.01-20.30.40:911][  0]LogRenderer: Reallocating scene render targets to support 1208x660 NumSamples 1 (Frame:2).
[2017.05.01-20.30.41:062][  1]LogFileCache: Retrieving MD5 hashes for directory 'D:/LastBulletVR/LastBullet/Content/' took 0.44s
[2017.05.01-20.30.42:408][  5]LogAssetRegistry: Asset discovery search completed in 18.5438 seconds
[2017.05.01-20.30.42:408][  5]LogCollectionManager: Rebuilt the object cache for 0 collections in 0.000014 seconds (found 0 objects)
[2017.05.01-20.30.42:408][  5]LogCollectionManager: Fixed up redirectors for 0 collections in 0.000047 seconds (updated 0 objects)
[2017.05.01-20.31.33:564][494]LogSlate: Took 0.000189 seconds to synchronously load lazily loaded font '../../../Engine/Content/Slate/Fonts/Roboto-Light.ttf' (159K)
[2017.05.01-20.31.33:727][494]LogContentBrowser: Native class hierarchy updated for 'SkeletonEditor' in 0.0005 seconds. Added 1 classes and 2 folders.
[2017.05.01-20.31.34:079][494]LogActorComponent: RegisterComponentWithWorld: (/Engine/Transient.World_3:PersistentLevel.Actor_0.DebugSkelMeshComponent_0) Already registered. Aborting.
[2017.05.01-20.31.34:436][494]LogSlate: Took 0.000243 seconds to synchronously load lazily loaded font '../../../Engine/Content/Slate/Fonts/Roboto-Regular.ttf' (155K)
[2017.05.01-20.31.34:798][494]LogContentBrowser: Native class hierarchy updated for 'BlueprintGraph' in 0.0007 seconds. Added 112 classes and 0 folders.
[2017.05.01-20.31.35:276][494]LogSkeletalMesh: USkeletalMeshComponent::InitArticulated : Bodies already created (/Engine/Transient.World_3:PersistentLevel.Actor_0.DebugSkelMeshComponent_0) - call TermArticulated first.
[2017.05.01-20.31.35:664][494]LogSlate: Took 0.000185 seconds to synchronously load lazily loaded font '../../../Engine/Content/Editor/Slate/Fonts/Roboto-BoldCondensed.ttf' (158K)
[2017.05.01-20.31.35:905][495]LogSlate: Took 0.000279 seconds to synchronously load lazily loaded font '../../../Engine/Content/Editor/Slate/Fonts/Roboto-Italic.ttf' (157K)
[2017.05.01-20.32.52:444][489]LogWindowsTextInputMethodSystem:Display: IME system now deactivated.
[2017.05.01-20.32.52:648][490]Cmd: QUIT_EDITOR
[2017.05.01-20.32.52:699][490]LogExit: Preparing to exit.
[2017.05.01-20.32.53:759][490]LogDirectoryWatcher: A directory notification for 'D:/LastBulletVR/LastBullet/Content/' was aborted.
[2017.05.01-20.32.53:849][490]LogExit: Editor shut down
[2017.05.01-20.32.53:849][490]LogExit: Transaction tracking system shut down
[2017.05.01-20.32.53:956][490]LogObj: Freed 0b from 0 cluster array pools.
[2017.05.01-20.32.53:957][490]LogExit: Object subsystem successfully closed.
[2017.05.01-20.32.53:980][490]LogD3D11RHI: Shutdown
[2017.05.01-20.32.53:980][490]LogD3D11RHI: CleanupD3DDevice
[2017.05.01-20.32.54:651][490]LogD3D11RHI: ~FD3D11DynamicRHI
[2017.05.01-20.32.54:658][490]LogModuleManager: Shutting down and abandoning module BlueprintGraph (506)
[2017.05.01-20.32.54:658][490]LogModuleManager: Shutting down and abandoning module BlueprintProfiler (504)
[2017.05.01-20.32.54:673][490]LogModuleManager: Shutting down and abandoning module SkeletonEditor (502)
[2017.05.01-20.32.54:673][490]LogModuleManager: Shutting down and abandoning module AnimationBlueprintEditor (500)
[2017.05.01-20.32.54:673][490]LogModuleManager: Shutting down and abandoning module HierarchicalLODOutliner (498)
[2017.05.01-20.32.54:673][490]LogModuleManager: Shutting down and abandoning module CrashTracker (496)
[2017.05.01-20.32.54:673][490]LogModuleManager: Shutting down and abandoning module SceneOutliner (494)
[2017.05.01-20.32.54:673][490]LogModuleManager: Shutting down and abandoning module AddContentDialog (492)
[2017.05.01-20.32.54:673][490]LogDirectoryWatcher: A directory notification for 'D:/Program Files/Epic Games/UE_4.15/FeaturePacks/' was aborted.
[2017.05.01-20.32.54:674][490]LogModuleManager: Shutting down and abandoning module WidgetCarousel (491)
[2017.05.01-20.32.54:674][490]LogModuleManager: Shutting down and abandoning module EditorWidgets (488)
[2017.05.01-20.32.54:674][490]LogModuleManager: Shutting down and abandoning module CollectionManager (486)
[2017.05.01-20.32.54:674][490]LogDirectoryWatcher: A directory notification for 'D:/LastBulletVR/LastBullet/Content/Collections/' was aborted.
[2017.05.01-20.32.54:674][490]LogDirectoryWatcher: A directory notification for 'D:/LastBulletVR/LastBullet/Content/Developers/Toni/Collections/' was aborted.
[2017.05.01-20.32.54:674][490]LogDirectoryWatcher: A directory notification for 'D:/LastBulletVR/LastBullet/Saved/Collections/' was aborted.
[2017.05.01-20.32.54:674][490]LogModuleManager: Shutting down and abandoning module StatsViewer (484)
[2017.05.01-20.32.54:674][490]LogModuleManager: Shutting down and abandoning module FoliageEdit (482)
[2017.05.01-20.32.54:674][490]LogModuleManager: Shutting down and abandoning module LandscapeEditor (480)
[2017.05.01-20.32.54:674][490]LogModuleManager: Shutting down and abandoning module SceneDepthPickerMode (478)
[2017.05.01-20.32.54:674][490]LogModuleManager: Shutting down and abandoning module ActorPickerMode (476)
[2017.05.01-20.32.54:674][490]LogModuleManager: Shutting down and abandoning module GeometryMode (474)
[2017.05.01-20.32.54:674][490]LogModuleManager: Shutting down and abandoning module TextureAlignMode (472)
[2017.05.01-20.32.54:674][490]LogModuleManager: Shutting down and abandoning module BspMode (470)
[2017.05.01-20.32.54:674][490]LogModuleManager: Shutting down and abandoning module HardwareSurvey (468)
[2017.05.01-20.32.54:674][490]LogModuleManager: Shutting down and abandoning module SequenceRecorderSections (466)
[2017.05.01-20.32.54:674][490]LogModuleManager: Shutting down and abandoning module AutomationWorker (464)
[2017.05.01-20.32.54:674][490]LogModuleManager: Shutting down and abandoning module MatineeToLevelSequence (462)
[2017.05.01-20.32.54:674][490]LogModuleManager: Shutting down and abandoning module LevelSequenceEditor (460)
[2017.05.01-20.32.54:674][490]LogModuleManager: Shutting down and abandoning module PlacementMode (459)
[2017.05.01-20.32.54:674][490]LogModuleManager: Shutting down and abandoning module WmfMediaFactory (456)
[2017.05.01-20.32.54:675][490]LogModuleManager: Shutting down and abandoning module WmfMediaEditor (454)
[2017.05.01-20.32.54:675][490]LogModuleManager: Shutting down and abandoning module MfMediaFactory (452)
[2017.05.01-20.32.54:675][490]LogModuleManager: Shutting down and abandoning module MfMediaEditor (450)
[2017.05.01-20.32.54:675][490]LogModuleManager: Shutting down and abandoning module AvfMediaFactory (448)
[2017.05.01-20.32.54:675][490]LogModuleManager: Shutting down and abandoning module AvfMediaEditor (446)
[2017.05.01-20.32.54:675][490]LogModuleManager: Shutting down and abandoning module AndroidMediaFactory (444)
[2017.05.01-20.32.54:675][490]LogModuleManager: Shutting down and abandoning module Media (443)
[2017.05.01-20.32.54:675][490]LogModuleManager: Shutting down and abandoning module AndroidMediaEditor (440)
[2017.05.01-20.32.54:675][490]LogModuleManager: Shutting down and abandoning module CharacterAI (438)
[2017.05.01-20.32.54:675][490]LogModuleManager: Shutting down and abandoning module AudioCapture (436)
[2017.05.01-20.32.54:675][490]LogModuleManager: Shutting down and abandoning module SequenceRecorder (435)
[2017.05.01-20.32.54:675][490]LogModuleManager: Shutting down and abandoning module SmartSnapping (432)
[2017.05.01-20.32.54:675][490]LogModuleManager: Shutting down and abandoning module SessionServices (430)
[2017.05.01-20.32.54:675][490]LogModuleManager: Shutting down and abandoning module ViewportSnapping (428)
[2017.05.01-20.32.54:675][490]LogModuleManager: Shutting down and abandoning module ViewportInteraction (426)
[2017.05.01-20.32.54:675][490]LogModuleManager: Shutting down and abandoning module LogVisualizer (424)
[2017.05.01-20.32.54:675][490]LogModuleManager: Shutting down and abandoning module IntroTutorials (422)
[2017.05.01-20.32.54:675][490]LogModuleManager: Shutting down and abandoning module GameProjectGeneration (421)
[2017.05.01-20.32.54:675][490]LogModuleManager: Shutting down and abandoning module EditorLiveStreaming (418)
[2017.05.01-20.32.54:675][490]LogModuleManager: Shutting down and abandoning module IOSPlatformEditor (416)
[2017.05.01-20.32.54:675][490]LogModuleManager: Shutting down and abandoning module HTML5PlatformEditor (414)
[2017.05.01-20.32.54:675][490]LogModuleManager: Shutting down and abandoning module AndroidPlatformEditor (412)
[2017.05.01-20.32.54:675][490]LogModuleManager: Shutting down and abandoning module AndroidDeviceDetection (411)
[2017.05.01-20.32.55:496][490]LogModuleManager: Shutting down and abandoning module IOSRuntimeSettings (408)
[2017.05.01-20.32.55:496][490]LogModuleManager: Shutting down and abandoning module AndroidRuntimeSettings (406)
[2017.05.01-20.32.55:496][490]LogModuleManager: Shutting down and abandoning module InputBindingEditor (404)
[2017.05.01-20.32.55:496][490]LogModuleManager: Shutting down and abandoning module NiagaraEditor (402)
[2017.05.01-20.32.55:496][490]LogModuleManager: Shutting down and abandoning module MergeActors (400)
[2017.05.01-20.32.55:496][490]LogModuleManager: Shutting down and abandoning module SizeMap (398)
[2017.05.01-20.32.55:496][490]LogModuleManager: Shutting down and abandoning module TreeMap (396)
[2017.05.01-20.32.55:496][490]LogModuleManager: Shutting down and abandoning module ReferenceViewer (394)
[2017.05.01-20.32.55:496][490]LogModuleManager: Shutting down and abandoning module LocalizationDashboard (392)
[2017.05.01-20.32.55:496][490]LogModuleManager: Shutting down and abandoning module LocalizationService (391)
[2017.05.01-20.32.55:496][490]LogModuleManager: Shutting down and abandoning module HardwareTargeting (388)
[2017.05.01-20.32.55:496][490]LogModuleManager: Shutting down and abandoning module DeviceProfileEditor (386)
[2017.05.01-20.32.55:496][490]LogModuleManager: Shutting down and abandoning module UndoHistory (384)
[2017.05.01-20.32.55:496][490]LogModuleManager: Shutting down and abandoning module UserFeedback (382)
[2017.05.01-20.32.55:496][490]LogModuleManager: Shutting down and abandoning module XmlParser (380)
[2017.05.01-20.32.55:496][490]LogModuleManager: Shutting down and abandoning module Blutility (378)
[2017.05.01-20.32.55:496][490]LogModuleManager: Shutting down and abandoning module ProjectSettingsViewer (376)
[2017.05.01-20.32.55:496][490]LogModuleManager: Shutting down and abandoning module ProjectTargetPlatformEditor (375)
[2017.05.01-20.32.55:496][490]LogModuleManager: Shutting down and abandoning module EditorSettingsViewer (372)
[2017.05.01-20.32.55:496][490]LogModuleManager: Shutting down and abandoning module SettingsEditor (370)
[2017.05.01-20.32.55:496][490]LogModuleManager: Shutting down and abandoning module ProjectLauncher (368)
[2017.05.01-20.32.55:496][490]LogModuleManager: Shutting down and abandoning module SessionFrontend (366)
[2017.05.01-20.32.55:496][490]LogModuleManager: Shutting down and abandoning module ProfilerClient (364)
[2017.05.01-20.32.55:496][490]LogModuleManager: Shutting down and abandoning module DeviceManager (362)
[2017.05.01-20.32.55:496][490]LogModuleManager: Shutting down and abandoning module TargetDeviceServices (361)
[2017.05.01-20.32.55:540][490]LogModuleManager: Shutting down and abandoning module AutomationController (358)
[2017.05.01-20.32.55:540][490]LogModuleManager: Shutting down and abandoning module AutomationWindow (356)
[2017.05.01-20.32.55:540][490]LogModuleManager: Shutting down and abandoning module Layers (354)
[2017.05.01-20.32.55:540][490]LogModuleManager: Shutting down and abandoning module ComponentVisualizers (352)
[2017.05.01-20.32.55:540][490]LogModuleManager: Shutting down and abandoning module DetailCustomizations (350)
[2017.05.01-20.32.55:540][490]LogModuleManager: Shutting down and abandoning module PackagesDialog (348)
[2017.05.01-20.32.55:540][490]LogModuleManager: Shutting down and abandoning module Persona (346)
[2017.05.01-20.32.55:540][490]LogModuleManager: Shutting down and abandoning module AnimGraph (345)
[2017.05.01-20.32.55:540][490]LogModuleManager: Shutting down and abandoning module Kismet (342)
[2017.05.01-20.32.55:544][490]LogModuleManager: Shutting down and abandoning module GraphEditor (340)
[2017.05.01-20.32.55:544][490]LogModuleManager: Shutting down and abandoning module ClassViewer (338)
[2017.05.01-20.32.55:544][490]LogModuleManager: Shutting down and abandoning module Toolbox (336)
[2017.05.01-20.32.55:545][490]LogModuleManager: Shutting down and abandoning module ModuleUI (334)
[2017.05.01-20.32.55:545][490]LogModuleManager: Shutting down and abandoning module MovieSceneTools (332)
[2017.05.01-20.32.55:545][490]LogModuleManager: Shutting down and abandoning module OutputLog (330)
[2017.05.01-20.32.55:545][490]LogModuleManager: Shutting down and abandoning module GammaUI (328)
[2017.05.01-20.32.55:545][490]LogModuleManager: Shutting down and abandoning module Documentation (326)
[2017.05.01-20.32.55:545][490]LogModuleManager: Shutting down and abandoning module Niagara (324)
[2017.05.01-20.32.55:545][490]LogModuleManager: Shutting down and abandoning module StreamingPauseRendering (322)
[2017.05.01-20.32.55:545][490]LogModuleManager: Shutting down and abandoning module AnalyticsET (320)
[2017.05.01-20.32.55:545][490]LogModuleManager: Shutting down and abandoning module PortalServices (318)
[2017.05.01-20.32.55:545][490]LogModuleManager: Shutting down and abandoning module PortalRpc (316)
[2017.05.01-20.32.55:545][490]LogModuleManager: Shutting down and abandoning module MessagingRpc (314)
[2017.05.01-20.32.55:545][490]LogModuleManager: Shutting down and abandoning module AIModule (312)
[2017.05.01-20.32.55:545][490]LogModuleManager: Shutting down and abandoning module GameplayDebugger (311)
[2017.05.01-20.32.55:545][490]LogModuleManager: Shutting down and abandoning module AITestSuite (309)
[2017.05.01-20.32.55:545][490]LogModuleManager: Shutting down and abandoning module ProfilerService (306)
[2017.05.01-20.32.55:581][490]LogModuleManager: Shutting down and abandoning module TaskGraph (304)
[2017.05.01-20.32.55:581][490]LogModuleManager: Shutting down and abandoning module SteamVRController (302)
[2017.05.01-20.32.55:581][490]LogModuleManager: Shutting down and abandoning module SteamVR (300)
[2017.05.01-20.32.55:581][490]LogModuleManager: Shutting down and abandoning module ProceduralMeshComponentEditor (298)
[2017.05.01-20.32.55:581][490]LogModuleManager: Shutting down and abandoning module ProceduralMeshComponent (296)
[2017.05.01-20.32.55:581][490]LogModuleManager: Shutting down and abandoning module OculusLibrary (294)
[2017.05.01-20.32.55:581][490]LogModuleManager: Shutting down and abandoning module OculusInput (292)
[2017.05.01-20.32.55:582][490]LogModuleManager: Shutting down and abandoning module MobilePatchingUtils (290)
[2017.05.01-20.32.55:582][490]LogModuleManager: Shutting down and abandoning module CustomMeshComponent (288)
[2017.05.01-20.32.55:582][490]LogModuleManager: Shutting down and abandoning module CableComponent (286)
[2017.05.01-20.32.55:582][490]LogModuleManager: Shutting down and abandoning module ArchVisCharacter (284)
[2017.05.01-20.32.55:582][490]LogModuleManager: Shutting down and abandoning module MediaPlayerEditor (280)
[2017.05.01-20.32.55:582][490]LogModuleManager: Shutting down and abandoning module HTML5Networking (278)
[2017.05.01-20.32.55:582][490]LogModuleManager: Shutting down and abandoning module AlembicImporter (276)
[2017.05.01-20.32.55:582][490]LogModuleManager: Shutting down and abandoning module AlembicLibrary (275)
[2017.05.01-20.32.55:582][490]LogModuleManager: Shutting down and abandoning module GeometryCache (274)
[2017.05.01-20.32.55:582][490]LogModuleManager: Shutting down and abandoning module GeometryCacheEd (273)
[2017.05.01-20.32.55:582][490]LogModuleManager: Shutting down and abandoning module SuperSearchEditor (268)
[2017.05.01-20.32.55:582][490]LogModuleManager: Shutting down and abandoning module SuperSearch (267)
[2017.05.01-20.32.55:582][490]LogModuleManager: Shutting down and abandoning module SpeedTreeImporter (264)
[2017.05.01-20.32.55:582][490]LogModuleManager: Shutting down and abandoning module PluginBrowser (262)
[2017.05.01-20.32.55:582][490]LogModuleManager: Shutting down and abandoning module MobileLauncherProfileWizard (260)
[2017.05.01-20.32.55:582][490]LogModuleManager: Shutting down and abandoning module EpicSurvey (258)
[2017.05.01-20.32.55:582][490]LogModuleManager: Shutting down and abandoning module VisualStudioSourceCodeAccess (256)
[2017.05.01-20.32.55:582][490]LogModuleManager: Shutting down and abandoning module DesktopPlatform (255)
[2017.05.01-20.32.55:582][490]LogModuleManager: Shutting down and abandoning module UObjectPlugin (252)
[2017.05.01-20.32.55:582][490]LogModuleManager: Shutting down and abandoning module SubversionSourceControl (250)
[2017.05.01-20.32.55:582][490]LogModuleManager: Shutting down and abandoning module PerforceSourceControl (248)
[2017.05.01-20.32.55:582][490]LogModuleManager: Shutting down and abandoning module GitSourceControl (246)
[2017.05.01-20.32.55:582][490]LogModuleManager: Shutting down and abandoning module SourceControl (245)
[2017.05.01-20.32.55:582][490]LogModuleManager: Shutting down and abandoning module LightPropagationVolumeEditor (242)
[2017.05.01-20.32.55:582][490]LogModuleManager: Shutting down and abandoning module PaperTiledImporter (240)
[2017.05.01-20.32.55:582][490]LogModuleManager: Shutting down and abandoning module PaperSpriteSheetImporter (238)
[2017.05.01-20.32.55:582][490]LogModuleManager: Shutting down and abandoning module Paper2DEditor (236)
[2017.05.01-20.32.55:582][490]LogModuleManager: Shutting down and abandoning module MeshPaint (235)
[2017.05.01-20.32.55:582][490]LogModuleManager: Shutting down and abandoning module LevelEditor (233)
[2017.05.01-20.32.55:583][490]LogModuleManager: Shutting down and abandoning module PixelInspectorModule (232)
[2017.05.01-20.32.55:583][490]LogModuleManager: Shutting down and abandoning module MainFrame (230)
[2017.05.01-20.32.55:583][490]LogModuleManager: Shutting down and abandoning module HotReload (229)
[2017.05.01-20.32.55:584][490]LogModuleManager: Shutting down and abandoning module ContentBrowser (225)
[2017.05.01-20.32.55:585][490]LogModuleManager: Shutting down and abandoning module PhysXVehiclesEditor (222)
[2017.05.01-20.32.55:585][490]LogModuleManager: Shutting down and abandoning module PhysXVehicles (220)
[2017.05.01-20.32.55:585][490]LogModuleManager: Shutting down and abandoning module LocationServicesBPLibrary (218)
[2017.05.01-20.32.55:585][490]LogModuleManager: Shutting down and abandoning module UdpMessaging (216)
[2017.05.01-20.32.55:686][490]LogModuleManager: Shutting down and abandoning module TcpMessaging (214)
[2017.05.01-20.32.55:788][490]LogModuleManager: Shutting down and abandoning module GameplayTagsEditor (212)
[2017.05.01-20.32.55:788][490]LogModuleManager: Shutting down and abandoning module FacialAnimationEditor (210)
[2017.05.01-20.32.55:788][490]LogModuleManager: Shutting down and abandoning module FacialAnimation (208)
[2017.05.01-20.32.55:788][490]LogModuleManager: Shutting down and abandoning module LightPropagationVolumeRuntime (206)
[2017.05.01-20.32.55:788][490]LogModuleManager: Shutting down and abandoning module Paper2D (204)
[2017.05.01-20.32.55:788][490]LogModuleManager: Shutting down and abandoning module WindowsMoviePlayer (202)
[2017.05.01-20.32.55:788][490]LogModuleManager: Shutting down and abandoning module WmfMedia (200)
[2017.05.01-20.32.55:788][490]LogModuleManager: Shutting down and abandoning module MfMedia (198)
[2017.05.01-20.32.55:788][490]LogModuleManager: Shutting down and abandoning module MediaAssets (196)
[2017.05.01-20.32.55:788][490]LogModuleManager: Shutting down and abandoning module GameLiveStreaming (194)
[2017.05.01-20.32.55:788][490]LogModuleManager: Shutting down and abandoning module VREditor (192)
[2017.05.01-20.32.55:788][490]LogModuleManager: Shutting down and abandoning module GameplayTasksEditor (190)
[2017.05.01-20.32.55:788][490]LogModuleManager: Shutting down and abandoning module BehaviorTreeEditor (188)
[2017.05.01-20.32.55:788][490]LogModuleManager: Shutting down and abandoning module FunctionalTesting (186)
[2017.05.01-20.32.55:788][490]LogModuleManager: Shutting down and abandoning module CollisionAnalyzer (184)
[2017.05.01-20.32.55:788][490]LogModuleManager: Shutting down and abandoning module UMG (182)
[2017.05.01-20.32.55:788][490]LogModuleManager: Shutting down and abandoning module UMGEditor (181)
[2017.05.01-20.32.55:788][490]LogModuleManager: Shutting down and abandoning module Sequencer (180)
[2017.05.01-20.32.55:788][490]LogModuleManager: Shutting down and abandoning module AssetTools (178)
[2017.05.01-20.32.55:788][490]LogModuleManager: Shutting down and abandoning module MessageLog (177)
[2017.05.01-20.32.55:788][490]LogModuleManager: Shutting down and abandoning module WorkspaceMenuStructure (176)
[2017.05.01-20.32.55:788][490]LogModuleManager: Shutting down and abandoning module SlateReflector (170)
[2017.05.01-20.32.55:788][490]LogModuleManager: Shutting down and abandoning module Slate (168)
[2017.05.01-20.32.55:788][490]LogModuleManager: Shutting down and abandoning module EditorStyle (166)
[2017.05.01-20.32.55:791][490]LogModuleManager: Shutting down and abandoning module SourceCodeAccess (164)
[2017.05.01-20.32.55:791][490]LogModuleManager: Shutting down and abandoning module HeadMountedDisplay (162)
[2017.05.01-20.32.55:791][490]LogModuleManager: Shutting down and abandoning module XAudio2 (160)
[2017.05.01-20.32.55:791][490]LogModuleManager: Shutting down and abandoning module Networking (158)
[2017.05.01-20.32.55:791][490]LogModuleManager: Shutting down and abandoning module Core (154)
[2017.05.01-20.32.55:791][490]LogModuleManager: Shutting down and abandoning module AssetRegistry (152)
[2017.05.01-20.32.55:873][490]LogDirectoryWatcher: A directory notification for '../../../Engine/Content/' was aborted.
[2017.05.01-20.32.55:873][490]LogDirectoryWatcher: A directory notification for '../../../../../../LastBulletVR/LastBullet/Content/' was aborted.
[2017.05.01-20.32.55:873][490]LogDirectoryWatcher: A directory notification for '../../../Engine/Plugins/2D/Paper2D/Content/' was aborted.
[2017.05.01-20.32.55:874][490]LogModuleManager: Shutting down and abandoning module DirectoryWatcher (151)
[2017.05.01-20.32.55:875][490]LogModuleManager: Shutting down and abandoning module KismetCompiler (148)
[2017.05.01-20.32.55:876][490]LogModuleManager: Shutting down and abandoning module PhysXFormats (146)
[2017.05.01-20.32.55:876][490]LogModuleManager: Shutting down and abandoning module MeshUtilities (144)
[2017.05.01-20.32.55:876][490]LogModuleManager: Shutting down and abandoning module SimplygonSwarm (143)
[2017.05.01-20.32.55:876][490]LogModuleManager: Shutting down and abandoning module SimplygonMeshReduction (141)
[2017.05.01-20.32.55:876][490]LogModuleManager: Shutting down and abandoning module QuadricMeshReduction (139)
[2017.05.01-20.32.55:876][490]LogModuleManager: Shutting down and abandoning module PropertyEditor (137)
[2017.05.01-20.32.55:877][490]LogModuleManager: Shutting down and abandoning module DerivedDataCache (134)
[2017.05.01-20.32.55:932][490]LogDerivedDataCache: Shutdown
[2017.05.01-20.32.55:932][490]LogModuleManager: Shutting down and abandoning module TargetPlatform (132)
[2017.05.01-20.32.55:932][490]LogModuleManager: Shutting down and abandoning module VulkanShaderFormat (131)
[2017.05.01-20.32.55:932][490]LogModuleManager: Shutting down and abandoning module ShaderFormatOpenGL (129)
[2017.05.01-20.32.55:932][490]LogModuleManager: Shutting down and abandoning module ShaderFormatD3D (127)
[2017.05.01-20.32.55:932][490]LogModuleManager: Shutting down and abandoning module MetalShaderFormat (125)
[2017.05.01-20.32.55:932][490]LogModuleManager: Shutting down and abandoning module TextureFormatUncompressed (123)
[2017.05.01-20.32.55:932][490]LogModuleManager: Shutting down and abandoning module TextureFormatPVR (121)
[2017.05.01-20.32.55:932][490]LogModuleManager: Shutting down and abandoning module TextureFormatDXT (119)
[2017.05.01-20.32.55:932][490]LogModuleManager: Shutting down and abandoning module TextureFormatIntelISPCTexComp (117)
[2017.05.01-20.32.55:932][490]LogModuleManager: Shutting down and abandoning module TextureFormatASTC (115)
[2017.05.01-20.32.55:932][490]LogModuleManager: Shutting down and abandoning module ImageWrapper (114)
[2017.05.01-20.32.55:932][490]LogModuleManager: Shutting down and abandoning module TextureFormatAndroid (111)
[2017.05.01-20.32.55:932][490]LogModuleManager: Shutting down and abandoning module AudioFormatOpus (109)
[2017.05.01-20.32.55:932][490]LogModuleManager: Shutting down and abandoning module AudioFormatOgg (107)
[2017.05.01-20.32.55:932][490]LogModuleManager: Shutting down and abandoning module AudioFormatADPCM (105)
[2017.05.01-20.32.55:932][490]LogModuleManager: Shutting down and abandoning module LinuxTargetPlatform (103)
[2017.05.01-20.32.55:932][490]LogModuleManager: Shutting down and abandoning module LinuxServerTargetPlatform (101)
[2017.05.01-20.32.55:932][490]LogModuleManager: Shutting down and abandoning module LinuxNoEditorTargetPlatform (99)
[2017.05.01-20.32.55:932][490]LogModuleManager: Shutting down and abandoning module LinuxClientTargetPlatform (97)
[2017.05.01-20.32.55:932][490]LogModuleManager: Shutting down and abandoning module TVOSTargetPlatform (95)
[2017.05.01-20.32.55:932][490]LogModuleManager: Shutting down and abandoning module Messaging (93)
[2017.05.01-20.32.55:932][490]LogModuleManager: Shutting down and abandoning module IOSTargetPlatform (91)
[2017.05.01-20.32.55:932][490]LogModuleManager: Shutting down and abandoning module HTML5TargetPlatform (89)
[2017.05.01-20.32.55:932][490]LogModuleManager: Shutting down and abandoning module Android_PVRTCTargetPlatform (87)
[2017.05.01-20.32.55:932][490]LogModuleManager: Shutting down and abandoning module Android_MultiTargetPlatform (85)
[2017.05.01-20.32.55:932][490]LogModuleManager: Shutting down and abandoning module Android_ETC2TargetPlatform (83)
[2017.05.01-20.32.55:932][490]LogModuleManager: Shutting down and abandoning module Android_ETC1TargetPlatform (81)
[2017.05.01-20.32.55:932][490]LogModuleManager: Shutting down and abandoning module Android_DXTTargetPlatform (79)
[2017.05.01-20.32.55:932][490]LogModuleManager: Shutting down and abandoning module Android_ATCTargetPlatform (77)
[2017.05.01-20.32.55:932][490]LogModuleManager: Shutting down and abandoning module Android_ASTCTargetPlatform (75)
[2017.05.01-20.32.55:932][490]LogModuleManager: Shutting down and abandoning module AndroidTargetPlatform (73)
[2017.05.01-20.32.55:932][490]LogModuleManager: Shutting down and abandoning module WindowsTargetPlatform (71)
[2017.05.01-20.32.55:932][490]LogModuleManager: Shutting down and abandoning module WindowsServerTargetPlatform (69)
[2017.05.01-20.32.55:932][490]LogModuleManager: Shutting down and abandoning module WindowsNoEditorTargetPlatform (67)
[2017.05.01-20.32.55:933][490]LogModuleManager: Shutting down and abandoning module WindowsClientTargetPlatform (65)
[2017.05.01-20.32.55:933][490]LogModuleManager: Shutting down and abandoning module MacTargetPlatform (63)
[2017.05.01-20.32.55:933][490]LogModuleManager: Shutting down and abandoning module MacServerTargetPlatform (61)
[2017.05.01-20.32.55:933][490]LogModuleManager: Shutting down and abandoning module MacNoEditorTargetPlatform (59)
[2017.05.01-20.32.55:933][490]LogModuleManager: Shutting down and abandoning module MacClientTargetPlatform (57)
[2017.05.01-20.32.55:933][490]LogModuleManager: Shutting down and abandoning module AllDesktopTargetPlatform (55)
[2017.05.01-20.32.55:933][490]LogModuleManager: Shutting down and abandoning module InputCore (52)
[2017.05.01-20.32.55:933][490]LogModuleManager: Shutting down and abandoning module Settings (50)
[2017.05.01-20.32.55:933][490]LogModuleManager: Shutting down and abandoning module OculusRift (48)
[2017.05.01-20.32.55:933][490]LogHMD: Oculus shutdown.
[2017.05.01-20.32.55:933][490]LogModuleManager: Shutting down and abandoning module GearVR (46)
[2017.05.01-20.32.55:933][490]LogModuleManager: Shutting down and abandoning module ExampleDeviceProfileSelector (44)
[2017.05.01-20.32.55:933][490]LogModuleManager: Shutting down and abandoning module OnlineBlueprintSupport (42)
[2017.05.01-20.32.55:933][490]LogModuleManager: Shutting down and abandoning module OnlineSubsystem (38)
[2017.05.01-20.32.55:933][490]LogOnline:Display: Unloading online subsystem: NULL
[2017.05.01-20.32.55:933][490]LogModuleManager: Shutting down and abandoning module XMPP (37)
[2017.05.01-20.32.55:933][490]LogModuleManager: Shutting down and abandoning module HTTP (35)
[2017.05.01-20.32.55:933][490]LogHttp:Display: Http module shutting down, but needs to wait on 1 outstanding Http requests:
[2017.05.01-20.32.55:933][490]LogHttp:Display: 	verb=[POST] url=[https://datarouter.ol.epicgames.com/datarouter/api/v1/public/data?SessionID=%7BEB963492-431E-D0A7-5494-EEA9A001FF1C%7D&AppID=UEEditor.Rocket.Release&AppVersion=4.15.1-3348071%2B%2B%2BUE4%2BRelease-4.15&UserID=f39911084e6eee547528b980920f5896%7Cd1dffcc0c00b4945b72a2d714bf43321%7C26cf8f1e-746a-4f9a-9e59-db695ff3efd3&AppEnvironment=datacollector-binary&UploadType=eteventstream] status=Processing
[2017.05.01-20.32.55:957][490]LogModuleManager: Shutting down and abandoning module SSL (34)
[2017.05.01-20.32.55:958][490]LogModuleManager: Shutting down and abandoning module AudioEditor (30)
[2017.05.01-20.32.55:958][490]LogModuleManager: Shutting down and abandoning module TextureCompressor (28)
[2017.05.01-20.32.55:958][490]LogModuleManager: Shutting down and abandoning module ShaderCore (26)
[2017.05.01-20.32.55:958][490]LogModuleManager: Shutting down and abandoning module Landscape (24)
[2017.05.01-20.32.55:958][490]LogModuleManager: Shutting down and abandoning module SlateRHIRenderer (22)
[2017.05.01-20.32.55:959][490]LogModuleManager: Shutting down and abandoning module OpenGLDrv (20)
[2017.05.01-20.32.55:959][490]LogModuleManager: Shutting down and abandoning module D3D11RHI (18)
[2017.05.01-20.32.55:959][490]LogModuleManager: Shutting down and abandoning module AnimGraphRuntime (16)
[2017.05.01-20.32.55:959][490]LogModuleManager: Shutting down and abandoning module Renderer (14)
[2017.05.01-20.32.55:959][490]LogModuleManager: Shutting down and abandoning module Engine (12)
[2017.05.01-20.32.55:959][490]LogModuleManager: Shutting down and abandoning module CoreUObject (10)
[2017.05.01-20.32.55:959][490]LogModuleManager: Shutting down and abandoning module NetworkFile (8)
[2017.05.01-20.32.55:959][490]LogModuleManager: Shutting down and abandoning module StreamingFile (6)
[2017.05.01-20.32.55:959][490]LogModuleManager: Shutting down and abandoning module SandboxFile (4)
[2017.05.01-20.32.55:959][490]LogModuleManager: Shutting down and abandoning module PakFile (2)
[2017.05.01-20.32.55:961][490]LogExit: Exiting.
[2017.05.01-20.32.55:963][490]Log file closed, 05/01/17 22:32:55
