Log file open, 04/26/17 21:15:20
LogInit:Display: Running engine for game: LastBullet
LogPlatformFile: Not using cached read wrapper
LogInit:Display: RandInit(-1136170102) SRandInit(-1136170102).
LogTaskGraph: Started task graph with 5 named threads and 8 total threads with 1 sets of task threads.
LogStats: Stats thread started at 0.084105
LogInit: Using libcurl 7.47.1
LogInit:  - built for x86_64-pc-win32
LogInit:  - supports SSL with OpenSSL/1.0.2g
LogInit:  - supports HTTP deflate (compression) using libz 1.2.8
LogInit:  - other features:
LogInit:      CURL_VERSION_SSL
LogInit:      CURL_VERSION_LIBZ
LogInit:      CURL_VERSION_IPV6
LogInit:      CURL_VERSION_ASYNCHDNS
LogInit:      CURL_VERSION_LARGEFILE
LogInit:      CURL_VERSION_IDN
LogInit:  CurlRequestOptions (configurable via config and command line):
LogInit:  - bVerifyPeer = false  - Libcurl will NOT verify peer certificate
LogInit:  - bUseHttpProxy = false  - Libcurl will NOT use HTTP proxy
LogInit:  - bDontReuseConnections = false  - Libcurl will reuse connections
LogInit:  - CertBundlePath = nullptr  - Libcurl will use whatever was configured at build time.
LogInit: Build: ++UE4+Release-4.15-CL-3348071
LogInit: Engine Version: 4.15.1-3348071+++UE4+Release-4.15
LogInit: Compatible Engine Version: 4.15.0-3299760+++UE4+Release-4.15
LogInit: Net CL: 3299760
LogDevObjectVersion: Number of dev versions registered: 14
LogDevObjectVersion:   Dev-Blueprints (B0D832E4-1F89-4F0D-ACCF-7EB736FD4AA2): 8
LogDevObjectVersion:   Dev-Build (E1C64328-A22C-4D53-A36C-8E866417BD8C): 0
LogDevObjectVersion:   Dev-Core (375EC13C-06E4-48FB-B500-84F0262A717E): 2
LogDevObjectVersion:   Dev-Editor (E4B068ED-F494-42E9-A231-DA0B2E46BB41): 14
LogDevObjectVersion:   Dev-Framework (CFFC743F-43B0-4480-9391-14DF171D2073): 22
LogDevObjectVersion:   Dev-Mobile (B02B49B5-BB20-44E9-A304-32B752E40360): 0
LogDevObjectVersion:   Dev-Networking (A4E4105C-59A1-49B5-A7C5-40C4547EDFEE): 0
LogDevObjectVersion:   Dev-Online (39C831C9-5AE6-47DC-9A44-9C173E1C8E7C): 0
LogDevObjectVersion:   Dev-Physics (78F01B33-EBEA-4F98-B9B4-84EACCB95AA2): 0
LogDevObjectVersion:   Dev-Platform (6631380F-2D4D-43E0-8009-CF276956A95A): 0
LogDevObjectVersion:   Dev-Rendering (12F88B9F-8875-4AFC-A67C-D90C383ABD29): 12
LogDevObjectVersion:   Dev-Sequencer (7B5AE74C-D270-4C10-A958-57980B212A5A): 3
LogDevObjectVersion:   Dev-VR (D7296918-1DD6-4BDD-9DE2-64A83CC13884): 0
LogDevObjectVersion:   Dev-LoadTimes (C2A15278-BFE7-4AFE-6C17-90FF531DF755): 1
LogInit: Compiled (64-bit): Mar 15 2017 16:52:47
LogInit: Compiled with Visual C++: 19.00.23026.00
LogInit: Build Configuration: Development
LogInit: Branch Name: ++UE4+Release-4.15
LogInit: Command line: -EpicPortal 
LogInit: Base directory: C:/Program Files/Epic Games/UE_4.15/Engine/Binaries/Win64/
LogInit: Installed Engine Build: 1
LogInit: Presizing for max 8388607 objects, including 0 objects not considered by GC, pre-allocating 0 bytes for permanent pool.
LogInit: Object subsystem initialized
[2017.04.26-19.15.21:809][  0]LogInit: Selected Device Profile: [Windows]
[2017.04.26-19.15.21:809][  0]LogInit: Applying CVar settings loaded from the selected device profile: [Windows]
[2017.04.26-19.15.21:823][  0]LogInit: Computer: DESKTOP-Q2F06UF
[2017.04.26-19.15.21:823][  0]LogInit: User: jose
[2017.04.26-19.15.21:823][  0]LogInit: CPU Page size=65536, Cores=4
[2017.04.26-19.15.21:823][  0]LogInit: High frequency timer resolution =2.531250 MHz
[2017.04.26-19.15.21:823][  0]LogMemory: Memory total: Physical=7.9GB (8GB approx)
[2017.04.26-19.15.21:823][  0]LogMemory: Platform Memory Stats for Windows
[2017.04.26-19.15.21:823][  0]LogMemory: Process Physical Memory: 263.18 MB used, 263.18 MB peak
[2017.04.26-19.15.21:823][  0]LogMemory: Process Virtual Memory: 262.64 MB used, 262.64 MB peak
[2017.04.26-19.15.21:823][  0]LogMemory: Physical Memory: 4587.52 MB used,  3481.00 MB free, 8068.52 MB total
[2017.04.26-19.15.21:823][  0]LogMemory: Virtual Memory: 645.23 MB used,  3481.00 MB free, 134217728.00 MB total
[2017.04.26-19.15.21:904][  0]LogInit: Overriding culture en with editor configuration.
[2017.04.26-19.15.22:576][  0]LogD3D11RHI: D3D11 adapters:
[2017.04.26-19.15.23:194][  0]LogD3D11RHI:    0. 'NVIDIA GeForce GTX 960M' (Feature Level 11_0)
[2017.04.26-19.15.23:194][  0]LogD3D11RHI:       2018/0/4034 MB DedicatedVideo/DedicatedSystem/SharedSystem, Outputs:1, VendorId:0x10de
[2017.04.26-19.15.23:205][  0]LogD3D11RHI:    1. 'Intel(R) HD Graphics 530' (Feature Level 11_0)
[2017.04.26-19.15.23:205][  0]LogD3D11RHI:       128/0/4034 MB DedicatedVideo/DedicatedSystem/SharedSystem, Outputs:0, VendorId:0x8086
[2017.04.26-19.15.23:206][  0]LogD3D11RHI:    2. 'Microsoft Basic Render Driver' (Feature Level 11_0)
[2017.04.26-19.15.23:206][  0]LogD3D11RHI:       0/0/4034 MB DedicatedVideo/DedicatedSystem/SharedSystem, Outputs:0, VendorId:0x1414
[2017.04.26-19.15.23:206][  0]LogD3D11RHI: Chosen D3D11 Adapter: 0
[2017.04.26-19.15.23:210][  0]LogD3D11RHI: Creating new Direct3DDevice
[2017.04.26-19.15.23:210][  0]LogD3D11RHI:     GPU DeviceId: 0x139b (for the marketing name, search the web for "GPU Device Id")
[2017.04.26-19.15.23:210][  0]LogWindows: EnumDisplayDevices:
[2017.04.26-19.15.23:210][  0]LogWindows:    0. 'Intel(R) HD Graphics 530' (P:1 D:1)
[2017.04.26-19.15.23:210][  0]LogWindows:    1. 'Intel(R) HD Graphics 530' (P:0 D:0)
[2017.04.26-19.15.23:210][  0]LogWindows:    2. 'Intel(R) HD Graphics 530' (P:0 D:0)
[2017.04.26-19.15.23:211][  0]LogWindows:    3. 'Intel(R) HD Graphics 530' (P:0 D:0)
[2017.04.26-19.15.23:212][  0]LogWindows:    4. 'Intel(R) HD Graphics 530' (P:0 D:0)
[2017.04.26-19.15.23:212][  0]LogWindows:    5. 'Intel(R) HD Graphics 530' (P:0 D:0)
[2017.04.26-19.15.23:212][  0]LogWindows:    6. 'Intel(R) HD Graphics 530' (P:0 D:0)
[2017.04.26-19.15.23:212][  0]LogWindows:    7. 'Intel(R) HD Graphics 530' (P:0 D:0)
[2017.04.26-19.15.23:213][  0]LogWindows:    8. 'Intel(R) HD Graphics 530' (P:0 D:0)
[2017.04.26-19.15.23:213][  0]LogWindows: DebugString: PrimaryIsNotTheChoosenAdapter PrimaryIsNotTheChoosenAdapter PrimaryIsNotTheChoosenAdapter PrimaryIsNotTheChoosenAdapter PrimaryIsNotTheChoosenAdapter PrimaryIsNotTheChoosenAdapter PrimaryIsNotTheChoosenAdapter PrimaryIsNotTheChoosenAdapter PrimaryIsNotTheChoosenAdapter FoundDriverCount:0 
[2017.04.26-19.15.23:213][  0]LogD3D11RHI:     Adapter Name: NVIDIA GeForce GTX 960M
[2017.04.26-19.15.23:213][  0]LogD3D11RHI:   Driver Version: Unknown (internal:Unknown, unified:Unknown)
[2017.04.26-19.15.23:213][  0]LogD3D11RHI:      Driver Date: Unknown
[2017.04.26-19.15.23:213][  0]LogRHI: Texture pool is 1361 MB (70% of 1945 MB)
[2017.04.26-19.15.23:764][  0]LogD3D11RHI: Async texture creation enabled
[2017.04.26-19.15.23:822][  0]LogD3D11RHI: GPU Timing Frequency: 1000.000000 (Debug: 2 1)
[2017.04.26-19.15.23:824][  0]LogShaderCompilers: Guid format shader working directory is -24 characters bigger than the processId version (../../../../../../Users/jose_/Documents/GitHub/LastBulletVR/LastBullet/Intermediate/Shaders/WorkingDirectory/8896/).
[2017.04.26-19.15.23:824][  0]LogShaderCompilers: Cleaned the shader compiler working directory 'C:/Users/jose_/AppData/Local/Temp/UnrealShaderWorkingDir/43E1AE784A8C318D18CFAD8454499AF4/'.
[2017.04.26-19.15.23:824][  0]LogShaderCompilers:Display: Using Local Shader Compiler.
[2017.04.26-19.15.25:038][  0]LogTemp:Display: Loaded TP AllDesktopTargetPlatform
[2017.04.26-19.15.25:104][  0]LogTemp:Display: Loaded TP MacClientTargetPlatform
[2017.04.26-19.15.25:169][  0]LogTemp:Display: Loaded TP MacNoEditorTargetPlatform
[2017.04.26-19.15.25:233][  0]LogTemp:Display: Loaded TP MacServerTargetPlatform
[2017.04.26-19.15.25:298][  0]LogTemp:Display: Loaded TP MacTargetPlatform
[2017.04.26-19.15.25:362][  0]LogTemp:Display: Loaded TP WindowsClientTargetPlatform
[2017.04.26-19.15.25:427][  0]LogTemp:Display: Loaded TP WindowsNoEditorTargetPlatform
[2017.04.26-19.15.25:491][  0]LogTemp:Display: Loaded TP WindowsServerTargetPlatform
[2017.04.26-19.15.25:544][  0]LogTemp:Display: Loaded TP WindowsTargetPlatform
[2017.04.26-19.15.25:607][  0]LogTemp:Display: Loaded TP AndroidTargetPlatform
[2017.04.26-19.15.25:670][  0]LogTemp:Display: Loaded TP Android_ASTCTargetPlatform
[2017.04.26-19.15.25:733][  0]LogTemp:Display: Loaded TP Android_ATCTargetPlatform
[2017.04.26-19.15.25:796][  0]LogTemp:Display: Loaded TP Android_DXTTargetPlatform
[2017.04.26-19.15.25:860][  0]LogTemp:Display: Loaded TP Android_ETC1TargetPlatform
[2017.04.26-19.15.25:923][  0]LogTemp:Display: Loaded TP Android_ETC2TargetPlatform
[2017.04.26-19.15.26:049][  0]LogTemp:Display: Loaded TP Android_MultiTargetPlatform
[2017.04.26-19.15.26:049][  0]LogTemp:Display: Loaded TP Android_PVRTCTargetPlatform
[2017.04.26-19.15.26:093][  0]LogTemp:Display: Loaded TP HTML5TargetPlatform
[2017.04.26-19.15.26:204][  0]LogTemp:Display: Loaded TP IOSTargetPlatform
[2017.04.26-19.15.26:246][  0]LogTemp:Display: Loaded TP TVOSTargetPlatform
[2017.04.26-19.15.26:309][  0]LogTemp:Display: Loaded TP LinuxClientTargetPlatform
[2017.04.26-19.15.26:372][  0]LogTemp:Display: Loaded TP LinuxNoEditorTargetPlatform
[2017.04.26-19.15.26:435][  0]LogTemp:Display: Loaded TP LinuxServerTargetPlatform
[2017.04.26-19.15.26:498][  0]LogTemp:Display: Loaded TP LinuxTargetPlatform
[2017.04.26-19.15.26:498][  0]LogTargetPlatformManager:Display: Building Assets For Windows
[2017.04.26-19.15.26:999][  0]LogDerivedDataCache:Display: Max Cache Size: 512 MB
[2017.04.26-19.15.27:062][  0]LogDerivedDataCache: Loaded boot cache 0.06s 50MB C:/Users/jose_/AppData/Local/UnrealEngine/4.15/DerivedDataCache/Boot.ddc.
[2017.04.26-19.15.27:062][  0]LogDerivedDataCache:Display: Loaded Boot cache: C:/Users/jose_/AppData/Local/UnrealEngine/4.15/DerivedDataCache/Boot.ddc
[2017.04.26-19.15.27:063][  0]LogDerivedDataCache: FDerivedDataBackendGraph:  Pak pak cache file ../../../../../../Users/jose_/Documents/GitHub/LastBulletVR/LastBullet/DerivedDataCache/DDC.ddp not found, will not use a pak cache.
[2017.04.26-19.15.27:063][  0]LogDerivedDataCache: Unable to find inner node Pak for hierarchical cache Hierarchy.
[2017.04.26-19.15.27:063][  0]LogDerivedDataCache: FDerivedDataBackendGraph:  CompressedPak pak cache file ../../../../../../Users/jose_/Documents/GitHub/LastBulletVR/LastBullet/DerivedDataCache/Compressed.ddp not found, will not use a pak cache.
[2017.04.26-19.15.27:063][  0]LogDerivedDataCache: Unable to find inner node CompressedPak for hierarchical cache Hierarchy.
[2017.04.26-19.15.27:086][  0]LogDerivedDataCache:Display: Pak cache opened for reading ../../../Engine/DerivedDataCache/Compressed.ddp.
[2017.04.26-19.15.27:097][  0]LogDerivedDataCache: Using Local data cache path C:/Users/jose_/AppData/Local/UnrealEngine/Common/DerivedDataCache: Writable
[2017.04.26-19.15.27:107][  0]LogSlate: Using Freetype 2.6.0
[2017.04.26-19.15.27:108][  0]LogSlate: SlateFontCache - WITH_FREETYPE: 1, WITH_HARFBUZZ: 1
[2017.04.26-19.15.27:108][  0]LogSlate: SlateFontCache - WITH_FREETYPE: 1, WITH_HARFBUZZ: 1
[2017.04.26-19.15.27:433][  0]LogInit: Selected Device Profile: [Windows]
[2017.04.26-19.15.27:436][  0]LogContentStreaming: Texture pool size is 0.00 MB
[2017.04.26-19.15.27:673][  0]LogMeshUtilities: Using QuadricMeshReduction for automatic static mesh reduction
[2017.04.26-19.15.27:723][  0]LogSimplygon: Simplygon DLL not present - disabling.
[2017.04.26-19.15.27:775][  0]LogMeshUtilities: Using SimplygonSwarm for distributed automatic mesh merging
[2017.04.26-19.15.27:775][  0]LogMeshUtilities: No automatic skeletal mesh reduction module available
[2017.04.26-19.15.27:775][  0]LogMeshUtilities: No automatic mesh merging module available
[2017.04.26-19.15.28:404][  0]LogNetVersion: GetLocalNetworkVersion: CL: 3299760, ProjectName: lastbullet, ProjectVersion: , EngineNetworkVersion: 2, GameNetworkVersion: 0, NetworkChecksum: 1522868599
[2017.04.26-19.15.28:454][  0]LogAssetRegistry: FAssetRegistry took 0.0217 seconds to start up
[2017.04.26-19.15.28:501][  0]LogPackageLocalizationCache: Processed 3 localized package path(s) for 1 prioritized culture(s) in 0.021055 seconds
[2017.04.26-19.15.28:507][  0]LogUObjectArray: 32493 objects as part of root set at end of initial load.
[2017.04.26-19.15.28:507][  0]LogUObjectAllocator: 7077032 out of 0 bytes used by permanent object pool.
[2017.04.26-19.15.28:507][  0]LogUObjectArray: CloseDisregardForGC: 0/0 objects in disregard for GC pool
[2017.04.26-19.15.28:579][  0]LogInit: WinSock: version 1.1 (2.2), MaxSocks=32767, MaxUdp=65467
[2017.04.26-19.15.30:374][  0]LogTcpMessaging: Initializing TcpMessaging bridge
[2017.04.26-19.15.30:418][  0]LogUdpMessaging: Initializing bridge on interface 0.0.0.0:0 to multicast group 230.0.0.1:6666.
[2017.04.26-19.15.30:922][  0]LogMaterial: Uniform references updated for custom material expression Custom.
[2017.04.26-19.15.31:352][  0]SourceControl: Info Source control is disabled
[2017.04.26-19.15.32:842][  0]LogEngine: Initializing Engine...
[2017.04.26-19.15.32:842][  0]LogHMD: Failed to initialize OpenVR with code 110
[2017.04.26-19.15.33:106][  0]LogAIModule: Creating AISystem for world Untitled
[2017.04.26-19.15.33:114][  0]LogInit: XAudio2 using 'Altavoces (Realtek High Definition Audio)' : 2 channels at 48 kHz using 32 bits per sample (channel mask 0x3)
[2017.04.26-19.15.33:204][  0]LogInit: FAudioDevice initialized.
[2017.04.26-19.15.33:235][  0]LogDerivedDataCache: Saved boot cache 0.03s 50MB C:/Users/jose_/AppData/Local/UnrealEngine/4.15/DerivedDataCache/Boot.ddc.
[2017.04.26-19.15.33:242][  0]LogInit: Texture streaming: Enabled
[2017.04.26-19.15.33:350][  0]LogEngineSessionManager: EngineSessionManager initialized
[2017.04.26-19.15.33:450][  0]LogInit: Transaction tracking system initialized
[2017.04.26-19.15.33:839][  0]BlueprintLog: New page: Editor Load
[2017.04.26-19.15.34:837][  0]LocalizationService: Info Localization service is disabled
[2017.04.26-19.15.35:591][  0]LogConsoleResponse:Display: 
[2017.04.26-19.15.35:736][  0]LogCook:Display: Max memory allowance for cook 16384mb min free memory 0mb
[2017.04.26-19.15.35:736][  0]LogCook:Display: Mobile HDR setting 1
[2017.04.26-19.15.36:115][  0]LogFileCache: Scanning file cache for directory 'C:/Users/jose_/Documents/GitHub/LastBulletVR/LastBullet/Content/' took 0.02s
[2017.04.26-19.15.36:897][  0]Cmd: MAP LOAD FILE="../../../../../../Users/jose_/Documents/GitHub/LastBulletVR/LastBullet/Content/StarterContent/Maps/Minimal_Default.umap" TEMPLATE=0 SHOWPROGRESS=1 FEATURELEVEL=3
[2017.04.26-19.15.36:897][  0]LightingResults: New page: Lighting Build
[2017.04.26-19.15.36:943][  0]MapCheck: New page: Map Check
[2017.04.26-19.15.36:943][  0]LightingResults: New page: Lighting Build
[2017.04.26-19.15.37:210][  0]LogBlueprint:Warning: [Compiler FirstPersonCharacter] Warning InputAction Event references unknown Action 'ResetVR' for  InputAction ResetVR
[2017.04.26-19.15.37:223][  0]LogBlueprint:Warning: [Compiler FirstPersonCharacter] Warning [0017.40] Compile of FirstPersonCharacter successful, but with 1 Warning(s) [in 25 ms] (/Game/FirstPersonBP/Blueprints/FirstPersonCharacter.FirstPersonCharacter)
[2017.04.26-19.15.37:224][  0]LogBlueprint:Warning: [Compiler FirstPersonCharacter] Warning [0017.40] Compile of FirstPersonCharacter successful, but with 2 Warning(s) [in 0 ms] (/Game/FirstPersonBP/Blueprints/FirstPersonCharacter.FirstPersonCharacter)
[2017.04.26-19.15.37:224][  0]LogBlueprint:Warning: [Compiler FirstPersonCharacter] Warning [0017.40] Compile of FirstPersonCharacter successful, but with 3 Warning(s) [in 0 ms] (/Game/FirstPersonBP/Blueprints/FirstPersonCharacter.FirstPersonCharacter)
[2017.04.26-19.15.37:253][  0]LogBlueprint:Warning: [Compiler FirstPersonCharacter] Warning InputAction Event references unknown Action 'ResetVR' for  InputAction ResetVR
[2017.04.26-19.15.37:267][  0]LogBlueprint:Warning: [Compiler FirstPersonCharacter] Warning [0017.45] Compile of FirstPersonCharacter successful, but with 1 Warning(s) [in 26 ms] (/Game/FirstPersonBP/Blueprints/FirstPersonCharacter.FirstPersonCharacter)
[2017.04.26-19.15.37:267][  0]LogBlueprint:Warning: [Compiler FirstPersonCharacter] Warning [0017.45] Compile of FirstPersonCharacter successful, but with 2 Warning(s) [in 0 ms] (/Game/FirstPersonBP/Blueprints/FirstPersonCharacter.FirstPersonCharacter)
[2017.04.26-19.15.37:268][  0]LogBlueprint:Warning: [Compiler FirstPersonCharacter] Warning [0017.45] Compile of FirstPersonCharacter successful, but with 3 Warning(s) [in 0 ms] (/Game/FirstPersonBP/Blueprints/FirstPersonCharacter.FirstPersonCharacter)
[2017.04.26-19.15.37:302][  0]LogLinker:Warning: Asset '../../../../../../Users/jose_/Documents/GitHub/LastBulletVR/LastBullet/Content/Blueprints/modul_transporttransport_16_Blueprint.uasset' has been saved with empty engine version. The asset will be loaded but may be incompatible.
[2017.04.26-19.15.37:326][  0]LogBlueprint:Warning: Node '/Game/Blueprints/modul_transporttransport_16_Blueprint.modul_transporttransport_16_Blueprint:EdGraph_0.K2Node_FunctionEntry_359' missing NodeGuid because of upgrade from old package version, this can cause deterministic cooking issues please resave package.
[2017.04.26-19.15.37:329][  0]LogBlueprint:Warning: Node '/Game/Blueprints/modul_transporttransport_16_Blueprint.modul_transporttransport_16_Blueprint:EdGraph_1.K2Node_FunctionEntry_359' missing NodeGuid because of upgrade from old package version, this can cause deterministic cooking issues please resave package.
[2017.04.26-19.15.37:332][  0]LogBlueprint:Warning: Node '/Game/Blueprints/modul_transporttransport_16_Blueprint.modul_transporttransport_16_Blueprint:EdGraph_2.K2Node_FunctionEntry_359' missing NodeGuid because of upgrade from old package version, this can cause deterministic cooking issues please resave package.
[2017.04.26-19.15.37:447][  0]LogLinker:Warning: Asset '../../../../../../Users/jose_/Documents/GitHub/LastBulletVR/LastBullet/Content/Meshes/Space/StarMap_Nebula_1_Mat.uasset' has been saved with empty engine version. The asset will be loaded but may be incompatible.
[2017.04.26-19.15.37:449][  0]LogLinker:Warning: Asset '../../../../../../Users/jose_/Documents/GitHub/LastBulletVR/LastBullet/Content/Meshes/Space/StarMap_Nebula_1.uasset' has been saved with empty engine version. The asset will be loaded but may be incompatible.
[2017.04.26-19.15.37:455][  0]LogLinker:Warning: Asset '../../../../../../Users/jose_/Documents/GitHub/LastBulletVR/LastBullet/Content/Meshes/Space/FX_Map_7.uasset' has been saved with empty engine version. The asset will be loaded but may be incompatible.
[2017.04.26-19.15.37:455][  0]LogLinker:Warning: Asset '../../../../../../Users/jose_/Documents/GitHub/LastBulletVR/LastBullet/Content/Meshes/Space/StarMap_1.uasset' has been saved with empty engine version. The asset will be loaded but may be incompatible.
[2017.04.26-19.15.37:813][  0]LogBlueprint:Warning: Node '/Game/Blueprints/modul_transporttransport_16_Blueprint.modul_transporttransport_16_Blueprint:UserConstructionScript.K2Node_FunctionEntry_359' missing NodeGuid because of upgrade from old package version, this can cause deterministic cooking issues please resave package.
[2017.04.26-19.15.38:198][  0]LogAIModule: Creating AISystem for world Minimal_Default
[2017.04.26-19.15.38:243][  0]LogEditorServer: Finished looking for orphan Actors (0.000 secs)
[2017.04.26-19.15.38:244][  0]Cmd: MAP CHECKDEP NOCLEARLOG
[2017.04.26-19.15.38:333][  0]MapCheck: Info Map check complete: 0 Error(s), 0 Warning(s), took 88.529ms to complete.
[2017.04.26-19.15.38:333][  0]LogFileHelpers: Loading map 'Minimal_Default' took 1.436
[2017.04.26-19.15.38:402][  0]LogWindowsTextInputMethodSystem:Display: IME system now deactivated.
[2017.04.26-19.15.38:402][  0]LogWindowsTextInputMethodSystem:Display: IME system now deactivated.
[2017.04.26-19.15.38:538][  0]LogCollectionManager: Loaded 0 collections in 0.001679 seconds
[2017.04.26-19.15.38:628][  0]LogFileCache: Scanning file cache for directory 'C:/Users/jose_/Documents/GitHub/LastBulletVR/LastBullet/Saved/Collections/' took 0.01s
[2017.04.26-19.15.38:628][  0]LogFileCache: Scanning file cache for directory 'C:/Users/jose_/Documents/GitHub/LastBulletVR/LastBullet/Content/Developers/jose/Collections/' took 0.01s
[2017.04.26-19.15.38:628][  0]LogFileCache: Scanning file cache for directory 'C:/Users/jose_/Documents/GitHub/LastBulletVR/LastBullet/Content/Collections/' took 0.01s
[2017.04.26-19.15.38:628][  0]LogCollectionManager: Rebuilt the GUID cache for 0 collections in 0.000002 seconds
[2017.04.26-19.15.38:638][  0]LogContentBrowser: Native class hierarchy populated in 0.0099 seconds. Added 2245 classes and 453 folders.
[2017.04.26-19.15.38:641][  0]LogStats: UGameplayTagsManager::ConstructGameplayTagTree: Construct from data asset -  0.000 s
[2017.04.26-19.15.38:642][  0]LogStats: UGameplayTagsManager::ConstructGameplayTagTree: GameplayTagTreeChangedEvent.Broadcast -  0.000 s
[2017.04.26-19.15.38:715][  0]LogContentBrowser: Native class hierarchy updated for 'WidgetCarousel' in 0.0005 seconds. Added 0 classes and 0 folders.
[2017.04.26-19.15.38:756][  0]LogContentBrowser: Native class hierarchy updated for 'AddContentDialog' in 0.0006 seconds. Added 0 classes and 0 folders.
[2017.04.26-19.15.38:806][  0]LogContentBrowser: Native class hierarchy updated for 'SceneOutliner' in 0.0006 seconds. Added 1 classes and 2 folders.
[2017.04.26-19.15.38:932][  0]LogCrashTracker: Crashtracker disabled due to settings.
[2017.04.26-19.15.38:939][  0]LogUObjectGlobals:Warning: Failed to find object 'Class None.'
[2017.04.26-19.15.39:013][  0]LogContentBrowser: Native class hierarchy updated for 'HierarchicalLODOutliner' in 0.0006 seconds. Added 1 classes and 2 folders.
[2017.04.26-19.15.39:013][  0]LogLoad: (Engine Initialization) Total time: 19.19 seconds
[2017.04.26-19.15.39:013][  0]LogLoad: (Engine Initialization) Total Blueprint compile time: 0.26 seconds
[2017.04.26-19.15.39:013][  0]LogExternalProfiler: Found external profiler: VSPerf
[2017.04.26-19.15.39:013][  0]LogExternalProfiler: Using external profiler: VSPerf
[2017.04.26-19.15.39:032][  0]LogOcInput: OculusInput pre-init called
[2017.04.26-19.15.39:054][  0]LogContentStreaming: Texture pool size now 1000 MB
[2017.04.26-19.15.39:056][  0]LogSlate: Took 0.000192 seconds to synchronously load lazily loaded font '../../../Engine/Content/Slate/Fonts/Roboto-Regular.ttf' (155K)
[2017.04.26-19.15.39:061][  0]LogSlate: Took 0.000655 seconds to synchronously load lazily loaded font '../../../Engine/Content/Slate/Fonts/Roboto-Bold.ttf' (160K)
[2017.04.26-19.15.39:067][  0]LogSlate: Took 0.000166 seconds to synchronously load lazily loaded font '../../../Engine/Content/Editor/Slate/Fonts/FontAwesome.ttf' (139K)
[2017.04.26-19.15.39:219][  0]LogSlate: Took 0.000259 seconds to synchronously load lazily loaded font '../../../Engine/Content/Slate/Fonts/Roboto-Light.ttf' (159K)
[2017.04.26-19.15.39:285][  0]LogRenderer: Reallocating scene render targets to support 1208x576 NumSamples 1 (Frame:2).
[2017.04.26-19.15.39:387][  2]LogAssetRegistry: Asset discovery search completed in 10.9551 seconds
[2017.04.26-19.15.39:387][  2]LogCollectionManager: Rebuilt the object cache for 0 collections in 0.000010 seconds (found 0 objects)
[2017.04.26-19.15.39:387][  2]LogCollectionManager: Fixed up redirectors for 0 collections in 0.000031 seconds (updated 0 objects)
[2017.04.26-19.15.40:121][ 35]LogSlate: Took 0.000205 seconds to synchronously load lazily loaded font '../../../Engine/Content/Slate/Fonts/Roboto-Light.ttf' (159K)
[2017.04.26-19.16.00:729][239]LogEditorViewport: Clicking on Actor (context menu): StaticMeshActor (scene_window_7)
[2017.04.26-19.16.01:853][294]LogEditorViewport: Clicking on Actor (LMB): StaticMeshActor (scene_Conector_5)
[2017.04.26-19.17.01:403][357]LogSlate: Took 0.000151 seconds to synchronously load lazily loaded font '../../../Engine/Content/Slate/Fonts/Roboto-Light.ttf' (159K)
[2017.04.26-19.17.10:374][646]LogContentBrowser: Native class hierarchy updated for 'BlueprintGraph' in 0.0010 seconds. Added 112 classes and 0 folders.
[2017.04.26-19.17.11:117][646]LogSlate: Took 0.000200 seconds to synchronously load lazily loaded font '../../../Engine/Content/Slate/Fonts/Roboto-Regular.ttf' (155K)
[2017.04.26-19.17.13:505][738]LogRenderer: Reallocating scene render targets to support 1208x712 NumSamples 1 (Frame:3937).
[2017.04.26-19.17.30:440][407]LogSlate: Took 0.006955 seconds to synchronously load lazily loaded font '../../../Engine/Content/Editor/Slate/Fonts/Roboto-BoldCondensedItalic.ttf' (160K)
[2017.04.26-19.17.37:918][741]LogSlate: Took 0.000365 seconds to synchronously load lazily loaded font '../../../Engine/Content/Editor/Slate/Fonts/Roboto-Italic.ttf' (157K)
[2017.04.26-19.17.42:060][927]Cmd: OBJ SAVEPACKAGE PACKAGE="/Game/FirstPersonBP/Maps/Weapon" FILE="../../../../../../Users/jose_/Documents/GitHub/LastBulletVR/LastBullet/Content/FirstPersonBP/Maps/Weapon.uasset" SILENT=true
[2017.04.26-19.17.42:076][927]LogSavePackage: Save=11.35ms
[2017.04.26-19.17.42:076][927]LogSavePackage: Moving '../../../../../../Users/jose_/Documents/GitHub/LastBulletVR/LastBullet/Saved/Weapon2F123B2A4F0BE2723E76D3AA8E9DDA0E.tmp' to '../../../../../../Users/jose_/Documents/GitHub/LastBulletVR/LastBullet/Content/FirstPersonBP/Maps/Weapon.uasset'
[2017.04.26-19.17.42:082][927]LogSavePackage:Display: Finished SavePackage ../../../../../../Users/jose_/Documents/GitHub/LastBulletVR/LastBullet/Content/FirstPersonBP/Maps/Weapon.uasset
[2017.04.26-19.17.59:510][289]LogObjectTools:Warning: ForceReplaceReferences replaced references for a transient object 'DEADCLASS_NewBlueprint_C_1' or package '/Engine/Transient'.
[2017.04.26-19.17.59:510][289]LogObjectTools:Warning: ForceReplaceReferences replaced references for a transient object 'DEADCLASS_NewBlueprint_C_0' or package '/Engine/Transient'.
[2017.04.26-19.17.59:510][289]LogObjectTools:Warning: ForceReplaceReferences replaced references for a transient object 'REINST_SKEL_NewBlueprint_C_72' or package '/Engine/Transient'.
[2017.04.26-19.17.59:510][289]LogObjectTools:Warning: ForceReplaceReferences replaced references for a transient object 'BlueprintComponentNodeSpawner_148' or package '/Engine/Transient'.
[2017.04.26-19.17.59:510][289]LogObjectTools:Warning: ForceReplaceReferences replaced references for a transient object 'REINST_NewBlueprint_C_71' or package '/Engine/Transient'.
[2017.04.26-19.18.34:220][860]LogSlate: Took 0.000311 seconds to synchronously load lazily loaded font '../../../Engine/Content/Editor/Slate/Fonts/Roboto-BoldCondensed.ttf' (158K)
[2017.04.26-19.21.10:578][857]BlueprintLog: New page: Compile Weapon
[2017.04.26-19.21.10:914][857]Cmd: OBJ SAVEPACKAGE PACKAGE="/Game/FirstPersonBP/Maps/Weapon" FILE="../../../../../../Users/jose_/Documents/GitHub/LastBulletVR/LastBullet/Content/FirstPersonBP/Maps/Weapon.uasset" SILENT=true
[2017.04.26-19.21.10:954][857]LogSavePackage: Save=20.78ms
[2017.04.26-19.21.10:954][857]LogSavePackage: Moving '../../../../../../Users/jose_/Documents/GitHub/LastBulletVR/LastBullet/Saved/Weapon1D4C457842F1A9B526D245AAD2E21C21.tmp' to '../../../../../../Users/jose_/Documents/GitHub/LastBulletVR/LastBullet/Content/FirstPersonBP/Maps/Weapon.uasset'
[2017.04.26-19.21.10:958][857]LogSavePackage:Display: Finished SavePackage ../../../../../../Users/jose_/Documents/GitHub/LastBulletVR/LastBullet/Content/FirstPersonBP/Maps/Weapon.uasset
[2017.04.26-19.21.10:962][857]Cmd: OBJ SAVEPACKAGE PACKAGE="/Game/FirstPersonBP/Maps/Pistola" FILE="../../../../../../Users/jose_/Documents/GitHub/LastBulletVR/LastBullet/Content/FirstPersonBP/Maps/Pistola.uasset" SILENT=true
[2017.04.26-19.21.10:981][857]LogSavePackage: Save=16.46ms
[2017.04.26-19.21.10:981][857]LogSavePackage: Moving '../../../../../../Users/jose_/Documents/GitHub/LastBulletVR/LastBullet/Saved/PistolaB7A194534815DF7E221D04A1BACAA2CF.tmp' to '../../../../../../Users/jose_/Documents/GitHub/LastBulletVR/LastBullet/Content/FirstPersonBP/Maps/Pistola.uasset'
[2017.04.26-19.21.10:985][857]LogSavePackage:Display: Finished SavePackage ../../../../../../Users/jose_/Documents/GitHub/LastBulletVR/LastBullet/Content/FirstPersonBP/Maps/Pistola.uasset
[2017.04.26-19.21.11:479][872]Cmd: OBJ SAVEPACKAGE PACKAGE="/Game/FirstPersonBP/Maps/Weapon" FILE="../../../../../../Users/jose_/Documents/GitHub/LastBulletVR/LastBullet/Content/FirstPersonBP/Maps/Weapon.uasset" SILENT=true
[2017.04.26-19.21.11:496][872]LogSavePackage: Save=11.22ms
[2017.04.26-19.21.11:496][872]LogSavePackage: Moving '../../../../../../Users/jose_/Documents/GitHub/LastBulletVR/LastBullet/Saved/WeaponC78DEC174A26107CB60B32A9F17BB558.tmp' to '../../../../../../Users/jose_/Documents/GitHub/LastBulletVR/LastBullet/Content/FirstPersonBP/Maps/Weapon.uasset'
[2017.04.26-19.21.11:503][872]LogSavePackage:Display: Finished SavePackage ../../../../../../Users/jose_/Documents/GitHub/LastBulletVR/LastBullet/Content/FirstPersonBP/Maps/Weapon.uasset
[2017.04.26-19.24.18:343][862]Cmd: OBJ SAVEPACKAGE PACKAGE="/Game/FirstPersonBP/Maps/Weapon" FILE="../../../../../../Users/jose_/Documents/GitHub/LastBulletVR/LastBullet/Content/FirstPersonBP/Maps/Weapon.uasset" SILENT=true
[2017.04.26-19.24.18:364][862]LogSavePackage: Save=12.55ms
[2017.04.26-19.24.18:364][862]LogSavePackage: Moving '../../../../../../Users/jose_/Documents/GitHub/LastBulletVR/LastBullet/Saved/Weapon6F6832EA40627E96CB5EF1993B069D88.tmp' to '../../../../../../Users/jose_/Documents/GitHub/LastBulletVR/LastBullet/Content/FirstPersonBP/Maps/Weapon.uasset'
[2017.04.26-19.24.18:367][862]LogSavePackage:Display: Finished SavePackage ../../../../../../Users/jose_/Documents/GitHub/LastBulletVR/LastBullet/Content/FirstPersonBP/Maps/Weapon.uasset
[2017.04.26-19.24.19:675][912]BlueprintLog: New page: Compile Weapon
[2017.04.26-19.24.19:787][912]LogBlueprint:Warning: [Compiler FirstPersonCharacter] Warning InputAction Event references unknown Action 'ResetVR' for  InputAction ResetVR
[2017.04.26-19.24.21:436][950]Cmd: OBJ SAVEPACKAGE PACKAGE="/Game/FirstPersonBP/Maps/Weapon" FILE="../../../../../../Users/jose_/Documents/GitHub/LastBulletVR/LastBullet/Content/FirstPersonBP/Maps/Weapon.uasset" SILENT=true
[2017.04.26-19.24.21:451][950]LogSavePackage: Save=10.66ms
[2017.04.26-19.24.21:451][950]LogSavePackage: Moving '../../../../../../Users/jose_/Documents/GitHub/LastBulletVR/LastBullet/Saved/Weapon5FE00F284BABBC10199206802DCCC137.tmp' to '../../../../../../Users/jose_/Documents/GitHub/LastBulletVR/LastBullet/Content/FirstPersonBP/Maps/Weapon.uasset'
[2017.04.26-19.24.21:453][950]LogSavePackage:Display: Finished SavePackage ../../../../../../Users/jose_/Documents/GitHub/LastBulletVR/LastBullet/Content/FirstPersonBP/Maps/Weapon.uasset
[2017.04.26-19.27.16:420][563]LogFileHelpers: Editor autosave (incl. sublevels) for '/Game/StarterContent/Maps/Minimal_Default' took 0.068
[2017.04.26-19.27.16:426][563]OBJ SavePackage: Generating thumbnails for [1] asset(s) in package [/Game/FirstPersonBP/Blueprints/FirstPersonCharacter] ([1] browsable assets)...
[2017.04.26-19.27.16:472][563]OBJ SavePackage:     Rendered thumbnail for [Blueprint /Game/FirstPersonBP/Blueprints/FirstPersonCharacter.FirstPersonCharacter]
[2017.04.26-19.27.16:472][563]OBJ SavePackage: Finished generating thumbnails for package [/Game/FirstPersonBP/Blueprints/FirstPersonCharacter]
[2017.04.26-19.27.16:876][563]LogSavePackage: Save=387.63ms
[2017.04.26-19.27.16:876][563]LogSavePackage: Moving '../../../../../../Users/jose_/Documents/GitHub/LastBulletVR/LastBullet/Saved/FirstPersonCharacter_Auto1F76A75F5447B6625C600ACB2E4F04246.tmp' to '../../../../../../Users/jose_/Documents/GitHub/LastBulletVR/LastBullet/Saved/Autosaves/Game/FirstPersonBP/Blueprints/FirstPersonCharacter_Auto1.uasset'
[2017.04.26-19.27.16:882][563]LogSavePackage:Display: Finished SavePackage ../../../../../../Users/jose_/Documents/GitHub/LastBulletVR/LastBullet/Saved/Autosaves/Game/FirstPersonBP/Blueprints/FirstPersonCharacter_Auto1.uasset
[2017.04.26-19.27.16:884][563]OBJ SavePackage: Generating thumbnails for [0] asset(s) in package [/Game/FirstPersonBP/Maps/Pistola] ([1] browsable assets)...
[2017.04.26-19.27.16:884][563]OBJ SavePackage: Finished generating thumbnails for package [/Game/FirstPersonBP/Maps/Pistola]
[2017.04.26-19.27.16:944][563]LogSavePackage: Save=24.98ms
[2017.04.26-19.27.16:944][563]LogSavePackage: Moving '../../../../../../Users/jose_/Documents/GitHub/LastBulletVR/LastBullet/Saved/Pistola_Auto1AA258A884F61C27EF8BE86A00DA90D9B.tmp' to '../../../../../../Users/jose_/Documents/GitHub/LastBulletVR/LastBullet/Saved/Autosaves/Game/FirstPersonBP/Maps/Pistola_Auto1.uasset'
[2017.04.26-19.27.16:947][563]LogSavePackage:Display: Finished SavePackage ../../../../../../Users/jose_/Documents/GitHub/LastBulletVR/LastBullet/Saved/Autosaves/Game/FirstPersonBP/Maps/Pistola_Auto1.uasset
[2017.04.26-19.27.16:947][563]LogFileHelpers: Auto-saving content packages took 0.525
[2017.04.26-19.29.42:078][326]BlueprintLog: New page: Compile Pistola
[2017.04.26-19.29.42:312][326]Cmd: OBJ SAVEPACKAGE PACKAGE="/Game/FirstPersonBP/Maps/Pistola" FILE="../../../../../../Users/jose_/Documents/GitHub/LastBulletVR/LastBullet/Content/FirstPersonBP/Maps/Pistola.uasset" SILENT=true
[2017.04.26-19.29.42:350][326]LogSavePackage: Save=24.42ms
[2017.04.26-19.29.42:350][326]LogSavePackage: Moving '../../../../../../Users/jose_/Documents/GitHub/LastBulletVR/LastBullet/Saved/Pistola0E7A645847CBD272CF6BBD8E721AF681.tmp' to '../../../../../../Users/jose_/Documents/GitHub/LastBulletVR/LastBullet/Content/FirstPersonBP/Maps/Pistola.uasset'
[2017.04.26-19.29.42:357][326]LogSavePackage:Display: Finished SavePackage ../../../../../../Users/jose_/Documents/GitHub/LastBulletVR/LastBullet/Content/FirstPersonBP/Maps/Pistola.uasset
[2017.04.26-19.29.43:051][352]Cmd: OBJ SAVEPACKAGE PACKAGE="/Game/FirstPersonBP/Maps/Pistola" FILE="../../../../../../Users/jose_/Documents/GitHub/LastBulletVR/LastBullet/Content/FirstPersonBP/Maps/Pistola.uasset" SILENT=true
[2017.04.26-19.29.43:074][352]LogSavePackage: Save=15.82ms
[2017.04.26-19.29.43:074][352]LogSavePackage: Moving '../../../../../../Users/jose_/Documents/GitHub/LastBulletVR/LastBullet/Saved/Pistola10E6AC9D4B6C5F1997077098118A64AD.tmp' to '../../../../../../Users/jose_/Documents/GitHub/LastBulletVR/LastBullet/Content/FirstPersonBP/Maps/Pistola.uasset'
[2017.04.26-19.29.43:076][352]LogSavePackage:Display: Finished SavePackage ../../../../../../Users/jose_/Documents/GitHub/LastBulletVR/LastBullet/Content/FirstPersonBP/Maps/Pistola.uasset
[2017.04.26-19.29.44:971][440]BlueprintLog: New page: Compile FirstPersonCharacter
[2017.04.26-19.29.45:051][440]LogBlueprint:Warning: [Compiler FirstPersonCharacter] Warning InputAction Event references unknown Action 'ResetVR' for  InputAction ResetVR
[2017.04.26-19.29.45:572][440]BlueprintEditorCompileResults:Warning: Warning InputAction Event references unknown Action 'ResetVR' for  InputAction ResetVR
[2017.04.26-19.29.45:573][440]LogBlueprint:Warning: [Compiler FirstPersonCharacter] Warning [0865.75] Compile of FirstPersonCharacter successful, but with 1 Warning(s) [in 601 ms] (/Game/FirstPersonBP/Blueprints/FirstPersonCharacter.FirstPersonCharacter)
[2017.04.26-19.29.46:359][459]LogSavePackage: Save=128.75ms
[2017.04.26-19.29.46:359][459]LogSavePackage: Moving '../../../../../../Users/jose_/Documents/GitHub/LastBulletVR/LastBullet/Saved/FirstPersonCharacter7623F7C046F7B3ECE68134B46DAA81BD.tmp' to '../../../../../../Users/jose_/Documents/GitHub/LastBulletVR/LastBullet/Content/FirstPersonBP/Blueprints/FirstPersonCharacter.uasset'
[2017.04.26-19.29.46:362][459]LogSavePackage:Display: Finished SavePackage ../../../../../../Users/jose_/Documents/GitHub/LastBulletVR/LastBullet/Content/FirstPersonBP/Blueprints/FirstPersonCharacter.uasset
[2017.04.26-19.29.49:658][617]LogTemp: Repeting last play command: Selected Viewport
[2017.04.26-19.29.49:688][617]LogBlueprintUserMessages: Early PlayInEditor Detection: Level '/Game/StarterContent/Maps/Minimal_Default.Minimal_Default:PersistentLevel' has LevelScriptBlueprint '/Game/StarterContent/Maps/Minimal_Default.Minimal_Default:PersistentLevel.Minimal_Default' with GeneratedClass '/Game/StarterContent/Maps/Minimal_Default.Minimal_Default_C' with ClassGeneratedBy '/Game/StarterContent/Maps/Minimal_Default.Minimal_Default:PersistentLevel.Minimal_Default'
[2017.04.26-19.29.49:688][617]LogPlayLevel: PlayLevel: No blueprints needed recompiling
[2017.04.26-19.29.49:693][617]PIE: New page: PIE session: Minimal_Default (Apr 26, 2017, 11:29:49 PM)
[2017.04.26-19.29.49:693][617]LogPlayLevel: Creating play world package: /Game/StarterContent/Maps/UEDPIE_0_Minimal_Default
[2017.04.26-19.29.49:708][617]LogPlayLevel: PIE: StaticDuplicateObject took: (0.014521s)
[2017.04.26-19.29.49:708][617]LogAIModule: Creating AISystem for world Minimal_Default
[2017.04.26-19.29.49:709][617]LogPlayLevel: PIE: World Init took: (0.000659s)
[2017.04.26-19.29.49:709][617]LogPlayLevel: PIE: Created PIE world by copying editor world from /Game/StarterContent/Maps/Minimal_Default.Minimal_Default to /Game/StarterContent/Maps/UEDPIE_0_Minimal_Default.Minimal_Default (0.015528s)
[2017.04.26-19.29.49:731][617]LogInit: XAudio2 using 'Altavoces (Realtek High Definition Audio)' : 2 channels at 48 kHz using 32 bits per sample (channel mask 0x3)
[2017.04.26-19.29.49:771][617]LogInit: FAudioDevice initialized.
[2017.04.26-19.29.49:898][617]LogLoad: Game class is 'FirstPersonGameMode_C'
[2017.04.26-19.29.49:905][617]LogWorld: Bringing World /Game/StarterContent/Maps/UEDPIE_0_Minimal_Default.Minimal_Default up for play (max tick rate 0) at 2017.04.26-21.29.49
[2017.04.26-19.29.49:917][617]LogWorld: Bringing up level for play took: 0.017284
[2017.04.26-19.29.49:958][617]LogContentBrowser: Native class hierarchy updated for 'MovieSceneCapture' in 0.0006 seconds. Added 11 classes and 0 folders.
[2017.04.26-19.29.49:962][617]PIE: Info Play in editor start time for /Game/StarterContent/Maps/UEDPIE_0_Minimal_Default 0.79
[2017.04.26-19.29.49:962][617]LogBlueprintUserMessages: Late PlayInEditor Detection: Level '/Game/StarterContent/Maps/Minimal_Default.Minimal_Default:PersistentLevel' has LevelScriptBlueprint '/Game/StarterContent/Maps/Minimal_Default.Minimal_Default:PersistentLevel.Minimal_Default' with GeneratedClass '/Game/StarterContent/Maps/Minimal_Default.Minimal_Default_C' with ClassGeneratedBy '/Game/StarterContent/Maps/Minimal_Default.Minimal_Default:PersistentLevel.Minimal_Default'
[2017.04.26-19.29.52:670][750]LogBlueprintUserMessages: Early EndPlayMap Detection: Level '/Game/StarterContent/Maps/Minimal_Default.Minimal_Default:PersistentLevel' has LevelScriptBlueprint '/Game/StarterContent/Maps/Minimal_Default.Minimal_Default:PersistentLevel.Minimal_Default' with GeneratedClass '/Game/StarterContent/Maps/Minimal_Default.Minimal_Default_C' with ClassGeneratedBy '/Game/StarterContent/Maps/Minimal_Default.Minimal_Default:PersistentLevel.Minimal_Default'
[2017.04.26-19.29.52:772][750]LogBlueprintUserMessages: Late EndPlayMap Detection: Level '/Game/StarterContent/Maps/Minimal_Default.Minimal_Default:PersistentLevel' has LevelScriptBlueprint '/Game/StarterContent/Maps/Minimal_Default.Minimal_Default:PersistentLevel.Minimal_Default' with GeneratedClass '/Game/StarterContent/Maps/Minimal_Default.Minimal_Default_C' with ClassGeneratedBy '/Game/StarterContent/Maps/Minimal_Default.Minimal_Default:PersistentLevel.Minimal_Default'
[2017.04.26-19.36.16:958][942]LogEditorTransaction: Undo Remove Variable
[2017.04.26-19.37.10:758][997]LogSlate:Warning: Prevented a slow task dialog from being summoned while a context menu was open
[2017.04.26-19.39.12:402][788]Cmd: OBJ SAVEPACKAGE PACKAGE="/Game/FirstPersonBP/Maps/Weapon" FILE="../../../../../../Users/jose_/Documents/GitHub/LastBulletVR/LastBullet/Content/FirstPersonBP/Maps/Weapon.uasset" SILENT=true
[2017.04.26-19.39.12:435][788]LogSavePackage: Save=13.84ms
[2017.04.26-19.39.12:435][788]LogSavePackage: Moving '../../../../../../Users/jose_/Documents/GitHub/LastBulletVR/LastBullet/Saved/WeaponAC7E70174AAE69F7F40983A5D52F8C90.tmp' to '../../../../../../Users/jose_/Documents/GitHub/LastBulletVR/LastBullet/Content/FirstPersonBP/Maps/Weapon.uasset'
[2017.04.26-19.39.12:440][788]LogSavePackage:Display: Finished SavePackage ../../../../../../Users/jose_/Documents/GitHub/LastBulletVR/LastBullet/Content/FirstPersonBP/Maps/Weapon.uasset
[2017.04.26-19.39.12:882][807]BlueprintLog: New page: Compile Weapon
[2017.04.26-19.39.13:685][817]Cmd: OBJ SAVEPACKAGE PACKAGE="/Game/FirstPersonBP/Maps/Weapon" FILE="../../../../../../Users/jose_/Documents/GitHub/LastBulletVR/LastBullet/Content/FirstPersonBP/Maps/Weapon.uasset" SILENT=true
[2017.04.26-19.39.13:710][817]LogSavePackage: Save=18.42ms
[2017.04.26-19.39.13:710][817]LogSavePackage: Moving '../../../../../../Users/jose_/Documents/GitHub/LastBulletVR/LastBullet/Saved/WeaponE58FD578499B0B56E1F81AA04C4E74FF.tmp' to '../../../../../../Users/jose_/Documents/GitHub/LastBulletVR/LastBullet/Content/FirstPersonBP/Maps/Weapon.uasset'
[2017.04.26-19.39.13:712][817]LogSavePackage:Display: Finished SavePackage ../../../../../../Users/jose_/Documents/GitHub/LastBulletVR/LastBullet/Content/FirstPersonBP/Maps/Weapon.uasset
[2017.04.26-19.39.31:034][508]LogActorComponent: UnregisterComponent: (/Engine/Transient.EditorFloorComp) Not registered. Aborting.
[2017.04.26-19.39.31:162][508]LogActorComponent: UnregisterComponent: (/Engine/Transient.EditorFloorComp) Not registered. Aborting.
[2017.04.26-19.39.34:811][536]LogSavePackage: Save=176.04ms
[2017.04.26-19.39.34:811][536]LogSavePackage: Moving '../../../../../../Users/jose_/Documents/GitHub/LastBulletVR/LastBullet/Saved/FirstPersonCharacter44D777B449DF91F5CF5E27B62D943E31.tmp' to '../../../../../../Users/jose_/Documents/GitHub/LastBulletVR/LastBullet/Content/FirstPersonBP/Blueprints/FirstPersonCharacter.uasset'
[2017.04.26-19.39.34:815][536]LogSavePackage:Display: Finished SavePackage ../../../../../../Users/jose_/Documents/GitHub/LastBulletVR/LastBullet/Content/FirstPersonBP/Blueprints/FirstPersonCharacter.uasset
[2017.04.26-19.39.34:981][536]LogWindowsTextInputMethodSystem:Display: IME system now deactivated.
[2017.04.26-19.39.34:982][536]LogWindowsTextInputMethodSystem:Display: IME system now deactivated.
[2017.04.26-19.39.35:290][537]Cmd: QUIT_EDITOR
[2017.04.26-19.39.35:503][537]LogExit: Preparing to exit.
[2017.04.26-19.39.35:935][537]LogDirectoryWatcher: A directory notification for 'C:/Users/jose_/Documents/GitHub/LastBulletVR/LastBullet/Content/' was aborted.
[2017.04.26-19.39.35:984][537]LogExit: Editor shut down
[2017.04.26-19.39.35:985][537]LogExit: Transaction tracking system shut down
[2017.04.26-19.39.36:200][537]LogObj: Freed 0b from 0 cluster array pools.
[2017.04.26-19.39.36:201][537]LogExit: Object subsystem successfully closed.
[2017.04.26-19.39.36:233][537]LogD3D11RHI: Shutdown
[2017.04.26-19.39.36:233][537]LogD3D11RHI: CleanupD3DDevice
[2017.04.26-19.39.36:452][537]LogD3D11RHI: ~FD3D11DynamicRHI
[2017.04.26-19.39.36:469][537]LogModuleManager: Shutting down and abandoning module MovieSceneCapture (504)
[2017.04.26-19.39.36:469][537]LogModuleManager: Shutting down and abandoning module BlueprintGraph (502)
[2017.04.26-19.39.36:469][537]LogModuleManager: Shutting down and abandoning module BlueprintProfiler (500)
[2017.04.26-19.39.36:469][537]LogModuleManager: Shutting down and abandoning module HierarchicalLODOutliner (498)
[2017.04.26-19.39.36:469][537]LogModuleManager: Shutting down and abandoning module CrashTracker (496)
[2017.04.26-19.39.36:469][537]LogModuleManager: Shutting down and abandoning module SceneOutliner (494)
[2017.04.26-19.39.36:469][537]LogModuleManager: Shutting down and abandoning module AddContentDialog (492)
[2017.04.26-19.39.36:469][537]LogDirectoryWatcher: A directory notification for 'C:/Program Files/Epic Games/UE_4.15/FeaturePacks/' was aborted.
[2017.04.26-19.39.36:470][537]LogModuleManager: Shutting down and abandoning module WidgetCarousel (491)
[2017.04.26-19.39.36:470][537]LogModuleManager: Shutting down and abandoning module EditorWidgets (488)
[2017.04.26-19.39.36:470][537]LogModuleManager: Shutting down and abandoning module CollectionManager (486)
[2017.04.26-19.39.36:471][537]LogDirectoryWatcher: A directory notification for 'C:/Users/jose_/Documents/GitHub/LastBulletVR/LastBullet/Content/Collections/' was aborted.
[2017.04.26-19.39.36:471][537]LogDirectoryWatcher: A directory notification for 'C:/Users/jose_/Documents/GitHub/LastBulletVR/LastBullet/Content/Developers/jose/Collections/' was aborted.
[2017.04.26-19.39.36:471][537]LogDirectoryWatcher: A directory notification for 'C:/Users/jose_/Documents/GitHub/LastBulletVR/LastBullet/Saved/Collections/' was aborted.
[2017.04.26-19.39.36:471][537]LogModuleManager: Shutting down and abandoning module StatsViewer (484)
[2017.04.26-19.39.36:471][537]LogModuleManager: Shutting down and abandoning module FoliageEdit (482)
[2017.04.26-19.39.36:471][537]LogModuleManager: Shutting down and abandoning module LandscapeEditor (480)
[2017.04.26-19.39.36:471][537]LogModuleManager: Shutting down and abandoning module SceneDepthPickerMode (478)
[2017.04.26-19.39.36:471][537]LogModuleManager: Shutting down and abandoning module ActorPickerMode (476)
[2017.04.26-19.39.36:471][537]LogModuleManager: Shutting down and abandoning module GeometryMode (474)
[2017.04.26-19.39.36:471][537]LogModuleManager: Shutting down and abandoning module TextureAlignMode (472)
[2017.04.26-19.39.36:471][537]LogModuleManager: Shutting down and abandoning module BspMode (470)
[2017.04.26-19.39.36:471][537]LogModuleManager: Shutting down and abandoning module HardwareSurvey (468)
[2017.04.26-19.39.36:471][537]LogModuleManager: Shutting down and abandoning module SequenceRecorderSections (466)
[2017.04.26-19.39.36:471][537]LogModuleManager: Shutting down and abandoning module AutomationWorker (464)
[2017.04.26-19.39.36:471][537]LogModuleManager: Shutting down and abandoning module MatineeToLevelSequence (462)
[2017.04.26-19.39.36:471][537]LogModuleManager: Shutting down and abandoning module LevelSequenceEditor (460)
[2017.04.26-19.39.36:471][537]LogModuleManager: Shutting down and abandoning module PlacementMode (459)
[2017.04.26-19.39.36:471][537]LogModuleManager: Shutting down and abandoning module WmfMediaFactory (456)
[2017.04.26-19.39.36:471][537]LogModuleManager: Shutting down and abandoning module WmfMediaEditor (454)
[2017.04.26-19.39.36:471][537]LogModuleManager: Shutting down and abandoning module MfMediaFactory (452)
[2017.04.26-19.39.36:471][537]LogModuleManager: Shutting down and abandoning module MfMediaEditor (450)
[2017.04.26-19.39.36:471][537]LogModuleManager: Shutting down and abandoning module AvfMediaFactory (448)
[2017.04.26-19.39.36:471][537]LogModuleManager: Shutting down and abandoning module AvfMediaEditor (446)
[2017.04.26-19.39.36:471][537]LogModuleManager: Shutting down and abandoning module AndroidMediaFactory (444)
[2017.04.26-19.39.36:471][537]LogModuleManager: Shutting down and abandoning module Media (443)
[2017.04.26-19.39.36:471][537]LogModuleManager: Shutting down and abandoning module AndroidMediaEditor (440)
[2017.04.26-19.39.36:471][537]LogModuleManager: Shutting down and abandoning module CharacterAI (438)
[2017.04.26-19.39.36:471][537]LogModuleManager: Shutting down and abandoning module AudioCapture (436)
[2017.04.26-19.39.36:471][537]LogModuleManager: Shutting down and abandoning module SequenceRecorder (435)
[2017.04.26-19.39.36:472][537]LogModuleManager: Shutting down and abandoning module SmartSnapping (432)
[2017.04.26-19.39.36:472][537]LogModuleManager: Shutting down and abandoning module SessionServices (430)
[2017.04.26-19.39.36:472][537]LogModuleManager: Shutting down and abandoning module ViewportSnapping (428)
[2017.04.26-19.39.36:472][537]LogModuleManager: Shutting down and abandoning module ViewportInteraction (426)
[2017.04.26-19.39.36:472][537]LogModuleManager: Shutting down and abandoning module LogVisualizer (424)
[2017.04.26-19.39.36:472][537]LogModuleManager: Shutting down and abandoning module IntroTutorials (422)
[2017.04.26-19.39.36:472][537]LogModuleManager: Shutting down and abandoning module GameProjectGeneration (421)
[2017.04.26-19.39.36:472][537]LogModuleManager: Shutting down and abandoning module EditorLiveStreaming (418)
[2017.04.26-19.39.36:472][537]LogModuleManager: Shutting down and abandoning module IOSPlatformEditor (416)
[2017.04.26-19.39.36:472][537]LogModuleManager: Shutting down and abandoning module HTML5PlatformEditor (414)
[2017.04.26-19.39.36:472][537]LogModuleManager: Shutting down and abandoning module AndroidPlatformEditor (412)
[2017.04.26-19.39.36:472][537]LogModuleManager: Shutting down and abandoning module AndroidDeviceDetection (411)
[2017.04.26-19.39.36:723][537]LogModuleManager: Shutting down and abandoning module IOSRuntimeSettings (408)
[2017.04.26-19.39.36:723][537]LogModuleManager: Shutting down and abandoning module AndroidRuntimeSettings (406)
[2017.04.26-19.39.36:723][537]LogModuleManager: Shutting down and abandoning module InputBindingEditor (404)
[2017.04.26-19.39.36:723][537]LogModuleManager: Shutting down and abandoning module NiagaraEditor (402)
[2017.04.26-19.39.36:723][537]LogModuleManager: Shutting down and abandoning module MergeActors (400)
[2017.04.26-19.39.36:723][537]LogModuleManager: Shutting down and abandoning module SizeMap (398)
[2017.04.26-19.39.36:723][537]LogModuleManager: Shutting down and abandoning module TreeMap (396)
[2017.04.26-19.39.36:723][537]LogModuleManager: Shutting down and abandoning module ReferenceViewer (394)
[2017.04.26-19.39.36:723][537]LogModuleManager: Shutting down and abandoning module LocalizationDashboard (392)
[2017.04.26-19.39.36:723][537]LogModuleManager: Shutting down and abandoning module LocalizationService (391)
[2017.04.26-19.39.36:723][537]LogModuleManager: Shutting down and abandoning module HardwareTargeting (388)
[2017.04.26-19.39.36:723][537]LogModuleManager: Shutting down and abandoning module DeviceProfileEditor (386)
[2017.04.26-19.39.36:723][537]LogModuleManager: Shutting down and abandoning module UndoHistory (384)
[2017.04.26-19.39.36:723][537]LogModuleManager: Shutting down and abandoning module UserFeedback (382)
[2017.04.26-19.39.36:723][537]LogModuleManager: Shutting down and abandoning module XmlParser (380)
[2017.04.26-19.39.36:723][537]LogModuleManager: Shutting down and abandoning module Blutility (378)
[2017.04.26-19.39.36:723][537]LogModuleManager: Shutting down and abandoning module ProjectSettingsViewer (376)
[2017.04.26-19.39.36:723][537]LogModuleManager: Shutting down and abandoning module ProjectTargetPlatformEditor (375)
[2017.04.26-19.39.36:723][537]LogModuleManager: Shutting down and abandoning module EditorSettingsViewer (372)
[2017.04.26-19.39.36:723][537]LogModuleManager: Shutting down and abandoning module SettingsEditor (370)
[2017.04.26-19.39.36:723][537]LogModuleManager: Shutting down and abandoning module ProjectLauncher (368)
[2017.04.26-19.39.36:723][537]LogModuleManager: Shutting down and abandoning module SessionFrontend (366)
[2017.04.26-19.39.36:723][537]LogModuleManager: Shutting down and abandoning module ProfilerClient (364)
[2017.04.26-19.39.36:723][537]LogModuleManager: Shutting down and abandoning module DeviceManager (362)
[2017.04.26-19.39.36:724][537]LogModuleManager: Shutting down and abandoning module TargetDeviceServices (361)
[2017.04.26-19.39.36:765][537]LogModuleManager: Shutting down and abandoning module AutomationController (358)
[2017.04.26-19.39.36:765][537]LogModuleManager: Shutting down and abandoning module AutomationWindow (356)
[2017.04.26-19.39.36:765][537]LogModuleManager: Shutting down and abandoning module Layers (354)
[2017.04.26-19.39.36:765][537]LogModuleManager: Shutting down and abandoning module ComponentVisualizers (352)
[2017.04.26-19.39.36:765][537]LogModuleManager: Shutting down and abandoning module DetailCustomizations (350)
[2017.04.26-19.39.36:765][537]LogModuleManager: Shutting down and abandoning module PackagesDialog (348)
[2017.04.26-19.39.36:765][537]LogModuleManager: Shutting down and abandoning module Persona (346)
[2017.04.26-19.39.36:765][537]LogModuleManager: Shutting down and abandoning module AnimGraph (345)
[2017.04.26-19.39.36:765][537]LogModuleManager: Shutting down and abandoning module Kismet (342)
[2017.04.26-19.39.36:772][537]LogModuleManager: Shutting down and abandoning module GraphEditor (340)
[2017.04.26-19.39.36:772][537]LogModuleManager: Shutting down and abandoning module ClassViewer (338)
[2017.04.26-19.39.36:773][537]LogModuleManager: Shutting down and abandoning module Toolbox (336)
[2017.04.26-19.39.36:773][537]LogModuleManager: Shutting down and abandoning module ModuleUI (334)
[2017.04.26-19.39.36:773][537]LogModuleManager: Shutting down and abandoning module MovieSceneTools (332)
[2017.04.26-19.39.36:773][537]LogModuleManager: Shutting down and abandoning module OutputLog (330)
[2017.04.26-19.39.36:773][537]LogModuleManager: Shutting down and abandoning module GammaUI (328)
[2017.04.26-19.39.36:774][537]LogModuleManager: Shutting down and abandoning module Documentation (326)
[2017.04.26-19.39.36:774][537]LogModuleManager: Shutting down and abandoning module Niagara (324)
[2017.04.26-19.39.36:774][537]LogModuleManager: Shutting down and abandoning module StreamingPauseRendering (322)
[2017.04.26-19.39.36:774][537]LogModuleManager: Shutting down and abandoning module AnalyticsET (320)
[2017.04.26-19.39.36:774][537]LogModuleManager: Shutting down and abandoning module PortalServices (318)
[2017.04.26-19.39.36:774][537]LogModuleManager: Shutting down and abandoning module PortalRpc (316)
[2017.04.26-19.39.36:774][537]LogModuleManager: Shutting down and abandoning module MessagingRpc (314)
[2017.04.26-19.39.36:774][537]LogModuleManager: Shutting down and abandoning module AIModule (312)
[2017.04.26-19.39.36:774][537]LogModuleManager: Shutting down and abandoning module GameplayDebugger (311)
[2017.04.26-19.39.36:774][537]LogModuleManager: Shutting down and abandoning module AITestSuite (309)
[2017.04.26-19.39.36:774][537]LogModuleManager: Shutting down and abandoning module ProfilerService (306)
[2017.04.26-19.39.36:911][537]LogModuleManager: Shutting down and abandoning module TaskGraph (304)
[2017.04.26-19.39.36:911][537]LogModuleManager: Shutting down and abandoning module SteamVRController (302)
[2017.04.26-19.39.36:911][537]LogModuleManager: Shutting down and abandoning module SteamVR (300)
[2017.04.26-19.39.36:911][537]LogModuleManager: Shutting down and abandoning module ProceduralMeshComponentEditor (298)
[2017.04.26-19.39.36:911][537]LogModuleManager: Shutting down and abandoning module ProceduralMeshComponent (296)
[2017.04.26-19.39.36:911][537]LogModuleManager: Shutting down and abandoning module OculusLibrary (294)
[2017.04.26-19.39.36:911][537]LogModuleManager: Shutting down and abandoning module OculusInput (292)
[2017.04.26-19.39.36:911][537]LogModuleManager: Shutting down and abandoning module MobilePatchingUtils (290)
[2017.04.26-19.39.36:911][537]LogModuleManager: Shutting down and abandoning module CustomMeshComponent (288)
[2017.04.26-19.39.36:911][537]LogModuleManager: Shutting down and abandoning module CableComponent (286)
[2017.04.26-19.39.36:911][537]LogModuleManager: Shutting down and abandoning module ArchVisCharacter (284)
[2017.04.26-19.39.36:911][537]LogModuleManager: Shutting down and abandoning module MediaPlayerEditor (280)
[2017.04.26-19.39.36:911][537]LogModuleManager: Shutting down and abandoning module HTML5Networking (278)
[2017.04.26-19.39.36:911][537]LogModuleManager: Shutting down and abandoning module AlembicImporter (276)
[2017.04.26-19.39.36:911][537]LogModuleManager: Shutting down and abandoning module AlembicLibrary (275)
[2017.04.26-19.39.36:911][537]LogModuleManager: Shutting down and abandoning module GeometryCache (274)
[2017.04.26-19.39.36:911][537]LogModuleManager: Shutting down and abandoning module GeometryCacheEd (273)
[2017.04.26-19.39.36:911][537]LogModuleManager: Shutting down and abandoning module SuperSearchEditor (268)
[2017.04.26-19.39.36:911][537]LogModuleManager: Shutting down and abandoning module SuperSearch (267)
[2017.04.26-19.39.36:911][537]LogModuleManager: Shutting down and abandoning module SpeedTreeImporter (264)
[2017.04.26-19.39.36:911][537]LogModuleManager: Shutting down and abandoning module PluginBrowser (262)
[2017.04.26-19.39.36:911][537]LogModuleManager: Shutting down and abandoning module MobileLauncherProfileWizard (260)
[2017.04.26-19.39.36:911][537]LogModuleManager: Shutting down and abandoning module EpicSurvey (258)
[2017.04.26-19.39.36:911][537]LogModuleManager: Shutting down and abandoning module VisualStudioSourceCodeAccess (256)
[2017.04.26-19.39.36:911][537]LogModuleManager: Shutting down and abandoning module DesktopPlatform (255)
[2017.04.26-19.39.36:911][537]LogModuleManager: Shutting down and abandoning module UObjectPlugin (252)
[2017.04.26-19.39.36:912][537]LogModuleManager: Shutting down and abandoning module SubversionSourceControl (250)
[2017.04.26-19.39.36:912][537]LogModuleManager: Shutting down and abandoning module PerforceSourceControl (248)
[2017.04.26-19.39.36:912][537]LogModuleManager: Shutting down and abandoning module GitSourceControl (246)
[2017.04.26-19.39.36:912][537]LogModuleManager: Shutting down and abandoning module SourceControl (245)
[2017.04.26-19.39.36:912][537]LogModuleManager: Shutting down and abandoning module LightPropagationVolumeEditor (242)
[2017.04.26-19.39.36:912][537]LogModuleManager: Shutting down and abandoning module PaperTiledImporter (240)
[2017.04.26-19.39.36:912][537]LogModuleManager: Shutting down and abandoning module PaperSpriteSheetImporter (238)
[2017.04.26-19.39.36:912][537]LogModuleManager: Shutting down and abandoning module Paper2DEditor (236)
[2017.04.26-19.39.36:912][537]LogModuleManager: Shutting down and abandoning module MeshPaint (235)
[2017.04.26-19.39.36:912][537]LogModuleManager: Shutting down and abandoning module LevelEditor (233)
[2017.04.26-19.39.36:912][537]LogModuleManager: Shutting down and abandoning module PixelInspectorModule (232)
[2017.04.26-19.39.36:912][537]LogModuleManager: Shutting down and abandoning module MainFrame (230)
[2017.04.26-19.39.36:912][537]LogModuleManager: Shutting down and abandoning module HotReload (229)
[2017.04.26-19.39.36:913][537]LogModuleManager: Shutting down and abandoning module ContentBrowser (225)
[2017.04.26-19.39.36:913][537]LogModuleManager: Shutting down and abandoning module PhysXVehiclesEditor (222)
[2017.04.26-19.39.36:914][537]LogModuleManager: Shutting down and abandoning module PhysXVehicles (220)
[2017.04.26-19.39.36:914][537]LogModuleManager: Shutting down and abandoning module LocationServicesBPLibrary (218)
[2017.04.26-19.39.36:914][537]LogModuleManager: Shutting down and abandoning module UdpMessaging (216)
[2017.04.26-19.39.37:014][537]LogModuleManager: Shutting down and abandoning module TcpMessaging (214)
[2017.04.26-19.39.37:115][537]LogModuleManager: Shutting down and abandoning module GameplayTagsEditor (212)
[2017.04.26-19.39.37:115][537]LogModuleManager: Shutting down and abandoning module FacialAnimationEditor (210)
[2017.04.26-19.39.37:115][537]LogModuleManager: Shutting down and abandoning module FacialAnimation (208)
[2017.04.26-19.39.37:115][537]LogModuleManager: Shutting down and abandoning module LightPropagationVolumeRuntime (206)
[2017.04.26-19.39.37:115][537]LogModuleManager: Shutting down and abandoning module Paper2D (204)
[2017.04.26-19.39.37:115][537]LogModuleManager: Shutting down and abandoning module WindowsMoviePlayer (202)
[2017.04.26-19.39.37:115][537]LogModuleManager: Shutting down and abandoning module WmfMedia (200)
[2017.04.26-19.39.37:115][537]LogModuleManager: Shutting down and abandoning module MfMedia (198)
[2017.04.26-19.39.37:115][537]LogModuleManager: Shutting down and abandoning module MediaAssets (196)
[2017.04.26-19.39.37:115][537]LogModuleManager: Shutting down and abandoning module GameLiveStreaming (194)
[2017.04.26-19.39.37:115][537]LogModuleManager: Shutting down and abandoning module VREditor (192)
[2017.04.26-19.39.37:115][537]LogModuleManager: Shutting down and abandoning module GameplayTasksEditor (190)
[2017.04.26-19.39.37:115][537]LogModuleManager: Shutting down and abandoning module BehaviorTreeEditor (188)
[2017.04.26-19.39.37:115][537]LogModuleManager: Shutting down and abandoning module FunctionalTesting (186)
[2017.04.26-19.39.37:115][537]LogModuleManager: Shutting down and abandoning module CollisionAnalyzer (184)
[2017.04.26-19.39.37:115][537]LogModuleManager: Shutting down and abandoning module UMG (182)
[2017.04.26-19.39.37:115][537]LogModuleManager: Shutting down and abandoning module UMGEditor (181)
[2017.04.26-19.39.37:115][537]LogModuleManager: Shutting down and abandoning module Sequencer (180)
[2017.04.26-19.39.37:115][537]LogModuleManager: Shutting down and abandoning module AssetTools (178)
[2017.04.26-19.39.37:115][537]LogModuleManager: Shutting down and abandoning module MessageLog (177)
[2017.04.26-19.39.37:115][537]LogModuleManager: Shutting down and abandoning module WorkspaceMenuStructure (176)
[2017.04.26-19.39.37:115][537]LogModuleManager: Shutting down and abandoning module SlateReflector (170)
[2017.04.26-19.39.37:115][537]LogModuleManager: Shutting down and abandoning module Slate (168)
[2017.04.26-19.39.37:115][537]LogModuleManager: Shutting down and abandoning module EditorStyle (166)
[2017.04.26-19.39.37:118][537]LogModuleManager: Shutting down and abandoning module SourceCodeAccess (164)
[2017.04.26-19.39.37:118][537]LogModuleManager: Shutting down and abandoning module HeadMountedDisplay (162)
[2017.04.26-19.39.37:118][537]LogModuleManager: Shutting down and abandoning module XAudio2 (160)
[2017.04.26-19.39.37:118][537]LogModuleManager: Shutting down and abandoning module Networking (158)
[2017.04.26-19.39.37:118][537]LogModuleManager: Shutting down and abandoning module Core (154)
[2017.04.26-19.39.37:118][537]LogModuleManager: Shutting down and abandoning module AssetRegistry (152)
[2017.04.26-19.39.37:311][537]LogDirectoryWatcher: A directory notification for '../../../Engine/Content/' was aborted.
[2017.04.26-19.39.37:311][537]LogDirectoryWatcher: A directory notification for '../../../../../../Users/jose_/Documents/GitHub/LastBulletVR/LastBullet/Content/' was aborted.
[2017.04.26-19.39.37:311][537]LogDirectoryWatcher: A directory notification for '../../../Engine/Plugins/2D/Paper2D/Content/' was aborted.
[2017.04.26-19.39.37:311][537]LogModuleManager: Shutting down and abandoning module DirectoryWatcher (151)
[2017.04.26-19.39.37:312][537]LogModuleManager: Shutting down and abandoning module KismetCompiler (148)
[2017.04.26-19.39.37:312][537]LogModuleManager: Shutting down and abandoning module PhysXFormats (146)
[2017.04.26-19.39.37:312][537]LogModuleManager: Shutting down and abandoning module MeshUtilities (144)
[2017.04.26-19.39.37:312][537]LogModuleManager: Shutting down and abandoning module SimplygonSwarm (143)
[2017.04.26-19.39.37:312][537]LogModuleManager: Shutting down and abandoning module SimplygonMeshReduction (141)
[2017.04.26-19.39.37:312][537]LogModuleManager: Shutting down and abandoning module QuadricMeshReduction (139)
[2017.04.26-19.39.37:312][537]LogModuleManager: Shutting down and abandoning module PropertyEditor (137)
[2017.04.26-19.39.37:312][537]LogModuleManager: Shutting down and abandoning module DerivedDataCache (134)
[2017.04.26-19.39.37:322][537]LogDerivedDataCache: Shutdown
[2017.04.26-19.39.37:322][537]LogModuleManager: Shutting down and abandoning module TargetPlatform (132)
[2017.04.26-19.39.37:322][537]LogModuleManager: Shutting down and abandoning module VulkanShaderFormat (131)
[2017.04.26-19.39.37:322][537]LogModuleManager: Shutting down and abandoning module ShaderFormatOpenGL (129)
[2017.04.26-19.39.37:322][537]LogModuleManager: Shutting down and abandoning module ShaderFormatD3D (127)
[2017.04.26-19.39.37:322][537]LogModuleManager: Shutting down and abandoning module MetalShaderFormat (125)
[2017.04.26-19.39.37:322][537]LogModuleManager: Shutting down and abandoning module TextureFormatUncompressed (123)
[2017.04.26-19.39.37:322][537]LogModuleManager: Shutting down and abandoning module TextureFormatPVR (121)
[2017.04.26-19.39.37:322][537]LogModuleManager: Shutting down and abandoning module TextureFormatDXT (119)
[2017.04.26-19.39.37:322][537]LogModuleManager: Shutting down and abandoning module TextureFormatIntelISPCTexComp (117)
[2017.04.26-19.39.37:322][537]LogModuleManager: Shutting down and abandoning module TextureFormatASTC (115)
[2017.04.26-19.39.37:322][537]LogModuleManager: Shutting down and abandoning module ImageWrapper (114)
[2017.04.26-19.39.37:322][537]LogModuleManager: Shutting down and abandoning module TextureFormatAndroid (111)
[2017.04.26-19.39.37:322][537]LogModuleManager: Shutting down and abandoning module AudioFormatOpus (109)
[2017.04.26-19.39.37:322][537]LogModuleManager: Shutting down and abandoning module AudioFormatOgg (107)
[2017.04.26-19.39.37:322][537]LogModuleManager: Shutting down and abandoning module AudioFormatADPCM (105)
[2017.04.26-19.39.37:322][537]LogModuleManager: Shutting down and abandoning module LinuxTargetPlatform (103)
[2017.04.26-19.39.37:323][537]LogModuleManager: Shutting down and abandoning module LinuxServerTargetPlatform (101)
[2017.04.26-19.39.37:323][537]LogModuleManager: Shutting down and abandoning module LinuxNoEditorTargetPlatform (99)
[2017.04.26-19.39.37:323][537]LogModuleManager: Shutting down and abandoning module LinuxClientTargetPlatform (97)
[2017.04.26-19.39.37:323][537]LogModuleManager: Shutting down and abandoning module TVOSTargetPlatform (95)
[2017.04.26-19.39.37:323][537]LogModuleManager: Shutting down and abandoning module Messaging (93)
[2017.04.26-19.39.37:323][537]LogModuleManager: Shutting down and abandoning module IOSTargetPlatform (91)
[2017.04.26-19.39.37:323][537]LogModuleManager: Shutting down and abandoning module HTML5TargetPlatform (89)
[2017.04.26-19.39.37:323][537]LogModuleManager: Shutting down and abandoning module Android_PVRTCTargetPlatform (87)
[2017.04.26-19.39.37:323][537]LogModuleManager: Shutting down and abandoning module Android_MultiTargetPlatform (85)
[2017.04.26-19.39.37:323][537]LogModuleManager: Shutting down and abandoning module Android_ETC2TargetPlatform (83)
[2017.04.26-19.39.37:323][537]LogModuleManager: Shutting down and abandoning module Android_ETC1TargetPlatform (81)
[2017.04.26-19.39.37:323][537]LogModuleManager: Shutting down and abandoning module Android_DXTTargetPlatform (79)
[2017.04.26-19.39.37:323][537]LogModuleManager: Shutting down and abandoning module Android_ATCTargetPlatform (77)
[2017.04.26-19.39.37:323][537]LogModuleManager: Shutting down and abandoning module Android_ASTCTargetPlatform (75)
[2017.04.26-19.39.37:323][537]LogModuleManager: Shutting down and abandoning module AndroidTargetPlatform (73)
[2017.04.26-19.39.37:323][537]LogModuleManager: Shutting down and abandoning module WindowsTargetPlatform (71)
[2017.04.26-19.39.37:323][537]LogModuleManager: Shutting down and abandoning module WindowsServerTargetPlatform (69)
[2017.04.26-19.39.37:323][537]LogModuleManager: Shutting down and abandoning module WindowsNoEditorTargetPlatform (67)
[2017.04.26-19.39.37:323][537]LogModuleManager: Shutting down and abandoning module WindowsClientTargetPlatform (65)
[2017.04.26-19.39.37:323][537]LogModuleManager: Shutting down and abandoning module MacTargetPlatform (63)
[2017.04.26-19.39.37:323][537]LogModuleManager: Shutting down and abandoning module MacServerTargetPlatform (61)
[2017.04.26-19.39.37:323][537]LogModuleManager: Shutting down and abandoning module MacNoEditorTargetPlatform (59)
[2017.04.26-19.39.37:323][537]LogModuleManager: Shutting down and abandoning module MacClientTargetPlatform (57)
[2017.04.26-19.39.37:323][537]LogModuleManager: Shutting down and abandoning module AllDesktopTargetPlatform (55)
[2017.04.26-19.39.37:323][537]LogModuleManager: Shutting down and abandoning module InputCore (52)
[2017.04.26-19.39.37:323][537]LogModuleManager: Shutting down and abandoning module Settings (50)
[2017.04.26-19.39.37:323][537]LogModuleManager: Shutting down and abandoning module OculusRift (48)
[2017.04.26-19.39.37:323][537]LogModuleManager: Shutting down and abandoning module GearVR (46)
[2017.04.26-19.39.37:323][537]LogModuleManager: Shutting down and abandoning module ExampleDeviceProfileSelector (44)
[2017.04.26-19.39.37:323][537]LogModuleManager: Shutting down and abandoning module OnlineBlueprintSupport (42)
[2017.04.26-19.39.37:323][537]LogModuleManager: Shutting down and abandoning module OnlineSubsystem (38)
[2017.04.26-19.39.37:323][537]LogOnline:Display: Unloading online subsystem: NULL
[2017.04.26-19.39.37:323][537]LogModuleManager: Shutting down and abandoning module XMPP (37)
[2017.04.26-19.39.37:323][537]LogModuleManager: Shutting down and abandoning module HTTP (35)
[2017.04.26-19.39.37:323][537]LogHttp:Display: Http module shutting down, but needs to wait on 1 outstanding Http requests:
[2017.04.26-19.39.37:323][537]LogHttp:Display: 	verb=[POST] url=[https://datarouter.ol.epicgames.com/datarouter/api/v1/public/data?SessionID=%7B4BEB6C82-4CB1-E0EF-2711-248E34DD7AF8%7D&AppID=UEEditor.Rocket.Release&AppVersion=4.15.1-3348071%2B%2B%2BUE4%2BRelease-4.15&UserID=b001de5b45e5acaf0e6945b031774733%7C110700a2fc624ba6959c79c1c7378d2c%7Cc4768b7d-3e8a-4111-98c4-e572acc32675&AppEnvironment=datacollector-binary&UploadType=eteventstream] status=Processing
[2017.04.26-19.39.37:339][537]LogModuleManager: Shutting down and abandoning module SSL (34)
[2017.04.26-19.39.37:341][537]LogModuleManager: Shutting down and abandoning module AudioEditor (30)
[2017.04.26-19.39.37:341][537]LogModuleManager: Shutting down and abandoning module TextureCompressor (28)
[2017.04.26-19.39.37:341][537]LogModuleManager: Shutting down and abandoning module ShaderCore (26)
[2017.04.26-19.39.37:341][537]LogModuleManager: Shutting down and abandoning module Landscape (24)
[2017.04.26-19.39.37:341][537]LogModuleManager: Shutting down and abandoning module SlateRHIRenderer (22)
[2017.04.26-19.39.37:346][537]LogModuleManager: Shutting down and abandoning module OpenGLDrv (20)
[2017.04.26-19.39.37:346][537]LogModuleManager: Shutting down and abandoning module D3D11RHI (18)
[2017.04.26-19.39.37:346][537]LogModuleManager: Shutting down and abandoning module AnimGraphRuntime (16)
[2017.04.26-19.39.37:346][537]LogModuleManager: Shutting down and abandoning module Renderer (14)
[2017.04.26-19.39.37:346][537]LogModuleManager: Shutting down and abandoning module Engine (12)
[2017.04.26-19.39.37:346][537]LogModuleManager: Shutting down and abandoning module CoreUObject (10)
[2017.04.26-19.39.37:346][537]LogModuleManager: Shutting down and abandoning module NetworkFile (8)
[2017.04.26-19.39.37:346][537]LogModuleManager: Shutting down and abandoning module StreamingFile (6)
[2017.04.26-19.39.37:346][537]LogModuleManager: Shutting down and abandoning module SandboxFile (4)
[2017.04.26-19.39.37:346][537]LogModuleManager: Shutting down and abandoning module PakFile (2)
[2017.04.26-19.39.37:347][537]LogExit: Exiting.
[2017.04.26-19.39.37:349][537]Log file closed, 04/26/17 21:39:37
