Log file open, 05/01/17 22:14:35
LogInit:Display: Running engine for game: LastBullet
LogPlatformFile: Not using cached read wrapper
LogInit:Display: RandInit(665274157) SRandInit(665274373).
LogTaskGraph: Started task graph with 5 named threads and 8 total threads with 1 sets of task threads.
LogStats: Stats thread started at 2.866592
LogInit: Using libcurl 7.47.1
LogInit:  - built for x86_64-pc-win32
LogInit:  - supports SSL with OpenSSL/1.0.2g
LogInit:  - supports HTTP deflate (compression) using libz 1.2.8
LogInit:  - other features:
LogInit:      CURL_VERSION_SSL
LogInit:      CURL_VERSION_LIBZ
LogInit:      CURL_VERSION_IPV6
LogInit:      CURL_VERSION_ASYNCHDNS
LogInit:      CURL_VERSION_LARGEFILE
LogInit:      CURL_VERSION_IDN
LogInit:  CurlRequestOptions (configurable via config and command line):
LogInit:  - bVerifyPeer = false  - Libcurl will NOT verify peer certificate
LogInit:  - bUseHttpProxy = false  - Libcurl will NOT use HTTP proxy
LogInit:  - bDontReuseConnections = false  - Libcurl will reuse connections
LogInit:  - CertBundlePath = nullptr  - Libcurl will use whatever was configured at build time.
OCULUS: Info: [CAPI] LibOVR module is located at C:\Program Files\Oculus\Support\oculus-runtime\LibOVRRT64_1.dll
OCULUS: Debug: Connected to the server running version (prod = 1).1.14.0(build = 378771) feature version = 0. Client runs version (prod = 1).1.14.0(build = 378771) feature version = 0
LogHMD: GearVR: Emulating GearVR using Oculus Rift!
LogInit: Build: ++UE4+Release-4.15-CL-3348071
LogInit: Engine Version: 4.15.1-3348071+++UE4+Release-4.15
LogInit: Compatible Engine Version: 4.15.0-3299760+++UE4+Release-4.15
LogInit: Net CL: 3299760
LogDevObjectVersion: Number of dev versions registered: 14
LogDevObjectVersion:   Dev-Blueprints (B0D832E4-1F89-4F0D-ACCF-7EB736FD4AA2): 8
LogDevObjectVersion:   Dev-Build (E1C64328-A22C-4D53-A36C-8E866417BD8C): 0
LogDevObjectVersion:   Dev-Core (375EC13C-06E4-48FB-B500-84F0262A717E): 2
LogDevObjectVersion:   Dev-Editor (E4B068ED-F494-42E9-A231-DA0B2E46BB41): 14
LogDevObjectVersion:   Dev-Framework (CFFC743F-43B0-4480-9391-14DF171D2073): 22
LogDevObjectVersion:   Dev-Mobile (B02B49B5-BB20-44E9-A304-32B752E40360): 0
LogDevObjectVersion:   Dev-Networking (A4E4105C-59A1-49B5-A7C5-40C4547EDFEE): 0
LogDevObjectVersion:   Dev-Online (39C831C9-5AE6-47DC-9A44-9C173E1C8E7C): 0
LogDevObjectVersion:   Dev-Physics (78F01B33-EBEA-4F98-B9B4-84EACCB95AA2): 0
LogDevObjectVersion:   Dev-Platform (6631380F-2D4D-43E0-8009-CF276956A95A): 0
LogDevObjectVersion:   Dev-Rendering (12F88B9F-8875-4AFC-A67C-D90C383ABD29): 12
LogDevObjectVersion:   Dev-Sequencer (7B5AE74C-D270-4C10-A958-57980B212A5A): 3
LogDevObjectVersion:   Dev-VR (D7296918-1DD6-4BDD-9DE2-64A83CC13884): 0
LogDevObjectVersion:   Dev-LoadTimes (C2A15278-BFE7-4AFE-6C17-90FF531DF755): 1
LogInit: Compiled (64-bit): Mar 15 2017 16:52:47
LogInit: Compiled with Visual C++: 19.00.23026.00
LogInit: Build Configuration: Development
LogInit: Branch Name: ++UE4+Release-4.15
LogInit: Command line:  
LogInit: Base directory: D:/Program Files/Epic Games/UE_4.15/Engine/Binaries/Win64/
LogInit: Installed Engine Build: 1
LogInit: Presizing for max 8388607 objects, including 0 objects not considered by GC, pre-allocating 0 bytes for permanent pool.
LogInit: Object subsystem initialized
[2017.05.01-20.14.38:751][  0]LogInit: Selected Device Profile: [Windows]
[2017.05.01-20.14.38:751][  0]LogInit: Applying CVar settings loaded from the selected device profile: [Windows]
[2017.05.01-20.14.38:828][  0]LogInit: Computer: TONIMASTERRACE
[2017.05.01-20.14.38:828][  0]LogInit: User: Toni
[2017.05.01-20.14.38:828][  0]LogInit: CPU Page size=65536, Cores=4
[2017.05.01-20.14.38:828][  0]LogInit: High frequency timer resolution =24.000000 MHz
[2017.05.01-20.14.38:828][  0]LogMemory: Memory total: Physical=8.0GB (8GB approx)
[2017.05.01-20.14.38:828][  0]LogMemory: Platform Memory Stats for Windows
[2017.05.01-20.14.38:828][  0]LogMemory: Process Physical Memory: 270.22 MB used, 270.22 MB peak
[2017.05.01-20.14.38:828][  0]LogMemory: Process Virtual Memory: 265.73 MB used, 265.73 MB peak
[2017.05.01-20.14.38:828][  0]LogMemory: Physical Memory: 4479.03 MB used,  3666.41 MB free, 8145.44 MB total
[2017.05.01-20.14.38:828][  0]LogMemory: Virtual Memory: 685.68 MB used,  3666.41 MB free, 134217728.00 MB total
[2017.05.01-20.14.39:569][  0]LogInit: Overriding culture en with editor configuration.
[2017.05.01-20.14.44:610][  0]LogD3D11RHI: D3D11 adapters:
[2017.05.01-20.14.45:914][  0]LogD3D11RHI:    0. 'NVIDIA GeForce GTX 1070' (Feature Level 11_0)
[2017.05.01-20.14.45:915][  0]LogD3D11RHI:       8119/0/4072 MB DedicatedVideo/DedicatedSystem/SharedSystem, Outputs:1, VendorId:0x10de
[2017.05.01-20.14.45:916][  0]LogD3D11RHI:    1. 'Microsoft Basic Render Driver' (Feature Level 11_0)
[2017.05.01-20.14.45:916][  0]LogD3D11RHI:       0/0/4072 MB DedicatedVideo/DedicatedSystem/SharedSystem, Outputs:0, VendorId:0x1414
[2017.05.01-20.14.45:916][  0]LogD3D11RHI: Chosen D3D11 Adapter: 0
[2017.05.01-20.14.45:926][  0]LogD3D11RHI: Creating new Direct3DDevice
[2017.05.01-20.14.45:927][  0]LogD3D11RHI:     GPU DeviceId: 0x1b81 (for the marketing name, search the web for "GPU Device Id")
[2017.05.01-20.14.45:927][  0]LogWindows: EnumDisplayDevices:
[2017.05.01-20.14.45:928][  0]LogWindows:    0. 'NVIDIA GeForce GTX 1070' (P:1 D:1)
[2017.05.01-20.14.45:929][  0]LogWindows:    1. 'NVIDIA GeForce GTX 1070' (P:0 D:0)
[2017.05.01-20.14.45:931][  0]LogWindows:    2. 'NVIDIA GeForce GTX 1070' (P:0 D:0)
[2017.05.01-20.14.45:932][  0]LogWindows:    3. 'NVIDIA GeForce GTX 1070' (P:0 D:0)
[2017.05.01-20.14.45:933][  0]LogWindows: DebugString: FoundDriverCount:4 
[2017.05.01-20.14.45:933][  0]LogD3D11RHI:     Adapter Name: NVIDIA GeForce GTX 1070
[2017.05.01-20.14.45:933][  0]LogD3D11RHI:   Driver Version: 381.89 (internal:22.21.13.8189, unified:381.89)
[2017.05.01-20.14.45:933][  0]LogD3D11RHI:      Driver Date: 4-19-2017
[2017.05.01-20.14.45:934][  0]LogRHI: Texture pool is 1361 MB (70% of 1945 MB)
[2017.05.01-20.14.48:477][  0]LogD3D11RHI: Async texture creation enabled
[2017.05.01-20.14.48:865][  0]LogD3D11RHI: GPU Timing Frequency: 1000.000000 (Debug: 2 1)
[2017.05.01-20.14.48:951][  0]LogShaderCompilers: Guid format shader working directory is 4 characters bigger than the processId version (../../../../../../LastBulletVR/LastBullet/Intermediate/Shaders/WorkingDirectory/4916/).
[2017.05.01-20.14.48:951][  0]LogShaderCompilers: Cleaned the shader compiler working directory 'C:/Users/Toni/AppData/Local/Temp/UnrealShaderWorkingDir/B1CDF5F14EBE31EEC50B7FA0842FC0DC/'.
[2017.05.01-20.14.48:951][  0]LogShaderCompilers:Display: Using Local Shader Compiler.
[2017.05.01-20.14.56:049][  0]LogTemp:Display: Loaded TP AllDesktopTargetPlatform
[2017.05.01-20.14.56:168][  0]LogTemp:Display: Loaded TP MacClientTargetPlatform
[2017.05.01-20.14.56:284][  0]LogTemp:Display: Loaded TP MacNoEditorTargetPlatform
[2017.05.01-20.14.56:416][  0]LogTemp:Display: Loaded TP MacServerTargetPlatform
[2017.05.01-20.14.56:572][  0]LogTemp:Display: Loaded TP MacTargetPlatform
[2017.05.01-20.14.56:701][  0]LogTemp:Display: Loaded TP WindowsClientTargetPlatform
[2017.05.01-20.14.56:940][  0]LogTemp:Display: Loaded TP WindowsNoEditorTargetPlatform
[2017.05.01-20.14.57:412][  0]LogTemp:Display: Loaded TP WindowsServerTargetPlatform
[2017.05.01-20.14.57:533][  0]LogTemp:Display: Loaded TP WindowsTargetPlatform
[2017.05.01-20.14.57:589][  0]LogTemp:Display: Loaded TP AndroidTargetPlatform
[2017.05.01-20.14.57:663][  0]LogTemp:Display: Loaded TP Android_ASTCTargetPlatform
[2017.05.01-20.14.57:714][  0]LogTemp:Display: Loaded TP Android_ATCTargetPlatform
[2017.05.01-20.14.57:765][  0]LogTemp:Display: Loaded TP Android_DXTTargetPlatform
[2017.05.01-20.14.57:818][  0]LogTemp:Display: Loaded TP Android_ETC1TargetPlatform
[2017.05.01-20.14.57:873][  0]LogTemp:Display: Loaded TP Android_ETC2TargetPlatform
[2017.05.01-20.14.57:984][  0]LogTemp:Display: Loaded TP Android_MultiTargetPlatform
[2017.05.01-20.14.57:984][  0]LogTemp:Display: Loaded TP Android_PVRTCTargetPlatform
[2017.05.01-20.14.58:017][  0]LogTemp:Display: Loaded TP HTML5TargetPlatform
[2017.05.01-20.14.58:190][  0]LogTemp:Display: Loaded TP IOSTargetPlatform
[2017.05.01-20.14.58:219][  0]LogTemp:Display: Loaded TP TVOSTargetPlatform
[2017.05.01-20.14.58:281][  0]LogTemp:Display: Loaded TP LinuxClientTargetPlatform
[2017.05.01-20.14.58:333][  0]LogTemp:Display: Loaded TP LinuxNoEditorTargetPlatform
[2017.05.01-20.14.58:387][  0]LogTemp:Display: Loaded TP LinuxServerTargetPlatform
[2017.05.01-20.14.58:446][  0]LogTemp:Display: Loaded TP LinuxTargetPlatform
[2017.05.01-20.14.58:446][  0]LogTargetPlatformManager:Display: Building Assets For Windows
[2017.05.01-20.14.59:456][  0]LogDerivedDataCache:Display: Max Cache Size: 512 MB
[2017.05.01-20.14.59:887][  0]LogDerivedDataCache: Loaded boot cache 0.43s 51MB C:/Users/Toni/AppData/Local/UnrealEngine/4.15/DerivedDataCache/Boot.ddc.
[2017.05.01-20.14.59:887][  0]LogDerivedDataCache:Display: Loaded Boot cache: C:/Users/Toni/AppData/Local/UnrealEngine/4.15/DerivedDataCache/Boot.ddc
[2017.05.01-20.14.59:887][  0]LogDerivedDataCache: FDerivedDataBackendGraph:  Pak pak cache file ../../../../../../LastBulletVR/LastBullet/DerivedDataCache/DDC.ddp not found, will not use a pak cache.
[2017.05.01-20.14.59:887][  0]LogDerivedDataCache: Unable to find inner node Pak for hierarchical cache Hierarchy.
[2017.05.01-20.14.59:887][  0]LogDerivedDataCache: FDerivedDataBackendGraph:  CompressedPak pak cache file ../../../../../../LastBulletVR/LastBullet/DerivedDataCache/Compressed.ddp not found, will not use a pak cache.
[2017.05.01-20.14.59:887][  0]LogDerivedDataCache: Unable to find inner node CompressedPak for hierarchical cache Hierarchy.
[2017.05.01-20.14.59:951][  0]LogDerivedDataCache:Display: Pak cache opened for reading ../../../Engine/DerivedDataCache/Compressed.ddp.
[2017.05.01-20.14.59:963][  0]LogDerivedDataCache: Using Local data cache path C:/Users/Toni/AppData/Local/UnrealEngine/Common/DerivedDataCache: Writable
[2017.05.01-20.15.00:103][  0]LogSlate: Using Freetype 2.6.0
[2017.05.01-20.15.00:323][  0]LogSlate: SlateFontCache - WITH_FREETYPE: 1, WITH_HARFBUZZ: 1
[2017.05.01-20.15.00:323][  0]LogSlate: SlateFontCache - WITH_FREETYPE: 1, WITH_HARFBUZZ: 1
[2017.05.01-20.15.09:096][  0]LogInit: Selected Device Profile: [Windows]
[2017.05.01-20.15.09:122][  0]LogContentStreaming: Texture pool size is 0.00 MB
[2017.05.01-20.15.09:760][  0]LogMeshUtilities: Using QuadricMeshReduction for automatic static mesh reduction
[2017.05.01-20.15.09:818][  0]LogSimplygon: Simplygon DLL not present - disabling.
[2017.05.01-20.15.09:872][  0]LogMeshUtilities: Using SimplygonSwarm for distributed automatic mesh merging
[2017.05.01-20.15.09:872][  0]LogMeshUtilities: No automatic skeletal mesh reduction module available
[2017.05.01-20.15.09:872][  0]LogMeshUtilities: No automatic mesh merging module available
[2017.05.01-20.15.15:852][  0]LogNetVersion: GetLocalNetworkVersion: CL: 3299760, ProjectName: lastbullet, ProjectVersion: , EngineNetworkVersion: 2, GameNetworkVersion: 0, NetworkChecksum: 1522868599
[2017.05.01-20.15.15:993][  0]LogAssetRegistry: FAssetRegistry took 0.0288 seconds to start up
[2017.05.01-20.15.16:154][  0]LogPackageLocalizationCache: Processed 3 localized package path(s) for 1 prioritized culture(s) in 0.073181 seconds
[2017.05.01-20.15.16:163][  0]LogUObjectArray: 32493 objects as part of root set at end of initial load.
[2017.05.01-20.15.16:163][  0]LogUObjectAllocator: 7077032 out of 0 bytes used by permanent object pool.
[2017.05.01-20.15.16:163][  0]LogUObjectArray: CloseDisregardForGC: 0/0 objects in disregard for GC pool
[2017.05.01-20.15.16:238][  0]LogInit: WinSock: version 1.1 (2.2), MaxSocks=32767, MaxUdp=65467
[2017.05.01-20.15.31:318][  0]LogTcpMessaging: Initializing TcpMessaging bridge
[2017.05.01-20.15.31:407][  0]LogUdpMessaging: Initializing bridge on interface 0.0.0.0:0 to multicast group 230.0.0.1:6666.
[2017.05.01-20.15.32:862][  0]LogMaterial: Uniform references updated for custom material expression Custom.
[2017.05.01-20.15.33:969][  0]SourceControl: Info Source control is disabled
[2017.05.01-20.15.38:429][  0]LogEngine: Initializing Engine...
[2017.05.01-20.15.38:446][  0]LogHMD: Oculus plugin initialized. Version: 4.15.1-3348071+++UE4+Release-4.15, LibOVR: 1.14.0, SDK: 1.10.0, built Mar 15 2017, 16:59:09
[2017.05.01-20.15.39:333][  0]LogAIModule: Creating AISystem for world Untitled
[2017.05.01-20.15.39:418][  0]LogInit: XAudio2 using 'BenQ GL2250H-4 (NVIDIA High Definition Audio)' : 2 channels at 48 kHz using 16 bits per sample (channel mask 0x3)
[2017.05.01-20.15.39:440][  0]LogInit: FAudioDevice initialized.
[2017.05.01-20.15.39:483][  0]LogDerivedDataCache: Saved boot cache 0.04s 51MB C:/Users/Toni/AppData/Local/UnrealEngine/4.15/DerivedDataCache/Boot.ddc.
[2017.05.01-20.15.39:506][  0]LogInit: Texture streaming: Enabled
[2017.05.01-20.15.39:672][  0]LogEngineSessionManager: EngineSessionManager initialized
[2017.05.01-20.15.39:672][  0]LogEngineSessionManager: EngineSessionManager sent abnormal shutdown report. Type=Crashed, SessionId={63F38DBC-4BAD-07B1-F5E4-85B7D315AC35}
[2017.05.01-20.15.39:973][  0]LogInit: Transaction tracking system initialized
[2017.05.01-20.15.40:634][  0]BlueprintLog: New page: Editor Load
[2017.05.01-20.15.42:908][  0]LocalizationService: Info Localization service is disabled
[2017.05.01-20.15.44:081][  0]LogConsoleResponse:Display: 
[2017.05.01-20.15.45:550][  0]LogCook:Display: Max memory allowance for cook 16384mb min free memory 0mb
[2017.05.01-20.15.45:550][  0]LogCook:Display: Mobile HDR setting 1
[2017.05.01-20.15.46:103][  0]LogFileCache: Scanning file cache for directory 'D:/LastBulletVR/LastBullet/Content/' took 0.07s
[2017.05.01-20.15.48:481][  0]Cmd: MAP LOAD FILE="../../../../../../LastBulletVR/LastBullet/Content/StarterContent/Maps/Minimal_Default.umap" TEMPLATE=0 SHOWPROGRESS=1 FEATURELEVEL=3
[2017.05.01-20.15.48:483][  0]LightingResults: New page: Lighting Build
[2017.05.01-20.15.48:685][  0]MapCheck: New page: Map Check
[2017.05.01-20.15.48:685][  0]LightingResults: New page: Lighting Build
[2017.05.01-20.15.48:886][  0]LogLinker:Warning: Asset '../../../../../../LastBulletVR/LastBullet/Content/Blueprints/modul_transporttransport_16_Blueprint.uasset' has been saved with empty engine version. The asset will be loaded but may be incompatible.
[2017.05.01-20.15.49:399][  0]LogBlueprint:Warning: Node '/Game/Blueprints/modul_transporttransport_16_Blueprint.modul_transporttransport_16_Blueprint:EdGraph_0.K2Node_FunctionEntry_359' missing NodeGuid because of upgrade from old package version, this can cause deterministic cooking issues please resave package.
[2017.05.01-20.15.49:445][  0]LogBlueprint:Warning: Node '/Game/Blueprints/modul_transporttransport_16_Blueprint.modul_transporttransport_16_Blueprint:EdGraph_1.K2Node_FunctionEntry_359' missing NodeGuid because of upgrade from old package version, this can cause deterministic cooking issues please resave package.
[2017.05.01-20.15.49:483][  0]LogBlueprint:Warning: Node '/Game/Blueprints/modul_transporttransport_16_Blueprint.modul_transporttransport_16_Blueprint:EdGraph_2.K2Node_FunctionEntry_359' missing NodeGuid because of upgrade from old package version, this can cause deterministic cooking issues please resave package.
[2017.05.01-20.15.50:305][  0]LogBlueprint:Warning: [WeaponComponent] 'GunOffset' variable not found. Base class was probably changed.
[2017.05.01-20.15.50:328][  0]LogBlueprint:Warning: [WeaponComponent] 'AmmoBar' variable not found. Base class was probably changed.
[2017.05.01-20.15.50:328][  0]LogBlueprint:Warning: [WeaponComponent] 'AmmoBar' variable not found. Base class was probably changed.
[2017.05.01-20.15.50:328][  0]LogBlueprint:Warning: [WeaponComponent] 'Mesh2P' variable not found. Base class was probably changed.
[2017.05.01-20.15.50:333][  0]LogBlueprint:Warning: [WeaponComponent] 'Sphere' variable not found. Base class was probably changed.
[2017.05.01-20.15.50:333][  0]LogBlueprint:Warning: [WeaponComponent] 'FirstPersonCamera' variable not found. Base class was probably changed.
[2017.05.01-20.15.50:333][  0]LogBlueprint:Warning: [WeaponComponent] 'UsingMotionControllers?' variable not found. Base class was probably changed.
[2017.05.01-20.15.50:333][  0]LogBlueprint:Warning: [WeaponComponent] 'VR_Marker' variable not found. Base class was probably changed.
[2017.05.01-20.15.50:333][  0]LogBlueprint:Warning: [WeaponComponent] 'WeaponComponent' variable not found. Base class was probably changed.
[2017.05.01-20.15.50:333][  0]LogBlueprint:Warning: [WeaponComponent] 'WeaponComponent' variable not found. Base class was probably changed.
[2017.05.01-20.15.50:333][  0]LogBlueprint:Warning: [WeaponComponent] 'WeaponComponent' variable not found. Base class was probably changed.
[2017.05.01-20.15.50:334][  0]LogBlueprint:Warning: [WeaponComponent] 'AmmoBar' variable not found. Base class was probably changed.
[2017.05.01-20.15.50:334][  0]LogBlueprint:Warning: [WeaponComponent] 'AmmoBar' variable not found. Base class was probably changed.
[2017.05.01-20.15.50:335][  0]LogBlueprint:Warning: [WeaponComponent] 'WeaponComponent' variable not found. Base class was probably changed.
[2017.05.01-20.15.50:335][  0]LogBlueprint:Warning: [WeaponComponent] 'WeaponComponent' variable not found. Base class was probably changed.
[2017.05.01-20.15.50:335][  0]LogBlueprint:Warning: [WeaponComponent] 'WeaponComponent' variable not found. Base class was probably changed.
[2017.05.01-20.15.50:335][  0]LogBlueprint:Warning: [WeaponComponent] 'WeaponComponent' variable not found. Base class was probably changed.
[2017.05.01-20.15.50:335][  0]LogBlueprint:Warning: [WeaponComponent] 'WeaponComponent' variable not found. Base class was probably changed.
[2017.05.01-20.15.50:335][  0]LogBlueprint:Warning: [WeaponComponent] 'WeaponComponent' variable not found. Base class was probably changed.
[2017.05.01-20.15.50:335][  0]LogBlueprint:Warning: [WeaponComponent] 'WeaponComponent' variable not found. Base class was probably changed.
[2017.05.01-20.15.50:335][  0]LogBlueprint:Warning: [WeaponComponent] 'WeaponComponent' variable not found. Base class was probably changed.
[2017.05.01-20.15.50:335][  0]LogBlueprint:Warning: [WeaponComponent] 'WeaponComponent' variable not found. Base class was probably changed.
[2017.05.01-20.15.50:335][  0]LogBlueprint:Warning: [WeaponComponent] 'WeaponComponent' variable not found. Base class was probably changed.
[2017.05.01-20.15.52:986][  0]LogBlueprint:Warning: [HUD] 'AmmoTotal' variable not found. Base class was probably changed.
[2017.05.01-20.15.53:006][  0]LogBlueprint:Error: [Compiler HUD] Error Failed to resolve term passed into  Value
[2017.05.01-20.15.53:020][  0]LogBlueprint:Warning: [Compiler HUD] Warning [0086.74] Compile of HUD failed. 1 Fatal Issue(s) 0 Warning(s) [in 18 ms] (/Game/FirstPersonBP/Maps/HUD.HUD)
[2017.05.01-20.15.53:020][  0]LogBlueprint:Warning: [Compiler HUD] Warning [0086.74] Compile of HUD failed. 1 Fatal Issue(s) 1 Warning(s) [in 0 ms] (/Game/FirstPersonBP/Maps/HUD.HUD)
[2017.05.01-20.15.53:020][  0]LogBlueprint:Warning: [Compiler HUD] Warning [0086.74] Compile of HUD failed. 1 Fatal Issue(s) 2 Warning(s) [in 0 ms] (/Game/FirstPersonBP/Maps/HUD.HUD)
[2017.05.01-20.15.54:932][  0]LogBlueprint:Warning: [PistolActor_Blueprint] 'VR_Marker' variable not found. Base class was probably changed.
[2017.05.01-20.15.55:370][  0]LogBlueprint:Warning: [HUD] 'AmmoTotal' variable not found. Base class was probably changed.
[2017.05.01-20.16.00:019][  0]LogLinker:Warning: Asset '../../../../../../LastBulletVR/LastBullet/Content/Meshes/Space/StarMap_Nebula_1_Mat.uasset' has been saved with empty engine version. The asset will be loaded but may be incompatible.
[2017.05.01-20.16.00:052][  0]LogLinker:Warning: Asset '../../../../../../LastBulletVR/LastBullet/Content/Meshes/Space/StarMap_Nebula_1.uasset' has been saved with empty engine version. The asset will be loaded but may be incompatible.
[2017.05.01-20.16.00:185][  0]LogLinker:Warning: Asset '../../../../../../LastBulletVR/LastBullet/Content/Meshes/Space/FX_Map_7.uasset' has been saved with empty engine version. The asset will be loaded but may be incompatible.
[2017.05.01-20.16.00:201][  0]LogLinker:Warning: Asset '../../../../../../LastBulletVR/LastBullet/Content/Meshes/Space/StarMap_1.uasset' has been saved with empty engine version. The asset will be loaded but may be incompatible.
[2017.05.01-20.16.05:803][  0]LogBlueprint:Warning: Node '/Game/Blueprints/modul_transporttransport_16_Blueprint.modul_transporttransport_16_Blueprint:UserConstructionScript.K2Node_FunctionEntry_359' missing NodeGuid because of upgrade from old package version, this can cause deterministic cooking issues please resave package.
[2017.05.01-20.16.11:599][  0]LogAIModule: Creating AISystem for world Minimal_Default
[2017.05.01-20.16.12:442][  0]LogEditorServer: Finished looking for orphan Actors (0.000 secs)
[2017.05.01-20.16.12:522][  0]Cmd: MAP CHECKDEP NOCLEARLOG
[2017.05.01-20.16.12:789][  0]MapCheck: Info Map check complete: 0 Error(s), 0 Warning(s), took 266.946ms to complete.
[2017.05.01-20.16.12:791][  0]LogFileHelpers: Loading map 'Minimal_Default' took 24.320
[2017.05.01-20.16.15:703][  0]LogCollectionManager: Loaded 0 collections in 0.000951 seconds
[2017.05.01-20.16.15:967][  0]LogFileCache: Scanning file cache for directory 'D:/LastBulletVR/LastBullet/Saved/Collections/' took 0.01s
[2017.05.01-20.16.15:967][  0]LogFileCache: Scanning file cache for directory 'D:/LastBulletVR/LastBullet/Content/Developers/Toni/Collections/' took 0.01s
[2017.05.01-20.16.15:967][  0]LogFileCache: Scanning file cache for directory 'D:/LastBulletVR/LastBullet/Content/Collections/' took 0.01s
[2017.05.01-20.16.15:967][  0]LogCollectionManager: Rebuilt the GUID cache for 0 collections in 0.000009 seconds
[2017.05.01-20.16.15:985][  0]LogContentBrowser: Native class hierarchy populated in 0.0152 seconds. Added 2245 classes and 453 folders.
[2017.05.01-20.16.16:137][  0]LogStats: UGameplayTagsManager::ConstructGameplayTagTree: Construct from data asset -  0.009 s
[2017.05.01-20.16.16:146][  0]LogStats: UGameplayTagsManager::ConstructGameplayTagTree: GameplayTagTreeChangedEvent.Broadcast -  0.008 s
[2017.05.01-20.16.16:262][  0]LogContentBrowser: Native class hierarchy updated for 'WidgetCarousel' in 0.0006 seconds. Added 0 classes and 0 folders.
[2017.05.01-20.16.17:452][  0]LogContentBrowser: Native class hierarchy updated for 'AddContentDialog' in 0.0005 seconds. Added 0 classes and 0 folders.
[2017.05.01-20.16.17:585][  0]LogContentBrowser: Native class hierarchy updated for 'SceneOutliner' in 0.0006 seconds. Added 1 classes and 2 folders.
[2017.05.01-20.16.18:001][  0]LogCrashTracker: Crashtracker disabled due to settings.
[2017.05.01-20.16.18:214][  0]LogUObjectGlobals:Warning: Failed to find object 'Class None.'
[2017.05.01-20.16.18:442][  0]LogContentBrowser: Native class hierarchy updated for 'HierarchicalLODOutliner' in 0.0013 seconds. Added 1 classes and 2 folders.
[2017.05.01-20.16.18:446][  0]LogLoad: (Engine Initialization) Total time: 112.17 seconds
[2017.05.01-20.16.18:446][  0]LogLoad: (Engine Initialization) Total Blueprint compile time: 1.42 seconds
[2017.05.01-20.16.18:446][  0]LogExternalProfiler: Found external profiler: VSPerf
[2017.05.01-20.16.18:446][  0]LogExternalProfiler: Using external profiler: VSPerf
[2017.05.01-20.16.18:848][  0]LogOcInput: OculusInput pre-init called
[2017.05.01-20.16.18:882][  0]LogOcInput: OculusInput is initialized. Init status 0. Runtime version: 1.14.0
[2017.05.01-20.16.19:421][  0]SourceControl: Info On branch FixingGunsOffset
[2017.05.01-20.16.19:421][  0]SourceControl: Info Your branch is up-to-date with 'origin/FixingGunsOffset'.
[2017.05.01-20.16.19:421][  0]SourceControl: Info Changes to be committed:
[2017.05.01-20.16.19:421][  0]SourceControl: Info   (use "git reset HEAD <file>..." to unstage)
[2017.05.01-20.16.19:421][  0]SourceControl: Info 	new file:   LastBullet/Content/FirstPerson/Animations/SK_Mannequin_Arms_Skeleton_Sequence_Assault_Pose.uasset
[2017.05.01-20.16.19:421][  0]SourceControl: Info 	new file:   LastBullet/Content/FirstPerson/Animations/SK_Mannequin_Arms_Skeleton_Sequence_Sniper_pose.uasset
[2017.05.01-20.16.19:421][  0]SourceControl: Info Changes not staged for commit:
[2017.05.01-20.16.19:421][  0]SourceControl: Info   (use "git add/rm <file>..." to update what will be committed)
[2017.05.01-20.16.19:421][  0]SourceControl: Info   (use "git checkout -- <file>..." to discard changes in working directory)
[2017.05.01-20.16.19:421][  0]SourceControl: Info 	modified:   LastBullet/Content/FirstPerson/Animations/FirstPerson_AnimBP.uasset
[2017.05.01-20.16.19:421][  0]SourceControl: Info 	modified:   LastBullet/Content/FirstPerson/Animations/SK_Mannequin_Arms_Skeleton_Sequence_Assault_Pose.uasset
[2017.05.01-20.16.19:421][  0]SourceControl: Info 	modified:   LastBullet/Content/FirstPerson/Animations/SK_Mannequin_Arms_Skeleton_Sequence_Sniper_pose.uasset
[2017.05.01-20.16.19:421][  0]SourceControl: Info 	modified:   LastBullet/Content/FirstPerson/Character/Mesh/SK_Mannequin_Arms.uasset
[2017.05.01-20.16.19:421][  0]SourceControl: Info 	modified:   LastBullet/Content/FirstPerson/Character/Mesh/SK_Mannequin_Arms_Skeleton.uasset
[2017.05.01-20.16.19:421][  0]SourceControl: Info 	modified:   LastBullet/Content/FirstPersonBP/Blueprints/FirstPersonCharacter.uasset
[2017.05.01-20.16.19:421][  0]SourceControl: Info 	modified:   LastBullet/Content/FirstPersonBP/Blueprints/WeaponENUM.uasset
[2017.05.01-20.16.19:421][  0]SourceControl: Info 	modified:   LastBullet/Content/FirstPersonBP/WeaponBP/Assault/AssaultActor_Blueprint.uasset
[2017.05.01-20.16.19:421][  0]SourceControl: Info 	modified:   LastBullet/Content/FirstPersonBP/WeaponBP/Sniper/Sniper_Blueprint.uasset
[2017.05.01-20.16.19:421][  0]SourceControl: Info 	modified:   LastBullet/Content/StarterContent/Maps/Minimal_Default.umap
[2017.05.01-20.16.19:421][  0]SourceControl: Info 	modified:   LastBullet/Intermediate/CachedAssetRegistry.bin
[2017.05.01-20.16.19:421][  0]SourceControl: Info 	modified:   LastBullet/Saved/AutoScreenshot.png
[2017.05.01-20.16.19:421][  0]SourceControl: Info 	modified:   LastBullet/Saved/Autosaves/Game/FirstPersonBP/Blueprints/FirstPersonCharacter_Auto3.uasset
[2017.05.01-20.16.19:421][  0]SourceControl: Info 	modified:   LastBullet/Saved/Autosaves/Game/StarterContent/Maps/Minimal_Default_Auto1.umap
[2017.05.01-20.16.19:421][  0]SourceControl: Info 	modified:   LastBullet/Saved/Autosaves/Game/StarterContent/Maps/Minimal_Default_Auto2.umap
[2017.05.01-20.16.19:421][  0]SourceControl: Info 	modified:   LastBullet/Saved/Autosaves/Game/StarterContent/Maps/Minimal_Default_Auto3.umap
[2017.05.01-20.16.19:421][  0]SourceControl: Info 	modified:   LastBullet/Saved/Autosaves/PackageRestoreData.json
[2017.05.01-20.16.19:421][  0]SourceControl: Info 	deleted:    LastBullet/Saved/Backup/Ruben_2017-04-28-13-14-42.umap
[2017.05.01-20.16.19:421][  0]SourceControl: Info 	deleted:    LastBullet/Saved/Backup/Ruben_2017-04-28-18-37-51.umap
[2017.05.01-20.16.19:421][  0]SourceControl: Info 	deleted:    LastBullet/Saved/Backup/Ruben_2017-04-28-18-58-04.umap
[2017.05.01-20.16.19:421][  0]SourceControl: Info 	deleted:    LastBullet/Saved/Backup/Ruben_2017-04-28-19-17-40.umap
[2017.05.01-20.16.19:421][  0]SourceControl: Info 	deleted:    LastBullet/Saved/Backup/Ruben_2017-04-28-19-25-30.umap
[2017.05.01-20.16.19:421][  0]SourceControl: Info 	deleted:    LastBullet/Saved/Backup/Ruben_2017-04-28-19-39-27.umap
[2017.05.01-20.16.19:421][  0]SourceControl: Info 	deleted:    LastBullet/Saved/Backup/Ruben_2017-04-28-19-46-40.umap
[2017.05.01-20.16.19:421][  0]SourceControl: Info 	deleted:    LastBullet/Saved/Backup/Ruben_BuiltData_2017-04-26-13-36-06.uasset
[2017.05.01-20.16.19:421][  0]SourceControl: Info 	modified:   LastBullet/Saved/Config/Windows/Editor.ini
[2017.05.01-20.16.19:421][  0]SourceControl: Info 	modified:   LastBullet/Saved/Config/Windows/EditorPerProjectUserSettings.ini
[2017.05.01-20.16.19:421][  0]SourceControl: Info 	modified:   LastBullet/Saved/Config/Windows/Engine.ini
[2017.05.01-20.16.19:422][  0]SourceControl: Info 	deleted:    LastBullet/Saved/Logs/LastBullet-backup-2017.04.28-17.54.53.log
[2017.05.01-20.16.19:422][  0]SourceControl: Info 	deleted:    LastBullet/Saved/Logs/LastBullet-backup-2017.04.28-18.17.07.log
[2017.05.01-20.16.19:422][  0]SourceControl: Info 	deleted:    LastBullet/Saved/Logs/LastBullet-backup-2017.04.28-20.11.07.log
[2017.05.01-20.16.19:422][  0]SourceControl: Info 	deleted:    LastBullet/Saved/Logs/LastBullet-backup-2017.04.28-20.36.44.log
[2017.05.01-20.16.19:422][  0]SourceControl: Info 	deleted:    LastBullet/Saved/Logs/LastBullet-backup-2017.04.29-00.05.45.log
[2017.05.01-20.16.19:422][  0]SourceControl: Info 	modified:   LastBullet/Saved/Logs/LastBullet.log
[2017.05.01-20.16.19:422][  0]SourceControl: Info Untracked files:
[2017.05.01-20.16.19:422][  0]SourceControl: Info   (use "git add <file>..." to include in what will be committed)
[2017.05.01-20.16.19:422][  0]SourceControl: Info 	LastBullet/Saved/Logs/LastBullet-backup-2017.04.30-12.43.45.log
[2017.05.01-20.16.19:422][  0]SourceControl: Info 	LastBullet/Saved/Logs/LastBullet-backup-2017.04.30-15.19.36.log
[2017.05.01-20.16.19:422][  0]SourceControl: Info 	LastBullet/Saved/Logs/LastBullet-backup-2017.05.01-14.52.10.log
[2017.05.01-20.16.19:422][  0]SourceControl: Info 	LastBullet/Saved/Logs/LastBullet-backup-2017.05.01-17.09.47.log
[2017.05.01-20.16.19:422][  0]SourceControl: Info 	LastBullet/Saved/Logs/LastBullet-backup-2017.05.01-22.14.35.log
[2017.05.01-20.16.19:422][  0]SourceControl: Info 	LastBullet/Saved/Logs/UE4CC-Windows-57F6990141C49B7CC2A40B900BDEBB6D/
[2017.05.01-20.16.19:422][  0]SourceControl: Info 	LastBullet/Saved/Logs/UE4CC-Windows-57F6990141C49B7CC2A40B900BDEBB6D_0000/
[2017.05.01-20.16.19:422][  0]SourceControl: Info 	LastBullet/Saved/Logs/UE4CC-Windows-AAC0669A4C421525858E448551508FAB/
[2017.05.01-20.16.19:422][  0]SourceControl: Info 	LastBullet/Saved/Logs/UE4CC-Windows-B09ACFBD4BFEF2AEE392FAB1F22FBE00/
[2017.05.01-20.16.19:422][  0]SourceControl: Info 	LastBullet/Saved/Logs/UE4CC-Windows-B09ACFBD4BFEF2AEE392FAB1F22FBE00_0000/
[2017.05.01-20.16.19:422][  0]SourceControl: Info 	LastBullet/Saved/Logs/UE4CC-Windows-DD21B0DD49EE5BAF0184EBA74209DB96/
[2017.05.01-20.16.19:422][  0]SourceControl: Info 	LastBullet/Saved/Logs/UE4CC-Windows-FCE4EB614E8BC452F0F61E889B2A432F/
[2017.05.01-20.16.19:431][  0]LogContentStreaming: Texture pool size now 1000 MB
[2017.05.01-20.16.19:565][  0]LogSlate: Took 0.014308 seconds to synchronously load lazily loaded font '../../../Engine/Content/Slate/Fonts/Roboto-Regular.ttf' (155K)
[2017.05.01-20.16.19:587][  0]LogSlate: Took 0.004070 seconds to synchronously load lazily loaded font '../../../Engine/Content/Slate/Fonts/Roboto-Bold.ttf' (160K)
[2017.05.01-20.16.19:651][  0]LogSlate: Took 0.019080 seconds to synchronously load lazily loaded font '../../../Engine/Content/Editor/Slate/Fonts/FontAwesome.ttf' (139K)
[2017.05.01-20.16.20:752][  0]LogRenderer: Reallocating scene render targets to support 1208x660 NumSamples 1 (Frame:2).
[2017.05.01-20.16.21:405][  1]LogFileCache: Retrieving MD5 hashes for directory 'D:/LastBulletVR/LastBullet/Content/' took 2.39s
[2017.05.01-20.16.21:907][  1]LogSlate: Took 0.021252 seconds to synchronously load lazily loaded font '../../../Engine/Content/Slate/Fonts/Roboto-Light.ttf' (159K)
[2017.05.01-20.16.22:233][  2]LogSlate: Took 0.000302 seconds to synchronously load lazily loaded font '../../../Engine/Content/Slate/Fonts/Roboto-Light.ttf' (159K)
[2017.05.01-20.16.24:684][ 10]LogAssetRegistry: Asset discovery search completed in 68.7190 seconds
[2017.05.01-20.16.24:696][ 10]LogCollectionManager: Rebuilt the object cache for 0 collections in 0.011436 seconds (found 0 objects)
[2017.05.01-20.16.24:696][ 10]LogCollectionManager: Fixed up redirectors for 0 collections in 0.011880 seconds (updated 0 objects)
[2017.05.01-20.22.02:258][664]LogScript:Warning: Accessed None trying to read property PlayerReference
	FirstPerson_AnimBP_C /Engine/Transient.World_2:PersistentLevel.SkeletalMeshActor_0.SkeletalMeshComponent0.FirstPerson_AnimBP_C_0
	Function /Game/FirstPerson/Animations/FirstPerson_AnimBP.FirstPerson_AnimBP_C:ExecuteUbergraph_FirstPerson_AnimBP:02DE
[2017.05.01-20.22.02:263][664]LogWindows: Windows GetLastError: La operación se completó correctamente. (0)
[2017.05.01-20.22.06:159][664]LogCrashTracker: 


[2017.05.01-20.22.06:159][664]LogCrashTracker: 


[2017.05.01-20.22.06:159][664]LogWindows:Error: === Critical error: ===
[2017.05.01-20.22.06:159][664]LogWindows:Error: 
[2017.05.01-20.22.06:159][664]LogWindows:Error: Assertion failed: (Index >= 0) & (Index < ArrayNum) [File:D:\Build\++UE4+Release-4.15+Compile\Sync\Engine\Source\Runtime\Core\Public\Containers/Array.h] [Line: 633] 
[2017.05.01-20.22.06:159][664]LogWindows:Error: Array index out of bounds: 3 from an array of size 3
[2017.05.01-20.22.06:159][664]LogWindows:Error: 
[2017.05.01-20.22.06:159][664]LogWindows:Error: 
[2017.05.01-20.22.06:159][664]LogWindows:Error: KERNELBASE.dll!0x00000000A6B63C58
[2017.05.01-20.22.06:159][664]LogWindows:Error: UE4Editor-Core.dll!0x000000006F8364EE
[2017.05.01-20.22.06:159][664]LogWindows:Error: UE4Editor-Core.dll!0x000000006F65CEEE
[2017.05.01-20.22.06:159][664]LogWindows:Error: UE4Editor-Core.dll!0x000000006F5E2729
[2017.05.01-20.22.06:159][664]LogWindows:Error: UE4Editor-AnimGraphRuntime.dll!0x0000000059DD5E60
[2017.05.01-20.22.06:159][664]LogWindows:Error: UE4Editor-Engine.dll!0x0000000060D166D4
[2017.05.01-20.22.06:159][664]LogWindows:Error: UE4Editor-Engine.dll!0x0000000060CABBBB
[2017.05.01-20.22.06:159][664]LogWindows:Error: UE4Editor-Engine.dll!0x0000000060CAAD38
[2017.05.01-20.22.06:159][664]LogWindows:Error: UE4Editor-Engine.dll!0x0000000060CAB983
[2017.05.01-20.22.06:159][664]LogWindows:Error: UE4Editor-Engine.dll!0x0000000060F8D7AF
[2017.05.01-20.22.06:159][664]LogWindows:Error: UE4Editor-Engine.dll!0x0000000060F6E68C
[2017.05.01-20.22.06:159][664]LogWindows:Error: UE4Editor-Engine.dll!0x0000000060F85A8F
[2017.05.01-20.22.06:159][664]LogWindows:Error: UE4Editor-UnrealEd.dll!0x000000005F28A55A
[2017.05.01-20.22.06:159][664]LogWindows:Error: UE4Editor-UnrealEd.dll!0x000000005F219D34
[2017.05.01-20.22.06:159][664]LogWindows:Error: UE4Editor-UnrealEd.dll!0x000000005EF0A33B
[2017.05.01-20.22.06:159][664]LogWindows:Error: UE4Editor-UnrealEd.dll!0x000000005E79D4C3
[2017.05.01-20.22.06:159][664]LogWindows:Error: UE4Editor-UnrealEd.dll!0x000000005EA87C47
[2017.05.01-20.22.06:159][664]LogWindows:Error: UE4Editor-UnrealEd.dll!0x000000005EA85979
[2017.05.01-20.22.06:160][664]LogWindows:Error: UE4Editor-UnrealEd.dll!0x000000005F292086
[2017.05.01-20.22.06:160][664]LogWindows:Error: UE4Editor.exe!0x000000003B49DEE3
[2017.05.01-20.22.06:160][664]LogWindows:Error: UE4Editor.exe!0x000000003B48EB40
[2017.05.01-20.22.06:160][664]LogWindows:Error: UE4Editor.exe!0x000000003B48EBBA
[2017.05.01-20.22.06:160][664]LogWindows:Error: UE4Editor.exe!0x000000003B4A0A29
[2017.05.01-20.22.06:160][664]LogWindows:Error: UE4Editor.exe!0x000000003B4A22B6
[2017.05.01-20.22.06:160][664]LogWindows:Error: KERNEL32.DLL!0x00000000A98C8364
[2017.05.01-20.22.06:160][664]LogWindows:Error: ntdll.dll!0x00000000AA4770D1
[2017.05.01-20.22.06:160][664]LogWindows:Error: ntdll.dll!0x00000000AA4770D1
[2017.05.01-20.22.06:160][664]LogWindows:Error: 
[2017.05.01-20.22.06:195][664]LogExit: Executing StaticShutdownAfterError
[2017.05.01-20.22.06:315][664]LogWindows: FPlatformMisc::RequestExit(1)
[2017.05.01-20.22.06:332][664]Log file closed, 05/01/17 22:22:06
