Log file open, 04/27/17 20:12:48
LogInit:Display: Running engine for game: LastBullet
LogPlatformFile: Not using cached read wrapper
LogInit:Display: RandInit(2052440287) SRandInit(2052440301).
LogTaskGraph: Started task graph with 5 named threads and 8 total threads with 1 sets of task threads.
LogStats: Stats thread started at 0.106752
LogInit: Using libcurl 7.47.1
LogInit:  - built for x86_64-pc-win32
LogInit:  - supports SSL with OpenSSL/1.0.2g
LogInit:  - supports HTTP deflate (compression) using libz 1.2.8
LogInit:  - other features:
LogInit:      CURL_VERSION_SSL
LogInit:      CURL_VERSION_LIBZ
LogInit:      CURL_VERSION_IPV6
LogInit:      CURL_VERSION_ASYNCHDNS
LogInit:      CURL_VERSION_LARGEFILE
LogInit:      CURL_VERSION_IDN
LogInit:  CurlRequestOptions (configurable via config and command line):
LogInit:  - bVerifyPeer = false  - Libcurl will NOT verify peer certificate
LogInit:  - bUseHttpProxy = false  - Libcurl will NOT use HTTP proxy
LogInit:  - bDontReuseConnections = false  - Libcurl will reuse connections
LogInit:  - CertBundlePath = nullptr  - Libcurl will use whatever was configured at build time.
LogInit: Build: ++UE4+Release-4.15-CL-3348071
LogInit: Engine Version: 4.15.1-3348071+++UE4+Release-4.15
LogInit: Compatible Engine Version: 4.15.0-3299760+++UE4+Release-4.15
LogInit: Net CL: 3299760
LogDevObjectVersion: Number of dev versions registered: 14
LogDevObjectVersion:   Dev-Blueprints (B0D832E4-1F89-4F0D-ACCF-7EB736FD4AA2): 8
LogDevObjectVersion:   Dev-Build (E1C64328-A22C-4D53-A36C-8E866417BD8C): 0
LogDevObjectVersion:   Dev-Core (375EC13C-06E4-48FB-B500-84F0262A717E): 2
LogDevObjectVersion:   Dev-Editor (E4B068ED-F494-42E9-A231-DA0B2E46BB41): 14
LogDevObjectVersion:   Dev-Framework (CFFC743F-43B0-4480-9391-14DF171D2073): 22
LogDevObjectVersion:   Dev-Mobile (B02B49B5-BB20-44E9-A304-32B752E40360): 0
LogDevObjectVersion:   Dev-Networking (A4E4105C-59A1-49B5-A7C5-40C4547EDFEE): 0
LogDevObjectVersion:   Dev-Online (39C831C9-5AE6-47DC-9A44-9C173E1C8E7C): 0
LogDevObjectVersion:   Dev-Physics (78F01B33-EBEA-4F98-B9B4-84EACCB95AA2): 0
LogDevObjectVersion:   Dev-Platform (6631380F-2D4D-43E0-8009-CF276956A95A): 0
LogDevObjectVersion:   Dev-Rendering (12F88B9F-8875-4AFC-A67C-D90C383ABD29): 12
LogDevObjectVersion:   Dev-Sequencer (7B5AE74C-D270-4C10-A958-57980B212A5A): 3
LogDevObjectVersion:   Dev-VR (D7296918-1DD6-4BDD-9DE2-64A83CC13884): 0
LogDevObjectVersion:   Dev-LoadTimes (C2A15278-BFE7-4AFE-6C17-90FF531DF755): 1
LogInit: Compiled (64-bit): Mar 15 2017 16:52:47
LogInit: Compiled with Visual C++: 19.00.23026.00
LogInit: Build Configuration: Development
LogInit: Branch Name: ++UE4+Release-4.15
LogInit: Command line:  
LogInit: Base directory: D:/EpicGames/UE_4.15/Engine/Binaries/Win64/
LogInit: Installed Engine Build: 1
LogInit: Presizing for max 8388607 objects, including 0 objects not considered by GC, pre-allocating 0 bytes for permanent pool.
LogInit: Object subsystem initialized
[2017.04.27-18.12.51:073][  0]LogInit: Selected Device Profile: [Windows]
[2017.04.27-18.12.51:073][  0]LogInit: Applying CVar settings loaded from the selected device profile: [Windows]
[2017.04.27-18.12.51:189][  0]LogInit: Computer: DESKTOP-1OLBMPA
[2017.04.27-18.12.51:189][  0]LogInit: User: julio
[2017.04.27-18.12.51:189][  0]LogInit: CPU Page size=65536, Cores=4
[2017.04.27-18.12.51:189][  0]LogInit: High frequency timer resolution =14.318180 MHz
[2017.04.27-18.12.51:207][  0]LogMemory: Memory total: Physical=8.0GB (8GB approx)
[2017.04.27-18.12.51:207][  0]LogMemory: Platform Memory Stats for Windows
[2017.04.27-18.12.51:207][  0]LogMemory: Process Physical Memory: 263.74 MB used, 263.74 MB peak
[2017.04.27-18.12.51:207][  0]LogMemory: Process Virtual Memory: 262.77 MB used, 262.77 MB peak
[2017.04.27-18.12.51:208][  0]LogMemory: Physical Memory: 3783.52 MB used,  4365.21 MB free, 8148.73 MB total
[2017.04.27-18.12.51:208][  0]LogMemory: Virtual Memory: 645.23 MB used,  4365.21 MB free, 134217728.00 MB total
[2017.04.27-18.12.51:939][  0]LogInit: Overriding culture en with editor configuration.
[2017.04.27-18.12.56:126][  0]LogD3D11RHI: D3D11 adapters:
[2017.04.27-18.12.56:148][  0]LogD3D11RHI:    0. 'AMD Radeon R9 200 Series' (Feature Level 11_0)
[2017.04.27-18.12.56:148][  0]LogD3D11RHI:       3053/0/4074 MB DedicatedVideo/DedicatedSystem/SharedSystem, Outputs:1, VendorId:0x1002
[2017.04.27-18.12.56:150][  0]LogD3D11RHI:    1. 'Microsoft Basic Render Driver' (Feature Level 11_0)
[2017.04.27-18.12.56:150][  0]LogD3D11RHI:       0/0/4074 MB DedicatedVideo/DedicatedSystem/SharedSystem, Outputs:0, VendorId:0x1414
[2017.04.27-18.12.56:150][  0]LogD3D11RHI: Chosen D3D11 Adapter: 0
[2017.04.27-18.12.56:159][  0]LogD3D11RHI: Creating new Direct3DDevice
[2017.04.27-18.12.56:159][  0]LogD3D11RHI:     GPU DeviceId: 0x679a (for the marketing name, search the web for "GPU Device Id")
[2017.04.27-18.12.56:159][  0]LogWindows: EnumDisplayDevices:
[2017.04.27-18.12.56:159][  0]LogWindows:    0. 'AMD Radeon R9 200 Series' (P:1 D:1)
[2017.04.27-18.12.56:159][  0]LogWindows:    1. 'AMD Radeon R9 200 Series' (P:0 D:0)
[2017.04.27-18.12.56:160][  0]LogWindows:    2. 'AMD Radeon R9 200 Series' (P:0 D:0)
[2017.04.27-18.12.56:160][  0]LogWindows:    3. 'AMD Radeon R9 200 Series' (P:0 D:0)
[2017.04.27-18.12.56:160][  0]LogWindows:    4. 'AMD Radeon R9 200 Series' (P:0 D:0)
[2017.04.27-18.12.56:161][  0]LogWindows:    5. 'AMD Radeon R9 200 Series' (P:0 D:0)
[2017.04.27-18.12.56:161][  0]LogWindows: DebugString: FoundDriverCount:6 
[2017.04.27-18.12.56:161][  0]LogD3D11RHI:     Adapter Name: AMD Radeon R9 200 Series
[2017.04.27-18.12.56:161][  0]LogD3D11RHI:   Driver Version: Crimson 16.6 (internal:21.19.137.514, unified:21.19.137.514)
[2017.04.27-18.12.56:161][  0]LogD3D11RHI:      Driver Date: 11-21-2016
[2017.04.27-18.12.56:162][  0]LogRHI: Texture pool is 1361 MB (70% of 1945 MB)
[2017.04.27-18.12.56:249][  0]LogD3D11RHI: Async texture creation enabled
[2017.04.27-18.12.56:691][  0]LogD3D11RHI: GPU Timing Frequency: 27.000000 (Debug: 2 1)
[2017.04.27-18.12.56:758][  0]LogShaderCompilers: Guid format shader working directory is -14 characters bigger than the processId version (../../../../../4ºcurso/Repositorios/LastBulletVR/LastBullet/Intermediate/Shaders/WorkingDirectory/11572/).
[2017.04.27-18.12.56:758][  0]LogShaderCompilers: Cleaned the shader compiler working directory 'C:/Users/julio/AppData/Local/Temp/UnrealShaderWorkingDir/98CCF7F94AB7BF42141B0A93D90BA61D/'.
[2017.04.27-18.12.56:758][  0]LogShaderCompilers:Display: Using Local Shader Compiler.
[2017.04.27-18.13.00:486][  0]LogTemp:Display: Loaded TP AllDesktopTargetPlatform
[2017.04.27-18.13.00:578][  0]LogTemp:Display: Loaded TP MacClientTargetPlatform
[2017.04.27-18.13.00:656][  0]LogTemp:Display: Loaded TP MacNoEditorTargetPlatform
[2017.04.27-18.13.00:729][  0]LogTemp:Display: Loaded TP MacServerTargetPlatform
[2017.04.27-18.13.00:844][  0]LogTemp:Display: Loaded TP MacTargetPlatform
[2017.04.27-18.13.00:914][  0]LogTemp:Display: Loaded TP WindowsClientTargetPlatform
[2017.04.27-18.13.00:985][  0]LogTemp:Display: Loaded TP WindowsNoEditorTargetPlatform
[2017.04.27-18.13.01:054][  0]LogTemp:Display: Loaded TP WindowsServerTargetPlatform
[2017.04.27-18.13.01:110][  0]LogTemp:Display: Loaded TP WindowsTargetPlatform
[2017.04.27-18.13.01:185][  0]LogTemp:Display: Loaded TP AndroidTargetPlatform
[2017.04.27-18.13.01:264][  0]LogTemp:Display: Loaded TP Android_ASTCTargetPlatform
[2017.04.27-18.13.01:333][  0]LogTemp:Display: Loaded TP Android_ATCTargetPlatform
[2017.04.27-18.13.01:403][  0]LogTemp:Display: Loaded TP Android_DXTTargetPlatform
[2017.04.27-18.13.01:497][  0]LogTemp:Display: Loaded TP Android_ETC1TargetPlatform
[2017.04.27-18.13.01:583][  0]LogTemp:Display: Loaded TP Android_ETC2TargetPlatform
[2017.04.27-18.13.01:754][  0]LogTemp:Display: Loaded TP Android_MultiTargetPlatform
[2017.04.27-18.13.01:754][  0]LogTemp:Display: Loaded TP Android_PVRTCTargetPlatform
[2017.04.27-18.13.01:801][  0]LogTemp:Display: Loaded TP HTML5TargetPlatform
[2017.04.27-18.13.01:973][  0]LogTemp:Display: Loaded TP IOSTargetPlatform
[2017.04.27-18.13.02:025][  0]LogTemp:Display: Loaded TP TVOSTargetPlatform
[2017.04.27-18.13.02:096][  0]LogTemp:Display: Loaded TP LinuxClientTargetPlatform
[2017.04.27-18.13.02:171][  0]LogTemp:Display: Loaded TP LinuxNoEditorTargetPlatform
[2017.04.27-18.13.02:251][  0]LogTemp:Display: Loaded TP LinuxServerTargetPlatform
[2017.04.27-18.13.02:348][  0]LogTemp:Display: Loaded TP LinuxTargetPlatform
[2017.04.27-18.13.02:348][  0]LogTargetPlatformManager:Display: Building Assets For Windows
[2017.04.27-18.13.03:585][  0]LogDerivedDataCache:Display: Max Cache Size: 512 MB
[2017.04.27-18.13.03:905][  0]LogDerivedDataCache: Loaded boot cache 0.32s 50MB C:/Users/julio/AppData/Local/UnrealEngine/4.15/DerivedDataCache/Boot.ddc.
[2017.04.27-18.13.03:905][  0]LogDerivedDataCache:Display: Loaded Boot cache: C:/Users/julio/AppData/Local/UnrealEngine/4.15/DerivedDataCache/Boot.ddc
[2017.04.27-18.13.03:905][  0]LogDerivedDataCache: FDerivedDataBackendGraph:  Pak pak cache file ../../../../../4ºcurso/Repositorios/LastBulletVR/LastBullet/DerivedDataCache/DDC.ddp not found, will not use a pak cache.
[2017.04.27-18.13.03:905][  0]LogDerivedDataCache: Unable to find inner node Pak for hierarchical cache Hierarchy.
[2017.04.27-18.13.03:905][  0]LogDerivedDataCache: FDerivedDataBackendGraph:  CompressedPak pak cache file ../../../../../4ºcurso/Repositorios/LastBulletVR/LastBullet/DerivedDataCache/Compressed.ddp not found, will not use a pak cache.
[2017.04.27-18.13.03:905][  0]LogDerivedDataCache: Unable to find inner node CompressedPak for hierarchical cache Hierarchy.
[2017.04.27-18.13.04:002][  0]LogDerivedDataCache:Display: Pak cache opened for reading ../../../Engine/DerivedDataCache/Compressed.ddp.
[2017.04.27-18.13.04:017][  0]LogDerivedDataCache: Using Local data cache path C:/Users/julio/AppData/Local/UnrealEngine/Common/DerivedDataCache: Writable
[2017.04.27-18.13.04:282][  0]LogSlate: Using Freetype 2.6.0
[2017.04.27-18.13.04:657][  0]LogSlate: SlateFontCache - WITH_FREETYPE: 1, WITH_HARFBUZZ: 1
[2017.04.27-18.13.04:657][  0]LogSlate: SlateFontCache - WITH_FREETYPE: 1, WITH_HARFBUZZ: 1
[2017.04.27-18.13.12:675][  0]LogInit: Selected Device Profile: [Windows]
[2017.04.27-18.13.12:695][  0]LogContentStreaming: Texture pool size is 0.00 MB
[2017.04.27-18.13.13:476][  0]LogMeshUtilities: Using QuadricMeshReduction for automatic static mesh reduction
[2017.04.27-18.13.13:555][  0]LogSimplygon: Simplygon DLL not present - disabling.
[2017.04.27-18.13.13:630][  0]LogMeshUtilities: Using SimplygonSwarm for distributed automatic mesh merging
[2017.04.27-18.13.13:630][  0]LogMeshUtilities: No automatic skeletal mesh reduction module available
[2017.04.27-18.13.13:630][  0]LogMeshUtilities: No automatic mesh merging module available
[2017.04.27-18.13.19:297][  0]LogNetVersion: GetLocalNetworkVersion: CL: 3299760, ProjectName: lastbullet, ProjectVersion: , EngineNetworkVersion: 2, GameNetworkVersion: 0, NetworkChecksum: 1522868599
[2017.04.27-18.13.19:437][  0]LogAssetRegistry: FAssetRegistry took 0.0236 seconds to start up
[2017.04.27-18.13.19:845][  0]LogPackageLocalizationCache: Processed 3 localized package path(s) for 1 prioritized culture(s) in 0.082741 seconds
[2017.04.27-18.13.19:967][  0]LogUObjectArray: 32493 objects as part of root set at end of initial load.
[2017.04.27-18.13.19:967][  0]LogUObjectAllocator: 7077024 out of 0 bytes used by permanent object pool.
[2017.04.27-18.13.19:967][  0]LogUObjectArray: CloseDisregardForGC: 0/0 objects in disregard for GC pool
[2017.04.27-18.13.20:311][  0]LogInit: WinSock: version 1.1 (2.2), MaxSocks=32767, MaxUdp=65467
[2017.04.27-18.13.39:890][  0]LogTcpMessaging: Initializing TcpMessaging bridge
[2017.04.27-18.13.39:968][  0]LogUdpMessaging: Initializing bridge on interface 0.0.0.0:0 to multicast group 230.0.0.1:6666.
[2017.04.27-18.13.41:397][  0]LogMaterial: Uniform references updated for custom material expression Custom.
[2017.04.27-18.13.42:389][  0]SourceControl: Info Source control is disabled
[2017.04.27-18.13.46:959][  0]LogEngine: Initializing Engine...
[2017.04.27-18.13.46:995][  0]LogHMD: Failed to initialize OpenVR with code 100
[2017.04.27-18.13.48:088][  0]LogAIModule: Creating AISystem for world Untitled
[2017.04.27-18.13.48:181][  0]LogInit: XAudio2 using '1 - BenQ GL2250H (AMD High Definition Audio Device)' : 2 channels at 48 kHz using 16 bits per sample (channel mask 0x3)
[2017.04.27-18.13.48:197][  0]LogInit: FAudioDevice initialized.
[2017.04.27-18.13.48:244][  0]LogDerivedDataCache: Saved boot cache 0.05s 50MB C:/Users/julio/AppData/Local/UnrealEngine/4.15/DerivedDataCache/Boot.ddc.
[2017.04.27-18.13.48:255][  0]LogInit: Texture streaming: Enabled
[2017.04.27-18.13.48:581][  0]LogEngineSessionManager: EngineSessionManager initialized
[2017.04.27-18.13.48:985][  0]LogInit: Transaction tracking system initialized
[2017.04.27-18.13.49:665][  0]BlueprintLog: New page: Editor Load
[2017.04.27-18.13.51:770][  0]LocalizationService: Info Localization service is disabled
[2017.04.27-18.13.53:172][  0]LogConsoleResponse:Display: 
[2017.04.27-18.13.55:468][  0]LogFileCache: Scanning file cache for directory 'D:/4ºcurso/Repositorios/LastBulletVR/LastBullet/Content/' took 0.07s
[2017.04.27-18.13.55:468][  0]LogCook:Display: Max memory allowance for cook 16384mb min free memory 0mb
[2017.04.27-18.13.55:487][  0]LogCook:Display: Mobile HDR setting 1
[2017.04.27-18.13.59:643][  0]Cmd: MAP LOAD FILE="../../../../../4ºcurso/Repositorios/LastBulletVR/LastBullet/Content/StarterContent/Maps/Minimal_Default.umap" TEMPLATE=0 SHOWPROGRESS=1 FEATURELEVEL=3
[2017.04.27-18.13.59:663][  0]LightingResults: New page: Lighting Build
[2017.04.27-18.13.59:842][  0]MapCheck: New page: Map Check
[2017.04.27-18.13.59:842][  0]LightingResults: New page: Lighting Build
[2017.04.27-18.14.00:084][  0]LogLinker:Warning: Asset '../../../../../4ºcurso/Repositorios/LastBulletVR/LastBullet/Content/Blueprints/modul_transporttransport_16_Blueprint.uasset' has been saved with empty engine version. The asset will be loaded but may be incompatible.
[2017.04.27-18.14.00:507][  0]LogBlueprint:Warning: Node '/Game/Blueprints/modul_transporttransport_16_Blueprint.modul_transporttransport_16_Blueprint:EdGraph_0.K2Node_FunctionEntry_359' missing NodeGuid because of upgrade from old package version, this can cause deterministic cooking issues please resave package.
[2017.04.27-18.14.00:540][  0]LogBlueprint:Warning: Node '/Game/Blueprints/modul_transporttransport_16_Blueprint.modul_transporttransport_16_Blueprint:EdGraph_1.K2Node_FunctionEntry_359' missing NodeGuid because of upgrade from old package version, this can cause deterministic cooking issues please resave package.
[2017.04.27-18.14.00:554][  0]LogBlueprint:Warning: Node '/Game/Blueprints/modul_transporttransport_16_Blueprint.modul_transporttransport_16_Blueprint:EdGraph_2.K2Node_FunctionEntry_359' missing NodeGuid because of upgrade from old package version, this can cause deterministic cooking issues please resave package.
[2017.04.27-18.14.02:069][  0]LogBlueprint:Warning: [Compiler FirstPersonCharacter] Warning InputAction Event references unknown Action 'ResetVR' for  InputAction ResetVR
[2017.04.27-18.14.02:089][  0]LogBlueprint:Warning: [Compiler FirstPersonCharacter] Warning [0078.75] Compile of FirstPersonCharacter successful, but with 1 Warning(s) [in 47 ms] (/Game/FirstPersonBP/Blueprints/FirstPersonCharacter.FirstPersonCharacter)
[2017.04.27-18.14.02:101][  0]LogBlueprint:Warning: [Compiler FirstPersonCharacter] Warning [0078.77] Compile of FirstPersonCharacter successful, but with 2 Warning(s) [in 11 ms] (/Game/FirstPersonBP/Blueprints/FirstPersonCharacter.FirstPersonCharacter)
[2017.04.27-18.14.02:101][  0]LogBlueprint:Warning: [Compiler FirstPersonCharacter] Warning [0078.77] Compile of FirstPersonCharacter successful, but with 3 Warning(s) [in 0 ms] (/Game/FirstPersonBP/Blueprints/FirstPersonCharacter.FirstPersonCharacter)
[2017.04.27-18.14.02:152][  0]LogBlueprint:Warning: [Compiler FirstPersonCharacter] Warning InputAction Event references unknown Action 'ResetVR' for  InputAction ResetVR
[2017.04.27-18.14.02:172][  0]LogBlueprint:Warning: [Compiler FirstPersonCharacter] Warning [0078.84] Compile of FirstPersonCharacter successful, but with 1 Warning(s) [in 34 ms] (/Game/FirstPersonBP/Blueprints/FirstPersonCharacter.FirstPersonCharacter)
[2017.04.27-18.14.02:172][  0]LogBlueprint:Warning: [Compiler FirstPersonCharacter] Warning [0078.84] Compile of FirstPersonCharacter successful, but with 2 Warning(s) [in 0 ms] (/Game/FirstPersonBP/Blueprints/FirstPersonCharacter.FirstPersonCharacter)
[2017.04.27-18.14.02:173][  0]LogBlueprint:Warning: [Compiler FirstPersonCharacter] Warning [0078.84] Compile of FirstPersonCharacter successful, but with 3 Warning(s) [in 0 ms] (/Game/FirstPersonBP/Blueprints/FirstPersonCharacter.FirstPersonCharacter)
[2017.04.27-18.14.03:492][  0]LogLinker:Warning: Asset '../../../../../4ºcurso/Repositorios/LastBulletVR/LastBullet/Content/Meshes/Space/StarMap_Nebula_1_Mat.uasset' has been saved with empty engine version. The asset will be loaded but may be incompatible.
[2017.04.27-18.14.03:508][  0]LogLinker:Warning: Asset '../../../../../4ºcurso/Repositorios/LastBulletVR/LastBullet/Content/Meshes/Space/StarMap_Nebula_1.uasset' has been saved with empty engine version. The asset will be loaded but may be incompatible.
[2017.04.27-18.14.03:579][  0]LogLinker:Warning: Asset '../../../../../4ºcurso/Repositorios/LastBulletVR/LastBullet/Content/Meshes/Space/FX_Map_7.uasset' has been saved with empty engine version. The asset will be loaded but may be incompatible.
[2017.04.27-18.14.03:590][  0]LogLinker:Warning: Asset '../../../../../4ºcurso/Repositorios/LastBulletVR/LastBullet/Content/Meshes/Space/StarMap_1.uasset' has been saved with empty engine version. The asset will be loaded but may be incompatible.
[2017.04.27-18.14.06:213][  0]LogBlueprint:Warning: Node '/Game/Blueprints/modul_transporttransport_16_Blueprint.modul_transporttransport_16_Blueprint:UserConstructionScript.K2Node_FunctionEntry_359' missing NodeGuid because of upgrade from old package version, this can cause deterministic cooking issues please resave package.
[2017.04.27-18.14.07:435][  0]LogAIModule: Creating AISystem for world Minimal_Default
[2017.04.27-18.14.07:878][  0]LogEditorServer: Finished looking for orphan Actors (0.000 secs)
[2017.04.27-18.14.07:912][  0]Cmd: MAP CHECKDEP NOCLEARLOG
[2017.04.27-18.14.07:998][  0]MapCheck: Info Map check complete: 0 Error(s), 0 Warning(s), took 85.633ms to complete.
[2017.04.27-18.14.07:998][  0]LogFileHelpers: Loading map 'Minimal_Default' took 8.371
[2017.04.27-18.14.09:809][  0]LogCollectionManager: Loaded 0 collections in 0.001755 seconds
[2017.04.27-18.14.09:959][  0]LogFileCache: Scanning file cache for directory 'D:/4ºcurso/Repositorios/LastBulletVR/LastBullet/Saved/Collections/' took 0.01s
[2017.04.27-18.14.09:959][  0]LogFileCache: Scanning file cache for directory 'D:/4ºcurso/Repositorios/LastBulletVR/LastBullet/Content/Developers/julio/Collections/' took 0.01s
[2017.04.27-18.14.09:959][  0]LogFileCache: Scanning file cache for directory 'D:/4ºcurso/Repositorios/LastBulletVR/LastBullet/Content/Collections/' took 0.01s
[2017.04.27-18.14.09:959][  0]LogCollectionManager: Rebuilt the GUID cache for 0 collections in 0.000003 seconds
[2017.04.27-18.14.09:975][  0]LogContentBrowser: Native class hierarchy populated in 0.0142 seconds. Added 2245 classes and 453 folders.
[2017.04.27-18.14.10:006][  0]LogStats: UGameplayTagsManager::ConstructGameplayTagTree: Construct from data asset -  0.000 s
[2017.04.27-18.14.10:023][  0]LogStats: UGameplayTagsManager::ConstructGameplayTagTree: GameplayTagTreeChangedEvent.Broadcast -  0.016 s
[2017.04.27-18.14.10:123][  0]LogContentBrowser: Native class hierarchy updated for 'WidgetCarousel' in 0.0006 seconds. Added 0 classes and 0 folders.
[2017.04.27-18.14.11:237][  0]LogContentBrowser: Native class hierarchy updated for 'AddContentDialog' in 0.0007 seconds. Added 0 classes and 0 folders.
[2017.04.27-18.14.11:324][  0]LogContentBrowser: Native class hierarchy updated for 'SceneOutliner' in 0.0007 seconds. Added 1 classes and 2 folders.
[2017.04.27-18.14.12:047][  0]LogCrashTracker: Crashtracker disabled due to settings.
[2017.04.27-18.14.12:169][  0]LogUObjectGlobals:Warning: Failed to find object 'Class None.'
[2017.04.27-18.14.12:357][  0]LogContentBrowser: Native class hierarchy updated for 'HierarchicalLODOutliner' in 0.0007 seconds. Added 1 classes and 2 folders.
[2017.04.27-18.14.12:357][  0]LogLoad: (Engine Initialization) Total time: 89.02 seconds
[2017.04.27-18.14.12:357][  0]LogLoad: (Engine Initialization) Total Blueprint compile time: 0.85 seconds
[2017.04.27-18.14.12:358][  0]LogExternalProfiler: Found external profiler: VSPerf
[2017.04.27-18.14.12:358][  0]LogExternalProfiler: Using external profiler: VSPerf
[2017.04.27-18.14.12:697][  0]LogOcInput: OculusInput pre-init called
[2017.04.27-18.14.12:949][  0]SourceControl: Info On branch FirstGameplayTry
[2017.04.27-18.14.12:949][  0]SourceControl: Info Your branch is up-to-date with 'origin/FirstGameplayTry'.
[2017.04.27-18.14.12:949][  0]SourceControl: Info Changes not staged for commit:
[2017.04.27-18.14.12:949][  0]SourceControl: Info   (use "git add/rm <file>..." to update what will be committed)
[2017.04.27-18.14.12:949][  0]SourceControl: Info   (use "git checkout -- <file>..." to discard changes in working directory)
[2017.04.27-18.14.12:949][  0]SourceControl: Info 	modified:   LastBullet/Intermediate/CachedAssetRegistry.bin
[2017.04.27-18.14.12:949][  0]SourceControl: Info 	modified:   LastBullet/Saved/Config/Windows/Editor.ini
[2017.04.27-18.14.12:949][  0]SourceControl: Info 	modified:   LastBullet/Saved/Config/Windows/Engine.ini
[2017.04.27-18.14.12:949][  0]SourceControl: Info 	deleted:    LastBullet/Saved/Logs/LastBullet-backup-2017.04.26-19.21.57.log
[2017.04.27-18.14.12:949][  0]SourceControl: Info 	modified:   LastBullet/Saved/Logs/LastBullet.log
[2017.04.27-18.14.12:949][  0]SourceControl: Info Untracked files:
[2017.04.27-18.14.12:949][  0]SourceControl: Info   (use "git add <file>..." to include in what will be committed)
[2017.04.27-18.14.12:949][  0]SourceControl: Info 	LastBullet/Saved/Logs/LastBullet-backup-2017.04.27-20.12.48.log
[2017.04.27-18.14.12:949][  0]SourceControl: Info 	LastBullet/Saved/Logs/UE4CC-Windows-B88335B04B29533FFD564C8CC9C87876/
[2017.04.27-18.14.12:949][  0]SourceControl: Info no changes added to commit (use "git add" and/or "git commit -a")
[2017.04.27-18.14.12:949][  0]LogContentStreaming: Texture pool size now 1000 MB
[2017.04.27-18.14.13:052][  0]LogSlate: Took 0.014799 seconds to synchronously load lazily loaded font '../../../Engine/Content/Slate/Fonts/Roboto-Regular.ttf' (155K)
[2017.04.27-18.14.13:077][  0]LogSlate: Took 0.012282 seconds to synchronously load lazily loaded font '../../../Engine/Content/Slate/Fonts/Roboto-Bold.ttf' (160K)
[2017.04.27-18.14.13:111][  0]LogSlate: Took 0.006460 seconds to synchronously load lazily loaded font '../../../Engine/Content/Editor/Slate/Fonts/FontAwesome.ttf' (139K)
[2017.04.27-18.14.13:782][  0]LogRenderer: Reallocating scene render targets to support 1264x632 NumSamples 1 (Frame:2).
[2017.04.27-18.14.13:911][  1]LogFileCache: Retrieving MD5 hashes for directory 'D:/4ºcurso/Repositorios/LastBulletVR/LastBullet/Content/' took 1.16s
[2017.04.27-18.14.14:211][  1]LogSlate: Took 0.015849 seconds to synchronously load lazily loaded font '../../../Engine/Content/Slate/Fonts/Roboto-Light.ttf' (159K)
[2017.04.27-18.14.14:304][  2]LogSlate: Took 0.000319 seconds to synchronously load lazily loaded font '../../../Engine/Content/Slate/Fonts/Roboto-Light.ttf' (159K)
[2017.04.27-18.14.15:261][  5]LogAssetRegistry: Asset discovery search completed in 55.8469 seconds
[2017.04.27-18.14.15:261][  5]LogCollectionManager: Rebuilt the object cache for 0 collections in 0.000012 seconds (found 0 objects)
[2017.04.27-18.14.15:261][  5]LogCollectionManager: Fixed up redirectors for 0 collections in 0.000033 seconds (updated 0 objects)
[2017.04.27-18.16.15:869][344]LogSlate: Took 0.000241 seconds to synchronously load lazily loaded font '../../../Engine/Content/Slate/Fonts/Roboto-Light.ttf' (159K)
[2017.04.27-18.16.16:616][344]LogSlate: Took 0.000227 seconds to synchronously load lazily loaded font '../../../Engine/Content/Slate/Fonts/Roboto-Regular.ttf' (155K)
[2017.04.27-18.16.16:970][344]LogContentBrowser: Native class hierarchy updated for 'BlueprintGraph' in 0.0012 seconds. Added 112 classes and 0 folders.
[2017.04.27-18.16.18:500][344]LogSlate: Took 0.012362 seconds to synchronously load lazily loaded font '../../../Engine/Content/Editor/Slate/Fonts/Roboto-BoldCondensed.ttf' (158K)
[2017.04.27-18.16.24:400][666]LogSlate: Took 0.011380 seconds to synchronously load lazily loaded font '../../../Engine/Content/Editor/Slate/Fonts/Roboto-Italic.ttf' (157K)
[2017.04.27-18.20.03:768][958]BlueprintLog: New page: Compile FirstPersonCharacter
[2017.04.27-18.20.03:873][958]LogBlueprint:Warning: [Compiler FirstPersonCharacter] Warning InputAction Event references unknown Action 'ResetVR' for  InputAction ResetVR
[2017.04.27-18.20.04:226][958]BlueprintEditorCompileResults:Warning: Warning InputAction Event references unknown Action 'ResetVR' for  InputAction ResetVR
[2017.04.27-18.20.04:226][958]LogBlueprint:Warning: [Compiler FirstPersonCharacter] Warning [0440.89] Compile of FirstPersonCharacter successful, but with 1 Warning(s) [in 458 ms] (/Game/FirstPersonBP/Blueprints/FirstPersonCharacter.FirstPersonCharacter)
[2017.04.27-18.20.05:628][ 63]LogTemp: Repeting last play command: Selected Viewport
[2017.04.27-18.20.05:657][ 63]LogBlueprintUserMessages: Early PlayInEditor Detection: Level '/Game/StarterContent/Maps/Minimal_Default.Minimal_Default:PersistentLevel' has LevelScriptBlueprint '/Game/StarterContent/Maps/Minimal_Default.Minimal_Default:PersistentLevel.Minimal_Default' with GeneratedClass '/Game/StarterContent/Maps/Minimal_Default.Minimal_Default_C' with ClassGeneratedBy '/Game/StarterContent/Maps/Minimal_Default.Minimal_Default:PersistentLevel.Minimal_Default'
[2017.04.27-18.20.05:657][ 63]LogPlayLevel: PlayLevel: No blueprints needed recompiling
[2017.04.27-18.20.05:678][ 63]PIE: New page: PIE session: Minimal_Default (Apr 27, 2017, 10:20:05 PM)
[2017.04.27-18.20.05:690][ 63]LogPlayLevel: Creating play world package: /Game/StarterContent/Maps/UEDPIE_0_Minimal_Default
[2017.04.27-18.20.05:736][ 63]LogPlayLevel: PIE: StaticDuplicateObject took: (0.045404s)
[2017.04.27-18.20.05:736][ 63]LogAIModule: Creating AISystem for world Minimal_Default
[2017.04.27-18.20.05:737][ 63]LogPlayLevel: PIE: World Init took: (0.000855s)
[2017.04.27-18.20.05:737][ 63]LogPlayLevel: PIE: Created PIE world by copying editor world from /Game/StarterContent/Maps/Minimal_Default.Minimal_Default to /Game/StarterContent/Maps/UEDPIE_0_Minimal_Default.Minimal_Default (0.058941s)
[2017.04.27-18.20.05:782][ 63]LogInit: XAudio2 using '1 - BenQ GL2250H (AMD High Definition Audio Device)' : 2 channels at 48 kHz using 16 bits per sample (channel mask 0x3)
[2017.04.27-18.20.05:792][ 63]LogInit: FAudioDevice initialized.
[2017.04.27-18.20.05:996][ 63]LogLoad: Game class is 'FirstPersonGameMode_C'
[2017.04.27-18.20.06:054][ 63]LogWorld: Bringing World /Game/StarterContent/Maps/UEDPIE_0_Minimal_Default.Minimal_Default up for play (max tick rate 0) at 2017.04.27-20.20.06
[2017.04.27-18.20.06:078][ 63]LogWorld: Bringing up level for play took: 0.031592
[2017.04.27-18.20.06:211][ 63]LogContentBrowser: Native class hierarchy updated for 'MovieSceneCapture' in 0.0007 seconds. Added 11 classes and 0 folders.
[2017.04.27-18.20.06:319][ 63]PIE: Info Play in editor start time for /Game/StarterContent/Maps/UEDPIE_0_Minimal_Default -0.152
[2017.04.27-18.20.06:322][ 63]LogBlueprintUserMessages: Late PlayInEditor Detection: Level '/Game/StarterContent/Maps/Minimal_Default.Minimal_Default:PersistentLevel' has LevelScriptBlueprint '/Game/StarterContent/Maps/Minimal_Default.Minimal_Default:PersistentLevel.Minimal_Default' with GeneratedClass '/Game/StarterContent/Maps/Minimal_Default.Minimal_Default_C' with ClassGeneratedBy '/Game/StarterContent/Maps/Minimal_Default.Minimal_Default:PersistentLevel.Minimal_Default'
[2017.04.27-18.20.13:768][718]LogBlueprintUserMessages: Early EndPlayMap Detection: Level '/Game/StarterContent/Maps/Minimal_Default.Minimal_Default:PersistentLevel' has LevelScriptBlueprint '/Game/StarterContent/Maps/Minimal_Default.Minimal_Default:PersistentLevel.Minimal_Default' with GeneratedClass '/Game/StarterContent/Maps/Minimal_Default.Minimal_Default_C' with ClassGeneratedBy '/Game/StarterContent/Maps/Minimal_Default.Minimal_Default:PersistentLevel.Minimal_Default'
[2017.04.27-18.20.13:869][718]LogBlueprintUserMessages: Late EndPlayMap Detection: Level '/Game/StarterContent/Maps/Minimal_Default.Minimal_Default:PersistentLevel' has LevelScriptBlueprint '/Game/StarterContent/Maps/Minimal_Default.Minimal_Default:PersistentLevel.Minimal_Default' with GeneratedClass '/Game/StarterContent/Maps/Minimal_Default.Minimal_Default_C' with ClassGeneratedBy '/Game/StarterContent/Maps/Minimal_Default.Minimal_Default:PersistentLevel.Minimal_Default'
[2017.04.27-18.20.20:859][352]LogEditorViewport: Clicking on Actor (LMB): SplineBP_C (SplineBP)
[2017.04.27-18.21.00:479][ 27]LogTemp: Repeting last play command: Selected Viewport
[2017.04.27-18.21.00:504][ 27]LogBlueprintUserMessages: Early PlayInEditor Detection: Level '/Game/StarterContent/Maps/Minimal_Default.Minimal_Default:PersistentLevel' has LevelScriptBlueprint '/Game/StarterContent/Maps/Minimal_Default.Minimal_Default:PersistentLevel.Minimal_Default' with GeneratedClass '/Game/StarterContent/Maps/Minimal_Default.Minimal_Default_C' with ClassGeneratedBy '/Game/StarterContent/Maps/Minimal_Default.Minimal_Default:PersistentLevel.Minimal_Default'
[2017.04.27-18.21.00:504][ 27]LogPlayLevel: PlayLevel: No blueprints needed recompiling
[2017.04.27-18.21.00:504][ 27]PIE: New page: PIE session: Minimal_Default (Apr 27, 2017, 10:21:00 PM)
[2017.04.27-18.21.00:504][ 27]LogPlayLevel: Creating play world package: /Game/StarterContent/Maps/UEDPIE_0_Minimal_Default
[2017.04.27-18.21.00:521][ 27]LogPlayLevel: PIE: StaticDuplicateObject took: (0.017216s)
[2017.04.27-18.21.00:522][ 27]LogAIModule: Creating AISystem for world Minimal_Default
[2017.04.27-18.21.00:522][ 27]LogPlayLevel: PIE: World Init took: (0.000823s)
[2017.04.27-18.21.00:522][ 27]LogPlayLevel: PIE: Created PIE world by copying editor world from /Game/StarterContent/Maps/Minimal_Default.Minimal_Default to /Game/StarterContent/Maps/UEDPIE_0_Minimal_Default.Minimal_Default (0.018313s)
[2017.04.27-18.21.00:558][ 27]LogInit: XAudio2 using '1 - BenQ GL2250H (AMD High Definition Audio Device)' : 2 channels at 48 kHz using 16 bits per sample (channel mask 0x3)
[2017.04.27-18.21.00:568][ 27]LogInit: FAudioDevice initialized.
[2017.04.27-18.21.00:602][ 27]LogLoad: Game class is 'FirstPersonGameMode_C'
[2017.04.27-18.21.00:611][ 27]LogWorld: Bringing World /Game/StarterContent/Maps/UEDPIE_0_Minimal_Default.Minimal_Default up for play (max tick rate 0) at 2017.04.27-20.21.00
[2017.04.27-18.21.00:611][ 27]LogWorld: Bringing up level for play took: 0.006560
[2017.04.27-18.21.00:615][ 27]PIE: Info Play in editor start time for /Game/StarterContent/Maps/UEDPIE_0_Minimal_Default 0.145
[2017.04.27-18.21.00:616][ 27]LogBlueprintUserMessages: Late PlayInEditor Detection: Level '/Game/StarterContent/Maps/Minimal_Default.Minimal_Default:PersistentLevel' has LevelScriptBlueprint '/Game/StarterContent/Maps/Minimal_Default.Minimal_Default:PersistentLevel.Minimal_Default' with GeneratedClass '/Game/StarterContent/Maps/Minimal_Default.Minimal_Default_C' with ClassGeneratedBy '/Game/StarterContent/Maps/Minimal_Default.Minimal_Default:PersistentLevel.Minimal_Default'
[2017.04.27-18.21.04:176][318]LogBlueprintUserMessages: Early EndPlayMap Detection: Level '/Game/StarterContent/Maps/Minimal_Default.Minimal_Default:PersistentLevel' has LevelScriptBlueprint '/Game/StarterContent/Maps/Minimal_Default.Minimal_Default:PersistentLevel.Minimal_Default' with GeneratedClass '/Game/StarterContent/Maps/Minimal_Default.Minimal_Default_C' with ClassGeneratedBy '/Game/StarterContent/Maps/Minimal_Default.Minimal_Default:PersistentLevel.Minimal_Default'
[2017.04.27-18.21.04:236][318]LogBlueprintUserMessages: Late EndPlayMap Detection: Level '/Game/StarterContent/Maps/Minimal_Default.Minimal_Default:PersistentLevel' has LevelScriptBlueprint '/Game/StarterContent/Maps/Minimal_Default.Minimal_Default:PersistentLevel.Minimal_Default' with GeneratedClass '/Game/StarterContent/Maps/Minimal_Default.Minimal_Default_C' with ClassGeneratedBy '/Game/StarterContent/Maps/Minimal_Default.Minimal_Default:PersistentLevel.Minimal_Default'
[2017.04.27-18.21.25:062][775]LogEditorTransaction: Undo Delete current selection
[2017.04.27-18.24.25:316][394]LogSavePackage: Save=397.02ms
[2017.04.27-18.24.25:316][394]LogSavePackage: Moving '../../../../../4ºcurso/Repositorios/LastBulletVR/LastBullet/Saved/Minimal_Default_Auto1F395AD5B4884BA78D74D968C3EE47FC6.tmp' to '../../../../../4ºcurso/Repositorios/LastBulletVR/LastBullet/Saved/Autosaves/Game/StarterContent/Maps/Minimal_Default_Auto1.umap'
[2017.04.27-18.24.25:319][394]LogSavePackage:Display: Finished SavePackage ../../../../../4ºcurso/Repositorios/LastBulletVR/LastBullet/Saved/Autosaves/Game/StarterContent/Maps/Minimal_Default_Auto1.umap
[2017.04.27-18.24.25:335][394]LogFileHelpers: Editor autosave (incl. sublevels) for '/Game/StarterContent/Maps/Minimal_Default' took 0.501
[2017.04.27-18.24.25:335][394]LogFileHelpers: Editor autosave (incl. sublevels) for all levels took 0.501
[2017.04.27-18.24.25:338][394]OBJ SavePackage: Generating thumbnails for [1] asset(s) in package [/Game/FirstPersonBP/Blueprints/FirstPersonCharacter] ([1] browsable assets)...
[2017.04.27-18.24.25:368][394]OBJ SavePackage:     Rendered thumbnail for [Blueprint /Game/FirstPersonBP/Blueprints/FirstPersonCharacter.FirstPersonCharacter]
[2017.04.27-18.24.25:368][394]OBJ SavePackage: Finished generating thumbnails for package [/Game/FirstPersonBP/Blueprints/FirstPersonCharacter]
[2017.04.27-18.24.25:609][394]LogSavePackage: Save=218.70ms
[2017.04.27-18.24.25:609][394]LogSavePackage: Moving '../../../../../4ºcurso/Repositorios/LastBulletVR/LastBullet/Saved/FirstPersonCharacter_Auto1B8C4FCB04F11404191785A9ED3594450.tmp' to '../../../../../4ºcurso/Repositorios/LastBulletVR/LastBullet/Saved/Autosaves/Game/FirstPersonBP/Blueprints/FirstPersonCharacter_Auto1.uasset'
[2017.04.27-18.24.25:612][394]LogSavePackage:Display: Finished SavePackage ../../../../../4ºcurso/Repositorios/LastBulletVR/LastBullet/Saved/Autosaves/Game/FirstPersonBP/Blueprints/FirstPersonCharacter_Auto1.uasset
[2017.04.27-18.24.25:612][394]LogFileHelpers: Auto-saving content packages took 0.276
[2017.04.27-18.26.53:453][929]LogEditorTransaction: Undo Delete current selection
[2017.04.27-18.26.53:856][938]LogEditorTransaction: Undo Move Actors
[2017.04.27-18.26.54:345][968]LogEditorTransaction: Undo Clicking on Actors
[2017.04.27-18.26.54:850][  0]LogEditorTransaction: Undo Create Pin Link
[2017.04.27-18.26.55:268][ 16]LogEditorTransaction: Undo Move Nodes
[2017.04.27-18.26.55:713][ 34]LogEditorTransaction: Undo Create Pin Link
[2017.04.27-18.26.56:172][ 53]LogEditorTransaction: Undo Create Pin Link
[2017.04.27-18.26.56:677][ 75]LogEditorTransaction: Undo Move Nodes
[2017.04.27-18.26.57:214][ 99]LogEditorTransaction: Undo Add Node
[2017.04.27-18.26.57:792][127]LogEditorTransaction: Undo Change Enum Pin Value
[2017.04.27-18.26.58:313][150]LogEditorTransaction: Undo Create Pin Link
[2017.04.27-18.26.58:837][174]LogEditorTransaction: Undo Delete current selection
[2017.04.27-18.27.00:079][243]LogEditorTransaction: Undo Break Pin Link
[2017.04.27-18.27.00:489][258]LogEditorTransaction: Undo Move Node
[2017.04.27-18.27.02:126][347]LogEditorTransaction: Undo Move Node
[2017.04.27-18.27.03:147][401]LogEditorTransaction: Undo Add Node
[2017.04.27-18.27.03:532][415]LogEditorTransaction: Undo Delete current selection
[2017.04.27-18.27.03:978][431]LogEditorTransaction: Undo Move Node
[2017.04.27-18.27.05:419][485]LogSavePackage: Save=212.25ms
[2017.04.27-18.27.05:419][485]LogSavePackage: Moving '../../../../../4ºcurso/Repositorios/LastBulletVR/LastBullet/Saved/FirstPersonCharacterD63ADA7E4749190E51A087882473B957.tmp' to '../../../../../4ºcurso/Repositorios/LastBulletVR/LastBullet/Content/FirstPersonBP/Blueprints/FirstPersonCharacter.uasset'
[2017.04.27-18.27.05:437][485]LogSavePackage:Display: Finished SavePackage ../../../../../4ºcurso/Repositorios/LastBulletVR/LastBullet/Content/FirstPersonBP/Blueprints/FirstPersonCharacter.uasset
[2017.04.27-18.27.06:077][525]Cmd: TRANSACTION UNDO
[2017.04.27-18.27.06:077][525]LogEditorTransaction: Undo Add Node
[2017.04.27-18.27.06:356][530]Cmd: TRANSACTION UNDO
[2017.04.27-18.27.06:356][530]LogEditorTransaction: Undo Delete current selection
[2017.04.27-18.27.06:823][548]Cmd: TRANSACTION UNDO
[2017.04.27-18.27.06:823][548]LogEditorTransaction: Undo Delete current selection
[2017.04.27-18.27.08:203][594]LogSavePackage: Save=210.49ms
[2017.04.27-18.27.08:203][594]LogSavePackage: Moving '../../../../../4ºcurso/Repositorios/LastBulletVR/LastBullet/Saved/FirstPersonCharacterE0EBEDE348EA3C488266FFB13C528434.tmp' to '../../../../../4ºcurso/Repositorios/LastBulletVR/LastBullet/Content/FirstPersonBP/Blueprints/FirstPersonCharacter.uasset'
[2017.04.27-18.27.08:212][594]LogSavePackage:Display: Finished SavePackage ../../../../../4ºcurso/Repositorios/LastBulletVR/LastBullet/Content/FirstPersonBP/Blueprints/FirstPersonCharacter.uasset
[2017.04.27-18.30.45:026][993]BlueprintLog: New page: Compile FirstPersonCharacter
[2017.04.27-18.30.45:133][993]LogBlueprint:Warning: [Compiler FirstPersonCharacter] Warning InputAction Event references unknown Action 'ResetVR' for  InputAction ResetVR
[2017.04.27-18.30.45:422][993]BlueprintEditorCompileResults:Warning: Warning InputAction Event references unknown Action 'ResetVR' for  InputAction ResetVR
[2017.04.27-18.30.45:423][993]LogBlueprint:Warning: [Compiler FirstPersonCharacter] Warning [1082.09] Compile of FirstPersonCharacter successful, but with 1 Warning(s) [in 396 ms] (/Game/FirstPersonBP/Blueprints/FirstPersonCharacter.FirstPersonCharacter)
[2017.04.27-18.30.47:656][142]LogTemp: Repeting last play command: Selected Viewport
[2017.04.27-18.30.47:681][142]LogBlueprintUserMessages: Early PlayInEditor Detection: Level '/Game/StarterContent/Maps/Minimal_Default.Minimal_Default:PersistentLevel' has LevelScriptBlueprint '/Game/StarterContent/Maps/Minimal_Default.Minimal_Default:PersistentLevel.Minimal_Default' with GeneratedClass '/Game/StarterContent/Maps/Minimal_Default.Minimal_Default_C' with ClassGeneratedBy '/Game/StarterContent/Maps/Minimal_Default.Minimal_Default:PersistentLevel.Minimal_Default'
[2017.04.27-18.30.47:681][142]LogPlayLevel: PlayLevel: No blueprints needed recompiling
[2017.04.27-18.30.47:682][142]PIE: New page: PIE session: Minimal_Default (Apr 27, 2017, 10:30:47 PM)
[2017.04.27-18.30.47:682][142]LogPlayLevel: Creating play world package: /Game/StarterContent/Maps/UEDPIE_0_Minimal_Default
[2017.04.27-18.30.47:699][142]LogPlayLevel: PIE: StaticDuplicateObject took: (0.017713s)
[2017.04.27-18.30.47:700][142]LogAIModule: Creating AISystem for world Minimal_Default
[2017.04.27-18.30.47:700][142]LogPlayLevel: PIE: World Init took: (0.000878s)
[2017.04.27-18.30.47:701][142]LogPlayLevel: PIE: Created PIE world by copying editor world from /Game/StarterContent/Maps/Minimal_Default.Minimal_Default to /Game/StarterContent/Maps/UEDPIE_0_Minimal_Default.Minimal_Default (0.018870s)
[2017.04.27-18.30.47:735][142]LogInit: XAudio2 using '1 - BenQ GL2250H (AMD High Definition Audio Device)' : 2 channels at 48 kHz using 16 bits per sample (channel mask 0x3)
[2017.04.27-18.30.47:746][142]LogInit: FAudioDevice initialized.
[2017.04.27-18.30.47:776][142]LogLoad: Game class is 'FirstPersonGameMode_C'
[2017.04.27-18.30.47:784][142]LogWorld: Bringing World /Game/StarterContent/Maps/UEDPIE_0_Minimal_Default.Minimal_Default up for play (max tick rate 0) at 2017.04.27-20.30.47
[2017.04.27-18.30.47:785][142]LogWorld: Bringing up level for play took: 0.006596
[2017.04.27-18.30.47:789][142]PIE: Info Play in editor start time for /Game/StarterContent/Maps/UEDPIE_0_Minimal_Default -0.682
[2017.04.27-18.30.47:789][142]LogBlueprintUserMessages: Late PlayInEditor Detection: Level '/Game/StarterContent/Maps/Minimal_Default.Minimal_Default:PersistentLevel' has LevelScriptBlueprint '/Game/StarterContent/Maps/Minimal_Default.Minimal_Default:PersistentLevel.Minimal_Default' with GeneratedClass '/Game/StarterContent/Maps/Minimal_Default.Minimal_Default_C' with ClassGeneratedBy '/Game/StarterContent/Maps/Minimal_Default.Minimal_Default:PersistentLevel.Minimal_Default'
[2017.04.27-18.30.51:546][436]LogBlueprintUserMessages: Early EndPlayMap Detection: Level '/Game/StarterContent/Maps/Minimal_Default.Minimal_Default:PersistentLevel' has LevelScriptBlueprint '/Game/StarterContent/Maps/Minimal_Default.Minimal_Default:PersistentLevel.Minimal_Default' with GeneratedClass '/Game/StarterContent/Maps/Minimal_Default.Minimal_Default_C' with ClassGeneratedBy '/Game/StarterContent/Maps/Minimal_Default.Minimal_Default:PersistentLevel.Minimal_Default'
[2017.04.27-18.30.51:588][436]LogBlueprintUserMessages: Late EndPlayMap Detection: Level '/Game/StarterContent/Maps/Minimal_Default.Minimal_Default:PersistentLevel' has LevelScriptBlueprint '/Game/StarterContent/Maps/Minimal_Default.Minimal_Default:PersistentLevel.Minimal_Default' with GeneratedClass '/Game/StarterContent/Maps/Minimal_Default.Minimal_Default_C' with ClassGeneratedBy '/Game/StarterContent/Maps/Minimal_Default.Minimal_Default:PersistentLevel.Minimal_Default'
[2017.04.27-18.31.01:900][955]BlueprintLog: New page: Compile FirstPersonCharacter
[2017.04.27-18.31.02:004][955]LogBlueprint:Warning: [Compiler FirstPersonCharacter] Warning InputAction Event references unknown Action 'ResetVR' for  InputAction ResetVR
[2017.04.27-18.31.02:225][955]BlueprintEditorCompileResults:Warning: Warning InputAction Event references unknown Action 'ResetVR' for  InputAction ResetVR
[2017.04.27-18.31.02:225][955]LogBlueprint:Warning: [Compiler FirstPersonCharacter] Warning [1098.89] Compile of FirstPersonCharacter successful, but with 1 Warning(s) [in 325 ms] (/Game/FirstPersonBP/Blueprints/FirstPersonCharacter.FirstPersonCharacter)
[2017.04.27-18.31.04:017][ 85]LogTemp: Repeting last play command: Selected Viewport
[2017.04.27-18.31.04:042][ 85]LogBlueprintUserMessages: Early PlayInEditor Detection: Level '/Game/StarterContent/Maps/Minimal_Default.Minimal_Default:PersistentLevel' has LevelScriptBlueprint '/Game/StarterContent/Maps/Minimal_Default.Minimal_Default:PersistentLevel.Minimal_Default' with GeneratedClass '/Game/StarterContent/Maps/Minimal_Default.Minimal_Default_C' with ClassGeneratedBy '/Game/StarterContent/Maps/Minimal_Default.Minimal_Default:PersistentLevel.Minimal_Default'
[2017.04.27-18.31.04:043][ 85]LogPlayLevel: PlayLevel: No blueprints needed recompiling
[2017.04.27-18.31.04:043][ 85]PIE: New page: PIE session: Minimal_Default (Apr 27, 2017, 10:31:04 PM)
[2017.04.27-18.31.04:043][ 85]LogPlayLevel: Creating play world package: /Game/StarterContent/Maps/UEDPIE_0_Minimal_Default
[2017.04.27-18.31.04:060][ 85]LogPlayLevel: PIE: StaticDuplicateObject took: (0.017637s)
[2017.04.27-18.31.04:061][ 85]LogAIModule: Creating AISystem for world Minimal_Default
[2017.04.27-18.31.04:061][ 85]LogPlayLevel: PIE: World Init took: (0.000876s)
[2017.04.27-18.31.04:062][ 85]LogPlayLevel: PIE: Created PIE world by copying editor world from /Game/StarterContent/Maps/Minimal_Default.Minimal_Default to /Game/StarterContent/Maps/UEDPIE_0_Minimal_Default.Minimal_Default (0.018819s)
[2017.04.27-18.31.04:101][ 85]LogInit: XAudio2 using '1 - BenQ GL2250H (AMD High Definition Audio Device)' : 2 channels at 48 kHz using 16 bits per sample (channel mask 0x3)
[2017.04.27-18.31.04:111][ 85]LogInit: FAudioDevice initialized.
[2017.04.27-18.31.04:145][ 85]LogLoad: Game class is 'FirstPersonGameMode_C'
[2017.04.27-18.31.04:154][ 85]LogWorld: Bringing World /Game/StarterContent/Maps/UEDPIE_0_Minimal_Default.Minimal_Default up for play (max tick rate 0) at 2017.04.27-20.31.04
[2017.04.27-18.31.04:155][ 85]LogWorld: Bringing up level for play took: 0.007192
[2017.04.27-18.31.04:159][ 85]PIE: Info Play in editor start time for /Game/StarterContent/Maps/UEDPIE_0_Minimal_Default -0.312
[2017.04.27-18.31.04:159][ 85]LogBlueprintUserMessages: Late PlayInEditor Detection: Level '/Game/StarterContent/Maps/Minimal_Default.Minimal_Default:PersistentLevel' has LevelScriptBlueprint '/Game/StarterContent/Maps/Minimal_Default.Minimal_Default:PersistentLevel.Minimal_Default' with GeneratedClass '/Game/StarterContent/Maps/Minimal_Default.Minimal_Default_C' with ClassGeneratedBy '/Game/StarterContent/Maps/Minimal_Default.Minimal_Default:PersistentLevel.Minimal_Default'
[2017.04.27-18.31.08:047][419]LogBlueprintUserMessages: Early EndPlayMap Detection: Level '/Game/StarterContent/Maps/Minimal_Default.Minimal_Default:PersistentLevel' has LevelScriptBlueprint '/Game/StarterContent/Maps/Minimal_Default.Minimal_Default:PersistentLevel.Minimal_Default' with GeneratedClass '/Game/StarterContent/Maps/Minimal_Default.Minimal_Default_C' with ClassGeneratedBy '/Game/StarterContent/Maps/Minimal_Default.Minimal_Default:PersistentLevel.Minimal_Default'
[2017.04.27-18.31.08:095][419]LogBlueprintUserMessages: Late EndPlayMap Detection: Level '/Game/StarterContent/Maps/Minimal_Default.Minimal_Default:PersistentLevel' has LevelScriptBlueprint '/Game/StarterContent/Maps/Minimal_Default.Minimal_Default:PersistentLevel.Minimal_Default' with GeneratedClass '/Game/StarterContent/Maps/Minimal_Default.Minimal_Default_C' with ClassGeneratedBy '/Game/StarterContent/Maps/Minimal_Default.Minimal_Default:PersistentLevel.Minimal_Default'
[2017.04.27-18.33.50:357][792]BlueprintLog: New page: Compile FirstPersonCharacter
[2017.04.27-18.33.50:463][792]LogBlueprint:Warning: [Compiler FirstPersonCharacter] Warning InputAction Event references unknown Action 'ResetVR' for  InputAction ResetVR
[2017.04.27-18.33.50:683][792]BlueprintEditorCompileResults:Warning: Warning InputAction Event references unknown Action 'ResetVR' for  InputAction ResetVR
[2017.04.27-18.33.50:683][792]LogBlueprint:Warning: [Compiler FirstPersonCharacter] Warning [1267.35] Compile of FirstPersonCharacter successful, but with 1 Warning(s) [in 325 ms] (/Game/FirstPersonBP/Blueprints/FirstPersonCharacter.FirstPersonCharacter)
[2017.04.27-18.33.53:878][ 18]LogTemp: Repeting last play command: Selected Viewport
[2017.04.27-18.33.53:903][ 18]LogBlueprintUserMessages: Early PlayInEditor Detection: Level '/Game/StarterContent/Maps/Minimal_Default.Minimal_Default:PersistentLevel' has LevelScriptBlueprint '/Game/StarterContent/Maps/Minimal_Default.Minimal_Default:PersistentLevel.Minimal_Default' with GeneratedClass '/Game/StarterContent/Maps/Minimal_Default.Minimal_Default_C' with ClassGeneratedBy '/Game/StarterContent/Maps/Minimal_Default.Minimal_Default:PersistentLevel.Minimal_Default'
[2017.04.27-18.33.53:903][ 18]LogPlayLevel: PlayLevel: No blueprints needed recompiling
[2017.04.27-18.33.53:903][ 18]PIE: New page: PIE session: Minimal_Default (Apr 27, 2017, 10:33:53 PM)
[2017.04.27-18.33.53:904][ 18]LogPlayLevel: Creating play world package: /Game/StarterContent/Maps/UEDPIE_0_Minimal_Default
[2017.04.27-18.33.53:921][ 18]LogPlayLevel: PIE: StaticDuplicateObject took: (0.017512s)
[2017.04.27-18.33.53:922][ 18]LogAIModule: Creating AISystem for world Minimal_Default
[2017.04.27-18.33.53:922][ 18]LogPlayLevel: PIE: World Init took: (0.000855s)
[2017.04.27-18.33.53:922][ 18]LogPlayLevel: PIE: Created PIE world by copying editor world from /Game/StarterContent/Maps/Minimal_Default.Minimal_Default to /Game/StarterContent/Maps/UEDPIE_0_Minimal_Default.Minimal_Default (0.018644s)
[2017.04.27-18.33.53:957][ 18]LogInit: XAudio2 using '1 - BenQ GL2250H (AMD High Definition Audio Device)' : 2 channels at 48 kHz using 16 bits per sample (channel mask 0x3)
[2017.04.27-18.33.53:968][ 18]LogInit: FAudioDevice initialized.
[2017.04.27-18.33.54:001][ 18]LogLoad: Game class is 'FirstPersonGameMode_C'
[2017.04.27-18.33.54:009][ 18]LogWorld: Bringing World /Game/StarterContent/Maps/UEDPIE_0_Minimal_Default.Minimal_Default up for play (max tick rate 0) at 2017.04.27-20.33.54
[2017.04.27-18.33.54:009][ 18]LogWorld: Bringing up level for play took: 0.006562
[2017.04.27-18.33.54:013][ 18]PIE: Info Play in editor start time for /Game/StarterContent/Maps/UEDPIE_0_Minimal_Default -0.457
[2017.04.27-18.33.54:014][ 18]LogBlueprintUserMessages: Late PlayInEditor Detection: Level '/Game/StarterContent/Maps/Minimal_Default.Minimal_Default:PersistentLevel' has LevelScriptBlueprint '/Game/StarterContent/Maps/Minimal_Default.Minimal_Default:PersistentLevel.Minimal_Default' with GeneratedClass '/Game/StarterContent/Maps/Minimal_Default.Minimal_Default_C' with ClassGeneratedBy '/Game/StarterContent/Maps/Minimal_Default.Minimal_Default:PersistentLevel.Minimal_Default'
[2017.04.27-18.33.57:345][271]LogBlueprintUserMessages: Early EndPlayMap Detection: Level '/Game/StarterContent/Maps/Minimal_Default.Minimal_Default:PersistentLevel' has LevelScriptBlueprint '/Game/StarterContent/Maps/Minimal_Default.Minimal_Default:PersistentLevel.Minimal_Default' with GeneratedClass '/Game/StarterContent/Maps/Minimal_Default.Minimal_Default_C' with ClassGeneratedBy '/Game/StarterContent/Maps/Minimal_Default.Minimal_Default:PersistentLevel.Minimal_Default'
[2017.04.27-18.33.57:395][271]LogBlueprintUserMessages: Late EndPlayMap Detection: Level '/Game/StarterContent/Maps/Minimal_Default.Minimal_Default:PersistentLevel' has LevelScriptBlueprint '/Game/StarterContent/Maps/Minimal_Default.Minimal_Default:PersistentLevel.Minimal_Default' with GeneratedClass '/Game/StarterContent/Maps/Minimal_Default.Minimal_Default_C' with ClassGeneratedBy '/Game/StarterContent/Maps/Minimal_Default.Minimal_Default:PersistentLevel.Minimal_Default'
[2017.04.27-18.34.03:892][604]LogSavePackage: Save=211.77ms
[2017.04.27-18.34.03:892][604]LogSavePackage: Moving '../../../../../4ºcurso/Repositorios/LastBulletVR/LastBullet/Saved/FirstPersonCharacterAE0FD3664DD0FD73B2D09981FD292A3F.tmp' to '../../../../../4ºcurso/Repositorios/LastBulletVR/LastBullet/Content/FirstPersonBP/Blueprints/FirstPersonCharacter.uasset'
[2017.04.27-18.34.03:896][604]LogSavePackage:Display: Finished SavePackage ../../../../../4ºcurso/Repositorios/LastBulletVR/LastBullet/Content/FirstPersonBP/Blueprints/FirstPersonCharacter.uasset
[2017.04.27-18.34.21:661][680]BlueprintLog: New page: Compile FirstPersonCharacter
[2017.04.27-18.34.21:764][680]LogBlueprint:Warning: [Compiler FirstPersonCharacter] Warning InputAction Event references unknown Action 'ResetVR' for  InputAction ResetVR
[2017.04.27-18.34.21:972][680]BlueprintEditorCompileResults:Warning: Warning InputAction Event references unknown Action 'ResetVR' for  InputAction ResetVR
[2017.04.27-18.34.21:973][680]LogBlueprint:Warning: [Compiler FirstPersonCharacter] Warning [1298.64] Compile of FirstPersonCharacter successful, but with 1 Warning(s) [in 312 ms] (/Game/FirstPersonBP/Blueprints/FirstPersonCharacter.FirstPersonCharacter)
[2017.04.27-18.34.24:149][824]LogTemp: Repeting last play command: Selected Viewport
[2017.04.27-18.34.24:173][824]LogBlueprintUserMessages: Early PlayInEditor Detection: Level '/Game/StarterContent/Maps/Minimal_Default.Minimal_Default:PersistentLevel' has LevelScriptBlueprint '/Game/StarterContent/Maps/Minimal_Default.Minimal_Default:PersistentLevel.Minimal_Default' with GeneratedClass '/Game/StarterContent/Maps/Minimal_Default.Minimal_Default_C' with ClassGeneratedBy '/Game/StarterContent/Maps/Minimal_Default.Minimal_Default:PersistentLevel.Minimal_Default'
[2017.04.27-18.34.24:174][824]LogPlayLevel: PlayLevel: No blueprints needed recompiling
[2017.04.27-18.34.24:174][824]PIE: New page: PIE session: Minimal_Default (Apr 27, 2017, 10:34:24 PM)
[2017.04.27-18.34.24:174][824]LogPlayLevel: Creating play world package: /Game/StarterContent/Maps/UEDPIE_0_Minimal_Default
[2017.04.27-18.34.24:191][824]LogPlayLevel: PIE: StaticDuplicateObject took: (0.017362s)
[2017.04.27-18.34.24:192][824]LogAIModule: Creating AISystem for world Minimal_Default
[2017.04.27-18.34.24:192][824]LogPlayLevel: PIE: World Init took: (0.000828s)
[2017.04.27-18.34.24:192][824]LogPlayLevel: PIE: Created PIE world by copying editor world from /Game/StarterContent/Maps/Minimal_Default.Minimal_Default to /Game/StarterContent/Maps/UEDPIE_0_Minimal_Default.Minimal_Default (0.018457s)
[2017.04.27-18.34.24:231][824]LogInit: XAudio2 using '1 - BenQ GL2250H (AMD High Definition Audio Device)' : 2 channels at 48 kHz using 16 bits per sample (channel mask 0x3)
[2017.04.27-18.34.24:241][824]LogInit: FAudioDevice initialized.
[2017.04.27-18.34.24:271][824]LogLoad: Game class is 'FirstPersonGameMode_C'
[2017.04.27-18.34.24:280][824]LogWorld: Bringing World /Game/StarterContent/Maps/UEDPIE_0_Minimal_Default.Minimal_Default up for play (max tick rate 0) at 2017.04.27-20.34.24
[2017.04.27-18.34.24:280][824]LogWorld: Bringing up level for play took: 0.006657
[2017.04.27-18.34.24:284][824]PIE: Info Play in editor start time for /Game/StarterContent/Maps/UEDPIE_0_Minimal_Default -0.187
[2017.04.27-18.34.24:284][824]LogBlueprintUserMessages: Late PlayInEditor Detection: Level '/Game/StarterContent/Maps/Minimal_Default.Minimal_Default:PersistentLevel' has LevelScriptBlueprint '/Game/StarterContent/Maps/Minimal_Default.Minimal_Default:PersistentLevel.Minimal_Default' with GeneratedClass '/Game/StarterContent/Maps/Minimal_Default.Minimal_Default_C' with ClassGeneratedBy '/Game/StarterContent/Maps/Minimal_Default.Minimal_Default:PersistentLevel.Minimal_Default'
[2017.04.27-18.34.26:959][ 34]LogBlueprintUserMessages: Early EndPlayMap Detection: Level '/Game/StarterContent/Maps/Minimal_Default.Minimal_Default:PersistentLevel' has LevelScriptBlueprint '/Game/StarterContent/Maps/Minimal_Default.Minimal_Default:PersistentLevel.Minimal_Default' with GeneratedClass '/Game/StarterContent/Maps/Minimal_Default.Minimal_Default_C' with ClassGeneratedBy '/Game/StarterContent/Maps/Minimal_Default.Minimal_Default:PersistentLevel.Minimal_Default'
[2017.04.27-18.34.27:001][ 34]LogBlueprintUserMessages: Late EndPlayMap Detection: Level '/Game/StarterContent/Maps/Minimal_Default.Minimal_Default:PersistentLevel' has LevelScriptBlueprint '/Game/StarterContent/Maps/Minimal_Default.Minimal_Default:PersistentLevel.Minimal_Default' with GeneratedClass '/Game/StarterContent/Maps/Minimal_Default.Minimal_Default_C' with ClassGeneratedBy '/Game/StarterContent/Maps/Minimal_Default.Minimal_Default:PersistentLevel.Minimal_Default'
[2017.04.27-18.35.05:534][ 35]BlueprintLog: New page: Compile FirstPersonCharacter
[2017.04.27-18.35.05:636][ 35]LogBlueprint:Warning: [Compiler FirstPersonCharacter] Warning InputAction Event references unknown Action 'ResetVR' for  InputAction ResetVR
[2017.04.27-18.35.05:853][ 35]BlueprintEditorCompileResults:Warning: Warning InputAction Event references unknown Action 'ResetVR' for  InputAction ResetVR
[2017.04.27-18.35.05:853][ 35]LogBlueprint:Warning: [Compiler FirstPersonCharacter] Warning [1342.52] Compile of FirstPersonCharacter successful, but with 1 Warning(s) [in 319 ms] (/Game/FirstPersonBP/Blueprints/FirstPersonCharacter.FirstPersonCharacter)
[2017.04.27-18.35.07:536][153]LogTemp: Repeting last play command: Selected Viewport
[2017.04.27-18.35.07:561][153]LogBlueprintUserMessages: Early PlayInEditor Detection: Level '/Game/StarterContent/Maps/Minimal_Default.Minimal_Default:PersistentLevel' has LevelScriptBlueprint '/Game/StarterContent/Maps/Minimal_Default.Minimal_Default:PersistentLevel.Minimal_Default' with GeneratedClass '/Game/StarterContent/Maps/Minimal_Default.Minimal_Default_C' with ClassGeneratedBy '/Game/StarterContent/Maps/Minimal_Default.Minimal_Default:PersistentLevel.Minimal_Default'
[2017.04.27-18.35.07:561][153]LogPlayLevel: PlayLevel: No blueprints needed recompiling
[2017.04.27-18.35.07:561][153]PIE: New page: PIE session: Minimal_Default (Apr 27, 2017, 10:35:07 PM)
[2017.04.27-18.35.07:561][153]LogPlayLevel: Creating play world package: /Game/StarterContent/Maps/UEDPIE_0_Minimal_Default
[2017.04.27-18.35.07:579][153]LogPlayLevel: PIE: StaticDuplicateObject took: (0.017228s)
[2017.04.27-18.35.07:579][153]LogAIModule: Creating AISystem for world Minimal_Default
[2017.04.27-18.35.07:580][153]LogPlayLevel: PIE: World Init took: (0.000823s)
[2017.04.27-18.35.07:580][153]LogPlayLevel: PIE: Created PIE world by copying editor world from /Game/StarterContent/Maps/Minimal_Default.Minimal_Default to /Game/StarterContent/Maps/UEDPIE_0_Minimal_Default.Minimal_Default (0.018323s)
[2017.04.27-18.35.07:620][153]LogInit: XAudio2 using '1 - BenQ GL2250H (AMD High Definition Audio Device)' : 2 channels at 48 kHz using 16 bits per sample (channel mask 0x3)
[2017.04.27-18.35.07:630][153]LogInit: FAudioDevice initialized.
[2017.04.27-18.35.07:661][153]LogLoad: Game class is 'FirstPersonGameMode_C'
[2017.04.27-18.35.07:669][153]LogWorld: Bringing World /Game/StarterContent/Maps/UEDPIE_0_Minimal_Default.Minimal_Default up for play (max tick rate 0) at 2017.04.27-20.35.07
[2017.04.27-18.35.07:670][153]LogWorld: Bringing up level for play took: 0.006634
[2017.04.27-18.35.07:674][153]PIE: Info Play in editor start time for /Game/StarterContent/Maps/UEDPIE_0_Minimal_Default -0.797
[2017.04.27-18.35.07:674][153]LogBlueprintUserMessages: Late PlayInEditor Detection: Level '/Game/StarterContent/Maps/Minimal_Default.Minimal_Default:PersistentLevel' has LevelScriptBlueprint '/Game/StarterContent/Maps/Minimal_Default.Minimal_Default:PersistentLevel.Minimal_Default' with GeneratedClass '/Game/StarterContent/Maps/Minimal_Default.Minimal_Default_C' with ClassGeneratedBy '/Game/StarterContent/Maps/Minimal_Default.Minimal_Default:PersistentLevel.Minimal_Default'
[2017.04.27-18.35.33:778][494]LogBlueprintUserMessages: Early EndPlayMap Detection: Level '/Game/StarterContent/Maps/Minimal_Default.Minimal_Default:PersistentLevel' has LevelScriptBlueprint '/Game/StarterContent/Maps/Minimal_Default.Minimal_Default:PersistentLevel.Minimal_Default' with GeneratedClass '/Game/StarterContent/Maps/Minimal_Default.Minimal_Default_C' with ClassGeneratedBy '/Game/StarterContent/Maps/Minimal_Default.Minimal_Default:PersistentLevel.Minimal_Default'
[2017.04.27-18.35.33:819][494]LogBlueprintUserMessages: Late EndPlayMap Detection: Level '/Game/StarterContent/Maps/Minimal_Default.Minimal_Default:PersistentLevel' has LevelScriptBlueprint '/Game/StarterContent/Maps/Minimal_Default.Minimal_Default:PersistentLevel.Minimal_Default' with GeneratedClass '/Game/StarterContent/Maps/Minimal_Default.Minimal_Default_C' with ClassGeneratedBy '/Game/StarterContent/Maps/Minimal_Default.Minimal_Default:PersistentLevel.Minimal_Default'
[2017.04.27-18.35.36:615][715]LogEditorViewport: Clicking on Actor (LMB): StaticMeshActor (scene_Conector_3)
[2017.04.27-18.35.37:546][767]LogEditorViewport: Clicking on Actor (LMB): SplineBP_C (SplineBP)
[2017.04.27-18.35.51:968][  0]LogEditorViewport: Clicking on Actor (context menu): SplineBP_C (SplineBP)
[2017.04.27-18.35.53:265][102]LogEditorViewport: Clicking on Actor (LMB): SplineBP_C (SplineBP)
[2017.04.27-18.35.53:717][144]LogEditorViewport: Clicking on Actor (context menu): SplineBP_C (SplineBP)
[2017.04.27-18.36.12:732][852]LogSavePackage: Save=397.53ms
[2017.04.27-18.36.12:732][852]LogSavePackage: Moving '../../../../../4ºcurso/Repositorios/LastBulletVR/LastBullet/Saved/Minimal_DefaultBD19E0044099FD1AAE36ABBCBEE45095.tmp' to '../../../../../4ºcurso/Repositorios/LastBulletVR/LastBullet/Content/StarterContent/Maps/Minimal_Default.umap'
[2017.04.27-18.36.12:739][852]LogSavePackage:Display: Finished SavePackage ../../../../../4ºcurso/Repositorios/LastBulletVR/LastBullet/Content/StarterContent/Maps/Minimal_Default.umap
[2017.04.27-18.36.13:357][852]LogSavePackage: Save=375.88ms
[2017.04.27-18.36.13:357][852]LogSavePackage: Moving '../../../../../4ºcurso/Repositorios/LastBulletVR/LastBullet/Saved/Minimal_Default_BuiltDataF1C394F7442CF1ACBCC7AAB2BEC7BF46.tmp' to '../../../../../4ºcurso/Repositorios/LastBulletVR/LastBullet/Content/StarterContent/Maps/Minimal_Default_BuiltData.uasset'
[2017.04.27-18.36.13:363][852]LogSavePackage:Display: Finished SavePackage ../../../../../4ºcurso/Repositorios/LastBulletVR/LastBullet/Content/StarterContent/Maps/Minimal_Default_BuiltData.uasset
[2017.04.27-18.36.17:382][218]LogEditorViewport: Clicking on Actor (LMB): SplineBP_C (SplineBP)
[2017.04.27-18.36.24:469][772]LogTemp: Repeting last play command: Selected Viewport
[2017.04.27-18.36.24:495][772]LogBlueprintUserMessages: Early PlayInEditor Detection: Level '/Game/StarterContent/Maps/Minimal_Default.Minimal_Default:PersistentLevel' has LevelScriptBlueprint '/Game/StarterContent/Maps/Minimal_Default.Minimal_Default:PersistentLevel.Minimal_Default' with GeneratedClass '/Game/StarterContent/Maps/Minimal_Default.Minimal_Default_C' with ClassGeneratedBy '/Game/StarterContent/Maps/Minimal_Default.Minimal_Default:PersistentLevel.Minimal_Default'
[2017.04.27-18.36.24:495][772]LogPlayLevel: PlayLevel: No blueprints needed recompiling
[2017.04.27-18.36.24:495][772]PIE: New page: PIE session: Minimal_Default (Apr 27, 2017, 10:36:24 PM)
[2017.04.27-18.36.24:495][772]LogPlayLevel: Creating play world package: /Game/StarterContent/Maps/UEDPIE_0_Minimal_Default
[2017.04.27-18.36.24:513][772]LogPlayLevel: PIE: StaticDuplicateObject took: (0.018275s)
[2017.04.27-18.36.24:514][772]LogAIModule: Creating AISystem for world Minimal_Default
[2017.04.27-18.36.24:514][772]LogPlayLevel: PIE: World Init took: (0.000848s)
[2017.04.27-18.36.24:515][772]LogPlayLevel: PIE: Created PIE world by copying editor world from /Game/StarterContent/Maps/Minimal_Default.Minimal_Default to /Game/StarterContent/Maps/UEDPIE_0_Minimal_Default.Minimal_Default (0.019417s)
[2017.04.27-18.36.24:553][772]LogInit: XAudio2 using '1 - BenQ GL2250H (AMD High Definition Audio Device)' : 2 channels at 48 kHz using 16 bits per sample (channel mask 0x3)
[2017.04.27-18.36.24:563][772]LogInit: FAudioDevice initialized.
[2017.04.27-18.36.24:593][772]LogLoad: Game class is 'FirstPersonGameMode_C'
[2017.04.27-18.36.24:602][772]LogWorld: Bringing World /Game/StarterContent/Maps/UEDPIE_0_Minimal_Default.Minimal_Default up for play (max tick rate 0) at 2017.04.27-20.36.24
[2017.04.27-18.36.24:602][772]LogWorld: Bringing up level for play took: 0.006715
[2017.04.27-18.36.24:606][772]PIE: Info Play in editor start time for /Game/StarterContent/Maps/UEDPIE_0_Minimal_Default 0.135
[2017.04.27-18.36.24:606][772]LogBlueprintUserMessages: Late PlayInEditor Detection: Level '/Game/StarterContent/Maps/Minimal_Default.Minimal_Default:PersistentLevel' has LevelScriptBlueprint '/Game/StarterContent/Maps/Minimal_Default.Minimal_Default:PersistentLevel.Minimal_Default' with GeneratedClass '/Game/StarterContent/Maps/Minimal_Default.Minimal_Default_C' with ClassGeneratedBy '/Game/StarterContent/Maps/Minimal_Default.Minimal_Default:PersistentLevel.Minimal_Default'
[2017.04.27-18.39.35:543][210]LogSpawn:Warning: SpawnActor failed because of collision at the spawn location [X=-993.418 Y=1786.914 Z=-329.488] for [FirstPersonProjectile_C]
[2017.04.27-18.39.47:805][308]LogSpawn:Warning: SpawnActor failed because of collision at the spawn location [X=1254.493 Y=461.632 Z=-340.705] for [FirstPersonProjectile_C]
[2017.04.27-18.40.07:450][ 78]LogBlueprintUserMessages: Early EndPlayMap Detection: Level '/Game/StarterContent/Maps/Minimal_Default.Minimal_Default:PersistentLevel' has LevelScriptBlueprint '/Game/StarterContent/Maps/Minimal_Default.Minimal_Default:PersistentLevel.Minimal_Default' with GeneratedClass '/Game/StarterContent/Maps/Minimal_Default.Minimal_Default_C' with ClassGeneratedBy '/Game/StarterContent/Maps/Minimal_Default.Minimal_Default:PersistentLevel.Minimal_Default'
[2017.04.27-18.40.07:511][ 78]LogBlueprintUserMessages: Late EndPlayMap Detection: Level '/Game/StarterContent/Maps/Minimal_Default.Minimal_Default:PersistentLevel' has LevelScriptBlueprint '/Game/StarterContent/Maps/Minimal_Default.Minimal_Default:PersistentLevel.Minimal_Default' with GeneratedClass '/Game/StarterContent/Maps/Minimal_Default.Minimal_Default_C' with ClassGeneratedBy '/Game/StarterContent/Maps/Minimal_Default.Minimal_Default:PersistentLevel.Minimal_Default'
[2017.04.27-18.40.43:838][ 21]LogAIModule: Creating AISystem for world Ruben
[2017.04.27-18.40.48:569][202]LogSavePackage: Save=264.11ms
[2017.04.27-18.40.48:569][202]LogSavePackage: Moving '../../../../../4ºcurso/Repositorios/LastBulletVR/LastBullet/Saved/FirstPersonCharacter1F2F5F1E40AA1DE41C9FA1B93422B099.tmp' to '../../../../../4ºcurso/Repositorios/LastBulletVR/LastBullet/Content/FirstPersonBP/Blueprints/FirstPersonCharacter.uasset'
[2017.04.27-18.40.48:577][202]LogSavePackage:Display: Finished SavePackage ../../../../../4ºcurso/Repositorios/LastBulletVR/LastBullet/Content/FirstPersonBP/Blueprints/FirstPersonCharacter.uasset
[2017.04.27-18.40.49:128][202]LogSavePackage: Save=397.38ms
[2017.04.27-18.40.49:128][202]LogSavePackage: Moving '../../../../../4ºcurso/Repositorios/LastBulletVR/LastBullet/Saved/Minimal_Default6A78D4B84880F9ADAF5B389EB142876A.tmp' to '../../../../../4ºcurso/Repositorios/LastBulletVR/LastBullet/Content/StarterContent/Maps/Minimal_Default.umap'
[2017.04.27-18.40.49:137][202]LogSavePackage:Display: Finished SavePackage ../../../../../4ºcurso/Repositorios/LastBulletVR/LastBullet/Content/StarterContent/Maps/Minimal_Default.umap
[2017.04.27-18.40.49:181][202]LogFileHelpers: Saving map 'Minimal_Default' took 0.603
[2017.04.27-18.40.49:187][202]Cmd: MAP LOAD FILE="../../../../../4ºcurso/Repositorios/LastBulletVR/LastBullet/Content/FirstPersonBP/Maps/Ruben.umap" TEMPLATE=0 SHOWPROGRESS=1 FEATURELEVEL=3
[2017.04.27-18.40.49:187][202]LightingResults: New page: Lighting Build
[2017.04.27-18.40.49:189][202]LoadErrors: New page: Loading map: Ruben.umap
[2017.04.27-18.40.49:195][202]MapCheck: New page: Map Check
[2017.04.27-18.40.49:195][202]LightingResults: New page: Lighting Build
[2017.04.27-18.40.49:378][202]LogEditorServer: Finished looking for orphan Actors (0.000 secs)
[2017.04.27-18.40.49:449][202]Cmd: MAP CHECKDEP NOCLEARLOG
[2017.04.27-18.40.49:544][202]MapCheck: Info Map check complete: 0 Error(s), 0 Warning(s), took 95.312ms to complete.
[2017.04.27-18.40.49:545][202]LogFileHelpers: Loading map 'Ruben' took 0.362
[2017.04.27-18.40.52:870][572]LogEditorViewport: Clicking on Actor (LMB): TargetPoint (TargetPoint6)
[2017.04.27-18.40.56:571][955]LogEditorViewport: Clicking on Actor (LMB): Zona_C (Zona0)
[2017.04.27-18.41.01:573][480]LogEditorViewport: Clicking on Actor (LMB): AICharacter_C (AICharacter)
[2017.04.27-18.41.48:452][536]LogRenderer: Reallocating scene render targets to support 1264x712 NumSamples 1 (Frame:76935).
[2017.04.27-18.42.00:821][609]LogEditorViewport: Clicking on Actor (LMB): TargetPoint (TargetPoint5)
[2017.04.27-18.42.25:565][110]Cmd: TRANSACTION UNDO
[2017.04.27-18.42.25:565][110]LogEditorTransaction: Undo Create Actors
[2017.04.27-18.42.26:836][236]LogEditorViewport: Clicking on Actor (LMB): TriggerBox (zona1)
[2017.04.27-18.42.30:975][719]LogEditorViewport: Clicking on Actor (LMB): Zona_C (Zona0)
[2017.04.27-18.42.35:148][185]LogEditorViewport: Clicking on Actor (LMB): TriggerBox (zona5)
[2017.04.27-18.42.45:914][418]LogEditorViewport: Clicking on Actor (LMB): Zona_C (Zona0)
[2017.04.27-18.42.59:376][727]LogEditorViewport: Clicking on Actor (LMB): TriggerBox (zona1)
[2017.04.27-18.43.00:790][889]LogEditorViewport: Clicking on Actor (LMB): Zona_C (Zona0)
[2017.04.27-18.43.05:004][389]LogEditorViewport: Clicking on Actor (LMB): TriggerBox (zona1)
[2017.04.27-18.43.25:087][782]LogEditorViewport: Clicking on Actor (LMB): TargetPoint (TargetPoint4)
[2017.04.27-18.43.34:083][778]LogEditorViewport: Clicking on Actor (LMB): TargetPoint (TargetPoint6)
[2017.04.27-18.43.35:610][952]LogEditorViewport: Clicking on Actor (LMB): StaticMeshActor (Floor)
[2017.04.27-18.43.39:435][397]LogEditorViewport: Clicking on Actor (LMB): StaticMeshActor (Floor)
[2017.04.27-18.43.42:164][720]LogEditorViewport: Clicking on Actor (LMB): TargetPoint (TargetPoint3)
[2017.04.27-18.43.46:449][223]LogEditorViewport: Clicking on Actor (LMB): TriggerBox (zona1)
[2017.04.27-18.44.06:603][879]LogEditorViewport: Clicking on Actor (LMB): TargetPoint (TargetPoint4)
[2017.04.27-18.44.16:135][759]LogEditorViewport: Clicking on Actor (LMB): TriggerBox (zona1)
[2017.04.27-18.46.01:461][374]LogEditorViewport: Clicking on Actor (LMB): BP_Sky_Sphere_C (SkySphereBlueprint)
[2017.04.27-18.46.06:820][792]LogActorComponent: UnregisterComponent: (/Engine/Transient.EditorFloorComp) Not registered. Aborting.
[2017.04.27-18.46.06:886][792]LogActorComponent: UnregisterComponent: (/Engine/Transient.EditorFloorComp) Not registered. Aborting.
[2017.04.27-18.46.07:271][793]Cmd: QUIT_EDITOR
[2017.04.27-18.46.07:467][793]LogWindowsTextInputMethodSystem:Display: IME system now deactivated.
[2017.04.27-18.46.07:520][793]LogExit: Preparing to exit.
[2017.04.27-18.46.08:919][793]LogDirectoryWatcher: A directory notification for 'D:/4ºcurso/Repositorios/LastBulletVR/LastBullet/Content/' was aborted.
[2017.04.27-18.46.09:407][793]LogExit: Editor shut down
[2017.04.27-18.46.09:409][793]LogExit: Transaction tracking system shut down
[2017.04.27-18.46.10:200][793]LogObj: Freed 0b from 0 cluster array pools.
[2017.04.27-18.46.10:201][793]LogExit: Object subsystem successfully closed.
[2017.04.27-18.46.10:310][793]LogD3D11RHI: Shutdown
[2017.04.27-18.46.10:310][793]LogD3D11RHI: CleanupD3DDevice
[2017.04.27-18.46.10:591][793]LogD3D11RHI: ~FD3D11DynamicRHI
[2017.04.27-18.46.10:999][793]LogModuleManager: Shutting down and abandoning module MovieSceneCapture (504)
[2017.04.27-18.46.10:999][793]LogModuleManager: Shutting down and abandoning module BlueprintGraph (502)
[2017.04.27-18.46.10:999][793]LogModuleManager: Shutting down and abandoning module BlueprintProfiler (500)
[2017.04.27-18.46.11:018][793]LogModuleManager: Shutting down and abandoning module HierarchicalLODOutliner (498)
[2017.04.27-18.46.11:018][793]LogModuleManager: Shutting down and abandoning module CrashTracker (496)
[2017.04.27-18.46.11:018][793]LogModuleManager: Shutting down and abandoning module SceneOutliner (494)
[2017.04.27-18.46.11:018][793]LogModuleManager: Shutting down and abandoning module AddContentDialog (492)
[2017.04.27-18.46.11:018][793]LogDirectoryWatcher: A directory notification for 'D:/EpicGames/UE_4.15/FeaturePacks/' was aborted.
[2017.04.27-18.46.11:027][793]LogModuleManager: Shutting down and abandoning module WidgetCarousel (491)
[2017.04.27-18.46.11:027][793]LogModuleManager: Shutting down and abandoning module EditorWidgets (488)
[2017.04.27-18.46.11:027][793]LogModuleManager: Shutting down and abandoning module CollectionManager (486)
[2017.04.27-18.46.11:027][793]LogDirectoryWatcher: A directory notification for 'D:/4ºcurso/Repositorios/LastBulletVR/LastBullet/Content/Collections/' was aborted.
[2017.04.27-18.46.11:027][793]LogDirectoryWatcher: A directory notification for 'D:/4ºcurso/Repositorios/LastBulletVR/LastBullet/Content/Developers/julio/Collections/' was aborted.
[2017.04.27-18.46.11:027][793]LogDirectoryWatcher: A directory notification for 'D:/4ºcurso/Repositorios/LastBulletVR/LastBullet/Saved/Collections/' was aborted.
[2017.04.27-18.46.11:027][793]LogModuleManager: Shutting down and abandoning module StatsViewer (484)
[2017.04.27-18.46.11:027][793]LogModuleManager: Shutting down and abandoning module FoliageEdit (482)
[2017.04.27-18.46.11:027][793]LogModuleManager: Shutting down and abandoning module LandscapeEditor (480)
[2017.04.27-18.46.11:027][793]LogModuleManager: Shutting down and abandoning module SceneDepthPickerMode (478)
[2017.04.27-18.46.11:027][793]LogModuleManager: Shutting down and abandoning module ActorPickerMode (476)
[2017.04.27-18.46.11:027][793]LogModuleManager: Shutting down and abandoning module GeometryMode (474)
[2017.04.27-18.46.11:027][793]LogModuleManager: Shutting down and abandoning module TextureAlignMode (472)
[2017.04.27-18.46.11:027][793]LogModuleManager: Shutting down and abandoning module BspMode (470)
[2017.04.27-18.46.11:027][793]LogModuleManager: Shutting down and abandoning module HardwareSurvey (468)
[2017.04.27-18.46.11:027][793]LogModuleManager: Shutting down and abandoning module SequenceRecorderSections (466)
[2017.04.27-18.46.11:028][793]LogModuleManager: Shutting down and abandoning module AutomationWorker (464)
[2017.04.27-18.46.11:028][793]LogModuleManager: Shutting down and abandoning module MatineeToLevelSequence (462)
[2017.04.27-18.46.11:028][793]LogModuleManager: Shutting down and abandoning module LevelSequenceEditor (460)
[2017.04.27-18.46.11:056][793]LogModuleManager: Shutting down and abandoning module PlacementMode (459)
[2017.04.27-18.46.11:056][793]LogModuleManager: Shutting down and abandoning module WmfMediaFactory (456)
[2017.04.27-18.46.11:056][793]LogModuleManager: Shutting down and abandoning module WmfMediaEditor (454)
[2017.04.27-18.46.11:056][793]LogModuleManager: Shutting down and abandoning module MfMediaFactory (452)
[2017.04.27-18.46.11:056][793]LogModuleManager: Shutting down and abandoning module MfMediaEditor (450)
[2017.04.27-18.46.11:056][793]LogModuleManager: Shutting down and abandoning module AvfMediaFactory (448)
[2017.04.27-18.46.11:056][793]LogModuleManager: Shutting down and abandoning module AvfMediaEditor (446)
[2017.04.27-18.46.11:056][793]LogModuleManager: Shutting down and abandoning module AndroidMediaFactory (444)
[2017.04.27-18.46.11:056][793]LogModuleManager: Shutting down and abandoning module Media (443)
[2017.04.27-18.46.11:056][793]LogModuleManager: Shutting down and abandoning module AndroidMediaEditor (440)
[2017.04.27-18.46.11:056][793]LogModuleManager: Shutting down and abandoning module CharacterAI (438)
[2017.04.27-18.46.11:057][793]LogModuleManager: Shutting down and abandoning module AudioCapture (436)
[2017.04.27-18.46.11:057][793]LogModuleManager: Shutting down and abandoning module SequenceRecorder (435)
[2017.04.27-18.46.11:077][793]LogModuleManager: Shutting down and abandoning module SmartSnapping (432)
[2017.04.27-18.46.11:077][793]LogModuleManager: Shutting down and abandoning module SessionServices (430)
[2017.04.27-18.46.11:077][793]LogModuleManager: Shutting down and abandoning module ViewportSnapping (428)
[2017.04.27-18.46.11:077][793]LogModuleManager: Shutting down and abandoning module ViewportInteraction (426)
[2017.04.27-18.46.11:077][793]LogModuleManager: Shutting down and abandoning module LogVisualizer (424)
[2017.04.27-18.46.11:098][793]LogModuleManager: Shutting down and abandoning module IntroTutorials (422)
[2017.04.27-18.46.11:112][793]LogModuleManager: Shutting down and abandoning module GameProjectGeneration (421)
[2017.04.27-18.46.11:129][793]LogModuleManager: Shutting down and abandoning module EditorLiveStreaming (418)
[2017.04.27-18.46.11:129][793]LogModuleManager: Shutting down and abandoning module IOSPlatformEditor (416)
[2017.04.27-18.46.11:129][793]LogModuleManager: Shutting down and abandoning module HTML5PlatformEditor (414)
[2017.04.27-18.46.11:129][793]LogModuleManager: Shutting down and abandoning module AndroidPlatformEditor (412)
[2017.04.27-18.46.11:129][793]LogModuleManager: Shutting down and abandoning module AndroidDeviceDetection (411)
[2017.04.27-18.46.11:212][793]LogModuleManager: Shutting down and abandoning module IOSRuntimeSettings (408)
[2017.04.27-18.46.11:212][793]LogModuleManager: Shutting down and abandoning module AndroidRuntimeSettings (406)
[2017.04.27-18.46.11:212][793]LogModuleManager: Shutting down and abandoning module InputBindingEditor (404)
[2017.04.27-18.46.11:212][793]LogModuleManager: Shutting down and abandoning module NiagaraEditor (402)
[2017.04.27-18.46.11:227][793]LogModuleManager: Shutting down and abandoning module MergeActors (400)
[2017.04.27-18.46.11:245][793]LogModuleManager: Shutting down and abandoning module SizeMap (398)
[2017.04.27-18.46.11:245][793]LogModuleManager: Shutting down and abandoning module TreeMap (396)
[2017.04.27-18.46.11:245][793]LogModuleManager: Shutting down and abandoning module ReferenceViewer (394)
[2017.04.27-18.46.11:245][793]LogModuleManager: Shutting down and abandoning module LocalizationDashboard (392)
[2017.04.27-18.46.11:262][793]LogModuleManager: Shutting down and abandoning module LocalizationService (391)
[2017.04.27-18.46.11:274][793]LogModuleManager: Shutting down and abandoning module HardwareTargeting (388)
[2017.04.27-18.46.11:274][793]LogModuleManager: Shutting down and abandoning module DeviceProfileEditor (386)
[2017.04.27-18.46.11:293][793]LogModuleManager: Shutting down and abandoning module UndoHistory (384)
[2017.04.27-18.46.11:293][793]LogModuleManager: Shutting down and abandoning module UserFeedback (382)
[2017.04.27-18.46.11:293][793]LogModuleManager: Shutting down and abandoning module XmlParser (380)
[2017.04.27-18.46.11:293][793]LogModuleManager: Shutting down and abandoning module Blutility (378)
[2017.04.27-18.46.11:293][793]LogModuleManager: Shutting down and abandoning module ProjectSettingsViewer (376)
[2017.04.27-18.46.11:293][793]LogModuleManager: Shutting down and abandoning module ProjectTargetPlatformEditor (375)
[2017.04.27-18.46.11:293][793]LogModuleManager: Shutting down and abandoning module EditorSettingsViewer (372)
[2017.04.27-18.46.11:294][793]LogModuleManager: Shutting down and abandoning module SettingsEditor (370)
[2017.04.27-18.46.11:294][793]LogModuleManager: Shutting down and abandoning module ProjectLauncher (368)
[2017.04.27-18.46.11:316][793]LogModuleManager: Shutting down and abandoning module SessionFrontend (366)
[2017.04.27-18.46.11:326][793]LogModuleManager: Shutting down and abandoning module ProfilerClient (364)
[2017.04.27-18.46.11:360][793]LogModuleManager: Shutting down and abandoning module DeviceManager (362)
[2017.04.27-18.46.11:371][793]LogModuleManager: Shutting down and abandoning module TargetDeviceServices (361)
[2017.04.27-18.46.11:413][793]LogModuleManager: Shutting down and abandoning module AutomationController (358)
[2017.04.27-18.46.11:413][793]LogModuleManager: Shutting down and abandoning module AutomationWindow (356)
[2017.04.27-18.46.11:436][793]LogModuleManager: Shutting down and abandoning module Layers (354)
[2017.04.27-18.46.11:459][793]LogModuleManager: Shutting down and abandoning module ComponentVisualizers (352)
[2017.04.27-18.46.11:460][793]LogModuleManager: Shutting down and abandoning module DetailCustomizations (350)
[2017.04.27-18.46.11:460][793]LogModuleManager: Shutting down and abandoning module PackagesDialog (348)
[2017.04.27-18.46.11:460][793]LogModuleManager: Shutting down and abandoning module Persona (346)
[2017.04.27-18.46.11:476][793]LogModuleManager: Shutting down and abandoning module AnimGraph (345)
[2017.04.27-18.46.11:477][793]LogModuleManager: Shutting down and abandoning module Kismet (342)
[2017.04.27-18.46.11:495][793]LogModuleManager: Shutting down and abandoning module GraphEditor (340)
[2017.04.27-18.46.11:495][793]LogModuleManager: Shutting down and abandoning module ClassViewer (338)
[2017.04.27-18.46.11:503][793]LogModuleManager: Shutting down and abandoning module Toolbox (336)
[2017.04.27-18.46.11:503][793]LogModuleManager: Shutting down and abandoning module ModuleUI (334)
[2017.04.27-18.46.11:544][793]LogModuleManager: Shutting down and abandoning module MovieSceneTools (332)
[2017.04.27-18.46.11:545][793]LogModuleManager: Shutting down and abandoning module OutputLog (330)
[2017.04.27-18.46.11:545][793]LogModuleManager: Shutting down and abandoning module GammaUI (328)
[2017.04.27-18.46.11:545][793]LogModuleManager: Shutting down and abandoning module Documentation (326)
[2017.04.27-18.46.11:545][793]LogModuleManager: Shutting down and abandoning module Niagara (324)
[2017.04.27-18.46.11:545][793]LogModuleManager: Shutting down and abandoning module StreamingPauseRendering (322)
[2017.04.27-18.46.11:545][793]LogModuleManager: Shutting down and abandoning module AnalyticsET (320)
[2017.04.27-18.46.11:545][793]LogModuleManager: Shutting down and abandoning module PortalServices (318)
[2017.04.27-18.46.11:545][793]LogModuleManager: Shutting down and abandoning module PortalRpc (316)
[2017.04.27-18.46.11:545][793]LogModuleManager: Shutting down and abandoning module MessagingRpc (314)
[2017.04.27-18.46.11:545][793]LogModuleManager: Shutting down and abandoning module AIModule (312)
[2017.04.27-18.46.11:545][793]LogModuleManager: Shutting down and abandoning module GameplayDebugger (311)
[2017.04.27-18.46.11:545][793]LogModuleManager: Shutting down and abandoning module AITestSuite (309)
[2017.04.27-18.46.11:545][793]LogModuleManager: Shutting down and abandoning module ProfilerService (306)
[2017.04.27-18.46.11:713][793]LogModuleManager: Shutting down and abandoning module TaskGraph (304)
[2017.04.27-18.46.11:731][793]LogModuleManager: Shutting down and abandoning module SteamVRController (302)
[2017.04.27-18.46.11:731][793]LogModuleManager: Shutting down and abandoning module SteamVR (300)
[2017.04.27-18.46.11:731][793]LogModuleManager: Shutting down and abandoning module ProceduralMeshComponentEditor (298)
[2017.04.27-18.46.11:731][793]LogModuleManager: Shutting down and abandoning module ProceduralMeshComponent (296)
[2017.04.27-18.46.11:731][793]LogModuleManager: Shutting down and abandoning module OculusLibrary (294)
[2017.04.27-18.46.11:731][793]LogModuleManager: Shutting down and abandoning module OculusInput (292)
[2017.04.27-18.46.11:731][793]LogModuleManager: Shutting down and abandoning module MobilePatchingUtils (290)
[2017.04.27-18.46.11:731][793]LogModuleManager: Shutting down and abandoning module CustomMeshComponent (288)
[2017.04.27-18.46.11:731][793]LogModuleManager: Shutting down and abandoning module CableComponent (286)
[2017.04.27-18.46.11:731][793]LogModuleManager: Shutting down and abandoning module ArchVisCharacter (284)
[2017.04.27-18.46.11:731][793]LogModuleManager: Shutting down and abandoning module MediaPlayerEditor (280)
[2017.04.27-18.46.11:743][793]LogModuleManager: Shutting down and abandoning module HTML5Networking (278)
[2017.04.27-18.46.11:743][793]LogModuleManager: Shutting down and abandoning module AlembicImporter (276)
[2017.04.27-18.46.11:743][793]LogModuleManager: Shutting down and abandoning module AlembicLibrary (275)
[2017.04.27-18.46.11:743][793]LogModuleManager: Shutting down and abandoning module GeometryCache (274)
[2017.04.27-18.46.11:743][793]LogModuleManager: Shutting down and abandoning module GeometryCacheEd (273)
[2017.04.27-18.46.11:743][793]LogModuleManager: Shutting down and abandoning module SuperSearchEditor (268)
[2017.04.27-18.46.11:743][793]LogModuleManager: Shutting down and abandoning module SuperSearch (267)
[2017.04.27-18.46.11:743][793]LogModuleManager: Shutting down and abandoning module SpeedTreeImporter (264)
[2017.04.27-18.46.11:743][793]LogModuleManager: Shutting down and abandoning module PluginBrowser (262)
[2017.04.27-18.46.11:743][793]LogModuleManager: Shutting down and abandoning module MobileLauncherProfileWizard (260)
[2017.04.27-18.46.11:744][793]LogModuleManager: Shutting down and abandoning module EpicSurvey (258)
[2017.04.27-18.46.11:744][793]LogModuleManager: Shutting down and abandoning module VisualStudioSourceCodeAccess (256)
[2017.04.27-18.46.11:744][793]LogModuleManager: Shutting down and abandoning module DesktopPlatform (255)
[2017.04.27-18.46.11:744][793]LogModuleManager: Shutting down and abandoning module UObjectPlugin (252)
[2017.04.27-18.46.11:744][793]LogModuleManager: Shutting down and abandoning module SubversionSourceControl (250)
[2017.04.27-18.46.11:744][793]LogModuleManager: Shutting down and abandoning module PerforceSourceControl (248)
[2017.04.27-18.46.11:754][793]LogModuleManager: Shutting down and abandoning module GitSourceControl (246)
[2017.04.27-18.46.11:754][793]LogModuleManager: Shutting down and abandoning module SourceControl (245)
[2017.04.27-18.46.11:754][793]LogModuleManager: Shutting down and abandoning module LightPropagationVolumeEditor (242)
[2017.04.27-18.46.11:754][793]LogModuleManager: Shutting down and abandoning module PaperTiledImporter (240)
[2017.04.27-18.46.11:754][793]LogModuleManager: Shutting down and abandoning module PaperSpriteSheetImporter (238)
[2017.04.27-18.46.11:754][793]LogModuleManager: Shutting down and abandoning module Paper2DEditor (236)
[2017.04.27-18.46.11:758][793]LogModuleManager: Shutting down and abandoning module MeshPaint (235)
[2017.04.27-18.46.11:758][793]LogModuleManager: Shutting down and abandoning module LevelEditor (233)
[2017.04.27-18.46.11:759][793]LogModuleManager: Shutting down and abandoning module PixelInspectorModule (232)
[2017.04.27-18.46.11:759][793]LogModuleManager: Shutting down and abandoning module MainFrame (230)
[2017.04.27-18.46.11:759][793]LogModuleManager: Shutting down and abandoning module HotReload (229)
[2017.04.27-18.46.11:760][793]LogModuleManager: Shutting down and abandoning module ContentBrowser (225)
[2017.04.27-18.46.11:763][793]LogModuleManager: Shutting down and abandoning module PhysXVehiclesEditor (222)
[2017.04.27-18.46.11:763][793]LogModuleManager: Shutting down and abandoning module PhysXVehicles (220)
[2017.04.27-18.46.11:763][793]LogModuleManager: Shutting down and abandoning module LocationServicesBPLibrary (218)
[2017.04.27-18.46.11:763][793]LogModuleManager: Shutting down and abandoning module UdpMessaging (216)
[2017.04.27-18.46.11:864][793]LogModuleManager: Shutting down and abandoning module TcpMessaging (214)
[2017.04.27-18.46.11:964][793]LogModuleManager: Shutting down and abandoning module GameplayTagsEditor (212)
[2017.04.27-18.46.11:964][793]LogModuleManager: Shutting down and abandoning module FacialAnimationEditor (210)
[2017.04.27-18.46.11:975][793]LogModuleManager: Shutting down and abandoning module FacialAnimation (208)
[2017.04.27-18.46.11:975][793]LogModuleManager: Shutting down and abandoning module LightPropagationVolumeRuntime (206)
[2017.04.27-18.46.11:975][793]LogModuleManager: Shutting down and abandoning module Paper2D (204)
[2017.04.27-18.46.11:987][793]LogModuleManager: Shutting down and abandoning module WindowsMoviePlayer (202)
[2017.04.27-18.46.11:987][793]LogModuleManager: Shutting down and abandoning module WmfMedia (200)
[2017.04.27-18.46.11:987][793]LogModuleManager: Shutting down and abandoning module MfMedia (198)
[2017.04.27-18.46.11:987][793]LogModuleManager: Shutting down and abandoning module MediaAssets (196)
[2017.04.27-18.46.11:987][793]LogModuleManager: Shutting down and abandoning module GameLiveStreaming (194)
[2017.04.27-18.46.11:988][793]LogModuleManager: Shutting down and abandoning module VREditor (192)
[2017.04.27-18.46.11:988][793]LogModuleManager: Shutting down and abandoning module GameplayTasksEditor (190)
[2017.04.27-18.46.11:988][793]LogModuleManager: Shutting down and abandoning module BehaviorTreeEditor (188)
[2017.04.27-18.46.12:002][793]LogModuleManager: Shutting down and abandoning module FunctionalTesting (186)
[2017.04.27-18.46.12:002][793]LogModuleManager: Shutting down and abandoning module CollisionAnalyzer (184)
[2017.04.27-18.46.12:017][793]LogModuleManager: Shutting down and abandoning module UMG (182)
[2017.04.27-18.46.12:017][793]LogModuleManager: Shutting down and abandoning module UMGEditor (181)
[2017.04.27-18.46.12:017][793]LogModuleManager: Shutting down and abandoning module Sequencer (180)
[2017.04.27-18.46.12:037][793]LogModuleManager: Shutting down and abandoning module AssetTools (178)
[2017.04.27-18.46.12:065][793]LogModuleManager: Shutting down and abandoning module MessageLog (177)
[2017.04.27-18.46.12:065][793]LogModuleManager: Shutting down and abandoning module WorkspaceMenuStructure (176)
[2017.04.27-18.46.12:065][793]LogModuleManager: Shutting down and abandoning module SlateReflector (170)
[2017.04.27-18.46.12:082][793]LogModuleManager: Shutting down and abandoning module Slate (168)
[2017.04.27-18.46.12:082][793]LogModuleManager: Shutting down and abandoning module EditorStyle (166)
[2017.04.27-18.46.12:086][793]LogModuleManager: Shutting down and abandoning module SourceCodeAccess (164)
[2017.04.27-18.46.12:095][793]LogModuleManager: Shutting down and abandoning module HeadMountedDisplay (162)
[2017.04.27-18.46.12:095][793]LogModuleManager: Shutting down and abandoning module XAudio2 (160)
[2017.04.27-18.46.12:095][793]LogModuleManager: Shutting down and abandoning module Networking (158)
[2017.04.27-18.46.12:095][793]LogModuleManager: Shutting down and abandoning module Core (154)
[2017.04.27-18.46.12:095][793]LogModuleManager: Shutting down and abandoning module AssetRegistry (152)
[2017.04.27-18.46.12:285][793]LogDirectoryWatcher: A directory notification for '../../../Engine/Content/' was aborted.
[2017.04.27-18.46.12:285][793]LogDirectoryWatcher: A directory notification for '../../../../../4ºcurso/Repositorios/LastBulletVR/LastBullet/Content/' was aborted.
[2017.04.27-18.46.12:285][793]LogDirectoryWatcher: A directory notification for '../../../Engine/Plugins/2D/Paper2D/Content/' was aborted.
[2017.04.27-18.46.12:285][793]LogModuleManager: Shutting down and abandoning module DirectoryWatcher (151)
[2017.04.27-18.46.12:294][793]LogModuleManager: Shutting down and abandoning module KismetCompiler (148)
[2017.04.27-18.46.12:294][793]LogModuleManager: Shutting down and abandoning module PhysXFormats (146)
[2017.04.27-18.46.12:294][793]LogModuleManager: Shutting down and abandoning module MeshUtilities (144)
[2017.04.27-18.46.12:308][793]LogModuleManager: Shutting down and abandoning module SimplygonSwarm (143)
[2017.04.27-18.46.12:308][793]LogModuleManager: Shutting down and abandoning module SimplygonMeshReduction (141)
[2017.04.27-18.46.12:308][793]LogModuleManager: Shutting down and abandoning module QuadricMeshReduction (139)
[2017.04.27-18.46.12:308][793]LogModuleManager: Shutting down and abandoning module PropertyEditor (137)
[2017.04.27-18.46.12:309][793]LogModuleManager: Shutting down and abandoning module DerivedDataCache (134)
[2017.04.27-18.46.12:394][793]LogDerivedDataCache: Shutdown
[2017.04.27-18.46.12:394][793]LogModuleManager: Shutting down and abandoning module TargetPlatform (132)
[2017.04.27-18.46.12:395][793]LogModuleManager: Shutting down and abandoning module VulkanShaderFormat (131)
[2017.04.27-18.46.12:405][793]LogModuleManager: Shutting down and abandoning module ShaderFormatOpenGL (129)
[2017.04.27-18.46.12:428][793]LogModuleManager: Shutting down and abandoning module ShaderFormatD3D (127)
[2017.04.27-18.46.12:428][793]LogModuleManager: Shutting down and abandoning module MetalShaderFormat (125)
[2017.04.27-18.46.12:458][793]LogModuleManager: Shutting down and abandoning module TextureFormatUncompressed (123)
[2017.04.27-18.46.12:458][793]LogModuleManager: Shutting down and abandoning module TextureFormatPVR (121)
[2017.04.27-18.46.12:458][793]LogModuleManager: Shutting down and abandoning module TextureFormatDXT (119)
[2017.04.27-18.46.12:458][793]LogModuleManager: Shutting down and abandoning module TextureFormatIntelISPCTexComp (117)
[2017.04.27-18.46.12:461][793]LogModuleManager: Shutting down and abandoning module TextureFormatASTC (115)
[2017.04.27-18.46.12:461][793]LogModuleManager: Shutting down and abandoning module ImageWrapper (114)
[2017.04.27-18.46.12:461][793]LogModuleManager: Shutting down and abandoning module TextureFormatAndroid (111)
[2017.04.27-18.46.12:461][793]LogModuleManager: Shutting down and abandoning module AudioFormatOpus (109)
[2017.04.27-18.46.12:478][793]LogModuleManager: Shutting down and abandoning module AudioFormatOgg (107)
[2017.04.27-18.46.12:478][793]LogModuleManager: Shutting down and abandoning module AudioFormatADPCM (105)
[2017.04.27-18.46.12:478][793]LogModuleManager: Shutting down and abandoning module LinuxTargetPlatform (103)
[2017.04.27-18.46.12:478][793]LogModuleManager: Shutting down and abandoning module LinuxServerTargetPlatform (101)
[2017.04.27-18.46.12:478][793]LogModuleManager: Shutting down and abandoning module LinuxNoEditorTargetPlatform (99)
[2017.04.27-18.46.12:478][793]LogModuleManager: Shutting down and abandoning module LinuxClientTargetPlatform (97)
[2017.04.27-18.46.12:478][793]LogModuleManager: Shutting down and abandoning module TVOSTargetPlatform (95)
[2017.04.27-18.46.12:478][793]LogModuleManager: Shutting down and abandoning module Messaging (93)
[2017.04.27-18.46.12:478][793]LogModuleManager: Shutting down and abandoning module IOSTargetPlatform (91)
[2017.04.27-18.46.12:478][793]LogModuleManager: Shutting down and abandoning module HTML5TargetPlatform (89)
[2017.04.27-18.46.12:478][793]LogModuleManager: Shutting down and abandoning module Android_PVRTCTargetPlatform (87)
[2017.04.27-18.46.12:478][793]LogModuleManager: Shutting down and abandoning module Android_MultiTargetPlatform (85)
[2017.04.27-18.46.12:478][793]LogModuleManager: Shutting down and abandoning module Android_ETC2TargetPlatform (83)
[2017.04.27-18.46.12:478][793]LogModuleManager: Shutting down and abandoning module Android_ETC1TargetPlatform (81)
[2017.04.27-18.46.12:478][793]LogModuleManager: Shutting down and abandoning module Android_DXTTargetPlatform (79)
[2017.04.27-18.46.12:478][793]LogModuleManager: Shutting down and abandoning module Android_ATCTargetPlatform (77)
[2017.04.27-18.46.12:478][793]LogModuleManager: Shutting down and abandoning module Android_ASTCTargetPlatform (75)
[2017.04.27-18.46.12:479][793]LogModuleManager: Shutting down and abandoning module AndroidTargetPlatform (73)
[2017.04.27-18.46.12:479][793]LogModuleManager: Shutting down and abandoning module WindowsTargetPlatform (71)
[2017.04.27-18.46.12:479][793]LogModuleManager: Shutting down and abandoning module WindowsServerTargetPlatform (69)
[2017.04.27-18.46.12:479][793]LogModuleManager: Shutting down and abandoning module WindowsNoEditorTargetPlatform (67)
[2017.04.27-18.46.12:479][793]LogModuleManager: Shutting down and abandoning module WindowsClientTargetPlatform (65)
[2017.04.27-18.46.12:479][793]LogModuleManager: Shutting down and abandoning module MacTargetPlatform (63)
[2017.04.27-18.46.12:479][793]LogModuleManager: Shutting down and abandoning module MacServerTargetPlatform (61)
[2017.04.27-18.46.12:479][793]LogModuleManager: Shutting down and abandoning module MacNoEditorTargetPlatform (59)
[2017.04.27-18.46.12:479][793]LogModuleManager: Shutting down and abandoning module MacClientTargetPlatform (57)
[2017.04.27-18.46.12:479][793]LogModuleManager: Shutting down and abandoning module AllDesktopTargetPlatform (55)
[2017.04.27-18.46.12:479][793]LogModuleManager: Shutting down and abandoning module InputCore (52)
[2017.04.27-18.46.12:479][793]LogModuleManager: Shutting down and abandoning module Settings (50)
[2017.04.27-18.46.12:479][793]LogModuleManager: Shutting down and abandoning module OculusRift (48)
[2017.04.27-18.46.12:480][793]LogModuleManager: Shutting down and abandoning module GearVR (46)
[2017.04.27-18.46.12:480][793]LogModuleManager: Shutting down and abandoning module ExampleDeviceProfileSelector (44)
[2017.04.27-18.46.12:480][793]LogModuleManager: Shutting down and abandoning module OnlineBlueprintSupport (42)
[2017.04.27-18.46.12:480][793]LogModuleManager: Shutting down and abandoning module OnlineSubsystem (38)
[2017.04.27-18.46.12:480][793]LogOnline:Display: Unloading online subsystem: NULL
[2017.04.27-18.46.12:512][793]LogModuleManager: Shutting down and abandoning module XMPP (37)
[2017.04.27-18.46.12:530][793]LogModuleManager: Shutting down and abandoning module HTTP (35)
[2017.04.27-18.46.12:542][793]LogHttp:Display: Http module shutting down, but needs to wait on 1 outstanding Http requests:
[2017.04.27-18.46.12:542][793]LogHttp:Display: 	verb=[POST] url=[https://datarouter.ol.epicgames.com/datarouter/api/v1/public/data?SessionID=%7B5DA54A13-4098-2259-4687-15A77C313F2F%7D&AppID=UEEditor.Rocket.Release&AppVersion=4.15.1-3348071%2B%2B%2BUE4%2BRelease-4.15&UserID=15554a644807a486ba899cbd09228e19%7Ccb366ee9920943c99d753c26cd3174cf%7Ce696dbf3-2f41-4d5c-8123-2e1344375e59&AppEnvironment=datacollector-binary&UploadType=eteventstream] status=Processing
[2017.04.27-18.46.12:565][793]LogModuleManager: Shutting down and abandoning module SSL (34)
[2017.04.27-18.46.12:573][793]LogModuleManager: Shutting down and abandoning module AudioEditor (30)
[2017.04.27-18.46.12:590][793]LogModuleManager: Shutting down and abandoning module TextureCompressor (28)
[2017.04.27-18.46.12:592][793]LogModuleManager: Shutting down and abandoning module ShaderCore (26)
[2017.04.27-18.46.12:593][793]LogModuleManager: Shutting down and abandoning module Landscape (24)
[2017.04.27-18.46.12:593][793]LogModuleManager: Shutting down and abandoning module SlateRHIRenderer (22)
[2017.04.27-18.46.12:622][793]LogModuleManager: Shutting down and abandoning module OpenGLDrv (20)
[2017.04.27-18.46.12:623][793]LogModuleManager: Shutting down and abandoning module D3D11RHI (18)
[2017.04.27-18.46.12:623][793]LogModuleManager: Shutting down and abandoning module AnimGraphRuntime (16)
[2017.04.27-18.46.12:633][793]LogModuleManager: Shutting down and abandoning module Renderer (14)
[2017.04.27-18.46.12:633][793]LogModuleManager: Shutting down and abandoning module Engine (12)
[2017.04.27-18.46.12:633][793]LogModuleManager: Shutting down and abandoning module CoreUObject (10)
[2017.04.27-18.46.12:633][793]LogModuleManager: Shutting down and abandoning module NetworkFile (8)
[2017.04.27-18.46.12:634][793]LogModuleManager: Shutting down and abandoning module StreamingFile (6)
[2017.04.27-18.46.12:634][793]LogModuleManager: Shutting down and abandoning module SandboxFile (4)
[2017.04.27-18.46.12:634][793]LogModuleManager: Shutting down and abandoning module PakFile (2)
[2017.04.27-18.46.12:650][793]LogExit: Exiting.
[2017.04.27-18.46.12:657][793]Log file closed, 04/27/17 20:46:12
