Log file open, 04/24/17 18:40:03
LogInit:Display: Running engine for game: LastBullet
LogPlatformFile: Not using cached read wrapper
LogInit:Display: RandInit(-945013099) SRandInit(-945012884).
LogTaskGraph: Started task graph with 5 named threads and 8 total threads with 1 sets of task threads.
LogStats: Stats thread started at 0.069304
LogInit: Using libcurl 7.47.1
LogInit:  - built for x86_64-pc-win32
LogInit:  - supports SSL with OpenSSL/1.0.2g
LogInit:  - supports HTTP deflate (compression) using libz 1.2.8
LogInit:  - other features:
LogInit:      CURL_VERSION_SSL
LogInit:      CURL_VERSION_LIBZ
LogInit:      CURL_VERSION_IPV6
LogInit:      CURL_VERSION_ASYNCHDNS
LogInit:      CURL_VERSION_LARGEFILE
LogInit:      CURL_VERSION_IDN
LogInit:  CurlRequestOptions (configurable via config and command line):
LogInit:  - bVerifyPeer = false  - Libcurl will NOT verify peer certificate
LogInit:  - bUseHttpProxy = false  - Libcurl will NOT use HTTP proxy
LogInit:  - bDontReuseConnections = false  - Libcurl will reuse connections
LogInit:  - CertBundlePath = nullptr  - Libcurl will use whatever was configured at build time.
OCULUS: Info: [CAPI] LibOVR module is located at C:\Program Files\Oculus\Support\oculus-runtime\LibOVRRT64_1.dll
OCULUS: Debug: Connected to the server running version (prod = 1).1.13.0(build = 361842) feature version = 0. Client runs version (prod = 1).1.13.0(build = 361842) feature version = 0
LogHMD: GearVR: Emulating GearVR using Oculus Rift!
LogInit: Build: ++UE4+Release-4.15-CL-3348071
LogInit: Engine Version: 4.15.1-3348071+++UE4+Release-4.15
LogInit: Compatible Engine Version: 4.15.0-3299760+++UE4+Release-4.15
LogInit: Net CL: 3299760
LogDevObjectVersion: Number of dev versions registered: 14
LogDevObjectVersion:   Dev-Blueprints (B0D832E4-1F89-4F0D-ACCF-7EB736FD4AA2): 8
LogDevObjectVersion:   Dev-Build (E1C64328-A22C-4D53-A36C-8E866417BD8C): 0
LogDevObjectVersion:   Dev-Core (375EC13C-06E4-48FB-B500-84F0262A717E): 2
LogDevObjectVersion:   Dev-Editor (E4B068ED-F494-42E9-A231-DA0B2E46BB41): 14
LogDevObjectVersion:   Dev-Framework (CFFC743F-43B0-4480-9391-14DF171D2073): 22
LogDevObjectVersion:   Dev-Mobile (B02B49B5-BB20-44E9-A304-32B752E40360): 0
LogDevObjectVersion:   Dev-Networking (A4E4105C-59A1-49B5-A7C5-40C4547EDFEE): 0
LogDevObjectVersion:   Dev-Online (39C831C9-5AE6-47DC-9A44-9C173E1C8E7C): 0
LogDevObjectVersion:   Dev-Physics (78F01B33-EBEA-4F98-B9B4-84EACCB95AA2): 0
LogDevObjectVersion:   Dev-Platform (6631380F-2D4D-43E0-8009-CF276956A95A): 0
LogDevObjectVersion:   Dev-Rendering (12F88B9F-8875-4AFC-A67C-D90C383ABD29): 12
LogDevObjectVersion:   Dev-Sequencer (7B5AE74C-D270-4C10-A958-57980B212A5A): 3
LogDevObjectVersion:   Dev-VR (D7296918-1DD6-4BDD-9DE2-64A83CC13884): 0
LogDevObjectVersion:   Dev-LoadTimes (C2A15278-BFE7-4AFE-6C17-90FF531DF755): 1
LogInit: Compiled (64-bit): Mar 15 2017 16:52:47
LogInit: Compiled with Visual C++: 19.00.23026.00
LogInit: Build Configuration: Development
LogInit: Branch Name: ++UE4+Release-4.15
LogInit: Command line:  
LogInit: Base directory: D:/Program Files/Epic Games/UE_4.15/Engine/Binaries/Win64/
LogInit: Installed Engine Build: 1
LogInit: Presizing for max 8388607 objects, including 0 objects not considered by GC, pre-allocating 0 bytes for permanent pool.
LogInit: Object subsystem initialized
[2017.04.24-16.40.05:094][  0]LogInit: Selected Device Profile: [Windows]
[2017.04.24-16.40.05:094][  0]LogInit: Applying CVar settings loaded from the selected device profile: [Windows]
[2017.04.24-16.40.05:124][  0]LogInit: Computer: TONIMASTERRACE
[2017.04.24-16.40.05:124][  0]LogInit: User: Toni
[2017.04.24-16.40.05:124][  0]LogInit: CPU Page size=65536, Cores=4
[2017.04.24-16.40.05:124][  0]LogInit: High frequency timer resolution =24.000000 MHz
[2017.04.24-16.40.05:124][  0]LogMemory: Memory total: Physical=8.0GB (8GB approx)
[2017.04.24-16.40.05:124][  0]LogMemory: Platform Memory Stats for Windows
[2017.04.24-16.40.05:124][  0]LogMemory: Process Physical Memory: 268.14 MB used, 268.14 MB peak
[2017.04.24-16.40.05:124][  0]LogMemory: Process Virtual Memory: 265.63 MB used, 265.63 MB peak
[2017.04.24-16.40.05:124][  0]LogMemory: Physical Memory: 5049.23 MB used,  3096.21 MB free, 8145.45 MB total
[2017.04.24-16.40.05:124][  0]LogMemory: Virtual Memory: 685.17 MB used,  3096.21 MB free, 134217728.00 MB total
[2017.04.24-16.40.05:181][  0]LogInit: Overriding culture en with editor configuration.
[2017.04.24-16.40.05:771][  0]LogD3D11RHI: D3D11 adapters:
[2017.04.24-16.40.06:299][  0]LogD3D11RHI:    0. 'NVIDIA GeForce GTX 1070' (Feature Level 11_0)
[2017.04.24-16.40.06:299][  0]LogD3D11RHI:       8119/0/4072 MB DedicatedVideo/DedicatedSystem/SharedSystem, Outputs:1, VendorId:0x10de
[2017.04.24-16.40.06:304][  0]LogD3D11RHI:    1. 'Microsoft Basic Render Driver' (Feature Level 11_0)
[2017.04.24-16.40.06:304][  0]LogD3D11RHI:       0/0/4072 MB DedicatedVideo/DedicatedSystem/SharedSystem, Outputs:0, VendorId:0x1414
[2017.04.24-16.40.06:304][  0]LogD3D11RHI: Chosen D3D11 Adapter: 0
[2017.04.24-16.40.06:307][  0]LogD3D11RHI: Creating new Direct3DDevice
[2017.04.24-16.40.06:307][  0]LogD3D11RHI:     GPU DeviceId: 0x1b81 (for the marketing name, search the web for "GPU Device Id")
[2017.04.24-16.40.06:307][  0]LogWindows: EnumDisplayDevices:
[2017.04.24-16.40.06:308][  0]LogWindows:    0. 'NVIDIA GeForce GTX 1070' (P:1 D:1)
[2017.04.24-16.40.06:308][  0]LogWindows:    1. 'NVIDIA GeForce GTX 1070' (P:0 D:0)
[2017.04.24-16.40.06:309][  0]LogWindows:    2. 'NVIDIA GeForce GTX 1070' (P:0 D:0)
[2017.04.24-16.40.06:310][  0]LogWindows:    3. 'NVIDIA GeForce GTX 1070' (P:0 D:0)
[2017.04.24-16.40.06:310][  0]LogWindows: DebugString: FoundDriverCount:4 
[2017.04.24-16.40.06:310][  0]LogD3D11RHI:     Adapter Name: NVIDIA GeForce GTX 1070
[2017.04.24-16.40.06:310][  0]LogD3D11RHI:   Driver Version: 381.65 (internal:22.21.13.8165, unified:381.65)
[2017.04.24-16.40.06:310][  0]LogD3D11RHI:      Driver Date: 3-31-2017
[2017.04.24-16.40.06:310][  0]LogRHI: Texture pool is 1361 MB (70% of 1945 MB)
[2017.04.24-16.40.06:796][  0]LogD3D11RHI: Async texture creation enabled
[2017.04.24-16.40.06:863][  0]LogD3D11RHI: GPU Timing Frequency: 1000.000000 (Debug: 2 2)
[2017.04.24-16.40.06:917][  0]LogShaderCompilers: Guid format shader working directory is 4 characters bigger than the processId version (../../../../../../LastBulletVR/LastBullet/Intermediate/Shaders/WorkingDirectory/6048/).
[2017.04.24-16.40.06:918][  0]LogShaderCompilers: Cleaned the shader compiler working directory 'C:/Users/Toni/AppData/Local/Temp/UnrealShaderWorkingDir/8F61FE4E4E300FA7538E508B9A66F487/'.
[2017.04.24-16.40.06:918][  0]LogShaderCompilers:Display: Using Local Shader Compiler.
[2017.04.24-16.40.08:628][  0]LogTemp:Display: Loaded TP AllDesktopTargetPlatform
[2017.04.24-16.40.08:665][  0]LogTemp:Display: Loaded TP MacClientTargetPlatform
[2017.04.24-16.40.08:702][  0]LogTemp:Display: Loaded TP MacNoEditorTargetPlatform
[2017.04.24-16.40.08:743][  0]LogTemp:Display: Loaded TP MacServerTargetPlatform
[2017.04.24-16.40.08:785][  0]LogTemp:Display: Loaded TP MacTargetPlatform
[2017.04.24-16.40.08:827][  0]LogTemp:Display: Loaded TP WindowsClientTargetPlatform
[2017.04.24-16.40.08:867][  0]LogTemp:Display: Loaded TP WindowsNoEditorTargetPlatform
[2017.04.24-16.40.08:910][  0]LogTemp:Display: Loaded TP WindowsServerTargetPlatform
[2017.04.24-16.40.08:942][  0]LogTemp:Display: Loaded TP WindowsTargetPlatform
[2017.04.24-16.40.08:979][  0]LogTemp:Display: Loaded TP AndroidTargetPlatform
[2017.04.24-16.40.09:014][  0]LogTemp:Display: Loaded TP Android_ASTCTargetPlatform
[2017.04.24-16.40.09:052][  0]LogTemp:Display: Loaded TP Android_ATCTargetPlatform
[2017.04.24-16.40.09:089][  0]LogTemp:Display: Loaded TP Android_DXTTargetPlatform
[2017.04.24-16.40.09:129][  0]LogTemp:Display: Loaded TP Android_ETC1TargetPlatform
[2017.04.24-16.40.09:170][  0]LogTemp:Display: Loaded TP Android_ETC2TargetPlatform
[2017.04.24-16.40.09:241][  0]LogTemp:Display: Loaded TP Android_MultiTargetPlatform
[2017.04.24-16.40.09:241][  0]LogTemp:Display: Loaded TP Android_PVRTCTargetPlatform
[2017.04.24-16.40.09:265][  0]LogTemp:Display: Loaded TP HTML5TargetPlatform
[2017.04.24-16.40.09:336][  0]LogTemp:Display: Loaded TP IOSTargetPlatform
[2017.04.24-16.40.09:358][  0]LogTemp:Display: Loaded TP TVOSTargetPlatform
[2017.04.24-16.40.09:395][  0]LogTemp:Display: Loaded TP LinuxClientTargetPlatform
[2017.04.24-16.40.09:434][  0]LogTemp:Display: Loaded TP LinuxNoEditorTargetPlatform
[2017.04.24-16.40.09:474][  0]LogTemp:Display: Loaded TP LinuxServerTargetPlatform
[2017.04.24-16.40.09:510][  0]LogTemp:Display: Loaded TP LinuxTargetPlatform
[2017.04.24-16.40.09:510][  0]LogTargetPlatformManager:Display: Building Assets For Windows
[2017.04.24-16.40.09:823][  0]LogDerivedDataCache:Display: Max Cache Size: 512 MB
[2017.04.24-16.40.09:894][  0]LogDerivedDataCache: Loaded boot cache 0.07s 50MB C:/Users/Toni/AppData/Local/UnrealEngine/4.15/DerivedDataCache/Boot.ddc.
[2017.04.24-16.40.09:894][  0]LogDerivedDataCache:Display: Loaded Boot cache: C:/Users/Toni/AppData/Local/UnrealEngine/4.15/DerivedDataCache/Boot.ddc
[2017.04.24-16.40.09:894][  0]LogDerivedDataCache: FDerivedDataBackendGraph:  Pak pak cache file ../../../../../../LastBulletVR/LastBullet/DerivedDataCache/DDC.ddp not found, will not use a pak cache.
[2017.04.24-16.40.09:894][  0]LogDerivedDataCache: Unable to find inner node Pak for hierarchical cache Hierarchy.
[2017.04.24-16.40.09:894][  0]LogDerivedDataCache: FDerivedDataBackendGraph:  CompressedPak pak cache file ../../../../../../LastBulletVR/LastBullet/DerivedDataCache/Compressed.ddp not found, will not use a pak cache.
[2017.04.24-16.40.09:894][  0]LogDerivedDataCache: Unable to find inner node CompressedPak for hierarchical cache Hierarchy.
[2017.04.24-16.40.09:911][  0]LogDerivedDataCache:Display: Pak cache opened for reading ../../../Engine/DerivedDataCache/Compressed.ddp.
[2017.04.24-16.40.09:924][  0]LogDerivedDataCache: Using Local data cache path C:/Users/Toni/AppData/Local/UnrealEngine/Common/DerivedDataCache: Writable
[2017.04.24-16.40.09:932][  0]LogSlate: Using Freetype 2.6.0
[2017.04.24-16.40.09:933][  0]LogSlate: SlateFontCache - WITH_FREETYPE: 1, WITH_HARFBUZZ: 1
[2017.04.24-16.40.09:933][  0]LogSlate: SlateFontCache - WITH_FREETYPE: 1, WITH_HARFBUZZ: 1
[2017.04.24-16.40.10:340][  0]LogInit: Selected Device Profile: [Windows]
[2017.04.24-16.40.10:354][  0]LogContentStreaming: Texture pool size is 0.00 MB
[2017.04.24-16.40.10:658][  0]LogMeshUtilities: Using QuadricMeshReduction for automatic static mesh reduction
[2017.04.24-16.40.10:686][  0]LogSimplygon: Simplygon DLL not present - disabling.
[2017.04.24-16.40.10:720][  0]LogMeshUtilities: Using SimplygonSwarm for distributed automatic mesh merging
[2017.04.24-16.40.10:720][  0]LogMeshUtilities: No automatic skeletal mesh reduction module available
[2017.04.24-16.40.10:720][  0]LogMeshUtilities: No automatic mesh merging module available
[2017.04.24-16.40.11:448][  0]LogNetVersion: GetLocalNetworkVersion: CL: 3299760, ProjectName: lastbullet, ProjectVersion: , EngineNetworkVersion: 2, GameNetworkVersion: 0, NetworkChecksum: 1522868599
[2017.04.24-16.40.11:484][  0]LogAssetRegistry: FAssetRegistry took 0.0222 seconds to start up
[2017.04.24-16.40.11:509][  0]LogPackageLocalizationCache: Processed 3 localized package path(s) for 1 prioritized culture(s) in 0.014367 seconds
[2017.04.24-16.40.11:514][  0]LogUObjectArray: 32493 objects as part of root set at end of initial load.
[2017.04.24-16.40.11:514][  0]LogUObjectAllocator: 7077024 out of 0 bytes used by permanent object pool.
[2017.04.24-16.40.11:514][  0]LogUObjectArray: CloseDisregardForGC: 0/0 objects in disregard for GC pool
[2017.04.24-16.40.11:546][  0]LogInit: WinSock: version 1.1 (2.2), MaxSocks=32767, MaxUdp=65467
[2017.04.24-16.40.12:732][  0]LogTcpMessaging: Initializing TcpMessaging bridge
[2017.04.24-16.40.12:771][  0]LogUdpMessaging: Initializing bridge on interface 0.0.0.0:0 to multicast group 230.0.0.1:6666.
[2017.04.24-16.40.13:450][  0]LogMaterial: Uniform references updated for custom material expression Custom.
[2017.04.24-16.40.13:854][  0]SourceControl: Info Source control is disabled
[2017.04.24-16.40.13:856][  0]SourceControl: Info Source control is disabled
[2017.04.24-16.40.13:890][  0]SourceControl: Info Source control is disabled
[2017.04.24-16.40.13:923][  0]SourceControl: Info Source control is disabled
[2017.04.24-16.40.14:820][  0]LogEngine: Initializing Engine...
[2017.04.24-16.40.14:821][  0]LogHMD: Oculus plugin initialized. Version: 4.15.1-3348071+++UE4+Release-4.15, LibOVR: 1.13.0, SDK: 1.10.0, built Mar 15 2017, 16:59:09
[2017.04.24-16.40.15:056][  0]LogAIModule: Creating AISystem for world Untitled
[2017.04.24-16.40.15:070][  0]LogInit: XAudio2 using 'Altavoces (Realtek High Definition Audio)' : 2 channels at 48 kHz using 32 bits per sample (channel mask 0x3)
[2017.04.24-16.40.15:089][  0]LogInit: FAudioDevice initialized.
[2017.04.24-16.40.15:118][  0]LogDerivedDataCache: Saved boot cache 0.03s 50MB C:/Users/Toni/AppData/Local/UnrealEngine/4.15/DerivedDataCache/Boot.ddc.
[2017.04.24-16.40.15:126][  0]LogInit: Texture streaming: Enabled
[2017.04.24-16.40.15:178][  0]LogEngineSessionManager: EngineSessionManager initialized
[2017.04.24-16.40.15:245][  0]LogInit: Transaction tracking system initialized
[2017.04.24-16.40.15:475][  0]BlueprintLog: New page: Editor Load
[2017.04.24-16.40.16:146][  0]LocalizationService: Info Localization service is disabled
[2017.04.24-16.40.16:694][  0]LogConsoleResponse:Display: 
[2017.04.24-16.40.17:054][  0]LogCook:Display: Max memory allowance for cook 16384mb min free memory 0mb
[2017.04.24-16.40.17:055][  0]LogCook:Display: Mobile HDR setting 1
[2017.04.24-16.40.17:683][  0]LogFileCache: Scanning file cache for directory 'D:/LastBulletVR/LastBullet/Content/' took 0.02s
[2017.04.24-16.40.17:875][  0]SourceControl: Info Source control is disabled
[2017.04.24-16.40.17:875][  0]Cmd: MAP LOAD FILE="../../../../../../LastBulletVR/LastBullet/Content/StarterContent/Maps/Minimal_Default.umap" TEMPLATE=0 SHOWPROGRESS=1 FEATURELEVEL=3
[2017.04.24-16.40.17:876][  0]LightingResults: New page: Lighting Build
[2017.04.24-16.40.17:903][  0]MapCheck: New page: Map Check
[2017.04.24-16.40.17:903][  0]LightingResults: New page: Lighting Build
[2017.04.24-16.40.17:914][  0]LogLinker:Warning: Asset '../../../../../../LastBulletVR/LastBullet/Content/Blueprints/modul_transporttransport_16_Blueprint.uasset' has been saved with empty engine version. The asset will be loaded but may be incompatible.
[2017.04.24-16.40.18:010][  0]LogBlueprint:Warning: Node '/Game/Blueprints/modul_transporttransport_16_Blueprint.modul_transporttransport_16_Blueprint:EdGraph_0.K2Node_FunctionEntry_359' missing NodeGuid because of upgrade from old package version, this can cause deterministic cooking issues please resave package.
[2017.04.24-16.40.18:012][  0]LogBlueprint:Warning: Node '/Game/Blueprints/modul_transporttransport_16_Blueprint.modul_transporttransport_16_Blueprint:EdGraph_1.K2Node_FunctionEntry_359' missing NodeGuid because of upgrade from old package version, this can cause deterministic cooking issues please resave package.
[2017.04.24-16.40.18:014][  0]LogBlueprint:Warning: Node '/Game/Blueprints/modul_transporttransport_16_Blueprint.modul_transporttransport_16_Blueprint:EdGraph_2.K2Node_FunctionEntry_359' missing NodeGuid because of upgrade from old package version, this can cause deterministic cooking issues please resave package.
[2017.04.24-16.40.18:161][  0]LogLinker:Warning: Can't find file '/Game/FirstPersonBP/Blueprints/FirstPersonProjectile'
[2017.04.24-16.40.18:170][  0]LogLinker:Warning: Can't find file for asset '/Game/FirstPersonBP/Blueprints/FirstPersonProjectile' while loading ../../../../../../LastBulletVR/LastBullet/Content/FirstPersonBP/Blueprints/FirstPersonCharacter.uasset.
[2017.04.24-16.40.18:170][  0]LoadErrors:Error: Error /Game/FirstPersonBP/Blueprints/FirstPersonCharacter : Can't find file for asset. /Game/FirstPersonBP/Blueprints/FirstPersonProjectile
[2017.04.24-16.40.18:289][  0]LogLinker:Warning: Can't find file '/Game/FirstPersonBP/Blueprints/FirstPersonProjectile'
[2017.04.24-16.40.18:289][  0]LogLinker:Warning: Can't find file for asset '/Game/FirstPersonBP/Blueprints/FirstPersonProjectile' while loading ../../../../../../LastBulletVR/LastBullet/Content/FirstPersonBP/Blueprints/FirstPersonCharacter.uasset.
[2017.04.24-16.40.18:289][  0]LoadErrors:Error: Error /Game/FirstPersonBP/Blueprints/FirstPersonCharacter : Can't find file for asset. /Game/FirstPersonBP/Blueprints/FirstPersonProjectile
[2017.04.24-16.40.18:292][  0]LogLinker:Warning: Can't find file '/Game/FirstPersonBP/Blueprints/FirstPersonProjectile'
[2017.04.24-16.40.18:292][  0]LogLinker:Warning: Can't find file for asset '/Game/FirstPersonBP/Blueprints/FirstPersonProjectile' while loading ../../../../../../LastBulletVR/LastBullet/Content/Blueprints/SniperWeaponDrop_Blueprint.uasset.
[2017.04.24-16.40.18:292][  0]LoadErrors:Error: Error /Game/Blueprints/SniperWeaponDrop_Blueprint : Can't find file for asset. /Game/FirstPersonBP/Blueprints/FirstPersonProjectile
[2017.04.24-16.40.18:292][  0]LogLinker:Warning: Can't find file '/Game/FirstPersonBP/Blueprints/FirstPersonProjectile'
[2017.04.24-16.40.18:293][  0]LogLinker:Warning: Can't find file for asset '/Game/FirstPersonBP/Blueprints/FirstPersonProjectile' while loading ../../../../../../LastBulletVR/LastBullet/Content/Blueprints/SniperWeaponDrop_Blueprint.uasset.
[2017.04.24-16.40.18:293][  0]LoadErrors:Error: Error /Game/Blueprints/SniperWeaponDrop_Blueprint : Can't find file for asset. /Game/FirstPersonBP/Blueprints/FirstPersonProjectile
[2017.04.24-16.40.18:293][  0]LogLinker:Warning: Can't find file '/Game/FirstPersonBP/Blueprints/FirstPersonProjectile'
[2017.04.24-16.40.18:293][  0]LogLinker:Warning: Can't find file for asset '/Game/FirstPersonBP/Blueprints/FirstPersonProjectile' while loading ../../../../../../LastBulletVR/LastBullet/Content/Blueprints/SniperWeaponDrop_Blueprint.uasset.
[2017.04.24-16.40.18:293][  0]LoadErrors:Error: Error /Game/Blueprints/SniperWeaponDrop_Blueprint : Can't find file for asset. /Game/FirstPersonBP/Blueprints/FirstPersonProjectile
[2017.04.24-16.40.18:308][  0]LogLinker:Warning: Can't find file '/Game/FirstPersonBP/Blueprints/FirstPersonProjectile'
[2017.04.24-16.40.18:308][  0]LoadErrors: Info Failed to load /Game/FirstPersonBP/Blueprints/FirstPersonProjectile.FirstPersonProjectile_C Referenced by K2Node_SpawnActorFromClass_5
[2017.04.24-16.40.18:309][  0]LogLinker:Warning: Can't find file for asset '/Game/FirstPersonBP/Blueprints/FirstPersonProjectile' while loading ../../../../../../LastBulletVR/LastBullet/Content/Blueprints/SniperWeaponDrop_Blueprint.uasset.
[2017.04.24-16.40.18:309][  0]LoadErrors: Info Failed to load /Game/FirstPersonBP/Blueprints/FirstPersonProjectile.FirstPersonProjectile_C Referenced by K2Node_SpawnActorFromClass_5
[2017.04.24-16.40.18:309][  0]LoadErrors:Error: Error /Game/Blueprints/SniperWeaponDrop_Blueprint : Can't find file for asset. /Game/FirstPersonBP/Blueprints/FirstPersonProjectile
[2017.04.24-16.40.18:309][  0]LogLinker:Warning: Can't find file '/Game/FirstPersonBP/Blueprints/FirstPersonProjectile'
[2017.04.24-16.40.18:309][  0]LoadErrors: Info Failed to load /Game/FirstPersonBP/Blueprints/FirstPersonProjectile.FirstPersonProjectile_C Referenced by K2Node_SpawnActorFromClass_5
[2017.04.24-16.40.18:309][  0]LogLinker:Warning: Can't find file for asset '/Game/FirstPersonBP/Blueprints/FirstPersonProjectile' while loading ../../../../../../LastBulletVR/LastBullet/Content/Blueprints/SniperWeaponDrop_Blueprint.uasset.
[2017.04.24-16.40.18:309][  0]LoadErrors: Info Failed to load /Game/FirstPersonBP/Blueprints/FirstPersonProjectile.FirstPersonProjectile_C Referenced by K2Node_SpawnActorFromClass_5
[2017.04.24-16.40.18:309][  0]LoadErrors:Error: Error /Game/Blueprints/SniperWeaponDrop_Blueprint : Can't find file for asset. /Game/FirstPersonBP/Blueprints/FirstPersonProjectile
[2017.04.24-16.40.18:355][  0]LogBlueprint:Error: [Compiler FirstPersonCharacter] Error Spawn node  SpawnActor NONE  must have a  Class  specified.
[2017.04.24-16.40.18:370][  0]LogBlueprint:Warning: [Compiler FirstPersonCharacter] Warning InputAction Event references unknown Action 'ResetVR' for  InputAction ResetVR
[2017.04.24-16.40.18:378][  0]LogBlueprint:Warning: [Compiler FirstPersonCharacter] Warning [0015.49] Compile of FirstPersonCharacter failed. 1 Fatal Issue(s) 1 Warning(s) [in 57 ms] (/Game/FirstPersonBP/Blueprints/FirstPersonCharacter.FirstPersonCharacter)
[2017.04.24-16.40.18:378][  0]LogBlueprint:Warning: [Compiler FirstPersonCharacter] Warning [0015.49] Compile of FirstPersonCharacter failed. 1 Fatal Issue(s) 2 Warning(s) [in 0 ms] (/Game/FirstPersonBP/Blueprints/FirstPersonCharacter.FirstPersonCharacter)
[2017.04.24-16.40.18:378][  0]LogBlueprint:Warning: [Compiler FirstPersonCharacter] Warning [0015.49] Compile of FirstPersonCharacter failed. 1 Fatal Issue(s) 3 Warning(s) [in 0 ms] (/Game/FirstPersonBP/Blueprints/FirstPersonCharacter.FirstPersonCharacter)
[2017.04.24-16.40.18:722][  0]LogLinker:Warning: Asset '../../../../../../LastBulletVR/LastBullet/Content/Meshes/Space/StarMap_Nebula_1_Mat.uasset' has been saved with empty engine version. The asset will be loaded but may be incompatible.
[2017.04.24-16.40.18:724][  0]LogLinker:Warning: Asset '../../../../../../LastBulletVR/LastBullet/Content/Meshes/Space/StarMap_Nebula_1.uasset' has been saved with empty engine version. The asset will be loaded but may be incompatible.
[2017.04.24-16.40.18:743][  0]LogLinker:Warning: Asset '../../../../../../LastBulletVR/LastBullet/Content/Meshes/Space/FX_Map_7.uasset' has been saved with empty engine version. The asset will be loaded but may be incompatible.
[2017.04.24-16.40.18:743][  0]LogLinker:Warning: Asset '../../../../../../LastBulletVR/LastBullet/Content/Meshes/Space/StarMap_1.uasset' has been saved with empty engine version. The asset will be loaded but may be incompatible.
[2017.04.24-16.40.20:641][  0]LogBlueprint:Warning: Node '/Game/Blueprints/modul_transporttransport_16_Blueprint.modul_transporttransport_16_Blueprint:UserConstructionScript.K2Node_FunctionEntry_359' missing NodeGuid because of upgrade from old package version, this can cause deterministic cooking issues please resave package.
[2017.04.24-16.40.21:435][  0]LogAIModule: Creating AISystem for world Minimal_Default
[2017.04.24-16.40.21:491][  0]LogEditorServer: Finished looking for orphan Actors (0.000 secs)
[2017.04.24-16.40.21:491][  0]Cmd: MAP CHECKDEP NOCLEARLOG
[2017.04.24-16.40.21:561][  0]MapCheck: Info Map check complete: 0 Error(s), 0 Warning(s), took 69.522ms to complete.
[2017.04.24-16.40.21:561][  0]LogFileHelpers: Loading map 'Minimal_Default' took 3.686
[2017.04.24-16.40.21:721][  0]LogCollectionManager: Loaded 0 collections in 0.000693 seconds
[2017.04.24-16.40.21:787][  0]LogFileCache: Scanning file cache for directory 'D:/LastBulletVR/LastBullet/Saved/Collections/' took 0.01s
[2017.04.24-16.40.21:787][  0]LogFileCache: Scanning file cache for directory 'D:/LastBulletVR/LastBullet/Content/Developers/Toni/Collections/' took 0.01s
[2017.04.24-16.40.21:787][  0]LogFileCache: Scanning file cache for directory 'D:/LastBulletVR/LastBullet/Content/Collections/' took 0.01s
[2017.04.24-16.40.21:787][  0]LogCollectionManager: Rebuilt the GUID cache for 0 collections in 0.000005 seconds
[2017.04.24-16.40.21:793][  0]LogContentBrowser: Native class hierarchy populated in 0.0061 seconds. Added 2245 classes and 453 folders.
[2017.04.24-16.40.21:795][  0]LogStats: UGameplayTagsManager::ConstructGameplayTagTree: Construct from data asset -  0.000 s
[2017.04.24-16.40.21:795][  0]LogStats: UGameplayTagsManager::ConstructGameplayTagTree: GameplayTagTreeChangedEvent.Broadcast -  0.000 s
[2017.04.24-16.40.21:831][  0]LogContentBrowser: Native class hierarchy updated for 'WidgetCarousel' in 0.0004 seconds. Added 0 classes and 0 folders.
[2017.04.24-16.40.21:873][  0]LogContentBrowser: Native class hierarchy updated for 'AddContentDialog' in 0.0006 seconds. Added 0 classes and 0 folders.
[2017.04.24-16.40.21:899][  0]LogContentBrowser: Native class hierarchy updated for 'SceneOutliner' in 0.0005 seconds. Added 1 classes and 2 folders.
[2017.04.24-16.40.21:932][  0]LogCrashTracker: Crashtracker disabled due to settings.
[2017.04.24-16.40.21:952][  0]LogUObjectGlobals:Warning: Failed to find object 'Class None.'
[2017.04.24-16.40.22:006][  0]LogContentBrowser: Native class hierarchy updated for 'HierarchicalLODOutliner' in 0.0005 seconds. Added 1 classes and 2 folders.
[2017.04.24-16.40.22:006][  0]LogLoad: (Engine Initialization) Total time: 19.12 seconds
[2017.04.24-16.40.22:006][  0]LogLoad: (Engine Initialization) Total Blueprint compile time: 0.14 seconds
[2017.04.24-16.40.22:006][  0]LogExternalProfiler: Found external profiler: VSPerf
[2017.04.24-16.40.22:006][  0]LogExternalProfiler: Using external profiler: VSPerf
[2017.04.24-16.40.22:346][  0]LogOcInput: OculusInput pre-init called
[2017.04.24-16.40.22:359][  0]LogOcInput: OculusInput is initialized. Init status 0. Runtime version: 1.13.0
[2017.04.24-16.40.22:411][  0]LogContentStreaming: Texture pool size now 1000 MB
[2017.04.24-16.40.22:454][  0]LogSlate: Took 0.000149 seconds to synchronously load lazily loaded font '../../../Engine/Content/Slate/Fonts/Roboto-Regular.ttf' (155K)
[2017.04.24-16.40.22:457][  0]LogSlate: Took 0.000277 seconds to synchronously load lazily loaded font '../../../Engine/Content/Slate/Fonts/Roboto-Bold.ttf' (160K)
[2017.04.24-16.40.22:460][  0]LogSlate: Took 0.000198 seconds to synchronously load lazily loaded font '../../../Engine/Content/Editor/Slate/Fonts/FontAwesome.ttf' (139K)
[2017.04.24-16.40.22:595][  0]LogSlate: Took 0.000196 seconds to synchronously load lazily loaded font '../../../Engine/Content/Slate/Fonts/Roboto-Light.ttf' (159K)
[2017.04.24-16.40.22:638][  0]LogRenderer: Reallocating scene render targets to support 1208x660 NumSamples 1 (Frame:2).
[2017.04.24-16.40.22:753][  1]LogFileCache: Retrieving MD5 hashes for directory 'D:/LastBulletVR/LastBullet/Content/' took 0.38s
[2017.04.24-16.40.23:746][  4]LogAssetRegistry: Asset discovery search completed in 12.2836 seconds
[2017.04.24-16.40.23:746][  4]LogCollectionManager: Rebuilt the object cache for 0 collections in 0.000009 seconds (found 0 objects)
[2017.04.24-16.40.23:746][  4]LogCollectionManager: Fixed up redirectors for 0 collections in 0.000029 seconds (updated 0 objects)
[2017.04.24-16.41.40:815][424]LogFeaturePack:Warning: Failed to copy ../../../Templates/TemplateResources/Standard/FirstPerson/Content/Animations/FirstPersonFire_Montage.uasset to ../../../../../../LastBulletVR/LastBullet/Content/FirstPerson/Animations/FirstPersonFire_Montage.uasset
[2017.04.24-16.41.40:828][424]LogFeaturePack:Warning: Failed to copy ../../../Templates/TemplateResources/Standard/FirstPerson/Content/Animations/FirstPerson_AnimBP.uasset to ../../../../../../LastBulletVR/LastBullet/Content/FirstPerson/Animations/FirstPerson_AnimBP.uasset
[2017.04.24-16.41.40:842][424]LogFeaturePack:Warning: Failed to copy ../../../Templates/TemplateResources/Standard/FirstPerson/Content/Animations/FirstPerson_Fire.uasset to ../../../../../../LastBulletVR/LastBullet/Content/FirstPerson/Animations/FirstPerson_Fire.uasset
[2017.04.24-16.41.40:853][424]LogFeaturePack:Warning: Failed to copy ../../../Templates/TemplateResources/Standard/FirstPerson/Content/Animations/FirstPerson_Idle.uasset to ../../../../../../LastBulletVR/LastBullet/Content/FirstPerson/Animations/FirstPerson_Idle.uasset
[2017.04.24-16.41.40:865][424]LogFeaturePack:Warning: Failed to copy ../../../Templates/TemplateResources/Standard/FirstPerson/Content/Animations/FirstPerson_JumpEnd.uasset to ../../../../../../LastBulletVR/LastBullet/Content/FirstPerson/Animations/FirstPerson_JumpEnd.uasset
[2017.04.24-16.41.40:877][424]LogFeaturePack:Warning: Failed to copy ../../../Templates/TemplateResources/Standard/FirstPerson/Content/Animations/FirstPerson_JumpLoop.uasset to ../../../../../../LastBulletVR/LastBullet/Content/FirstPerson/Animations/FirstPerson_JumpLoop.uasset
[2017.04.24-16.41.40:889][424]LogFeaturePack:Warning: Failed to copy ../../../Templates/TemplateResources/Standard/FirstPerson/Content/Animations/FirstPerson_JumpStart.uasset to ../../../../../../LastBulletVR/LastBullet/Content/FirstPerson/Animations/FirstPerson_JumpStart.uasset
[2017.04.24-16.41.40:902][424]LogFeaturePack:Warning: Failed to copy ../../../Templates/TemplateResources/Standard/FirstPerson/Content/Animations/FirstPerson_Run.uasset to ../../../../../../LastBulletVR/LastBullet/Content/FirstPerson/Animations/FirstPerson_Run.uasset
[2017.04.24-16.41.40:913][424]LogFeaturePack:Warning: Failed to copy ../../../Templates/TemplateResources/Standard/FirstPerson/Content/Audio/FirstPersonTemplateWeaponFire02.uasset to ../../../../../../LastBulletVR/LastBullet/Content/FirstPerson/Audio/FirstPersonTemplateWeaponFire02.uasset
[2017.04.24-16.41.40:927][424]LogFeaturePack:Warning: Failed to copy ../../../Templates/TemplateResources/Standard/FirstPerson/Content/Character/Materials/M_UE4Man_Body.uasset to ../../../../../../LastBulletVR/LastBullet/Content/FirstPerson/Character/Materials/M_UE4Man_Body.uasset
[2017.04.24-16.41.40:936][424]LogFeaturePack:Warning: Failed to copy ../../../Templates/TemplateResources/Standard/FirstPerson/Content/Character/Materials/MaterialLayers/ML_GlossyBlack_Latex_UE4.uasset to ../../../../../../LastBulletVR/LastBullet/Content/FirstPerson/Character/Materials/MaterialLayers/ML_GlossyBlack_Latex_UE4.uasset
[2017.04.24-16.41.40:950][424]LogFeaturePack:Warning: Failed to copy ../../../Templates/TemplateResources/Standard/FirstPerson/Content/Character/Materials/MaterialLayers/ML_Plastic_Shiny_Beige.uasset to ../../../../../../LastBulletVR/LastBullet/Content/FirstPerson/Character/Materials/MaterialLayers/ML_Plastic_Shiny_Beige.uasset
[2017.04.24-16.41.40:958][424]LogFeaturePack:Warning: Failed to copy ../../../Templates/TemplateResources/Standard/FirstPerson/Content/Character/Materials/MaterialLayers/ML_Plastic_Shiny_Beige_LOGO.uasset to ../../../../../../LastBulletVR/LastBullet/Content/FirstPerson/Character/Materials/MaterialLayers/ML_Plastic_Shiny_Beige_LOGO.uasset
[2017.04.24-16.41.40:970][424]LogFeaturePack:Warning: Failed to copy ../../../Templates/TemplateResources/Standard/FirstPerson/Content/Character/Materials/MaterialLayers/ML_SoftMetal_UE4.uasset to ../../../../../../LastBulletVR/LastBullet/Content/FirstPerson/Character/Materials/MaterialLayers/ML_SoftMetal_UE4.uasset
[2017.04.24-16.41.40:995][424]LogFeaturePack:Warning: Failed to copy ../../../Templates/TemplateResources/Standard/FirstPerson/Content/Character/Materials/MaterialLayers/T_ML_Aluminum01.uasset to ../../../../../../LastBulletVR/LastBullet/Content/FirstPerson/Character/Materials/MaterialLayers/T_ML_Aluminum01.uasset
[2017.04.24-16.41.41:015][424]LogFeaturePack:Warning: Failed to copy ../../../Templates/TemplateResources/Standard/FirstPerson/Content/Character/Materials/MaterialLayers/T_ML_Aluminum01_N.uasset to ../../../../../../LastBulletVR/LastBullet/Content/FirstPerson/Character/Materials/MaterialLayers/T_ML_Aluminum01_N.uasset
[2017.04.24-16.41.41:031][424]LogFeaturePack:Warning: Failed to copy ../../../Templates/TemplateResources/Standard/FirstPerson/Content/Character/Materials/MaterialLayers/T_ML_Rubber_Blue_01_D.uasset to ../../../../../../LastBulletVR/LastBullet/Content/FirstPerson/Character/Materials/MaterialLayers/T_ML_Rubber_Blue_01_D.uasset
[2017.04.24-16.41.41:050][424]LogFeaturePack:Warning: Failed to copy ../../../Templates/TemplateResources/Standard/FirstPerson/Content/Character/Materials/MaterialLayers/T_ML_Rubber_Blue_01_N.uasset to ../../../../../../LastBulletVR/LastBullet/Content/FirstPerson/Character/Materials/MaterialLayers/T_ML_Rubber_Blue_01_N.uasset
[2017.04.24-16.41.41:089][424]LogFeaturePack:Warning: Failed to copy ../../../Templates/TemplateResources/Standard/FirstPerson/Content/Character/Mesh/SK_Mannequin_Arms.uasset to ../../../../../../LastBulletVR/LastBullet/Content/FirstPerson/Character/Mesh/SK_Mannequin_Arms.uasset
[2017.04.24-16.41.41:103][424]LogFeaturePack:Warning: Failed to copy ../../../Templates/TemplateResources/Standard/FirstPerson/Content/Character/Mesh/SK_Mannequin_Arms_PhysicsAsset.uasset to ../../../../../../LastBulletVR/LastBullet/Content/FirstPerson/Character/Mesh/SK_Mannequin_Arms_PhysicsAsset.uasset
[2017.04.24-16.41.41:107][424]LogFeaturePack:Warning: Failed to copy ../../../Templates/TemplateResources/Standard/FirstPerson/Content/Character/Mesh/SK_Mannequin_Arms_Skeleton.uasset to ../../../../../../LastBulletVR/LastBullet/Content/FirstPerson/Character/Mesh/SK_Mannequin_Arms_Skeleton.uasset
[2017.04.24-16.41.41:123][424]LogFeaturePack:Warning: Failed to copy ../../../Templates/TemplateResources/Standard/FirstPerson/Content/Character/Textures/UE4_LOGO_CARD.uasset to ../../../../../../LastBulletVR/LastBullet/Content/FirstPerson/Character/Textures/UE4_LOGO_CARD.uasset
[2017.04.24-16.41.41:137][424]LogFeaturePack:Warning: Failed to copy ../../../Templates/TemplateResources/Standard/FirstPerson/Content/Character/Textures/UE4_Mannequin_MAT_MASKA.uasset to ../../../../../../LastBulletVR/LastBullet/Content/FirstPerson/Character/Textures/UE4_Mannequin_MAT_MASKA.uasset
[2017.04.24-16.41.41:149][424]LogFeaturePack:Warning: Failed to copy ../../../Templates/TemplateResources/Standard/FirstPerson/Content/Character/Textures/UE4_Mannequin__normals.uasset to ../../../../../../LastBulletVR/LastBullet/Content/FirstPerson/Character/Textures/UE4_Mannequin__normals.uasset
[2017.04.24-16.41.41:166][424]LogFeaturePack:Warning: Failed to copy ../../../Templates/TemplateResources/Standard/FirstPerson/Content/FPWeapon/Materials/M_FPGun.uasset to ../../../../../../LastBulletVR/LastBullet/Content/FirstPerson/FPWeapon/Materials/M_FPGun.uasset
[2017.04.24-16.41.41:177][424]LogFeaturePack:Warning: Failed to copy ../../../Templates/TemplateResources/Standard/FirstPerson/Content/FPWeapon/Materials/MaterialLayers/ML_GlossyBlack_Latex_UE4.uasset to ../../../../../../LastBulletVR/LastBullet/Content/FirstPerson/FPWeapon/Materials/MaterialLayers/ML_GlossyBlack_Latex_UE4.uasset
[2017.04.24-16.41.41:190][424]LogFeaturePack:Warning: Failed to copy ../../../Templates/TemplateResources/Standard/FirstPerson/Content/FPWeapon/Materials/MaterialLayers/ML_Plastic_Shiny_Beige.uasset to ../../../../../../LastBulletVR/LastBullet/Content/FirstPerson/FPWeapon/Materials/MaterialLayers/ML_Plastic_Shiny_Beige.uasset
[2017.04.24-16.41.41:225][424]LogFeaturePack:Warning: Failed to copy ../../../Templates/TemplateResources/Standard/FirstPerson/Content/FPWeapon/Materials/MaterialLayers/ML_Screen.uasset to ../../../../../../LastBulletVR/LastBullet/Content/FirstPerson/FPWeapon/Materials/MaterialLayers/ML_Screen.uasset
[2017.04.24-16.41.41:238][424]LogFeaturePack:Warning: Failed to copy ../../../Templates/TemplateResources/Standard/FirstPerson/Content/FPWeapon/Materials/MaterialLayers/ML_SoftMetal_UE4.uasset to ../../../../../../LastBulletVR/LastBullet/Content/FirstPerson/FPWeapon/Materials/MaterialLayers/ML_SoftMetal_UE4.uasset
[2017.04.24-16.41.41:254][424]LogFeaturePack:Warning: Failed to copy ../../../Templates/TemplateResources/Standard/FirstPerson/Content/FPWeapon/Materials/MaterialLayers/T_ML_Aluminum01.uasset to ../../../../../../LastBulletVR/LastBullet/Content/FirstPerson/FPWeapon/Materials/MaterialLayers/T_ML_Aluminum01.uasset
[2017.04.24-16.41.41:268][424]LogFeaturePack:Warning: Failed to copy ../../../Templates/TemplateResources/Standard/FirstPerson/Content/FPWeapon/Materials/MaterialLayers/T_ML_Aluminum01_N.uasset to ../../../../../../LastBulletVR/LastBullet/Content/FirstPerson/FPWeapon/Materials/MaterialLayers/T_ML_Aluminum01_N.uasset
[2017.04.24-16.41.41:371][424]LogFeaturePack:Warning: Failed to copy ../../../Templates/TemplateResources/Standard/FirstPerson/Content/FPWeapon/Materials/MaterialLayers/T_ML_Rubber_Blue_01_D.uasset to ../../../../../../LastBulletVR/LastBullet/Content/FirstPerson/FPWeapon/Materials/MaterialLayers/T_ML_Rubber_Blue_01_D.uasset
[2017.04.24-16.41.41:389][424]LogFeaturePack:Warning: Failed to copy ../../../Templates/TemplateResources/Standard/FirstPerson/Content/FPWeapon/Materials/MaterialLayers/T_ML_Rubber_Blue_01_N.uasset to ../../../../../../LastBulletVR/LastBullet/Content/FirstPerson/FPWeapon/Materials/MaterialLayers/T_ML_Rubber_Blue_01_N.uasset
[2017.04.24-16.41.41:406][424]LogFeaturePack:Warning: Failed to copy ../../../Templates/TemplateResources/Standard/FirstPerson/Content/FPWeapon/Mesh/SK_FPGun.uasset to ../../../../../../LastBulletVR/LastBullet/Content/FirstPerson/FPWeapon/Mesh/SK_FPGun.uasset
[2017.04.24-16.41.41:425][424]LogFeaturePack:Warning: Failed to copy ../../../Templates/TemplateResources/Standard/FirstPerson/Content/FPWeapon/Mesh/SK_FPGun_Skeleton.uasset to ../../../../../../LastBulletVR/LastBullet/Content/FirstPerson/FPWeapon/Mesh/SK_FPGun_Skeleton.uasset
[2017.04.24-16.41.41:444][424]LogFeaturePack:Warning: Failed to copy ../../../Templates/TemplateResources/Standard/FirstPerson/Content/FPWeapon/Textures/T_FPGun_M.uasset to ../../../../../../LastBulletVR/LastBullet/Content/FirstPerson/FPWeapon/Textures/T_FPGun_M.uasset
[2017.04.24-16.41.41:459][424]LogFeaturePack:Warning: Failed to copy ../../../Templates/TemplateResources/Standard/FirstPerson/Content/FPWeapon/Textures/T_FPGun_N.uasset to ../../../../../../LastBulletVR/LastBullet/Content/FirstPerson/FPWeapon/Textures/T_FPGun_N.uasset
[2017.04.24-16.41.41:637][424]LogSlate: Took 0.000189 seconds to synchronously load lazily loaded font '../../../Engine/Content/Slate/Fonts/Roboto-Light.ttf' (159K)
[2017.04.24-16.41.41:678][424]LogFactory: FactoryCreateFile: PackFactory with PackFactory (0 0 D:/Program Files/Epic Games/UE_4.15/FeaturePacks/FP_FirstPersonBP.upack)
[2017.04.24-16.41.41:683][424]LogPackFactory: Finished extracting 8 files (including 0 errors).
[2017.04.24-16.41.41:713][424]LogPackFactory: Copied "../../../Templates/FP_FirstPersonBP/Content/FirstPersonBP/FirstPersonOverview.uasset" to "../../../../../../LastBulletVR/LastBullet/Content/FirstPersonBP/FirstPersonOverview.uasset"
[2017.04.24-16.41.41:722][424]LogPackFactory:Error: Unable to copy file "../../../Templates/FP_FirstPersonBP/Content/FirstPersonBP/Blueprints/FirstPersonCharacter.uasset" to "../../../../../../LastBulletVR/LastBullet/Content/FirstPersonBP/Blueprints/FirstPersonCharacter.uasset".
[2017.04.24-16.41.41:738][424]LogPackFactory: Copied "../../../Templates/FP_FirstPersonBP/Content/FirstPersonBP/Blueprints/FirstPersonGameMode.uasset" to "../../../../../../LastBulletVR/LastBullet/Content/FirstPersonBP/Blueprints/FirstPersonGameMode.uasset"
[2017.04.24-16.41.41:754][424]LogPackFactory: Copied "../../../Templates/FP_FirstPersonBP/Content/FirstPersonBP/Blueprints/FirstPersonHUD.uasset" to "../../../../../../LastBulletVR/LastBullet/Content/FirstPersonBP/Blueprints/FirstPersonHUD.uasset"
[2017.04.24-16.41.41:906][424]LogPackFactory: Copied "../../../Templates/FP_FirstPersonBP/Content/FirstPersonBP/Maps/FirstPersonExampleMap.umap" to "../../../../../../LastBulletVR/LastBullet/Content/FirstPersonBP/Maps/FirstPersonExampleMap.umap"
[2017.04.24-16.41.41:966][424]Cmd: OBJ SAVEPACKAGE PACKAGE="/Game/FirstPersonBP/FirstPersonOverview" FILE="../../../../../../LastBulletVR/LastBullet/Content/FirstPersonBP/FirstPersonOverview.uasset" SILENT=true
[2017.04.24-16.41.42:058][424]LogSavePackage: Save=33.30ms
[2017.04.24-16.41.42:058][424]LogSavePackage: Moving '../../../../../../LastBulletVR/LastBullet/Saved/FirstPersonOverview8233968A4979F666F616DDB0EA83D6DD.tmp' to '../../../../../../LastBulletVR/LastBullet/Content/FirstPersonBP/FirstPersonOverview.uasset'
[2017.04.24-16.41.42:062][424]LogSavePackage:Display: Finished SavePackage ../../../../../../LastBulletVR/LastBullet/Content/FirstPersonBP/FirstPersonOverview.uasset
[2017.04.24-16.41.47:798][937]LogSlate: Took 0.000215 seconds to synchronously load lazily loaded font '../../../Engine/Content/Slate/Fonts/Roboto-Regular.ttf' (155K)
[2017.04.24-16.41.48:068][937]LogContentBrowser: Native class hierarchy updated for 'BlueprintGraph' in 0.0007 seconds. Added 112 classes and 0 folders.
[2017.04.24-16.41.49:183][937]LogSlate: Took 0.010022 seconds to synchronously load lazily loaded font '../../../Engine/Content/Editor/Slate/Fonts/Roboto-BoldCondensed.ttf' (158K)
[2017.04.24-16.41.49:556][938]LogSlate: Took 0.019682 seconds to synchronously load lazily loaded font '../../../Engine/Content/Editor/Slate/Fonts/Roboto-Italic.ttf' (157K)
[2017.04.24-16.41.51:455][ 36]LogRenderer: Reallocating scene render targets to support 1208x712 NumSamples 1 (Frame:1749).
[2017.04.24-16.41.51:802][ 57]BlueprintLog: New page: Compile FirstPersonCharacter
[2017.04.24-16.41.51:834][ 57]LogBlueprint:Error: [Compiler FirstPersonCharacter] Error Spawn node  SpawnActor NONE  must have a  Class  specified.
[2017.04.24-16.41.51:834][ 57]LogBlueprint:Warning: [Compiler FirstPersonCharacter] Warning InputAction Event references unknown Action 'ResetVR' for  InputAction ResetVR
[2017.04.24-16.41.52:323][ 57]BlueprintEditorCompileResults:Error: Error Spawn node  SpawnActor NONE  must have a  Class  specified.
[2017.04.24-16.41.52:323][ 57]BlueprintEditorCompileResults:Warning: Warning InputAction Event references unknown Action 'ResetVR' for  InputAction ResetVR
[2017.04.24-16.41.52:324][ 57]LogBlueprint:Warning: [Compiler FirstPersonCharacter] Warning [0109.44] Compile of FirstPersonCharacter failed. 1 Fatal Issue(s) 1 Warning(s) [in 520 ms] (/Game/FirstPersonBP/Blueprints/FirstPersonCharacter.FirstPersonCharacter)
[2017.04.24-16.43.04:689][975]LogWindowsTextInputMethodSystem:Display: IME system now deactivated.
[2017.04.24-16.43.04:915][976]Cmd: QUIT_EDITOR
[2017.04.24-16.43.05:043][976]LogExit: Preparing to exit.
[2017.04.24-16.43.05:977][976]LogDirectoryWatcher: A directory notification for 'D:/LastBulletVR/LastBullet/Content/' was aborted.
[2017.04.24-16.43.06:060][976]LogExit: Editor shut down
[2017.04.24-16.43.06:061][976]LogExit: Transaction tracking system shut down
[2017.04.24-16.43.06:139][976]LogObj: Freed 0b from 0 cluster array pools.
[2017.04.24-16.43.06:139][976]LogExit: Object subsystem successfully closed.
[2017.04.24-16.43.06:159][976]LogD3D11RHI: Shutdown
[2017.04.24-16.43.06:159][976]LogD3D11RHI: CleanupD3DDevice
[2017.04.24-16.43.06:596][976]LogD3D11RHI: ~FD3D11DynamicRHI
[2017.04.24-16.43.06:604][976]LogModuleManager: Shutting down and abandoning module BlueprintGraph (502)
[2017.04.24-16.43.06:604][976]LogModuleManager: Shutting down and abandoning module BlueprintProfiler (500)
[2017.04.24-16.43.06:621][976]LogModuleManager: Shutting down and abandoning module HierarchicalLODOutliner (498)
[2017.04.24-16.43.06:621][976]LogModuleManager: Shutting down and abandoning module CrashTracker (496)
[2017.04.24-16.43.06:621][976]LogModuleManager: Shutting down and abandoning module SceneOutliner (494)
[2017.04.24-16.43.06:621][976]LogModuleManager: Shutting down and abandoning module AddContentDialog (492)
[2017.04.24-16.43.06:622][976]LogDirectoryWatcher: A directory notification for 'D:/Program Files/Epic Games/UE_4.15/FeaturePacks/' was aborted.
[2017.04.24-16.43.06:622][976]LogModuleManager: Shutting down and abandoning module WidgetCarousel (491)
[2017.04.24-16.43.06:622][976]LogModuleManager: Shutting down and abandoning module EditorWidgets (488)
[2017.04.24-16.43.06:622][976]LogModuleManager: Shutting down and abandoning module CollectionManager (486)
[2017.04.24-16.43.06:622][976]LogDirectoryWatcher: A directory notification for 'D:/LastBulletVR/LastBullet/Content/Collections/' was aborted.
[2017.04.24-16.43.06:622][976]LogDirectoryWatcher: A directory notification for 'D:/LastBulletVR/LastBullet/Content/Developers/Toni/Collections/' was aborted.
[2017.04.24-16.43.06:622][976]LogDirectoryWatcher: A directory notification for 'D:/LastBulletVR/LastBullet/Saved/Collections/' was aborted.
[2017.04.24-16.43.06:622][976]LogModuleManager: Shutting down and abandoning module StatsViewer (484)
[2017.04.24-16.43.06:622][976]LogModuleManager: Shutting down and abandoning module FoliageEdit (482)
[2017.04.24-16.43.06:622][976]LogModuleManager: Shutting down and abandoning module LandscapeEditor (480)
[2017.04.24-16.43.06:622][976]LogModuleManager: Shutting down and abandoning module SceneDepthPickerMode (478)
[2017.04.24-16.43.06:622][976]LogModuleManager: Shutting down and abandoning module ActorPickerMode (476)
[2017.04.24-16.43.06:622][976]LogModuleManager: Shutting down and abandoning module GeometryMode (474)
[2017.04.24-16.43.06:622][976]LogModuleManager: Shutting down and abandoning module TextureAlignMode (472)
[2017.04.24-16.43.06:622][976]LogModuleManager: Shutting down and abandoning module BspMode (470)
[2017.04.24-16.43.06:622][976]LogModuleManager: Shutting down and abandoning module HardwareSurvey (468)
[2017.04.24-16.43.06:622][976]LogModuleManager: Shutting down and abandoning module SequenceRecorderSections (466)
[2017.04.24-16.43.06:622][976]LogModuleManager: Shutting down and abandoning module AutomationWorker (464)
[2017.04.24-16.43.06:622][976]LogModuleManager: Shutting down and abandoning module MatineeToLevelSequence (462)
[2017.04.24-16.43.06:622][976]LogModuleManager: Shutting down and abandoning module LevelSequenceEditor (460)
[2017.04.24-16.43.06:622][976]LogModuleManager: Shutting down and abandoning module PlacementMode (459)
[2017.04.24-16.43.06:622][976]LogModuleManager: Shutting down and abandoning module WmfMediaFactory (456)
[2017.04.24-16.43.06:622][976]LogModuleManager: Shutting down and abandoning module WmfMediaEditor (454)
[2017.04.24-16.43.06:622][976]LogModuleManager: Shutting down and abandoning module MfMediaFactory (452)
[2017.04.24-16.43.06:622][976]LogModuleManager: Shutting down and abandoning module MfMediaEditor (450)
[2017.04.24-16.43.06:623][976]LogModuleManager: Shutting down and abandoning module AvfMediaFactory (448)
[2017.04.24-16.43.06:623][976]LogModuleManager: Shutting down and abandoning module AvfMediaEditor (446)
[2017.04.24-16.43.06:623][976]LogModuleManager: Shutting down and abandoning module AndroidMediaFactory (444)
[2017.04.24-16.43.06:623][976]LogModuleManager: Shutting down and abandoning module Media (443)
[2017.04.24-16.43.06:623][976]LogModuleManager: Shutting down and abandoning module AndroidMediaEditor (440)
[2017.04.24-16.43.06:623][976]LogModuleManager: Shutting down and abandoning module CharacterAI (438)
[2017.04.24-16.43.06:623][976]LogModuleManager: Shutting down and abandoning module AudioCapture (436)
[2017.04.24-16.43.06:623][976]LogModuleManager: Shutting down and abandoning module SequenceRecorder (435)
[2017.04.24-16.43.06:623][976]LogModuleManager: Shutting down and abandoning module SmartSnapping (432)
[2017.04.24-16.43.06:623][976]LogModuleManager: Shutting down and abandoning module SessionServices (430)
[2017.04.24-16.43.06:623][976]LogModuleManager: Shutting down and abandoning module ViewportSnapping (428)
[2017.04.24-16.43.06:623][976]LogModuleManager: Shutting down and abandoning module ViewportInteraction (426)
[2017.04.24-16.43.06:623][976]LogModuleManager: Shutting down and abandoning module LogVisualizer (424)
[2017.04.24-16.43.06:623][976]LogModuleManager: Shutting down and abandoning module IntroTutorials (422)
[2017.04.24-16.43.06:623][976]LogModuleManager: Shutting down and abandoning module GameProjectGeneration (421)
[2017.04.24-16.43.06:623][976]LogModuleManager: Shutting down and abandoning module EditorLiveStreaming (418)
[2017.04.24-16.43.06:623][976]LogModuleManager: Shutting down and abandoning module IOSPlatformEditor (416)
[2017.04.24-16.43.06:623][976]LogModuleManager: Shutting down and abandoning module HTML5PlatformEditor (414)
[2017.04.24-16.43.06:623][976]LogModuleManager: Shutting down and abandoning module AndroidPlatformEditor (412)
[2017.04.24-16.43.06:623][976]LogModuleManager: Shutting down and abandoning module AndroidDeviceDetection (411)
[2017.04.24-16.43.07:532][976]LogModuleManager: Shutting down and abandoning module IOSRuntimeSettings (408)
[2017.04.24-16.43.07:532][976]LogModuleManager: Shutting down and abandoning module AndroidRuntimeSettings (406)
[2017.04.24-16.43.07:533][976]LogModuleManager: Shutting down and abandoning module InputBindingEditor (404)
[2017.04.24-16.43.07:533][976]LogModuleManager: Shutting down and abandoning module NiagaraEditor (402)
[2017.04.24-16.43.07:533][976]LogModuleManager: Shutting down and abandoning module MergeActors (400)
[2017.04.24-16.43.07:533][976]LogModuleManager: Shutting down and abandoning module SizeMap (398)
[2017.04.24-16.43.07:533][976]LogModuleManager: Shutting down and abandoning module TreeMap (396)
[2017.04.24-16.43.07:533][976]LogModuleManager: Shutting down and abandoning module ReferenceViewer (394)
[2017.04.24-16.43.07:533][976]LogModuleManager: Shutting down and abandoning module LocalizationDashboard (392)
[2017.04.24-16.43.07:533][976]LogModuleManager: Shutting down and abandoning module LocalizationService (391)
[2017.04.24-16.43.07:533][976]LogModuleManager: Shutting down and abandoning module HardwareTargeting (388)
[2017.04.24-16.43.07:533][976]LogModuleManager: Shutting down and abandoning module DeviceProfileEditor (386)
[2017.04.24-16.43.07:533][976]LogModuleManager: Shutting down and abandoning module UndoHistory (384)
[2017.04.24-16.43.07:533][976]LogModuleManager: Shutting down and abandoning module UserFeedback (382)
[2017.04.24-16.43.07:533][976]LogModuleManager: Shutting down and abandoning module XmlParser (380)
[2017.04.24-16.43.07:533][976]LogModuleManager: Shutting down and abandoning module Blutility (378)
[2017.04.24-16.43.07:533][976]LogModuleManager: Shutting down and abandoning module ProjectSettingsViewer (376)
[2017.04.24-16.43.07:533][976]LogModuleManager: Shutting down and abandoning module ProjectTargetPlatformEditor (375)
[2017.04.24-16.43.07:533][976]LogModuleManager: Shutting down and abandoning module EditorSettingsViewer (372)
[2017.04.24-16.43.07:533][976]LogModuleManager: Shutting down and abandoning module SettingsEditor (370)
[2017.04.24-16.43.07:533][976]LogModuleManager: Shutting down and abandoning module ProjectLauncher (368)
[2017.04.24-16.43.07:533][976]LogModuleManager: Shutting down and abandoning module SessionFrontend (366)
[2017.04.24-16.43.07:533][976]LogModuleManager: Shutting down and abandoning module ProfilerClient (364)
[2017.04.24-16.43.07:533][976]LogModuleManager: Shutting down and abandoning module DeviceManager (362)
[2017.04.24-16.43.07:533][976]LogModuleManager: Shutting down and abandoning module TargetDeviceServices (361)
[2017.04.24-16.43.07:575][976]LogModuleManager: Shutting down and abandoning module AutomationController (358)
[2017.04.24-16.43.07:575][976]LogModuleManager: Shutting down and abandoning module AutomationWindow (356)
[2017.04.24-16.43.07:575][976]LogModuleManager: Shutting down and abandoning module Layers (354)
[2017.04.24-16.43.07:575][976]LogModuleManager: Shutting down and abandoning module ComponentVisualizers (352)
[2017.04.24-16.43.07:575][976]LogModuleManager: Shutting down and abandoning module DetailCustomizations (350)
[2017.04.24-16.43.07:575][976]LogModuleManager: Shutting down and abandoning module PackagesDialog (348)
[2017.04.24-16.43.07:575][976]LogModuleManager: Shutting down and abandoning module Persona (346)
[2017.04.24-16.43.07:575][976]LogModuleManager: Shutting down and abandoning module AnimGraph (345)
[2017.04.24-16.43.07:575][976]LogModuleManager: Shutting down and abandoning module Kismet (342)
[2017.04.24-16.43.07:579][976]LogModuleManager: Shutting down and abandoning module GraphEditor (340)
[2017.04.24-16.43.07:579][976]LogModuleManager: Shutting down and abandoning module ClassViewer (338)
[2017.04.24-16.43.07:580][976]LogModuleManager: Shutting down and abandoning module Toolbox (336)
[2017.04.24-16.43.07:580][976]LogModuleManager: Shutting down and abandoning module ModuleUI (334)
[2017.04.24-16.43.07:580][976]LogModuleManager: Shutting down and abandoning module MovieSceneTools (332)
[2017.04.24-16.43.07:580][976]LogModuleManager: Shutting down and abandoning module OutputLog (330)
[2017.04.24-16.43.07:580][976]LogModuleManager: Shutting down and abandoning module GammaUI (328)
[2017.04.24-16.43.07:580][976]LogModuleManager: Shutting down and abandoning module Documentation (326)
[2017.04.24-16.43.07:580][976]LogModuleManager: Shutting down and abandoning module Niagara (324)
[2017.04.24-16.43.07:580][976]LogModuleManager: Shutting down and abandoning module StreamingPauseRendering (322)
[2017.04.24-16.43.07:580][976]LogModuleManager: Shutting down and abandoning module AnalyticsET (320)
[2017.04.24-16.43.07:580][976]LogModuleManager: Shutting down and abandoning module PortalServices (318)
[2017.04.24-16.43.07:580][976]LogModuleManager: Shutting down and abandoning module PortalRpc (316)
[2017.04.24-16.43.07:580][976]LogModuleManager: Shutting down and abandoning module MessagingRpc (314)
[2017.04.24-16.43.07:580][976]LogModuleManager: Shutting down and abandoning module AIModule (312)
[2017.04.24-16.43.07:580][976]LogModuleManager: Shutting down and abandoning module GameplayDebugger (311)
[2017.04.24-16.43.07:580][976]LogModuleManager: Shutting down and abandoning module AITestSuite (309)
[2017.04.24-16.43.07:580][976]LogModuleManager: Shutting down and abandoning module ProfilerService (306)
[2017.04.24-16.43.07:732][976]LogModuleManager: Shutting down and abandoning module TaskGraph (304)
[2017.04.24-16.43.07:732][976]LogModuleManager: Shutting down and abandoning module SteamVRController (302)
[2017.04.24-16.43.07:732][976]LogModuleManager: Shutting down and abandoning module SteamVR (300)
[2017.04.24-16.43.07:732][976]LogModuleManager: Shutting down and abandoning module ProceduralMeshComponentEditor (298)
[2017.04.24-16.43.07:732][976]LogModuleManager: Shutting down and abandoning module ProceduralMeshComponent (296)
[2017.04.24-16.43.07:732][976]LogModuleManager: Shutting down and abandoning module OculusLibrary (294)
[2017.04.24-16.43.07:732][976]LogModuleManager: Shutting down and abandoning module OculusInput (292)
[2017.04.24-16.43.07:732][976]LogModuleManager: Shutting down and abandoning module MobilePatchingUtils (290)
[2017.04.24-16.43.07:732][976]LogModuleManager: Shutting down and abandoning module CustomMeshComponent (288)
[2017.04.24-16.43.07:732][976]LogModuleManager: Shutting down and abandoning module CableComponent (286)
[2017.04.24-16.43.07:732][976]LogModuleManager: Shutting down and abandoning module ArchVisCharacter (284)
[2017.04.24-16.43.07:732][976]LogModuleManager: Shutting down and abandoning module MediaPlayerEditor (280)
[2017.04.24-16.43.07:732][976]LogModuleManager: Shutting down and abandoning module HTML5Networking (278)
[2017.04.24-16.43.07:732][976]LogModuleManager: Shutting down and abandoning module AlembicImporter (276)
[2017.04.24-16.43.07:732][976]LogModuleManager: Shutting down and abandoning module AlembicLibrary (275)
[2017.04.24-16.43.07:732][976]LogModuleManager: Shutting down and abandoning module GeometryCache (274)
[2017.04.24-16.43.07:732][976]LogModuleManager: Shutting down and abandoning module GeometryCacheEd (273)
[2017.04.24-16.43.07:732][976]LogModuleManager: Shutting down and abandoning module SuperSearchEditor (268)
[2017.04.24-16.43.07:732][976]LogModuleManager: Shutting down and abandoning module SuperSearch (267)
[2017.04.24-16.43.07:732][976]LogModuleManager: Shutting down and abandoning module SpeedTreeImporter (264)
[2017.04.24-16.43.07:732][976]LogModuleManager: Shutting down and abandoning module PluginBrowser (262)
[2017.04.24-16.43.07:732][976]LogModuleManager: Shutting down and abandoning module MobileLauncherProfileWizard (260)
[2017.04.24-16.43.07:732][976]LogModuleManager: Shutting down and abandoning module EpicSurvey (258)
[2017.04.24-16.43.07:732][976]LogModuleManager: Shutting down and abandoning module VisualStudioSourceCodeAccess (256)
[2017.04.24-16.43.07:732][976]LogModuleManager: Shutting down and abandoning module DesktopPlatform (255)
[2017.04.24-16.43.07:732][976]LogModuleManager: Shutting down and abandoning module UObjectPlugin (252)
[2017.04.24-16.43.07:732][976]LogModuleManager: Shutting down and abandoning module SubversionSourceControl (250)
[2017.04.24-16.43.07:732][976]LogModuleManager: Shutting down and abandoning module PerforceSourceControl (248)
[2017.04.24-16.43.07:732][976]LogModuleManager: Shutting down and abandoning module GitSourceControl (246)
[2017.04.24-16.43.07:732][976]LogModuleManager: Shutting down and abandoning module SourceControl (245)
[2017.04.24-16.43.07:732][976]LogModuleManager: Shutting down and abandoning module LightPropagationVolumeEditor (242)
[2017.04.24-16.43.07:732][976]LogModuleManager: Shutting down and abandoning module PaperTiledImporter (240)
[2017.04.24-16.43.07:732][976]LogModuleManager: Shutting down and abandoning module PaperSpriteSheetImporter (238)
[2017.04.24-16.43.07:732][976]LogModuleManager: Shutting down and abandoning module Paper2DEditor (236)
[2017.04.24-16.43.07:732][976]LogModuleManager: Shutting down and abandoning module MeshPaint (235)
[2017.04.24-16.43.07:732][976]LogModuleManager: Shutting down and abandoning module LevelEditor (233)
[2017.04.24-16.43.07:733][976]LogModuleManager: Shutting down and abandoning module PixelInspectorModule (232)
[2017.04.24-16.43.07:733][976]LogModuleManager: Shutting down and abandoning module MainFrame (230)
[2017.04.24-16.43.07:733][976]LogModuleManager: Shutting down and abandoning module HotReload (229)
[2017.04.24-16.43.07:733][976]LogModuleManager: Shutting down and abandoning module ContentBrowser (225)
[2017.04.24-16.43.07:734][976]LogModuleManager: Shutting down and abandoning module PhysXVehiclesEditor (222)
[2017.04.24-16.43.07:734][976]LogModuleManager: Shutting down and abandoning module PhysXVehicles (220)
[2017.04.24-16.43.07:734][976]LogModuleManager: Shutting down and abandoning module LocationServicesBPLibrary (218)
[2017.04.24-16.43.07:734][976]LogModuleManager: Shutting down and abandoning module UdpMessaging (216)
[2017.04.24-16.43.07:835][976]LogModuleManager: Shutting down and abandoning module TcpMessaging (214)
[2017.04.24-16.43.07:935][976]LogModuleManager: Shutting down and abandoning module GameplayTagsEditor (212)
[2017.04.24-16.43.07:935][976]LogModuleManager: Shutting down and abandoning module FacialAnimationEditor (210)
[2017.04.24-16.43.07:938][976]LogModuleManager: Shutting down and abandoning module FacialAnimation (208)
[2017.04.24-16.43.07:939][976]LogModuleManager: Shutting down and abandoning module LightPropagationVolumeRuntime (206)
[2017.04.24-16.43.07:939][976]LogModuleManager: Shutting down and abandoning module Paper2D (204)
[2017.04.24-16.43.07:939][976]LogModuleManager: Shutting down and abandoning module WindowsMoviePlayer (202)
[2017.04.24-16.43.07:939][976]LogModuleManager: Shutting down and abandoning module WmfMedia (200)
[2017.04.24-16.43.07:939][976]LogModuleManager: Shutting down and abandoning module MfMedia (198)
[2017.04.24-16.43.07:939][976]LogModuleManager: Shutting down and abandoning module MediaAssets (196)
[2017.04.24-16.43.07:939][976]LogModuleManager: Shutting down and abandoning module GameLiveStreaming (194)
[2017.04.24-16.43.07:940][976]LogModuleManager: Shutting down and abandoning module VREditor (192)
[2017.04.24-16.43.07:940][976]LogModuleManager: Shutting down and abandoning module GameplayTasksEditor (190)
[2017.04.24-16.43.07:940][976]LogModuleManager: Shutting down and abandoning module BehaviorTreeEditor (188)
[2017.04.24-16.43.07:940][976]LogModuleManager: Shutting down and abandoning module FunctionalTesting (186)
[2017.04.24-16.43.07:940][976]LogModuleManager: Shutting down and abandoning module CollisionAnalyzer (184)
[2017.04.24-16.43.07:940][976]LogModuleManager: Shutting down and abandoning module UMG (182)
[2017.04.24-16.43.07:940][976]LogModuleManager: Shutting down and abandoning module UMGEditor (181)
[2017.04.24-16.43.07:940][976]LogModuleManager: Shutting down and abandoning module Sequencer (180)
[2017.04.24-16.43.07:940][976]LogModuleManager: Shutting down and abandoning module AssetTools (178)
[2017.04.24-16.43.07:940][976]LogModuleManager: Shutting down and abandoning module MessageLog (177)
[2017.04.24-16.43.07:940][976]LogModuleManager: Shutting down and abandoning module WorkspaceMenuStructure (176)
[2017.04.24-16.43.07:940][976]LogModuleManager: Shutting down and abandoning module SlateReflector (170)
[2017.04.24-16.43.07:940][976]LogModuleManager: Shutting down and abandoning module Slate (168)
[2017.04.24-16.43.07:940][976]LogModuleManager: Shutting down and abandoning module EditorStyle (166)
[2017.04.24-16.43.07:941][976]LogModuleManager: Shutting down and abandoning module SourceCodeAccess (164)
[2017.04.24-16.43.07:941][976]LogModuleManager: Shutting down and abandoning module HeadMountedDisplay (162)
[2017.04.24-16.43.07:941][976]LogModuleManager: Shutting down and abandoning module XAudio2 (160)
[2017.04.24-16.43.07:941][976]LogModuleManager: Shutting down and abandoning module Networking (158)
[2017.04.24-16.43.07:941][976]LogModuleManager: Shutting down and abandoning module Core (154)
[2017.04.24-16.43.07:941][976]LogModuleManager: Shutting down and abandoning module AssetRegistry (152)
[2017.04.24-16.43.08:059][976]LogDirectoryWatcher: A directory notification for '../../../Engine/Content/' was aborted.
[2017.04.24-16.43.08:059][976]LogDirectoryWatcher: A directory notification for '../../../../../../LastBulletVR/LastBullet/Content/' was aborted.
[2017.04.24-16.43.08:059][976]LogDirectoryWatcher: A directory notification for '../../../Engine/Plugins/2D/Paper2D/Content/' was aborted.
[2017.04.24-16.43.08:059][976]LogModuleManager: Shutting down and abandoning module DirectoryWatcher (151)
[2017.04.24-16.43.08:060][976]LogModuleManager: Shutting down and abandoning module KismetCompiler (148)
[2017.04.24-16.43.08:060][976]LogModuleManager: Shutting down and abandoning module PhysXFormats (146)
[2017.04.24-16.43.08:060][976]LogModuleManager: Shutting down and abandoning module MeshUtilities (144)
[2017.04.24-16.43.08:060][976]LogModuleManager: Shutting down and abandoning module SimplygonSwarm (143)
[2017.04.24-16.43.08:060][976]LogModuleManager: Shutting down and abandoning module SimplygonMeshReduction (141)
[2017.04.24-16.43.08:060][976]LogModuleManager: Shutting down and abandoning module QuadricMeshReduction (139)
[2017.04.24-16.43.08:060][976]LogModuleManager: Shutting down and abandoning module PropertyEditor (137)
[2017.04.24-16.43.08:060][976]LogModuleManager: Shutting down and abandoning module DerivedDataCache (134)
[2017.04.24-16.43.08:118][976]LogDerivedDataCache: Shutdown
[2017.04.24-16.43.08:118][976]LogModuleManager: Shutting down and abandoning module TargetPlatform (132)
[2017.04.24-16.43.08:118][976]LogModuleManager: Shutting down and abandoning module VulkanShaderFormat (131)
[2017.04.24-16.43.08:118][976]LogModuleManager: Shutting down and abandoning module ShaderFormatOpenGL (129)
[2017.04.24-16.43.08:119][976]LogModuleManager: Shutting down and abandoning module ShaderFormatD3D (127)
[2017.04.24-16.43.08:119][976]LogModuleManager: Shutting down and abandoning module MetalShaderFormat (125)
[2017.04.24-16.43.08:119][976]LogModuleManager: Shutting down and abandoning module TextureFormatUncompressed (123)
[2017.04.24-16.43.08:119][976]LogModuleManager: Shutting down and abandoning module TextureFormatPVR (121)
[2017.04.24-16.43.08:119][976]LogModuleManager: Shutting down and abandoning module TextureFormatDXT (119)
[2017.04.24-16.43.08:119][976]LogModuleManager: Shutting down and abandoning module TextureFormatIntelISPCTexComp (117)
[2017.04.24-16.43.08:119][976]LogModuleManager: Shutting down and abandoning module TextureFormatASTC (115)
[2017.04.24-16.43.08:119][976]LogModuleManager: Shutting down and abandoning module ImageWrapper (114)
[2017.04.24-16.43.08:119][976]LogModuleManager: Shutting down and abandoning module TextureFormatAndroid (111)
[2017.04.24-16.43.08:119][976]LogModuleManager: Shutting down and abandoning module AudioFormatOpus (109)
[2017.04.24-16.43.08:119][976]LogModuleManager: Shutting down and abandoning module AudioFormatOgg (107)
[2017.04.24-16.43.08:119][976]LogModuleManager: Shutting down and abandoning module AudioFormatADPCM (105)
[2017.04.24-16.43.08:119][976]LogModuleManager: Shutting down and abandoning module LinuxTargetPlatform (103)
[2017.04.24-16.43.08:119][976]LogModuleManager: Shutting down and abandoning module LinuxServerTargetPlatform (101)
[2017.04.24-16.43.08:119][976]LogModuleManager: Shutting down and abandoning module LinuxNoEditorTargetPlatform (99)
[2017.04.24-16.43.08:119][976]LogModuleManager: Shutting down and abandoning module LinuxClientTargetPlatform (97)
[2017.04.24-16.43.08:119][976]LogModuleManager: Shutting down and abandoning module TVOSTargetPlatform (95)
[2017.04.24-16.43.08:119][976]LogModuleManager: Shutting down and abandoning module Messaging (93)
[2017.04.24-16.43.08:119][976]LogModuleManager: Shutting down and abandoning module IOSTargetPlatform (91)
[2017.04.24-16.43.08:119][976]LogModuleManager: Shutting down and abandoning module HTML5TargetPlatform (89)
[2017.04.24-16.43.08:119][976]LogModuleManager: Shutting down and abandoning module Android_PVRTCTargetPlatform (87)
[2017.04.24-16.43.08:119][976]LogModuleManager: Shutting down and abandoning module Android_MultiTargetPlatform (85)
[2017.04.24-16.43.08:119][976]LogModuleManager: Shutting down and abandoning module Android_ETC2TargetPlatform (83)
[2017.04.24-16.43.08:120][976]LogModuleManager: Shutting down and abandoning module Android_ETC1TargetPlatform (81)
[2017.04.24-16.43.08:121][976]LogModuleManager: Shutting down and abandoning module Android_DXTTargetPlatform (79)
[2017.04.24-16.43.08:122][976]LogModuleManager: Shutting down and abandoning module Android_ATCTargetPlatform (77)
[2017.04.24-16.43.08:122][976]LogModuleManager: Shutting down and abandoning module Android_ASTCTargetPlatform (75)
[2017.04.24-16.43.08:122][976]LogModuleManager: Shutting down and abandoning module AndroidTargetPlatform (73)
[2017.04.24-16.43.08:122][976]LogModuleManager: Shutting down and abandoning module WindowsTargetPlatform (71)
[2017.04.24-16.43.08:122][976]LogModuleManager: Shutting down and abandoning module WindowsServerTargetPlatform (69)
[2017.04.24-16.43.08:122][976]LogModuleManager: Shutting down and abandoning module WindowsNoEditorTargetPlatform (67)
[2017.04.24-16.43.08:122][976]LogModuleManager: Shutting down and abandoning module WindowsClientTargetPlatform (65)
[2017.04.24-16.43.08:122][976]LogModuleManager: Shutting down and abandoning module MacTargetPlatform (63)
[2017.04.24-16.43.08:122][976]LogModuleManager: Shutting down and abandoning module MacServerTargetPlatform (61)
[2017.04.24-16.43.08:122][976]LogModuleManager: Shutting down and abandoning module MacNoEditorTargetPlatform (59)
[2017.04.24-16.43.08:122][976]LogModuleManager: Shutting down and abandoning module MacClientTargetPlatform (57)
[2017.04.24-16.43.08:122][976]LogModuleManager: Shutting down and abandoning module AllDesktopTargetPlatform (55)
[2017.04.24-16.43.08:122][976]LogModuleManager: Shutting down and abandoning module InputCore (52)
[2017.04.24-16.43.08:122][976]LogModuleManager: Shutting down and abandoning module Settings (50)
[2017.04.24-16.43.08:122][976]LogModuleManager: Shutting down and abandoning module OculusRift (48)
[2017.04.24-16.43.08:123][976]LogHMD: Oculus shutdown.
[2017.04.24-16.43.08:123][976]LogModuleManager: Shutting down and abandoning module GearVR (46)
[2017.04.24-16.43.08:123][976]LogModuleManager: Shutting down and abandoning module ExampleDeviceProfileSelector (44)
[2017.04.24-16.43.08:123][976]LogModuleManager: Shutting down and abandoning module OnlineBlueprintSupport (42)
[2017.04.24-16.43.08:123][976]LogModuleManager: Shutting down and abandoning module OnlineSubsystem (38)
[2017.04.24-16.43.08:123][976]LogOnline:Display: Unloading online subsystem: NULL
[2017.04.24-16.43.08:123][976]LogModuleManager: Shutting down and abandoning module XMPP (37)
[2017.04.24-16.43.08:124][976]LogModuleManager: Shutting down and abandoning module HTTP (35)
[2017.04.24-16.43.08:124][976]LogHttp:Display: Http module shutting down, but needs to wait on 1 outstanding Http requests:
[2017.04.24-16.43.08:124][976]LogHttp:Display: 	verb=[POST] url=[https://datarouter.ol.epicgames.com/datarouter/api/v1/public/data?SessionID=%7B452725D5-40E7-1D0B-572F-A28CA2AA5D46%7D&AppID=UEEditor.Rocket.Release&AppVersion=4.15.1-3348071%2B%2B%2BUE4%2BRelease-4.15&UserID=f39911084e6eee547528b980920f5896%7Cd1dffcc0c00b4945b72a2d714bf43321%7C26cf8f1e-746a-4f9a-9e59-db695ff3efd3&AppEnvironment=datacollector-binary&UploadType=eteventstream] status=Processing
[2017.04.24-16.43.08:157][976]LogModuleManager: Shutting down and abandoning module SSL (34)
[2017.04.24-16.43.08:158][976]LogModuleManager: Shutting down and abandoning module AudioEditor (30)
[2017.04.24-16.43.08:158][976]LogModuleManager: Shutting down and abandoning module TextureCompressor (28)
[2017.04.24-16.43.08:158][976]LogModuleManager: Shutting down and abandoning module ShaderCore (26)
[2017.04.24-16.43.08:158][976]LogModuleManager: Shutting down and abandoning module Landscape (24)
[2017.04.24-16.43.08:158][976]LogModuleManager: Shutting down and abandoning module SlateRHIRenderer (22)
[2017.04.24-16.43.08:159][976]LogModuleManager: Shutting down and abandoning module OpenGLDrv (20)
[2017.04.24-16.43.08:159][976]LogModuleManager: Shutting down and abandoning module D3D11RHI (18)
[2017.04.24-16.43.08:159][976]LogModuleManager: Shutting down and abandoning module AnimGraphRuntime (16)
[2017.04.24-16.43.08:159][976]LogModuleManager: Shutting down and abandoning module Renderer (14)
[2017.04.24-16.43.08:159][976]LogModuleManager: Shutting down and abandoning module Engine (12)
[2017.04.24-16.43.08:159][976]LogModuleManager: Shutting down and abandoning module CoreUObject (10)
[2017.04.24-16.43.08:159][976]LogModuleManager: Shutting down and abandoning module NetworkFile (8)
[2017.04.24-16.43.08:159][976]LogModuleManager: Shutting down and abandoning module StreamingFile (6)
[2017.04.24-16.43.08:159][976]LogModuleManager: Shutting down and abandoning module SandboxFile (4)
[2017.04.24-16.43.08:159][976]LogModuleManager: Shutting down and abandoning module PakFile (2)
[2017.04.24-16.43.08:160][976]LogExit: Exiting.
[2017.04.24-16.43.08:161][976]Log file closed, 04/24/17 18:43:08
