Log file open, 04/26/17 19:07:20
LogInit:Display: Running engine for game: LastBullet
LogPlatformFile: Not using cached read wrapper
LogInit:Display: RandInit(1493281850) SRandInit(1493281857).
LogTaskGraph: Started task graph with 5 named threads and 8 total threads with 1 sets of task threads.
LogStats: Stats thread started at 0.085347
LogInit: Using libcurl 7.47.1
LogInit:  - built for x86_64-pc-win32
LogInit:  - supports SSL with OpenSSL/1.0.2g
LogInit:  - supports HTTP deflate (compression) using libz 1.2.8
LogInit:  - other features:
LogInit:      CURL_VERSION_SSL
LogInit:      CURL_VERSION_LIBZ
LogInit:      CURL_VERSION_IPV6
LogInit:      CURL_VERSION_ASYNCHDNS
LogInit:      CURL_VERSION_LARGEFILE
LogInit:      CURL_VERSION_IDN
LogInit:  CurlRequestOptions (configurable via config and command line):
LogInit:  - bVerifyPeer = false  - Libcurl will NOT verify peer certificate
LogInit:  - bUseHttpProxy = false  - Libcurl will NOT use HTTP proxy
LogInit:  - bDontReuseConnections = false  - Libcurl will reuse connections
LogInit:  - CertBundlePath = nullptr  - Libcurl will use whatever was configured at build time.
LogInit: Build: ++UE4+Release-4.15-CL-3348071
LogInit: Engine Version: 4.15.1-3348071+++UE4+Release-4.15
LogInit: Compatible Engine Version: 4.15.0-3299760+++UE4+Release-4.15
LogInit: Net CL: 3299760
LogDevObjectVersion: Number of dev versions registered: 14
LogDevObjectVersion:   Dev-Blueprints (B0D832E4-1F89-4F0D-ACCF-7EB736FD4AA2): 8
LogDevObjectVersion:   Dev-Build (E1C64328-A22C-4D53-A36C-8E866417BD8C): 0
LogDevObjectVersion:   Dev-Core (375EC13C-06E4-48FB-B500-84F0262A717E): 2
LogDevObjectVersion:   Dev-Editor (E4B068ED-F494-42E9-A231-DA0B2E46BB41): 14
LogDevObjectVersion:   Dev-Framework (CFFC743F-43B0-4480-9391-14DF171D2073): 22
LogDevObjectVersion:   Dev-Mobile (B02B49B5-BB20-44E9-A304-32B752E40360): 0
LogDevObjectVersion:   Dev-Networking (A4E4105C-59A1-49B5-A7C5-40C4547EDFEE): 0
LogDevObjectVersion:   Dev-Online (39C831C9-5AE6-47DC-9A44-9C173E1C8E7C): 0
LogDevObjectVersion:   Dev-Physics (78F01B33-EBEA-4F98-B9B4-84EACCB95AA2): 0
LogDevObjectVersion:   Dev-Platform (6631380F-2D4D-43E0-8009-CF276956A95A): 0
LogDevObjectVersion:   Dev-Rendering (12F88B9F-8875-4AFC-A67C-D90C383ABD29): 12
LogDevObjectVersion:   Dev-Sequencer (7B5AE74C-D270-4C10-A958-57980B212A5A): 3
LogDevObjectVersion:   Dev-VR (D7296918-1DD6-4BDD-9DE2-64A83CC13884): 0
LogDevObjectVersion:   Dev-LoadTimes (C2A15278-BFE7-4AFE-6C17-90FF531DF755): 1
LogInit: Compiled (64-bit): Mar 15 2017 16:52:47
LogInit: Compiled with Visual C++: 19.00.23026.00
LogInit: Build Configuration: Development
LogInit: Branch Name: ++UE4+Release-4.15
LogInit: Command line:  
LogInit: Base directory: D:/EpicGames/UE_4.15/Engine/Binaries/Win64/
LogInit: Installed Engine Build: 1
LogInit: Presizing for max 8388607 objects, including 0 objects not considered by GC, pre-allocating 0 bytes for permanent pool.
LogInit: Object subsystem initialized
[2017.04.26-17.07.21:691][  0]LogInit: Selected Device Profile: [Windows]
[2017.04.26-17.07.21:691][  0]LogInit: Applying CVar settings loaded from the selected device profile: [Windows]
[2017.04.26-17.07.21:733][  0]LogInit: Computer: DESKTOP-1OLBMPA
[2017.04.26-17.07.21:733][  0]LogInit: User: julio
[2017.04.26-17.07.21:733][  0]LogInit: CPU Page size=65536, Cores=4
[2017.04.26-17.07.21:733][  0]LogInit: High frequency timer resolution =14.318180 MHz
[2017.04.26-17.07.21:733][  0]LogMemory: Memory total: Physical=8.0GB (8GB approx)
[2017.04.26-17.07.21:733][  0]LogMemory: Platform Memory Stats for Windows
[2017.04.26-17.07.21:733][  0]LogMemory: Process Physical Memory: 263.47 MB used, 263.47 MB peak
[2017.04.26-17.07.21:733][  0]LogMemory: Process Virtual Memory: 262.62 MB used, 262.62 MB peak
[2017.04.26-17.07.21:733][  0]LogMemory: Physical Memory: 3724.74 MB used,  4424.00 MB free, 8148.73 MB total
[2017.04.26-17.07.21:733][  0]LogMemory: Virtual Memory: 645.23 MB used,  4424.00 MB free, 134217728.00 MB total
[2017.04.26-17.07.21:998][  0]LogInit: Overriding culture en with editor configuration.
[2017.04.26-17.07.25:297][  0]LogD3D11RHI: D3D11 adapters:
[2017.04.26-17.07.25:314][  0]LogD3D11RHI:    0. 'AMD Radeon R9 200 Series' (Feature Level 11_0)
[2017.04.26-17.07.25:314][  0]LogD3D11RHI:       3053/0/4074 MB DedicatedVideo/DedicatedSystem/SharedSystem, Outputs:1, VendorId:0x1002
[2017.04.26-17.07.25:316][  0]LogD3D11RHI:    1. 'Microsoft Basic Render Driver' (Feature Level 11_0)
[2017.04.26-17.07.25:316][  0]LogD3D11RHI:       0/0/4074 MB DedicatedVideo/DedicatedSystem/SharedSystem, Outputs:0, VendorId:0x1414
[2017.04.26-17.07.25:316][  0]LogD3D11RHI: Chosen D3D11 Adapter: 0
[2017.04.26-17.07.25:322][  0]LogD3D11RHI: Creating new Direct3DDevice
[2017.04.26-17.07.25:322][  0]LogD3D11RHI:     GPU DeviceId: 0x679a (for the marketing name, search the web for "GPU Device Id")
[2017.04.26-17.07.25:322][  0]LogWindows: EnumDisplayDevices:
[2017.04.26-17.07.25:323][  0]LogWindows:    0. 'AMD Radeon R9 200 Series' (P:1 D:1)
[2017.04.26-17.07.25:323][  0]LogWindows:    1. 'AMD Radeon R9 200 Series' (P:0 D:0)
[2017.04.26-17.07.25:323][  0]LogWindows:    2. 'AMD Radeon R9 200 Series' (P:0 D:0)
[2017.04.26-17.07.25:324][  0]LogWindows:    3. 'AMD Radeon R9 200 Series' (P:0 D:0)
[2017.04.26-17.07.25:324][  0]LogWindows:    4. 'AMD Radeon R9 200 Series' (P:0 D:0)
[2017.04.26-17.07.25:325][  0]LogWindows:    5. 'AMD Radeon R9 200 Series' (P:0 D:0)
[2017.04.26-17.07.25:325][  0]LogWindows: DebugString: FoundDriverCount:6 
[2017.04.26-17.07.25:325][  0]LogD3D11RHI:     Adapter Name: AMD Radeon R9 200 Series
[2017.04.26-17.07.25:325][  0]LogD3D11RHI:   Driver Version: Crimson 16.6 (internal:21.19.137.514, unified:21.19.137.514)
[2017.04.26-17.07.25:325][  0]LogD3D11RHI:      Driver Date: 11-21-2016
[2017.04.26-17.07.25:325][  0]LogRHI: Texture pool is 1361 MB (70% of 1945 MB)
[2017.04.26-17.07.25:385][  0]LogD3D11RHI: Async texture creation enabled
[2017.04.26-17.07.25:400][  0]LogD3D11RHI: GPU Timing Frequency: 27.000000 (Debug: 2 1)
[2017.04.26-17.07.25:401][  0]LogShaderCompilers: Guid format shader working directory is -13 characters bigger than the processId version (../../../../../4ºcurso/Repositorios/LastBulletVR/LastBullet/Intermediate/Shaders/WorkingDirectory/4696/).
[2017.04.26-17.07.25:401][  0]LogShaderCompilers: Cleaned the shader compiler working directory 'C:/Users/julio/AppData/Local/Temp/UnrealShaderWorkingDir/ED430F894C173E86BF8D0DB33DAAE75D/'.
[2017.04.26-17.07.25:401][  0]LogShaderCompilers:Display: Using Local Shader Compiler.
[2017.04.26-17.07.28:389][  0]LogTemp:Display: Loaded TP AllDesktopTargetPlatform
[2017.04.26-17.07.28:458][  0]LogTemp:Display: Loaded TP MacClientTargetPlatform
[2017.04.26-17.07.28:527][  0]LogTemp:Display: Loaded TP MacNoEditorTargetPlatform
[2017.04.26-17.07.28:597][  0]LogTemp:Display: Loaded TP MacServerTargetPlatform
[2017.04.26-17.07.28:679][  0]LogTemp:Display: Loaded TP MacTargetPlatform
[2017.04.26-17.07.28:748][  0]LogTemp:Display: Loaded TP WindowsClientTargetPlatform
[2017.04.26-17.07.28:817][  0]LogTemp:Display: Loaded TP WindowsNoEditorTargetPlatform
[2017.04.26-17.07.28:886][  0]LogTemp:Display: Loaded TP WindowsServerTargetPlatform
[2017.04.26-17.07.28:942][  0]LogTemp:Display: Loaded TP WindowsTargetPlatform
[2017.04.26-17.07.29:012][  0]LogTemp:Display: Loaded TP AndroidTargetPlatform
[2017.04.26-17.07.29:080][  0]LogTemp:Display: Loaded TP Android_ASTCTargetPlatform
[2017.04.26-17.07.29:147][  0]LogTemp:Display: Loaded TP Android_ATCTargetPlatform
[2017.04.26-17.07.29:215][  0]LogTemp:Display: Loaded TP Android_DXTTargetPlatform
[2017.04.26-17.07.29:284][  0]LogTemp:Display: Loaded TP Android_ETC1TargetPlatform
[2017.04.26-17.07.29:352][  0]LogTemp:Display: Loaded TP Android_ETC2TargetPlatform
[2017.04.26-17.07.29:487][  0]LogTemp:Display: Loaded TP Android_MultiTargetPlatform
[2017.04.26-17.07.29:487][  0]LogTemp:Display: Loaded TP Android_PVRTCTargetPlatform
[2017.04.26-17.07.29:534][  0]LogTemp:Display: Loaded TP HTML5TargetPlatform
[2017.04.26-17.07.29:679][  0]LogTemp:Display: Loaded TP IOSTargetPlatform
[2017.04.26-17.07.29:725][  0]LogTemp:Display: Loaded TP TVOSTargetPlatform
[2017.04.26-17.07.29:794][  0]LogTemp:Display: Loaded TP LinuxClientTargetPlatform
[2017.04.26-17.07.29:861][  0]LogTemp:Display: Loaded TP LinuxNoEditorTargetPlatform
[2017.04.26-17.07.29:929][  0]LogTemp:Display: Loaded TP LinuxServerTargetPlatform
[2017.04.26-17.07.30:006][  0]LogTemp:Display: Loaded TP LinuxTargetPlatform
[2017.04.26-17.07.30:006][  0]LogTargetPlatformManager:Display: Building Assets For Windows
[2017.04.26-17.07.30:858][  0]LogDerivedDataCache:Display: Max Cache Size: 512 MB
[2017.04.26-17.07.31:195][  0]LogDerivedDataCache: Loaded boot cache 0.34s 50MB C:/Users/julio/AppData/Local/UnrealEngine/4.15/DerivedDataCache/Boot.ddc.
[2017.04.26-17.07.31:195][  0]LogDerivedDataCache:Display: Loaded Boot cache: C:/Users/julio/AppData/Local/UnrealEngine/4.15/DerivedDataCache/Boot.ddc
[2017.04.26-17.07.31:195][  0]LogDerivedDataCache: FDerivedDataBackendGraph:  Pak pak cache file ../../../../../4ºcurso/Repositorios/LastBulletVR/LastBullet/DerivedDataCache/DDC.ddp not found, will not use a pak cache.
[2017.04.26-17.07.31:195][  0]LogDerivedDataCache: Unable to find inner node Pak for hierarchical cache Hierarchy.
[2017.04.26-17.07.31:195][  0]LogDerivedDataCache: FDerivedDataBackendGraph:  CompressedPak pak cache file ../../../../../4ºcurso/Repositorios/LastBulletVR/LastBullet/DerivedDataCache/Compressed.ddp not found, will not use a pak cache.
[2017.04.26-17.07.31:195][  0]LogDerivedDataCache: Unable to find inner node CompressedPak for hierarchical cache Hierarchy.
[2017.04.26-17.07.31:260][  0]LogDerivedDataCache:Display: Pak cache opened for reading ../../../Engine/DerivedDataCache/Compressed.ddp.
[2017.04.26-17.07.31:273][  0]LogDerivedDataCache: Using Local data cache path C:/Users/julio/AppData/Local/UnrealEngine/Common/DerivedDataCache: Writable
[2017.04.26-17.07.31:287][  0]LogSlate: Using Freetype 2.6.0
[2017.04.26-17.07.31:362][  0]LogSlate: SlateFontCache - WITH_FREETYPE: 1, WITH_HARFBUZZ: 1
[2017.04.26-17.07.31:362][  0]LogSlate: SlateFontCache - WITH_FREETYPE: 1, WITH_HARFBUZZ: 1
[2017.04.26-17.07.35:239][  0]LogInit: Selected Device Profile: [Windows]
[2017.04.26-17.07.35:242][  0]LogContentStreaming: Texture pool size is 0.00 MB
[2017.04.26-17.07.35:491][  0]LogMeshUtilities: Using QuadricMeshReduction for automatic static mesh reduction
[2017.04.26-17.07.35:564][  0]LogSimplygon: Simplygon DLL not present - disabling.
[2017.04.26-17.07.35:619][  0]LogMeshUtilities: Using SimplygonSwarm for distributed automatic mesh merging
[2017.04.26-17.07.35:619][  0]LogMeshUtilities: No automatic skeletal mesh reduction module available
[2017.04.26-17.07.35:619][  0]LogMeshUtilities: No automatic mesh merging module available
[2017.04.26-17.07.36:528][  0]LogNetVersion: GetLocalNetworkVersion: CL: 3299760, ProjectName: lastbullet, ProjectVersion: , EngineNetworkVersion: 2, GameNetworkVersion: 0, NetworkChecksum: 1522868599
[2017.04.26-17.07.36:612][  0]LogAssetRegistry: FAssetRegistry took 0.0217 seconds to start up
[2017.04.26-17.07.36:655][  0]LogPackageLocalizationCache: Processed 3 localized package path(s) for 1 prioritized culture(s) in 0.016037 seconds
[2017.04.26-17.07.36:662][  0]LogUObjectArray: 32493 objects as part of root set at end of initial load.
[2017.04.26-17.07.36:662][  0]LogUObjectAllocator: 7077032 out of 0 bytes used by permanent object pool.
[2017.04.26-17.07.36:662][  0]LogUObjectArray: CloseDisregardForGC: 0/0 objects in disregard for GC pool
[2017.04.26-17.07.36:738][  0]LogInit: WinSock: version 1.1 (2.2), MaxSocks=32767, MaxUdp=65467
[2017.04.26-17.07.52:548][  0]LogTcpMessaging: Initializing TcpMessaging bridge
[2017.04.26-17.07.52:621][  0]LogUdpMessaging: Initializing bridge on interface 0.0.0.0:0 to multicast group 230.0.0.1:6666.
[2017.04.26-17.07.53:321][  0]LogMaterial: Uniform references updated for custom material expression Custom.
[2017.04.26-17.07.53:872][  0]SourceControl: Info Source control is disabled
[2017.04.26-17.07.57:450][  0]LogEngine: Initializing Engine...
[2017.04.26-17.07.57:451][  0]LogHMD: Failed to initialize OpenVR with code 110
[2017.04.26-17.07.57:823][  0]LogAIModule: Creating AISystem for world Untitled
[2017.04.26-17.07.57:846][  0]LogInit: XAudio2 using '1 - BenQ GL2250H (AMD High Definition Audio Device)' : 2 channels at 48 kHz using 16 bits per sample (channel mask 0x3)
[2017.04.26-17.07.57:862][  0]LogInit: FAudioDevice initialized.
[2017.04.26-17.07.57:910][  0]LogDerivedDataCache: Saved boot cache 0.05s 50MB C:/Users/julio/AppData/Local/UnrealEngine/4.15/DerivedDataCache/Boot.ddc.
[2017.04.26-17.07.57:920][  0]LogInit: Texture streaming: Enabled
[2017.04.26-17.07.58:091][  0]LogEngineSessionManager: EngineSessionManager initialized
[2017.04.26-17.07.58:267][  0]LogInit: Transaction tracking system initialized
[2017.04.26-17.07.58:861][  0]BlueprintLog: New page: Editor Load
[2017.04.26-17.08.00:891][  0]LocalizationService: Info Localization service is disabled
[2017.04.26-17.08.02:377][  0]LogConsoleResponse:Display: 
[2017.04.26-17.08.03:294][  0]LogCook:Display: Max memory allowance for cook 16384mb min free memory 0mb
[2017.04.26-17.08.03:294][  0]LogCook:Display: Mobile HDR setting 1
[2017.04.26-17.08.03:379][  0]LogFileCache: Scanning file cache for directory 'D:/4ºcurso/Repositorios/LastBulletVR/LastBullet/Content/' took 0.02s
[2017.04.26-17.08.06:122][  0]Cmd: MAP LOAD FILE="../../../../../4ºcurso/Repositorios/LastBulletVR/LastBullet/Content/StarterContent/Maps/Minimal_Default.umap" TEMPLATE=0 SHOWPROGRESS=1 FEATURELEVEL=3
[2017.04.26-17.08.06:123][  0]LightingResults: New page: Lighting Build
[2017.04.26-17.08.06:171][  0]MapCheck: New page: Map Check
[2017.04.26-17.08.06:171][  0]LightingResults: New page: Lighting Build
[2017.04.26-17.08.06:472][  0]LogBlueprint:Warning: [Compiler FirstPersonCharacter] Warning InputAction Event references unknown Action 'ResetVR' for  InputAction ResetVR
[2017.04.26-17.08.06:483][  0]LogBlueprint:Warning: [Compiler FirstPersonCharacter] Warning [0048.92] Compile of FirstPersonCharacter successful, but with 1 Warning(s) [in 18 ms] (/Game/FirstPersonBP/Blueprints/FirstPersonCharacter.FirstPersonCharacter)
[2017.04.26-17.08.06:483][  0]LogBlueprint:Warning: [Compiler FirstPersonCharacter] Warning [0048.93] Compile of FirstPersonCharacter successful, but with 2 Warning(s) [in 0 ms] (/Game/FirstPersonBP/Blueprints/FirstPersonCharacter.FirstPersonCharacter)
[2017.04.26-17.08.06:483][  0]LogBlueprint:Warning: [Compiler FirstPersonCharacter] Warning [0048.93] Compile of FirstPersonCharacter successful, but with 3 Warning(s) [in 0 ms] (/Game/FirstPersonBP/Blueprints/FirstPersonCharacter.FirstPersonCharacter)
[2017.04.26-17.08.06:498][  0]LogBlueprint:Warning: [Compiler FirstPersonCharacter] Warning InputAction Event references unknown Action 'ResetVR' for  InputAction ResetVR
[2017.04.26-17.08.06:509][  0]LogBlueprint:Warning: [Compiler FirstPersonCharacter] Warning [0048.95] Compile of FirstPersonCharacter successful, but with 1 Warning(s) [in 18 ms] (/Game/FirstPersonBP/Blueprints/FirstPersonCharacter.FirstPersonCharacter)
[2017.04.26-17.08.06:509][  0]LogBlueprint:Warning: [Compiler FirstPersonCharacter] Warning [0048.95] Compile of FirstPersonCharacter successful, but with 2 Warning(s) [in 0 ms] (/Game/FirstPersonBP/Blueprints/FirstPersonCharacter.FirstPersonCharacter)
[2017.04.26-17.08.06:509][  0]LogBlueprint:Warning: [Compiler FirstPersonCharacter] Warning [0048.95] Compile of FirstPersonCharacter successful, but with 3 Warning(s) [in 0 ms] (/Game/FirstPersonBP/Blueprints/FirstPersonCharacter.FirstPersonCharacter)
[2017.04.26-17.08.06:553][  0]LogLinker:Warning: Asset '../../../../../4ºcurso/Repositorios/LastBulletVR/LastBullet/Content/Blueprints/modul_transporttransport_16_Blueprint.uasset' has been saved with empty engine version. The asset will be loaded but may be incompatible.
[2017.04.26-17.08.06:584][  0]LogBlueprint:Warning: Node '/Game/Blueprints/modul_transporttransport_16_Blueprint.modul_transporttransport_16_Blueprint:EdGraph_0.K2Node_FunctionEntry_359' missing NodeGuid because of upgrade from old package version, this can cause deterministic cooking issues please resave package.
[2017.04.26-17.08.06:587][  0]LogBlueprint:Warning: Node '/Game/Blueprints/modul_transporttransport_16_Blueprint.modul_transporttransport_16_Blueprint:EdGraph_1.K2Node_FunctionEntry_359' missing NodeGuid because of upgrade from old package version, this can cause deterministic cooking issues please resave package.
[2017.04.26-17.08.06:591][  0]LogBlueprint:Warning: Node '/Game/Blueprints/modul_transporttransport_16_Blueprint.modul_transporttransport_16_Blueprint:EdGraph_2.K2Node_FunctionEntry_359' missing NodeGuid because of upgrade from old package version, this can cause deterministic cooking issues please resave package.
[2017.04.26-17.08.06:738][  0]LogLinker:Warning: Asset '../../../../../4ºcurso/Repositorios/LastBulletVR/LastBullet/Content/Meshes/Space/StarMap_Nebula_1_Mat.uasset' has been saved with empty engine version. The asset will be loaded but may be incompatible.
[2017.04.26-17.08.06:739][  0]LogLinker:Warning: Asset '../../../../../4ºcurso/Repositorios/LastBulletVR/LastBullet/Content/Meshes/Space/StarMap_Nebula_1.uasset' has been saved with empty engine version. The asset will be loaded but may be incompatible.
[2017.04.26-17.08.06:748][  0]LogLinker:Warning: Asset '../../../../../4ºcurso/Repositorios/LastBulletVR/LastBullet/Content/Meshes/Space/FX_Map_7.uasset' has been saved with empty engine version. The asset will be loaded but may be incompatible.
[2017.04.26-17.08.06:748][  0]LogLinker:Warning: Asset '../../../../../4ºcurso/Repositorios/LastBulletVR/LastBullet/Content/Meshes/Space/StarMap_1.uasset' has been saved with empty engine version. The asset will be loaded but may be incompatible.
[2017.04.26-17.08.07:304][  0]LogBlueprint:Warning: Node '/Game/Blueprints/modul_transporttransport_16_Blueprint.modul_transporttransport_16_Blueprint:UserConstructionScript.K2Node_FunctionEntry_359' missing NodeGuid because of upgrade from old package version, this can cause deterministic cooking issues please resave package.
[2017.04.26-17.08.08:047][  0]LogAIModule: Creating AISystem for world Minimal_Default
[2017.04.26-17.08.08:119][  0]LogEditorServer: Finished looking for orphan Actors (0.000 secs)
[2017.04.26-17.08.08:120][  0]Cmd: MAP CHECKDEP NOCLEARLOG
[2017.04.26-17.08.08:207][  0]MapCheck: Info Map check complete: 0 Error(s), 0 Warning(s), took 87.726ms to complete.
[2017.04.26-17.08.08:208][  0]LogFileHelpers: Loading map 'Minimal_Default' took 2.085
[2017.04.26-17.08.08:659][  0]LogCollectionManager: Loaded 0 collections in 0.001840 seconds
[2017.04.26-17.08.08:761][  0]LogFileCache: Scanning file cache for directory 'D:/4ºcurso/Repositorios/LastBulletVR/LastBullet/Saved/Collections/' took 0.01s
[2017.04.26-17.08.08:761][  0]LogFileCache: Scanning file cache for directory 'D:/4ºcurso/Repositorios/LastBulletVR/LastBullet/Content/Developers/julio/Collections/' took 0.01s
[2017.04.26-17.08.08:761][  0]LogFileCache: Scanning file cache for directory 'D:/4ºcurso/Repositorios/LastBulletVR/LastBullet/Content/Collections/' took 0.01s
[2017.04.26-17.08.08:761][  0]LogCollectionManager: Rebuilt the GUID cache for 0 collections in 0.000005 seconds
[2017.04.26-17.08.08:777][  0]LogContentBrowser: Native class hierarchy populated in 0.0161 seconds. Added 2245 classes and 453 folders.
[2017.04.26-17.08.08:781][  0]LogStats: UGameplayTagsManager::ConstructGameplayTagTree: Construct from data asset -  0.000 s
[2017.04.26-17.08.08:781][  0]LogStats: UGameplayTagsManager::ConstructGameplayTagTree: GameplayTagTreeChangedEvent.Broadcast -  0.000 s
[2017.04.26-17.08.08:873][  0]LogContentBrowser: Native class hierarchy updated for 'WidgetCarousel' in 0.0008 seconds. Added 0 classes and 0 folders.
[2017.04.26-17.08.09:755][  0]LogContentBrowser: Native class hierarchy updated for 'AddContentDialog' in 0.0007 seconds. Added 0 classes and 0 folders.
[2017.04.26-17.08.09:836][  0]LogContentBrowser: Native class hierarchy updated for 'SceneOutliner' in 0.0006 seconds. Added 1 classes and 2 folders.
[2017.04.26-17.08.10:049][  0]LogCrashTracker: Crashtracker disabled due to settings.
[2017.04.26-17.08.10:056][  0]LogUObjectGlobals:Warning: Failed to find object 'Class None.'
[2017.04.26-17.08.10:160][  0]LogContentBrowser: Native class hierarchy updated for 'HierarchicalLODOutliner' in 0.0007 seconds. Added 1 classes and 2 folders.
[2017.04.26-17.08.10:160][  0]LogLoad: (Engine Initialization) Total time: 52.60 seconds
[2017.04.26-17.08.10:160][  0]LogLoad: (Engine Initialization) Total Blueprint compile time: 0.36 seconds
[2017.04.26-17.08.10:160][  0]LogExternalProfiler: Found external profiler: VSPerf
[2017.04.26-17.08.10:161][  0]LogExternalProfiler: Using external profiler: VSPerf
[2017.04.26-17.08.10:500][  0]LogOcInput: OculusInput pre-init called
[2017.04.26-17.08.10:539][  0]SourceControl: Info On branch FirstGameplayTry
[2017.04.26-17.08.10:539][  0]SourceControl: Info Your branch is up-to-date with 'origin/FirstGameplayTry'.
[2017.04.26-17.08.10:539][  0]SourceControl: Info You have unmerged paths.
[2017.04.26-17.08.10:539][  0]SourceControl: Info   (fix conflicts and run "git commit")
[2017.04.26-17.08.10:539][  0]SourceControl: Info   (use "git merge --abort" to abort the merge)
[2017.04.26-17.08.10:539][  0]SourceControl: Info Changes to be committed:
[2017.04.26-17.08.10:539][  0]SourceControl: Info 	new file:   LastBullet/Content/FirstPersonBP/Maps/3d_Menu.uasset
[2017.04.26-17.08.10:539][  0]SourceControl: Info 	modified:   LastBullet/Content/FirstPersonBP/Maps/HUD.uasset
[2017.04.26-17.08.10:539][  0]SourceControl: Info 	new file:   LastBullet/Content/FirstPersonBP/Maps/MAinMenuVR.uasset
[2017.04.26-17.08.10:539][  0]SourceControl: Info 	modified:   LastBullet/Content/FirstPersonBP/Maps/MainMenu.uasset
[2017.04.26-17.08.10:539][  0]SourceControl: Info 	modified:   LastBullet/Content/FirstPersonBP/Maps/Pepelu.umap
[2017.04.26-17.08.10:539][  0]SourceControl: Info 	new file:   LastBullet/Content/FirstPersonBP/Maps/Pepelu_2.uasset
[2017.04.26-17.08.10:539][  0]SourceControl: Info 	new file:   LastBullet/Content/FirstPersonBP/Maps/cajaIzq.uasset
[2017.04.26-17.08.10:539][  0]SourceControl: Info 	new file:   LastBullet/Content/FirstPersonBP/Maps/crossHealth.uasset
[2017.04.26-17.08.10:539][  0]SourceControl: Info 	new file:   LastBullet/Saved/Autosaves/Game/FirstPersonBP/Maps/3d_Menu_Auto2.uasset
[2017.04.26-17.08.10:539][  0]SourceControl: Info 	new file:   LastBullet/Saved/Autosaves/Game/FirstPersonBP/Maps/3d_Menu_Auto4.uasset
[2017.04.26-17.08.10:539][  0]SourceControl: Info 	modified:   LastBullet/Saved/Autosaves/Game/FirstPersonBP/Maps/HUD_Auto1.uasset
[2017.04.26-17.08.10:539][  0]SourceControl: Info 	new file:   LastBullet/Saved/Autosaves/Game/FirstPersonBP/Maps/HUD_Auto2.uasset
[2017.04.26-17.08.10:539][  0]SourceControl: Info 	new file:   LastBullet/Saved/Autosaves/Game/FirstPersonBP/Maps/HUD_Auto3.uasset
[2017.04.26-17.08.10:539][  0]SourceControl: Info 	new file:   LastBullet/Saved/Autosaves/Game/FirstPersonBP/Maps/MAinMenuVR_Auto4.uasset
[2017.04.26-17.08.10:539][  0]SourceControl: Info 	modified:   LastBullet/Saved/Autosaves/Game/FirstPersonBP/Maps/MainMenu_Auto2.uasset
[2017.04.26-17.08.10:539][  0]SourceControl: Info 	modified:   LastBullet/Saved/Autosaves/Game/FirstPersonBP/Maps/MainMenu_Auto3.uasset
[2017.04.26-17.08.10:539][  0]SourceControl: Info 	modified:   LastBullet/Saved/Autosaves/Game/FirstPersonBP/Maps/Pepelu_Auto1.umap
[2017.04.26-17.08.10:539][  0]SourceControl: Info 	modified:   LastBullet/Saved/Autosaves/Game/FirstPersonBP/Maps/Pepelu_Auto2.umap
[2017.04.26-17.08.10:539][  0]SourceControl: Info 	modified:   LastBullet/Saved/Autosaves/Game/FirstPersonBP/Maps/Pepelu_Auto3.umap
[2017.04.26-17.08.10:539][  0]SourceControl: Info 	new file:   LastBullet/Saved/Backup/3d_Menu_2017-04-25-12-05-01.uasset
[2017.04.26-17.08.10:539][  0]SourceControl: Info 	new file:   LastBullet/Saved/Backup/3d_Menu_2017-04-25-12-34-18.uasset
[2017.04.26-17.08.10:539][  0]SourceControl: Info 	new file:   LastBullet/Saved/Backup/3d_Menu_2017-04-25-16-20-41.uasset
[2017.04.26-17.08.10:539][  0]SourceControl: Info 	new file:   LastBullet/Saved/Backup/3d_Menu_2017-04-25-16-29-14.uasset
[2017.04.26-17.08.10:539][  0]SourceControl: Info 	new file:   LastBullet/Saved/Backup/BeginLevel_2017-04-25-12-55-46.umap
[2017.04.26-17.08.10:539][  0]SourceControl: Info 	new file:   LastBullet/Saved/Backup/FirstPersonCharacter_2017-04-24-18-30-52.uasset
[2017.04.26-17.08.10:540][  0]SourceControl: Info 	new file:   LastBullet/Saved/Backup/FirstPersonCharacter_2017-04-25-12-42-32.uasset
[2017.04.26-17.08.10:540][  0]SourceControl: Info 	new file:   LastBullet/Saved/Backup/FirstPersonCharacter_2017-04-25-12-47-55.uasset
[2017.04.26-17.08.10:540][  0]SourceControl: Info 	new file:   LastBullet/Saved/Backup/FirstPersonCharacter_2017-04-25-12-55-19.uasset
[2017.04.26-17.08.10:540][  0]SourceControl: Info 	new file:   LastBullet/Saved/Backup/FirstPersonCharacter_2017-04-25-16-46-06.uasset
[2017.04.26-17.08.10:540][  0]SourceControl: Info 	new file:   LastBullet/Saved/Backup/FirstPersonCharacter_2017-04-25-16-51-13.uasset
[2017.04.26-17.08.10:540][  0]SourceControl: Info 	new file:   LastBullet/Saved/Backup/FirstPersonCharacter_2017-04-26-12-39-46.uasset
[2017.04.26-17.08.10:540][  0]SourceControl: Info 	new file:   LastBullet/Saved/Backup/FirstPersonCharacter_2017-04-26-16-24-31.uasset
[2017.04.26-17.08.10:540][  0]SourceControl: Info 	new file:   LastBullet/Saved/Backup/FirstPersonCharacter_2017-04-26-17-24-40.uasset
[2017.04.26-17.08.10:540][  0]SourceControl: Info 	new file:   LastBullet/Saved/Backup/FirstPersonCharacter_2017-04-26-17-30-34.uasset
[2017.04.26-17.08.10:540][  0]SourceControl: Info 	new file:   LastBullet/Saved/Backup/FirstPersonCharacter_2017-04-26-17-36-04.uasset
[2017.04.26-17.08.10:540][  0]SourceControl: Info 	new file:   LastBullet/Saved/Backup/FirstPersonCharacter_2017-04-26-18-41-44.uasset
[2017.04.26-17.08.10:540][  0]SourceControl: Info 	new file:   LastBullet/Saved/Backup/FirstPersonCharacter_2017-04-26-19-00-56.uasset
[2017.04.26-17.08.10:540][  0]SourceControl: Info 	copied:     LastBullet/Content/FirstPersonBP/Maps/HUD.uasset -> LastBullet/Saved/Backup/HUD_2017-04-24-18-46-44.uasset
[2017.04.26-17.08.10:540][  0]SourceControl: Info 	new file:   LastBullet/Saved/Backup/HUD_2017-04-24-19-54-33.uasset
[2017.04.26-17.08.10:540][  0]SourceControl: Info 	new file:   LastBullet/Saved/Backup/HUD_2017-04-26-12-38-40.uasset
[2017.04.26-17.08.10:540][  0]SourceControl: Info 	new file:   LastBullet/Saved/Backup/HUD_2017-04-26-16-19-36.uasset
[2017.04.26-17.08.10:540][  0]SourceControl: Info 	new file:   LastBullet/Saved/Backup/HUD_2017-04-26-16-35-10.uasset
[2017.04.26-17.08.10:540][  0]SourceControl: Info 	new file:   LastBullet/Saved/Backup/HUD_2017-04-26-16-40-34.uasset
[2017.04.26-17.08.10:540][  0]SourceControl: Info 	new file:   LastBullet/Saved/Backup/HUD_2017-04-26-16-47-59.uasset
[2017.04.26-17.08.10:540][  0]SourceControl: Info 	new file:   LastBullet/Saved/Backup/HUD_2017-04-26-16-54-36.uasset
[2017.04.26-17.08.10:540][  0]SourceControl: Info 	new file:   LastBullet/Saved/Backup/HUD_2017-04-26-17-05-17.uasset
[2017.04.26-17.08.10:540][  0]SourceControl: Info 	new file:   LastBullet/Saved/Backup/HUD_2017-04-26-17-10-34.uasset
[2017.04.26-17.08.10:540][  0]SourceControl: Info 	new file:   LastBullet/Saved/Backup/HUD_2017-04-26-17-26-31.uasset
[2017.04.26-17.08.10:540][  0]SourceControl: Info 	new file:   LastBullet/Saved/Backup/MAinMenuVR_2017-04-25-12-23-07.uasset
[2017.04.26-17.08.10:540][  0]SourceControl: Info 	new file:   LastBullet/Saved/Backup/MAinMenuVR_2017-04-25-12-40-48.uasset
[2017.04.26-17.08.10:540][  0]SourceControl: Info 	new file:   LastBullet/Saved/Backup/MAinMenuVR_2017-04-25-12-54-37.uasset
[2017.04.26-17.08.10:540][  0]SourceControl: Info 	new file:   LastBullet/Saved/Backup/MAinMenuVR_2017-04-25-16-20-41.uasset
[2017.04.26-17.08.10:540][  0]SourceControl: Info 	new file:   LastBullet/Saved/Backup/MAinMenuVR_2017-04-25-16-29-12.uasset
[2017.04.26-17.08.10:540][  0]SourceControl: Info 	new file:   LastBullet/Saved/Backup/MainMenu_2017-04-24-20-04-45.uasset
[2017.04.26-17.08.10:540][  0]SourceControl: Info 	new file:   LastBullet/Saved/Backup/MainMenu_2017-04-24-20-16-14.uasset
[2017.04.26-17.08.10:540][  0]SourceControl: Info 	new file:   LastBullet/Saved/Backup/Pepelu_2017-04-24-20-04-44.umap
[2017.04.26-17.08.10:540][  0]SourceControl: Info 	new file:   LastBullet/Saved/Backup/Pepelu_2017-04-24-20-16-14.umap
[2017.04.26-17.08.10:540][  0]SourceControl: Info 	new file:   LastBullet/Saved/Backup/Pepelu_2017-04-25-12-23-33.umap
[2017.04.26-17.08.10:540][  0]SourceControl: Info 	new file:   LastBullet/Saved/Backup/Pepelu_2017-04-25-12-47-54.umap
[2017.04.26-17.08.10:540][  0]SourceControl: Info 	new file:   LastBullet/Saved/Backup/Pepelu_2017-04-25-16-51-13.umap
[2017.04.26-17.08.10:540][  0]SourceControl: Info 	new file:   LastBullet/Saved/Backup/Pepelu_2017-04-25-17-40-52.umap
[2017.04.26-17.08.10:540][  0]SourceControl: Info 	new file:   LastBullet/Saved/Backup/Pepelu_2017-04-26-12-48-28.umap
[2017.04.26-17.08.10:540][  0]SourceControl: Info 	new file:   LastBullet/Saved/Backup/Pepelu_2017-04-26-16-35-10.umap
[2017.04.26-17.08.10:540][  0]SourceControl: Info 	new file:   LastBullet/Saved/Backup/Pepelu_2017-04-26-16-41-58.umap
[2017.04.26-17.08.10:540][  0]SourceControl: Info 	new file:   LastBullet/Saved/Backup/Pepelu_2017-04-26-17-26-58.umap
[2017.04.26-17.08.10:540][  0]SourceControl: Info 	new file:   LastBullet/Saved/Backup/Pepelu_2017-04-26-17-36-16.umap
[2017.04.26-17.08.10:540][  0]SourceControl: Info 	new file:   LastBullet/Saved/Backup/Pepelu_2017-04-26-18-42-14.umap
[2017.04.26-17.08.10:540][  0]SourceControl: Info 	new file:   LastBullet/Saved/Backup/Pepelu_2017-04-26-19-01-30.umap
[2017.04.26-17.08.10:540][  0]SourceControl: Info 	new file:   LastBullet/Saved/Config/WorldState/203982226.json
[2017.04.26-17.08.10:540][  0]SourceControl: Info 	new file:   LastBullet/Saved/Logs/LastBullet-backup-2017.04.24-18.13.32.log
[2017.04.26-17.08.10:540][  0]SourceControl: Info 	new file:   LastBullet/Saved/Logs/LastBullet-backup-2017.04.25-12.01.09.log
[2017.04.26-17.08.10:540][  0]SourceControl: Info 	new file:   LastBullet/Saved/Logs/LastBullet-backup-2017.04.25-16.35.24.log
[2017.04.26-17.08.10:540][  0]SourceControl: Info 	new file:   LastBullet/Saved/Logs/LastBullet-backup-2017.04.26-12.31.20.log
[2017.04.26-17.08.10:540][  0]SourceControl: Info 	new file:   LastBullet/Saved/Logs/LastBullet-backup-2017.04.26-16.16.04.log
[2017.04.26-17.08.10:540][  0]SourceControl: Info 	new file:   LastBullet/Saved/Logs/LastBullet-backup-2017.04.26-17.46.14.log
[2017.04.26-17.08.10:540][  0]SourceControl: Info 	new file:   LastBullet/Saved/Logs/LastBullet-backup-2017.04.26-18.47.15.log
[2017.04.26-17.08.10:540][  0]SourceControl: Info 	new file:   LastBullet/Saved/Logs/LastBullet_2.log
[2017.04.26-17.08.10:540][  0]SourceControl: Info 	renamed:    LastBullet/Saved/Logs/UE4CC-Windows-17AA86F64DA1CFD7CA821EA496B1B23D/CrashReportClient.ini -> LastBullet/Saved/Logs/UE4CC-Windows-11F535E24D0383D5F6DC30875E43561E/CrashReportClient.ini
[2017.04.26-17.08.10:540][  0]SourceControl: Info 	deleted:    LastBullet/Saved/Logs/UE4CC-Windows-1B2AC1D04825E0A61167CEA94C10FD6F_0000/LastBullet.log
[2017.04.26-17.08.10:541][  0]SourceControl: Info 	deleted:    LastBullet/Saved/Logs/UE4CC-Windows-1B2AC1D04825E0A61167CEA94C10FD6F_0000/UE4Minidump.dmp
[2017.04.26-17.08.10:541][  0]SourceControl: Info 	renamed:    LastBullet/Saved/Logs/UE4CC-Windows-1B2AC1D04825E0A61167CEA94C10FD6F/CrashReportClient.ini -> LastBullet/Saved/Logs/UE4CC-Windows-3168E32C4C09626B69F8839E67751F8E/CrashReportClient.ini
[2017.04.26-17.08.10:541][  0]SourceControl: Info 	renamed:    LastBullet/Saved/Logs/UE4CC-Windows-1B2AC1D04825E0A61167CEA94C10FD6F_0000/CrashReportClient.ini -> LastBullet/Saved/Logs/UE4CC-Windows-6BED961F4D583C4EA28A4E8A1A3A27B7/CrashReportClient.ini
[2017.04.26-17.08.10:541][  0]SourceControl: Info 	deleted:    LastBullet/Saved/Logs/UE4CC-Windows-6E0C8F814554303F0F02189E6F878CEB_0000/LastBullet.log
[2017.04.26-17.08.10:541][  0]SourceControl: Info 	deleted:    LastBullet/Saved/Logs/UE4CC-Windows-6E0C8F814554303F0F02189E6F878CEB_0000/UE4Minidump.dmp
[2017.04.26-17.08.10:541][  0]SourceControl: Info 	renamed:    LastBullet/Saved/Logs/UE4CC-Windows-20E5FC5A4E79F2E9D708EE939D28F14D/CrashReportClient.ini -> LastBullet/Saved/Logs/UE4CC-Windows-6E38A12446326605750C4C85DEC3261A/CrashReportClient.ini
[2017.04.26-17.08.10:541][  0]SourceControl: Info 	deleted:    LastBullet/Saved/Logs/UE4CC-Windows-788DC2CB45D174FFB847C686D843CE40_0000/CrashContext.runtime-xml
[2017.04.26-17.08.10:541][  0]SourceControl: Info 	deleted:    LastBullet/Saved/Logs/UE4CC-Windows-788DC2CB45D174FFB847C686D843CE40_0000/LastBullet.log
[2017.04.26-17.08.10:541][  0]SourceControl: Info 	deleted:    LastBullet/Saved/Logs/UE4CC-Windows-788DC2CB45D174FFB847C686D843CE40_0000/UE4Minidump.dmp
[2017.04.26-17.08.10:541][  0]SourceControl: Info 	deleted:    LastBullet/Saved/Logs/UE4CC-Windows-82A5393D4838EA627F7DDF851EDC6D99/CrashReportClient.ini
[2017.04.26-17.08.10:541][  0]SourceControl: Info 	deleted:    LastBullet/Saved/Logs/UE4CC-Windows-8D0AA7864DD199236C8DD99CDF011F71/CrashReportClient.ini
[2017.04.26-17.08.10:541][  0]SourceControl: Info 	deleted:    LastBullet/Saved/Logs/UE4CC-Windows-97C534B4474F355D932AB9A34B2D233C/CrashReportClient.ini
[2017.04.26-17.08.10:541][  0]SourceControl: Info 	deleted:    LastBullet/Saved/Logs/UE4CC-Windows-97C534B4474F355D932AB9A34B2D233C_0000/CrashContext.runtime-xml
[2017.04.26-17.08.10:541][  0]SourceControl: Info 	deleted:    LastBullet/Saved/Logs/UE4CC-Windows-97C534B4474F355D932AB9A34B2D233C_0000/CrashReportClient.ini
[2017.04.26-17.08.10:541][  0]SourceControl: Info 	deleted:    LastBullet/Saved/Logs/UE4CC-Windows-97C534B4474F355D932AB9A34B2D233C_0000/LastBullet.log
[2017.04.26-17.08.10:541][  0]SourceControl: Info 	deleted:    LastBullet/Saved/Logs/UE4CC-Windows-97C534B4474F355D932AB9A34B2D233C_0000/UE4Minidump.dmp
[2017.04.26-17.08.10:541][  0]SourceControl: Info 	deleted:    LastBullet/Saved/Logs/UE4CC-Windows-A875A439430655EF8C02BDBF075E0643/CrashReportClient.ini
[2017.04.26-17.08.10:541][  0]SourceControl: Info 	renamed:    LastBullet/Saved/Logs/UE4CC-Windows-519CB33A488720D76226D093BA143C68/CrashReportClient.ini -> LastBullet/Saved/Logs/UE4CC-Windows-C15011BB42045075975775A8279997A9/CrashReportClient.ini
[2017.04.26-17.08.10:541][  0]SourceControl: Info 	renamed:    LastBullet/Saved/Logs/UE4CC-Windows-60D1F6264A7244D80E2DC0BB1CCDE078/CrashReportClient.ini -> LastBullet/Saved/Logs/UE4CC-Windows-C2DB10AF4CCC56CA36CD029BC107D864/CrashReportClient.ini
[2017.04.26-17.08.10:541][  0]SourceControl: Info 	renamed:    LastBullet/Saved/Logs/UE4CC-Windows-6E0C8F814554303F0F02189E6F878CEB/CrashReportClient.ini -> LastBullet/Saved/Logs/UE4CC-Windows-C4F12EBA47AC05EE103A8E9506D68551/CrashReportClient.ini
[2017.04.26-17.08.10:541][  0]SourceControl: Info 	renamed:    LastBullet/Saved/Logs/UE4CC-Windows-6E0C8F814554303F0F02189E6F878CEB_0000/CrashContext.runtime-xml -> LastBullet/Saved/Logs/UE4CC-Windows-C4F12EBA47AC05EE103A8E9506D68551_0000/CrashContext.runtime-xml
[2017.04.26-17.08.10:541][  0]SourceControl: Info 	renamed:    LastBullet/Saved/Logs/UE4CC-Windows-6E0C8F814554303F0F02189E6F878CEB_0000/CrashReportClient.ini -> LastBullet/Saved/Logs/UE4CC-Windows-C4F12EBA47AC05EE103A8E9506D68551_0000/CrashReportClient.ini
[2017.04.26-17.08.10:541][  0]SourceControl: Info 	new file:   LastBullet/Saved/Logs/UE4CC-Windows-C4F12EBA47AC05EE103A8E9506D68551_0000/LastBullet.log
[2017.04.26-17.08.10:541][  0]SourceControl: Info 	new file:   LastBullet/Saved/Logs/UE4CC-Windows-C4F12EBA47AC05EE103A8E9506D68551_0000/UE4Minidump.dmp
[2017.04.26-17.08.10:541][  0]SourceControl: Info 	renamed:    LastBullet/Saved/Logs/UE4CC-Windows-1B2AC1D04825E0A61167CEA94C10FD6F_0000/CrashContext.runtime-xml -> LastBullet/Saved/Logs/UE4CC-Windows-C4F12EBA47AC05EE103A8E9506D68551_0001/CrashContext.runtime-xml
[2017.04.26-17.08.10:541][  0]SourceControl: Info 	renamed:    LastBullet/Saved/Logs/UE4CC-Windows-788DC2CB45D174FFB847C686D843CE40/CrashReportClient.ini -> LastBullet/Saved/Logs/UE4CC-Windows-C4F12EBA47AC05EE103A8E9506D68551_0001/CrashReportClient.ini
[2017.04.26-17.08.10:541][  0]SourceControl: Info 	new file:   LastBullet/Saved/Logs/UE4CC-Windows-C4F12EBA47AC05EE103A8E9506D68551_0001/LastBullet.log
[2017.04.26-17.08.10:541][  0]SourceControl: Info 	new file:   LastBullet/Saved/Logs/UE4CC-Windows-C4F12EBA47AC05EE103A8E9506D68551_0001/UE4Minidump.dmp
[2017.04.26-17.08.10:541][  0]SourceControl: Info 	renamed:    LastBullet/Saved/Logs/UE4CC-Windows-788DC2CB45D174FFB847C686D843CE40_0000/CrashReportClient.ini -> LastBullet/Saved/Logs/UE4CC-Windows-D9E622954E5865BD85EB1A8E1BE17D43/CrashReportClient.ini
[2017.04.26-17.08.10:541][  0]SourceControl: Info 	deleted:    LastBullet/Saved/Logs/UE4CC-Windows-DF04F833443B30A0A08CADA0D6479913/CrashReportClient.ini
[2017.04.26-17.08.10:541][  0]SourceControl: Info 	deleted:    LastBullet/Saved/Logs/UE4CC-Windows-E90445A74C2CB0420E153B86798FBC44/CrashReportClient.ini
[2017.04.26-17.08.10:541][  0]SourceControl: Info Unmerged paths:
[2017.04.26-17.08.10:541][  0]SourceControl: Info   (use "git add/rm <file>..." as appropriate to mark resolution)
[2017.04.26-17.08.10:541][  0]SourceControl: Info 	both modified:   LastBullet/Content/FirstPersonBP/Blueprints/FirstPersonCharacter.uasset
[2017.04.26-17.08.10:541][  0]SourceControl: Info 	added by them:   LastBullet/Content/FirstPersonBP/Maps/BeginLevel.umap
[2017.04.26-17.08.10:541][  0]SourceControl: Info 	added by us:     LastBullet/Content/Meshes/Weapons/RocketLauncher/Abajo.uasset
[2017.04.26-17.08.10:541][  0]SourceControl: Info 	both modified:   LastBullet/Intermediate/CachedAssetRegistry.bin
[2017.04.26-17.08.10:541][  0]SourceControl: Info 	both modified:   LastBullet/Saved/AutoScreenshot.png
[2017.04.26-17.08.10:541][  0]SourceControl: Info 	both modified:   LastBullet/Saved/Autosaves/Game/FirstPersonBP/Blueprints/FirstPersonCharacter_Auto1.uasset
[2017.04.26-17.08.10:541][  0]SourceControl: Info 	both modified:   LastBullet/Saved/Autosaves/Game/FirstPersonBP/Blueprints/FirstPersonCharacter_Auto3.uasset
[2017.04.26-17.08.10:541][  0]SourceControl: Info 	added by us:     LastBullet/Saved/Autosaves/Game/FirstPersonBP/Blueprints/FirstPersonGameMode_Auto6.uasset
[2017.04.26-17.08.10:541][  0]SourceControl: Info 	added by them:   LastBullet/Saved/Autosaves/Game/FirstPersonBP/Maps/BeginLevel_Auto4.umap
[2017.04.26-17.08.10:541][  0]SourceControl: Info 	added by us:     LastBullet/Saved/Autosaves/Game/FirstPersonBP/Maps/Julio_Auto1.umap
[2017.04.26-17.08.10:541][  0]SourceControl: Info 	added by them:   LastBullet/Saved/Backup/BeginLevel_2017-04-25-13-02-03.umap
[2017.04.26-17.08.10:541][  0]SourceControl: Info 	added by them:   LastBullet/Saved/Backup/BeginLevel_2017-04-25-16-20-41.umap
[2017.04.26-17.08.10:541][  0]SourceControl: Info 	added by us:     LastBullet/Saved/Backup/Julio_2017-04-24-17-51-04.umap
[2017.04.26-17.08.10:541][  0]SourceControl: Info 	added by us:     LastBullet/Saved/Backup/Julio_2017-04-24-18-01-14.umap
[2017.04.26-17.08.10:541][  0]SourceControl: Info 	added by us:     LastBullet/Saved/Backup/Julio_2017-04-24-18-12-20.umap
[2017.04.26-17.08.10:541][  0]SourceControl: Info 	added by us:     LastBullet/Saved/Backup/Julio_2017-04-24-18-22-49.umap
[2017.04.26-17.08.10:541][  0]SourceControl: Info 	added by us:     LastBullet/Saved/Backup/Julio_2017-04-24-19-32-24.umap
[2017.04.26-17.08.10:541][  0]SourceControl: Info 	added by us:     LastBullet/Saved/Backup/Julio_2017-04-25-11-53-41.umap
[2017.04.26-17.08.10:541][  0]SourceControl: Info 	added by us:     LastBullet/Saved/Backup/Julio_2017-04-25-12-04-04.umap
[2017.04.26-17.08.10:541][  0]SourceControl: Info 	added by us:     LastBullet/Saved/Backup/Julio_2017-04-25-12-18-56.umap
[2017.04.26-17.08.10:541][  0]SourceControl: Info 	added by them:   LastBullet/Saved/Backup/MainMenu_2017-04-24-19-59-25.uasset
[2017.04.26-17.08.10:542][  0]SourceControl: Info 	added by us:     LastBullet/Saved/Backup/Minimal_Default_BuiltData_2017-04-24-18-32-29.uasset
[2017.04.26-17.08.10:542][  0]SourceControl: Info 	added by us:     LastBullet/Saved/Backup/Minimal_Default_BuiltData_2017-04-24-18-51-49.uasset
[2017.04.26-17.08.10:542][  0]SourceControl: Info 	added by us:     LastBullet/Saved/Backup/Minimal_Default_BuiltData_2017-04-24-19-27-55.uasset
[2017.04.26-17.08.10:542][  0]SourceControl: Info 	both deleted:    LastBullet/Saved/Backup/Pepelu_2017-04-22-13-13-31.umap
[2017.04.26-17.08.10:542][  0]SourceControl: Info 	both deleted:    LastBullet/Saved/Backup/Pepelu_2017-04-22-13-18-49.umap
[2017.04.26-17.08.10:542][  0]SourceControl: Info 	both deleted:    LastBullet/Saved/Backup/Pepelu_2017-04-22-13-39-57.umap
[2017.04.26-17.08.10:542][  0]SourceControl: Info 	both deleted:    LastBullet/Saved/Backup/Pepelu_2017-04-22-13-50-29.umap
[2017.04.26-17.08.10:542][  0]SourceControl: Info 	both deleted:    LastBullet/Saved/Backup/Pepelu_2017-04-22-14-05-53.umap
[2017.04.26-17.08.10:542][  0]SourceControl: Info 	both deleted:    LastBullet/Saved/Backup/Pepelu_2017-04-22-14-17-42.umap
[2017.04.26-17.08.10:542][  0]SourceControl: Info 	both deleted:    LastBullet/Saved/Backup/Pepelu_2017-04-23-21-01-42.umap
[2017.04.26-17.08.10:542][  0]SourceControl: Info 	added by them:   LastBullet/Saved/Backup/Pepelu_2017-04-24-18-46-44.umap
[2017.04.26-17.08.10:542][  0]SourceControl: Info 	added by them:   LastBullet/Saved/Backup/Pepelu_2017-04-24-19-54-31.umap
[2017.04.26-17.08.10:542][  0]SourceControl: Info 	added by them:   LastBullet/Saved/Backup/Pepelu_2017-04-25-12-10-29.umap
[2017.04.26-17.08.10:542][  0]SourceControl: Info 	added by them:   LastBullet/Saved/Backup/Pepelu_2017-04-25-12-56-54.umap
[2017.04.26-17.08.10:542][  0]SourceControl: Info 	added by us:     LastBullet/Saved/Backup/SplineBP_2017-04-24-17-46-03.uasset
[2017.04.26-17.08.10:542][  0]SourceControl: Info 	both modified:   LastBullet/Saved/Config/Windows/Editor.ini
[2017.04.26-17.08.10:542][  0]SourceControl: Info 	both modified:   LastBullet/Saved/Config/Windows/EditorPerProjectUserSettings.ini
[2017.04.26-17.08.10:542][  0]SourceControl: Info 	added by us:     LastBullet/Saved/Diff/temp-14a71ca84be282cc8474bafd43b063b57c040205-FirstPersonGameMode.uasset
[2017.04.26-17.08.10:542][  0]SourceControl: Info 	both modified:   LastBullet/Saved/Logs/LastBullet.log
[2017.04.26-17.08.10:542][  0]SourceControl: Info Changes not staged for commit:
[2017.04.26-17.08.10:542][  0]SourceControl: Info   (use "git add/rm <file>..." to update what will be committed)
[2017.04.26-17.08.10:542][  0]SourceControl: Info   (use "git checkout -- <file>..." to discard changes in working directory)
[2017.04.26-17.08.10:542][  0]SourceControl: Info 	modified:   LastBullet/Saved/Config/Windows/Engine.ini
[2017.04.26-17.08.10:542][  0]SourceControl: Info 	deleted:    LastBullet/Saved/Logs/LastBullet-backup-2017.04.24-17.38.31.log
[2017.04.26-17.08.10:542][  0]SourceControl: Info 	deleted:    LastBullet/Saved/Logs/LastBullet-backup-2017.04.24-18.26.42.log
[2017.04.26-17.08.10:542][  0]SourceControl: Info 	deleted:    LastBullet/Saved/Logs/LastBullet-backup-2017.04.24-18.36.56.log
[2017.04.26-17.08.10:542][  0]SourceControl: Info 	deleted:    LastBullet/Saved/Logs/LastBullet-backup-2017.04.24-18.40.03.log
[2017.04.26-17.08.10:542][  0]SourceControl: Info 	deleted:    LastBullet/Saved/Logs/LastBullet-backup-2017.04.24-18.43.19.log
[2017.04.26-17.08.10:542][  0]SourceControl: Info 	deleted:    LastBullet/Saved/Logs/LastBullet-backup-2017.04.25-11.07.24.log
[2017.04.26-17.08.10:542][  0]SourceControl: Info 	deleted:    LastBullet/Saved/Logs/LastBullet-backup-2017.04.26-16.41.35.log
[2017.04.26-17.08.10:542][  0]SourceControl: Info 	deleted:    LastBullet/Saved/Logs/LastBullet-backup-2017.04.26-16.48.36.log
[2017.04.26-17.08.10:542][  0]SourceControl: Info 	deleted:    LastBullet/Saved/Logs/LastBullet-backup-2017.04.26-16.57.05.log
[2017.04.26-17.08.10:542][  0]SourceControl: Info Untracked files:
[2017.04.26-17.08.10:542][  0]SourceControl: Info   (use "git add <file>..." to include in what will be committed)
[2017.04.26-17.08.10:542][  0]SourceControl: Info 	LastBullet/Saved/Logs/LastBullet-backup-2017.04.26-19.07.20.log
[2017.04.26-17.08.10:542][  0]SourceControl: Info 	LastBullet/Saved/Logs/UE4CC-Windows-BD45F40F407C075209463CB4BEDAC1F5/
[2017.04.26-17.08.10:542][  0]LogContentStreaming: Texture pool size now 1000 MB
[2017.04.26-17.08.10:629][  0]LogSlate: Took 0.085499 seconds to synchronously load lazily loaded font '../../../Engine/Content/Slate/Fonts/Roboto-Regular.ttf' (155K)
[2017.04.26-17.08.10:711][  0]LogSlate: Took 0.076905 seconds to synchronously load lazily loaded font '../../../Engine/Content/Slate/Fonts/Roboto-Bold.ttf' (160K)
[2017.04.26-17.08.10:762][  0]LogSlate: Took 0.044301 seconds to synchronously load lazily loaded font '../../../Engine/Content/Editor/Slate/Fonts/FontAwesome.ttf' (139K)
[2017.04.26-17.08.11:037][  0]LogSlate: Took 0.016940 seconds to synchronously load lazily loaded font '../../../Engine/Content/Slate/Fonts/Roboto-Light.ttf' (159K)
[2017.04.26-17.08.11:090][  0]LogRenderer: Reallocating scene render targets to support 1264x632 NumSamples 1 (Frame:2).
[2017.04.26-17.08.11:222][  1]LogFileCache: Retrieving MD5 hashes for directory 'D:/4ºcurso/Repositorios/LastBulletVR/LastBullet/Content/' took 0.71s
[2017.04.26-17.08.11:890][  3]LogAssetRegistry: Asset discovery search completed in 35.2998 seconds
[2017.04.26-17.08.11:890][  3]LogCollectionManager: Rebuilt the object cache for 0 collections in 0.000007 seconds (found 0 objects)
[2017.04.26-17.08.11:890][  3]LogCollectionManager: Fixed up redirectors for 0 collections in 0.000025 seconds (updated 0 objects)
[2017.04.26-17.08.36:921][ 51]LogSourceControl: Writed 'D:/4ºcurso/Repositorios/LastBulletVR/LastBullet/Saved/Diff/temp-709d9fcf127a9036c92fc586df50323b4034439b-FirstPersonCharacter.uasset' (510810o)
[2017.04.26-17.08.37:059][ 51]LogTexture:Display: Building textures: cajaIzq (BGRA8, 328X107) - 511 MB total VRAM
[2017.04.26-17.08.37:152][ 51]LogTexture:Display: Building textures: crossHealth (BGRA8, 27X27) - 511 MB total VRAM
[2017.04.26-17.08.37:535][ 51]LogSlate: Took 0.013153 seconds to synchronously load lazily loaded font '../../../Engine/Content/Editor/Slate/Fonts/Roboto-BoldCondensed.ttf' (158K)
[2017.04.26-17.08.38:895][106]LogSlate: Took 0.000275 seconds to synchronously load lazily loaded font '../../../Engine/Content/Slate/Fonts/Roboto-Light.ttf' (159K)
[2017.04.26-17.08.39:392][106]LogSlate: Took 0.000244 seconds to synchronously load lazily loaded font '../../../Engine/Content/Slate/Fonts/Roboto-Regular.ttf' (155K)
[2017.04.26-17.08.39:516][106]LogContentBrowser: Native class hierarchy updated for 'BlueprintGraph' in 0.0013 seconds. Added 112 classes and 0 folders.
[2017.04.26-17.08.40:852][107]LogSlate: Took 0.008683 seconds to synchronously load lazily loaded font '../../../Engine/Content/Editor/Slate/Fonts/Roboto-Italic.ttf' (157K)
[2017.04.26-17.11.21:950][243]LogBlueprint:Warning: [FirstPersonCharacter] 'AmmoActual' variable not found. Base class was probably changed.
[2017.04.26-17.11.21:950][243]LogBlueprint:Warning: [FirstPersonCharacter] 'isReloading' variable not found. Base class was probably changed.
[2017.04.26-17.13.09:888][  9]LogBlueprint:Warning: [Compiler ] Warning Pasted node  CustomEvent   conflicted with  Event BeginPlay  and was replaced as a Custom Event!
[2017.04.26-17.13.09:953][  9]BlueprintEditorCompileResults:Warning: Warning Pasted node  CustomEvent   conflicted with  Event BeginPlay  and was replaced as a Custom Event!
[2017.04.26-17.13.09:961][  9]LogSlate: Took 0.000300 seconds to synchronously load lazily loaded font '../../../Engine/Content/Slate/Fonts/Roboto-Light.ttf' (159K)
[2017.04.26-17.15.09:013][311]BlueprintEditorCompileResults:Warning: Warning Pasted node  CustomEvent   conflicted with  Event BeginPlay  and was replaced as a Custom Event!
[2017.04.26-17.15.11:853][428]LogEditorTransaction: Undo Paste clipboard contents
[2017.04.26-17.15.13:173][476]BlueprintEditorCompileResults:Warning: Warning Pasted node  CustomEvent   conflicted with  Event BeginPlay  and was replaced as a Custom Event!
[2017.04.26-17.15.24:296][945]BlueprintEditorCompileResults:Warning: Warning Pasted node  CustomEvent   conflicted with  Event BeginPlay  and was replaced as a Custom Event!
[2017.04.26-17.15.52:027][ 54]LogSavePackage: Save=136.38ms
[2017.04.26-17.15.52:027][ 54]LogSavePackage: Moving '../../../../../4ºcurso/Repositorios/LastBulletVR/LastBullet/Saved/FirstPersonCharacterF48C26F944C82442642E508B3FD15235.tmp' to '../../../../../4ºcurso/Repositorios/LastBulletVR/LastBullet/Content/FirstPersonBP/Blueprints/FirstPersonCharacter.uasset'
[2017.04.26-17.15.52:031][ 54]LogSavePackage:Display: Finished SavePackage ../../../../../4ºcurso/Repositorios/LastBulletVR/LastBullet/Content/FirstPersonBP/Blueprints/FirstPersonCharacter.uasset
[2017.04.26-17.16.00:986][390]BlueprintEditorCompileResults:Warning: Warning Pasted node  CustomEvent   conflicted with  Event BeginPlay  and was replaced as a Custom Event!
[2017.04.26-17.17.10:637][890]LogSavePackage: Save=133.35ms
[2017.04.26-17.17.10:637][890]LogSavePackage: Moving '../../../../../4ºcurso/Repositorios/LastBulletVR/LastBullet/Saved/FirstPersonCharacter64181D044C32C6E5C0439687615C4242.tmp' to '../../../../../4ºcurso/Repositorios/LastBulletVR/LastBullet/Content/FirstPersonBP/Blueprints/FirstPersonCharacter.uasset'
[2017.04.26-17.17.10:641][890]LogSavePackage:Display: Finished SavePackage ../../../../../4ºcurso/Repositorios/LastBulletVR/LastBullet/Content/FirstPersonBP/Blueprints/FirstPersonCharacter.uasset
[2017.04.26-17.22.08:694][707]LogBlueprint:Warning: [FirstPersonCharacter] 'AmmoTotal' variable not found. Base class was probably changed.
[2017.04.26-17.22.08:695][707]LogBlueprint:Warning: [FirstPersonCharacter] 'AmmoTotal' variable not found. Base class was probably changed.
[2017.04.26-17.22.08:695][707]LogBlueprint:Warning: [FirstPersonCharacter] 'AmmoTotal' variable not found. Base class was probably changed.
[2017.04.26-17.22.08:695][707]LogBlueprint:Warning: [FirstPersonCharacter] 'AmmoTotal' variable not found. Base class was probably changed.
[2017.04.26-17.22.08:695][707]LogBlueprint:Warning: [FirstPersonCharacter] 'AmmoTotal' variable not found. Base class was probably changed.
[2017.04.26-17.22.08:695][707]LogBlueprint:Warning: [FirstPersonCharacter] 'AmmoActual' variable not found. Base class was probably changed.
[2017.04.26-17.22.08:695][707]LogBlueprint:Warning: [FirstPersonCharacter] 'AmmoActual' variable not found. Base class was probably changed.
[2017.04.26-17.22.08:695][707]LogBlueprint:Warning: [FirstPersonCharacter] 'AmmoActual' variable not found. Base class was probably changed.
[2017.04.26-17.22.08:695][707]LogBlueprint:Warning: [FirstPersonCharacter] 'AmmoActual' variable not found. Base class was probably changed.
[2017.04.26-17.22.08:695][707]LogBlueprint:Warning: [FirstPersonCharacter] 'AmmoActual' variable not found. Base class was probably changed.
[2017.04.26-17.22.08:695][707]LogBlueprint:Warning: [FirstPersonCharacter] 'AmmoTotal' variable not found. Base class was probably changed.
[2017.04.26-17.22.08:695][707]LogBlueprint:Warning: [FirstPersonCharacter] 'AmmoActual' variable not found. Base class was probably changed.
[2017.04.26-17.22.08:695][707]LogBlueprint:Warning: [FirstPersonCharacter] 'AmmoActual' variable not found. Base class was probably changed.
[2017.04.26-17.22.08:695][707]LogBlueprint:Warning: [FirstPersonCharacter] 'AmmoTotal' variable not found. Base class was probably changed.
[2017.04.26-17.22.08:695][707]LogBlueprint:Warning: [FirstPersonCharacter] 'AmmoTotal' variable not found. Base class was probably changed.
[2017.04.26-17.22.08:695][707]LogBlueprint:Warning: [FirstPersonCharacter] 'isReloading' variable not found. Base class was probably changed.
[2017.04.26-17.22.08:696][707]LogBlueprint:Warning: [FirstPersonCharacter] 'isReloading' variable not found. Base class was probably changed.
[2017.04.26-17.22.08:696][707]LogBlueprint:Warning: [FirstPersonCharacter] 'isReloading' variable not found. Base class was probably changed.
[2017.04.26-17.22.08:696][707]LogBlueprint:Warning: [FirstPersonCharacter] 'isReloading' variable not found. Base class was probably changed.
[2017.04.26-17.22.08:696][707]LogBlueprint:Warning: [FirstPersonCharacter] 'isReloading' variable not found. Base class was probably changed.
[2017.04.26-17.22.08:696][707]LogBlueprint:Warning: [FirstPersonCharacter] 'TamanyoCargador' variable not found. Base class was probably changed.
[2017.04.26-17.22.08:696][707]LogBlueprint:Warning: [FirstPersonCharacter] 'TamanyoCargador' variable not found. Base class was probably changed.
[2017.04.26-17.22.08:696][707]LogBlueprint:Warning: [FirstPersonCharacter] 'TamanyoCargador' variable not found. Base class was probably changed.
[2017.04.26-17.22.08:696][707]LogBlueprint:Warning: [FirstPersonCharacter] 'TamanyoCargador' variable not found. Base class was probably changed.
[2017.04.26-17.22.08:696][707]LogBlueprint:Warning: [FirstPersonCharacter] 'AmmoBar' variable not found. Base class was probably changed.
[2017.04.26-17.22.08:696][707]LogBlueprint:Warning: [FirstPersonCharacter] 'AmmoBar' variable not found. Base class was probably changed.
[2017.04.26-17.22.08:696][707]LogBlueprint:Warning: [FirstPersonCharacter] 'AmmoBar' variable not found. Base class was probably changed.
[2017.04.26-17.22.08:696][707]LogBlueprint:Warning: [FirstPersonCharacter] 'AmmoBar' variable not found. Base class was probably changed.
[2017.04.26-17.22.08:696][707]LogBlueprint:Warning: [FirstPersonCharacter] 'AmmoActual' variable not found. Base class was probably changed.
[2017.04.26-17.22.08:697][707]BlueprintEditorCompileResults:Warning: Warning Pasted node  CustomEvent   conflicted with  Event BeginPlay  and was replaced as a Custom Event!
[2017.04.26-17.23.20:596][641]LogBlueprint:Warning: [FirstPersonCharacter] 'AmmoTotal' variable not found. Base class was probably changed.
[2017.04.26-17.23.20:611][641]LogBlueprint:Warning: [FirstPersonCharacter] 'AmmoTotal' variable not found. Base class was probably changed.
[2017.04.26-17.23.20:611][641]LogBlueprint:Warning: [FirstPersonCharacter] 'AmmoTotal' variable not found. Base class was probably changed.
[2017.04.26-17.23.20:611][641]LogBlueprint:Warning: [FirstPersonCharacter] 'AmmoTotal' variable not found. Base class was probably changed.
[2017.04.26-17.23.20:612][641]LogBlueprint:Warning: [FirstPersonCharacter] 'AmmoTotal' variable not found. Base class was probably changed.
[2017.04.26-17.23.20:612][641]LogBlueprint:Warning: [FirstPersonCharacter] 'AmmoActual' variable not found. Base class was probably changed.
[2017.04.26-17.23.20:612][641]LogBlueprint:Warning: [FirstPersonCharacter] 'AmmoActual' variable not found. Base class was probably changed.
[2017.04.26-17.23.20:612][641]LogBlueprint:Warning: [FirstPersonCharacter] 'AmmoActual' variable not found. Base class was probably changed.
[2017.04.26-17.23.20:612][641]LogBlueprint:Warning: [FirstPersonCharacter] 'AmmoActual' variable not found. Base class was probably changed.
[2017.04.26-17.23.20:612][641]LogBlueprint:Warning: [FirstPersonCharacter] 'AmmoActual' variable not found. Base class was probably changed.
[2017.04.26-17.23.20:612][641]LogBlueprint:Warning: [FirstPersonCharacter] 'AmmoTotal' variable not found. Base class was probably changed.
[2017.04.26-17.23.20:612][641]LogBlueprint:Warning: [FirstPersonCharacter] 'AmmoActual' variable not found. Base class was probably changed.
[2017.04.26-17.23.20:612][641]LogBlueprint:Warning: [FirstPersonCharacter] 'AmmoActual' variable not found. Base class was probably changed.
[2017.04.26-17.23.20:612][641]LogBlueprint:Warning: [FirstPersonCharacter] 'AmmoTotal' variable not found. Base class was probably changed.
[2017.04.26-17.23.20:612][641]LogBlueprint:Warning: [FirstPersonCharacter] 'AmmoTotal' variable not found. Base class was probably changed.
[2017.04.26-17.23.20:612][641]LogBlueprint:Warning: [FirstPersonCharacter] 'isReloading' variable not found. Base class was probably changed.
[2017.04.26-17.23.20:612][641]LogBlueprint:Warning: [FirstPersonCharacter] 'isReloading' variable not found. Base class was probably changed.
[2017.04.26-17.23.20:612][641]LogBlueprint:Warning: [FirstPersonCharacter] 'isReloading' variable not found. Base class was probably changed.
[2017.04.26-17.23.20:612][641]LogBlueprint:Warning: [FirstPersonCharacter] 'isReloading' variable not found. Base class was probably changed.
[2017.04.26-17.23.20:612][641]LogBlueprint:Warning: [FirstPersonCharacter] 'isReloading' variable not found. Base class was probably changed.
[2017.04.26-17.23.20:612][641]LogBlueprint:Warning: [FirstPersonCharacter] 'TamanyoCargador' variable not found. Base class was probably changed.
[2017.04.26-17.23.20:612][641]LogBlueprint:Warning: [FirstPersonCharacter] 'TamanyoCargador' variable not found. Base class was probably changed.
[2017.04.26-17.23.20:612][641]LogBlueprint:Warning: [FirstPersonCharacter] 'TamanyoCargador' variable not found. Base class was probably changed.
[2017.04.26-17.23.20:612][641]LogBlueprint:Warning: [FirstPersonCharacter] 'TamanyoCargador' variable not found. Base class was probably changed.
[2017.04.26-17.23.20:612][641]LogBlueprint:Warning: [FirstPersonCharacter] 'AmmoBar' variable not found. Base class was probably changed.
[2017.04.26-17.23.20:612][641]LogBlueprint:Warning: [FirstPersonCharacter] 'AmmoBar' variable not found. Base class was probably changed.
[2017.04.26-17.23.20:612][641]LogBlueprint:Warning: [FirstPersonCharacter] 'AmmoBar' variable not found. Base class was probably changed.
[2017.04.26-17.23.20:613][641]LogBlueprint:Warning: [FirstPersonCharacter] 'AmmoBar' variable not found. Base class was probably changed.
[2017.04.26-17.23.20:613][641]LogBlueprint:Warning: [FirstPersonCharacter] 'AmmoActual' variable not found. Base class was probably changed.
[2017.04.26-17.23.20:613][641]BlueprintEditorCompileResults:Warning: Warning Pasted node  CustomEvent   conflicted with  Event BeginPlay  and was replaced as a Custom Event!
[2017.04.26-17.24.25:148][760]LogStats: FPlatformStackWalk::StackWalkAndDump -  0.532 s
[2017.04.26-17.24.25:148][760]LogOutputDevice:Error: === Handled ensure: ===
[2017.04.26-17.24.25:148][760]LogOutputDevice:Error: 
[2017.04.26-17.24.25:148][760]LogOutputDevice:Error: Ensure condition failed: Blueprint [File:D:\Build\++UE4+Release-4.15+Compile\Sync\Engine\Source\Editor\BlueprintGraph\Private\EdGraphSchema_K2.cpp] [Line: 2844]
[2017.04.26-17.24.25:148][760]LogOutputDevice:Error: 
[2017.04.26-17.24.25:148][760]LogOutputDevice:Error: Stack: 
[2017.04.26-17.24.25:148][760]LogOutputDevice:Error: UE4Editor-Core.dll!0x000000001C3F95E6
[2017.04.26-17.24.25:148][760]LogOutputDevice:Error: UE4Editor-Core.dll!0x000000001C1A9B82
[2017.04.26-17.24.25:148][760]LogOutputDevice:Error: UE4Editor-Core.dll!0x000000001C1BB666
[2017.04.26-17.24.25:148][760]LogOutputDevice:Error: UE4Editor-BlueprintGraph.dll!0x0000000016762F4A
[2017.04.26-17.24.25:148][760]LogOutputDevice:Error: UE4Editor-GraphEditor.dll!0x000000000DDA78F5
[2017.04.26-17.24.25:148][760]LogOutputDevice:Error: UE4Editor-GraphEditor.dll!0x000000000DD776BE
[2017.04.26-17.24.25:148][760]LogOutputDevice:Error: UE4Editor-SlateCore.dll!0x000000001B5B997A
[2017.04.26-17.24.25:148][760]LogOutputDevice:Error: UE4Editor-SlateCore.dll!0x000000001B608514
[2017.04.26-17.24.25:148][760]LogOutputDevice:Error: UE4Editor-SlateCore.dll!0x000000001B60854D
[2017.04.26-17.24.25:148][760]LogOutputDevice:Error: UE4Editor-SlateCore.dll!0x000000001B60854D
[2017.04.26-17.24.25:148][760]LogOutputDevice:Error: UE4Editor-SlateCore.dll!0x000000001B60854D
[2017.04.26-17.24.25:148][760]LogOutputDevice:Error: UE4Editor-SlateCore.dll!0x000000001B60854D
[2017.04.26-17.24.25:148][760]LogOutputDevice:Error: UE4Editor-SlateCore.dll!0x000000001B60854D
[2017.04.26-17.24.25:148][760]LogOutputDevice:Error: UE4Editor-SlateCore.dll!0x000000001B60854D
[2017.04.26-17.24.25:148][760]LogOutputDevice:Error: UE4Editor-SlateCore.dll!0x000000001B60854D
[2017.04.26-17.24.25:149][760]LogOutputDevice:Error: UE4Editor-SlateCore.dll!0x000000001B60854D
[2017.04.26-17.24.25:149][760]LogOutputDevice:Error: UE4Editor-SlateCore.dll!0x000000001B60854D
[2017.04.26-17.24.25:149][760]LogOutputDevice:Error: UE4Editor-SlateCore.dll!0x000000001B60854D
[2017.04.26-17.24.25:149][760]LogOutputDevice:Error: UE4Editor-SlateCore.dll!0x000000001B60854D
[2017.04.26-17.24.25:149][760]LogOutputDevice:Error: UE4Editor-SlateCore.dll!0x000000001B60854D
[2017.04.26-17.24.25:149][760]LogOutputDevice:Error: UE4Editor-SlateCore.dll!0x000000001B60854D
[2017.04.26-17.24.25:149][760]LogOutputDevice:Error: UE4Editor-SlateCore.dll!0x000000001B60854D
[2017.04.26-17.24.25:149][760]LogOutputDevice:Error: UE4Editor-SlateCore.dll!0x000000001B60854D
[2017.04.26-17.24.25:149][760]LogOutputDevice:Error: UE4Editor-SlateCore.dll!0x000000001B60854D
[2017.04.26-17.24.25:149][760]LogOutputDevice:Error: UE4Editor-SlateCore.dll!0x000000001B60854D
[2017.04.26-17.24.25:149][760]LogOutputDevice:Error: UE4Editor-SlateCore.dll!0x000000001B60854D
[2017.04.26-17.24.25:149][760]LogOutputDevice:Error: UE4Editor-SlateCore.dll!0x000000001B60854D
[2017.04.26-17.24.25:149][760]LogOutputDevice:Error: UE4Editor-SlateCore.dll!0x000000001B60854D
[2017.04.26-17.24.25:149][760]LogOutputDevice:Error: UE4Editor-SlateCore.dll!0x000000001B60854D
[2017.04.26-17.24.25:149][760]LogOutputDevice:Error: UE4Editor-SlateCore.dll!0x000000001B60854D
[2017.04.26-17.24.25:149][760]LogOutputDevice:Error: UE4Editor-SlateCore.dll!0x000000001B60854D
[2017.04.26-17.24.25:149][760]LogOutputDevice:Error: UE4Editor-SlateCore.dll!0x000000001B60854D
[2017.04.26-17.24.25:149][760]LogOutputDevice:Error: UE4Editor-SlateCore.dll!0x000000001B60854D
[2017.04.26-17.24.25:149][760]LogOutputDevice:Error: UE4Editor-SlateCore.dll!0x000000001B60854D
[2017.04.26-17.24.25:149][760]LogOutputDevice:Error: UE4Editor-SlateCore.dll!0x000000001B60854D
[2017.04.26-17.24.25:149][760]LogOutputDevice:Error: UE4Editor-SlateCore.dll!0x000000001B60854D
[2017.04.26-17.24.25:149][760]LogOutputDevice:Error: UE4Editor-SlateCore.dll!0x000000001B60854D
[2017.04.26-17.24.25:149][760]LogOutputDevice:Error: UE4Editor-SlateCore.dll!0x000000001B60854D
[2017.04.26-17.24.25:149][760]LogOutputDevice:Error: UE4Editor-SlateCore.dll!0x000000001B60854D
[2017.04.26-17.24.25:149][760]LogOutputDevice:Error: UE4Editor-SlateCore.dll!0x000000001B60854D
[2017.04.26-17.24.25:149][760]LogOutputDevice:Error: UE4Editor-SlateCore.dll!0x000000001B60854D
[2017.04.26-17.24.25:149][760]LogOutputDevice:Error: UE4Editor-SlateCore.dll!0x000000001B60854D
[2017.04.26-17.24.25:149][760]LogOutputDevice:Error: UE4Editor-SlateCore.dll!0x000000001B60854D
[2017.04.26-17.24.25:149][760]LogOutputDevice:Error: UE4Editor-SlateCore.dll!0x000000001B60854D
[2017.04.26-17.24.25:149][760]LogOutputDevice:Error: UE4Editor-Slate.dll!0x00000000183F9E98
[2017.04.26-17.24.25:149][760]LogOutputDevice:Error: UE4Editor-Slate.dll!0x00000000183C2DCF
[2017.04.26-17.24.25:149][760]LogOutputDevice:Error: UE4Editor-Slate.dll!0x00000000183FCB8F
[2017.04.26-17.24.25:149][760]LogOutputDevice:Error: UE4Editor-Slate.dll!0x00000000183C41C0
[2017.04.26-17.24.25:149][760]LogOutputDevice:Error: UE4Editor-Slate.dll!0x0000000018422674
[2017.04.26-17.24.25:149][760]LogOutputDevice:Error: UE4Editor-Slate.dll!0x00000000184215C0
[2017.04.26-17.24.25:149][760]LogOutputDevice:Error: UE4Editor.exe!0x0000000023ACEA1D
[2017.04.26-17.24.25:149][760]LogOutputDevice:Error: UE4Editor.exe!0x0000000023ABEB40
[2017.04.26-17.24.25:149][760]LogOutputDevice:Error: UE4Editor.exe!0x0000000023ABEBBA
[2017.04.26-17.24.25:149][760]LogOutputDevice:Error: UE4Editor.exe!0x0000000023AD0A29
[2017.04.26-17.24.25:149][760]LogOutputDevice:Error: UE4Editor.exe!0x0000000023AD22B6
[2017.04.26-17.24.25:149][760]LogOutputDevice:Error: KERNEL32.DLL!0x0000000043DC8364
[2017.04.26-17.24.25:149][760]LogOutputDevice:Error: ntdll.dll!0x00000000441770D1
[2017.04.26-17.24.25:149][760]LogOutputDevice:Error: 
[2017.04.26-17.24.25:158][760]LogStats:                SubmitErrorReport -  0.000 s
[2017.04.26-17.24.29:503][760]LogStats:                    SendNewReport -  4.345 s
[2017.04.26-17.24.29:503][760]LogStats:             FDebug::EnsureFailed -  4.886 s
[2017.04.26-17.24.29:508][760]LogBlueprint:Warning: FMemberReference::ResolveMember (AmmoTotal) bSelfContext == true, but no scope supplied!
[2017.04.26-17.24.29:508][760]LogBlueprint:Warning: FMemberReference::ResolveMember (AmmoActual) bSelfContext == true, but no scope supplied!
[2017.04.26-17.24.29:508][760]LogBlueprint:Warning: FMemberReference::ResolveMember (AmmoActual) bSelfContext == true, but no scope supplied!
[2017.04.26-17.24.29:508][760]LogBlueprint:Warning: FMemberReference::ResolveMember (AmmoTotal) bSelfContext == true, but no scope supplied!
[2017.04.26-17.24.29:508][760]LogBlueprint:Warning: FMemberReference::ResolveMember (isReloading) bSelfContext == true, but no scope supplied!
[2017.04.26-17.24.29:508][760]LogBlueprint:Warning: FMemberReference::ResolveMember (isReloading) bSelfContext == true, but no scope supplied!
[2017.04.26-17.24.29:509][760]LogBlueprint:Warning: FMemberReference::ResolveMember (isReloading) bSelfContext == true, but no scope supplied!
[2017.04.26-17.24.29:509][760]LogBlueprint:Warning: FMemberReference::ResolveMember (isReloading) bSelfContext == true, but no scope supplied!
[2017.04.26-17.24.29:509][760]LogBlueprint:Warning: FMemberReference::ResolveMember (isReloading) bSelfContext == true, but no scope supplied!
[2017.04.26-17.24.29:509][760]LogBlueprint:Warning: FMemberReference::ResolveMember (isReloading) bSelfContext == true, but no scope supplied!
[2017.04.26-17.24.29:509][760]LogBlueprint:Warning: FMemberReference::ResolveMember (isReloading) bSelfContext == true, but no scope supplied!
[2017.04.26-17.24.29:509][760]LogBlueprint:Warning: FMemberReference::ResolveMember (isReloading) bSelfContext == true, but no scope supplied!
[2017.04.26-17.24.29:518][760]LogWindows: Windows GetLastError: La operación se completó correctamente. (0)
[2017.04.26-17.24.30:345][760]LogCrashTracker: 


[2017.04.26-17.24.30:345][760]LogCrashTracker: 


[2017.04.26-17.24.30:345][760]LogWindows:Error: === Critical error: ===
[2017.04.26-17.24.30:345][760]LogWindows:Error: 
[2017.04.26-17.24.30:345][760]LogWindows:Error: Assertion failed: Result [File:D:\Build\++UE4+Release-4.15+Compile\Sync\Engine\Source\Editor\UnrealEd\Private\Kismet2\BlueprintEditorUtils.cpp] [Line: 2223] 
[2017.04.26-17.24.30:345][760]LogWindows:Error: 
[2017.04.26-17.24.30:345][760]LogWindows:Error: 
[2017.04.26-17.24.30:345][760]LogWindows:Error: 
[2017.04.26-17.24.30:346][760]LogWindows:Error: KERNELBASE.dll!0x0000000041103C58
[2017.04.26-17.24.30:346][760]LogWindows:Error: UE4Editor-Core.dll!0x000000001C3F64EE
[2017.04.26-17.24.30:346][760]LogWindows:Error: UE4Editor-Core.dll!0x000000001C21CEEE
[2017.04.26-17.24.30:346][760]LogWindows:Error: UE4Editor-Core.dll!0x000000001C1A2729
[2017.04.26-17.24.30:346][760]LogWindows:Error: UE4Editor-UnrealEd.dll!0x000000000C9F405F
[2017.04.26-17.24.30:346][760]LogWindows:Error: UE4Editor-GraphEditor.dll!0x000000000DD294F1
[2017.04.26-17.24.30:346][760]LogWindows:Error: UE4Editor-GraphEditor.dll!0x000000000DD27C0F
[2017.04.26-17.24.30:346][760]LogWindows:Error: UE4Editor-GraphEditor.dll!0x000000000DD6B66E
[2017.04.26-17.24.30:346][760]LogWindows:Error: UE4Editor-GraphEditor.dll!0x000000000DE08585
[2017.04.26-17.24.30:346][760]LogWindows:Error: UE4Editor-SlateCore.dll!0x000000001B5E8C55
[2017.04.26-17.24.30:346][760]LogWindows:Error: UE4Editor-SlateCore.dll!0x000000001B5E7ABE
[2017.04.26-17.24.30:346][760]LogWindows:Error: UE4Editor-SlateCore.dll!0x000000001B5E8C55
[2017.04.26-17.24.30:346][760]LogWindows:Error: UE4Editor-SlateCore.dll!0x000000001B5E778E
[2017.04.26-17.24.30:346][760]LogWindows:Error: UE4Editor-SlateCore.dll!0x000000001B5E8C55
[2017.04.26-17.24.30:346][760]LogWindows:Error: UE4Editor-Slate.dll!0x000000001857D1AA
[2017.04.26-17.24.30:346][760]LogWindows:Error: UE4Editor-SlateCore.dll!0x000000001B5E8C55
[2017.04.26-17.24.30:346][760]LogWindows:Error: UE4Editor-SlateCore.dll!0x000000001B5E778E
[2017.04.26-17.24.30:346][760]LogWindows:Error: UE4Editor-SlateCore.dll!0x000000001B5E8C55
[2017.04.26-17.24.30:346][760]LogWindows:Error: UE4Editor-Slate.dll!0x000000001857D1AA
[2017.04.26-17.24.30:346][760]LogWindows:Error: UE4Editor-SlateCore.dll!0x000000001B5E8C55
[2017.04.26-17.24.30:346][760]LogWindows:Error: UE4Editor-SlateCore.dll!0x000000001B5E9060
[2017.04.26-17.24.30:346][760]LogWindows:Error: UE4Editor-Slate.dll!0x00000000185F91BD
[2017.04.26-17.24.30:346][760]LogWindows:Error: UE4Editor-SlateCore.dll!0x000000001B5E8C55
[2017.04.26-17.24.30:346][760]LogWindows:Error: UE4Editor-SlateCore.dll!0x000000001B5E778E
[2017.04.26-17.24.30:346][760]LogWindows:Error: UE4Editor-Slate.dll!0x000000001857CECC
[2017.04.26-17.24.30:346][760]LogWindows:Error: UE4Editor-SlateCore.dll!0x000000001B5E8C55
[2017.04.26-17.24.30:346][760]LogWindows:Error: UE4Editor-SlateCore.dll!0x000000001B5E7ABE
[2017.04.26-17.24.30:346][760]LogWindows:Error: UE4Editor-SlateCore.dll!0x000000001B5E8C55
[2017.04.26-17.24.30:346][760]LogWindows:Error: UE4Editor-SlateCore.dll!0x000000001B5E9060
[2017.04.26-17.24.30:346][760]LogWindows:Error: UE4Editor-SlateCore.dll!0x000000001B5E7C08
[2017.04.26-17.24.30:346][760]LogWindows:Error: UE4Editor-SlateCore.dll!0x000000001B5E8C55
[2017.04.26-17.24.30:346][760]LogWindows:Error: UE4Editor-SlateCore.dll!0x000000001B5E778E
[2017.04.26-17.24.30:346][760]LogWindows:Error: UE4Editor-SlateCore.dll!0x000000001B5E8C55
[2017.04.26-17.24.30:346][760]LogWindows:Error: UE4Editor-SlateCore.dll!0x000000001B5E9060
[2017.04.26-17.24.30:346][760]LogWindows:Error: UE4Editor-Slate.dll!0x00000000185F91BD
[2017.04.26-17.24.30:346][760]LogWindows:Error: UE4Editor-SlateCore.dll!0x000000001B5E8C55
[2017.04.26-17.24.30:346][760]LogWindows:Error: UE4Editor-SlateCore.dll!0x000000001B5E7ABE
[2017.04.26-17.24.30:346][760]LogWindows:Error: UE4Editor-SlateCore.dll!0x000000001B5E8C55
[2017.04.26-17.24.30:346][760]LogWindows:Error: UE4Editor-SlateCore.dll!0x000000001B5E778E
[2017.04.26-17.24.30:346][760]LogWindows:Error: UE4Editor-SlateCore.dll!0x000000001B5E8C55
[2017.04.26-17.24.30:346][760]LogWindows:Error: UE4Editor-SlateCore.dll!0x000000001B5E9060
[2017.04.26-17.24.30:346][760]LogWindows:Error: UE4Editor-Slate.dll!0x00000000185F91BD
[2017.04.26-17.24.30:346][760]LogWindows:Error: UE4Editor-SlateCore.dll!0x000000001B5E8C55
[2017.04.26-17.24.30:346][760]LogWindows:Error: UE4Editor-SlateCore.dll!0x000000001B5E9060
[2017.04.26-17.24.30:346][760]LogWindows:Error: UE4Editor-SlateCore.dll!0x000000001B5E7C08
[2017.04.26-17.24.30:346][760]LogWindows:Error: UE4Editor-SlateCore.dll!0x000000001B5E8C55
[2017.04.26-17.24.30:346][760]LogWindows:Error: UE4Editor-SlateCore.dll!0x000000001B5E9060
[2017.04.26-17.24.30:346][760]LogWindows:Error: UE4Editor-SlateCore.dll!0x000000001B5E7C08
[2017.04.26-17.24.30:346][760]LogWindows:Error: UE4Editor-SlateCore.dll!0x000000001B5E8C55
[2017.04.26-17.24.30:346][760]LogWindows:Error: UE4Editor-SlateCore.dll!0x000000001B5E778E
[2017.04.26-17.24.30:346][760]LogWindows:Error: UE4Editor-Slate.dll!0x000000001857CECC
[2017.04.26-17.24.30:346][760]LogWindows:Error: UE4Editor-SlateCore.dll!0x000000001B5E8C55
[2017.04.26-17.24.30:346][760]LogWindows:Error: UE4Editor-Slate.dll!0x000000001857D1AA
[2017.04.26-17.24.30:346][760]LogWindows:Error: UE4Editor-SlateCore.dll!0x000000001B5E8C55
[2017.04.26-17.24.30:346][760]LogWindows:Error: UE4Editor-SlateCore.dll!0x000000001B5E7ABE
[2017.04.26-17.24.30:346][760]LogWindows:Error: UE4Editor-SlateCore.dll!0x000000001B5E8C55
[2017.04.26-17.24.30:346][760]LogWindows:Error: UE4Editor-SlateCore.dll!0x000000001B5E9060
[2017.04.26-17.24.30:346][760]LogWindows:Error: UE4Editor-Slate.dll!0x00000000185F91BD
[2017.04.26-17.24.30:346][760]LogWindows:Error: UE4Editor-SlateCore.dll!0x000000001B5E8C55
[2017.04.26-17.24.30:346][760]LogWindows:Error: UE4Editor-SlateCore.dll!0x000000001B5E9060
[2017.04.26-17.24.30:346][760]LogWindows:Error: UE4Editor-SlateCore.dll!0x000000001B5E7C08
[2017.04.26-17.24.30:346][760]LogWindows:Error: UE4Editor-SlateCore.dll!0x000000001B5E8C55
[2017.04.26-17.24.30:346][760]LogWindows:Error: UE4Editor-SlateCore.dll!0x000000001B5E778E
[2017.04.26-17.24.30:346][760]LogWindows:Error: UE4Editor-Slate.dll!0x000000001857CECC
[2017.04.26-17.24.30:346][760]LogWindows:Error: UE4Editor-SlateCore.dll!0x000000001B5E8C55
[2017.04.26-17.24.30:346][760]LogWindows:Error: UE4Editor-SlateCore.dll!0x000000001B5E778E
[2017.04.26-17.24.30:346][760]LogWindows:Error: UE4Editor-SlateCore.dll!0x000000001B5E8C55
[2017.04.26-17.24.30:346][760]LogWindows:Error: UE4Editor-SlateCore.dll!0x000000001B5E9060
[2017.04.26-17.24.30:346][760]LogWindows:Error: UE4Editor-SlateCore.dll!0x000000001B5E7C08
[2017.04.26-17.24.30:346][760]LogWindows:Error: UE4Editor-SlateCore.dll!0x000000001B5E8C55
[2017.04.26-17.24.30:346][760]LogWindows:Error: UE4Editor-SlateCore.dll!0x000000001B5E9060
[2017.04.26-17.24.30:346][760]LogWindows:Error: UE4Editor-SlateCore.dll!0x000000001B5E7C08
[2017.04.26-17.24.30:346][760]LogWindows:Error: UE4Editor-SlateCore.dll!0x000000001B5E8C55
[2017.04.26-17.24.30:346][760]LogWindows:Error: UE4Editor-SlateCore.dll!0x000000001B5E7ABE
[2017.04.26-17.24.30:346][760]LogWindows:Error: UE4Editor-SlateCore.dll!0x000000001B5E8C55
[2017.04.26-17.24.30:346][760]LogWindows:Error: UE4Editor-SlateCore.dll!0x000000001B5E778E
[2017.04.26-17.24.30:346][760]LogWindows:Error: UE4Editor-SlateCore.dll!0x000000001B5E7CAA
[2017.04.26-17.24.30:346][760]LogWindows:Error: UE4Editor-SlateCore.dll!0x000000001B5E8C55
[2017.04.26-17.24.30:346][760]LogWindows:Error: UE4Editor-Slate.dll!0x00000000183C30FD
[2017.04.26-17.24.30:346][760]LogWindows:Error: UE4Editor-Slate.dll!0x00000000183FCF94
[2017.04.26-17.24.30:346][760]LogWindows:Error: UE4Editor-Slate.dll!0x00000000183C41C0
[2017.04.26-17.24.30:346][760]LogWindows:Error: UE4Editor-Slate.dll!0x0000000018422674
[2017.04.26-17.24.30:346][760]LogWindows:Error: UE4Editor-Slate.dll!0x00000000184215C0
[2017.04.26-17.24.30:346][760]LogWindows:Error: UE4Editor.exe!0x0000000023ACEA1D
[2017.04.26-17.24.30:346][760]LogWindows:Error: UE4Editor.exe!0x0000000023ABEB40
[2017.04.26-17.24.30:346][760]LogWindows:Error: UE4Editor.exe!0x0000000023ABEBBA
[2017.04.26-17.24.30:346][760]LogWindows:Error: UE4Editor.exe!0x0000000023AD0A29
[2017.04.26-17.24.30:346][760]LogWindows:Error: UE4Editor.exe!0x0000000023AD22B6
[2017.04.26-17.24.30:346][760]LogWindows:Error: KERNEL32.DLL!0x0000000043DC8364
[2017.04.26-17.24.30:346][760]LogWindows:Error: ntdll.dll!0x00000000441770D1
[2017.04.26-17.24.30:346][760]LogWindows:Error: ntdll.dll!0x00000000441770D1
[2017.04.26-17.24.30:346][760]LogWindows:Error: 
[2017.04.26-17.24.30:376][760]LogExit: Executing StaticShutdownAfterError
[2017.04.26-17.24.30:387][760]LogWindows: FPlatformMisc::RequestExit(1)
[2017.04.26-17.24.30:408][760]Log file closed, 04/26/17 19:24:30
