Log file open, 04/27/17 14:49:32
LogInit:Display: Running engine for game: LastBullet
LogPlatformFile: Not using cached read wrapper
LogInit:Display: RandInit(61072002) SRandInit(61072002).
LogTaskGraph: Started task graph with 5 named threads and 8 total threads with 1 sets of task threads.
LogStats: Stats thread started at 0.080181
LogInit: Using libcurl 7.47.1
LogInit:  - built for x86_64-pc-win32
LogInit:  - supports SSL with OpenSSL/1.0.2g
LogInit:  - supports HTTP deflate (compression) using libz 1.2.8
LogInit:  - other features:
LogInit:      CURL_VERSION_SSL
LogInit:      CURL_VERSION_LIBZ
LogInit:      CURL_VERSION_IPV6
LogInit:      CURL_VERSION_ASYNCHDNS
LogInit:      CURL_VERSION_LARGEFILE
LogInit:      CURL_VERSION_IDN
LogInit:  CurlRequestOptions (configurable via config and command line):
LogInit:  - bVerifyPeer = false  - Libcurl will NOT verify peer certificate
LogInit:  - bUseHttpProxy = false  - Libcurl will NOT use HTTP proxy
LogInit:  - bDontReuseConnections = false  - Libcurl will reuse connections
LogInit:  - CertBundlePath = nullptr  - Libcurl will use whatever was configured at build time.
LogInit: Build: ++UE4+Release-4.15-CL-3348071
LogInit: Engine Version: 4.15.1-3348071+++UE4+Release-4.15
LogInit: Compatible Engine Version: 4.15.0-3299760+++UE4+Release-4.15
LogInit: Net CL: 3299760
LogDevObjectVersion: Number of dev versions registered: 14
LogDevObjectVersion:   Dev-Blueprints (B0D832E4-1F89-4F0D-ACCF-7EB736FD4AA2): 8
LogDevObjectVersion:   Dev-Build (E1C64328-A22C-4D53-A36C-8E866417BD8C): 0
LogDevObjectVersion:   Dev-Core (375EC13C-06E4-48FB-B500-84F0262A717E): 2
LogDevObjectVersion:   Dev-Editor (E4B068ED-F494-42E9-A231-DA0B2E46BB41): 14
LogDevObjectVersion:   Dev-Framework (CFFC743F-43B0-4480-9391-14DF171D2073): 22
LogDevObjectVersion:   Dev-Mobile (B02B49B5-BB20-44E9-A304-32B752E40360): 0
LogDevObjectVersion:   Dev-Networking (A4E4105C-59A1-49B5-A7C5-40C4547EDFEE): 0
LogDevObjectVersion:   Dev-Online (39C831C9-5AE6-47DC-9A44-9C173E1C8E7C): 0
LogDevObjectVersion:   Dev-Physics (78F01B33-EBEA-4F98-B9B4-84EACCB95AA2): 0
LogDevObjectVersion:   Dev-Platform (6631380F-2D4D-43E0-8009-CF276956A95A): 0
LogDevObjectVersion:   Dev-Rendering (12F88B9F-8875-4AFC-A67C-D90C383ABD29): 12
LogDevObjectVersion:   Dev-Sequencer (7B5AE74C-D270-4C10-A958-57980B212A5A): 3
LogDevObjectVersion:   Dev-VR (D7296918-1DD6-4BDD-9DE2-64A83CC13884): 0
LogDevObjectVersion:   Dev-LoadTimes (C2A15278-BFE7-4AFE-6C17-90FF531DF755): 1
LogInit: Compiled (64-bit): Mar 15 2017 16:52:47
LogInit: Compiled with Visual C++: 19.00.23026.00
LogInit: Build Configuration: Development
LogInit: Branch Name: ++UE4+Release-4.15
LogInit: Command line: -EpicPortal 
LogInit: Base directory: C:/Program Files/Epic Games/UE_4.15/Engine/Binaries/Win64/
LogInit: Installed Engine Build: 1
LogInit: Presizing for max 8388607 objects, including 0 objects not considered by GC, pre-allocating 0 bytes for permanent pool.
LogInit: Object subsystem initialized
[2017.04.27-12.49.33:668][  0]LogInit: Selected Device Profile: [Windows]
[2017.04.27-12.49.33:668][  0]LogInit: Applying CVar settings loaded from the selected device profile: [Windows]
[2017.04.27-12.49.33:680][  0]LogInit: Computer: DESKTOP-Q2F06UF
[2017.04.27-12.49.33:680][  0]LogInit: User: jose
[2017.04.27-12.49.33:680][  0]LogInit: CPU Page size=65536, Cores=4
[2017.04.27-12.49.33:680][  0]LogInit: High frequency timer resolution =2.531250 MHz
[2017.04.27-12.49.33:680][  0]LogMemory: Memory total: Physical=7.9GB (8GB approx)
[2017.04.27-12.49.33:680][  0]LogMemory: Platform Memory Stats for Windows
[2017.04.27-12.49.33:680][  0]LogMemory: Process Physical Memory: 263.47 MB used, 263.47 MB peak
[2017.04.27-12.49.33:680][  0]LogMemory: Process Virtual Memory: 262.70 MB used, 262.70 MB peak
[2017.04.27-12.49.33:680][  0]LogMemory: Physical Memory: 4795.41 MB used,  3273.11 MB free, 8068.52 MB total
[2017.04.27-12.49.33:680][  0]LogMemory: Virtual Memory: 645.23 MB used,  3273.11 MB free, 134217728.00 MB total
[2017.04.27-12.49.33:763][  0]LogInit: Overriding culture en with editor configuration.
[2017.04.27-12.49.34:442][  0]LogD3D11RHI: D3D11 adapters:
[2017.04.27-12.49.35:000][  0]LogD3D11RHI:    0. 'NVIDIA GeForce GTX 960M' (Feature Level 11_0)
[2017.04.27-12.49.35:000][  0]LogD3D11RHI:       2018/0/4034 MB DedicatedVideo/DedicatedSystem/SharedSystem, Outputs:1, VendorId:0x10de
[2017.04.27-12.49.35:010][  0]LogD3D11RHI:    1. 'Intel(R) HD Graphics 530' (Feature Level 11_0)
[2017.04.27-12.49.35:010][  0]LogD3D11RHI:       128/0/4034 MB DedicatedVideo/DedicatedSystem/SharedSystem, Outputs:0, VendorId:0x8086
[2017.04.27-12.49.35:013][  0]LogD3D11RHI:    2. 'Microsoft Basic Render Driver' (Feature Level 11_0)
[2017.04.27-12.49.35:013][  0]LogD3D11RHI:       0/0/4034 MB DedicatedVideo/DedicatedSystem/SharedSystem, Outputs:0, VendorId:0x1414
[2017.04.27-12.49.35:013][  0]LogD3D11RHI: Chosen D3D11 Adapter: 0
[2017.04.27-12.49.35:017][  0]LogD3D11RHI: Creating new Direct3DDevice
[2017.04.27-12.49.35:017][  0]LogD3D11RHI:     GPU DeviceId: 0x139b (for the marketing name, search the web for "GPU Device Id")
[2017.04.27-12.49.35:017][  0]LogWindows: EnumDisplayDevices:
[2017.04.27-12.49.35:017][  0]LogWindows:    0. 'Intel(R) HD Graphics 530' (P:1 D:1)
[2017.04.27-12.49.35:018][  0]LogWindows:    1. 'Intel(R) HD Graphics 530' (P:0 D:0)
[2017.04.27-12.49.35:018][  0]LogWindows:    2. 'Intel(R) HD Graphics 530' (P:0 D:0)
[2017.04.27-12.49.35:018][  0]LogWindows:    3. 'Intel(R) HD Graphics 530' (P:0 D:0)
[2017.04.27-12.49.35:018][  0]LogWindows:    4. 'Intel(R) HD Graphics 530' (P:0 D:0)
[2017.04.27-12.49.35:018][  0]LogWindows:    5. 'Intel(R) HD Graphics 530' (P:0 D:0)
[2017.04.27-12.49.35:018][  0]LogWindows:    6. 'Intel(R) HD Graphics 530' (P:0 D:0)
[2017.04.27-12.49.35:019][  0]LogWindows:    7. 'Intel(R) HD Graphics 530' (P:0 D:0)
[2017.04.27-12.49.35:019][  0]LogWindows:    8. 'Intel(R) HD Graphics 530' (P:0 D:0)
[2017.04.27-12.49.35:019][  0]LogWindows: DebugString: PrimaryIsNotTheChoosenAdapter PrimaryIsNotTheChoosenAdapter PrimaryIsNotTheChoosenAdapter PrimaryIsNotTheChoosenAdapter PrimaryIsNotTheChoosenAdapter PrimaryIsNotTheChoosenAdapter PrimaryIsNotTheChoosenAdapter PrimaryIsNotTheChoosenAdapter PrimaryIsNotTheChoosenAdapter FoundDriverCount:0 
[2017.04.27-12.49.35:019][  0]LogD3D11RHI:     Adapter Name: NVIDIA GeForce GTX 960M
[2017.04.27-12.49.35:019][  0]LogD3D11RHI:   Driver Version: Unknown (internal:Unknown, unified:Unknown)
[2017.04.27-12.49.35:019][  0]LogD3D11RHI:      Driver Date: Unknown
[2017.04.27-12.49.35:019][  0]LogRHI: Texture pool is 1361 MB (70% of 1945 MB)
[2017.04.27-12.49.35:569][  0]LogD3D11RHI: Async texture creation enabled
[2017.04.27-12.49.35:624][  0]LogD3D11RHI: GPU Timing Frequency: 1000.000000 (Debug: 2 1)
[2017.04.27-12.49.35:626][  0]LogShaderCompilers: Guid format shader working directory is -24 characters bigger than the processId version (../../../../../../Users/jose_/Documents/GitHub/LastBulletVR/LastBullet/Intermediate/Shaders/WorkingDirectory/9432/).
[2017.04.27-12.49.35:626][  0]LogShaderCompilers: Cleaned the shader compiler working directory 'C:/Users/jose_/AppData/Local/Temp/UnrealShaderWorkingDir/A8B7832E4E7617E13FF908B1E035A00E/'.
[2017.04.27-12.49.35:626][  0]LogShaderCompilers:Display: Using Local Shader Compiler.
[2017.04.27-12.49.36:653][  0]LogTemp:Display: Loaded TP AllDesktopTargetPlatform
[2017.04.27-12.49.36:708][  0]LogTemp:Display: Loaded TP MacClientTargetPlatform
[2017.04.27-12.49.36:763][  0]LogTemp:Display: Loaded TP MacNoEditorTargetPlatform
[2017.04.27-12.49.36:814][  0]LogTemp:Display: Loaded TP MacServerTargetPlatform
[2017.04.27-12.49.36:869][  0]LogTemp:Display: Loaded TP MacTargetPlatform
[2017.04.27-12.49.36:922][  0]LogTemp:Display: Loaded TP WindowsClientTargetPlatform
[2017.04.27-12.49.36:977][  0]LogTemp:Display: Loaded TP WindowsNoEditorTargetPlatform
[2017.04.27-12.49.37:031][  0]LogTemp:Display: Loaded TP WindowsServerTargetPlatform
[2017.04.27-12.49.37:075][  0]LogTemp:Display: Loaded TP WindowsTargetPlatform
[2017.04.27-12.49.37:126][  0]LogTemp:Display: Loaded TP AndroidTargetPlatform
[2017.04.27-12.49.37:178][  0]LogTemp:Display: Loaded TP Android_ASTCTargetPlatform
[2017.04.27-12.49.37:229][  0]LogTemp:Display: Loaded TP Android_ATCTargetPlatform
[2017.04.27-12.49.37:279][  0]LogTemp:Display: Loaded TP Android_DXTTargetPlatform
[2017.04.27-12.49.37:333][  0]LogTemp:Display: Loaded TP Android_ETC1TargetPlatform
[2017.04.27-12.49.37:386][  0]LogTemp:Display: Loaded TP Android_ETC2TargetPlatform
[2017.04.27-12.49.37:488][  0]LogTemp:Display: Loaded TP Android_MultiTargetPlatform
[2017.04.27-12.49.37:488][  0]LogTemp:Display: Loaded TP Android_PVRTCTargetPlatform
[2017.04.27-12.49.37:524][  0]LogTemp:Display: Loaded TP HTML5TargetPlatform
[2017.04.27-12.49.37:622][  0]LogTemp:Display: Loaded TP IOSTargetPlatform
[2017.04.27-12.49.37:657][  0]LogTemp:Display: Loaded TP TVOSTargetPlatform
[2017.04.27-12.49.37:709][  0]LogTemp:Display: Loaded TP LinuxClientTargetPlatform
[2017.04.27-12.49.37:762][  0]LogTemp:Display: Loaded TP LinuxNoEditorTargetPlatform
[2017.04.27-12.49.37:813][  0]LogTemp:Display: Loaded TP LinuxServerTargetPlatform
[2017.04.27-12.49.37:866][  0]LogTemp:Display: Loaded TP LinuxTargetPlatform
[2017.04.27-12.49.37:866][  0]LogTargetPlatformManager:Display: Building Assets For Windows
[2017.04.27-12.49.38:280][  0]LogDerivedDataCache:Display: Max Cache Size: 512 MB
[2017.04.27-12.49.38:337][  0]LogDerivedDataCache: Loaded boot cache 0.06s 50MB C:/Users/jose_/AppData/Local/UnrealEngine/4.15/DerivedDataCache/Boot.ddc.
[2017.04.27-12.49.38:337][  0]LogDerivedDataCache:Display: Loaded Boot cache: C:/Users/jose_/AppData/Local/UnrealEngine/4.15/DerivedDataCache/Boot.ddc
[2017.04.27-12.49.38:337][  0]LogDerivedDataCache: FDerivedDataBackendGraph:  Pak pak cache file ../../../../../../Users/jose_/Documents/GitHub/LastBulletVR/LastBullet/DerivedDataCache/DDC.ddp not found, will not use a pak cache.
[2017.04.27-12.49.38:337][  0]LogDerivedDataCache: Unable to find inner node Pak for hierarchical cache Hierarchy.
[2017.04.27-12.49.38:337][  0]LogDerivedDataCache: FDerivedDataBackendGraph:  CompressedPak pak cache file ../../../../../../Users/jose_/Documents/GitHub/LastBulletVR/LastBullet/DerivedDataCache/Compressed.ddp not found, will not use a pak cache.
[2017.04.27-12.49.38:337][  0]LogDerivedDataCache: Unable to find inner node CompressedPak for hierarchical cache Hierarchy.
[2017.04.27-12.49.38:357][  0]LogDerivedDataCache:Display: Pak cache opened for reading ../../../Engine/DerivedDataCache/Compressed.ddp.
[2017.04.27-12.49.38:369][  0]LogDerivedDataCache: Using Local data cache path C:/Users/jose_/AppData/Local/UnrealEngine/Common/DerivedDataCache: Writable
[2017.04.27-12.49.38:378][  0]LogSlate: Using Freetype 2.6.0
[2017.04.27-12.49.38:379][  0]LogSlate: SlateFontCache - WITH_FREETYPE: 1, WITH_HARFBUZZ: 1
[2017.04.27-12.49.38:379][  0]LogSlate: SlateFontCache - WITH_FREETYPE: 1, WITH_HARFBUZZ: 1
[2017.04.27-12.49.38:666][  0]LogInit: Selected Device Profile: [Windows]
[2017.04.27-12.49.38:669][  0]LogContentStreaming: Texture pool size is 0.00 MB
[2017.04.27-12.49.38:872][  0]LogMeshUtilities: Using QuadricMeshReduction for automatic static mesh reduction
[2017.04.27-12.49.38:914][  0]LogSimplygon: Simplygon DLL not present - disabling.
[2017.04.27-12.49.38:959][  0]LogMeshUtilities: Using SimplygonSwarm for distributed automatic mesh merging
[2017.04.27-12.49.38:959][  0]LogMeshUtilities: No automatic skeletal mesh reduction module available
[2017.04.27-12.49.38:959][  0]LogMeshUtilities: No automatic mesh merging module available
[2017.04.27-12.49.39:546][  0]LogNetVersion: GetLocalNetworkVersion: CL: 3299760, ProjectName: lastbullet, ProjectVersion: , EngineNetworkVersion: 2, GameNetworkVersion: 0, NetworkChecksum: 1522868599
[2017.04.27-12.49.39:592][  0]LogAssetRegistry: FAssetRegistry took 0.0223 seconds to start up
[2017.04.27-12.49.39:630][  0]LogPackageLocalizationCache: Processed 3 localized package path(s) for 1 prioritized culture(s) in 0.015565 seconds
[2017.04.27-12.49.39:636][  0]LogUObjectArray: 32493 objects as part of root set at end of initial load.
[2017.04.27-12.49.39:636][  0]LogUObjectAllocator: 7077032 out of 0 bytes used by permanent object pool.
[2017.04.27-12.49.39:636][  0]LogUObjectArray: CloseDisregardForGC: 0/0 objects in disregard for GC pool
[2017.04.27-12.49.39:697][  0]LogInit: WinSock: version 1.1 (2.2), MaxSocks=32767, MaxUdp=65467
[2017.04.27-12.49.41:251][  0]LogTcpMessaging: Initializing TcpMessaging bridge
[2017.04.27-12.49.41:287][  0]LogUdpMessaging: Initializing bridge on interface 0.0.0.0:0 to multicast group 230.0.0.1:6666.
[2017.04.27-12.49.41:729][  0]LogMaterial: Uniform references updated for custom material expression Custom.
[2017.04.27-12.49.42:096][  0]SourceControl: Info Source control is disabled
[2017.04.27-12.49.43:368][  0]LogEngine: Initializing Engine...
[2017.04.27-12.49.43:368][  0]LogHMD: Failed to initialize OpenVR with code 110
[2017.04.27-12.49.43:598][  0]LogAIModule: Creating AISystem for world Untitled
[2017.04.27-12.49.43:605][  0]LogInit: XAudio2 using 'Altavoces (Realtek High Definition Audio)' : 2 channels at 48 kHz using 32 bits per sample (channel mask 0x3)
[2017.04.27-12.49.43:687][  0]LogInit: FAudioDevice initialized.
[2017.04.27-12.49.43:717][  0]LogDerivedDataCache: Saved boot cache 0.03s 50MB C:/Users/jose_/AppData/Local/UnrealEngine/4.15/DerivedDataCache/Boot.ddc.
[2017.04.27-12.49.43:724][  0]LogInit: Texture streaming: Enabled
[2017.04.27-12.49.43:817][  0]LogEngineSessionManager: EngineSessionManager initialized
[2017.04.27-12.49.43:907][  0]LogInit: Transaction tracking system initialized
[2017.04.27-12.49.44:243][  0]BlueprintLog: New page: Editor Load
[2017.04.27-12.49.45:103][  0]LocalizationService: Info Localization service is disabled
[2017.04.27-12.49.45:755][  0]LogConsoleResponse:Display: 
[2017.04.27-12.49.45:886][  0]LogCook:Display: Max memory allowance for cook 16384mb min free memory 0mb
[2017.04.27-12.49.45:886][  0]LogCook:Display: Mobile HDR setting 1
[2017.04.27-12.49.46:096][  0]LogFileCache: Scanning file cache for directory 'C:/Users/jose_/Documents/GitHub/LastBulletVR/LastBullet/Content/' took 0.02s
[2017.04.27-12.49.46:888][  0]Cmd: MAP LOAD FILE="../../../../../../Users/jose_/Documents/GitHub/LastBulletVR/LastBullet/Content/StarterContent/Maps/Minimal_Default.umap" TEMPLATE=0 SHOWPROGRESS=1 FEATURELEVEL=3
[2017.04.27-12.49.46:892][  0]LightingResults: New page: Lighting Build
[2017.04.27-12.49.46:932][  0]MapCheck: New page: Map Check
[2017.04.27-12.49.46:932][  0]LightingResults: New page: Lighting Build
[2017.04.27-12.49.47:200][  0]LogBlueprint:Warning: [Compiler FirstPersonCharacter] Warning InputAction Event references unknown Action 'ResetVR' for  InputAction ResetVR
[2017.04.27-12.49.47:213][  0]LogBlueprint:Warning: [Compiler FirstPersonCharacter] Warning [0015.46] Compile of FirstPersonCharacter successful, but with 1 Warning(s) [in 25 ms] (/Game/FirstPersonBP/Blueprints/FirstPersonCharacter.FirstPersonCharacter)
[2017.04.27-12.49.47:213][  0]LogBlueprint:Warning: [Compiler FirstPersonCharacter] Warning [0015.46] Compile of FirstPersonCharacter successful, but with 2 Warning(s) [in 0 ms] (/Game/FirstPersonBP/Blueprints/FirstPersonCharacter.FirstPersonCharacter)
[2017.04.27-12.49.47:213][  0]LogBlueprint:Warning: [Compiler FirstPersonCharacter] Warning [0015.46] Compile of FirstPersonCharacter successful, but with 3 Warning(s) [in 0 ms] (/Game/FirstPersonBP/Blueprints/FirstPersonCharacter.FirstPersonCharacter)
[2017.04.27-12.49.47:250][  0]LogBlueprint:Warning: [Compiler FirstPersonCharacter] Warning InputAction Event references unknown Action 'ResetVR' for  InputAction ResetVR
[2017.04.27-12.49.47:262][  0]LogBlueprint:Warning: [Compiler FirstPersonCharacter] Warning [0015.51] Compile of FirstPersonCharacter successful, but with 1 Warning(s) [in 25 ms] (/Game/FirstPersonBP/Blueprints/FirstPersonCharacter.FirstPersonCharacter)
[2017.04.27-12.49.47:262][  0]LogBlueprint:Warning: [Compiler FirstPersonCharacter] Warning [0015.51] Compile of FirstPersonCharacter successful, but with 2 Warning(s) [in 0 ms] (/Game/FirstPersonBP/Blueprints/FirstPersonCharacter.FirstPersonCharacter)
[2017.04.27-12.49.47:263][  0]LogBlueprint:Warning: [Compiler FirstPersonCharacter] Warning [0015.51] Compile of FirstPersonCharacter successful, but with 3 Warning(s) [in 0 ms] (/Game/FirstPersonBP/Blueprints/FirstPersonCharacter.FirstPersonCharacter)
[2017.04.27-12.49.47:293][  0]LogLinker:Warning: Asset '../../../../../../Users/jose_/Documents/GitHub/LastBulletVR/LastBullet/Content/Blueprints/modul_transporttransport_16_Blueprint.uasset' has been saved with empty engine version. The asset will be loaded but may be incompatible.
[2017.04.27-12.49.47:315][  0]LogBlueprint:Warning: Node '/Game/Blueprints/modul_transporttransport_16_Blueprint.modul_transporttransport_16_Blueprint:EdGraph_0.K2Node_FunctionEntry_359' missing NodeGuid because of upgrade from old package version, this can cause deterministic cooking issues please resave package.
[2017.04.27-12.49.47:317][  0]LogBlueprint:Warning: Node '/Game/Blueprints/modul_transporttransport_16_Blueprint.modul_transporttransport_16_Blueprint:EdGraph_1.K2Node_FunctionEntry_359' missing NodeGuid because of upgrade from old package version, this can cause deterministic cooking issues please resave package.
[2017.04.27-12.49.47:320][  0]LogBlueprint:Warning: Node '/Game/Blueprints/modul_transporttransport_16_Blueprint.modul_transporttransport_16_Blueprint:EdGraph_2.K2Node_FunctionEntry_359' missing NodeGuid because of upgrade from old package version, this can cause deterministic cooking issues please resave package.
[2017.04.27-12.49.47:431][  0]LogLinker:Warning: Asset '../../../../../../Users/jose_/Documents/GitHub/LastBulletVR/LastBullet/Content/Meshes/Space/StarMap_Nebula_1_Mat.uasset' has been saved with empty engine version. The asset will be loaded but may be incompatible.
[2017.04.27-12.49.47:432][  0]LogLinker:Warning: Asset '../../../../../../Users/jose_/Documents/GitHub/LastBulletVR/LastBullet/Content/Meshes/Space/StarMap_Nebula_1.uasset' has been saved with empty engine version. The asset will be loaded but may be incompatible.
[2017.04.27-12.49.47:437][  0]LogLinker:Warning: Asset '../../../../../../Users/jose_/Documents/GitHub/LastBulletVR/LastBullet/Content/Meshes/Space/FX_Map_7.uasset' has been saved with empty engine version. The asset will be loaded but may be incompatible.
[2017.04.27-12.49.47:438][  0]LogLinker:Warning: Asset '../../../../../../Users/jose_/Documents/GitHub/LastBulletVR/LastBullet/Content/Meshes/Space/StarMap_1.uasset' has been saved with empty engine version. The asset will be loaded but may be incompatible.
[2017.04.27-12.49.49:140][  0]LogBlueprint:Warning: Node '/Game/Blueprints/modul_transporttransport_16_Blueprint.modul_transporttransport_16_Blueprint:UserConstructionScript.K2Node_FunctionEntry_359' missing NodeGuid because of upgrade from old package version, this can cause deterministic cooking issues please resave package.
[2017.04.27-12.49.49:985][  0]LogAIModule: Creating AISystem for world Minimal_Default
[2017.04.27-12.49.50:028][  0]LogEditorServer: Finished looking for orphan Actors (0.000 secs)
[2017.04.27-12.49.50:029][  0]Cmd: MAP CHECKDEP NOCLEARLOG
[2017.04.27-12.49.50:111][  0]MapCheck: Info Map check complete: 0 Error(s), 0 Warning(s), took 82.238ms to complete.
[2017.04.27-12.49.50:111][  0]LogFileHelpers: Loading map 'Minimal_Default' took 3.223
[2017.04.27-12.49.50:183][  0]LogWindowsTextInputMethodSystem:Display: IME system now deactivated.
[2017.04.27-12.49.50:183][  0]LogWindowsTextInputMethodSystem:Display: IME system now deactivated.
[2017.04.27-12.49.50:335][  0]LogCollectionManager: Loaded 0 collections in 0.001570 seconds
[2017.04.27-12.49.50:418][  0]LogFileCache: Scanning file cache for directory 'C:/Users/jose_/Documents/GitHub/LastBulletVR/LastBullet/Saved/Collections/' took 0.01s
[2017.04.27-12.49.50:418][  0]LogFileCache: Scanning file cache for directory 'C:/Users/jose_/Documents/GitHub/LastBulletVR/LastBullet/Content/Developers/jose/Collections/' took 0.01s
[2017.04.27-12.49.50:418][  0]LogFileCache: Scanning file cache for directory 'C:/Users/jose_/Documents/GitHub/LastBulletVR/LastBullet/Content/Collections/' took 0.01s
[2017.04.27-12.49.50:418][  0]LogCollectionManager: Rebuilt the GUID cache for 0 collections in 0.000002 seconds
[2017.04.27-12.49.50:428][  0]LogContentBrowser: Native class hierarchy populated in 0.0097 seconds. Added 2245 classes and 453 folders.
[2017.04.27-12.49.50:432][  0]LogStats: UGameplayTagsManager::ConstructGameplayTagTree: Construct from data asset -  0.000 s
[2017.04.27-12.49.50:432][  0]LogStats: UGameplayTagsManager::ConstructGameplayTagTree: GameplayTagTreeChangedEvent.Broadcast -  0.000 s
[2017.04.27-12.49.50:494][  0]LogContentBrowser: Native class hierarchy updated for 'WidgetCarousel' in 0.0005 seconds. Added 0 classes and 0 folders.
[2017.04.27-12.49.50:772][  0]LogContentBrowser: Native class hierarchy updated for 'AddContentDialog' in 0.0005 seconds. Added 0 classes and 0 folders.
[2017.04.27-12.49.50:815][  0]LogContentBrowser: Native class hierarchy updated for 'SceneOutliner' in 0.0006 seconds. Added 1 classes and 2 folders.
[2017.04.27-12.49.50:930][  0]LogCrashTracker: Crashtracker disabled due to settings.
[2017.04.27-12.49.50:939][  0]LogUObjectGlobals:Warning: Failed to find object 'Class None.'
[2017.04.27-12.49.51:007][  0]LogContentBrowser: Native class hierarchy updated for 'HierarchicalLODOutliner' in 0.0005 seconds. Added 1 classes and 2 folders.
[2017.04.27-12.49.51:007][  0]LogLoad: (Engine Initialization) Total time: 19.25 seconds
[2017.04.27-12.49.51:007][  0]LogLoad: (Engine Initialization) Total Blueprint compile time: 0.25 seconds
[2017.04.27-12.49.51:007][  0]LogExternalProfiler: Found external profiler: VSPerf
[2017.04.27-12.49.51:007][  0]LogExternalProfiler: Using external profiler: VSPerf
[2017.04.27-12.49.51:028][  0]LogOcInput: OculusInput pre-init called
[2017.04.27-12.49.51:052][  0]LogContentStreaming: Texture pool size now 1000 MB
[2017.04.27-12.49.51:053][  0]LogSlate: Took 0.000226 seconds to synchronously load lazily loaded font '../../../Engine/Content/Slate/Fonts/Roboto-Regular.ttf' (155K)
[2017.04.27-12.49.51:062][  0]LogSlate: Took 0.000323 seconds to synchronously load lazily loaded font '../../../Engine/Content/Slate/Fonts/Roboto-Bold.ttf' (160K)
[2017.04.27-12.49.51:071][  0]LogSlate: Took 0.003650 seconds to synchronously load lazily loaded font '../../../Engine/Content/Editor/Slate/Fonts/FontAwesome.ttf' (139K)
[2017.04.27-12.49.51:225][  0]LogSlate: Took 0.004085 seconds to synchronously load lazily loaded font '../../../Engine/Content/Slate/Fonts/Roboto-Light.ttf' (159K)
[2017.04.27-12.49.51:290][  0]LogRenderer: Reallocating scene render targets to support 1208x576 NumSamples 1 (Frame:2).
[2017.04.27-12.49.51:399][  2]LogAssetRegistry: Asset discovery search completed in 11.8293 seconds
[2017.04.27-12.49.51:399][  2]LogCollectionManager: Rebuilt the object cache for 0 collections in 0.000006 seconds (found 0 objects)
[2017.04.27-12.49.51:399][  2]LogCollectionManager: Fixed up redirectors for 0 collections in 0.000024 seconds (updated 0 objects)
[2017.04.27-12.55.55:217][534]LogSlate: Took 0.006127 seconds to synchronously load lazily loaded font '../../../Engine/Content/Slate/Fonts/Roboto-Light.ttf' (159K)
[2017.04.27-12.55.55:575][534]LogAIModule: Creating AISystem for world Pepelu
[2017.04.27-12.55.55:655][534]Cmd: MAP LOAD FILE="../../../../../../Users/jose_/Documents/GitHub/LastBulletVR/LastBullet/Content/FirstPersonBP/Maps/Pepelu.umap" TEMPLATE=0 SHOWPROGRESS=1 FEATURELEVEL=3
[2017.04.27-12.55.55:655][534]LightingResults: New page: Lighting Build
[2017.04.27-12.55.55:657][534]LoadErrors: New page: Loading map: Pepelu.umap
[2017.04.27-12.55.55:665][534]MapCheck: New page: Map Check
[2017.04.27-12.55.55:665][534]LightingResults: New page: Lighting Build
[2017.04.27-12.55.55:773][534]LogEditorServer: Finished looking for orphan Actors (0.000 secs)
[2017.04.27-12.55.55:814][534]Cmd: MAP CHECKDEP NOCLEARLOG
[2017.04.27-12.55.55:908][534]MapCheck: Info Map check complete: 0 Error(s), 0 Warning(s), took 93.08ms to complete.
[2017.04.27-12.55.55:908][534]LogFileHelpers: Loading map 'Pepelu' took 0.256
[2017.04.27-12.56.03:671][943]LogContentBrowser: Native class hierarchy updated for 'BlueprintGraph' in 0.0009 seconds. Added 112 classes and 0 folders.
[2017.04.27-12.56.04:443][943]LogSlate: Took 0.004234 seconds to synchronously load lazily loaded font '../../../Engine/Content/Editor/Slate/Fonts/Roboto-BoldCondensed.ttf' (158K)
[2017.04.27-12.56.40:397][945]LogSlate: Took 0.004429 seconds to synchronously load lazily loaded font '../../../Engine/Content/Editor/Slate/Fonts/Roboto-Italic.ttf' (157K)
[2017.04.27-12.56.56:780][856]BlueprintLog: New page: Compile WeaponComponent
[2017.04.27-12.56.57:008][856]LogStats: FPlatformStackWalk::StackWalkAndDump -  0.127 s
[2017.04.27-12.56.57:008][856]LogOutputDevice:Error: === Handled ensure: ===
[2017.04.27-12.56.57:008][856]LogOutputDevice:Error: 
[2017.04.27-12.56.57:008][856]LogOutputDevice:Error: Ensure condition failed: EventSignature [File:D:\Build\++UE4+Release-4.15+Compile\Sync\Engine\Source\Editor\BlueprintGraph\Private\EdGraphSchema_K2.cpp] [Line: 5773]
[2017.04.27-12.56.57:008][856]LogOutputDevice:Error: 
[2017.04.27-12.56.57:008][856]LogOutputDevice:Error: Stack: 
[2017.04.27-12.56.57:008][856]LogOutputDevice:Error: UE4Editor-Core.dll!0x0000000037A395E6
[2017.04.27-12.56.57:008][856]LogOutputDevice:Error: UE4Editor-Core.dll!0x00000000377E9B82
[2017.04.27-12.56.57:008][856]LogOutputDevice:Error: UE4Editor-Core.dll!0x00000000377FB666
[2017.04.27-12.56.57:008][856]LogOutputDevice:Error: UE4Editor-BlueprintGraph.dll!0x0000000026896400
[2017.04.27-12.56.57:008][856]LogOutputDevice:Error: UE4Editor-UnrealEd.dll!0x000000002DFD8523
[2017.04.27-12.56.57:008][856]LogOutputDevice:Error: UE4Editor-UnrealEd.dll!0x000000002DFCCA4C
[2017.04.27-12.56.57:008][856]LogOutputDevice:Error: UE4Editor-KismetCompiler.dll!0x0000000024087CC6
[2017.04.27-12.56.57:008][856]LogOutputDevice:Error: UE4Editor-KismetCompiler.dll!0x000000002408C2C6
[2017.04.27-12.56.57:008][856]LogOutputDevice:Error: UE4Editor-KismetCompiler.dll!0x000000002408B94D
[2017.04.27-12.56.57:008][856]LogOutputDevice:Error: UE4Editor-UnrealEd.dll!0x000000002E036A09
[2017.04.27-12.56.57:008][856]LogOutputDevice:Error: UE4Editor-UnrealEd.dll!0x000000002E037E21
[2017.04.27-12.56.57:008][856]LogOutputDevice:Error: UE4Editor-UnrealEd.dll!0x000000002E064E6C
[2017.04.27-12.56.57:008][856]LogOutputDevice:Error: UE4Editor-UnrealEd.dll!0x000000002E036E4D
[2017.04.27-12.56.57:008][856]LogOutputDevice:Error: UE4Editor-Kismet.dll!0x0000000026CF44FD
[2017.04.27-12.56.57:008][856]LogOutputDevice:Error: UE4Editor-Kismet.dll!0x0000000026D41941
[2017.04.27-12.56.57:008][856]LogOutputDevice:Error: UE4Editor-Kismet.dll!0x0000000026D463E6
[2017.04.27-12.56.57:008][856]LogOutputDevice:Error: UE4Editor-Slate.dll!0x000000003663819F
[2017.04.27-12.56.57:008][856]LogOutputDevice:Error: UE4Editor-Slate.dll!0x000000003672B530
[2017.04.27-12.56.57:008][856]LogOutputDevice:Error: UE4Editor-Slate.dll!0x000000003669C7A2
[2017.04.27-12.56.57:008][856]LogOutputDevice:Error: UE4Editor-Slate.dll!0x000000003669DBA9
[2017.04.27-12.56.57:008][856]LogOutputDevice:Error: UE4Editor-Slate.dll!0x000000003670B689
[2017.04.27-12.56.57:008][856]LogOutputDevice:Error: UE4Editor-Slate.dll!0x00000000367BCF25
[2017.04.27-12.56.57:008][856]LogOutputDevice:Error: UE4Editor-Slate.dll!0x00000000367EA4AE
[2017.04.27-12.56.57:008][856]LogOutputDevice:Error: UE4Editor-Slate.dll!0x000000003661411C
[2017.04.27-12.56.57:008][856]LogOutputDevice:Error: UE4Editor-Slate.dll!0x00000000365E47F5
[2017.04.27-12.56.57:008][856]LogOutputDevice:Error: UE4Editor-Slate.dll!0x0000000036687193
[2017.04.27-12.56.57:008][856]LogOutputDevice:Error: UE4Editor-Slate.dll!0x0000000036671100
[2017.04.27-12.56.57:008][856]LogOutputDevice:Error: UE4Editor-Slate.dll!0x0000000036660211
[2017.04.27-12.56.57:008][856]LogOutputDevice:Error: UE4Editor-Core.dll!0x0000000037A2CDF9
[2017.04.27-12.56.57:009][856]LogOutputDevice:Error: UE4Editor-Core.dll!0x0000000037A167C1
[2017.04.27-12.56.57:009][856]LogOutputDevice:Error: UE4Editor-Core.dll!0x0000000037A2EA1C
[2017.04.27-12.56.57:009][856]LogOutputDevice:Error: UE4Editor-Core.dll!0x0000000037A126E9
[2017.04.27-12.56.57:009][856]LogOutputDevice:Error: USER32.dll!0x0000000074481C24
[2017.04.27-12.56.57:009][856]LogOutputDevice:Error: USER32.dll!0x000000007448156C
[2017.04.27-12.56.57:009][856]LogOutputDevice:Error: UE4Editor-Core.dll!0x0000000037A2F326
[2017.04.27-12.56.57:009][856]LogOutputDevice:Error: UE4Editor.exe!0x000000009715D790
[2017.04.27-12.56.57:009][856]LogOutputDevice:Error: UE4Editor.exe!0x000000009714EB40
[2017.04.27-12.56.57:009][856]LogOutputDevice:Error: UE4Editor.exe!0x000000009714EBBA
[2017.04.27-12.56.57:009][856]LogOutputDevice:Error: UE4Editor.exe!0x0000000097160A29
[2017.04.27-12.56.57:009][856]LogOutputDevice:Error: UE4Editor.exe!0x00000000971622B6
[2017.04.27-12.56.57:009][856]LogOutputDevice:Error: KERNEL32.DLL!0x0000000074198364
[2017.04.27-12.56.57:009][856]LogOutputDevice:Error: ntdll.dll!0x00000000750170D1
[2017.04.27-12.56.57:009][856]LogOutputDevice:Error: 
[2017.04.27-12.56.57:011][856]LogStats:                SubmitErrorReport -  0.000 s
