Log file open, 05/01/17 12:15:21
LogInit:Display: Running engine for game: LastBullet
LogPlatformFile: Not using cached read wrapper
LogInit:Display: RandInit(1222999704) SRandInit(1222999704).
LogTaskGraph: Started task graph with 5 named threads and 8 total threads with 1 sets of task threads.
LogStats: Stats thread started at 0.076687
LogInit: Using libcurl 7.47.1
LogInit:  - built for x86_64-pc-win32
LogInit:  - supports SSL with OpenSSL/1.0.2g
LogInit:  - supports HTTP deflate (compression) using libz 1.2.8
LogInit:  - other features:
LogInit:      CURL_VERSION_SSL
LogInit:      CURL_VERSION_LIBZ
LogInit:      CURL_VERSION_IPV6
LogInit:      CURL_VERSION_ASYNCHDNS
LogInit:      CURL_VERSION_LARGEFILE
LogInit:      CURL_VERSION_IDN
LogInit:  CurlRequestOptions (configurable via config and command line):
LogInit:  - bVerifyPeer = false  - Libcurl will NOT verify peer certificate
LogInit:  - bUseHttpProxy = false  - Libcurl will NOT use HTTP proxy
LogInit:  - bDontReuseConnections = false  - Libcurl will reuse connections
LogInit:  - CertBundlePath = nullptr  - Libcurl will use whatever was configured at build time.
LogInit: Build: ++UE4+Release-4.15-CL-3348071
LogInit: Engine Version: 4.15.1-3348071+++UE4+Release-4.15
LogInit: Compatible Engine Version: 4.15.0-3299760+++UE4+Release-4.15
LogInit: Net CL: 3299760
LogDevObjectVersion: Number of dev versions registered: 14
LogDevObjectVersion:   Dev-Blueprints (B0D832E4-1F89-4F0D-ACCF-7EB736FD4AA2): 8
LogDevObjectVersion:   Dev-Build (E1C64328-A22C-4D53-A36C-8E866417BD8C): 0
LogDevObjectVersion:   Dev-Core (375EC13C-06E4-48FB-B500-84F0262A717E): 2
LogDevObjectVersion:   Dev-Editor (E4B068ED-F494-42E9-A231-DA0B2E46BB41): 14
LogDevObjectVersion:   Dev-Framework (CFFC743F-43B0-4480-9391-14DF171D2073): 22
LogDevObjectVersion:   Dev-Mobile (B02B49B5-BB20-44E9-A304-32B752E40360): 0
LogDevObjectVersion:   Dev-Networking (A4E4105C-59A1-49B5-A7C5-40C4547EDFEE): 0
LogDevObjectVersion:   Dev-Online (39C831C9-5AE6-47DC-9A44-9C173E1C8E7C): 0
LogDevObjectVersion:   Dev-Physics (78F01B33-EBEA-4F98-B9B4-84EACCB95AA2): 0
LogDevObjectVersion:   Dev-Platform (6631380F-2D4D-43E0-8009-CF276956A95A): 0
LogDevObjectVersion:   Dev-Rendering (12F88B9F-8875-4AFC-A67C-D90C383ABD29): 12
LogDevObjectVersion:   Dev-Sequencer (7B5AE74C-D270-4C10-A958-57980B212A5A): 3
LogDevObjectVersion:   Dev-VR (D7296918-1DD6-4BDD-9DE2-64A83CC13884): 0
LogDevObjectVersion:   Dev-LoadTimes (C2A15278-BFE7-4AFE-6C17-90FF531DF755): 1
LogInit: Compiled (64-bit): Mar 15 2017 16:52:47
LogInit: Compiled with Visual C++: 19.00.23026.00
LogInit: Build Configuration: Development
LogInit: Branch Name: ++UE4+Release-4.15
LogInit: Command line: -EpicPortal 
LogInit: Base directory: C:/Program Files/Epic Games/UE_4.15/Engine/Binaries/Win64/
LogInit: Installed Engine Build: 1
LogInit: Presizing for max 8388607 objects, including 0 objects not considered by GC, pre-allocating 0 bytes for permanent pool.
LogInit: Object subsystem initialized
[2017.05.01-10.15.22:283][  0]LogInit: Selected Device Profile: [Windows]
[2017.05.01-10.15.22:283][  0]LogInit: Applying CVar settings loaded from the selected device profile: [Windows]
[2017.05.01-10.15.22:289][  0]LogInit: Computer: ENRIQUEPC
[2017.05.01-10.15.22:289][  0]LogInit: User: Enrique
[2017.05.01-10.15.22:289][  0]LogInit: CPU Page size=65536, Cores=4
[2017.05.01-10.15.22:289][  0]LogInit: High frequency timer resolution =3.513589 MHz
[2017.05.01-10.15.22:290][  0]LogMemory: Memory total: Physical=15.9GB (16GB approx)
[2017.05.01-10.15.22:290][  0]LogMemory: Platform Memory Stats for Windows
[2017.05.01-10.15.22:290][  0]LogMemory: Process Physical Memory: 264.18 MB used, 264.18 MB peak
[2017.05.01-10.15.22:290][  0]LogMemory: Process Virtual Memory: 262.68 MB used, 262.68 MB peak
[2017.05.01-10.15.22:290][  0]LogMemory: Physical Memory: 5635.30 MB used,  10691.39 MB free, 16326.70 MB total
[2017.05.01-10.15.22:290][  0]LogMemory: Virtual Memory: 631.06 MB used,  10691.39 MB free, 134217728.00 MB total
[2017.05.01-10.15.22:360][  0]LogInit: Overriding culture en with editor configuration.
[2017.05.01-10.15.22:958][  0]LogD3D11RHI: D3D11 adapters:
[2017.05.01-10.15.22:978][  0]LogD3D11RHI:    0. 'NVIDIA GeForce GTX 970' (Feature Level 11_0)
[2017.05.01-10.15.22:978][  0]LogD3D11RHI:       4058/0/8163 MB DedicatedVideo/DedicatedSystem/SharedSystem, Outputs:1, VendorId:0x10de
[2017.05.01-10.15.22:979][  0]LogD3D11RHI:    1. 'Microsoft Basic Render Driver' (Feature Level 11_0)
[2017.05.01-10.15.22:979][  0]LogD3D11RHI:       0/0/8163 MB DedicatedVideo/DedicatedSystem/SharedSystem, Outputs:0, VendorId:0x1414
[2017.05.01-10.15.22:979][  0]LogD3D11RHI: Chosen D3D11 Adapter: 0
[2017.05.01-10.15.22:982][  0]LogD3D11RHI: Creating new Direct3DDevice
[2017.05.01-10.15.22:982][  0]LogD3D11RHI:     GPU DeviceId: 0x13c2 (for the marketing name, search the web for "GPU Device Id")
[2017.05.01-10.15.22:982][  0]LogWindows: EnumDisplayDevices:
[2017.05.01-10.15.22:982][  0]LogWindows:    0. 'NVIDIA GeForce GTX 970' (P:1 D:1)
[2017.05.01-10.15.22:983][  0]LogWindows:    1. 'NVIDIA GeForce GTX 970' (P:0 D:0)
[2017.05.01-10.15.22:983][  0]LogWindows:    2. 'NVIDIA GeForce GTX 970' (P:0 D:0)
[2017.05.01-10.15.22:983][  0]LogWindows:    3. 'NVIDIA GeForce GTX 970' (P:0 D:0)
[2017.05.01-10.15.22:983][  0]LogWindows: DebugString: FoundDriverCount:4 
[2017.05.01-10.15.22:983][  0]LogD3D11RHI:     Adapter Name: NVIDIA GeForce GTX 970
[2017.05.01-10.15.22:983][  0]LogD3D11RHI:   Driver Version: 376.53 (internal:21.21.13.7653, unified:376.53)
[2017.05.01-10.15.22:983][  0]LogD3D11RHI:      Driver Date: 12-29-2016
[2017.05.01-10.15.22:983][  0]LogRHI: Texture pool is 1361 MB (70% of 1945 MB)
[2017.05.01-10.15.22:996][  0]LogD3D11RHI: Async texture creation enabled
[2017.05.01-10.15.23:005][  0]LogD3D11RHI: GPU Timing Frequency: 1000.000000 (Debug: 2 1)
[2017.05.01-10.15.23:054][  0]LogShaderCompilers: Guid format shader working directory is 15 characters bigger than the processId version (D:/Github/LastBulletVR/LastBullet/Intermediate/Shaders/WorkingDirectory/9952/).
[2017.05.01-10.15.23:054][  0]LogShaderCompilers: Cleaned the shader compiler working directory 'C:/Users/Enrique/AppData/Local/Temp/UnrealShaderWorkingDir/A49D6CDB4FA2366C10D5A587CBF2B7EA/'.
[2017.05.01-10.15.23:054][  0]LogShaderCompilers:Display: Using Local Shader Compiler.
[2017.05.01-10.15.29:610][  0]LogTemp:Display: Loaded TP AllDesktopTargetPlatform
[2017.05.01-10.15.29:668][  0]LogTemp:Display: Loaded TP MacClientTargetPlatform
[2017.05.01-10.15.29:727][  0]LogTemp:Display: Loaded TP MacNoEditorTargetPlatform
[2017.05.01-10.15.29:783][  0]LogTemp:Display: Loaded TP MacServerTargetPlatform
[2017.05.01-10.15.29:843][  0]LogTemp:Display: Loaded TP MacTargetPlatform
[2017.05.01-10.15.29:901][  0]LogTemp:Display: Loaded TP WindowsClientTargetPlatform
[2017.05.01-10.15.29:958][  0]LogTemp:Display: Loaded TP WindowsNoEditorTargetPlatform
[2017.05.01-10.15.30:015][  0]LogTemp:Display: Loaded TP WindowsServerTargetPlatform
[2017.05.01-10.15.30:064][  0]LogTemp:Display: Loaded TP WindowsTargetPlatform
[2017.05.01-10.15.30:120][  0]LogTemp:Display: Loaded TP AndroidTargetPlatform
[2017.05.01-10.15.30:177][  0]LogTemp:Display: Loaded TP Android_ASTCTargetPlatform
[2017.05.01-10.15.30:234][  0]LogTemp:Display: Loaded TP Android_ATCTargetPlatform
[2017.05.01-10.15.30:290][  0]LogTemp:Display: Loaded TP Android_DXTTargetPlatform
[2017.05.01-10.15.30:347][  0]LogTemp:Display: Loaded TP Android_ETC1TargetPlatform
[2017.05.01-10.15.30:402][  0]LogTemp:Display: Loaded TP Android_ETC2TargetPlatform
[2017.05.01-10.15.30:517][  0]LogTemp:Display: Loaded TP Android_MultiTargetPlatform
[2017.05.01-10.15.30:517][  0]LogTemp:Display: Loaded TP Android_PVRTCTargetPlatform
[2017.05.01-10.15.30:560][  0]LogTemp:Display: Loaded TP HTML5TargetPlatform
[2017.05.01-10.15.30:658][  0]LogTemp:Display: Loaded TP IOSTargetPlatform
[2017.05.01-10.15.30:690][  0]LogTemp:Display: Loaded TP TVOSTargetPlatform
[2017.05.01-10.15.30:745][  0]LogTemp:Display: Loaded TP LinuxClientTargetPlatform
[2017.05.01-10.15.30:803][  0]LogTemp:Display: Loaded TP LinuxNoEditorTargetPlatform
[2017.05.01-10.15.30:859][  0]LogTemp:Display: Loaded TP LinuxServerTargetPlatform
[2017.05.01-10.15.30:915][  0]LogTemp:Display: Loaded TP LinuxTargetPlatform
[2017.05.01-10.15.30:915][  0]LogTargetPlatformManager:Display: Building Assets For Windows
[2017.05.01-10.15.31:347][  0]LogDerivedDataCache:Display: Max Cache Size: 512 MB
[2017.05.01-10.15.31:397][  0]LogDerivedDataCache: Loaded boot cache 0.05s 61MB C:/Users/Enrique/AppData/Local/UnrealEngine/4.15/DerivedDataCache/Boot.ddc.
[2017.05.01-10.15.31:397][  0]LogDerivedDataCache:Display: Loaded Boot cache: C:/Users/Enrique/AppData/Local/UnrealEngine/4.15/DerivedDataCache/Boot.ddc
[2017.05.01-10.15.31:398][  0]LogDerivedDataCache: FDerivedDataBackendGraph:  Pak pak cache file D:/Github/LastBulletVR/LastBullet/DerivedDataCache/DDC.ddp not found, will not use a pak cache.
[2017.05.01-10.15.31:398][  0]LogDerivedDataCache: Unable to find inner node Pak for hierarchical cache Hierarchy.
[2017.05.01-10.15.31:398][  0]LogDerivedDataCache: FDerivedDataBackendGraph:  CompressedPak pak cache file D:/Github/LastBulletVR/LastBullet/DerivedDataCache/Compressed.ddp not found, will not use a pak cache.
[2017.05.01-10.15.31:398][  0]LogDerivedDataCache: Unable to find inner node CompressedPak for hierarchical cache Hierarchy.
[2017.05.01-10.15.31:414][  0]LogDerivedDataCache:Display: Pak cache opened for reading ../../../Engine/DerivedDataCache/Compressed.ddp.
[2017.05.01-10.15.31:426][  0]LogDerivedDataCache: Using Local data cache path C:/Users/Enrique/AppData/Local/UnrealEngine/Common/DerivedDataCache: Writable
[2017.05.01-10.15.31:434][  0]LogSlate: Using Freetype 2.6.0
[2017.05.01-10.15.31:435][  0]LogSlate: SlateFontCache - WITH_FREETYPE: 1, WITH_HARFBUZZ: 1
[2017.05.01-10.15.31:435][  0]LogSlate: SlateFontCache - WITH_FREETYPE: 1, WITH_HARFBUZZ: 1
[2017.05.01-10.15.31:684][  0]LogInit: Selected Device Profile: [Windows]
[2017.05.01-10.15.31:686][  0]LogContentStreaming: Texture pool size is 0.00 MB
[2017.05.01-10.15.31:887][  0]LogMeshUtilities: Using QuadricMeshReduction for automatic static mesh reduction
[2017.05.01-10.15.31:934][  0]LogSimplygon: Simplygon DLL not present - disabling.
[2017.05.01-10.15.31:987][  0]LogMeshUtilities: Using SimplygonSwarm for distributed automatic mesh merging
[2017.05.01-10.15.31:987][  0]LogMeshUtilities: No automatic skeletal mesh reduction module available
[2017.05.01-10.15.31:987][  0]LogMeshUtilities: No automatic mesh merging module available
[2017.05.01-10.15.32:484][  0]LogNetVersion: GetLocalNetworkVersion: CL: 3299760, ProjectName: lastbullet, ProjectVersion: , EngineNetworkVersion: 2, GameNetworkVersion: 0, NetworkChecksum: 1522868599
[2017.05.01-10.15.32:528][  0]LogAssetRegistry: FAssetRegistry took 0.0209 seconds to start up
[2017.05.01-10.15.32:556][  0]LogPackageLocalizationCache: Processed 3 localized package path(s) for 1 prioritized culture(s) in 0.008197 seconds
[2017.05.01-10.15.32:560][  0]LogUObjectArray: 32493 objects as part of root set at end of initial load.
[2017.05.01-10.15.32:560][  0]LogUObjectAllocator: 7077032 out of 0 bytes used by permanent object pool.
[2017.05.01-10.15.32:560][  0]LogUObjectArray: CloseDisregardForGC: 0/0 objects in disregard for GC pool
[2017.05.01-10.15.32:621][  0]LogInit: WinSock: version 1.1 (2.2), MaxSocks=32767, MaxUdp=65467
[2017.05.01-10.15.34:363][  0]LogTcpMessaging: Initializing TcpMessaging bridge
[2017.05.01-10.15.34:406][  0]LogUdpMessaging: Initializing bridge on interface 0.0.0.0:0 to multicast group 230.0.0.1:6666.
[2017.05.01-10.15.34:904][  0]LogMaterial: Uniform references updated for custom material expression Custom.
[2017.05.01-10.15.35:299][  0]SourceControl: Info Source control is disabled
[2017.05.01-10.15.36:752][  0]LogEngine: Initializing Engine...
[2017.05.01-10.15.36:752][  0]LogHMD: Failed to initialize OpenVR with code 110
[2017.05.01-10.15.36:986][  0]LogAIModule: Creating AISystem for world Untitled
[2017.05.01-10.15.37:000][  0]LogInit: XAudio2 using 'Altavoces (TRITTON KUNAI STEREO HEADSET)' : 2 channels at 44.1 kHz using 16 bits per sample (channel mask 0x3)
[2017.05.01-10.15.37:011][  0]LogInit: FAudioDevice initialized.
[2017.05.01-10.15.37:036][  0]LogDerivedDataCache: Saved boot cache 0.03s 61MB C:/Users/Enrique/AppData/Local/UnrealEngine/4.15/DerivedDataCache/Boot.ddc.
[2017.05.01-10.15.37:041][  0]LogInit: Texture streaming: Enabled
[2017.05.01-10.15.37:129][  0]LogEngineSessionManager: EngineSessionManager initialized
[2017.05.01-10.15.37:224][  0]LogInit: Transaction tracking system initialized
[2017.05.01-10.15.37:596][  0]BlueprintLog: New page: Editor Load
[2017.05.01-10.15.38:530][  0]LocalizationService: Info Localization service is disabled
[2017.05.01-10.15.45:861][  0]LogConsoleResponse:Display: 
[2017.05.01-10.15.45:978][  0]LogCook:Display: Max memory allowance for cook 16384mb min free memory 0mb
[2017.05.01-10.15.45:978][  0]LogCook:Display: Mobile HDR setting 1
[2017.05.01-10.15.47:039][  0]LogFileCache: Scanning file cache for directory 'D:/Github/LastBulletVR/LastBullet/Content/' took 0.02s
[2017.05.01-10.15.47:087][  0]Cmd: MAP LOAD FILE="D:/Github/LastBulletVR/LastBullet/Content/StarterContent/Maps/Minimal_Default.umap" TEMPLATE=0 SHOWPROGRESS=1 FEATURELEVEL=3
[2017.05.01-10.15.47:087][  0]LightingResults: New page: Lighting Build
[2017.05.01-10.15.47:133][  0]MapCheck: New page: Map Check
[2017.05.01-10.15.47:133][  0]LightingResults: New page: Lighting Build
[2017.05.01-10.15.47:238][  0]LogBlueprint:Warning: [WeaponComponent] 'GunOffset' variable not found. Base class was probably changed.
[2017.05.01-10.15.47:239][  0]LogBlueprint:Warning: [WeaponComponent] 'AmmoBar' variable not found. Base class was probably changed.
[2017.05.01-10.15.47:239][  0]LogBlueprint:Warning: [WeaponComponent] 'AmmoBar' variable not found. Base class was probably changed.
[2017.05.01-10.15.47:239][  0]LogBlueprint:Warning: [WeaponComponent] 'Mesh2P' variable not found. Base class was probably changed.
[2017.05.01-10.15.47:239][  0]LogBlueprint:Warning: [WeaponComponent] 'Sphere' variable not found. Base class was probably changed.
[2017.05.01-10.15.47:239][  0]LogBlueprint:Warning: [WeaponComponent] 'FirstPersonCamera' variable not found. Base class was probably changed.
[2017.05.01-10.15.47:239][  0]LogBlueprint:Warning: [WeaponComponent] 'UsingMotionControllers?' variable not found. Base class was probably changed.
[2017.05.01-10.15.47:239][  0]LogBlueprint:Warning: [WeaponComponent] 'VR_Marker' variable not found. Base class was probably changed.
[2017.05.01-10.15.47:239][  0]LogBlueprint:Warning: [WeaponComponent] 'WeaponComponent' variable not found. Base class was probably changed.
[2017.05.01-10.15.47:239][  0]LogBlueprint:Warning: [WeaponComponent] 'WeaponComponent' variable not found. Base class was probably changed.
[2017.05.01-10.15.47:239][  0]LogBlueprint:Warning: [WeaponComponent] 'WeaponComponent' variable not found. Base class was probably changed.
[2017.05.01-10.15.47:240][  0]LogBlueprint:Warning: [WeaponComponent] 'AmmoBar' variable not found. Base class was probably changed.
[2017.05.01-10.15.47:240][  0]LogBlueprint:Warning: [WeaponComponent] 'AmmoBar' variable not found. Base class was probably changed.
[2017.05.01-10.15.47:240][  0]LogBlueprint:Warning: [WeaponComponent] 'WeaponComponent' variable not found. Base class was probably changed.
[2017.05.01-10.15.47:240][  0]LogBlueprint:Warning: [WeaponComponent] 'WeaponComponent' variable not found. Base class was probably changed.
[2017.05.01-10.15.47:240][  0]LogBlueprint:Warning: [WeaponComponent] 'WeaponComponent' variable not found. Base class was probably changed.
[2017.05.01-10.15.47:240][  0]LogBlueprint:Warning: [WeaponComponent] 'WeaponComponent' variable not found. Base class was probably changed.
[2017.05.01-10.15.47:240][  0]LogBlueprint:Warning: [WeaponComponent] 'WeaponComponent' variable not found. Base class was probably changed.
[2017.05.01-10.15.47:240][  0]LogBlueprint:Warning: [WeaponComponent] 'WeaponComponent' variable not found. Base class was probably changed.
[2017.05.01-10.15.47:240][  0]LogBlueprint:Warning: [WeaponComponent] 'WeaponComponent' variable not found. Base class was probably changed.
[2017.05.01-10.15.47:240][  0]LogBlueprint:Warning: [WeaponComponent] 'WeaponComponent' variable not found. Base class was probably changed.
[2017.05.01-10.15.47:240][  0]LogBlueprint:Warning: [WeaponComponent] 'WeaponComponent' variable not found. Base class was probably changed.
[2017.05.01-10.15.47:240][  0]LogBlueprint:Warning: [WeaponComponent] 'WeaponComponent' variable not found. Base class was probably changed.
[2017.05.01-10.15.47:412][  0]LogBlueprint:Warning: [HUD] 'AmmoTotal' variable not found. Base class was probably changed.
[2017.05.01-10.15.47:417][  0]LogBlueprint:Error: [Compiler HUD] Error Failed to resolve term passed into  Value
[2017.05.01-10.15.47:421][  0]LogBlueprint:Warning: [Compiler HUD] Warning [0027.06] Compile of HUD failed. 1 Fatal Issue(s) 0 Warning(s) [in 7 ms] (/Game/FirstPersonBP/Maps/HUD.HUD)
[2017.05.01-10.15.47:421][  0]LogBlueprint:Warning: [Compiler HUD] Warning [0027.06] Compile of HUD failed. 1 Fatal Issue(s) 1 Warning(s) [in 0 ms] (/Game/FirstPersonBP/Maps/HUD.HUD)
[2017.05.01-10.15.47:421][  0]LogBlueprint:Warning: [Compiler HUD] Warning [0027.06] Compile of HUD failed. 1 Fatal Issue(s) 2 Warning(s) [in 0 ms] (/Game/FirstPersonBP/Maps/HUD.HUD)
[2017.05.01-10.15.47:448][  0]LogBlueprint:Warning: [PistolActor_Blueprint] 'VR_Marker' variable not found. Base class was probably changed.
[2017.05.01-10.15.47:592][  0]LogBlueprint:Warning: [Compiler FirstPersonCharacter] Warning InputAction Event references unknown Action 'ResetVR' for  InputAction ResetVR
[2017.05.01-10.15.47:608][  0]LogBlueprint:Warning: [Compiler FirstPersonCharacter] Warning [0027.25] Compile of FirstPersonCharacter successful, but with 1 Warning(s) [in 25 ms] (/Game/FirstPersonBP/Blueprints/FirstPersonCharacter.FirstPersonCharacter)
[2017.05.01-10.15.47:610][  0]LogBlueprint:Warning: [Compiler FirstPersonCharacter] Warning [0027.25] Compile of FirstPersonCharacter successful, but with 2 Warning(s) [in 1 ms] (/Game/FirstPersonBP/Blueprints/FirstPersonCharacter.FirstPersonCharacter)
[2017.05.01-10.15.47:610][  0]LogBlueprint:Warning: [Compiler FirstPersonCharacter] Warning [0027.25] Compile of FirstPersonCharacter successful, but with 3 Warning(s) [in 0 ms] (/Game/FirstPersonBP/Blueprints/FirstPersonCharacter.FirstPersonCharacter)
[2017.05.01-10.15.47:662][  0]LogBlueprint:Warning: [HUD] 'AmmoTotal' variable not found. Base class was probably changed.
[2017.05.01-10.15.47:700][  0]LogBlueprint:Warning: [Compiler FirstPersonCharacter] Warning InputAction Event references unknown Action 'ResetVR' for  InputAction ResetVR
[2017.05.01-10.15.47:716][  0]LogBlueprint:Warning: [Compiler FirstPersonCharacter] Warning [0027.35] Compile of FirstPersonCharacter successful, but with 1 Warning(s) [in 25 ms] (/Game/FirstPersonBP/Blueprints/FirstPersonCharacter.FirstPersonCharacter)
[2017.05.01-10.15.47:716][  0]LogBlueprint:Warning: [Compiler FirstPersonCharacter] Warning [0027.35] Compile of FirstPersonCharacter successful, but with 2 Warning(s) [in 0 ms] (/Game/FirstPersonBP/Blueprints/FirstPersonCharacter.FirstPersonCharacter)
[2017.05.01-10.15.47:717][  0]LogBlueprint:Warning: [Compiler FirstPersonCharacter] Warning [0027.35] Compile of FirstPersonCharacter successful, but with 3 Warning(s) [in 1 ms] (/Game/FirstPersonBP/Blueprints/FirstPersonCharacter.FirstPersonCharacter)
[2017.05.01-10.15.47:761][  0]LogLinker:Warning: Asset 'D:/Github/LastBulletVR/LastBullet/Content/Blueprints/modul_transporttransport_16_Blueprint.uasset' has been saved with empty engine version. The asset will be loaded but may be incompatible.
[2017.05.01-10.15.47:777][  0]LogBlueprint:Warning: Node '/Game/Blueprints/modul_transporttransport_16_Blueprint.modul_transporttransport_16_Blueprint:EdGraph_0.K2Node_FunctionEntry_359' missing NodeGuid because of upgrade from old package version, this can cause deterministic cooking issues please resave package.
[2017.05.01-10.15.47:779][  0]LogBlueprint:Warning: Node '/Game/Blueprints/modul_transporttransport_16_Blueprint.modul_transporttransport_16_Blueprint:EdGraph_1.K2Node_FunctionEntry_359' missing NodeGuid because of upgrade from old package version, this can cause deterministic cooking issues please resave package.
[2017.05.01-10.15.47:781][  0]LogBlueprint:Warning: Node '/Game/Blueprints/modul_transporttransport_16_Blueprint.modul_transporttransport_16_Blueprint:EdGraph_2.K2Node_FunctionEntry_359' missing NodeGuid because of upgrade from old package version, this can cause deterministic cooking issues please resave package.
[2017.05.01-10.15.47:832][  0]LogLinker:Warning: Asset 'D:/Github/LastBulletVR/LastBullet/Content/Meshes/Space/StarMap_Nebula_1_Mat.uasset' has been saved with empty engine version. The asset will be loaded but may be incompatible.
[2017.05.01-10.15.47:833][  0]LogLinker:Warning: Asset 'D:/Github/LastBulletVR/LastBullet/Content/Meshes/Space/StarMap_Nebula_1.uasset' has been saved with empty engine version. The asset will be loaded but may be incompatible.
[2017.05.01-10.15.47:837][  0]LogLinker:Warning: Asset 'D:/Github/LastBulletVR/LastBullet/Content/Meshes/Space/FX_Map_7.uasset' has been saved with empty engine version. The asset will be loaded but may be incompatible.
[2017.05.01-10.15.47:838][  0]LogLinker:Warning: Asset 'D:/Github/LastBulletVR/LastBullet/Content/Meshes/Space/StarMap_1.uasset' has been saved with empty engine version. The asset will be loaded but may be incompatible.
[2017.05.01-10.15.48:587][  0]LogBlueprint:Warning: Node '/Game/Blueprints/modul_transporttransport_16_Blueprint.modul_transporttransport_16_Blueprint:UserConstructionScript.K2Node_FunctionEntry_359' missing NodeGuid because of upgrade from old package version, this can cause deterministic cooking issues please resave package.
[2017.05.01-10.15.48:698][  0]LogAIModule: Creating AISystem for world Minimal_Default
[2017.05.01-10.15.48:736][  0]LogEditorServer: Finished looking for orphan Actors (0.000 secs)
[2017.05.01-10.15.48:738][  0]Cmd: MAP CHECKDEP NOCLEARLOG
[2017.05.01-10.15.48:866][  0]MapCheck: Info Map check complete: 0 Error(s), 0 Warning(s), took 127.961ms to complete.
[2017.05.01-10.15.48:866][  0]LogFileHelpers: Loading map 'Minimal_Default' took 1.779
[2017.05.01-10.15.48:922][  0]LogWindowsTextInputMethodSystem:Display: IME system now deactivated.
[2017.05.01-10.15.49:027][  0]LogCollectionManager: Loaded 0 collections in 0.001611 seconds
[2017.05.01-10.15.49:110][  0]LogFileCache: Scanning file cache for directory 'D:/Github/LastBulletVR/LastBullet/Saved/Collections/' took 0.01s
[2017.05.01-10.15.49:110][  0]LogFileCache: Scanning file cache for directory 'D:/Github/LastBulletVR/LastBullet/Content/Developers/Enrique/Collections/' took 0.01s
[2017.05.01-10.15.49:110][  0]LogFileCache: Scanning file cache for directory 'D:/Github/LastBulletVR/LastBullet/Content/Collections/' took 0.01s
[2017.05.01-10.15.49:110][  0]LogCollectionManager: Rebuilt the GUID cache for 0 collections in 0.000001 seconds
[2017.05.01-10.15.49:117][  0]LogContentBrowser: Native class hierarchy populated in 0.0074 seconds. Added 2245 classes and 453 folders.
[2017.05.01-10.15.49:120][  0]LogStats: UGameplayTagsManager::ConstructGameplayTagTree: Construct from data asset -  0.000 s
[2017.05.01-10.15.49:120][  0]LogStats: UGameplayTagsManager::ConstructGameplayTagTree: GameplayTagTreeChangedEvent.Broadcast -  0.000 s
[2017.05.01-10.15.49:188][  0]LogContentBrowser: Native class hierarchy updated for 'WidgetCarousel' in 0.0004 seconds. Added 0 classes and 0 folders.
[2017.05.01-10.15.49:239][  0]LogContentBrowser: Native class hierarchy updated for 'AddContentDialog' in 0.0004 seconds. Added 0 classes and 0 folders.
[2017.05.01-10.15.49:285][  0]LogContentBrowser: Native class hierarchy updated for 'SceneOutliner' in 0.0005 seconds. Added 1 classes and 2 folders.
[2017.05.01-10.15.49:328][  0]LogCrashTracker: Crashtracker disabled due to settings.
[2017.05.01-10.15.49:335][  0]LogUObjectGlobals:Warning: Failed to find object 'Class None.'
[2017.05.01-10.15.49:407][  0]LogContentBrowser: Native class hierarchy updated for 'HierarchicalLODOutliner' in 0.0004 seconds. Added 1 classes and 2 folders.
[2017.05.01-10.15.49:407][  0]LogLoad: (Engine Initialization) Total time: 29.04 seconds
[2017.05.01-10.15.49:407][  0]LogLoad: (Engine Initialization) Total Blueprint compile time: 0.37 seconds
[2017.05.01-10.15.49:407][  0]LogExternalProfiler: Found external profiler: VSPerf
[2017.05.01-10.15.49:407][  0]LogExternalProfiler: Using external profiler: VSPerf
[2017.05.01-10.15.49:416][  0]LogOcInput: OculusInput pre-init called
[2017.05.01-10.15.49:451][  0]LogContentStreaming: Texture pool size now 1000 MB
[2017.05.01-10.15.49:452][  0]LogSlate: Took 0.000270 seconds to synchronously load lazily loaded font '../../../Engine/Content/Slate/Fonts/Roboto-Regular.ttf' (155K)
[2017.05.01-10.15.49:455][  0]LogSlate: Took 0.000254 seconds to synchronously load lazily loaded font '../../../Engine/Content/Slate/Fonts/Roboto-Bold.ttf' (160K)
[2017.05.01-10.15.49:460][  0]LogSlate: Took 0.000249 seconds to synchronously load lazily loaded font '../../../Engine/Content/Editor/Slate/Fonts/FontAwesome.ttf' (139K)
[2017.05.01-10.15.49:581][  0]LogSlate: Took 0.000269 seconds to synchronously load lazily loaded font '../../../Engine/Content/Slate/Fonts/Roboto-Light.ttf' (159K)
[2017.05.01-10.15.49:611][  0]LogRenderer: Reallocating scene render targets to support 1208x576 NumSamples 1 (Frame:2).
[2017.05.01-10.15.49:666][  1]LogFileCache: Retrieving MD5 hashes for directory 'D:/Github/LastBulletVR/LastBullet/Content/' took 0.24s
[2017.05.01-10.15.49:685][  1]LogAssetRegistry: Asset discovery search completed in 17.1789 seconds
[2017.05.01-10.15.49:685][  1]LogCollectionManager: Rebuilt the object cache for 0 collections in 0.000004 seconds (found 0 objects)
[2017.05.01-10.15.49:685][  1]LogCollectionManager: Fixed up redirectors for 0 collections in 0.000015 seconds (updated 0 objects)
[2017.05.01-10.18.32:831][715]LogSlate: Took 0.000199 seconds to synchronously load lazily loaded font '../../../Engine/Content/Slate/Fonts/Roboto-Light.ttf' (159K)
[2017.05.01-10.19.09:059][804]Cmd: OBJ SAVEPACKAGE PACKAGE="/Game/FirstPersonBP/IA/SpawnAI" FILE="D:/Github/LastBulletVR/LastBullet/Content/FirstPersonBP/IA/SpawnAI.uasset" SILENT=true
[2017.05.01-10.19.09:065][804]LogSavePackage: Save=5.36ms
[2017.05.01-10.19.09:066][804]LogSavePackage: Moving 'D:/Github/LastBulletVR/LastBullet/Saved/SpawnAI70E4651740AC5A6F00AB13947BD8EA2D.tmp' to 'D:/Github/LastBulletVR/LastBullet/Content/FirstPersonBP/IA/SpawnAI.uasset'
[2017.05.01-10.19.09:066][804]LogSavePackage:Display: Finished SavePackage D:/Github/LastBulletVR/LastBullet/Content/FirstPersonBP/IA/SpawnAI.uasset
[2017.05.01-10.19.09:067][804]LogMetaData: Removing '/Game/FirstPersonBP/IA/SpawnAI.SpawnAI:UserConstructionScript.K2Node_FunctionEntry_0' ref from Metadata '/Game/FirstPersonBP/IA/NewBlueprint.PackageMetaData'
[2017.05.01-10.19.09:067][804]LogMetaData: Removing '/Game/FirstPersonBP/IA/SpawnAI.SKEL_SpawnAI_C' ref from Metadata '/Game/FirstPersonBP/IA/NewBlueprint.PackageMetaData'
[2017.05.01-10.19.09:067][804]LogMetaData: Removing '/Game/FirstPersonBP/IA/SpawnAI.SpawnAI_C' ref from Metadata '/Game/FirstPersonBP/IA/NewBlueprint.PackageMetaData'
[2017.05.01-10.19.09:067][804]LogMetaData: Removing '/Game/FirstPersonBP/IA/SpawnAI.SpawnAI:EventGraph.K2Node_Event_0' ref from Metadata '/Game/FirstPersonBP/IA/NewBlueprint.PackageMetaData'
[2017.05.01-10.19.09:067][804]LogMetaData: Removing '/Game/FirstPersonBP/IA/SpawnAI.SpawnAI:EventGraph.K2Node_Event_1' ref from Metadata '/Game/FirstPersonBP/IA/NewBlueprint.PackageMetaData'
[2017.05.01-10.19.09:067][804]LogMetaData: Removing '/Game/FirstPersonBP/IA/SpawnAI.SpawnAI:EventGraph.K2Node_Event_2' ref from Metadata '/Game/FirstPersonBP/IA/NewBlueprint.PackageMetaData'
[2017.05.01-10.19.09:082][804]Cmd: OBJ SAVEPACKAGE PACKAGE="/Game/FirstPersonBP/IA/SpawnAI" FILE="D:/Github/LastBulletVR/LastBullet/Content/FirstPersonBP/IA/SpawnAI.uasset" SILENT=true
[2017.05.01-10.19.09:160][804]LogSavePackage: Save=13.37ms
[2017.05.01-10.19.09:160][804]LogSavePackage: Moving 'D:/Github/LastBulletVR/LastBullet/Saved/SpawnAI8D999FE6461C09636436B0BFA744324D.tmp' to 'D:/Github/LastBulletVR/LastBullet/Content/FirstPersonBP/IA/SpawnAI.uasset'
[2017.05.01-10.19.09:161][804]LogSavePackage:Display: Finished SavePackage D:/Github/LastBulletVR/LastBullet/Content/FirstPersonBP/IA/SpawnAI.uasset
[2017.05.01-10.19.20:697][125]LogContentBrowser: Native class hierarchy updated for 'BlueprintGraph' in 0.0007 seconds. Added 112 classes and 0 folders.
[2017.05.01-10.19.21:232][125]LogSlate: Took 0.000248 seconds to synchronously load lazily loaded font '../../../Engine/Content/Slate/Fonts/Roboto-Regular.ttf' (155K)
[2017.05.01-10.19.21:404][125]LogRenderer: Reallocating scene render targets to support 1344x712 NumSamples 1 (Frame:21669).
[2017.05.01-10.19.31:031][166]LogSlate: Took 0.003411 seconds to synchronously load lazily loaded font '../../../Engine/Content/Editor/Slate/Fonts/Roboto-Italic.ttf' (157K)
[2017.05.01-10.19.46:913][965]LogSlate: Took 0.002540 seconds to synchronously load lazily loaded font '../../../Engine/Content/Editor/Slate/Fonts/Roboto-BoldCondensed.ttf' (158K)
[2017.05.01-10.20.52:270][599]LogSlate: Took 0.001040 seconds to synchronously load lazily loaded font '../../../Engine/Content/Editor/Slate/Fonts/Roboto-BoldCondensedItalic.ttf' (160K)
[2017.05.01-10.21.19:040][606]BlueprintLog: New page: Compile zona_triggerbox_bp
[2017.05.01-10.21.19:095][606]LogBlueprint:Warning: [Compiler FirstPersonCharacter] Warning InputAction Event references unknown Action 'ResetVR' for  InputAction ResetVR
[2017.05.01-10.21.19:118][606]LogBlueprint:Warning: [HUD] 'AmmoTotal' variable not found. Base class was probably changed.
[2017.05.01-10.21.19:408][606]Cmd: OBJ SAVEPACKAGE PACKAGE="/Game/FirstPersonBP/IA/zona_triggerbox_bp" FILE="D:/Github/LastBulletVR/LastBullet/Content/FirstPersonBP/IA/zona_triggerbox_bp.uasset" SILENT=true
[2017.05.01-10.21.19:433][606]LogSavePackage: Save=22.42ms
[2017.05.01-10.21.19:433][606]LogSavePackage: Moving 'D:/Github/LastBulletVR/LastBullet/Saved/zona_triggerbox_bpE826B9E945AEAFDB1BFBC1A9C6B2D5F4.tmp' to 'D:/Github/LastBulletVR/LastBullet/Content/FirstPersonBP/IA/zona_triggerbox_bp.uasset'
[2017.05.01-10.21.19:434][606]LogSavePackage:Display: Finished SavePackage D:/Github/LastBulletVR/LastBullet/Content/FirstPersonBP/IA/zona_triggerbox_bp.uasset
[2017.05.01-10.22.11:242][765]LogEditorTransaction: Undo Add Node
[2017.05.01-10.22.11:270][765]LogSlate: Took 0.000265 seconds to synchronously load lazily loaded font '../../../Engine/Content/Slate/Fonts/Roboto-Light.ttf' (159K)
[2017.05.01-10.24.02:013][ 54]LogSlate:Warning: Prevented a slow task dialog from being summoned while a context menu was open
[2017.05.01-10.25.08:117][932]BlueprintLog: New page: Compile zona_triggerbox_bp
[2017.05.01-10.25.08:137][932]LogBlueprint:Error: [Compiler zona_triggerbox_bp] Error The current value of the ' Target Map ' pin is invalid: Array inputs (like 'Target Map') must have an input wired into them (try connecting a MakeMap node).
[2017.05.01-10.25.08:311][932]BlueprintEditorCompileResults:Error: Error The current value of the ' Target Map ' pin is invalid: Array inputs (like 'Target Map') must have an input wired into them (try connecting a MakeMap node).
[2017.05.01-10.25.08:312][932]LogBlueprint:Warning: [Compiler zona_triggerbox_bp] Warning [0587.95] Compile of zona_triggerbox_bp failed. 1 Fatal Issue(s) 0 Warning(s) [in 194 ms] (/Game/FirstPersonBP/IA/zona_triggerbox_bp.zona_triggerbox_bp)
[2017.05.01-10.25.36:970][526]SourceControl:Error: Error Failed to enable Git source control. You need to initialize the project as a Git repository first.
[2017.05.01-10.25.40:032][806]SourceControl:Error: Error Failed to enable Git source control. You need to initialize the project as a Git repository first.
[2017.05.01-10.25.42:913][ 66]SourceControl: Info Source control is disabled
[2017.05.01-10.26.52:931][443]BlueprintLog: New page: Compile zona_triggerbox_bp
[2017.05.01-10.26.52:985][443]LogBlueprint:Warning: [Compiler FirstPersonCharacter] Warning InputAction Event references unknown Action 'ResetVR' for  InputAction ResetVR
[2017.05.01-10.26.53:005][443]LogBlueprint:Warning: [HUD] 'AmmoTotal' variable not found. Base class was probably changed.
[2017.05.01-10.26.53:280][443]Cmd: OBJ SAVEPACKAGE PACKAGE="/Game/FirstPersonBP/IA/zona_triggerbox_bp" FILE="D:/Github/LastBulletVR/LastBullet/Content/FirstPersonBP/IA/zona_triggerbox_bp.uasset" SILENT=true
[2017.05.01-10.26.53:307][443]LogSavePackage: Save=24.61ms
[2017.05.01-10.26.53:307][443]LogSavePackage: Moving 'D:/Github/LastBulletVR/LastBullet/Saved/zona_triggerbox_bpED0367024635D4C50F5503AAA6558D9A.tmp' to 'D:/Github/LastBulletVR/LastBullet/Content/FirstPersonBP/IA/zona_triggerbox_bp.uasset'
[2017.05.01-10.26.53:309][443]LogSavePackage:Display: Finished SavePackage D:/Github/LastBulletVR/LastBullet/Content/FirstPersonBP/IA/zona_triggerbox_bp.uasset
[2017.05.01-10.27.48:737][437]LogTemp: Repeting last play command: Selected Viewport
[2017.05.01-10.27.48:753][437]LogBlueprintUserMessages: Early PlayInEditor Detection: Level '/Game/StarterContent/Maps/Minimal_Default.Minimal_Default:PersistentLevel' has LevelScriptBlueprint '/Game/StarterContent/Maps/Minimal_Default.Minimal_Default:PersistentLevel.Minimal_Default' with GeneratedClass '/Game/StarterContent/Maps/Minimal_Default.Minimal_Default_C' with ClassGeneratedBy '/Game/StarterContent/Maps/Minimal_Default.Minimal_Default:PersistentLevel.Minimal_Default'
[2017.05.01-10.27.48:753][437]LogPlayLevel: PlayLevel: No blueprints needed recompiling
[2017.05.01-10.27.50:873][437]PIE: New page: PIE session: Minimal_Default (May 1, 2017, 2:27:50 PM)
[2017.05.01-10.27.50:873][437]LogPlayLevel: Creating play world package: /Game/StarterContent/Maps/UEDPIE_0_Minimal_Default
[2017.05.01-10.27.50:886][437]LogPlayLevel: PIE: StaticDuplicateObject took: (0.013361s)
[2017.05.01-10.27.50:887][437]LogAIModule: Creating AISystem for world Minimal_Default
[2017.05.01-10.27.50:887][437]LogPlayLevel: PIE: World Init took: (0.000684s)
[2017.05.01-10.27.50:887][437]LogPlayLevel: PIE: Created PIE world by copying editor world from /Game/StarterContent/Maps/Minimal_Default.Minimal_Default to /Game/StarterContent/Maps/UEDPIE_0_Minimal_Default.Minimal_Default (0.014371s)
[2017.05.01-10.27.50:912][437]LogInit: XAudio2 using 'Altavoces (TRITTON KUNAI STEREO HEADSET)' : 2 channels at 44.1 kHz using 16 bits per sample (channel mask 0x3)
[2017.05.01-10.27.50:921][437]LogInit: FAudioDevice initialized.
[2017.05.01-10.27.50:983][437]LogLoad: Game class is 'FirstPersonGameMode_C'
[2017.05.01-10.27.50:991][437]LogWorld: Bringing World /Game/StarterContent/Maps/UEDPIE_0_Minimal_Default.Minimal_Default up for play (max tick rate 0) at 2017.05.01-12.27.50
[2017.05.01-10.27.50:992][437]LogWorld: Bringing up level for play took: 0.007038
[2017.05.01-10.27.51:039][437]LogContentBrowser: Native class hierarchy updated for 'MovieSceneCapture' in 0.0005 seconds. Added 11 classes and 0 folders.
[2017.05.01-10.27.51:043][437]LogPawn:Error: EnableInput can only be specified on a Pawn for its Controller
[2017.05.01-10.27.51:043][437]LogPawn:Error: EnableInput can only be specified on a Pawn for its Controller
[2017.05.01-10.27.51:043][437]PIE: Info Play in editor start time for /Game/StarterContent/Maps/UEDPIE_0_Minimal_Default 1.887
[2017.05.01-10.27.51:043][437]LogBlueprintUserMessages: Late PlayInEditor Detection: Level '/Game/StarterContent/Maps/Minimal_Default.Minimal_Default:PersistentLevel' has LevelScriptBlueprint '/Game/StarterContent/Maps/Minimal_Default.Minimal_Default:PersistentLevel.Minimal_Default' with GeneratedClass '/Game/StarterContent/Maps/Minimal_Default.Minimal_Default_C' with ClassGeneratedBy '/Game/StarterContent/Maps/Minimal_Default.Minimal_Default:PersistentLevel.Minimal_Default'
[2017.05.01-10.27.54:553][811]LogBlueprintUserMessages: Early EndPlayMap Detection: Level '/Game/StarterContent/Maps/Minimal_Default.Minimal_Default:PersistentLevel' has LevelScriptBlueprint '/Game/StarterContent/Maps/Minimal_Default.Minimal_Default:PersistentLevel.Minimal_Default' with GeneratedClass '/Game/StarterContent/Maps/Minimal_Default.Minimal_Default_C' with ClassGeneratedBy '/Game/StarterContent/Maps/Minimal_Default.Minimal_Default:PersistentLevel.Minimal_Default'
[2017.05.01-10.27.54:596][811]LogBlueprintUserMessages: Late EndPlayMap Detection: Level '/Game/StarterContent/Maps/Minimal_Default.Minimal_Default:PersistentLevel' has LevelScriptBlueprint '/Game/StarterContent/Maps/Minimal_Default.Minimal_Default:PersistentLevel.Minimal_Default' with GeneratedClass '/Game/StarterContent/Maps/Minimal_Default.Minimal_Default_C' with ClassGeneratedBy '/Game/StarterContent/Maps/Minimal_Default.Minimal_Default:PersistentLevel.Minimal_Default'
[2017.05.01-10.28.20:078][847]LogEditorViewport: Clicking on Actor (LMB): StaticMeshActor (scene_ptoA_11_1)
[2017.05.01-10.28.21:833][ 47]LogEditorViewport: Clicking on Actor (LMB): TargetActor_C (TargetActor3)
[2017.05.01-10.28.25:158][440]LogEditorViewport: Clicking on Actor (LMB): SpawnAI_C (SpawnAI)
[2017.05.01-10.28.34:211][518]LogEditorViewport: Clicking on Actor (LMB): TargetActor_C (TargetActor3)
[2017.05.01-10.28.49:423][334]LogEditorViewport: Clicking on Actor (LMB): SpawnAI_C (SpawnAI)
[2017.05.01-10.28.51:637][593]LogEditorViewport: Clicking on Actor (LMB): TargetActor_C (TargetActor3)
[2017.05.01-10.28.56:634][185]LogEditorViewport: Clicking on Actor (LMB): TargetActor_C (TargetActor3)
[2017.05.01-10.28.56:715][192]LogEditorViewport: Clicking on Component (LMB): SceneComponent (DefaultSceneRoot1)
[2017.05.01-10.29.07:196][444]LogEditorViewport: Clicking on Actor (LMB): Emitter (P_Muzzle_Flash_Infil1)
[2017.05.01-10.29.08:593][601]LogEditorViewport: Clicking on Actor (LMB): SpawnAI_C (SpawnAI)
[2017.05.01-10.29.10:970][880]LogEditorViewport: Clicking on Actor (LMB): SpawnAI_C (SpawnAI)
[2017.05.01-10.29.11:041][886]LogEditorViewport: Clicking on Component (LMB): SceneComponent (DefaultSceneRoot)
[2017.05.01-10.29.19:409][886]LogEditorViewport: Clicking on Actor (LMB): TargetActor_C (TargetActor3)
[2017.05.01-10.29.21:430][123]LogEditorViewport: Clicking on Actor (LMB): TargetActor_C (TargetActor3)
[2017.05.01-10.29.21:492][128]LogEditorViewport: Clicking on Component (LMB): SceneComponent (DefaultSceneRoot1)
[2017.05.01-10.31.24:374][476]LogEditorViewport: Clicking on Actor (LMB): SpawnAI_C (SpawnAI)
[2017.05.01-10.31.37:592][ 50]LogEditorViewport: Clicking on Actor (LMB): TargetActor_C (TargetActor3)
[2017.05.01-10.31.42:443][627]LogEditorViewport: Clicking on Actor (LMB): SpawnAI_C (SpawnAI)
[2017.05.01-10.31.45:798][ 24]LogEditorViewport: Clicking on Actor (LMB): SpawnAI_C (SpawnAI)
[2017.05.01-10.31.45:874][ 31]LogEditorViewport: Clicking on Component (LMB): SceneComponent (DefaultSceneRoot)
[2017.05.01-10.31.54:692][ 86]LogEditorViewport: Clicking on Actor (LMB): TargetActor_C (TargetActor3)
[2017.05.01-10.31.58:609][551]LogEditorViewport: Clicking on Actor (LMB): SpawnAI_C (SpawnAI)
[2017.05.01-10.32.00:893][820]LogEditorViewport: Clicking on Actor (LMB): TargetActor_C (TargetActor3)
[2017.05.01-10.32.05:973][424]LogEditorViewport: Clicking on Actor (LMB): SpawnAI_C (SpawnAI)
[2017.05.01-10.32.08:605][735]LogEditorViewport: Clicking on Actor (LMB): TargetActor_C (TargetActor3)
[2017.05.01-10.32.11:712][103]LogEditorViewport: Clicking on Actor (LMB): SpawnAI_C (SpawnAI)
[2017.05.01-10.32.12:182][154]LogEditorViewport: Clicking on Actor (LMB): SpawnAI_C (SpawnAI)
[2017.05.01-10.32.12:241][159]LogEditorViewport: Clicking on Component (LMB): SceneComponent (DefaultSceneRoot)
[2017.05.01-10.32.13:683][329]LogEditorViewport: Clicking on Actor (LMB): TargetActor_C (TargetActor3)
[2017.05.01-10.32.14:515][424]LogEditorViewport: Clicking on Actor (LMB): SpawnAI_C (SpawnAI)
[2017.05.01-10.32.14:601][429]LogEditorViewport: Clicking on Component (LMB): SceneComponent (DefaultSceneRoot)
[2017.05.01-10.32.14:862][457]LogEditorViewport: Clicking on Component (LMB): SceneComponent (DefaultSceneRoot)
[2017.05.01-10.32.16:914][702]LogEditorViewport: Clicking on Actor (LMB): TargetActor_C (TargetActor3)
[2017.05.01-10.32.19:719][ 34]LogEditorViewport: Clicking on Actor (LMB): SpawnAI_C (SpawnAI)
[2017.05.01-10.32.22:076][312]LogEditorViewport: Clicking on Actor (LMB): TargetActor_C (TargetActor3)
[2017.05.01-10.32.23:690][501]LogEditorViewport: Clicking on Actor (LMB): SpawnAI_C (SpawnAI)
[2017.05.01-10.32.25:402][700]LogActorFactory: Actor Factory created Sphere
[2017.05.01-10.32.25:405][700]LogMaterial: Missing cached shader map for material BasicShapeMaterial, compiling. 
[2017.05.01-10.32.25:406][700]LogTemp:Display: Added material ShaderMap 0x0000011F56F42B00 with Material 0x0000011FADFC4280 to ShaderMapsBeingCompiled
[2017.05.01-10.32.25:452][700]LogTemp:Display: Kicking off shader compilation for BasicShapeMaterial, GameThreadShaderMap 0x0000011F56F42B00
[2017.05.01-10.32.33:864][686]Cmd: TRANSACTION UNDO
[2017.05.01-10.32.33:864][686]LogEditorTransaction: Undo Clicking on Component (tree view)
[2017.05.01-10.32.34:462][747]Cmd: TRANSACTION UNDO
[2017.05.01-10.32.34:462][747]LogEditorTransaction: Undo Add Component
[2017.05.01-10.32.37:516][100]LogEditorViewport: Clicking on Component (LMB): SceneComponent (DefaultSceneRoot)
[2017.05.01-10.32.37:582][105]LogEditorViewport: Clicking on Actor (double click): SpawnAI_C (SpawnAI)
[2017.05.01-10.32.38:466][192]LogEditorViewport: Clicking on Actor (LMB): SpawnAI_C (SpawnAI)
[2017.05.01-10.32.39:682][322]LogTemp:Display: Finished compile of shader map 0x0000011F56F42B00
[2017.05.01-10.32.39:682][322]LogTemp:Display: Shader map BasicShapeMaterial complete, GameThreadShaderMap 0x0000011F56F42B00, marking material BasicShapeMaterial as finished
[2017.05.01-10.32.39:682][322]LogTemp:Display: Marking material as finished 0x0000011FADFC4280
[2017.05.01-10.34.18:979][815]LogEditorViewport: Clicking on Component (LMB): SceneComponent (DefaultSceneRoot)
[2017.05.01-10.34.19:045][821]LogEditorViewport: Clicking on Actor (double click): SpawnAI_C (SpawnAI)
[2017.05.01-10.34.55:249][479]Cmd: TRANSACTION UNDO
[2017.05.01-10.34.55:249][479]LogEditorTransaction: Undo Remove Variable
[2017.05.01-10.34.55:593][513]Cmd: TRANSACTION UNDO
[2017.05.01-10.34.55:593][513]LogEditorTransaction: Undo Add Variable
[2017.05.01-10.34.56:042][561]Cmd: TRANSACTION UNDO
[2017.05.01-10.34.56:042][561]LogEditorTransaction: Undo Clicking on Actors (double-click)
[2017.05.01-10.34.57:189][694]Cmd: TRANSACTION UNDO
[2017.05.01-10.34.57:189][694]LogEditorTransaction: Undo Move Components
[2017.05.01-10.34.57:589][738]Cmd: TRANSACTION UNDO
[2017.05.01-10.34.57:589][738]LogEditorTransaction: Undo Clicking on Component (tree view)
[2017.05.01-10.34.57:876][768]Cmd: TRANSACTION UNDO
[2017.05.01-10.34.57:876][768]LogEditorTransaction: Undo Clicking on Actors
[2017.05.01-10.35.05:749][998]LogUObjectGlobals:Warning: Failed to find object 'Class None.None'
[2017.05.01-10.35.08:557][998]LogActorComponent: UnregisterComponent: (/Engine/Transient.EditorFloorComp) Not registered. Aborting.
[2017.05.01-10.35.08:618][998]LogActorComponent: UnregisterComponent: (/Engine/Transient.EditorFloorComp) Not registered. Aborting.
[2017.05.01-10.35.13:911][998]LogObjectTools:Warning: ForceReplaceReferences replaced references for a transient object 'DEADCLASS_SpawnAI_C_1' or package '/Engine/Transient'.
[2017.05.01-10.35.13:911][998]LogObjectTools:Warning: ForceReplaceReferences replaced references for a transient object 'UserConstructionScript' or package '/Engine/Transient'.
[2017.05.01-10.35.13:911][998]LogObjectTools:Warning: ForceReplaceReferences replaced references for a transient object 'DefaultSceneRoot' or package '/Engine/Transient'.
[2017.05.01-10.35.13:911][998]LogObjectTools:Warning: ForceReplaceReferences replaced references for a transient object 'DefaultSceneRoot_GEN_VARIABLE' or package '/Engine/Transient'.
[2017.05.01-10.35.13:911][998]LogObjectTools:Warning: ForceReplaceReferences replaced references for a transient object 'SimpleConstructionScript_0' or package '/Engine/Transient'.
[2017.05.01-10.35.13:911][998]LogObjectTools:Warning: ForceReplaceReferences replaced references for a transient object 'DEADCLASS_SpawnAI_C_0' or package '/Engine/Transient'.
[2017.05.01-10.35.13:911][998]LogObjectTools:Warning: ForceReplaceReferences replaced references for a transient object 'NewVar_0' or package '/Engine/Transient'.
[2017.05.01-10.35.13:911][998]LogObjectTools:Warning: ForceReplaceReferences replaced references for a transient object 'K2Node_DynamicCast_53' or package '/Game/FirstPersonBP/IA/zona_triggerbox_bp'.
[2017.05.01-10.35.13:911][998]LogObjectTools:Warning: ForceReplaceReferences replaced references for a transient object 'K2Node_CallFunction_193' or package '/Game/FirstPersonBP/IA/zona_triggerbox_bp'.
[2017.05.01-10.35.13:911][998]LogObjectTools:Warning: ForceReplaceReferences replaced references for a transient object 'SpawnsAI' or package '/Engine/Transient'.
[2017.05.01-10.35.13:911][998]LogObjectTools:Warning: ForceReplaceReferences replaced references for a transient object 'SpawnsAI' or package '/Game/FirstPersonBP/IA/zona_triggerbox_bp'.
[2017.05.01-10.35.13:911][998]LogObjectTools:Warning: ForceReplaceReferences replaced references for a transient object 'SpawnsAI' or package '/Engine/Transient'.
[2017.05.01-10.35.13:911][998]LogObjectTools:Warning: ForceReplaceReferences replaced references for a transient object 'SpawnsAI' or package '/Engine/Transient'.
[2017.05.01-10.35.13:911][998]LogObjectTools:Warning: ForceReplaceReferences replaced references for a transient object 'REINST_SKEL_SpawnAI_C_246' or package '/Engine/Transient'.
[2017.05.01-10.35.13:911][998]LogObjectTools:Warning: ForceReplaceReferences replaced references for a transient object 'REINST_SpawnAI_C_245' or package '/Engine/Transient'.
[2017.05.01-10.35.20:391][546]LogSavePackage: Save=257.41ms
[2017.05.01-10.35.20:391][546]LogSavePackage: Moving 'D:/Github/LastBulletVR/LastBullet/Saved/Minimal_Default_Auto175D7E837476C6BCE1668049120867216.tmp' to 'D:/Github/LastBulletVR/LastBullet/Saved/Autosaves/Game/StarterContent/Maps/Minimal_Default_Auto1.umap'
[2017.05.01-10.35.20:392][546]LogSavePackage:Display: Finished SavePackage D:/Github/LastBulletVR/LastBullet/Saved/Autosaves/Game/StarterContent/Maps/Minimal_Default_Auto1.umap
[2017.05.01-10.35.20:393][546]LogFileHelpers: Editor autosave (incl. sublevels) for '/Game/StarterContent/Maps/Minimal_Default' took 0.275
[2017.05.01-10.35.20:393][546]LogFileHelpers: Editor autosave (incl. sublevels) for all levels took 0.275
[2017.05.01-10.35.20:394][546]OBJ SavePackage: Generating thumbnails for [0] asset(s) in package [/Game/FirstPersonBP/IA/zona_triggerbox_bp] ([1] browsable assets)...
[2017.05.01-10.35.20:394][546]OBJ SavePackage: Finished generating thumbnails for package [/Game/FirstPersonBP/IA/zona_triggerbox_bp]
[2017.05.01-10.35.20:422][546]LogSavePackage: Save=25.24ms
[2017.05.01-10.35.20:422][546]LogSavePackage: Moving 'D:/Github/LastBulletVR/LastBullet/Saved/zona_triggerbox_bp_Auto178E6B1254F23D866817ABDAB82612E43.tmp' to 'D:/Github/LastBulletVR/LastBullet/Saved/Autosaves/Game/FirstPersonBP/IA/zona_triggerbox_bp_Auto1.uasset'
[2017.05.01-10.35.20:423][546]LogSavePackage:Display: Finished SavePackage D:/Github/LastBulletVR/LastBullet/Saved/Autosaves/Game/FirstPersonBP/IA/zona_triggerbox_bp_Auto1.uasset
[2017.05.01-10.35.20:423][546]OBJ SavePackage: Generating thumbnails for [0] asset(s) in package [/Game/FirstPersonBP/IA/NewBlueprint] ([1] browsable assets)...
[2017.05.01-10.35.20:423][546]OBJ SavePackage: Finished generating thumbnails for package [/Game/FirstPersonBP/IA/NewBlueprint]
[2017.05.01-10.35.20:423][546]Cmd: OBJ SAVEPACKAGE PACKAGE="/Game/FirstPersonBP/IA/NewBlueprint" FILE="D:/Github/LastBulletVR/LastBullet/Saved/Autosaves/Game/FirstPersonBP/IA/NewBlueprint_Auto1.uasset" SILENT=false AUTOSAVING=true
[2017.05.01-10.35.20:451][546]LogSavePackage: Save=4.55ms
[2017.05.01-10.35.20:451][546]LogSavePackage: Moving 'D:/Github/LastBulletVR/LastBullet/Saved/NewBlueprint_Auto17F36F6DC4C3DF8FED7B6BFBD54FAED9B.tmp' to 'D:/Github/LastBulletVR/LastBullet/Saved/Autosaves/Game/FirstPersonBP/IA/NewBlueprint_Auto1.uasset'
[2017.05.01-10.35.20:452][546]LogSavePackage:Display: Finished SavePackage D:/Github/LastBulletVR/LastBullet/Saved/Autosaves/Game/FirstPersonBP/IA/NewBlueprint_Auto1.uasset
[2017.05.01-10.35.20:452][546]LogFileHelpers: Auto-saving content packages took 0.059
[2017.05.01-10.35.33:201][ 61]Cmd: OBJ SAVEPACKAGE PACKAGE="/Game/FirstPersonBP/IA/IAspawn" FILE="D:/Github/LastBulletVR/LastBullet/Content/FirstPersonBP/IA/IAspawn.uasset" SILENT=true
[2017.05.01-10.35.33:206][ 61]LogSavePackage: Save=4.34ms
[2017.05.01-10.35.33:206][ 61]LogSavePackage: Moving 'D:/Github/LastBulletVR/LastBullet/Saved/IAspawn62E232B14E1CA236AE56C2BE3D80A34E.tmp' to 'D:/Github/LastBulletVR/LastBullet/Content/FirstPersonBP/IA/IAspawn.uasset'
[2017.05.01-10.35.33:207][ 61]LogSavePackage:Display: Finished SavePackage D:/Github/LastBulletVR/LastBullet/Content/FirstPersonBP/IA/IAspawn.uasset
[2017.05.01-10.35.33:208][ 61]LogMetaData: Removing '/Game/FirstPersonBP/IA/IAspawn.IAspawn:EventGraph.K2Node_Event_5' ref from Metadata '/Game/FirstPersonBP/IA/NewBlueprint.PackageMetaData'
[2017.05.01-10.35.33:208][ 61]LogMetaData: Removing '/Game/FirstPersonBP/IA/IAspawn.IAspawn:EventGraph.K2Node_Event_4' ref from Metadata '/Game/FirstPersonBP/IA/NewBlueprint.PackageMetaData'
[2017.05.01-10.35.33:208][ 61]LogMetaData: Removing '/Game/FirstPersonBP/IA/IAspawn.IAspawn:EventGraph.K2Node_Event_3' ref from Metadata '/Game/FirstPersonBP/IA/NewBlueprint.PackageMetaData'
[2017.05.01-10.35.33:208][ 61]LogMetaData: Removing '/Game/FirstPersonBP/IA/IAspawn.IAspawn_C' ref from Metadata '/Game/FirstPersonBP/IA/NewBlueprint.PackageMetaData'
[2017.05.01-10.35.33:208][ 61]LogMetaData: Removing '/Game/FirstPersonBP/IA/IAspawn.SKEL_IAspawn_C' ref from Metadata '/Game/FirstPersonBP/IA/NewBlueprint.PackageMetaData'
[2017.05.01-10.35.33:208][ 61]LogMetaData: Removing '/Game/FirstPersonBP/IA/IAspawn.IAspawn:UserConstructionScript.K2Node_FunctionEntry_1' ref from Metadata '/Game/FirstPersonBP/IA/NewBlueprint.PackageMetaData'
[2017.05.01-10.35.33:225][ 61]Cmd: OBJ SAVEPACKAGE PACKAGE="/Game/FirstPersonBP/IA/IAspawn" FILE="D:/Github/LastBulletVR/LastBullet/Content/FirstPersonBP/IA/IAspawn.uasset" SILENT=true
[2017.05.01-10.35.33:231][ 61]LogSavePackage: Save=4.44ms
[2017.05.01-10.35.33:231][ 61]LogSavePackage: Moving 'D:/Github/LastBulletVR/LastBullet/Saved/IAspawn7B266FA941F15CB6DC77D589A49B7BA7.tmp' to 'D:/Github/LastBulletVR/LastBullet/Content/FirstPersonBP/IA/IAspawn.uasset'
[2017.05.01-10.35.33:232][ 61]LogSavePackage:Display: Finished SavePackage D:/Github/LastBulletVR/LastBullet/Content/FirstPersonBP/IA/IAspawn.uasset
[2017.05.01-10.37.32:304][227]Cmd: TRANSACTION UNDO
[2017.05.01-10.37.32:304][227]LogEditorTransaction: Undo Create Actors
[2017.05.01-10.37.43:013][215]Cmd: OBJ SAVEPACKAGE PACKAGE="/Game/FirstPersonBP/IA/IASpawn" FILE="D:/Github/LastBulletVR/LastBullet/Content/FirstPersonBP/IA/IASpawn.uasset" SILENT=true
[2017.05.01-10.37.43:018][215]LogSavePackage: Save=4.35ms
[2017.05.01-10.37.43:018][215]LogSavePackage: Moving 'D:/Github/LastBulletVR/LastBullet/Saved/IASpawn513003AE4925AC6EA334B089C4F2150D.tmp' to 'D:/Github/LastBulletVR/LastBullet/Content/FirstPersonBP/IA/IASpawn.uasset'
[2017.05.01-10.37.43:019][215]LogSavePackage:Display: Finished SavePackage D:/Github/LastBulletVR/LastBullet/Content/FirstPersonBP/IA/IASpawn.uasset
[2017.05.01-10.37.44:443][368]Cmd: OBJ SAVEPACKAGE PACKAGE="/Game/FirstPersonBP/IA/IASpawn" FILE="D:/Github/LastBulletVR/LastBullet/Content/FirstPersonBP/IA/IASpawn.uasset" SILENT=true
[2017.05.01-10.37.44:450][368]LogSavePackage: Save=4.31ms
[2017.05.01-10.37.44:450][368]LogSavePackage: Moving 'D:/Github/LastBulletVR/LastBullet/Saved/IASpawn879767F2431F3F5A0A5103B7D1C69621.tmp' to 'D:/Github/LastBulletVR/LastBullet/Content/FirstPersonBP/IA/IASpawn.uasset'
[2017.05.01-10.37.44:451][368]LogSavePackage:Display: Finished SavePackage D:/Github/LastBulletVR/LastBullet/Content/FirstPersonBP/IA/IASpawn.uasset
[2017.05.01-10.38.02:075][ 78]Cmd: OBJ SAVEPACKAGE PACKAGE="/Game/FirstPersonBP/IA/IAspawn" FILE="D:/Github/LastBulletVR/LastBullet/Content/FirstPersonBP/IA/IAspawn.uasset" SILENT=true
[2017.05.01-10.38.02:082][ 78]LogSavePackage: Save=6.32ms
[2017.05.01-10.38.02:082][ 78]LogSavePackage: Moving 'D:/Github/LastBulletVR/LastBullet/Saved/IAspawn6A30FA6648A51F2767CA298A368BCA1F.tmp' to 'D:/Github/LastBulletVR/LastBullet/Content/FirstPersonBP/IA/IAspawn.uasset'
[2017.05.01-10.38.02:083][ 78]LogSavePackage:Display: Finished SavePackage D:/Github/LastBulletVR/LastBullet/Content/FirstPersonBP/IA/IAspawn.uasset
[2017.05.01-10.38.02:084][ 78]LogMetaData: Removing '/Game/FirstPersonBP/IA/IAspawn.SKEL_IAspawn_C' ref from Metadata '/Game/FirstPersonBP/IA/TargetActor_2.PackageMetaData'
[2017.05.01-10.38.02:084][ 78]LogMetaData: Removing '/Game/FirstPersonBP/IA/IAspawn.IAspawn_C' ref from Metadata '/Game/FirstPersonBP/IA/TargetActor_2.PackageMetaData'
[2017.05.01-10.38.02:100][ 78]Cmd: OBJ SAVEPACKAGE PACKAGE="/Game/FirstPersonBP/IA/IAspawn" FILE="D:/Github/LastBulletVR/LastBullet/Content/FirstPersonBP/IA/IAspawn.uasset" SILENT=true
[2017.05.01-10.38.02:109][ 78]LogSavePackage: Save=6.12ms
[2017.05.01-10.38.02:109][ 78]LogSavePackage: Moving 'D:/Github/LastBulletVR/LastBullet/Saved/IAspawn870157124A806698AA788B91B5FD15EE.tmp' to 'D:/Github/LastBulletVR/LastBullet/Content/FirstPersonBP/IA/IAspawn.uasset'
[2017.05.01-10.38.02:110][ 78]LogSavePackage:Display: Finished SavePackage D:/Github/LastBulletVR/LastBullet/Content/FirstPersonBP/IA/IAspawn.uasset
[2017.05.01-10.38.36:586][888]Cmd: DELETE
[2017.05.01-10.38.36:586][888]Cmd: ACTOR DELETE
[2017.05.01-10.38.36:590][888]LogEditorActor: Deleted Actor: IAspawn_C
[2017.05.01-10.38.36:605][888]LogEditorActor: Deleted 1 Actors (0.016 secs)
[2017.05.01-10.39.04:747][796]BlueprintLog: New page: Compile IAspawn
[2017.05.01-10.39.04:847][796]Cmd: OBJ SAVEPACKAGE PACKAGE="/Game/FirstPersonBP/IA/IAspawn" FILE="D:/Github/LastBulletVR/LastBullet/Content/FirstPersonBP/IA/IAspawn.uasset" SILENT=true
[2017.05.01-10.39.04:855][796]LogSavePackage: Save=6.01ms
[2017.05.01-10.39.04:855][796]LogSavePackage: Moving 'D:/Github/LastBulletVR/LastBullet/Saved/IAspawn9AC31BF74AF86047F6D7F698EF2A18DA.tmp' to 'D:/Github/LastBulletVR/LastBullet/Content/FirstPersonBP/IA/IAspawn.uasset'
[2017.05.01-10.39.04:857][796]LogSavePackage:Display: Finished SavePackage D:/Github/LastBulletVR/LastBullet/Content/FirstPersonBP/IA/IAspawn.uasset
[2017.05.01-10.39.20:742][553]LogEditorViewport: Clicking on Actor (LMB): AICharacter_C (AICharacter2)
[2017.05.01-10.39.21:942][681]Cmd: DELETE
[2017.05.01-10.39.21:942][681]Cmd: ACTOR DELETE
[2017.05.01-10.39.21:942][681]LogEditorActor: Deleted Actor: AICharacter_C
[2017.05.01-10.39.21:956][681]LogEditorActor: Deleted 1 Actors (0.014 secs)
[2017.05.01-10.39.49:106][500]LogSlate:Warning: Prevented a slow task dialog from being summoned while a context menu was open
[2017.05.01-10.40.19:641][582]LogWindows: Windows GetLastError: La operación se completó correctamente. (0)
