Log file open, 04/26/17 18:47:15
LogInit:Display: Running engine for game: LastBullet
LogPlatformFile: Not using cached read wrapper
LogInit:Display: RandInit(2143331113) SRandInit(2143331113).
LogTaskGraph: Started task graph with 5 named threads and 8 total threads with 1 sets of task threads.
LogStats: Stats thread started at 0.081110
LogInit: Using libcurl 7.47.1
LogInit:  - built for x86_64-pc-win32
LogInit:  - supports SSL with OpenSSL/1.0.2g
LogInit:  - supports HTTP deflate (compression) using libz 1.2.8
LogInit:  - other features:
LogInit:      CURL_VERSION_SSL
LogInit:      CURL_VERSION_LIBZ
LogInit:      CURL_VERSION_IPV6
LogInit:      CURL_VERSION_ASYNCHDNS
LogInit:      CURL_VERSION_LARGEFILE
LogInit:      CURL_VERSION_IDN
LogInit:  CurlRequestOptions (configurable via config and command line):
LogInit:  - bVerifyPeer = false  - Libcurl will NOT verify peer certificate
LogInit:  - bUseHttpProxy = false  - Libcurl will NOT use HTTP proxy
LogInit:  - bDontReuseConnections = false  - Libcurl will reuse connections
LogInit:  - CertBundlePath = nullptr  - Libcurl will use whatever was configured at build time.
LogInit: Build: ++UE4+Release-4.15-CL-3348071
LogInit: Engine Version: 4.15.1-3348071+++UE4+Release-4.15
LogInit: Compatible Engine Version: 4.15.0-3299760+++UE4+Release-4.15
LogInit: Net CL: 3299760
LogDevObjectVersion: Number of dev versions registered: 14
LogDevObjectVersion:   Dev-Blueprints (B0D832E4-1F89-4F0D-ACCF-7EB736FD4AA2): 8
LogDevObjectVersion:   Dev-Build (E1C64328-A22C-4D53-A36C-8E866417BD8C): 0
LogDevObjectVersion:   Dev-Core (375EC13C-06E4-48FB-B500-84F0262A717E): 2
LogDevObjectVersion:   Dev-Editor (E4B068ED-F494-42E9-A231-DA0B2E46BB41): 14
LogDevObjectVersion:   Dev-Framework (CFFC743F-43B0-4480-9391-14DF171D2073): 22
LogDevObjectVersion:   Dev-Mobile (B02B49B5-BB20-44E9-A304-32B752E40360): 0
LogDevObjectVersion:   Dev-Networking (A4E4105C-59A1-49B5-A7C5-40C4547EDFEE): 0
LogDevObjectVersion:   Dev-Online (39C831C9-5AE6-47DC-9A44-9C173E1C8E7C): 0
LogDevObjectVersion:   Dev-Physics (78F01B33-EBEA-4F98-B9B4-84EACCB95AA2): 0
LogDevObjectVersion:   Dev-Platform (6631380F-2D4D-43E0-8009-CF276956A95A): 0
LogDevObjectVersion:   Dev-Rendering (12F88B9F-8875-4AFC-A67C-D90C383ABD29): 12
LogDevObjectVersion:   Dev-Sequencer (7B5AE74C-D270-4C10-A958-57980B212A5A): 3
LogDevObjectVersion:   Dev-VR (D7296918-1DD6-4BDD-9DE2-64A83CC13884): 0
LogDevObjectVersion:   Dev-LoadTimes (C2A15278-BFE7-4AFE-6C17-90FF531DF755): 1
LogInit: Compiled (64-bit): Mar 15 2017 16:52:47
LogInit: Compiled with Visual C++: 19.00.23026.00
LogInit: Build Configuration: Development
LogInit: Branch Name: ++UE4+Release-4.15
LogInit: Command line: -EpicPortal 
LogInit: Base directory: C:/Program Files/Epic Games/UE_4.15/Engine/Binaries/Win64/
LogInit: Installed Engine Build: 1
LogInit: Presizing for max 8388607 objects, including 0 objects not considered by GC, pre-allocating 0 bytes for permanent pool.
LogInit: Object subsystem initialized
[2017.04.26-16.47.16:694][  0]LogInit: Selected Device Profile: [Windows]
[2017.04.26-16.47.16:694][  0]LogInit: Applying CVar settings loaded from the selected device profile: [Windows]
[2017.04.26-16.47.16:706][  0]LogInit: Computer: DESKTOP-Q2F06UF
[2017.04.26-16.47.16:706][  0]LogInit: User: jose
[2017.04.26-16.47.16:706][  0]LogInit: CPU Page size=65536, Cores=4
[2017.04.26-16.47.16:706][  0]LogInit: High frequency timer resolution =2.531250 MHz
[2017.04.26-16.47.16:707][  0]LogMemory: Memory total: Physical=7.9GB (8GB approx)
[2017.04.26-16.47.16:707][  0]LogMemory: Platform Memory Stats for Windows
[2017.04.26-16.47.16:707][  0]LogMemory: Process Physical Memory: 263.74 MB used, 263.74 MB peak
[2017.04.26-16.47.16:707][  0]LogMemory: Process Virtual Memory: 262.75 MB used, 262.75 MB peak
[2017.04.26-16.47.16:707][  0]LogMemory: Physical Memory: 6112.66 MB used,  1955.86 MB free, 8068.52 MB total
[2017.04.26-16.47.16:707][  0]LogMemory: Virtual Memory: 645.23 MB used,  1955.86 MB free, 134217728.00 MB total
[2017.04.26-16.47.16:794][  0]LogInit: Overriding culture en with editor configuration.
[2017.04.26-16.47.17:473][  0]LogD3D11RHI: D3D11 adapters:
[2017.04.26-16.47.18:056][  0]LogD3D11RHI:    0. 'NVIDIA GeForce GTX 960M' (Feature Level 11_0)
[2017.04.26-16.47.18:056][  0]LogD3D11RHI:       2018/0/4034 MB DedicatedVideo/DedicatedSystem/SharedSystem, Outputs:1, VendorId:0x10de
[2017.04.26-16.47.18:065][  0]LogD3D11RHI:    1. 'Intel(R) HD Graphics 530' (Feature Level 11_0)
[2017.04.26-16.47.18:065][  0]LogD3D11RHI:       128/0/4034 MB DedicatedVideo/DedicatedSystem/SharedSystem, Outputs:0, VendorId:0x8086
[2017.04.26-16.47.18:066][  0]LogD3D11RHI:    2. 'Microsoft Basic Render Driver' (Feature Level 11_0)
[2017.04.26-16.47.18:066][  0]LogD3D11RHI:       0/0/4034 MB DedicatedVideo/DedicatedSystem/SharedSystem, Outputs:0, VendorId:0x1414
[2017.04.26-16.47.18:066][  0]LogD3D11RHI: Chosen D3D11 Adapter: 0
[2017.04.26-16.47.18:071][  0]LogD3D11RHI: Creating new Direct3DDevice
[2017.04.26-16.47.18:071][  0]LogD3D11RHI:     GPU DeviceId: 0x139b (for the marketing name, search the web for "GPU Device Id")
[2017.04.26-16.47.18:071][  0]LogWindows: EnumDisplayDevices:
[2017.04.26-16.47.18:071][  0]LogWindows:    0. 'Intel(R) HD Graphics 530' (P:1 D:1)
[2017.04.26-16.47.18:071][  0]LogWindows:    1. 'Intel(R) HD Graphics 530' (P:0 D:0)
[2017.04.26-16.47.18:071][  0]LogWindows:    2. 'Intel(R) HD Graphics 530' (P:0 D:0)
[2017.04.26-16.47.18:072][  0]LogWindows:    3. 'Intel(R) HD Graphics 530' (P:0 D:0)
[2017.04.26-16.47.18:072][  0]LogWindows:    4. 'Intel(R) HD Graphics 530' (P:0 D:0)
[2017.04.26-16.47.18:072][  0]LogWindows:    5. 'Intel(R) HD Graphics 530' (P:0 D:0)
[2017.04.26-16.47.18:072][  0]LogWindows:    6. 'Intel(R) HD Graphics 530' (P:0 D:0)
[2017.04.26-16.47.18:072][  0]LogWindows:    7. 'Intel(R) HD Graphics 530' (P:0 D:0)
[2017.04.26-16.47.18:072][  0]LogWindows:    8. 'Intel(R) HD Graphics 530' (P:0 D:0)
[2017.04.26-16.47.18:072][  0]LogWindows: DebugString: PrimaryIsNotTheChoosenAdapter PrimaryIsNotTheChoosenAdapter PrimaryIsNotTheChoosenAdapter PrimaryIsNotTheChoosenAdapter PrimaryIsNotTheChoosenAdapter PrimaryIsNotTheChoosenAdapter PrimaryIsNotTheChoosenAdapter PrimaryIsNotTheChoosenAdapter PrimaryIsNotTheChoosenAdapter FoundDriverCount:0 
[2017.04.26-16.47.18:072][  0]LogD3D11RHI:     Adapter Name: NVIDIA GeForce GTX 960M
[2017.04.26-16.47.18:072][  0]LogD3D11RHI:   Driver Version: Unknown (internal:Unknown, unified:Unknown)
[2017.04.26-16.47.18:072][  0]LogD3D11RHI:      Driver Date: Unknown
[2017.04.26-16.47.18:072][  0]LogRHI: Texture pool is 1361 MB (70% of 1945 MB)
[2017.04.26-16.47.18:620][  0]LogD3D11RHI: Async texture creation enabled
[2017.04.26-16.47.18:676][  0]LogD3D11RHI: GPU Timing Frequency: 1000.000000 (Debug: 2 1)
[2017.04.26-16.47.18:677][  0]LogShaderCompilers: Guid format shader working directory is -24 characters bigger than the processId version (../../../../../../Users/jose_/Documents/GitHub/LastBulletVR/LastBullet/Intermediate/Shaders/WorkingDirectory/2312/).
[2017.04.26-16.47.18:677][  0]LogShaderCompilers: Cleaned the shader compiler working directory 'C:/Users/jose_/AppData/Local/Temp/UnrealShaderWorkingDir/347968C7423D88E49978E89E6DF5FEF7/'.
[2017.04.26-16.47.18:677][  0]LogShaderCompilers:Display: Using Local Shader Compiler.
[2017.04.26-16.47.19:752][  0]LogTemp:Display: Loaded TP AllDesktopTargetPlatform
[2017.04.26-16.47.19:806][  0]LogTemp:Display: Loaded TP MacClientTargetPlatform
[2017.04.26-16.47.19:861][  0]LogTemp:Display: Loaded TP MacNoEditorTargetPlatform
[2017.04.26-16.47.19:915][  0]LogTemp:Display: Loaded TP MacServerTargetPlatform
[2017.04.26-16.47.19:970][  0]LogTemp:Display: Loaded TP MacTargetPlatform
[2017.04.26-16.47.20:024][  0]LogTemp:Display: Loaded TP WindowsClientTargetPlatform
[2017.04.26-16.47.20:079][  0]LogTemp:Display: Loaded TP WindowsNoEditorTargetPlatform
[2017.04.26-16.47.20:134][  0]LogTemp:Display: Loaded TP WindowsServerTargetPlatform
[2017.04.26-16.47.20:179][  0]LogTemp:Display: Loaded TP WindowsTargetPlatform
[2017.04.26-16.47.20:232][  0]LogTemp:Display: Loaded TP AndroidTargetPlatform
[2017.04.26-16.47.20:285][  0]LogTemp:Display: Loaded TP Android_ASTCTargetPlatform
[2017.04.26-16.47.20:339][  0]LogTemp:Display: Loaded TP Android_ATCTargetPlatform
[2017.04.26-16.47.20:392][  0]LogTemp:Display: Loaded TP Android_DXTTargetPlatform
[2017.04.26-16.47.20:445][  0]LogTemp:Display: Loaded TP Android_ETC1TargetPlatform
[2017.04.26-16.47.20:502][  0]LogTemp:Display: Loaded TP Android_ETC2TargetPlatform
[2017.04.26-16.47.20:606][  0]LogTemp:Display: Loaded TP Android_MultiTargetPlatform
[2017.04.26-16.47.20:606][  0]LogTemp:Display: Loaded TP Android_PVRTCTargetPlatform
[2017.04.26-16.47.20:644][  0]LogTemp:Display: Loaded TP HTML5TargetPlatform
[2017.04.26-16.47.20:740][  0]LogTemp:Display: Loaded TP IOSTargetPlatform
[2017.04.26-16.47.20:775][  0]LogTemp:Display: Loaded TP TVOSTargetPlatform
[2017.04.26-16.47.20:828][  0]LogTemp:Display: Loaded TP LinuxClientTargetPlatform
[2017.04.26-16.47.20:884][  0]LogTemp:Display: Loaded TP LinuxNoEditorTargetPlatform
[2017.04.26-16.47.20:936][  0]LogTemp:Display: Loaded TP LinuxServerTargetPlatform
[2017.04.26-16.47.20:989][  0]LogTemp:Display: Loaded TP LinuxTargetPlatform
[2017.04.26-16.47.20:989][  0]LogTargetPlatformManager:Display: Building Assets For Windows
[2017.04.26-16.47.21:415][  0]LogDerivedDataCache:Display: Max Cache Size: 512 MB
[2017.04.26-16.47.21:476][  0]LogDerivedDataCache: Loaded boot cache 0.06s 50MB C:/Users/jose_/AppData/Local/UnrealEngine/4.15/DerivedDataCache/Boot.ddc.
[2017.04.26-16.47.21:476][  0]LogDerivedDataCache:Display: Loaded Boot cache: C:/Users/jose_/AppData/Local/UnrealEngine/4.15/DerivedDataCache/Boot.ddc
[2017.04.26-16.47.21:476][  0]LogDerivedDataCache: FDerivedDataBackendGraph:  Pak pak cache file ../../../../../../Users/jose_/Documents/GitHub/LastBulletVR/LastBullet/DerivedDataCache/DDC.ddp not found, will not use a pak cache.
[2017.04.26-16.47.21:476][  0]LogDerivedDataCache: Unable to find inner node Pak for hierarchical cache Hierarchy.
[2017.04.26-16.47.21:476][  0]LogDerivedDataCache: FDerivedDataBackendGraph:  CompressedPak pak cache file ../../../../../../Users/jose_/Documents/GitHub/LastBulletVR/LastBullet/DerivedDataCache/Compressed.ddp not found, will not use a pak cache.
[2017.04.26-16.47.21:476][  0]LogDerivedDataCache: Unable to find inner node CompressedPak for hierarchical cache Hierarchy.
[2017.04.26-16.47.21:495][  0]LogDerivedDataCache:Display: Pak cache opened for reading ../../../Engine/DerivedDataCache/Compressed.ddp.
[2017.04.26-16.47.21:508][  0]LogDerivedDataCache: Using Local data cache path C:/Users/jose_/AppData/Local/UnrealEngine/Common/DerivedDataCache: Writable
[2017.04.26-16.47.21:518][  0]LogSlate: Using Freetype 2.6.0
[2017.04.26-16.47.21:518][  0]LogSlate: SlateFontCache - WITH_FREETYPE: 1, WITH_HARFBUZZ: 1
[2017.04.26-16.47.21:518][  0]LogSlate: SlateFontCache - WITH_FREETYPE: 1, WITH_HARFBUZZ: 1
[2017.04.26-16.47.21:790][  0]LogInit: Selected Device Profile: [Windows]
[2017.04.26-16.47.21:793][  0]LogContentStreaming: Texture pool size is 0.00 MB
[2017.04.26-16.47.21:993][  0]LogMeshUtilities: Using QuadricMeshReduction for automatic static mesh reduction
[2017.04.26-16.47.22:034][  0]LogSimplygon: Simplygon DLL not present - disabling.
[2017.04.26-16.47.22:077][  0]LogMeshUtilities: Using SimplygonSwarm for distributed automatic mesh merging
[2017.04.26-16.47.22:077][  0]LogMeshUtilities: No automatic skeletal mesh reduction module available
[2017.04.26-16.47.22:077][  0]LogMeshUtilities: No automatic mesh merging module available
[2017.04.26-16.47.22:637][  0]LogNetVersion: GetLocalNetworkVersion: CL: 3299760, ProjectName: lastbullet, ProjectVersion: , EngineNetworkVersion: 2, GameNetworkVersion: 0, NetworkChecksum: 1522868599
[2017.04.26-16.47.22:682][  0]LogAssetRegistry: FAssetRegistry took 0.0216 seconds to start up
[2017.04.26-16.47.22:720][  0]LogPackageLocalizationCache: Processed 3 localized package path(s) for 1 prioritized culture(s) in 0.014959 seconds
[2017.04.26-16.47.22:726][  0]LogUObjectArray: 32493 objects as part of root set at end of initial load.
[2017.04.26-16.47.22:726][  0]LogUObjectAllocator: 7077032 out of 0 bytes used by permanent object pool.
[2017.04.26-16.47.22:726][  0]LogUObjectArray: CloseDisregardForGC: 0/0 objects in disregard for GC pool
[2017.04.26-16.47.22:787][  0]LogInit: WinSock: version 1.1 (2.2), MaxSocks=32767, MaxUdp=65467
[2017.04.26-16.47.24:322][  0]LogTcpMessaging: Initializing TcpMessaging bridge
[2017.04.26-16.47.24:360][  0]LogUdpMessaging: Initializing bridge on interface 0.0.0.0:0 to multicast group 230.0.0.1:6666.
[2017.04.26-16.47.24:795][  0]LogMaterial: Uniform references updated for custom material expression Custom.
[2017.04.26-16.47.25:161][  0]SourceControl: Info Source control is disabled
[2017.04.26-16.47.25:161][  0]SourceControl: Info Source control is disabled
[2017.04.26-16.47.25:210][  0]SourceControl: Info Source control is disabled
[2017.04.26-16.47.25:254][  0]SourceControl: Info Source control is disabled
[2017.04.26-16.47.26:427][  0]LogEngine: Initializing Engine...
[2017.04.26-16.47.26:427][  0]LogHMD: Failed to initialize OpenVR with code 110
[2017.04.26-16.47.26:657][  0]LogAIModule: Creating AISystem for world Untitled
[2017.04.26-16.47.26:663][  0]LogInit: XAudio2 using 'Altavoces (Realtek High Definition Audio)' : 2 channels at 48 kHz using 32 bits per sample (channel mask 0x3)
[2017.04.26-16.47.26:705][  0]LogInit: FAudioDevice initialized.
[2017.04.26-16.47.26:735][  0]LogDerivedDataCache: Saved boot cache 0.03s 50MB C:/Users/jose_/AppData/Local/UnrealEngine/4.15/DerivedDataCache/Boot.ddc.
[2017.04.26-16.47.26:742][  0]LogInit: Texture streaming: Enabled
[2017.04.26-16.47.26:833][  0]LogEngineSessionManager: EngineSessionManager initialized
[2017.04.26-16.47.26:916][  0]LogInit: Transaction tracking system initialized
[2017.04.26-16.47.27:253][  0]BlueprintLog: New page: Editor Load
[2017.04.26-16.47.28:095][  0]LocalizationService: Info Localization service is disabled
[2017.04.26-16.47.28:729][  0]LogConsoleResponse:Display: 
[2017.04.26-16.47.28:854][  0]LogCook:Display: Max memory allowance for cook 16384mb min free memory 0mb
[2017.04.26-16.47.28:854][  0]LogCook:Display: Mobile HDR setting 1
[2017.04.26-16.47.29:057][  0]LogFileCache: Scanning file cache for directory 'C:/Users/jose_/Documents/GitHub/LastBulletVR/LastBullet/Content/' took 0.02s
[2017.04.26-16.47.29:826][  0]SourceControl: Info Source control is disabled
[2017.04.26-16.47.29:826][  0]Cmd: MAP LOAD FILE="../../../../../../Users/jose_/Documents/GitHub/LastBulletVR/LastBullet/Content/StarterContent/Maps/Minimal_Default.umap" TEMPLATE=0 SHOWPROGRESS=1 FEATURELEVEL=3
[2017.04.26-16.47.29:826][  0]LightingResults: New page: Lighting Build
[2017.04.26-16.47.29:866][  0]MapCheck: New page: Map Check
[2017.04.26-16.47.29:866][  0]LightingResults: New page: Lighting Build
[2017.04.26-16.47.29:881][  0]LogLinker:Warning: Asset '../../../../../../Users/jose_/Documents/GitHub/LastBulletVR/LastBullet/Content/Blueprints/modul_transporttransport_16_Blueprint.uasset' has been saved with empty engine version. The asset will be loaded but may be incompatible.
[2017.04.26-16.47.29:901][  0]LogBlueprint:Warning: Node '/Game/Blueprints/modul_transporttransport_16_Blueprint.modul_transporttransport_16_Blueprint:EdGraph_0.K2Node_FunctionEntry_359' missing NodeGuid because of upgrade from old package version, this can cause deterministic cooking issues please resave package.
[2017.04.26-16.47.29:903][  0]LogBlueprint:Warning: Node '/Game/Blueprints/modul_transporttransport_16_Blueprint.modul_transporttransport_16_Blueprint:EdGraph_1.K2Node_FunctionEntry_359' missing NodeGuid because of upgrade from old package version, this can cause deterministic cooking issues please resave package.
[2017.04.26-16.47.29:906][  0]LogBlueprint:Warning: Node '/Game/Blueprints/modul_transporttransport_16_Blueprint.modul_transporttransport_16_Blueprint:EdGraph_2.K2Node_FunctionEntry_359' missing NodeGuid because of upgrade from old package version, this can cause deterministic cooking issues please resave package.
[2017.04.26-16.47.30:218][  0]LogLinker:Warning: Asset '../../../../../../Users/jose_/Documents/GitHub/LastBulletVR/LastBullet/Content/Meshes/Space/StarMap_Nebula_1_Mat.uasset' has been saved with empty engine version. The asset will be loaded but may be incompatible.
[2017.04.26-16.47.30:219][  0]LogLinker:Warning: Asset '../../../../../../Users/jose_/Documents/GitHub/LastBulletVR/LastBullet/Content/Meshes/Space/StarMap_Nebula_1.uasset' has been saved with empty engine version. The asset will be loaded but may be incompatible.
[2017.04.26-16.47.30:224][  0]LogLinker:Warning: Asset '../../../../../../Users/jose_/Documents/GitHub/LastBulletVR/LastBullet/Content/Meshes/Space/FX_Map_7.uasset' has been saved with empty engine version. The asset will be loaded but may be incompatible.
[2017.04.26-16.47.30:225][  0]LogLinker:Warning: Asset '../../../../../../Users/jose_/Documents/GitHub/LastBulletVR/LastBullet/Content/Meshes/Space/StarMap_1.uasset' has been saved with empty engine version. The asset will be loaded but may be incompatible.
[2017.04.26-16.47.30:796][  0]LogBlueprint:Warning: Node '/Game/Blueprints/modul_transporttransport_16_Blueprint.modul_transporttransport_16_Blueprint:UserConstructionScript.K2Node_FunctionEntry_359' missing NodeGuid because of upgrade from old package version, this can cause deterministic cooking issues please resave package.
[2017.04.26-16.47.30:909][  0]LogAIModule: Creating AISystem for world Minimal_Default
[2017.04.26-16.47.30:950][  0]LogEditorServer: Finished looking for orphan Actors (0.000 secs)
[2017.04.26-16.47.30:951][  0]Cmd: MAP CHECKDEP NOCLEARLOG
[2017.04.26-16.47.31:030][  0]MapCheck: Info Map check complete: 0 Error(s), 0 Warning(s), took 78.896ms to complete.
[2017.04.26-16.47.31:030][  0]LogFileHelpers: Loading map 'Minimal_Default' took 1.204
[2017.04.26-16.47.31:108][  0]LogWindowsTextInputMethodSystem:Display: IME system now deactivated.
[2017.04.26-16.47.31:108][  0]LogWindowsTextInputMethodSystem:Display: IME system now deactivated.
[2017.04.26-16.47.31:236][  0]LogCollectionManager: Loaded 0 collections in 0.001494 seconds
[2017.04.26-16.47.31:315][  0]LogFileCache: Scanning file cache for directory 'C:/Users/jose_/Documents/GitHub/LastBulletVR/LastBullet/Saved/Collections/' took 0.01s
[2017.04.26-16.47.31:315][  0]LogFileCache: Scanning file cache for directory 'C:/Users/jose_/Documents/GitHub/LastBulletVR/LastBullet/Content/Developers/jose/Collections/' took 0.01s
[2017.04.26-16.47.31:315][  0]LogFileCache: Scanning file cache for directory 'C:/Users/jose_/Documents/GitHub/LastBulletVR/LastBullet/Content/Collections/' took 0.01s
[2017.04.26-16.47.31:315][  0]LogCollectionManager: Rebuilt the GUID cache for 0 collections in 0.000002 seconds
[2017.04.26-16.47.31:325][  0]LogContentBrowser: Native class hierarchy populated in 0.0092 seconds. Added 2245 classes and 453 folders.
[2017.04.26-16.47.31:328][  0]LogStats: UGameplayTagsManager::ConstructGameplayTagTree: Construct from data asset -  0.000 s
[2017.04.26-16.47.31:328][  0]LogStats: UGameplayTagsManager::ConstructGameplayTagTree: GameplayTagTreeChangedEvent.Broadcast -  0.000 s
[2017.04.26-16.47.31:387][  0]LogContentBrowser: Native class hierarchy updated for 'WidgetCarousel' in 0.0006 seconds. Added 0 classes and 0 folders.
[2017.04.26-16.47.31:422][  0]LogContentBrowser: Native class hierarchy updated for 'AddContentDialog' in 0.0005 seconds. Added 0 classes and 0 folders.
[2017.04.26-16.47.31:462][  0]LogContentBrowser: Native class hierarchy updated for 'SceneOutliner' in 0.0005 seconds. Added 1 classes and 2 folders.
[2017.04.26-16.47.31:571][  0]LogCrashTracker: Crashtracker disabled due to settings.
[2017.04.26-16.47.31:580][  0]LogUObjectGlobals:Warning: Failed to find object 'Class None.'
[2017.04.26-16.47.31:657][  0]LogContentBrowser: Native class hierarchy updated for 'HierarchicalLODOutliner' in 0.0005 seconds. Added 1 classes and 2 folders.
[2017.04.26-16.47.31:658][  0]LogLoad: (Engine Initialization) Total time: 16.89 seconds
[2017.04.26-16.47.31:658][  0]LogLoad: (Engine Initialization) Total Blueprint compile time: 0.17 seconds
[2017.04.26-16.47.31:658][  0]LogExternalProfiler: Found external profiler: VSPerf
[2017.04.26-16.47.31:658][  0]LogExternalProfiler: Using external profiler: VSPerf
[2017.04.26-16.47.31:676][  0]LogOcInput: OculusInput pre-init called
[2017.04.26-16.47.31:699][  0]LogContentStreaming: Texture pool size now 1000 MB
[2017.04.26-16.47.31:701][  0]LogSlate: Took 0.000236 seconds to synchronously load lazily loaded font '../../../Engine/Content/Slate/Fonts/Roboto-Regular.ttf' (155K)
[2017.04.26-16.47.31:707][  0]LogSlate: Took 0.000267 seconds to synchronously load lazily loaded font '../../../Engine/Content/Slate/Fonts/Roboto-Bold.ttf' (160K)
[2017.04.26-16.47.31:712][  0]LogSlate: Took 0.000169 seconds to synchronously load lazily loaded font '../../../Engine/Content/Editor/Slate/Fonts/FontAwesome.ttf' (139K)
[2017.04.26-16.47.31:861][  0]LogSlate: Took 0.000181 seconds to synchronously load lazily loaded font '../../../Engine/Content/Slate/Fonts/Roboto-Light.ttf' (159K)
[2017.04.26-16.47.31:934][  0]LogRenderer: Reallocating scene render targets to support 1208x576 NumSamples 1 (Frame:2).
[2017.04.26-16.47.32:033][  2]LogAssetRegistry: Asset discovery search completed in 9.3722 seconds
[2017.04.26-16.47.32:033][  2]LogCollectionManager: Rebuilt the object cache for 0 collections in 0.000005 seconds (found 0 objects)
[2017.04.26-16.47.32:033][  2]LogCollectionManager: Fixed up redirectors for 0 collections in 0.000019 seconds (updated 0 objects)
[2017.04.26-16.47.40:562][498]LogSlate: Took 0.000234 seconds to synchronously load lazily loaded font '../../../Engine/Content/Slate/Fonts/Roboto-Light.ttf' (159K)
[2017.04.26-16.47.40:798][498]LogAIModule: Creating AISystem for world Pepelu
[2017.04.26-16.47.40:833][498]Cmd: MAP LOAD FILE="../../../../../../Users/jose_/Documents/GitHub/LastBulletVR/LastBullet/Content/FirstPersonBP/Maps/Pepelu.umap" TEMPLATE=0 SHOWPROGRESS=1 FEATURELEVEL=3
[2017.04.26-16.47.40:833][498]LightingResults: New page: Lighting Build
[2017.04.26-16.47.40:835][498]LoadErrors: New page: Loading map: Pepelu.umap
[2017.04.26-16.47.40:841][498]MapCheck: New page: Map Check
[2017.04.26-16.47.40:841][498]LightingResults: New page: Lighting Build
[2017.04.26-16.47.40:917][498]LogEditorServer: Finished looking for orphan Actors (0.000 secs)
[2017.04.26-16.47.40:953][498]Cmd: MAP CHECKDEP NOCLEARLOG
[2017.04.26-16.47.41:038][498]MapCheck: Info Map check complete: 0 Error(s), 0 Warning(s), took 85.399ms to complete.
[2017.04.26-16.47.41:039][498]LogFileHelpers: Loading map 'Pepelu' took 0.207
[2017.04.26-16.47.58:344][412]LogContentBrowser: Native class hierarchy updated for 'BlueprintGraph' in 0.0008 seconds. Added 112 classes and 0 folders.
[2017.04.26-16.47.59:042][412]LogSlate: Took 0.000217 seconds to synchronously load lazily loaded font '../../../Engine/Content/Editor/Slate/Fonts/Roboto-BoldCondensed.ttf' (158K)
[2017.04.26-16.48.11:887][855]LogSlate: Took 0.000303 seconds to synchronously load lazily loaded font '../../../Engine/Content/Editor/Slate/Fonts/Roboto-Italic.ttf' (157K)
[2017.04.26-16.51.33:973][ 83]LogEditorTransaction: Undo Paste clipboard contents
[2017.04.26-16.51.34:042][ 83]LogSlate: Took 0.000206 seconds to synchronously load lazily loaded font '../../../Engine/Content/Slate/Fonts/Roboto-Light.ttf' (159K)
[2017.04.26-16.52.10:335][901]LogEditorTransaction: Undo Paste clipboard contents
[2017.04.26-16.52.20:301][123]LogEditorTransaction: Undo Resize Node
[2017.04.26-16.52.33:451][468]LogUObjectHash:Warning: Ambiguous search, could be EdGraphNode_Comment /Game/FirstPersonBP/Blueprints/FirstPersonCharacter.FirstPersonCharacter:Recargar.EdGraphNode_Comment_1 or EdGraphNode_Comment /Game/FirstPersonBP/Blueprints/FirstPersonCharacter.FirstPersonCharacter:Recargar.EdGraphNode_Comment_1
[2017.04.26-16.53.45:867][153]LogStats: FPlatformStackWalk::StackWalkAndDump -  0.157 s
[2017.04.26-16.53.45:867][153]LogOutputDevice:Error: === Handled ensure: ===
[2017.04.26-16.53.45:867][153]LogOutputDevice:Error: 
[2017.04.26-16.53.45:867][153]LogOutputDevice:Error: Ensure condition failed: ToPin->LinkedTo.Contains(this) [File:D:\Build\++UE4+Release-4.15+Compile\Sync\Engine\Source\Runtime\Engine\Private\EdGraph\EdGraphPin.cpp] [Line: 333]
[2017.04.26-16.53.45:867][153]LogOutputDevice:Error: UEdGraphPin::BreakLinkTo Pin 'then' on node 'Set isReloading' not reciprocally linked with pin 'execute' on node 'Delay'
[2017.04.26-16.53.45:867][153]LogOutputDevice:Error: Stack: 
[2017.04.26-16.53.45:867][153]LogOutputDevice:Error: UE4Editor-Core.dll!0x00000000421395E6
[2017.04.26-16.53.45:867][153]LogOutputDevice:Error: UE4Editor-Core.dll!0x0000000041EE9B82
[2017.04.26-16.53.45:867][153]LogOutputDevice:Error: UE4Editor-Core.dll!0x0000000041EFB666
[2017.04.26-16.53.45:867][153]LogOutputDevice:Error: UE4Editor-Engine.dll!0x0000000030DC8783
[2017.04.26-16.53.45:867][153]LogOutputDevice:Error: UE4Editor-Engine.dll!0x0000000030DC85C6
[2017.04.26-16.53.45:867][153]LogOutputDevice:Error: UE4Editor-Engine.dll!0x0000000030DC8157
[2017.04.26-16.53.45:867][153]LogOutputDevice:Error: UE4Editor-UnrealEd.dll!0x0000000020C777CF
[2017.04.26-16.53.45:867][153]LogOutputDevice:Error: UE4Editor-UnrealEd.dll!0x0000000020E46D8A
[2017.04.26-16.53.45:867][153]LogOutputDevice:Error: UE4Editor-UnrealEd.dll!0x0000000020C601A3
[2017.04.26-16.53.45:867][153]LogOutputDevice:Error: UE4Editor-Kismet.dll!0x00000000352E2E0C
[2017.04.26-16.53.45:867][153]LogOutputDevice:Error: UE4Editor-Kismet.dll!0x00000000352E2BEF
[2017.04.26-16.53.45:867][153]LogOutputDevice:Error: UE4Editor-Kismet.dll!0x0000000035271941
[2017.04.26-16.53.45:867][153]LogOutputDevice:Error: UE4Editor-Kismet.dll!0x00000000352763E6
[2017.04.26-16.53.45:867][153]LogOutputDevice:Error: UE4Editor-Slate.dll!0x0000000041268894
[2017.04.26-16.53.45:867][153]LogOutputDevice:Error: UE4Editor-Slate.dll!0x00000000412ADBC2
[2017.04.26-16.53.45:867][153]LogOutputDevice:Error: UE4Editor-GraphEditor.dll!0x0000000033F15F7D
[2017.04.26-16.53.45:867][153]LogOutputDevice:Error: UE4Editor-Slate.dll!0x00000000412531D4
[2017.04.26-16.53.45:867][153]LogOutputDevice:Error: UE4Editor-Slate.dll!0x000000004122376E
[2017.04.26-16.53.45:867][153]LogOutputDevice:Error: UE4Editor-Slate.dll!0x0000000041225366
[2017.04.26-16.53.45:867][153]LogOutputDevice:Error: UE4Editor-Slate.dll!0x00000000412AF449
[2017.04.26-16.53.45:867][153]LogOutputDevice:Error: UE4Editor-Slate.dll!0x000000004129E3C8
[2017.04.26-16.53.45:867][153]LogOutputDevice:Error: UE4Editor-Core.dll!0x000000004212CB3C
[2017.04.26-16.53.45:867][153]LogOutputDevice:Error: UE4Editor-Core.dll!0x00000000421167C1
[2017.04.26-16.53.45:867][153]LogOutputDevice:Error: UE4Editor-Core.dll!0x000000004212EA1C
[2017.04.26-16.53.45:867][153]LogOutputDevice:Error: UE4Editor-Core.dll!0x00000000421126E9
[2017.04.26-16.53.45:867][153]LogOutputDevice:Error: USER32.dll!0x0000000074481C24
[2017.04.26-16.53.45:867][153]LogOutputDevice:Error: USER32.dll!0x000000007448156C
[2017.04.26-16.53.45:867][153]LogOutputDevice:Error: UE4Editor-Core.dll!0x000000004212F326
[2017.04.26-16.53.45:867][153]LogOutputDevice:Error: UE4Editor.exe!0x00000000FF3FD790
[2017.04.26-16.53.45:867][153]LogOutputDevice:Error: UE4Editor.exe!0x00000000FF3EEB40
[2017.04.26-16.53.45:867][153]LogOutputDevice:Error: UE4Editor.exe!0x00000000FF3EEBBA
[2017.04.26-16.53.45:867][153]LogOutputDevice:Error: UE4Editor.exe!0x00000000FF400A29
[2017.04.26-16.53.45:867][153]LogOutputDevice:Error: UE4Editor.exe!0x00000000FF4022B6
[2017.04.26-16.53.45:867][153]LogOutputDevice:Error: KERNEL32.DLL!0x0000000074198364
[2017.04.26-16.53.45:867][153]LogOutputDevice:Error: ntdll.dll!0x00000000750170D1
[2017.04.26-16.53.45:867][153]LogOutputDevice:Error: 
[2017.04.26-16.53.45:872][153]LogStats:                SubmitErrorReport -  0.000 s
[2017.04.26-16.53.46:448][153]LogStats:                    SendNewReport -  0.577 s
[2017.04.26-16.53.46:448][153]LogStats:             FDebug::EnsureFailed -  0.739 s
[2017.04.26-16.53.46:449][153]LogStats: FPlatformStackWalk::StackWalkAndDump -  0.001 s
[2017.04.26-16.53.46:449][153]LogOutputDevice:Error: === Handled ensure: ===
[2017.04.26-16.53.46:449][153]LogOutputDevice:Error: 
[2017.04.26-16.53.46:449][153]LogOutputDevice:Error: Ensure condition failed: ToPin->LinkedTo.Contains(this) [File:D:\Build\++UE4+Release-4.15+Compile\Sync\Engine\Source\Runtime\Engine\Private\EdGraph\EdGraphPin.cpp] [Line: 333]
[2017.04.26-16.53.46:449][153]LogOutputDevice:Error: UEdGraphPin::BreakLinkTo Pin 'execute' on node 'Set isReloading' not reciprocally linked with pin 'then' on node 'Delay'
[2017.04.26-16.53.46:449][153]LogOutputDevice:Error: Stack: 
[2017.04.26-16.53.46:449][153]LogOutputDevice:Error: UE4Editor-Core.dll!0x00000000421395E6
[2017.04.26-16.53.46:449][153]LogOutputDevice:Error: UE4Editor-Core.dll!0x0000000041EE9B82
[2017.04.26-16.53.46:449][153]LogOutputDevice:Error: UE4Editor-Core.dll!0x0000000041EFB666
[2017.04.26-16.53.46:449][153]LogOutputDevice:Error: UE4Editor-Engine.dll!0x0000000030DC8783
[2017.04.26-16.53.46:449][153]LogOutputDevice:Error: UE4Editor-Engine.dll!0x0000000030DC85C6
[2017.04.26-16.53.46:449][153]LogOutputDevice:Error: UE4Editor-Engine.dll!0x0000000030DC8157
[2017.04.26-16.53.46:449][153]LogOutputDevice:Error: UE4Editor-UnrealEd.dll!0x0000000020C777CF
[2017.04.26-16.53.46:449][153]LogOutputDevice:Error: UE4Editor-UnrealEd.dll!0x0000000020E46D8A
[2017.04.26-16.53.46:449][153]LogOutputDevice:Error: UE4Editor-UnrealEd.dll!0x0000000020C601A3
[2017.04.26-16.53.46:449][153]LogOutputDevice:Error: UE4Editor-Kismet.dll!0x00000000352E2E0C
[2017.04.26-16.53.46:449][153]LogOutputDevice:Error: UE4Editor-Kismet.dll!0x00000000352E2BEF
[2017.04.26-16.53.46:449][153]LogOutputDevice:Error: UE4Editor-Kismet.dll!0x0000000035271941
[2017.04.26-16.53.46:449][153]LogOutputDevice:Error: UE4Editor-Kismet.dll!0x00000000352763E6
[2017.04.26-16.53.46:449][153]LogOutputDevice:Error: UE4Editor-Slate.dll!0x0000000041268894
[2017.04.26-16.53.46:449][153]LogOutputDevice:Error: UE4Editor-Slate.dll!0x00000000412ADBC2
[2017.04.26-16.53.46:449][153]LogOutputDevice:Error: UE4Editor-GraphEditor.dll!0x0000000033F15F7D
[2017.04.26-16.53.46:449][153]LogOutputDevice:Error: UE4Editor-Slate.dll!0x00000000412531D4
[2017.04.26-16.53.46:449][153]LogOutputDevice:Error: UE4Editor-Slate.dll!0x000000004122376E
[2017.04.26-16.53.46:449][153]LogOutputDevice:Error: UE4Editor-Slate.dll!0x0000000041225366
[2017.04.26-16.53.46:449][153]LogOutputDevice:Error: UE4Editor-Slate.dll!0x00000000412AF449
[2017.04.26-16.53.46:449][153]LogOutputDevice:Error: UE4Editor-Slate.dll!0x000000004129E3C8
[2017.04.26-16.53.46:449][153]LogOutputDevice:Error: UE4Editor-Core.dll!0x000000004212CB3C
[2017.04.26-16.53.46:449][153]LogOutputDevice:Error: UE4Editor-Core.dll!0x00000000421167C1
[2017.04.26-16.53.46:449][153]LogOutputDevice:Error: UE4Editor-Core.dll!0x000000004212EA1C
[2017.04.26-16.53.46:449][153]LogOutputDevice:Error: UE4Editor-Core.dll!0x00000000421126E9
[2017.04.26-16.53.46:449][153]LogOutputDevice:Error: USER32.dll!0x0000000074481C24
[2017.04.26-16.53.46:449][153]LogOutputDevice:Error: USER32.dll!0x000000007448156C
[2017.04.26-16.53.46:449][153]LogOutputDevice:Error: UE4Editor-Core.dll!0x000000004212F326
[2017.04.26-16.53.46:449][153]LogOutputDevice:Error: UE4Editor.exe!0x00000000FF3FD790
[2017.04.26-16.53.46:449][153]LogOutputDevice:Error: UE4Editor.exe!0x00000000FF3EEB40
[2017.04.26-16.53.46:450][153]LogOutputDevice:Error: UE4Editor.exe!0x00000000FF3EEBBA
[2017.04.26-16.53.46:450][153]LogOutputDevice:Error: UE4Editor.exe!0x00000000FF400A29
[2017.04.26-16.53.46:450][153]LogOutputDevice:Error: UE4Editor.exe!0x00000000FF4022B6
[2017.04.26-16.53.46:450][153]LogOutputDevice:Error: KERNEL32.DLL!0x0000000074198364
[2017.04.26-16.53.46:450][153]LogOutputDevice:Error: ntdll.dll!0x00000000750170D1
[2017.04.26-16.53.46:450][153]LogOutputDevice:Error: 
[2017.04.26-16.53.46:451][153]LogStats:                SubmitErrorReport -  0.000 s
