Log file open, 04/26/17 18:21:06
LogInit:Display: Running engine for game: LastBullet
LogPlatformFile: Not using cached read wrapper
LogInit:Display: RandInit(-690131834) SRandInit(-690131834).
LogTaskGraph: Started task graph with 5 named threads and 8 total threads with 1 sets of task threads.
LogStats: Stats thread started at 0.096287
LogInit: Using libcurl 7.47.1
LogInit:  - built for x86_64-pc-win32
LogInit:  - supports SSL with OpenSSL/1.0.2g
LogInit:  - supports HTTP deflate (compression) using libz 1.2.8
LogInit:  - other features:
LogInit:      CURL_VERSION_SSL
LogInit:      CURL_VERSION_LIBZ
LogInit:      CURL_VERSION_IPV6
LogInit:      CURL_VERSION_ASYNCHDNS
LogInit:      CURL_VERSION_LARGEFILE
LogInit:      CURL_VERSION_IDN
LogInit:  CurlRequestOptions (configurable via config and command line):
LogInit:  - bVerifyPeer = false  - Libcurl will NOT verify peer certificate
LogInit:  - bUseHttpProxy = false  - Libcurl will NOT use HTTP proxy
LogInit:  - bDontReuseConnections = false  - Libcurl will reuse connections
LogInit:  - CertBundlePath = nullptr  - Libcurl will use whatever was configured at build time.
LogInit: Build: ++UE4+Release-4.15-CL-3348071
LogInit: Engine Version: 4.15.1-3348071+++UE4+Release-4.15
LogInit: Compatible Engine Version: 4.15.0-3299760+++UE4+Release-4.15
LogInit: Net CL: 3299760
LogDevObjectVersion: Number of dev versions registered: 14
LogDevObjectVersion:   Dev-Blueprints (B0D832E4-1F89-4F0D-ACCF-7EB736FD4AA2): 8
LogDevObjectVersion:   Dev-Build (E1C64328-A22C-4D53-A36C-8E866417BD8C): 0
LogDevObjectVersion:   Dev-Core (375EC13C-06E4-48FB-B500-84F0262A717E): 2
LogDevObjectVersion:   Dev-Editor (E4B068ED-F494-42E9-A231-DA0B2E46BB41): 14
LogDevObjectVersion:   Dev-Framework (CFFC743F-43B0-4480-9391-14DF171D2073): 22
LogDevObjectVersion:   Dev-Mobile (B02B49B5-BB20-44E9-A304-32B752E40360): 0
LogDevObjectVersion:   Dev-Networking (A4E4105C-59A1-49B5-A7C5-40C4547EDFEE): 0
LogDevObjectVersion:   Dev-Online (39C831C9-5AE6-47DC-9A44-9C173E1C8E7C): 0
LogDevObjectVersion:   Dev-Physics (78F01B33-EBEA-4F98-B9B4-84EACCB95AA2): 0
LogDevObjectVersion:   Dev-Platform (6631380F-2D4D-43E0-8009-CF276956A95A): 0
LogDevObjectVersion:   Dev-Rendering (12F88B9F-8875-4AFC-A67C-D90C383ABD29): 12
LogDevObjectVersion:   Dev-Sequencer (7B5AE74C-D270-4C10-A958-57980B212A5A): 3
LogDevObjectVersion:   Dev-VR (D7296918-1DD6-4BDD-9DE2-64A83CC13884): 0
LogDevObjectVersion:   Dev-LoadTimes (C2A15278-BFE7-4AFE-6C17-90FF531DF755): 1
LogInit: Compiled (64-bit): Mar 15 2017 16:52:47
LogInit: Compiled with Visual C++: 19.00.23026.00
LogInit: Build Configuration: Development
LogInit: Branch Name: ++UE4+Release-4.15
LogInit: Command line:  
LogInit: Base directory: D:/Program Files/Epic Games/UE_4.15/Engine/Binaries/Win64/
LogInit: Installed Engine Build: 1
LogInit: Presizing for max 8388607 objects, including 0 objects not considered by GC, pre-allocating 0 bytes for permanent pool.
LogInit: Object subsystem initialized
[2017.04.26-16.21.07:661][  0]LogInit: Selected Device Profile: [Windows]
[2017.04.26-16.21.07:661][  0]LogInit: Applying CVar settings loaded from the selected device profile: [Windows]
[2017.04.26-16.21.07:667][  0]LogInit: Computer: DESKTOP-T9NOKQO
[2017.04.26-16.21.07:667][  0]LogInit: User: cripe
[2017.04.26-16.21.07:667][  0]LogInit: CPU Page size=65536, Cores=4
[2017.04.26-16.21.07:667][  0]LogInit: High frequency timer resolution =2.435773 MHz
[2017.04.26-16.21.07:668][  0]LogMemory: Memory total: Physical=15.9GB (16GB approx)
[2017.04.26-16.21.07:668][  0]LogMemory: Platform Memory Stats for Windows
[2017.04.26-16.21.07:668][  0]LogMemory: Process Physical Memory: 263.21 MB used, 263.21 MB peak
[2017.04.26-16.21.07:668][  0]LogMemory: Process Virtual Memory: 262.65 MB used, 262.65 MB peak
[2017.04.26-16.21.07:668][  0]LogMemory: Physical Memory: 5215.03 MB used,  11088.11 MB free, 16303.14 MB total
[2017.04.26-16.21.07:668][  0]LogMemory: Virtual Memory: 645.25 MB used,  11088.11 MB free, 134217728.00 MB total
[2017.04.26-16.21.07:729][  0]LogInit: Overriding culture en with editor configuration.
[2017.04.26-16.21.08:336][  0]LogD3D11RHI: D3D11 adapters:
[2017.04.26-16.21.08:894][  0]LogD3D11RHI:    0. 'NVIDIA GeForce GTX 860M' (Feature Level 11_0)
[2017.04.26-16.21.08:894][  0]LogD3D11RHI:       2017/0/8151 MB DedicatedVideo/DedicatedSystem/SharedSystem, Outputs:1, VendorId:0x10de
[2017.04.26-16.21.08:903][  0]LogD3D11RHI:    1. 'Intel(R) HD Graphics 4600' (Feature Level 11_0)
[2017.04.26-16.21.08:903][  0]LogD3D11RHI:       112/0/2048 MB DedicatedVideo/DedicatedSystem/SharedSystem, Outputs:0, VendorId:0x8086
[2017.04.26-16.21.08:905][  0]LogD3D11RHI:    2. 'Microsoft Basic Render Driver' (Feature Level 11_0)
[2017.04.26-16.21.08:905][  0]LogD3D11RHI:       0/0/8151 MB DedicatedVideo/DedicatedSystem/SharedSystem, Outputs:0, VendorId:0x1414
[2017.04.26-16.21.08:905][  0]LogD3D11RHI: Chosen D3D11 Adapter: 0
[2017.04.26-16.21.08:909][  0]LogD3D11RHI: Creating new Direct3DDevice
[2017.04.26-16.21.08:909][  0]LogD3D11RHI:     GPU DeviceId: 0x119a (for the marketing name, search the web for "GPU Device Id")
[2017.04.26-16.21.08:909][  0]LogWindows: EnumDisplayDevices:
[2017.04.26-16.21.08:910][  0]LogWindows:    0. 'Intel(R) HD Graphics 4600' (P:1 D:1)
[2017.04.26-16.21.08:910][  0]LogWindows:    1. 'Intel(R) HD Graphics 4600' (P:0 D:0)
[2017.04.26-16.21.08:910][  0]LogWindows:    2. 'Intel(R) HD Graphics 4600' (P:0 D:0)
[2017.04.26-16.21.08:910][  0]LogWindows:    3. 'Intel(R) HD Graphics 4600' (P:0 D:0)
[2017.04.26-16.21.08:910][  0]LogWindows:    4. 'Intel(R) HD Graphics 4600' (P:0 D:0)
[2017.04.26-16.21.08:910][  0]LogWindows:    5. 'Intel(R) HD Graphics 4600' (P:0 D:0)
[2017.04.26-16.21.08:911][  0]LogWindows: DebugString: PrimaryIsNotTheChoosenAdapter PrimaryIsNotTheChoosenAdapter PrimaryIsNotTheChoosenAdapter PrimaryIsNotTheChoosenAdapter PrimaryIsNotTheChoosenAdapter PrimaryIsNotTheChoosenAdapter FoundDriverCount:0 
[2017.04.26-16.21.08:911][  0]LogD3D11RHI:     Adapter Name: NVIDIA GeForce GTX 860M
[2017.04.26-16.21.08:911][  0]LogD3D11RHI:   Driver Version: Unknown (internal:Unknown, unified:Unknown)
[2017.04.26-16.21.08:911][  0]LogD3D11RHI:      Driver Date: Unknown
[2017.04.26-16.21.08:911][  0]LogRHI: Texture pool is 1361 MB (70% of 1945 MB)
[2017.04.26-16.21.09:431][  0]LogD3D11RHI:Warning: Timestamp queries are currently disabled on this hardware due to instability. Realtime GPU stats will not be available. You can override this behaviour by setting r.NVIDIATimestampWorkaround to 0
[2017.04.26-16.21.09:431][  0]LogD3D11RHI: Async texture creation enabled
[2017.04.26-16.21.09:491][  0]LogD3D11RHI: GPU Timing Frequency: 1000.000000 (Debug: 2 2)
[2017.04.26-16.21.09:492][  0]LogShaderCompilers: Guid format shader working directory is -1 characters bigger than the processId version (C:/Users/cripe/Desktop/LastBulletVR/LastBullet/Intermediate/Shaders/WorkingDirectory/15272/).
[2017.04.26-16.21.09:492][  0]LogShaderCompilers: Cleaned the shader compiler working directory 'C:/Users/cripe/AppData/Local/Temp/UnrealShaderWorkingDir/1F05ECFE47A84439C39F3A89225A3D27/'.
[2017.04.26-16.21.09:492][  0]LogShaderCompilers:Display: Using Local Shader Compiler.
[2017.04.26-16.21.10:528][  0]LogTemp:Display: Loaded TP AllDesktopTargetPlatform
[2017.04.26-16.21.10:574][  0]LogTemp:Display: Loaded TP MacClientTargetPlatform
[2017.04.26-16.21.10:619][  0]LogTemp:Display: Loaded TP MacNoEditorTargetPlatform
[2017.04.26-16.21.10:663][  0]LogTemp:Display: Loaded TP MacServerTargetPlatform
[2017.04.26-16.21.10:708][  0]LogTemp:Display: Loaded TP MacTargetPlatform
[2017.04.26-16.21.10:753][  0]LogTemp:Display: Loaded TP WindowsClientTargetPlatform
[2017.04.26-16.21.10:796][  0]LogTemp:Display: Loaded TP WindowsNoEditorTargetPlatform
[2017.04.26-16.21.10:840][  0]LogTemp:Display: Loaded TP WindowsServerTargetPlatform
[2017.04.26-16.21.10:874][  0]LogTemp:Display: Loaded TP WindowsTargetPlatform
[2017.04.26-16.21.10:917][  0]LogTemp:Display: Loaded TP AndroidTargetPlatform
[2017.04.26-16.21.10:960][  0]LogTemp:Display: Loaded TP Android_ASTCTargetPlatform
[2017.04.26-16.21.11:002][  0]LogTemp:Display: Loaded TP Android_ATCTargetPlatform
[2017.04.26-16.21.11:044][  0]LogTemp:Display: Loaded TP Android_DXTTargetPlatform
[2017.04.26-16.21.11:086][  0]LogTemp:Display: Loaded TP Android_ETC1TargetPlatform
[2017.04.26-16.21.11:128][  0]LogTemp:Display: Loaded TP Android_ETC2TargetPlatform
[2017.04.26-16.21.11:214][  0]LogTemp:Display: Loaded TP Android_MultiTargetPlatform
[2017.04.26-16.21.11:214][  0]LogTemp:Display: Loaded TP Android_PVRTCTargetPlatform
[2017.04.26-16.21.11:241][  0]LogTemp:Display: Loaded TP HTML5TargetPlatform
[2017.04.26-16.21.11:319][  0]LogTemp:Display: Loaded TP IOSTargetPlatform
[2017.04.26-16.21.11:348][  0]LogTemp:Display: Loaded TP TVOSTargetPlatform
[2017.04.26-16.21.11:391][  0]LogTemp:Display: Loaded TP LinuxClientTargetPlatform
[2017.04.26-16.21.11:434][  0]LogTemp:Display: Loaded TP LinuxNoEditorTargetPlatform
[2017.04.26-16.21.11:476][  0]LogTemp:Display: Loaded TP LinuxServerTargetPlatform
[2017.04.26-16.21.11:519][  0]LogTemp:Display: Loaded TP LinuxTargetPlatform
[2017.04.26-16.21.11:519][  0]LogTargetPlatformManager:Display: Building Assets For Windows
[2017.04.26-16.21.11:844][  0]LogDerivedDataCache:Display: Max Cache Size: 512 MB
[2017.04.26-16.21.11:893][  0]LogDerivedDataCache: Loaded boot cache 0.05s 50MB C:/Users/cripe/AppData/Local/UnrealEngine/4.15/DerivedDataCache/Boot.ddc.
[2017.04.26-16.21.11:893][  0]LogDerivedDataCache:Display: Loaded Boot cache: C:/Users/cripe/AppData/Local/UnrealEngine/4.15/DerivedDataCache/Boot.ddc
[2017.04.26-16.21.11:893][  0]LogDerivedDataCache: FDerivedDataBackendGraph:  Pak pak cache file C:/Users/cripe/Desktop/LastBulletVR/LastBullet/DerivedDataCache/DDC.ddp not found, will not use a pak cache.
[2017.04.26-16.21.11:893][  0]LogDerivedDataCache: Unable to find inner node Pak for hierarchical cache Hierarchy.
[2017.04.26-16.21.11:893][  0]LogDerivedDataCache: FDerivedDataBackendGraph:  CompressedPak pak cache file C:/Users/cripe/Desktop/LastBulletVR/LastBullet/DerivedDataCache/Compressed.ddp not found, will not use a pak cache.
[2017.04.26-16.21.11:893][  0]LogDerivedDataCache: Unable to find inner node CompressedPak for hierarchical cache Hierarchy.
[2017.04.26-16.21.11:911][  0]LogDerivedDataCache:Display: Pak cache opened for reading ../../../Engine/DerivedDataCache/Compressed.ddp.
[2017.04.26-16.21.11:924][  0]LogDerivedDataCache: Using Local data cache path C:/Users/cripe/AppData/Local/UnrealEngine/Common/DerivedDataCache: Writable
[2017.04.26-16.21.11:933][  0]LogSlate: Using Freetype 2.6.0
[2017.04.26-16.21.11:934][  0]LogSlate: SlateFontCache - WITH_FREETYPE: 1, WITH_HARFBUZZ: 1
[2017.04.26-16.21.11:934][  0]LogSlate: SlateFontCache - WITH_FREETYPE: 1, WITH_HARFBUZZ: 1
[2017.04.26-16.21.12:199][  0]LogInit: Selected Device Profile: [Windows]
[2017.04.26-16.21.12:202][  0]LogContentStreaming: Texture pool size is 0.00 MB
[2017.04.26-16.21.12:378][  0]LogMeshUtilities: Using QuadricMeshReduction for automatic static mesh reduction
[2017.04.26-16.21.12:410][  0]LogSimplygon: Simplygon DLL not present - disabling.
[2017.04.26-16.21.12:448][  0]LogMeshUtilities: Using SimplygonSwarm for distributed automatic mesh merging
[2017.04.26-16.21.12:448][  0]LogMeshUtilities: No automatic skeletal mesh reduction module available
[2017.04.26-16.21.12:448][  0]LogMeshUtilities: No automatic mesh merging module available
[2017.04.26-16.21.12:943][  0]LogNetVersion: GetLocalNetworkVersion: CL: 3299760, ProjectName: lastbullet, ProjectVersion: , EngineNetworkVersion: 2, GameNetworkVersion: 0, NetworkChecksum: 1522868599
[2017.04.26-16.21.12:984][  0]LogAssetRegistry: FAssetRegistry took 0.0224 seconds to start up
[2017.04.26-16.21.13:010][  0]LogPackageLocalizationCache: Processed 3 localized package path(s) for 1 prioritized culture(s) in 0.011471 seconds
[2017.04.26-16.21.13:016][  0]LogUObjectArray: 32493 objects as part of root set at end of initial load.
[2017.04.26-16.21.13:016][  0]LogUObjectAllocator: 7077032 out of 0 bytes used by permanent object pool.
[2017.04.26-16.21.13:016][  0]LogUObjectArray: CloseDisregardForGC: 0/0 objects in disregard for GC pool
[2017.04.26-16.21.13:060][  0]LogInit: WinSock: version 1.1 (2.2), MaxSocks=32767, MaxUdp=65467
[2017.04.26-16.21.14:444][  0]LogTcpMessaging: Initializing TcpMessaging bridge
[2017.04.26-16.21.14:479][  0]LogUdpMessaging: Initializing bridge on interface 0.0.0.0:0 to multicast group 230.0.0.1:6666.
[2017.04.26-16.21.14:841][  0]LogMaterial: Uniform references updated for custom material expression Custom.
[2017.04.26-16.21.15:142][  0]SourceControl: Info Source control is disabled
[2017.04.26-16.21.15:143][  0]SourceControl: Info Source control is disabled
[2017.04.26-16.21.15:181][  0]SourceControl: Info Source control is disabled
[2017.04.26-16.21.15:216][  0]SourceControl: Info Source control is disabled
[2017.04.26-16.21.16:181][  0]LogEngine: Initializing Engine...
[2017.04.26-16.21.16:181][  0]LogHMD: Failed to initialize OpenVR with code 110
[2017.04.26-16.21.16:372][  0]LogAIModule: Creating AISystem for world Untitled
[2017.04.26-16.21.16:381][  0]LogInit: XAudio2 using 'Altavoces (Realtek High Definition Audio)' : 2 channels at 48 kHz using 32 bits per sample (channel mask 0x3)
[2017.04.26-16.21.16:394][  0]LogInit: FAudioDevice initialized.
[2017.04.26-16.21.16:420][  0]LogDerivedDataCache: Saved boot cache 0.03s 50MB C:/Users/cripe/AppData/Local/UnrealEngine/4.15/DerivedDataCache/Boot.ddc.
[2017.04.26-16.21.16:423][  0]LogInit: Texture streaming: Enabled
[2017.04.26-16.21.16:491][  0]LogEngineSessionManager: EngineSessionManager initialized
[2017.04.26-16.21.16:556][  0]LogInit: Transaction tracking system initialized
[2017.04.26-16.21.16:809][  0]BlueprintLog: New page: Editor Load
[2017.04.26-16.21.17:449][  0]LocalizationService: Info Localization service is disabled
[2017.04.26-16.21.17:938][  0]LogConsoleResponse:Display: 
[2017.04.26-16.21.18:047][  0]LogCook:Display: Max memory allowance for cook 16384mb min free memory 0mb
[2017.04.26-16.21.18:047][  0]LogCook:Display: Mobile HDR setting 1
[2017.04.26-16.21.18:312][  0]LogFileCache: Scanning file cache for directory 'C:/Users/cripe/Desktop/LastBulletVR/LastBullet/Content/' took 0.02s
[2017.04.26-16.21.18:834][  0]SourceControl: Info Source control is disabled
[2017.04.26-16.21.18:835][  0]Cmd: MAP LOAD FILE="C:/Users/cripe/Desktop/LastBulletVR/LastBullet/Content/StarterContent/Maps/Minimal_Default.umap" TEMPLATE=0 SHOWPROGRESS=1 FEATURELEVEL=3
[2017.04.26-16.21.18:835][  0]LightingResults: New page: Lighting Build
[2017.04.26-16.21.18:865][  0]MapCheck: New page: Map Check
[2017.04.26-16.21.18:865][  0]LightingResults: New page: Lighting Build
[2017.04.26-16.21.18:879][  0]LogLinker:Warning: Asset 'C:/Users/cripe/Desktop/LastBulletVR/LastBullet/Content/Blueprints/modul_transporttransport_16_Blueprint.uasset' has been saved with empty engine version. The asset will be loaded but may be incompatible.
[2017.04.26-16.21.18:900][  0]LogBlueprint:Warning: Node '/Game/Blueprints/modul_transporttransport_16_Blueprint.modul_transporttransport_16_Blueprint:EdGraph_0.K2Node_FunctionEntry_359' missing NodeGuid because of upgrade from old package version, this can cause deterministic cooking issues please resave package.
[2017.04.26-16.21.18:902][  0]LogBlueprint:Warning: Node '/Game/Blueprints/modul_transporttransport_16_Blueprint.modul_transporttransport_16_Blueprint:EdGraph_1.K2Node_FunctionEntry_359' missing NodeGuid because of upgrade from old package version, this can cause deterministic cooking issues please resave package.
[2017.04.26-16.21.18:905][  0]LogBlueprint:Warning: Node '/Game/Blueprints/modul_transporttransport_16_Blueprint.modul_transporttransport_16_Blueprint:EdGraph_2.K2Node_FunctionEntry_359' missing NodeGuid because of upgrade from old package version, this can cause deterministic cooking issues please resave package.
[2017.04.26-16.21.19:136][  0]LogLinker:Warning: Can't find file '/Game/StarterContent/Maps/Minimal_Default_BuiltData'
[2017.04.26-16.21.19:136][  0]LogLinker:Warning: Can't find file for asset '/Game/StarterContent/Maps/Minimal_Default_BuiltData' while loading C:/Users/cripe/Desktop/LastBulletVR/LastBullet/Content/StarterContent/Maps/Minimal_Default.umap.
[2017.04.26-16.21.19:136][  0]LoadErrors:Error: Error /Game/StarterContent/Maps/Minimal_Default : Can't find file for asset. /Game/StarterContent/Maps/Minimal_Default_BuiltData
[2017.04.26-16.21.19:197][  0]LogLinker:Warning: Asset 'C:/Users/cripe/Desktop/LastBulletVR/LastBullet/Content/Meshes/Space/StarMap_Nebula_1_Mat.uasset' has been saved with empty engine version. The asset will be loaded but may be incompatible.
[2017.04.26-16.21.19:198][  0]LogLinker:Warning: Asset 'C:/Users/cripe/Desktop/LastBulletVR/LastBullet/Content/Meshes/Space/StarMap_Nebula_1.uasset' has been saved with empty engine version. The asset will be loaded but may be incompatible.
[2017.04.26-16.21.19:204][  0]LogLinker:Warning: Asset 'C:/Users/cripe/Desktop/LastBulletVR/LastBullet/Content/Meshes/Space/FX_Map_7.uasset' has been saved with empty engine version. The asset will be loaded but may be incompatible.
[2017.04.26-16.21.19:204][  0]LogLinker:Warning: Asset 'C:/Users/cripe/Desktop/LastBulletVR/LastBullet/Content/Meshes/Space/StarMap_1.uasset' has been saved with empty engine version. The asset will be loaded but may be incompatible.
[2017.04.26-16.21.19:337][  0]LogLinker:Warning: Can't find file '/Game/StarterContent/Maps/Minimal_Default_BuiltData'
[2017.04.26-16.21.19:337][  0]LogLinker:Warning: Can't find file for asset '/Game/StarterContent/Maps/Minimal_Default_BuiltData' while loading C:/Users/cripe/Desktop/LastBulletVR/LastBullet/Content/StarterContent/Maps/Minimal_Default.umap.
[2017.04.26-16.21.19:337][  0]LoadErrors:Error: Error /Game/StarterContent/Maps/Minimal_Default : Can't find file for asset. /Game/StarterContent/Maps/Minimal_Default_BuiltData
[2017.04.26-16.21.19:350][  0]LogLinker:Warning: Can't find file '/Game/StarterContent/Maps/Minimal_Default_BuiltData'
[2017.04.26-16.21.19:350][  0]LogLinker:Warning: Can't find file for asset '/Game/StarterContent/Maps/Minimal_Default_BuiltData' while loading NULL.
[2017.04.26-16.21.19:350][  0]LogLinker:Warning: Can't find file '/Game/StarterContent/Maps/Minimal_Default_BuiltData'
[2017.04.26-16.21.19:350][  0]LogLinker:Warning: Can't find file for asset '/Game/StarterContent/Maps/Minimal_Default_BuiltData' while loading NULL.
[2017.04.26-16.21.19:384][  0]LogLinker:Warning: Can't find file '/Game/StarterContent/Maps/Minimal_Default_BuiltData'
[2017.04.26-16.21.19:384][  0]LoadErrors: Info Failed to load /Game/StarterContent/Maps/Minimal_Default_BuiltData.Minimal_Default_BuiltData Referenced by PersistentLevel
[2017.04.26-16.21.19:384][  0]LogLinker:Warning: Can't find file for asset '/Game/StarterContent/Maps/Minimal_Default_BuiltData' while loading NULL.
[2017.04.26-16.21.19:384][  0]LoadErrors: Info Failed to load /Game/StarterContent/Maps/Minimal_Default_BuiltData.Minimal_Default_BuiltData Referenced by PersistentLevel
[2017.04.26-16.21.19:542][  0]LogBlueprint:Warning: Node '/Game/Blueprints/modul_transporttransport_16_Blueprint.modul_transporttransport_16_Blueprint:UserConstructionScript.K2Node_FunctionEntry_359' missing NodeGuid because of upgrade from old package version, this can cause deterministic cooking issues please resave package.
[2017.04.26-16.21.19:874][  0]LogAIModule: Creating AISystem for world Minimal_Default
[2017.04.26-16.21.19:911][  0]LogEditorServer: Finished looking for orphan Actors (0.000 secs)
[2017.04.26-16.21.19:911][  0]Cmd: MAP CHECKDEP NOCLEARLOG
[2017.04.26-16.21.20:007][  0]MapCheck: Info Map check complete: 0 Error(s), 0 Warning(s), took 95.164ms to complete.
[2017.04.26-16.21.20:007][  0]LogFileHelpers: Loading map 'Minimal_Default' took 1.172
[2017.04.26-16.21.20:073][  0]LogWindowsTextInputMethodSystem:Display: IME system now deactivated.
[2017.04.26-16.21.20:180][  0]LogCollectionManager: Loaded 0 collections in 0.001714 seconds
[2017.04.26-16.21.20:248][  0]LogFileCache: Scanning file cache for directory 'C:/Users/cripe/Desktop/LastBulletVR/LastBullet/Saved/Collections/' took 0.01s
[2017.04.26-16.21.20:248][  0]LogFileCache: Scanning file cache for directory 'C:/Users/cripe/Desktop/LastBulletVR/LastBullet/Content/Developers/cripe/Collections/' took 0.01s
[2017.04.26-16.21.20:248][  0]LogFileCache: Scanning file cache for directory 'C:/Users/cripe/Desktop/LastBulletVR/LastBullet/Content/Collections/' took 0.01s
[2017.04.26-16.21.20:248][  0]LogCollectionManager: Rebuilt the GUID cache for 0 collections in 0.000002 seconds
[2017.04.26-16.21.20:257][  0]LogContentBrowser: Native class hierarchy populated in 0.0086 seconds. Added 2245 classes and 453 folders.
[2017.04.26-16.21.20:260][  0]LogStats: UGameplayTagsManager::ConstructGameplayTagTree: Construct from data asset -  0.000 s
[2017.04.26-16.21.20:260][  0]LogStats: UGameplayTagsManager::ConstructGameplayTagTree: GameplayTagTreeChangedEvent.Broadcast -  0.000 s
[2017.04.26-16.21.20:305][  0]LogContentBrowser: Native class hierarchy updated for 'WidgetCarousel' in 0.0005 seconds. Added 0 classes and 0 folders.
[2017.04.26-16.21.20:347][  0]LogContentBrowser: Native class hierarchy updated for 'AddContentDialog' in 0.0005 seconds. Added 0 classes and 0 folders.
[2017.04.26-16.21.20:379][  0]LogContentBrowser: Native class hierarchy updated for 'SceneOutliner' in 0.0005 seconds. Added 1 classes and 2 folders.
[2017.04.26-16.21.20:469][  0]LogCrashTracker: Crashtracker disabled due to settings.
[2017.04.26-16.21.20:477][  0]LogUObjectGlobals:Warning: Failed to find object 'Class None.'
[2017.04.26-16.21.20:531][  0]LogContentBrowser: Native class hierarchy updated for 'HierarchicalLODOutliner' in 0.0006 seconds. Added 1 classes and 2 folders.
[2017.04.26-16.21.20:531][  0]LogLoad: (Engine Initialization) Total time: 14.70 seconds
[2017.04.26-16.21.20:531][  0]LogLoad: (Engine Initialization) Total Blueprint compile time: 0.14 seconds
[2017.04.26-16.21.20:531][  0]LogExternalProfiler: Found external profiler: VSPerf
[2017.04.26-16.21.20:531][  0]LogExternalProfiler: Using external profiler: VSPerf
[2017.04.26-16.21.20:549][  0]LogOcInput: OculusInput pre-init called
[2017.04.26-16.21.20:581][  0]LogContentStreaming: Texture pool size now 1000 MB
[2017.04.26-16.21.20:598][  0]LogSlate: Took 0.000206 seconds to synchronously load lazily loaded font '../../../Engine/Content/Slate/Fonts/Roboto-Regular.ttf' (155K)
[2017.04.26-16.21.20:603][  0]LogSlate: Took 0.000613 seconds to synchronously load lazily loaded font '../../../Engine/Content/Slate/Fonts/Roboto-Bold.ttf' (160K)
[2017.04.26-16.21.20:608][  0]LogSlate: Took 0.000225 seconds to synchronously load lazily loaded font '../../../Engine/Content/Editor/Slate/Fonts/FontAwesome.ttf' (139K)
[2017.04.26-16.21.20:744][  0]LogSlate: Took 0.000280 seconds to synchronously load lazily loaded font '../../../Engine/Content/Slate/Fonts/Roboto-Light.ttf' (159K)
[2017.04.26-16.21.20:794][  0]LogRenderer: Reallocating scene render targets to support 1208x576 NumSamples 1 (Frame:2).
[2017.04.26-16.21.20:896][  1]LogFileCache: Retrieving MD5 hashes for directory 'C:/Users/cripe/Desktop/LastBulletVR/LastBullet/Content/' took 0.34s
[2017.04.26-16.21.20:921][  1]LogAssetRegistry: Asset discovery search completed in 7.9601 seconds
[2017.04.26-16.21.20:921][  1]LogCollectionManager: Rebuilt the object cache for 0 collections in 0.000005 seconds (found 0 objects)
[2017.04.26-16.21.20:921][  1]LogCollectionManager: Fixed up redirectors for 0 collections in 0.000019 seconds (updated 0 objects)
[2017.04.26-16.21.21:580][ 26]LogSlate: Took 0.002869 seconds to synchronously load lazily loaded font '../../../Engine/Content/Slate/Fonts/Roboto-Light.ttf' (159K)
[2017.04.26-16.21.28:000][395]LogSlate: Took 0.000177 seconds to synchronously load lazily loaded font '../../../Engine/Content/Slate/Fonts/Roboto-Light.ttf' (159K)
[2017.04.26-16.21.28:073][395]LogBlueprint:Error: [Compiler AIControllerVR] Error Default value '' for  Targets  is invalid: 'Array inputs (like 'Targets') must have an input wired into them (try connecting a MakeArray node).'
[2017.04.26-16.21.28:075][395]LogBlueprint:Warning: [Compiler AIControllerVR] Warning [0022.25] Compile of AIControllerVR failed. 1 Fatal Issue(s) 0 Warning(s) [in 3 ms] (/Game/FirstPersonBP/IA/AIControllerVR.AIControllerVR)
[2017.04.26-16.21.28:075][395]LogBlueprint:Warning: [Compiler AIControllerVR] Warning [0022.25] Compile of AIControllerVR failed. 1 Fatal Issue(s) 1 Warning(s) [in 0 ms] (/Game/FirstPersonBP/IA/AIControllerVR.AIControllerVR)
[2017.04.26-16.21.28:075][395]LogBlueprint:Warning: [Compiler AIControllerVR] Warning [0022.25] Compile of AIControllerVR failed. 1 Fatal Issue(s) 2 Warning(s) [in 0 ms] (/Game/FirstPersonBP/IA/AIControllerVR.AIControllerVR)
[2017.04.26-16.21.28:272][395]LogBlueprint:Warning: [Ruben] 'm_targets' variable not found. Base class was probably changed.
[2017.04.26-16.21.28:438][395]LogAIModule: Creating AISystem for world Ruben
[2017.04.26-16.21.28:472][395]Cmd: MAP LOAD FILE="C:/Users/cripe/Desktop/LastBulletVR/LastBullet/Content/FirstPersonBP/Maps/Ruben.umap" TEMPLATE=0 SHOWPROGRESS=1 FEATURELEVEL=3
[2017.04.26-16.21.28:472][395]LightingResults: New page: Lighting Build
[2017.04.26-16.21.28:474][395]LoadErrors: New page: Loading map: Ruben.umap
[2017.04.26-16.21.28:476][395]MapCheck: New page: Map Check
[2017.04.26-16.21.28:476][395]LightingResults: New page: Lighting Build
[2017.04.26-16.21.28:581][395]LogEditorServer: Finished looking for orphan Actors (0.000 secs)
[2017.04.26-16.21.28:603][395]Cmd: MAP CHECKDEP NOCLEARLOG
[2017.04.26-16.21.28:709][395]MapCheck: Info Map check complete: 0 Error(s), 0 Warning(s), took 105.435ms to complete.
[2017.04.26-16.21.28:710][395]LogFileHelpers: Loading map 'Ruben' took 0.239
[2017.04.26-16.21.36:061][807]LogContentBrowser: Native class hierarchy updated for 'BlueprintGraph' in 0.0009 seconds. Added 112 classes and 0 folders.
[2017.04.26-16.21.36:668][807]LogSlate: Took 0.000159 seconds to synchronously load lazily loaded font '../../../Engine/Content/Slate/Fonts/Roboto-Regular.ttf' (155K)
[2017.04.26-16.21.36:768][807]LogSlate: Took 0.000216 seconds to synchronously load lazily loaded font '../../../Engine/Content/Editor/Slate/Fonts/Roboto-BoldCondensed.ttf' (158K)
[2017.04.26-16.21.42:098][ 98]LogSlate: Took 0.000514 seconds to synchronously load lazily loaded font '../../../Engine/Content/Editor/Slate/Fonts/Roboto-Italic.ttf' (157K)
[2017.04.26-16.24.42:642][836]BlueprintLog: New page: Compile Ruben
[2017.04.26-16.26.03:217][546]LogSlate: Took 0.000229 seconds to synchronously load lazily loaded font '../../../Engine/Content/Editor/Slate/Fonts/Roboto-BoldCondensedItalic.ttf' (160K)
[2017.04.26-16.28.03:711][722]Cmd: OBJ SAVEPACKAGE PACKAGE="/Game/FirstPersonBP/IA/AICharacter" FILE="C:/Users/cripe/Desktop/LastBulletVR/LastBullet/Content/FirstPersonBP/IA/AICharacter.uasset" SILENT=true
[2017.04.26-16.28.03:756][722]LogSavePackage: Save=34.91ms
[2017.04.26-16.28.03:756][722]LogSavePackage: Moving 'C:/Users/cripe/Desktop/LastBulletVR/LastBullet/Saved/AICharacter0ABBCB244FAC59EACA5943A8B3C190D4.tmp' to 'C:/Users/cripe/Desktop/LastBulletVR/LastBullet/Content/FirstPersonBP/IA/AICharacter.uasset'
[2017.04.26-16.28.03:759][722]LogSavePackage:Display: Finished SavePackage C:/Users/cripe/Desktop/LastBulletVR/LastBullet/Content/FirstPersonBP/IA/AICharacter.uasset
[2017.04.26-16.28.04:797][784]BlueprintLog: New page: Compile AICharacter
[2017.04.26-16.28.04:853][784]LogBlueprint:Error: [Compiler AIControllerVR] Error Default value '' for  Targets  is invalid: 'Array inputs (like 'Targets') must have an input wired into them (try connecting a MakeArray node).'
[2017.04.26-16.31.25:803][680]LogEditorTransaction: Undo Create Pin Link
[2017.04.26-16.33.46:162][ 47]BlueprintLog: New page: Compile MoveToLocation
[2017.04.26-16.33.47:461][107]Cmd: OBJ SAVEPACKAGE PACKAGE="/Game/FirstPersonBP/Maps/Ruben" FILE="C:/Users/cripe/Desktop/LastBulletVR/LastBullet/Content/FirstPersonBP/Maps/Ruben.umap" SILENT=true AUTOSAVING=false KEEPDIRTY=false
[2017.04.26-16.33.47:745][107]LogSavePackage: Save=251.48ms
[2017.04.26-16.33.47:745][107]LogSavePackage: Moving 'C:/Users/cripe/Desktop/LastBulletVR/LastBullet/Saved/Ruben23AB54EC4721F06BB35089A9AAC377E7.tmp' to 'C:/Users/cripe/Desktop/LastBulletVR/LastBullet/Content/FirstPersonBP/Maps/Ruben.umap'
[2017.04.26-16.33.47:749][107]LogSavePackage:Display: Finished SavePackage C:/Users/cripe/Desktop/LastBulletVR/LastBullet/Content/FirstPersonBP/Maps/Ruben.umap
[2017.04.26-16.33.47:778][107]LogFileHelpers: Saving map 'Ruben' took 0.448
[2017.04.26-16.33.47:780][107]Cmd: OBJ SAVEPACKAGE PACKAGE="/Game/FirstPersonBP/IA/Task/MoveToLocation" FILE="C:/Users/cripe/Desktop/LastBulletVR/LastBullet/Content/FirstPersonBP/IA/Task/MoveToLocation.uasset" SILENT=true
[2017.04.26-16.33.47:797][107]LogSavePackage: Save=9.22ms
[2017.04.26-16.33.47:797][107]LogSavePackage: Moving 'C:/Users/cripe/Desktop/LastBulletVR/LastBullet/Saved/MoveToLocation0A0CB180494402A076D7229E1BEE36E4.tmp' to 'C:/Users/cripe/Desktop/LastBulletVR/LastBullet/Content/FirstPersonBP/IA/Task/MoveToLocation.uasset'
[2017.04.26-16.33.47:800][107]LogSavePackage:Display: Finished SavePackage C:/Users/cripe/Desktop/LastBulletVR/LastBullet/Content/FirstPersonBP/IA/Task/MoveToLocation.uasset
[2017.04.26-16.35.13:254][217]Cmd: OBJ SAVEPACKAGE PACKAGE="/Game/FirstPersonBP/IA/AICharacter" FILE="C:/Users/cripe/Desktop/LastBulletVR/LastBullet/Content/FirstPersonBP/IA/AICharacter.uasset" SILENT=true
[2017.04.26-16.35.13:297][217]LogSavePackage: Save=33.15ms
[2017.04.26-16.35.13:297][217]LogSavePackage: Moving 'C:/Users/cripe/Desktop/LastBulletVR/LastBullet/Saved/AICharacterC4A6CA8C48C532533DF8ACBBC26B4A94.tmp' to 'C:/Users/cripe/Desktop/LastBulletVR/LastBullet/Content/FirstPersonBP/IA/AICharacter.uasset'
[2017.04.26-16.35.13:300][217]LogSavePackage:Display: Finished SavePackage C:/Users/cripe/Desktop/LastBulletVR/LastBullet/Content/FirstPersonBP/IA/AICharacter.uasset
[2017.04.26-16.35.16:918][430]BlueprintLog: New page: Compile AICharacter
[2017.04.26-16.35.16:947][430]LogBlueprint:Error: [Compiler AIControllerVR] Error Default value '' for  Targets  is invalid: 'Array inputs (like 'Targets') must have an input wired into them (try connecting a MakeArray node).'
[2017.04.26-16.39.40:973][869]LogActorComponent: UnregisterComponent: (/Engine/Transient.EditorFloorComp) Not registered. Aborting.
[2017.04.26-16.39.42:013][869]LogObjectTools:Warning: ForceReplaceReferences replaced references for a transient object 'ObjectProperty_461' or package '/Engine/Transient'.
[2017.04.26-16.39.42:013][869]LogObjectTools:Warning: ForceReplaceReferences replaced references for a transient object 'ObjectProperty_460' or package '/Engine/Transient'.
[2017.04.26-16.39.42:013][869]LogObjectTools:Warning: ForceReplaceReferences replaced references for a transient object 'DEADCLASS_Zona_C_0' or package '/Engine/Transient'.
[2017.04.26-16.39.42:013][869]LogObjectTools:Warning: ForceReplaceReferences replaced references for a transient object 'SimpleConstructionScript_0' or package '/Engine/Transient'.
[2017.04.26-16.39.42:013][869]LogObjectTools:Warning: ForceReplaceReferences replaced references for a transient object 'DefaultSceneRoot_GEN_VARIABLE' or package '/Engine/Transient'.
[2017.04.26-16.39.42:013][869]LogObjectTools:Warning: ForceReplaceReferences replaced references for a transient object 'DEADCLASS_Zona_C_1' or package '/Engine/Transient'.
[2017.04.26-16.39.42:013][869]LogObjectTools:Warning: ForceReplaceReferences replaced references for a transient object 'm_targetsDisponible' or package '/Engine/Transient'.
[2017.04.26-16.39.42:013][869]LogObjectTools:Warning: ForceReplaceReferences replaced references for a transient object 'm_targets' or package '/Engine/Transient'.
[2017.04.26-16.39.42:013][869]LogObjectTools:Warning: ForceReplaceReferences replaced references for a transient object 'DefaultSceneRoot' or package '/Engine/Transient'.
[2017.04.26-16.39.42:013][869]LogObjectTools:Warning: ForceReplaceReferences replaced references for a transient object 'UserConstructionScript' or package '/Engine/Transient'.
[2017.04.26-16.39.42:013][869]LogObjectTools:Warning: ForceReplaceReferences replaced references for a transient object 'deleteTargetDisponible' or package '/Engine/Transient'.
[2017.04.26-16.39.42:013][869]LogObjectTools:Warning: ForceReplaceReferences replaced references for a transient object 'setTargets' or package '/Engine/Transient'.
[2017.04.26-16.39.42:013][869]LogObjectTools:Warning: ForceReplaceReferences replaced references for a transient object 'getTargetsDisponibles' or package '/Engine/Transient'.
[2017.04.26-16.39.42:013][869]LogObjectTools:Warning: ForceReplaceReferences replaced references for a transient object 'resetTargets' or package '/Engine/Transient'.
[2017.04.26-16.39.42:013][869]LogObjectTools:Warning: ForceReplaceReferences replaced references for a transient object 'zone' or package '/Game/FirstPersonBP/IA/AICharacter'.
[2017.04.26-16.39.42:013][869]LogObjectTools:Warning: ForceReplaceReferences replaced references for a transient object 'miZona' or package '/Game/FirstPersonBP/IA/AICharacter'.
[2017.04.26-16.39.42:013][869]LogObjectTools:Warning: ForceReplaceReferences replaced references for a transient object 'miZona' or package '/Engine/Transient'.
[2017.04.26-16.39.42:013][869]LogObjectTools:Warning: ForceReplaceReferences replaced references for a transient object 'zone' or package '/Engine/Transient'.
[2017.04.26-16.39.42:013][869]LogObjectTools:Warning: ForceReplaceReferences replaced references for a transient object 'miZona' or package '/Engine/Transient'.
[2017.04.26-16.39.42:013][869]LogObjectTools:Warning: ForceReplaceReferences replaced references for a transient object 'zone' or package '/Engine/Transient'.
[2017.04.26-16.39.42:013][869]LogObjectTools:Warning: ForceReplaceReferences replaced references for a transient object 'REINST_SKEL_Zona_C_167' or package '/Engine/Transient'.
[2017.04.26-16.39.42:014][869]LogObjectTools:Warning: ForceReplaceReferences replaced references for a transient object 'REINST_Zona_C_166' or package '/Engine/Transient'.
[2017.04.26-16.41.01:929][534]LogWindows: Windows GetLastError: La operación se completó correctamente. (0)
